Measurement 1/3 complete in 5 second(s).
linux; GNU C++ version 5.4.0 20160609; Boost_105800; UHD_003.009.005-45-g6768a615

linux; GNU C++ version 5.4.0 20160609; Boost_105800; UHD_003.009.005-45-g6768a615

Using Volk machine: avx_64_mmx
-- Opening a USRP2/N-Series device...
Using Volk machine: avx_64_mmx
-- Opening a USRP2/N-Series device...
-- Current recv frame size: 1472 bytes
-- Current send frame size: 1472 bytes
-- Current recv frame size: 1472 bytes
-- Current send frame size: 1472 bytes
Measurement 1/3 complete in 4 second(s).
the 100th message counter is activated.
the 100th message counter is activated.
Measurement 1/3 complete in 3 second(s).
node starts running at 71.5387
node starts running at 71.5544
++++ frame_probe ID: 850 receives a frame at time 71.5806s ++++
INFO: Detected an invalid packet at item 0
INFO: Parser returned #f
++++ frame_probe ID: 860 receives a frame at time 71.6216s ++++
++++ frame_probe ID: 1010 receives a frame at time 71.6301s ++++
++++ frame_probe ID: 890 receives a frame at time 71.655s ++++
the 100th message counter  has been visited 1 times  
++++ frame_probe ID: 850 receives a frame at time 71.7295s ++++
INFO: Detected an invalid packet at item 96
INFO: Parser returned #f
++++ frame_probe ID: 860 receives a frame at time 71.7702s ++++
++++ frame_probe ID: 1010 receives a frame at time 71.7735s ++++
++++ frame_probe ID: 890 receives a frame at time 71.7993s ++++
the 100th message counter  has been visited 2 times  
++++ frame_probe ID: 850 receives a frame at time 71.9057s ++++
INFO: Detected an invalid packet at item 192
INFO: Parser returned #f
++++ frame_probe ID: 860 receives a frame at time 71.9466s ++++
++++ frame_probe ID: 1010 receives a frame at time 71.9559s ++++
++++ frame_probe ID: 890 receives a frame at time 71.9817s ++++
the 100th message counter  has been visited 3 times  
++++ frame_probe ID: 850 receives a frame at time 72.0811s ++++
INFO: Detected an invalid packet at item 288
INFO: Parser returned #f
Measurement 1/3 complete in 2 second(s).
++++ frame_probe ID: 860 receives a frame at time 72.1218s ++++
++++ frame_probe ID: 1010 receives a frame at time 72.1292s ++++
++++ frame_probe ID: 890 receives a frame at time 72.1541s ++++
the 100th message counter  has been visited 4 times  
++++ frame_probe ID: 850 receives a frame at time 72.3711s ++++
INFO: Detected an invalid packet at item 384
INFO: Parser returned #f
++++ frame_probe ID: 860 receives a frame at time 72.4118s ++++
++++ frame_probe ID: 1010 receives a frame at time 72.4169s ++++
++++ frame_probe ID: 890 receives a frame at time 72.4427s ++++
the 100th message counter  has been visited 5 times  
++++ frame_probe ID: 850 receives a frame at time 72.519s ++++
INFO: Detected an invalid packet at item 480
INFO: Parser returned #f
++++ frame_probe ID: 860 receives a frame at time 72.56s ++++
++++ frame_probe ID: 1010 receives a frame at time 72.5713s ++++
++++ frame_probe ID: 890 receives a frame at time 72.5952s ++++
the 100th message counter  has been visited 6 times  
++++ frame_probe ID: 850 receives a frame at time 72.6897s ++++
INFO: Detected an invalid packet at item 576
INFO: Parser returned #f
++++ frame_probe ID: 860 receives a frame at time 72.7305s ++++
++++ frame_probe ID: 1010 receives a frame at time 72.7337s ++++
++++ frame_probe ID: 890 receives a frame at time 72.7579s ++++
the 100th message counter  has been visited 7 times  
++++ frame_probe ID: 850 receives a frame at time 72.8324s ++++
INFO: Detected an invalid packet at item 672
INFO: Parser returned #f
++++ frame_probe ID: 860 receives a frame at time 72.8731s ++++
++++ frame_probe ID: 1010 receives a frame at time 72.8779s ++++
++++ frame_probe ID: 890 receives a frame at time 72.9019s ++++
the 100th message counter  has been visited 8 times  
++++ frame_probe ID: 850 receives a frame at time 72.9983s ++++
INFO: Detected an invalid packet at item 768
INFO: Parser returned #f
++++ frame_probe ID: 860 receives a frame at time 73.039s ++++
++++ frame_probe ID: 1010 receives a frame at time 73.0503s ++++
++++ frame_probe ID: 890 receives a frame at time 73.0752s ++++
Measurement 1/3 complete in 1 second(s).
the 100th message counter  has been visited 9 times  
++++ frame_probe ID: 850 receives a frame at time 73.1707s ++++
INFO: Detected an invalid packet at item 864
INFO: Parser returned #f
++++ frame_probe ID: 860 receives a frame at time 73.2114s ++++
++++ frame_probe ID: 1010 receives a frame at time 73.2137s ++++
++++ frame_probe ID: 890 receives a frame at time 73.2377s ++++
the 100th message counter  has been visited 10 times  
++++ frame_probe ID: 850 receives a frame at time 73.314s ++++
INFO: Detected an invalid packet at item 960
INFO: Parser returned #f
++++ frame_probe ID: 860 receives a frame at time 73.3547s ++++
++++ frame_probe ID: 1010 receives a frame at time 73.358s ++++
++++ frame_probe ID: 890 receives a frame at time 73.3821s ++++
the 100th message counter  has been visited 11 times  
++++ frame_probe ID: 850 receives a frame at time 73.4676s ++++
INFO: Detected an invalid packet at item 1056
INFO: Parser returned #f
++++ frame_probe ID: 860 receives a frame at time 73.5085s ++++
++++ frame_probe ID: 1010 receives a frame at time 73.5114s ++++
++++ frame_probe ID: 890 receives a frame at time 73.5355s ++++
the 100th message counter  has been visited 12 times  
++++ frame_probe ID: 850 receives a frame at time 73.6509s ++++
INFO: Detected an invalid packet at item 1152
INFO: Parser returned #f
++++ frame_probe ID: 860 receives a frame at time 73.6915s ++++
++++ frame_probe ID: 1010 receives a frame at time 73.7037s ++++
++++ frame_probe ID: 890 receives a frame at time 73.7278s ++++
the 100th message counter  has been visited 13 times  
++++ frame_probe ID: 850 receives a frame at time 73.7961s ++++
INFO: Detected an invalid packet at item 1248
INFO: Parser returned #f
++++ frame_probe ID: 860 receives a frame at time 73.837s ++++
++++ frame_probe ID: 1010 receives a frame at time 73.8471s ++++
++++ frame_probe ID: 890 receives a frame at time 73.872s ++++
the 100th message counter  has been visited 14 times  
++++ frame_probe ID: 850 receives a frame at time 73.9714s ++++
INFO: Detected an invalid packet at item 1344
INFO: Parser returned #f
++++ frame_probe ID: 860 receives a frame at time 74.012s ++++
++++ frame_probe ID: 1010 receives a frame at time 74.0205s ++++
++++ frame_probe ID: 890 receives a frame at time 74.0444s ++++
Measurement 1 raw data directory created /home/inets/0_ba/bachelor_thesis/measurements/debug/data/28/1/.
'/home/inets/source/gr-inets/results/receiver_data_received.txt' -> '/home/inets/0_ba/bachelor_thesis/measurements/debug/data/28/1/receiver_data_received.txt'
'/home/inets/source/gr-inets/results/sender_ack_received.txt' -> '/home/inets/0_ba/bachelor_thesis/measurements/debug/data/28/1/sender_ack_received.txt'
'/home/inets/source/gr-inets/results/sender_bfr_dq.txt' -> '/home/inets/0_ba/bachelor_thesis/measurements/debug/data/28/1/sender_bfr_dq.txt'
'/home/inets/source/gr-inets/results/sender_data_sent.txt' -> '/home/inets/0_ba/bachelor_thesis/measurements/debug/data/28/1/sender_data_sent.txt'
Measurement 1 raw data moved to /home/inets/0_ba/bachelor_thesis/measurements/debug/data/28/1/.

Measurement 2/3 complete in 5 second(s).
linux; GNU C++ version 5.4.0 20160609; Boost_105800; UHD_003.009.005-45-g6768a615
linux; GNU C++ version 5.4.0 20160609; Boost_105800; UHD_003.009.005-45-g6768a615


Using Volk machine: avx_64_mmx
-- Opening a USRP2/N-Series device...
Using Volk machine: avx_64_mmx
-- Opening a USRP2/N-Series device...
-- Current recv frame size: 1472 bytes
-- Current send frame size: 1472 bytes
-- Current recv frame size: 1472 bytes
-- Current send frame size: 1472 bytes
Measurement 2/3 complete in 4 second(s).
the 100th message counter is activated.
the 100th message counter is activated.
Measurement 2/3 complete in 3 second(s).
node starts running at 76.5579
node starts running at 76.5581
++++ frame_probe ID: 850 receives a frame at time 76.7246s ++++
INFO: Detected an invalid packet at item 0
INFO: Parser returned #f
++++ frame_probe ID: 860 receives a frame at time 76.7654s ++++
++++ frame_probe ID: 850 receives a frame at time 76.9004s ++++
INFO: Detected an invalid packet at item 64
INFO: Parser returned #f
++++ frame_probe ID: 860 receives a frame at time 76.941s ++++
++++ frame_probe ID: 850 receives a frame at time 77.0758s ++++
INFO: Detected an invalid packet at item 128
INFO: Parser returned #f
++++ frame_probe ID: 860 receives a frame at time 77.1166s ++++
Measurement 2/3 complete in 2 second(s).
++++ frame_probe ID: 1010 receives a frame at time 77.1215s ++++
++++ frame_probe ID: 890 receives a frame at time 77.1403s ++++
the 100th message counter  has been visited 1 times  
++++ frame_probe ID: 850 receives a frame at time 77.2086s ++++
INFO: Detected an invalid packet at item 224
INFO: Parser returned #f
++++ frame_probe ID: 860 receives a frame at time 77.2494s ++++
++++ frame_probe ID: 1010 receives a frame at time 77.2555s ++++
++++ frame_probe ID: 890 receives a frame at time 77.2744s ++++
the 100th message counter  has been visited 2 times  
++++ frame_probe ID: 850 receives a frame at time 77.3709s ++++
INFO: Detected an invalid packet at item 320
INFO: Parser returned #f
++++ frame_probe ID: 860 receives a frame at time 77.4116s ++++
++++ frame_probe ID: 1010 receives a frame at time 77.4189s ++++
++++ frame_probe ID: 890 receives a frame at time 77.4377s ++++
the 100th message counter  has been visited 3 times  
++++ frame_probe ID: 850 receives a frame at time 77.5341s ++++
INFO: Detected an invalid packet at item 416
INFO: Parser returned #f
++++ frame_probe ID: 860 receives a frame at time 77.5747s ++++
++++ frame_probe ID: 850 receives a frame at time 77.7095s ++++
INFO: Detected an invalid packet at item 480
INFO: Parser returned #f
++++ frame_probe ID: 860 receives a frame at time 77.7501s ++++
++++ frame_probe ID: 1010 receives a frame at time 77.7549s ++++
++++ frame_probe ID: 890 receives a frame at time 77.7736s ++++
the 100th message counter  has been visited 4 times  
++++ frame_probe ID: 850 receives a frame at time 77.8782s ++++
INFO: Detected an invalid packet at item 576
INFO: Parser returned #f
++++ frame_probe ID: 860 receives a frame at time 77.9189s ++++
++++ frame_probe ID: 850 receives a frame at time 78.0538s ++++
INFO: Detected an invalid packet at item 640
INFO: Parser returned #f
++++ frame_probe ID: 860 receives a frame at time 78.0945s ++++
++++ frame_probe ID: 1010 receives a frame at time 78.1004s ++++
++++ frame_probe ID: 890 receives a frame at time 78.1193s ++++
Measurement 2/3 complete in 1 second(s).
the 100th message counter  has been visited 5 times  
++++ frame_probe ID: 850 receives a frame at time 78.1977s ++++
INFO: Detected an invalid packet at item 736
INFO: Parser returned #f
++++ frame_probe ID: 860 receives a frame at time 78.2384s ++++
++++ frame_probe ID: 1010 receives a frame at time 78.2438s ++++
++++ frame_probe ID: 890 receives a frame at time 78.2635s ++++
the 100th message counter  has been visited 6 times  
++++ frame_probe ID: 850 receives a frame at time 78.3729s ++++
INFO: Detected an invalid packet at item 832
INFO: Parser returned #f
++++ frame_probe ID: 860 receives a frame at time 78.4136s ++++
++++ frame_probe ID: 850 receives a frame at time 78.5484s ++++
INFO: Detected an invalid packet at item 896
INFO: Parser returned #f
++++ frame_probe ID: 860 receives a frame at time 78.5891s ++++
++++ frame_probe ID: 1010 receives a frame at time 78.5995s ++++
++++ frame_probe ID: 890 receives a frame at time 78.6185s ++++
the 100th message counter  has been visited 7 times  
++++ frame_probe ID: 850 receives a frame at time 78.699s ++++
INFO: Detected an invalid packet at item 992
INFO: Parser returned #f
++++ frame_probe ID: 860 receives a frame at time 78.7396s ++++
++++ frame_probe ID: 850 receives a frame at time 78.8752s ++++
INFO: Detected an invalid packet at item 1056
INFO: Parser returned #f
++++ frame_probe ID: 860 receives a frame at time 78.9158s ++++
++++ frame_probe ID: 850 receives a frame at time 79.0509s ++++
INFO: Detected an invalid packet at item 1120
INFO: Parser returned #f
++++ frame_probe ID: 860 receives a frame at time 79.0916s ++++
++++ frame_probe ID: 1010 receives a frame at time 79.0986s ++++
++++ frame_probe ID: 890 receives a frame at time 79.1175s ++++
Measurement 2 raw data directory created /home/inets/0_ba/bachelor_thesis/measurements/debug/data/28/2/.
'/home/inets/source/gr-inets/results/receiver_data_received.txt' -> '/home/inets/0_ba/bachelor_thesis/measurements/debug/data/28/2/receiver_data_received.txt'
'/home/inets/source/gr-inets/results/sender_ack_received.txt' -> '/home/inets/0_ba/bachelor_thesis/measurements/debug/data/28/2/sender_ack_received.txt'
'/home/inets/source/gr-inets/results/sender_bfr_dq.txt' -> '/home/inets/0_ba/bachelor_thesis/measurements/debug/data/28/2/sender_bfr_dq.txt'
'/home/inets/source/gr-inets/results/sender_data_sent.txt' -> '/home/inets/0_ba/bachelor_thesis/measurements/debug/data/28/2/sender_data_sent.txt'
Measurement 2 raw data moved to /home/inets/0_ba/bachelor_thesis/measurements/debug/data/28/2/.

Measurement 3/3 complete in 5 second(s).
linux; GNU C++ version 5.4.0 20160609; Boost_105800; UHD_003.009.005-45-g6768a615
linux; GNU C++ version 5.4.0 20160609; Boost_105800; UHD_003.009.005-45-g6768a615


Using Volk machine: avx_64_mmx
-- Opening a USRP2/N-Series device...
Using Volk machine: avx_64_mmx
-- Opening a USRP2/N-Series device...
-- Current recv frame size: 1472 bytes
-- Current send frame size: 1472 bytes
-- Current recv frame size: 1472 bytes
-- Current send frame size: 1472 bytes
Measurement 3/3 complete in 4 second(s).
the 100th message counter is activated.
the 100th message counter is activated.
Measurement 3/3 complete in 3 second(s).
node starts running at 81.5497
node starts running at 81.55
++++ frame_probe ID: 850 receives a frame at time 81.6344s ++++
INFO: Detected an invalid packet at item 0
INFO: Parser returned #f
++++ frame_probe ID: 860 receives a frame at time 81.6753s ++++
++++ frame_probe ID: 1010 receives a frame at time 81.6794s ++++
++++ frame_probe ID: 890 receives a frame at time 81.7004s ++++
the 100th message counter  has been visited 1 times  
++++ frame_probe ID: 850 receives a frame at time 81.7989s ++++
INFO: Detected an invalid packet at item 96
INFO: Parser returned #f
++++ frame_probe ID: 860 receives a frame at time 81.8395s ++++
++++ frame_probe ID: 1010 receives a frame at time 81.8427s ++++
++++ frame_probe ID: 890 receives a frame at time 81.8638s ++++
the 100th message counter  has been visited 2 times  
++++ frame_probe ID: 850 receives a frame at time 81.9402s ++++
INFO: Detected an invalid packet at item 192
INFO: Parser returned #f
++++ frame_probe ID: 860 receives a frame at time 81.9809s ++++
++++ frame_probe ID: 1010 receives a frame at time 81.987s ++++
++++ frame_probe ID: 890 receives a frame at time 82.0081s ++++
the 100th message counter  has been visited 3 times  
++++ frame_probe ID: 850 receives a frame at time 82.0765s ++++
INFO: Detected an invalid packet at item 288
INFO: Parser returned #f
++++ frame_probe ID: 860 receives a frame at time 82.1171s ++++
++++ frame_probe ID: 1010 receives a frame at time 82.1213s ++++
Measurement 3/3 complete in 2 second(s).
++++ frame_probe ID: 890 receives a frame at time 82.1424s ++++
the 100th message counter  has been visited 4 times  
++++ frame_probe ID: 850 receives a frame at time 82.227s ++++
INFO: Detected an invalid packet at item 384
INFO: Parser returned #f
++++ frame_probe ID: 860 receives a frame at time 82.2677s ++++
++++ frame_probe ID: 1010 receives a frame at time 82.2747s ++++
++++ frame_probe ID: 890 receives a frame at time 82.2958s ++++
the 100th message counter  has been visited 5 times  
++++ frame_probe ID: 850 receives a frame at time 82.4122s ++++
INFO: Detected an invalid packet at item 480
INFO: Parser returned #f
++++ frame_probe ID: 860 receives a frame at time 82.453s ++++
++++ frame_probe ID: 1010 receives a frame at time 82.4571s ++++
++++ frame_probe ID: 890 receives a frame at time 82.4782s ++++
the 100th message counter  has been visited 6 times  
++++ frame_probe ID: 850 receives a frame at time 82.5816s ++++
INFO: Detected an invalid packet at item 576
INFO: Parser returned #f
++++ frame_probe ID: 860 receives a frame at time 82.6223s ++++
++++ frame_probe ID: 1010 receives a frame at time 82.6295s ++++
++++ frame_probe ID: 890 receives a frame at time 82.6507s ++++
the 100th message counter  has been visited 7 times  
++++ frame_probe ID: 850 receives a frame at time 82.746s ++++
INFO: Detected an invalid packet at item 672
INFO: Parser returned #f
++++ frame_probe ID: 860 receives a frame at time 82.7867s ++++
++++ frame_probe ID: 1010 receives a frame at time 82.7928s ++++
++++ frame_probe ID: 890 receives a frame at time 82.814s ++++
the 100th message counter  has been visited 8 times  
++++ frame_probe ID: 850 receives a frame at time 82.9135s ++++
INFO: Detected an invalid packet at item 768
INFO: Parser returned #f
++++ frame_probe ID: 860 receives a frame at time 82.9542s ++++
++++ frame_probe ID: 1010 receives a frame at time 82.9653s ++++
++++ frame_probe ID: 890 receives a frame at time 82.9873s ++++
the 100th message counter  has been visited 9 times  
++++ frame_probe ID: 850 receives a frame at time 83.0717s ++++
INFO: Detected an invalid packet at item 864
INFO: Parser returned #f
++++ frame_probe ID: 860 receives a frame at time 83.1124s ++++
++++ frame_probe ID: 1010 receives a frame at time 83.1187s ++++
Measurement 3/3 complete in 1 second(s).
++++ frame_probe ID: 890 receives a frame at time 83.1406s ++++
the 100th message counter  has been visited 10 times  
++++ frame_probe ID: 850 receives a frame at time 83.2511s ++++
INFO: Detected an invalid packet at item 960
INFO: Parser returned #f
++++ frame_probe ID: 860 receives a frame at time 83.2917s ++++
++++ frame_probe ID: 1010 receives a frame at time 83.3011s ++++
++++ frame_probe ID: 890 receives a frame at time 83.3231s ++++
the 100th message counter  has been visited 11 times  
++++ frame_probe ID: 850 receives a frame at time 83.4026s ++++
INFO: Detected an invalid packet at item 1056
INFO: Parser returned #f
++++ frame_probe ID: 860 receives a frame at time 83.4432s ++++
++++ frame_probe ID: 1010 receives a frame at time 83.4553s ++++
++++ frame_probe ID: 890 receives a frame at time 83.4764s ++++
the 100th message counter  has been visited 12 times  
++++ frame_probe ID: 850 receives a frame at time 83.5648s ++++
INFO: Detected an invalid packet at item 1152
INFO: Parser returned #f
++++ frame_probe ID: 860 receives a frame at time 83.6054s ++++
++++ frame_probe ID: 1010 receives a frame at time 83.6087s ++++
++++ frame_probe ID: 890 receives a frame at time 83.6298s ++++
the 100th message counter  has been visited 13 times  
++++ frame_probe ID: 850 receives a frame at time 83.7182s ++++
INFO: Detected an invalid packet at item 1248
INFO: Parser returned #f
++++ frame_probe ID: 860 receives a frame at time 83.7591s ++++
++++ frame_probe ID: 1010 receives a frame at time 83.7621s ++++
++++ frame_probe ID: 890 receives a frame at time 83.7841s ++++
the 100th message counter  has been visited 14 times  
++++ frame_probe ID: 850 receives a frame at time 83.8755s ++++
INFO: Detected an invalid packet at item 1344
INFO: Parser returned #f
++++ frame_probe ID: 860 receives a frame at time 83.9163s ++++
++++ frame_probe ID: 1010 receives a frame at time 83.9254s ++++
++++ frame_probe ID: 890 receives a frame at time 83.9465s ++++
the 100th message counter  has been visited 15 times  
++++ frame_probe ID: 850 receives a frame at time 84.0439s ++++
INFO: Detected an invalid packet at item 1440
INFO: Parser returned #f
++++ frame_probe ID: 860 receives a frame at time 84.0846s ++++
++++ frame_probe ID: 1010 receives a frame at time 84.0888s ++++
++++ frame_probe ID: 890 receives a frame at time 84.1099s ++++
Measurement 3 raw data directory created /home/inets/0_ba/bachelor_thesis/measurements/debug/data/28/3/.
'/home/inets/source/gr-inets/results/receiver_data_received.txt' -> '/home/inets/0_ba/bachelor_thesis/measurements/debug/data/28/3/receiver_data_received.txt'
'/home/inets/source/gr-inets/results/sender_ack_received.txt' -> '/home/inets/0_ba/bachelor_thesis/measurements/debug/data/28/3/sender_ack_received.txt'
'/home/inets/source/gr-inets/results/sender_bfr_dq.txt' -> '/home/inets/0_ba/bachelor_thesis/measurements/debug/data/28/3/sender_bfr_dq.txt'
'/home/inets/source/gr-inets/results/sender_data_sent.txt' -> '/home/inets/0_ba/bachelor_thesis/measurements/debug/data/28/3/sender_data_sent.txt'
Measurement 3 raw data moved to /home/inets/0_ba/bachelor_thesis/measurements/debug/data/28/3/.

Now processing results...
Plotting Python should be: python3 (UBUNTU).
Hello from retransmissions.py!
Hello from variables.py!
0
1
2
3
0
1
2
3
0
1
2
3
5.0
5.0
0.0

+--------------------------------------------------------------+
| Plotting completed. Until the next measurement session then! |
+--------------------------------------------------------------+
