measurement 1/5 complete in 300 second(s).
linux; GNU C++ version 5.4.0 20160609; Boost_105800; UHD_003.009.005-45-g6768a615
linux; GNU C++ version 5.4.0 20160609; Boost_105800; UHD_003.009.005-45-g6768a615


Using Volk machine: avx_64_mmx
-- Opening a USRP2/N-Series device...
Using Volk machine: avx_64_mmx
-- Opening a USRP2/N-Series device...
-- Current recv frame size: 1472 bytes
-- Current send frame size: 1472 bytes
-- Current recv frame size: 1472 bytes
-- Current send frame size: 1472 bytes
measurement 1/5 complete in 299 second(s).
develop mode of resend_check ID: 24 is activated.
develop mode of resend_check ID: 24 is activated.
the 880th message counter is activated.
the 100th message counter is activated.
the 100th message counter is activated.
measurement 1/5 complete in 298 second(s).
node starts running at 48.7214
node starts running at 48.7253
++++ frame_probe ID: 1050 receives a frame at time 48.8231s ++++
++++ frame_probe ID: 1060 receives a frame at time 48.8648s ++++
++++ frame_probe ID: 882 receives a frame at time 48.8728s ++++
++++ frame_probe ID: 883 receives a frame at time 48.8728s ++++
++++ frame_probe ID: 884 receives a frame at time 48.8729s ++++
++++ frame_probe ID: 890 receives a frame at time 48.8729s ++++
++++ frame_probe ID: 860 receives a frame at time 48.8812s ++++
INFO: Detected an invalid packet at item 32
INFO: Parser returned #f
++++ frame_probe ID: 1082 receives a frame at time 48.8885s ++++
++++ frame_probe ID: 1083 receives a frame at time 48.8885s ++++
++++ frame_probe ID: 1084 receives a frame at time 48.8885s ++++
counter ID 880 results at time ++++ frame_probe ID: 1090 receives a frame at time 7748.89 is 0
48.8886s ++++
++++ frame_probe ID: 882 receives a frame at time 48.8919s ++++
the 100th message counter node3_acked has been visited 1 times  
++++ frame_probe ID: 1050 receives a frame at time 48.9912s ++++
++++ frame_probe ID: 1060 receives a frame at time 49.0322s ++++
++++ frame_probe ID: 882 receives a frame at time 49.036s ++++
++++ frame_probe ID: 883 receives a frame at time 49.0361s ++++
++++ frame_probe ID: 884 receives a frame at time 49.0361s ++++
++++ frame_probe ID: 890 receives a frame at time 49.0361s ++++
++++ frame_probe ID: 860 receives a frame at time 49.0443s ++++
INFO: Detected an invalid packet at item 128
INFO: Parser returned #f
++++ frame_probe ID: 1082 receives a frame at time 49.0517s ++++
++++ frame_probe ID: 1083 receives a frame at time 49.0517s ++++
++++ frame_probe ID: 1084 receives a frame at time 49.0518s ++++
counter ID 880 results at time ++++ frame_probe ID: 10907749.05 receives a frame at time  is 0
49.0518s ++++
++++ frame_probe ID: 882 receives a frame at time 49.0553s ++++
the 100th message counter node3_acked has been visited 2 times  
++++ frame_probe ID: 1050 receives a frame at time 49.3011s ++++
measurement 1/5 complete in 297 second(s).
++++ frame_probe ID: 1060 receives a frame at time 49.3421s ++++
++++ frame_probe ID: 882 receives a frame at time 49.3525s ++++
++++ frame_probe ID: 883 receives a frame at time 49.3525s ++++
++++ frame_probe ID: 884 receives a frame at time 49.3526s ++++
++++ frame_probe ID: 890 receives a frame at time 49.3526s ++++
++++ frame_probe ID: 860 receives a frame at time 49.3609s ++++
INFO: Detected an invalid packet at item 224
INFO: Parser returned #f
++++ frame_probe ID: 1082 receives a frame at time 49.3684s ++++
++++ frame_probe ID: 1083 receives a frame at time 49.3684s ++++
++++ frame_probe ID: 1084 receives a frame at time 49.3685s ++++
counter ID 880 results at time 7749.37 is 0
++++ frame_probe ID: 1090 receives a frame at time 49.3685s ++++
++++ frame_probe ID: 882 receives a frame at time 49.3719s ++++
the 100th message counter node3_acked has been visited 3 times  
++++ frame_probe ID: 1050 receives a frame at time 49.6862s ++++
++++ frame_probe ID: 1060 receives a frame at time 49.7272s ++++
++++ frame_probe ID: 882 receives a frame at time 49.7365s ++++
++++ frame_probe ID: 883 receives a frame at time 49.7365s ++++
++++ frame_probe ID: 884 receives a frame at time 49.7366s ++++
++++ frame_probe ID: 890 receives a frame at time 49.7367s ++++
++++ frame_probe ID: 860 receives a frame at time 49.7449s ++++
INFO: Detected an invalid packet at item 320
INFO: Parser returned #f
++++ frame_probe ID: 1082 receives a frame at time 49.7524s ++++
++++ frame_probe ID: 1083 receives a frame at time 49.7525s ++++
++++ frame_probe ID: 1084 receives a frame at time 49.7525s ++++
counter ID 880 results at time ++++ frame_probe ID: 1090 receives a frame at time 7749.75 is 0
49.7526s ++++
++++ frame_probe ID: 882 receives a frame at time 49.7559s ++++
the 100th message counter node3_acked has been visited 4 times  
++++ frame_probe ID: 1050 receives a frame at time 49.8509s ++++
++++ frame_probe ID: 1060 receives a frame at time 49.8918s ++++
++++ frame_probe ID: 882 receives a frame at time 49.8999s ++++
++++ frame_probe ID: 883 receives a frame at time 49.9s ++++
++++ frame_probe ID: 884 receives a frame at time 49.9s ++++
++++ frame_probe ID: 890 receives a frame at time 49.9001s ++++
++++ frame_probe ID: 860 receives a frame at time 49.9083s ++++
INFO: Detected an invalid packet at item 416
INFO: Parser returned #f
++++ frame_probe ID: 1082 receives a frame at time 49.9158s ++++
++++ frame_probe ID: 1083 receives a frame at time 49.9159s ++++
++++ frame_probe ID: 1084 receives a frame at time 49.9159s ++++
counter ID 880 results at time 7749.92 is 0
++++ frame_probe ID: 1090 receives a frame at time 49.916s ++++
++++ frame_probe ID: 882 receives a frame at time 49.9192s ++++
the 100th message counter node3_acked has been visited 5 times  
++++ frame_probe ID: 1050 receives a frame at time 49.9974s ++++
++++ frame_probe ID: 1060 receives a frame at time 50.0382s ++++
++++ frame_probe ID: 882 receives a frame at time 50.0432s ++++
++++ frame_probe ID: 883 receives a frame at time 50.0433s ++++
++++ frame_probe ID: 884 receives a frame at time 50.0434s ++++
++++ frame_probe ID: 890 receives a frame at time 50.0434s ++++
++++ frame_probe ID: 860 receives a frame at time 50.0517s ++++
INFO: Detected an invalid packet at item 512
INFO: Parser returned #f
++++ frame_probe ID: 1082 receives a frame at time 50.059s ++++
++++ frame_probe ID: 1083 receives a frame at time ++++ frame_probe ID: 50.05911084 receives a frame at time s ++++
50.0591s ++++
counter ID 880 results at time ++++ frame_probe ID: 1090 receives a frame at time 50.05917750.06s ++++ is 
0
++++ frame_probe ID: 882 receives a frame at time 50.0626s ++++
the 100th message counter node3_acked has been visited 6 times  
++++ frame_probe ID: 1050 receives a frame at time 50.1415s ++++
++++ frame_probe ID: 1060 receives a frame at time 50.1822s ++++
++++ frame_probe ID: 882 receives a frame at time 50.1874s ++++
++++ frame_probe ID: 883 receives a frame at time 50.1875s ++++
++++ frame_probe ID: 884 receives a frame at time 50.1875s ++++
++++ frame_probe ID: 890 receives a frame at time 50.1876s ++++
++++ frame_probe ID: 860 receives a frame at time 50.1958s ++++
INFO: Detected an invalid packet at item 608
INFO: Parser returned #f
++++ frame_probe ID: 1082 receives a frame at time 50.2032s ++++
++++ frame_probe ID: 1083 receives a frame at time 50.2032s ++++
++++ frame_probe ID: 1084 receives a frame at time 50.2033s ++++
counter ID 880 results at time ++++ frame_probe ID: 1090 receives a frame at time 7750.2 is 50.20330s ++++

++++ frame_probe ID: 882 receives a frame at time 50.2068s ++++
the 100th message counter node3_acked has been visited 7 times  
++++ frame_probe ID: 1050 receives a frame at time 50.3157s ++++
measurement 1/5 complete in 296 second(s).
++++ frame_probe ID: 1060 receives a frame at time 50.3566s ++++
++++ frame_probe ID: 882 receives a frame at time 50.36s ++++
++++ frame_probe ID: 883 receives a frame at time 50.36s ++++
++++ frame_probe ID: 884 receives a frame at time 50.3601s ++++
++++ frame_probe ID: 890 receives a frame at time 50.3601s ++++
++++ frame_probe ID: 860 receives a frame at time 50.3683s ++++
INFO: Detected an invalid packet at item 704
INFO: Parser returned #f
++++ frame_probe ID: 1082 receives a frame at time 50.3765s ++++
++++ frame_probe ID: 1083 receives a frame at time 50.3766s ++++
++++ frame_probe ID: 1084 receives a frame at time 50.3766s ++++
counter ID 880 results at time 7750.38 is 0
++++ frame_probe ID: 1090 receives a frame at time 50.3766s ++++
++++ frame_probe ID: 882 receives a frame at time 50.3791s ++++
the 100th message counter node3_acked has been visited 8 times  
++++ frame_probe ID: 1050 receives a frame at time 50.48s ++++
++++ frame_probe ID: 1060 receives a frame at time 50.5209s ++++
++++ frame_probe ID: 882 receives a frame at time 50.5333s ++++
++++ frame_probe ID: 883 receives a frame at time 50.5333s ++++
++++ frame_probe ID: 884 receives a frame at time 50.5333s ++++
++++ frame_probe ID: 890 receives a frame at time 50.5334s ++++
++++ frame_probe ID: 860 receives a frame at time 50.5414s ++++
INFO: Detected an invalid packet at item 800
INFO: Parser returned #f
++++ frame_probe ID: 1082 receives a frame at time 50.5489s ++++
++++ frame_probe ID: 1083 receives a frame at time 50.5489s ++++
++++ frame_probe ID: 1084 receives a frame at time 50.5489s ++++
counter ID 880 results at time ++++ frame_probe ID: 1090 receives a frame at time 7750.55 is 50.5490s ++++

++++ frame_probe ID: 882 receives a frame at time 50.5525s ++++
the 100th message counter node3_acked has been visited 9 times  
++++ frame_probe ID: 1050 receives a frame at time 50.6503s ++++
++++ frame_probe ID: 1060 receives a frame at time 50.691s ++++
++++ frame_probe ID: 882 receives a frame at time 50.6956s ++++
++++ frame_probe ID: 883 receives a frame at time 50.6956s ++++
++++ frame_probe ID: 884 receives a frame at time 50.6957s ++++
++++ frame_probe ID: 890 receives a frame at time 50.6957s ++++
++++ frame_probe ID: 860 receives a frame at time 50.7038s ++++
INFO: Detected an invalid packet at item 896
INFO: Parser returned #f
++++ frame_probe ID: 1082 receives a frame at time 50.7124s ++++
++++ frame_probe ID: 1083 receives a frame at time 50.7124s ++++
++++ frame_probe ID: 1084 receives a frame at time 50.7124s ++++
counter ID 880 results at time ++++ frame_probe ID: 7750.711090 is  receives a frame at time 0
50.7125s ++++
++++ frame_probe ID: 882 receives a frame at time 50.7157s ++++
the 100th message counter node3_acked has been visited 10 times  
++++ frame_probe ID: 1050 receives a frame at time 50.7839s ++++
++++ frame_probe ID: 1060 receives a frame at time 50.8247s ++++
++++ frame_probe ID: 882 receives a frame at time 50.83s ++++
++++ frame_probe ID: 883 receives a frame at time 50.8301s ++++
++++ frame_probe ID: 884 receives a frame at time 50.8301s ++++
++++ frame_probe ID: 890 receives a frame at time 50.8301s ++++
++++ frame_probe ID: 860 receives a frame at time 50.8383s ++++
INFO: Detected an invalid packet at item 992
INFO: Parser returned #f
++++ frame_probe ID: 1082 receives a frame at time 50.8467s ++++
++++ frame_probe ID: 1083 receives a frame at time 50.8467s ++++
++++ frame_probe ID: 1084 receives a frame at time 50.8468s ++++
counter ID 880 results at time 7750.85 is 0
++++ frame_probe ID: 1090 receives a frame at time 50.8468s ++++
++++ frame_probe ID: 882 receives a frame at time 50.8494s ++++
the 100th message counter node3_acked has been visited 11 times  
++++ frame_probe ID: 1050 receives a frame at time 50.9533s ++++
++++ frame_probe ID: 1060 receives a frame at time 50.9941s ++++
++++ frame_probe ID: 882 receives a frame at time 51.0026s ++++
++++ frame_probe ID: 883 receives a frame at time 51.0026s ++++
++++ frame_probe ID: 884 receives a frame at time 51.0027s ++++
++++ frame_probe ID: 890 receives a frame at time 51.0027s ++++
++++ frame_probe ID: 860 receives a frame at time 51.0109s ++++
INFO: Detected an invalid packet at item 1088
INFO: Parser returned #f
++++ frame_probe ID: 1082 receives a frame at time 51.0191s ++++
++++ frame_probe ID: 1083 receives a frame at time 51.0191s ++++
++++ frame_probe ID: 1084 receives a frame at time 51.0191s ++++
counter ID 880 results at time 7751.02 is 0
++++ frame_probe ID: 1090 receives a frame at time 51.0192s ++++
++++ frame_probe ID: 882 receives a frame at time 51.0226s ++++
the 100th message counter node3_acked has been visited 12 times  
++++ frame_probe ID: 1050 receives a frame at time 51.1036s ++++
++++ frame_probe ID: 1060 receives a frame at time 51.1445s ++++
++++ frame_probe ID: 882 receives a frame at time 51.1566s ++++
++++ frame_probe ID: 883 receives a frame at time 51.1566s ++++
++++ frame_probe ID: 884 receives a frame at time 51.1566s ++++
++++ frame_probe ID: 890 receives a frame at time 51.1567s ++++
++++ frame_probe ID: 860 receives a frame at time 51.1649s ++++
INFO: Detected an invalid packet at item 1184
INFO: Parser returned #f
++++ frame_probe ID: 1082 receives a frame at time 51.1735s ++++
++++ frame_probe ID: 1083 receives a frame at time 51.1736s ++++
++++ frame_probe ID: 1084 receives a frame at time 51.1736s ++++
counter ID 880 results at time 7751.17 is 0
++++ frame_probe ID: 1090 receives a frame at time 51.1736s ++++
++++ frame_probe ID: 882 receives a frame at time 51.1759s ++++
the 100th message counter node3_acked has been visited 13 times  
++++ frame_probe ID: 1050 receives a frame at time 51.259s ++++
++++ frame_probe ID: 1060 receives a frame at time 51.2998s ++++
++++ frame_probe ID: 882 receives a frame at time 51.31s ++++
++++ frame_probe ID: 883 receives a frame at time 51.31s ++++
++++ frame_probe ID: 884 receives a frame at time 51.3101s ++++
++++ frame_probe ID: 890 receives a frame at time 51.3101s ++++
++++ frame_probe ID: 860 receives a frame at time 51.3182s ++++
INFO: Detected an invalid packet at item 1280
INFO: Parser returned #f
++++ frame_probe ID: 1082 receives a frame at time 51.3267s ++++
++++ frame_probe ID: 1083 receives a frame at time 51.3267s ++++
++++ frame_probe ID: 1084 receives a frame at time 51.3267s ++++
counter ID 880 results at time ++++ frame_probe ID: 7751.331090 is  receives a frame at time 0
51.3268s ++++
++++ frame_probe ID: 882 receives a frame at time 51.3292s ++++
measurement 1/5 complete in 295 second(s).
the 100th message counter node3_acked has been visited 14 times  
++++ frame_probe ID: 1050 receives a frame at time 51.4282s ++++
++++ frame_probe ID: 1060 receives a frame at time 51.4695s ++++
++++ frame_probe ID: 882 receives a frame at time 51.4734s ++++
++++ frame_probe ID: 883 receives a frame at time 51.4734s ++++
++++ frame_probe ID: 884 receives a frame at time 51.4735s ++++
++++ frame_probe ID: 890 receives a frame at time 51.4735s ++++
++++ frame_probe ID: 860 receives a frame at time 51.4817s ++++
INFO: Detected an invalid packet at item 1376
INFO: Parser returned #f
++++ frame_probe ID: 1082 receives a frame at time 51.4901s ++++
++++ frame_probe ID: 1083 receives a frame at time 51.4901s ++++
++++ frame_probe ID: 1084 receives a frame at time 51.4902s ++++
counter ID 880 results at time 7751.49 is 0
++++ frame_probe ID: 1090 receives a frame at time 51.4902s ++++
++++ frame_probe ID: 882 receives a frame at time 51.4926s ++++
the 100th message counter node3_acked has been visited 15 times  
++++ frame_probe ID: 1050 receives a frame at time 51.5967s ++++
++++ frame_probe ID: 1060 receives a frame at time 51.6374s ++++
++++ frame_probe ID: 882 receives a frame at time 51.6457s ++++
++++ frame_probe ID: 883 receives a frame at time 51.6458s ++++
++++ frame_probe ID: 884 receives a frame at time 51.6458s ++++
++++ frame_probe ID: 890 receives a frame at time 51.6458s ++++
++++ frame_probe ID: 860 receives a frame at time 51.6541s ++++
INFO: Detected an invalid packet at item 1472
INFO: Parser returned #f
++++ frame_probe ID: 1082 receives a frame at time 51.6624s ++++
++++ frame_probe ID: 1083 receives a frame at time 51.6624s ++++
++++ frame_probe ID: 1084 receives a frame at time 51.6625s ++++
counter ID 880 results at time 7751.66 is 0
++++ frame_probe ID: 1090 receives a frame at time 51.6625s ++++
++++ frame_probe ID: 882 receives a frame at time 51.6651s ++++
the 100th message counter node3_acked has been visited 16 times  
++++ frame_probe ID: 1050 receives a frame at time 51.7548s ++++
++++ frame_probe ID: 1060 receives a frame at time 51.7956s ++++
++++ frame_probe ID: 882 receives a frame at time 51.7992s ++++
++++ frame_probe ID: 883 receives a frame at time 51.7992s ++++
++++ frame_probe ID: 884 receives a frame at time 51.7993s ++++
++++ frame_probe ID: 890 receives a frame at time 51.7993s ++++
++++ frame_probe ID: 860 receives a frame at time 51.8075s ++++
INFO: Detected an invalid packet at item 1568
INFO: Parser returned #f
++++ frame_probe ID: 1082 receives a frame at time 51.8159s ++++
++++ frame_probe ID: 1083 receives a frame at time 51.816s ++++
++++ frame_probe ID: 1084 receives a frame at time 51.816s ++++
counter ID 880 results at time ++++ frame_probe ID: 1090 receives a frame at time 7751.82 is 0
51.816s ++++
++++ frame_probe ID: 882 receives a frame at time 51.8185s ++++
the 100th message counter node3_acked has been visited 17 times  
++++ frame_probe ID: 1050 receives a frame at time 51.8914s ++++
++++ frame_probe ID: 1060 receives a frame at time 51.9323s ++++
++++ frame_probe ID: 882 receives a frame at time 51.9434s ++++
++++ frame_probe ID: 883 receives a frame at time 51.9435s ++++
++++ frame_probe ID: 884 receives a frame at time 51.9436s ++++
++++ frame_probe ID: 890 receives a frame at time 51.9436s ++++
++++ frame_probe ID: 860 receives a frame at time 51.9517s ++++
INFO: Detected an invalid packet at item 1664
INFO: Parser returned #f
++++ frame_probe ID: 1082 receives a frame at time 51.9602s ++++
++++ frame_probe ID: 1083 receives a frame at time 51.9603s ++++
++++ frame_probe ID: 1084 receives a frame at time 51.9603s ++++
counter ID 880 results at time ++++ frame_probe ID: 1090 receives a frame at time 7751.9651.9603 is s ++++0

++++ frame_probe ID: 882 receives a frame at time 51.9627s ++++
the 100th message counter node3_acked has been visited 18 times  
++++ frame_probe ID: 1050 receives a frame at time 52.0467s ++++
++++ frame_probe ID: 1060 receives a frame at time 52.0874s ++++
++++ frame_probe ID: 882 receives a frame at time 52.0968s ++++
++++ frame_probe ID: 884 receives a frame at time ++++ frame_probe ID: 883 receives a frame at time 52.0969s ++++
52.0969s ++++
++++ frame_probe ID: 890 receives a frame at time 52.0969s ++++
++++ frame_probe ID: 860 receives a frame at time 52.1052s ++++
INFO: Detected an invalid packet at item 1760
INFO: Parser returned #f
++++ frame_probe ID: 1082 receives a frame at time 52.1135s ++++
++++ frame_probe ID: 1083 receives a frame at time 52.1135s ++++
++++ frame_probe ID: 1084 receives a frame at time 52.1135s ++++
counter ID 880 results at time 7752.11 is 0
++++ frame_probe ID: 1090 receives a frame at time 52.1136s ++++
++++ frame_probe ID: 882 receives a frame at time 52.1161s ++++
the 100th message counter node3_acked has been visited 19 times  
++++ frame_probe ID: 1050 receives a frame at time 52.1939s ++++
++++ frame_probe ID: 1060 receives a frame at time 52.2346s ++++
++++ frame_probe ID: 882 receives a frame at time 52.241s ++++
++++ frame_probe ID: 883 receives a frame at time 52.2411s ++++
++++ frame_probe ID: 884 receives a frame at time 52.2411s ++++
++++ frame_probe ID: 890 receives a frame at time 52.2412s ++++
++++ frame_probe ID: 860 receives a frame at time 52.2493s ++++
INFO: Detected an invalid packet at item 1856
INFO: Parser returned #f
++++ frame_probe ID: 1082 receives a frame at time 52.2577s ++++
++++ frame_probe ID: 1083 receives a frame at time 52.2577s ++++
++++ frame_probe ID: 1084 receives a frame at time 52.2577s ++++
counter ID 880 results at time ++++ frame_probe ID: 1090 receives a frame at time 7752.26 is 0
52.2578s ++++
++++ frame_probe ID: 882 receives a frame at time 52.2603s ++++
measurement 1/5 complete in 294 second(s).
the 100th message counter node3_acked has been visited 20 times  
++++ frame_probe ID: 1050 receives a frame at time 52.3581s ++++
++++ frame_probe ID: 1060 receives a frame at time 52.3988s ++++
++++ frame_probe ID: 882 receives a frame at time 52.4044s ++++
++++ frame_probe ID: 883 receives a frame at time 52.4045s ++++
++++ frame_probe ID: 884 receives a frame at time 52.4045s ++++
++++ frame_probe ID: 890 receives a frame at time 52.4046s ++++
++++ frame_probe ID: 860 receives a frame at time 52.4126s ++++
INFO: Detected an invalid packet at item 1952
INFO: Parser returned #f
++++ frame_probe ID: 1082 receives a frame at time 52.421s ++++
++++ frame_probe ID: 1083 receives a frame at time 52.4211s ++++
++++ frame_probe ID: 1084 receives a frame at time 52.4211s ++++
counter ID 880 results at time ++++ frame_probe ID: 1090 receives a frame at time 7752.42 is 0
52.4211s ++++
++++ frame_probe ID: 882 receives a frame at time 52.4236s ++++
the 100th message counter node3_acked has been visited 21 times  
++++ frame_probe ID: 1050 receives a frame at time 52.4935s ++++
++++ frame_probe ID: 1060 receives a frame at time 52.5341s ++++
++++ frame_probe ID: 882 receives a frame at time 52.5386s ++++
++++ frame_probe ID: 883 receives a frame at time 52.5386s ++++
++++ frame_probe ID: 884 receives a frame at time 52.5387s ++++
++++ frame_probe ID: 890 receives a frame at time 52.5387s ++++
++++ frame_probe ID: 860 receives a frame at time 52.5468s ++++
INFO: Detected an invalid packet at item 2048
INFO: Parser returned #f
++++ frame_probe ID: 1082 receives a frame at time 52.5552s ++++
++++ frame_probe ID: 1083 receives a frame at time 52.5552s ++++
++++ frame_probe ID: 1084 receives a frame at time 52.5553s ++++
counter ID 880 results at time ++++ frame_probe ID: 1090 receives a frame at time 7752.56 is 0
52.5553s ++++
++++ frame_probe ID: 882 receives a frame at time 52.5582s ++++
the 100th message counter node3_acked has been visited 22 times  
++++ frame_probe ID: 1050 receives a frame at time 52.6456s ++++
++++ frame_probe ID: 1060 receives a frame at time 52.6863s ++++
++++ frame_probe ID: 882 receives a frame at time 52.6921s ++++
++++ frame_probe ID: ++++ frame_probe ID: 884 receives a frame at time 883 receives a frame at time 52.6922s ++++
52.6922s ++++
++++ frame_probe ID: 890 receives a frame at time 52.6922s ++++
++++ frame_probe ID: 860 receives a frame at time 52.7004s ++++
INFO: Detected an invalid packet at item 2144
INFO: Parser returned #f
++++ frame_probe ID: 1082 receives a frame at time 52.7088s ++++
++++ frame_probe ID: 1084 receives a frame at time 52.7089s ++++
++++ frame_probe ID: 1083 receives a frame at time 52.7089s ++++
counter ID 880 results at time ++++ frame_probe ID: 1090 receives a frame at time 7752.71 is 0
52.7089s ++++
++++ frame_probe ID: 882 receives a frame at time 52.7114s ++++
the 100th message counter node3_acked has been visited 23 times  
++++ frame_probe ID: 1050 receives a frame at time 52.8094s ++++
++++ frame_probe ID: 1060 receives a frame at time 52.8501s ++++
++++ frame_probe ID: 882 receives a frame at time 52.8556s ++++
++++ frame_probe ID: 883 receives a frame at time 52.8557s ++++
++++ frame_probe ID: 884 receives a frame at time 52.8557s ++++
++++ frame_probe ID: 890 receives a frame at time 52.8557s ++++
++++ frame_probe ID: 860 receives a frame at time 52.8639s ++++
INFO: Detected an invalid packet at item 2240
INFO: Parser returned #f
++++ frame_probe ID: 1082 receives a frame at time 52.8724s ++++
++++ frame_probe ID: 1083 receives a frame at time 52.8725s ++++
++++ frame_probe ID: 1084 receives a frame at time 52.8725s ++++
counter ID 880 results at time ++++ frame_probe ID: 1090 receives a frame at time 7752.87 is 0
52.8725s ++++
++++ frame_probe ID: 882 receives a frame at time 52.8749s ++++
the 100th message counter node3_acked has been visited 24 times  
++++ frame_probe ID: 1050 receives a frame at time 52.9729s ++++
++++ frame_probe ID: 1060 receives a frame at time 53.0137s ++++
++++ frame_probe ID: 882 receives a frame at time 53.0191s ++++
++++ frame_probe ID: 883 receives a frame at time 53.0191s ++++
++++ frame_probe ID: 884 receives a frame at time 53.0191s ++++
++++ frame_probe ID: 890 receives a frame at time 53.0192s ++++
++++ frame_probe ID: 860 receives a frame at time 53.0273s ++++
INFO: Detected an invalid packet at item 2336
INFO: Parser returned #f
++++ frame_probe ID: 1082 receives a frame at time 53.0355s ++++
++++ frame_probe ID: 1083 receives a frame at time 53.0356s ++++
++++ frame_probe ID: 1084 receives a frame at time 53.0356s ++++
counter ID 880 results at time 7753.04 is 0
++++ frame_probe ID: 1090 receives a frame at time 53.0356s ++++
++++ frame_probe ID: 882 receives a frame at time 53.0383s ++++
the 100th message counter node3_acked has been visited 25 times  
++++ frame_probe ID: 1050 receives a frame at time 53.124s ++++
++++ frame_probe ID: 1060 receives a frame at time 53.1648s ++++
++++ frame_probe ID: 882 receives a frame at time 53.1721s ++++
++++ frame_probe ID: 883 receives a frame at time 53.1721s ++++
++++ frame_probe ID: 884 receives a frame at time 53.1722s ++++
++++ frame_probe ID: 890 receives a frame at time 53.1722s ++++
++++ frame_probe ID: 860 receives a frame at time 53.1803s ++++
INFO: Detected an invalid packet at item 2432
INFO: Parser returned #f
++++ frame_probe ID: 1082 receives a frame at time 53.1888s ++++
++++ frame_probe ID: 1084 receives a frame at time 53.1888s ++++
++++ frame_probe ID: 1083 receives a frame at time 53.1888s ++++
counter ID 880 results at time 7753.19 is 0
++++ frame_probe ID: 1090 receives a frame at time 53.1889s ++++
++++ frame_probe ID: 882 receives a frame at time 53.1913s ++++
the 100th message counter node3_acked has been visited 26 times  
++++ frame_probe ID: 1050 receives a frame at time 53.2972s ++++
measurement 1/5 complete in 293 second(s).
++++ frame_probe ID: 1060 receives a frame at time 53.338s ++++
++++ frame_probe ID: 882 receives a frame at time 53.3446s ++++
++++ frame_probe ID: 883 receives a frame at time 53.3446s ++++
++++ frame_probe ID: 884 receives a frame at time 53.3447s ++++
++++ frame_probe ID: 890 receives a frame at time 53.3447s ++++
++++ frame_probe ID: 860 receives a frame at time 53.3529s ++++
INFO: Detected an invalid packet at item 2528
INFO: Parser returned #f
++++ frame_probe ID: 1082 receives a frame at time 53.3616s ++++
++++ frame_probe ID: 1083 receives a frame at time 53.3616s ++++
++++ frame_probe ID: 1084 receives a frame at time 53.3616s ++++
counter ID 880 results at time ++++ frame_probe ID: 1090 receives a frame at time 7753.36 is 0
53.3617s ++++
++++ frame_probe ID: 882 receives a frame at time 53.3639s ++++
the 100th message counter node3_acked has been visited 27 times  
++++ frame_probe ID: 1050 receives a frame at time 53.466s ++++
++++ frame_probe ID: 1060 receives a frame at time 53.5069s ++++
++++ frame_probe ID: 882 receives a frame at time 53.5169s ++++
++++ frame_probe ID: 883 receives a frame at time 53.5169s ++++
++++ frame_probe ID: 884 receives a frame at time 53.517s ++++
++++ frame_probe ID: 890 receives a frame at time 53.517s ++++
++++ frame_probe ID: 860 receives a frame at time 53.525s ++++
INFO: Detected an invalid packet at item 2624
INFO: Parser returned #f
++++ frame_probe ID: 1082 receives a frame at time 53.5344s ++++
++++ frame_probe ID: 1083 receives a frame at time 53.5344s ++++
++++ frame_probe ID: 1084 receives a frame at time 53.5344s ++++
counter ID 880 results at time 7753.53 is 0
++++ frame_probe ID: 1090 receives a frame at time 53.5345s ++++
++++ frame_probe ID: 882 receives a frame at time 53.5362s ++++
the 100th message counter node3_acked has been visited 28 times  
++++ frame_probe ID: 1050 receives a frame at time 53.6128s ++++
++++ frame_probe ID: 1060 receives a frame at time 53.6535s ++++
++++ frame_probe ID: 882 receives a frame at time 53.6604s ++++
++++ frame_probe ID: 883 receives a frame at time 53.6604s ++++
++++ frame_probe ID: 884 receives a frame at time 53.6604s ++++
++++ frame_probe ID: 890 receives a frame at time 53.6605s ++++
++++ frame_probe ID: 860 receives a frame at time 53.6685s ++++
INFO: Detected an invalid packet at item 2720
INFO: Parser returned #f
++++ frame_probe ID: 1082 receives a frame at time 53.6789s ++++
++++ frame_probe ID: 1084 receives a frame at time 53.679s ++++
++++ frame_probe ID: 1083 receives a frame at time 53.679s ++++
counter ID 880 results at time ++++ frame_probe ID: 7753.68 is 10900 receives a frame at time 
53.679s ++++
++++ frame_probe ID: 882 receives a frame at time 53.6797s ++++
the 100th message counter node3_acked has been visited 29 times  
++++ frame_probe ID: 1050 receives a frame at time 53.7504s ++++
++++ frame_probe ID: 1060 receives a frame at time 53.791s ++++
++++ frame_probe ID: 882 receives a frame at time 53.7946s ++++
++++ frame_probe ID: 883 receives a frame at time 53.7947s ++++
++++ frame_probe ID: 884 receives a frame at time 53.7947s ++++
++++ frame_probe ID: 890 receives a frame at time 53.7947s ++++
++++ frame_probe ID: 860 receives a frame at time 53.8028s ++++
INFO: Detected an invalid packet at item 2816
INFO: Parser returned #f
++++ frame_probe ID: 1082 receives a frame at time 53.8131s ++++
++++ frame_probe ID: 1083 receives a frame at time 53.8132s ++++
counter ID 880 results at time ++++ frame_probe ID: 1090 receives a frame at time 7753.81 is 0
53.8132s ++++
++++ frame_probe ID: 1084 receives a frame at time 53.8132s ++++
++++ frame_probe ID: 882 receives a frame at time 53.814s ++++
the 100th message counter node3_acked has been visited 30 times  
++++ frame_probe ID: 1050 receives a frame at time 53.8845s ++++
++++ frame_probe ID: 1060 receives a frame at time 53.9252s ++++
++++ frame_probe ID: 882 receives a frame at time 53.9291s ++++
++++ frame_probe ID: 884 receives a frame at time ++++ frame_probe ID: 883 receives a frame at time 53.9292s ++++
53.9292s ++++
++++ frame_probe ID: 890 receives a frame at time 53.9292s ++++
++++ frame_probe ID: 860 receives a frame at time 53.9373s ++++
INFO: Detected an invalid packet at item 2912
INFO: Parser returned #f
++++ frame_probe ID: 1082 receives a frame at time 53.9476s ++++
++++ frame_probe ID: 1083 receives a frame at time 53.9476s ++++
++++ frame_probe ID: 1084 receives a frame at time 53.9476s ++++
counter ID 880 results at time ++++ frame_probe ID: 1090 receives a frame at time 7753.95 is 0
53.9477s ++++
++++ frame_probe ID: 882 receives a frame at time 53.9483s ++++
the 100th message counter node3_acked has been visited 31 times  
++++ frame_probe ID: 1050 receives a frame at time 54.0361s ++++
++++ frame_probe ID: 1060 receives a frame at time 54.0769s ++++
++++ frame_probe ID: 882 receives a frame at time 54.0824s ++++
++++ frame_probe ID: 883 receives a frame at time 54.0825s ++++
++++ frame_probe ID: 884 receives a frame at time 54.0825s ++++
++++ frame_probe ID: 890 receives a frame at time 54.0825s ++++
++++ frame_probe ID: 860 receives a frame at time 54.0907s ++++
INFO: Detected an invalid packet at item 3008
INFO: Parser returned #f
++++ frame_probe ID: 1082 receives a frame at time 54.1008s ++++
++++ frame_probe ID: 1083 receives a frame at time 54.1008s ++++
++++ frame_probe ID: 1084 receives a frame at time 54.1008s ++++
counter ID 880 results at time ++++ frame_probe ID: 1090 receives a frame at time 7754.1 is 0
54.1009s ++++
++++ frame_probe ID: 882 receives a frame at time 54.1017s ++++
the 100th message counter node3_acked has been visited 32 times  
++++ frame_probe ID: 1050 receives a frame at time 54.1974s ++++
++++ frame_probe ID: 1060 receives a frame at time 54.2382s ++++
++++ frame_probe ID: 882 receives a frame at time 54.2457s ++++
++++ frame_probe ID: 883 receives a frame at time 54.2457s ++++
++++ frame_probe ID: 884 receives a frame at time 54.2458s ++++
++++ frame_probe ID: 890 receives a frame at time 54.2458s ++++
++++ frame_probe ID: 860 receives a frame at time 54.2539s ++++
INFO: Detected an invalid packet at item 3104
INFO: Parser returned #f
++++ frame_probe ID: 1082 receives a frame at time 54.2643s ++++
++++ frame_probe ID: 1083 receives a frame at time 54.2643s ++++
++++ frame_probe ID: 1084 receives a frame at time 54.2644s ++++
counter ID 880 results at time ++++ frame_probe ID: 1090 receives a frame at time 7754.26 is 0
54.2644s ++++
++++ frame_probe ID: 882 receives a frame at time 54.2652s ++++
measurement 1/5 complete in 292 second(s).
the 100th message counter node3_acked has been visited 33 times  
++++ frame_probe ID: 1050 receives a frame at time 54.3607s ++++
++++ frame_probe ID: 1060 receives a frame at time 54.4014s ++++
++++ frame_probe ID: 882 receives a frame at time 54.4091s ++++
++++ frame_probe ID: 883 receives a frame at time 54.4091s ++++
++++ frame_probe ID: 884 receives a frame at time 54.4092s ++++
++++ frame_probe ID: 890 receives a frame at time 54.4092s ++++
++++ frame_probe ID: 860 receives a frame at time 54.4173s ++++
INFO: Detected an invalid packet at item 3200
INFO: Parser returned #f
++++ frame_probe ID: 1082 receives a frame at time 54.4277s ++++
++++ frame_probe ID: 1083 receives a frame at time 54.4277s ++++
++++ frame_probe ID: 1084 receives a frame at time 54.4277s ++++
counter ID 880 results at time 7754.43 is ++++ frame_probe ID: 01090 receives a frame at time 
54.4278s ++++
++++ frame_probe ID: 882 receives a frame at time 54.4285s ++++
the 100th message counter node3_acked has been visited 34 times  
++++ frame_probe ID: 1050 receives a frame at time 54.5422s ++++
++++ frame_probe ID: 1060 receives a frame at time 54.583s ++++
++++ frame_probe ID: 882 receives a frame at time 54.5914s ++++
++++ frame_probe ID: 883 receives a frame at time 54.5914s ++++
++++ frame_probe ID: 884 receives a frame at time 54.5915s ++++
++++ frame_probe ID: 890 receives a frame at time 54.5916s ++++
++++ frame_probe ID: 860 receives a frame at time 54.5997s ++++
INFO: Detected an invalid packet at item 3296
INFO: Parser returned #f
++++ frame_probe ID: 1082 receives a frame at time 54.61s ++++
++++ frame_probe ID: 1083 receives a frame at time 54.61s ++++
++++ frame_probe ID: 1084 receives a frame at time 54.61s ++++
counter ID 880 results at time 7754.61 is 0++++ frame_probe ID: 
1090 receives a frame at time 54.6101s ++++
++++ frame_probe ID: 882 receives a frame at time 54.6108s ++++
the 100th message counter node3_acked has been visited 35 times  
++++ frame_probe ID: 1050 receives a frame at time 54.7115s ++++
++++ frame_probe ID: 1060 receives a frame at time 54.7522s ++++
++++ frame_probe ID: 882 receives a frame at time 54.7641s ++++
++++ frame_probe ID: 883 receives a frame at time ++++ frame_probe ID: 884 receives a frame at time 54.7642s ++++
54.7642s ++++
++++ frame_probe ID: 890 receives a frame at time 54.7643s ++++
++++ frame_probe ID: 860 receives a frame at time 54.7726s ++++
INFO: Detected an invalid packet at item 3392
INFO: Parser returned #f
++++ frame_probe ID: 1082 receives a frame at time 54.7827s ++++
++++ frame_probe ID: 1083 receives a frame at time 54.7827s ++++
++++ frame_probe ID: 1084 receives a frame at time 54.7827s ++++
counter ID 880 results at time ++++ frame_probe ID: 7754.78 is 10900 receives a frame at time 
54.7831s ++++
++++ frame_probe ID: 882 receives a frame at time 54.7833s ++++
the 100th message counter node3_acked has been visited 36 times  
++++ frame_probe ID: 1050 receives a frame at time 54.8895s ++++
++++ frame_probe ID: 1060 receives a frame at time 54.9303s ++++
++++ frame_probe ID: 882 receives a frame at time 54.9365s ++++
++++ frame_probe ID: 883 receives a frame at time 54.9365s ++++
++++ frame_probe ID: 884 receives a frame at time 54.9366s ++++
++++ frame_probe ID: 890 receives a frame at time 54.9367s ++++
++++ frame_probe ID: 860 receives a frame at time 54.9449s ++++
INFO: Detected an invalid packet at item 3488
INFO: Parser returned #f
++++ frame_probe ID: 1082 receives a frame at time 54.9551s ++++
++++ frame_probe ID: 1083 receives a frame at time 54.9551s ++++
++++ frame_probe ID: 1084 receives a frame at time 54.9551s ++++
counter ID 880 results at time ++++ frame_probe ID: 1090 receives a frame at time 7754.96 is 0
54.9552s ++++
++++ frame_probe ID: 882 receives a frame at time 54.9558s ++++
the 100th message counter node3_acked has been visited 37 times  
++++ frame_probe ID: 1050 receives a frame at time 55.0346s ++++
++++ frame_probe ID: 1060 receives a frame at time 55.0753s ++++
++++ frame_probe ID: 882 receives a frame at time 55.0806s ++++
++++ frame_probe ID: 883 receives a frame at time 55.0807s ++++
++++ frame_probe ID: 884 receives a frame at time 55.0807s ++++
++++ frame_probe ID: 890 receives a frame at time 55.0807s ++++
++++ frame_probe ID: 860 receives a frame at time 55.0888s ++++
INFO: Detected an invalid packet at item 3584
INFO: Parser returned #f
++++ frame_probe ID: 1082 receives a frame at time 55.0992s ++++
++++ frame_probe ID: 1083 receives a frame at time 55.0992s ++++
++++ frame_probe ID: 1084 receives a frame at time 55.0992s ++++
counter ID 880 results at time 7755.1 is 0
++++ frame_probe ID: 1090 receives a frame at time 55.0993s ++++
++++ frame_probe ID: 882 receives a frame at time 55.1s ++++
the 100th message counter node3_acked has been visited 38 times  
++++ frame_probe ID: 1050 receives a frame at time 55.2006s ++++
++++ frame_probe ID: 1060 receives a frame at time 55.2415s ++++
++++ frame_probe ID: 882 receives a frame at time 55.2532s ++++
++++ frame_probe ID: 883 receives a frame at time 55.2532s ++++
++++ frame_probe ID: 884 receives a frame at time 55.2532s ++++
++++ frame_probe ID: 890 receives a frame at time 55.2533s ++++
++++ frame_probe ID: 860 receives a frame at time 55.2614s ++++
INFO: Detected an invalid packet at item 3680
INFO: Parser returned #f
++++ frame_probe ID: 882 receives a frame at time 55.2724s ++++
++++ frame_probe ID: 1082 receives a frame at time 55.2726s ++++
++++ frame_probe ID: 1083 receives a frame at time 55.2726s ++++
++++ frame_probe ID: 1084 receives a frame at time 55.2726s ++++
counter ID 880 results at time ++++ frame_probe ID: 7755.27 is 0
1090 receives a frame at time 55.2727s ++++
measurement 1/5 complete in 291 second(s).
the 100th message counter node3_acked has been visited 39 times  
++++ frame_probe ID: 1050 receives a frame at time 55.3621s ++++
++++ frame_probe ID: 1060 receives a frame at time 55.4028s ++++
++++ frame_probe ID: 882 receives a frame at time 55.4065s ++++
++++ frame_probe ID: 883 receives a frame at time 55.4066s ++++
++++ frame_probe ID: 884 receives a frame at time 55.4066s ++++
++++ frame_probe ID: 890 receives a frame at time 55.4067s ++++
++++ frame_probe ID: 860 receives a frame at time 55.4149s ++++
INFO: Detected an invalid packet at item 3776
INFO: Parser returned #f
++++ frame_probe ID: 882 receives a frame at time 55.4258s ++++
++++ frame_probe ID: 1082 receives a frame at time 55.4266s ++++
++++ frame_probe ID: 1083 receives a frame at time 55.4267s ++++
++++ frame_probe ID: 1084 receives a frame at time 55.4267s ++++
counter ID 880 results at time ++++ frame_probe ID: 1090 receives a frame at time 7755.43 is 0
55.4267s ++++
the 100th message counter node3_acked has been visited 40 times  
++++ frame_probe ID: 1050 receives a frame at time 55.5081s ++++
++++ frame_probe ID: 1060 receives a frame at time 55.5488s ++++
++++ frame_probe ID: 882 receives a frame at time 55.5607s ++++
++++ frame_probe ID: 883 receives a frame at time 55.5607s ++++
++++ frame_probe ID: 884 receives a frame at time 55.5607s ++++
++++ frame_probe ID: 890 receives a frame at time 55.5608s ++++
++++ frame_probe ID: 860 receives a frame at time 55.569s ++++
INFO: Detected an invalid packet at item 3872
INFO: Parser returned #f
++++ frame_probe ID: 1082 receives a frame at time 55.5793s ++++
++++ frame_probe ID: 1083 receives a frame at time 55.5793s ++++
++++ frame_probe ID: 1084 receives a frame at time 55.5793s ++++
counter ID 880 results at time 7755.58 is 0
++++ frame_probe ID: 1090 receives a frame at time 55.5794s ++++
++++ frame_probe ID: 882 receives a frame at time 55.5801s ++++
the 100th message counter node3_acked has been visited 41 times  
++++ frame_probe ID: 1050 receives a frame at time 55.6927s ++++
++++ frame_probe ID: 1060 receives a frame at time 55.7336s ++++
++++ frame_probe ID: 882 receives a frame at time 55.743s ++++
++++ frame_probe ID: 883 receives a frame at time 55.7431s ++++
++++ frame_probe ID: 884 receives a frame at time 55.7431s ++++
++++ frame_probe ID: 890 receives a frame at time 55.7431s ++++
++++ frame_probe ID: 860 receives a frame at time 55.7512s ++++
INFO: Detected an invalid packet at item 3968
INFO: Parser returned #f
++++ frame_probe ID: 1082 receives a frame at time 55.7617s ++++
++++ frame_probe ID: 1083 receives a frame at time 55.7617s ++++
++++ frame_probe ID: 1084 receives a frame at time 55.7618s ++++
++++ frame_probe ID: 1090 receives a frame at time 55.7619s ++++
counter ID 880 results at time 7755.76 is 0
++++ frame_probe ID: 882 receives a frame at time 55.7624s ++++
the 100th message counter node3_acked has been visited 42 times  
++++ frame_probe ID: 1050 receives a frame at time 55.8493s ++++
++++ frame_probe ID: 1060 receives a frame at time 55.89s ++++
++++ frame_probe ID: 882 receives a frame at time 55.8969s ++++
++++ frame_probe ID: 883 receives a frame at time 55.897s ++++
++++ frame_probe ID: 884 receives a frame at time 55.897s ++++
++++ frame_probe ID: 890 receives a frame at time 55.8971s ++++
++++ frame_probe ID: 860 receives a frame at time 55.9051s ++++
INFO: Detected an invalid packet at item 4064
INFO: Parser returned #f
++++ frame_probe ID: 1082 receives a frame at time 55.9149s ++++
++++ frame_probe ID: 1083 receives a frame at time 55.915s ++++
++++ frame_probe ID: 1084 receives a frame at time 55.915s ++++
counter ID 880 results at time ++++ frame_probe ID: 1090 receives a frame at time 7755.92 is 0
55.9151s ++++
++++ frame_probe ID: 882 receives a frame at time 55.9158s ++++
the 100th message counter node3_acked has been visited 43 times  
++++ frame_probe ID: 1050 receives a frame at time 56.0195s ++++
++++ frame_probe ID: 1060 receives a frame at time 56.0605s ++++
++++ frame_probe ID: 882 receives a frame at time 56.0689s ++++
++++ frame_probe ID: ++++ frame_probe ID: 883 receives a frame at time 884 receives a frame at time 56.0689s ++++
56.0689s ++++
++++ frame_probe ID: 890 receives a frame at time 56.069s ++++
++++ frame_probe ID: 860 receives a frame at time 56.0772s ++++
INFO: Detected an invalid packet at item 4160
INFO: Parser returned #f
++++ frame_probe ID: 882 receives a frame at time 56.0881s ++++
++++ frame_probe ID: 1082 receives a frame at time 56.0882s ++++
++++ frame_probe ID: 1083 receives a frame at time 56.0883s ++++
++++ frame_probe ID: 1084 receives a frame at time 56.0883s ++++
counter ID 880 results at time ++++ frame_probe ID: 7756.091090 is  receives a frame at time 0
56.0883s ++++
the 100th message counter node3_acked has been visited 44 times  
++++ frame_probe ID: 1050 receives a frame at time 56.1907s ++++
++++ frame_probe ID: 1060 receives a frame at time 56.2315s ++++
++++ frame_probe ID: 882 receives a frame at time 56.2414s ++++
++++ frame_probe ID: 883 receives a frame at time ++++ frame_probe ID: 884 receives a frame at time 56.2414s ++++
56.2414s ++++
++++ frame_probe ID: 890 receives a frame at time 56.2415s ++++
++++ frame_probe ID: 860 receives a frame at time 56.2496s ++++
INFO: Detected an invalid packet at item 4256
INFO: Parser returned #f
++++ frame_probe ID: 882 receives a frame at time 56.2606s ++++
++++ frame_probe ID: 1082 receives a frame at time 56.2607s ++++
++++ frame_probe ID: 1083 receives a frame at time 56.2607s ++++
++++ frame_probe ID: 1084 receives a frame at time 56.2607s ++++
counter ID 880 results at time ++++ frame_probe ID: 1090 receives a frame at time 7756.26 is 0
56.2608s ++++
the 100th message counter node3_acked has been visited 45 times  
measurement 1/5 complete in 290 second(s).
++++ frame_probe ID: 1050 receives a frame at time 56.3461s ++++
++++ frame_probe ID: 1060 receives a frame at time 56.3869s ++++
++++ frame_probe ID: 882 receives a frame at time 56.3946s ++++
++++ frame_probe ID: 883 receives a frame at time 56.3947s ++++
++++ frame_probe ID: 884 receives a frame at time 56.3947s ++++
++++ frame_probe ID: 890 receives a frame at time 56.3947s ++++
++++ frame_probe ID: 860 receives a frame at time 56.4028s ++++
INFO: Detected an invalid packet at item 4352
INFO: Parser returned #f
++++ frame_probe ID: 882 receives a frame at time 56.414s ++++
++++ frame_probe ID: 1082 receives a frame at time 56.4142s ++++
++++ frame_probe ID: 1083 receives a frame at time 56.4142s ++++
++++ frame_probe ID: 1084 receives a frame at time 56.4142s ++++
counter ID 880 results at time 7756.41 is 0
++++ frame_probe ID: 1090 receives a frame at time 56.4143s ++++
the 100th message counter node3_acked has been visited 46 times  
++++ frame_probe ID: 1050 receives a frame at time 56.4986s ++++
++++ frame_probe ID: 1060 receives a frame at time 56.5394s ++++
++++ frame_probe ID: 882 receives a frame at time 56.5481s ++++
++++ frame_probe ID: 883 receives a frame at time 56.5481s ++++
++++ frame_probe ID: 890 receives a frame at time ++++ frame_probe ID: 884 receives a frame at time 56.5482s ++++
56.5482s ++++
++++ frame_probe ID: 860 receives a frame at time 56.5564s ++++
INFO: Detected an invalid packet at item 4448
INFO: Parser returned #f
++++ frame_probe ID: 882 receives a frame at time 56.5673s ++++
++++ frame_probe ID: 1082 receives a frame at time 56.5674s ++++
++++ frame_probe ID: 1083 receives a frame at time 56.5674s ++++
++++ frame_probe ID: 1084 receives a frame at time 56.5674s ++++
counter ID 880 results at time 7756.57 is 0
++++ frame_probe ID: 1090 receives a frame at time 56.5675s ++++
the 100th message counter node3_acked has been visited 47 times  
++++ frame_probe ID: 1050 receives a frame at time 56.6378s ++++
++++ frame_probe ID: 1060 receives a frame at time 56.6784s ++++
++++ frame_probe ID: 882 receives a frame at time 56.6823s ++++
++++ frame_probe ID: 883 receives a frame at time 56.6824s ++++
++++ frame_probe ID: 884 receives a frame at time 56.6824s ++++
++++ frame_probe ID: 890 receives a frame at time 56.6824s ++++
++++ frame_probe ID: 860 receives a frame at time 56.6906s ++++
INFO: Detected an invalid packet at item 4544
INFO: Parser returned #f
++++ frame_probe ID: 882 receives a frame at time 56.7016s ++++
++++ frame_probe ID: 1082 receives a frame at time 56.7018s ++++
++++ frame_probe ID: 1083 receives a frame at time 56.7019s ++++
++++ frame_probe ID: 1084 receives a frame at time 56.7019s ++++
counter ID 880 results at time ++++ frame_probe ID: 1090 receives a frame at time 7756.7 is 0
56.7019s ++++
the 100th message counter node3_acked has been visited 48 times  
++++ frame_probe ID: 1050 receives a frame at time 56.7753s ++++
++++ frame_probe ID: 1060 receives a frame at time 56.8164s ++++
++++ frame_probe ID: 882 receives a frame at time 56.8265s ++++
++++ frame_probe ID: 883 receives a frame at time 56.8265s ++++
++++ frame_probe ID: 884 receives a frame at time 56.8266s ++++
++++ frame_probe ID: 890 receives a frame at time 56.8266s ++++
++++ frame_probe ID: 860 receives a frame at time 56.8347s ++++
INFO: Detected an invalid packet at item 4640
INFO: Parser returned #f
++++ frame_probe ID: 882 receives a frame at time 56.8459s ++++
++++ frame_probe ID: 1082 receives a frame at time 56.846s ++++
++++ frame_probe ID: 1083 receives a frame at time 56.8461s ++++
++++ frame_probe ID: 1084 receives a frame at time 56.8461s ++++
counter ID 880 results at time 7756.85 is 0++++ frame_probe ID: 
1090 receives a frame at time 56.8461s ++++
the 100th message counter node3_acked has been visited 49 times  
++++ frame_probe ID: 1050 receives a frame at time 56.9308s ++++
++++ frame_probe ID: 1060 receives a frame at time 56.9716s ++++
++++ frame_probe ID: 882 receives a frame at time 56.9802s ++++
++++ frame_probe ID: 883 receives a frame at time 56.9803s ++++
++++ frame_probe ID: 884 receives a frame at time 56.9803s ++++
++++ frame_probe ID: 890 receives a frame at time 56.9804s ++++
++++ frame_probe ID: 860 receives a frame at time 56.9885s ++++
INFO: Detected an invalid packet at item 4736
INFO: Parser returned #f
++++ frame_probe ID: 882 receives a frame at time 56.9993s ++++
++++ frame_probe ID: 1082 receives a frame at time 56.9994s ++++
++++ frame_probe ID: 1083 receives a frame at time 56.9994s ++++
++++ frame_probe ID: 1084 receives a frame at time 56.9995s ++++
counter ID 880 results at time 7757 is 0
++++ frame_probe ID: 1090 receives a frame at time 56.9995s ++++
the 100th message counter node3_acked has been visited 50 times  
++++ frame_probe ID: 1050 receives a frame at time 57.0689s ++++
++++ frame_probe ID: 1060 receives a frame at time 57.1095s ++++
++++ frame_probe ID: 882 receives a frame at time 57.1144s ++++
++++ frame_probe ID: 883 receives a frame at time 57.1144s ++++
++++ frame_probe ID: 884 receives a frame at time 57.1145s ++++
++++ frame_probe ID: 890 receives a frame at time 57.1145s ++++
++++ frame_probe ID: 860 receives a frame at time 57.1226s ++++
INFO: Detected an invalid packet at item 4832
INFO: Parser returned #f
++++ frame_probe ID: 882 receives a frame at time 57.1336s ++++
++++ frame_probe ID: 1082 receives a frame at time 57.1339s ++++
++++ frame_probe ID: 1083 receives a frame at time 57.1339s ++++
++++ frame_probe ID: 1084 receives a frame at time 57.134s ++++
counter ID 880 results at time ++++ frame_probe ID: 1090 receives a frame at time 7757.13 is 0
57.134s ++++
the 100th message counter node3_acked has been visited 51 times  
++++ frame_probe ID: 1050 receives a frame at time 57.2464s ++++
++++ frame_probe ID: 1060 receives a frame at time 57.2871s ++++
++++ frame_probe ID: 882 receives a frame at time 57.2967s ++++
++++ frame_probe ID: 883 receives a frame at time 57.2968s ++++
++++ frame_probe ID: 884 receives a frame at time 57.2969s ++++
++++ frame_probe ID: 890 receives a frame at time 57.2969s ++++
++++ frame_probe ID: 860 receives a frame at time 57.3049s ++++
INFO: Detected an invalid packet at item 4928
INFO: Parser returned #f
++++ frame_probe ID: 882 receives a frame at time 57.3163s ++++
++++ frame_probe ID: 1082 receives a frame at time 57.3165s ++++
++++ frame_probe ID: 1083 receives a frame at time 57.3165s ++++
++++ frame_probe ID: 1084 receives a frame at time 57.3165s ++++
counter ID 880 results at time 7757.32 is 0
++++ frame_probe ID: 1090 receives a frame at time 57.3166s ++++
measurement 1/5 complete in 289 second(s).
the 100th message counter node3_acked has been visited 52 times  
++++ frame_probe ID: 1050 receives a frame at time 57.385s ++++
++++ frame_probe ID: 1060 receives a frame at time 57.4257s ++++
++++ frame_probe ID: 882 receives a frame at time 57.431s ++++
++++ frame_probe ID: 883 receives a frame at time 57.431s ++++
++++ frame_probe ID: 884 receives a frame at time 57.431s ++++
++++ frame_probe ID: 890 receives a frame at time 57.4311s ++++
++++ frame_probe ID: 860 receives a frame at time 57.4394s ++++
INFO: Detected an invalid packet at item 5024
INFO: Parser returned #f
++++ frame_probe ID: 882 receives a frame at time 57.4502s ++++
++++ frame_probe ID: 1082 receives a frame at time 57.4509s ++++
++++ frame_probe ID: 1083 receives a frame at time 57.4509s ++++
++++ frame_probe ID: 1084 receives a frame at time 57.451s ++++
counter ID 880 results at time 7757.45 is 0
++++ frame_probe ID: 1090 receives a frame at time 57.451s ++++
the 100th message counter node3_acked has been visited 53 times  
++++ frame_probe ID: 1050 receives a frame at time 57.5585s ++++
++++ frame_probe ID: 1060 receives a frame at time 57.5992s ++++
++++ frame_probe ID: 882 receives a frame at time 57.6034s ++++
++++ frame_probe ID: 883 receives a frame at time 57.6034s ++++
++++ frame_probe ID: 884 receives a frame at time 57.6035s ++++
++++ frame_probe ID: 890 receives a frame at time 57.6035s ++++
++++ frame_probe ID: 860 receives a frame at time 57.6117s ++++
INFO: Detected an invalid packet at item 5120
INFO: Parser returned #f
++++ frame_probe ID: 882 receives a frame at time 57.6226s ++++
++++ frame_probe ID: 1082 receives a frame at time 57.6228s ++++
++++ frame_probe ID: 1083 receives a frame at time 57.6228s ++++
++++ frame_probe ID: 1084 receives a frame at time 57.6229s ++++
counter ID 880 results at time ++++ frame_probe ID: 1090 receives a frame at time 7757.62 is 0
57.6229s ++++
the 100th message counter node3_acked has been visited 54 times  
++++ frame_probe ID: 1050 receives a frame at time 57.7382s ++++
++++ frame_probe ID: 1060 receives a frame at time 57.7789s ++++
++++ frame_probe ID: 882 receives a frame at time 57.7858s ++++
++++ frame_probe ID: 883 receives a frame at time 57.7859s ++++
++++ frame_probe ID: 884 receives a frame at time 57.7859s ++++
++++ frame_probe ID: 890 receives a frame at time 57.786s ++++
++++ frame_probe ID: 860 receives a frame at time 57.794s ++++
INFO: Detected an invalid packet at item 5216
INFO: Parser returned #f
++++ frame_probe ID: 882 receives a frame at time 57.8051s ++++
++++ frame_probe ID: 1082 receives a frame at time 57.8052s ++++
++++ frame_probe ID: 1083 receives a frame at time 57.8052s ++++
++++ frame_probe ID: 1084 receives a frame at time 57.8053s ++++
counter ID 880 results at time 7757.81 is 0
++++ frame_probe ID: 1090 receives a frame at time 57.8053s ++++
the 100th message counter node3_acked has been visited 55 times  
++++ frame_probe ID: 1050 receives a frame at time 57.9187s ++++
++++ frame_probe ID: 1060 receives a frame at time 57.9596s ++++
++++ frame_probe ID: 882 receives a frame at time 57.9684s ++++
++++ frame_probe ID: 883 receives a frame at time 57.9685s ++++
++++ frame_probe ID: 884 receives a frame at time 57.9685s ++++
++++ frame_probe ID: 890 receives a frame at time 57.9685s ++++
++++ frame_probe ID: 860 receives a frame at time 57.9768s ++++
INFO: Detected an invalid packet at item 5312
INFO: Parser returned #f
++++ frame_probe ID: 882 receives a frame at time 57.9876s ++++
++++ frame_probe ID: 1082 receives a frame at time 57.9878s ++++
++++ frame_probe ID: 1083 receives a frame at time 57.9878s ++++
++++ frame_probe ID: 1084 receives a frame at time 57.9878s ++++
counter ID 880 results at time ++++ frame_probe ID: 1090 receives a frame at time 7757.99 is 0
57.9879s ++++
the 100th message counter node3_acked has been visited 56 times  
++++ frame_probe ID: 1050 receives a frame at time 58.0562s ++++
++++ frame_probe ID: 1060 receives a frame at time 58.0971s ++++
a data frame with index 56 from node: 3 has been transmitted 1th time
++++ frame_probe ID: 1050 receives a frame at time 58.2274s ++++
++++ frame_probe ID: 1060 receives a frame at time 58.2684s ++++
measurement 1/5 complete in 288 second(s).
a data frame with index 56 from node: 3 has been transmitted 2th time
++++ frame_probe ID: 1050 receives a frame at time 58.4136s ++++
++++ frame_probe ID: 1060 receives a frame at time 58.4547s ++++
a data frame with index 56 from node: 3 has been transmitted 3th time
++++ frame_probe ID: 1050 receives a frame at time 58.5946s ++++
++++ frame_probe ID: 1060 receives a frame at time 58.6357s ++++
a data frame with index 56 from node: 3 has been transmitted 4th time
++++ frame_probe ID: 1050 receives a frame at time 58.7708s ++++
++++ frame_probe ID: 1060 receives a frame at time 58.8117s ++++
a data frame with index 56 from node: 3 has been transmitted 5th time
++++ frame_probe ID: 1050 receives a frame at time 58.9768s ++++
++++ frame_probe ID: 1060 receives a frame at time 59.0178s ++++
frame: 56 from node: 3 is dropped because its max retransmission counter is reached. 
counter ID 880 results at time 7759.23 is 5
++++ frame_probe ID: 1050 receives a frame at time 59.2529s ++++
++++ frame_probe ID: 1060 receives a frame at time 59.2939s ++++
measurement 1/5 complete in 287 second(s).
a data frame with index 57 from node: 3 has been transmitted 1th time
++++ frame_probe ID: 1050 receives a frame at time 59.4288s ++++
++++ frame_probe ID: 1060 receives a frame at time 59.4697s ++++
a data frame with index 57 from node: 3 has been transmitted 2th time
++++ frame_probe ID: 1050 receives a frame at time 59.5992s ++++
++++ frame_probe ID: 1060 receives a frame at time 59.6401s ++++
a data frame with index 57 from node: 3 has been transmitted 3th time
++++ frame_probe ID: 1050 receives a frame at time 59.8s ++++
++++ frame_probe ID: 1060 receives a frame at time 59.8411s ++++
a data frame with index 57 from node: 3 has been transmitted 4th time
++++ frame_probe ID: 1050 receives a frame at time 60.0412s ++++
++++ frame_probe ID: 1060 receives a frame at time 60.0822s ++++
a data frame with index 57 from node: 3 has been transmitted 5th time
++++ frame_probe ID: 1050 receives a frame at time 60.2373s ++++
++++ frame_probe ID: 1060 receives a frame at time 60.2784s ++++
measurement 1/5 complete in 286 second(s).
frame: 57 from node: 3 is dropped because its max retransmission counter is reached. 
counter ID 880 results at time 7760.51 is 6
++++ frame_probe ID: 1050 receives a frame at time 60.5289s ++++
++++ frame_probe ID: 1060 receives a frame at time 60.5697s ++++
a data frame with index 58 from node: 3 has been transmitted 1th time
++++ frame_probe ID: 1050 receives a frame at time 60.7049s ++++
++++ frame_probe ID: 1060 receives a frame at time 60.7459s ++++
a data frame with index 58 from node: 3 has been transmitted 2th time
++++ frame_probe ID: 1050 receives a frame at time 60.8761s ++++
++++ frame_probe ID: 1060 receives a frame at time 60.9171s ++++
a data frame with index 58 from node: 3 has been transmitted 3th time
++++ frame_probe ID: 1050 receives a frame at time 61.0472s ++++
++++ frame_probe ID: 1060 receives a frame at time 61.0883s ++++
a data frame with index 58 from node: 3 has been transmitted 4th time
++++ frame_probe ID: 1050 receives a frame at time 61.2784s ++++
++++ frame_probe ID: 1060 receives a frame at time 61.3192s ++++
measurement 1/5 complete in 285 second(s).
a data frame with index 58 from node: 3 has been transmitted 5th time
++++ frame_probe ID: 1050 receives a frame at time 61.5546s ++++
++++ frame_probe ID: 1060 receives a frame at time 61.5956s ++++
measurement 1/5 complete in 284 second(s).
