Measurement 1/3 complete in 5 second(s).
linux; GNU C++ version 5.4.0 20160609; Boost_105800; UHD_003.009.005-45-g6768a615
linux; GNU C++ version 5.4.0 20160609; Boost_105800; UHD_003.009.005-45-g6768a615


Using Volk machine: avx_64_mmx
-- Opening a USRP2/N-Series device...
Using Volk machine: avx_64_mmx
-- Opening a USRP2/N-Series device...
-- Current recv frame size: 1472 bytes
-- Current send frame size: 1472 bytes
-- Current recv frame size: 1472 bytes
-- Current send frame size: 1472 bytes
Measurement 1/3 complete in 4 second(s).
develop_mode of random_filter ID: 1015 is activated.
the 1017th message counter is activated.
the 1018th message counter is activated.
the 1080th message counter is activated.
the 100th message counter is activated.
the 880th message counter is activated.
the 885th message counter is activated.
the 100th message counter is activated.
Measurement 1/3 complete in 3 second(s).
node starts running at 36.135
node starts running at 36.1467
++++ frame_probe ID: 850 receives a frame at time 36.3666s ++++
++++ frame_probe ID: 860 receives a frame at time 36.4079s ++++
INFO: Detected an invalid packet at item 0
INFO: Parser returned #f
++++ frame_probe ID: 1010 receives a frame at time 36.4126s ++++
generated random number is at 0.252562 and the threshold is 0.5. good luck. 
5436.41 s
++++ frame_probe ID: 882 receives a frame at time 36.4397s ++++
++++ frame_probe ID: 883 receives a frame at time 36.4398s ++++
++++ frame_probe ID: 890 receives a frame at time 36.4399s ++++
the 100th message counter  has been visited 1 times  
++++ frame_probe ID: 850 receives a frame at time 36.5172s ++++
++++ frame_probe ID: 860 receives a frame at time 36.5582s ++++
INFO: Detected an invalid packet at item 64
INFO: Parser returned #f
++++ frame_probe ID: 1010 receives a frame at time 36.5658s ++++
generated random number is0.830142 and the threshold is  at 0.5. bad luck and try next time. 
5436.57 s
 at 5436.67 s
++++ frame_probe ID: 850 receives a frame at time 36.6882s ++++
++++ frame_probe ID: 860 receives a frame at time 36.7291s ++++
INFO: Detected an invalid packet at item 96
INFO: Parser returned #f
++++ frame_probe ID: 1010 receives a frame at time 36.7382s ++++
generated random number is at 0.561295 and the threshold is 0.5. bad luck and try next time. 
5436.74 s
Measurement 1/3 complete in 2 second(s).
 at 5436.85 s
++++ frame_probe ID: 850 receives a frame at time 36.8693s ++++
++++ frame_probe ID: 860 receives a frame at time 36.9102s ++++
INFO: Detected an invalid packet at item 128
INFO: Parser returned #f
++++ frame_probe ID: 1010 receives a frame at time 36.9206s ++++
 at generated random number is5436.92 s
0.230639 and the threshold is 0.5. good luck. 
++++ frame_probe ID: 882 receives a frame at time 36.9395s ++++
++++ frame_probe ID: 883 receives a frame at time 36.9395s ++++
++++ frame_probe ID: 890 receives a frame at time 36.9396s ++++
the 100th message counter  has been visited 2 times  
++++ frame_probe ID: 850 receives a frame at time 37.048s ++++
++++ frame_probe ID: 860 receives a frame at time 37.0889s ++++
INFO: Detected an invalid packet at item 192
INFO: Parser returned #f
++++ frame_probe ID: 1010 receives a frame at time 37.094s ++++
generated random number is0.509338 and the threshold is  at 0.5. bad luck and try next time. 
5437.09 s
 at 5437.21 s
++++ frame_probe ID: 850 receives a frame at time 37.224s ++++
++++ frame_probe ID: 860 receives a frame at time 37.2649s ++++
INFO: Detected an invalid packet at item 224
INFO: Parser returned #f
++++ frame_probe ID: 1010 receives a frame at time 37.2764s ++++
 at generated random number is5437.28 s
0.287646 and the threshold is 0.5. good luck. 
++++ frame_probe ID: 882 receives a frame at time 37.3036s ++++
++++ frame_probe ID: 883 receives a frame at time 37.3036s ++++
++++ frame_probe ID: 890 receives a frame at time 37.3037s ++++
the 100th message counter  has been visited 3 times  
++++ frame_probe ID: 850 receives a frame at time 37.3781s ++++
++++ frame_probe ID: 860 receives a frame at time 37.4191s ++++
++++ frame_probe ID: 1010 receives a frame at time 37.4297s ++++
generated random number is at 0.493955 and the threshold is 0.5. good luck. 
5437.43 s
++++ frame_probe ID: 882 receives a frame at time 37.4567s ++++
++++ frame_probe ID: 883 receives a frame at time 37.4568s ++++
++++ frame_probe ID: 890 receives a frame at time 37.4568s ++++
the 100th message counter  has been visited 4 times  
++++ frame_probe ID: 850 receives a frame at time 37.5632s ++++
++++ frame_probe ID: 860 receives a frame at time 37.6043s ++++
++++ frame_probe ID: 1010 receives a frame at time 37.6121s ++++
generated random number is0.596191 and the threshold is 0.5. bad luck and try next time. 
 at 5437.61 s
 at 5437.72 s
++++ frame_probe ID: 850 receives a frame at time 37.7394s ++++
Measurement 1/3 complete in 1 second(s).
++++ frame_probe ID: 860 receives a frame at time 37.7804s ++++
++++ frame_probe ID: 1010 receives a frame at time 37.7857s ++++
generated random number is at 5437.79 s
0.246123 and the threshold is 0.5. good luck. 
INFO: Detected an invalid packet at item 320
INFO: Parser returned #f
++++ frame_probe ID: 882 receives a frame at time 37.8117s ++++
++++ frame_probe ID: 883 receives a frame at time 37.8118s ++++
 at 5437.9 s
++++ frame_probe ID: 850 receives a frame at time 37.9209s ++++
++++ frame_probe ID: 860 receives a frame at time 37.9619s ++++
INFO: Detected an invalid packet at item 384
INFO: Parser returned #f
++++ frame_probe ID: 1010 receives a frame at time 37.9679s ++++
generated random number is0.520632 and the threshold is 0.5. bad luck and try next time. 
 at 5437.97 s
 at 5438.1 s
++++ frame_probe ID: 850 receives a frame at time 38.1225s ++++
++++ frame_probe ID: 860 receives a frame at time 38.1633s ++++
INFO: Detected an invalid packet at item 416
INFO: Parser returned #f
++++ frame_probe ID: 1010 receives a frame at time 38.1694s ++++
generated random number is0.678232 and the threshold is  at 0.5. bad luck and try next time. 
5438.17 s
 at 5438.32 s
++++ frame_probe ID: 850 receives a frame at time 38.3334s ++++
++++ frame_probe ID: 860 receives a frame at time 38.3742s ++++
++++ frame_probe ID: 1010 receives a frame at time 38.3799s ++++
generated random number is0.957391 and the threshold is  at 0.5. bad luck and try next time. 
5438.38 s
 at 5438.56 s
++++ frame_probe ID: 850 receives a frame at time 38.5744s ++++
++++ frame_probe ID: 860 receives a frame at time 38.6153s ++++
++++ frame_probe ID: 1010 receives a frame at time 38.6204s ++++
generated random number is0.58533 and the threshold is 0.5. bad luck and try next time. 
 at 5438.62 s
INFO: Detected an invalid packet at item 448
INFO: Parser returned #f
Measurement 1 raw data directory created /home/inets/0_ba/bachelor_thesis/measurements/debug/data/51/1/.
'/home/inets/source/gr-inets/results/receiver_data_received.txt' -> '/home/inets/0_ba/bachelor_thesis/measurements/debug/data/51/1/receiver_data_received.txt'
'/home/inets/source/gr-inets/results/sender_ack_received.txt' -> '/home/inets/0_ba/bachelor_thesis/measurements/debug/data/51/1/sender_ack_received.txt'
'/home/inets/source/gr-inets/results/sender_bfr_dq.txt' -> '/home/inets/0_ba/bachelor_thesis/measurements/debug/data/51/1/sender_bfr_dq.txt'
'/home/inets/source/gr-inets/results/sender_data_sent.txt' -> '/home/inets/0_ba/bachelor_thesis/measurements/debug/data/51/1/sender_data_sent.txt'
Measurement 1 raw data moved to /home/inets/0_ba/bachelor_thesis/measurements/debug/data/51/1/.

Measurement 2/3 complete in 5 second(s).
linux; GNU C++ version 5.4.0 20160609; Boost_105800; UHD_003.009.005-45-g6768a615
linux; GNU C++ version 5.4.0 20160609; Boost_105800; UHD_003.009.005-45-g6768a615


Using Volk machine: avx_64_mmx
-- Opening a USRP2/N-Series device...
Using Volk machine: avx_64_mmx
-- Opening a USRP2/N-Series device...
-- Current recv frame size: 1472 bytes
-- Current send frame size: 1472 bytes
-- Current recv frame size: 1472 bytes
-- Current send frame size: 1472 bytes
Measurement 2/3 complete in 4 second(s).
develop_mode of random_filter ID: 1015 is activated.
the 1017th message counter is activated.
the 1018th message counter is activated.
the 1080th message counter is activated.
the 100th message counter is activated.
the 880th message counter is activated.
the 885th message counter is activated.
the 100th message counter is activated.
Measurement 2/3 complete in 3 second(s).
node starts running at 41.1508
node starts running at 41.1727
++++ frame_probe ID: 850 receives a frame at time 41.2775s ++++
++++ frame_probe ID: 860 receives a frame at time 41.3186s ++++
++++ frame_probe ID: 1010 receives a frame at time 41.3263s ++++
generated random number is at 0.0106946 and the threshold is 5441.330.5 s. good luck. 

INFO: Detected an invalid packet at item 0
INFO: Parser returned #f
++++ frame_probe ID: 882 receives a frame at time 41.3465s ++++
++++ frame_probe ID: 883 receives a frame at time 41.3465s ++++
++++ frame_probe ID: 890 receives a frame at time 41.3466s ++++
the 100th message counter  has been visited 1 times  
++++ frame_probe ID: 850 receives a frame at time 41.4406s ++++
++++ frame_probe ID: 860 receives a frame at time 41.4814s ++++
++++ frame_probe ID: 1010 receives a frame at time 41.4894s ++++
generated random number is at 0.0769195 and the threshold is 0.5. good luck. 
5441.49 s
++++ frame_probe ID: 882 receives a frame at time 41.5097s ++++
++++ frame_probe ID: 883 receives a frame at time 41.5097s ++++
++++ frame_probe ID: 890 receives a frame at time 41.5098s ++++
the 100th message counter  has been visited 2 times  
++++ frame_probe ID: 850 receives a frame at time 41.6061s ++++
++++ frame_probe ID: 860 receives a frame at time 41.6469s ++++
++++ frame_probe ID: 1010 receives a frame at time 41.6526s ++++
generated random number is at 0.182663 and the threshold is 0.5. good luck. 
5441.65 s
INFO: Detected an invalid packet at item 96
INFO: Parser returned #f
Measurement 2/3 complete in 2 second(s).
 at 5441.76 s
++++ frame_probe ID: 850 receives a frame at time 41.7767s ++++
++++ frame_probe ID: 860 receives a frame at time 41.8174s ++++
++++ frame_probe ID: 1010 receives a frame at time 41.8262s ++++
generated random number is0.942016 and the threshold is 0.5. bad luck and try next time. 
 at 5441.83 s
INFO: Detected an invalid packet at item 128
INFO: Parser returned #f
 at 5441.94 s
++++ frame_probe ID: 850 receives a frame at time 41.9623s ++++
++++ frame_probe ID: 860 receives a frame at time 42.0031s ++++
++++ frame_probe ID: 1010 receives a frame at time 42.0086s ++++
generated random number is at 0.0372238 and the threshold is 0.5. good luck. 
5442.01 s
INFO: Detected an invalid packet at item 160
INFO: Parser returned #f
++++ frame_probe ID: 882 receives a frame at time 42.0287s ++++
++++ frame_probe ID: 883 receives a frame at time 42.0288s ++++
 at 5442.13 s
++++ frame_probe ID: 850 receives a frame at time 42.1476s ++++
++++ frame_probe ID: 860 receives a frame at time 42.1885s ++++
INFO: Detected an invalid packet at item 224
INFO: Parser returned #f
++++ frame_probe ID: 1010 receives a frame at time 42.2004s ++++
generated random number is at 0.925138 and the threshold is 0.5. bad luck and try next time. 
5442.2 s
 at 5442.31 s
++++ frame_probe ID: 850 receives a frame at time 42.3283s ++++
++++ frame_probe ID: 860 receives a frame at time 42.3691s ++++
++++ frame_probe ID: 1010 receives a frame at time 42.3726s ++++
generated random number is0.711224 and the threshold is  at 0.5. bad luck and try next time. 
5442.37 s
INFO: Detected an invalid packet at item 256
INFO: Parser returned #f
 at 5442.6 s
++++ frame_probe ID: 850 receives a frame at time 42.6194s ++++
++++ frame_probe ID: 860 receives a frame at time 42.6602s ++++
++++ frame_probe ID: 1010 receives a frame at time 42.6703s ++++
generated random number is at 0.453291 and the threshold is 5442.67 s
0.5. good luck. 
INFO: Detected an invalid packet at item 288
INFO: Parser returned #f
++++ frame_probe ID: 882 receives a frame at time 42.6914s ++++
++++ frame_probe ID: 883 receives a frame at time 42.6914s ++++
++++ frame_probe ID: 890 receives a frame at time 42.6915s ++++
Measurement 2/3 complete in 1 second(s).
the 100th message counter  has been visited 3 times  
++++ frame_probe ID: 850 receives a frame at time 42.7939s ++++
++++ frame_probe ID: 860 receives a frame at time 42.8346s ++++
++++ frame_probe ID: 1010 receives a frame at time 42.8435s ++++
generated random number is at 0.23722 and the threshold is 0.5. good luck. 
5442.84 s
INFO: Detected an invalid packet at item 352
INFO: Parser returned #f
 at 5442.95 s
++++ frame_probe ID: 850 receives a frame at time 42.9643s ++++
++++ frame_probe ID: 860 receives a frame at time 43.005s ++++
++++ frame_probe ID: 1010 receives a frame at time 43.016s ++++
generated random number is at 0.0547228 and the threshold is 0.5. good luck. 
5443.02 s
++++ frame_probe ID: 882 receives a frame at time 43.0372s ++++
++++ frame_probe ID: 883 receives a frame at time 43.0372s ++++
++++ frame_probe ID: 890 receives a frame at time 43.0373s ++++
the 100th message counter  has been visited 4 times  
++++ frame_probe ID: 850 receives a frame at time 43.1356s ++++
++++ frame_probe ID: 860 receives a frame at time 43.1765s ++++
++++ frame_probe ID: 1010 receives a frame at time 43.1792s ++++
generated random number is at 0.0754136 and the threshold is 5443.18 s
0.5. good luck. 
INFO: Detected an invalid packet at item 416
INFO: Parser returned #f
INFO: Detected an invalid packet at item 448
INFO: Parser returned #f
 at 5443.29 s
++++ frame_probe ID: 850 receives a frame at time 43.311s ++++
++++ frame_probe ID: 860 receives a frame at time 43.3519s ++++
++++ frame_probe ID: 1010 receives a frame at time 43.3616s ++++
generated random number is at 0.239686 and the threshold is 5443.36 s
0.5. good luck. 
INFO: Detected an invalid packet at item 480
INFO: Parser returned #f
++++ frame_probe ID: 882 receives a frame at time 43.3818s ++++
++++ frame_probe ID: 883 receives a frame at time 43.3818s ++++
++++ frame_probe ID: 890 receives a frame at time 43.3819s ++++
the 100th message counter  has been visited 5 times  
++++ frame_probe ID: 850 receives a frame at time 43.4782s ++++
++++ frame_probe ID: 860 receives a frame at time 43.5191s ++++
++++ frame_probe ID: 1010 receives a frame at time 43.5249s ++++
generated random number is at 0.435779 and the threshold is 0.5. good luck. 
5443.52 s
INFO: Detected an invalid packet at item 544
INFO: Parser returned #f
++++ frame_probe ID: 882 receives a frame at time 43.5451s ++++
++++ frame_probe ID: 883 receives a frame at time 43.5451s ++++
 at 5443.63 s
++++ frame_probe ID: 850 receives a frame at time 43.6487s ++++
++++ frame_probe ID: 860 receives a frame at time 43.6894s ++++
++++ frame_probe ID: 1010 receives a frame at time 43.6975s ++++
generated random number is0.512698 and the threshold is  at 0.5. bad luck and try next time. 
5443.7 s
INFO: Detected an invalid packet at item 608
INFO: Parser returned #f
Measurement 2 raw data directory created /home/inets/0_ba/bachelor_thesis/measurements/debug/data/51/2/.
'/home/inets/source/gr-inets/results/receiver_data_received.txt' -> '/home/inets/0_ba/bachelor_thesis/measurements/debug/data/51/2/receiver_data_received.txt'
'/home/inets/source/gr-inets/results/sender_ack_received.txt' -> '/home/inets/0_ba/bachelor_thesis/measurements/debug/data/51/2/sender_ack_received.txt'
'/home/inets/source/gr-inets/results/sender_bfr_dq.txt' -> '/home/inets/0_ba/bachelor_thesis/measurements/debug/data/51/2/sender_bfr_dq.txt'
'/home/inets/source/gr-inets/results/sender_data_sent.txt' -> '/home/inets/0_ba/bachelor_thesis/measurements/debug/data/51/2/sender_data_sent.txt'
Measurement 2 raw data moved to /home/inets/0_ba/bachelor_thesis/measurements/debug/data/51/2/.

Measurement 3/3 complete in 5 second(s).
linux; GNU C++ version 5.4.0 20160609; Boost_105800; UHD_003.009.005-45-g6768a615
linux; GNU C++ version 5.4.0 20160609; Boost_105800; UHD_003.009.005-45-g6768a615


Using Volk machine: avx_64_mmx
-- Opening a USRP2/N-Series device...
Using Volk machine: avx_64_mmx
-- Opening a USRP2/N-Series device...
-- Current recv frame size: 1472 bytes
-- Current send frame size: 1472 bytes
-- Current recv frame size: 1472 bytes
-- Current send frame size: 1472 bytes
Measurement 3/3 complete in 4 second(s).
develop_mode of random_filter ID: 1015 is activated.
the 1017th message counter is activated.
the 1018th message counter is activated.
the 1080th message counter is activated.
the 100th message counter is activated.
the 880th message counter is activated.
the 885th message counter is activated.
the 100th message counter is activated.
Measurement 3/3 complete in 3 second(s).
node starts running at 46.1393
node starts running at 46.15
++++ frame_probe ID: 850 receives a frame at time 46.322s ++++
++++ frame_probe ID: 860 receives a frame at time 46.3634s ++++
++++ frame_probe ID: 1010 receives a frame at time 46.3688s ++++
generated random number is at 0.452882 and the threshold is 0.5. good luck. 
5446.37 s
INFO: Detected an invalid packet at item 0
INFO: Parser returned #f
 at 5446.48 s
++++ frame_probe ID: 850 receives a frame at time 46.4935s ++++
++++ frame_probe ID: 860 receives a frame at time 46.5344s ++++
++++ frame_probe ID: 1010 receives a frame at time 46.5413s ++++
generated random number is at 0.247933 and the threshold is 0.5. good luck. 
5446.54 s
INFO: Detected an invalid packet at item 32
INFO: Parser returned #f
++++ frame_probe ID: 882 receives a frame at time 46.5656s ++++
++++ frame_probe ID: 883 receives a frame at time 46.5657s ++++
 at 5446.65 s
++++ frame_probe ID: 850 receives a frame at time 46.6698s ++++
++++ frame_probe ID: 860 receives a frame at time 46.7107s ++++
INFO: Detected an invalid packet at item 96
INFO: Parser returned #f
++++ frame_probe ID: 1010 receives a frame at time 46.7235s ++++
generated random number is at 0.614212 and the threshold is 0.5. bad luck and try next time. 
5446.72 s
Measurement 3/3 complete in 2 second(s).
 at 5446.85 s
++++ frame_probe ID: 850 receives a frame at time 46.8659s ++++
++++ frame_probe ID: 860 receives a frame at time 46.9068s ++++
INFO: Detected an invalid packet at item 128
INFO: Parser returned #f
++++ frame_probe ID: 1010 receives a frame at time 46.915s ++++
generated random number is0.685735 and the threshold is 0.5. bad luck and try next time. 
 at 5446.92 s
 at 5447.03 s
++++ frame_probe ID: 850 receives a frame at time 47.047s ++++
++++ frame_probe ID: 860 receives a frame at time 47.088s ++++
++++ frame_probe ID: 1010 receives a frame at time 47.0974s ++++
generated random number is at 0.1336355447.1 s and the threshold is 
0.5. good luck. 
++++ frame_probe ID: 882 receives a frame at time 47.1227s ++++
++++ frame_probe ID: 883 receives a frame at time 47.1227s ++++
++++ frame_probe ID: 890 receives a frame at time 47.1228s ++++
the 100th message counter  has been visited 1 times  
++++ frame_probe ID: 850 receives a frame at time 47.1992s ++++
++++ frame_probe ID: 860 receives a frame at time 47.24s ++++
INFO: Detected an invalid packet at item 192
INFO: Parser returned #f
++++ frame_probe ID: 1010 receives a frame at time 47.2516s ++++
generated random number is at 0.876227 and the threshold is 0.5. bad luck and try next time. 
5447.25 s
 at 5447.36 s
++++ frame_probe ID: 850 receives a frame at time 47.3752s ++++
++++ frame_probe ID: 860 receives a frame at time 47.416s ++++
++++ frame_probe ID: 1010 receives a frame at time 47.424s ++++
generated random number is0.754691 and the threshold is 0.5. bad luck and try next time. 
 at 5447.42 s
 at 5447.53 s
++++ frame_probe ID: 850 receives a frame at time 47.5512s ++++
++++ frame_probe ID: 860 receives a frame at time 47.592s ++++
++++ frame_probe ID: 1010 receives a frame at time 47.5966s ++++
generated random number is0.411966 and the threshold is 0.5. good luck. 
 at 5447.6 s
INFO: Detected an invalid packet at item 224
INFO: Parser returned #f
INFO: Detected an invalid packet at item 256
INFO: Parser returned #f
 at 5447.72 s
++++ frame_probe ID: 850 receives a frame at time 47.7414s ++++
Measurement 3/3 complete in 1 second(s).
++++ frame_probe ID: 860 receives a frame at time 47.7823s ++++
++++ frame_probe ID: 1010 receives a frame at time 47.7891s ++++
generated random number is0.76968 at  and the threshold is 0.5. bad luck and try next time. 
5447.79 s
 at 5447.94 s
++++ frame_probe ID: 850 receives a frame at time 47.9573s ++++
++++ frame_probe ID: 860 receives a frame at time 47.9982s ++++
INFO: Detected an invalid packet at item 288
INFO: Parser returned #f
++++ frame_probe ID: 1010 receives a frame at time 48.0096s ++++
generated random number is0.61416 and the threshold is  at 0.5. bad luck and try next time. 
5448.01 s
 at 5448.2 s
++++ frame_probe ID: 850 receives a frame at time 48.2184s ++++
++++ frame_probe ID: 860 receives a frame at time 48.2593s ++++
INFO: Detected an invalid packet at item 320
INFO: Parser returned #f
++++ frame_probe ID: 1010 receives a frame at time 48.2693s ++++
generated random number is at 5448.27 s
0.073682 and the threshold is 0.5. good luck. 
++++ frame_probe ID: 882 receives a frame at time 48.2934s ++++
++++ frame_probe ID: 883 receives a frame at time 48.2935s ++++
++++ frame_probe ID: 890 receives a frame at time 48.2935s ++++
the 100th message counter  has been visited 2 times  
++++ frame_probe ID: 850 receives a frame at time 48.3885s ++++
++++ frame_probe ID: 860 receives a frame at time 48.4294s ++++
INFO: Detected an invalid packet at item 384
INFO: Parser returned #f
++++ frame_probe ID: 1010 receives a frame at time 48.4414s ++++
generated random number is0.638413 and the threshold is 0.5. bad luck and try next time. 
 at 5448.44 s
 at 5448.55 s
++++ frame_probe ID: 850 receives a frame at time 48.5642s ++++
++++ frame_probe ID: 860 receives a frame at time 48.6051s ++++
INFO: Detected an invalid packet at item 416
INFO: Parser returned #f
++++ frame_probe ID: 1010 receives a frame at time 48.6149s ++++
generated random number is0.522107 and the threshold is 0.5. bad luck and try next time. 
 at 5448.62 s
 at 5448.73 s
++++ frame_probe ID: 850 receives a frame at time 48.745s ++++
Measurement 3 raw data directory created /home/inets/0_ba/bachelor_thesis/measurements/debug/data/51/3/.
'/home/inets/source/gr-inets/results/receiver_data_received.txt' -> '/home/inets/0_ba/bachelor_thesis/measurements/debug/data/51/3/receiver_data_received.txt'
'/home/inets/source/gr-inets/results/sender_ack_received.txt' -> '/home/inets/0_ba/bachelor_thesis/measurements/debug/data/51/3/sender_ack_received.txt'
'/home/inets/source/gr-inets/results/sender_bfr_dq.txt' -> '/home/inets/0_ba/bachelor_thesis/measurements/debug/data/51/3/sender_bfr_dq.txt'
'/home/inets/source/gr-inets/results/sender_data_sent.txt' -> '/home/inets/0_ba/bachelor_thesis/measurements/debug/data/51/3/sender_data_sent.txt'
Measurement 3 raw data moved to /home/inets/0_ba/bachelor_thesis/measurements/debug/data/51/3/.

Now processing results...
Plotting Python should be: python3 (UBUNTU).
Hello from rtt.py!
Hello from variables.py!
data_sent: 1499955436.366633
data_sent: 1499955436.517249
data_sent: 1499955436.688169
data_sent: 1499955436.869324
data_sent: 1499955437.048023
data_sent: 1499955437.224048
data_sent: 1499955437.378133
data_sent: 1499955437.563191
data_sent: 1499955437.739397
data_sent: 1499955437.920948
data_sent: 1499955438.122469
data_sent: 1499955438.333358
data_sent: 1499955438.574353
ack_received: 1499955436.439886
ack_received: 1499955436.939601
ack_received: 1499955437.303683
ack_received: 1499955437.456846

The resulting mean RTT of this single measurement is:
0.4246575


data_sent: 1499955441.277493
data_sent: 1499955441.440632
data_sent: 1499955441.606113
data_sent: 1499955441.776683
data_sent: 1499955441.962346
data_sent: 1499955442.147576
data_sent: 1499955442.328335
data_sent: 1499955442.619397
data_sent: 1499955442.793856
data_sent: 1499955442.964338
data_sent: 1499955443.135618
data_sent: 1499955443.310952
data_sent: 1499955443.478238
data_sent: 1499955443.648696
ack_received: 1499955441.346626
ack_received: 1499955441.509804
ack_received: 1499955442.691488
ack_received: 1499955443.037258
ack_received: 1499955443.381887

The resulting mean RTT of this single measurement is:
0.780758


data_sent: 1499955446.321954
data_sent: 1499955446.493494
data_sent: 1499955446.669798
data_sent: 1499955446.865888
data_sent: 1499955447.047021
data_sent: 1499955447.199186
data_sent: 1499955447.375174
data_sent: 1499955447.551151
data_sent: 1499955447.741438
data_sent: 1499955447.957250
data_sent: 1499955448.218410
data_sent: 1499955448.388453
data_sent: 1499955448.564211
data_sent: 1499955448.745023
ack_received: 1499955447.122827
ack_received: 1499955448.293532

The resulting mean RTT of this single measurement is:
1.300455


[ 0.4246575  0.780758   1.300455 ]
Hello from myplot.py!
I will print a pdf for you now!
Hello from myplot.py!
I will print a cdf for you now!
<a list of 1 Patch objects>
Hello from myplot.py!
I will print a boxplot for you now!
Hello from myplot.py!
I will print a bar for you now!

+--------------------------------------------------------------+
| Plotting completed. Until the next measurement session then! |
+--------------------------------------------------------------+
