Measurement 1/2 complete in 4 second(s).
linux; GNU C++ version 5.4.0 20160609; Boost_105800; UHD_003.009.005-45-g6768a615
linux; GNU C++ version 5.4.0 20160609; Boost_105800; UHD_003.009.005-45-g6768a615


Using Volk machine: avx_64_mmx
-- Opening a USRP2/N-Series device...
Using Volk machine: avx_64_mmx
-- Opening a USRP2/N-Series device...
-- Current recv frame size: 1472 bytes
-- Current recv frame size: 1472 bytes
-- Current send frame size: 1472 bytes
-- Current send frame size: 1472 bytes
Measurement 1/2 complete in 3 second(s).
develop mode of resend_check ID: 24 is activated.
the 880th message counter is activated.
the 100th message counter is activated.
the 100th message counter is activated.
Measurement 1/2 complete in 2 second(s).
node starts running at 66.5693
node starts running at 66.5747
++++ frame_probe ID: 850 receives a frame at time 66.9984s ++++
++++ frame_probe ID: 860 receives a frame at time 67.0392s ++++
INFO: Detected an invalid packet at item 0
INFO: Parser returned #f
++++ frame_probe ID: 1010 receives a frame at time 67.042s ++++
+++++++++ frame_probe ID: 882 +++++++++Input mac frame has length: 15

+++++++++ frame_probe ID: 883 +++++++++ ---- ack frame detected ---- frame index is:            0;    destination address is:    3;    source address is:         1;    number of transmission is: 1;    reserved field I is:       318;    reserved field II is:      524;    payload length is:           0;    header length is:          11;    address check is:          0;    good frame is:             0;    analysis time is:             1.5003e+09;    frame info contains a frame with length 15 bytes: 
counter ID 880 results at time ++++ frame_probe ID: 890 receives a frame at time 9767.06 is 0
67.0622s ++++
the 100th message counter  has been visited 1 times  
++++ frame_probe ID: 850 receives a frame at time 67.1456s ++++
++++ frame_probe ID: 860 receives a frame at time 67.1862s ++++
++++ frame_probe ID: 1010 receives a frame at time 67.1965s ++++
Measurement 1/2 complete in 1 second(s).
INFO: Detected an invalid packet at item 64
INFO: Parser returned #f
+++++++++ frame_probe ID: 882 +++++++++Input mac frame has length: 15

+++++++++ frame_probe ID: 883 +++++++++ ---- ack frame detected ---- frame index is:            1;    destination address is:    3;    source address is:         1;    number of transmission is: 1;    reserved field I is:       318;    reserved field II is:      524;    payload length is:           0;    header length is:          11;    address check is:          0;    good frame is:             0;    analysis time is:             1.5003e+09;    frame info contains a frame with length 15 bytes: 
++++ frame_probe ID: 890 receives a frame at time counter ID 880 results at time 67.2162s ++++
9767.22 is 0
the 100th message counter  has been visited 2 times  
++++ frame_probe ID: 850 receives a frame at time 67.3195s ++++
++++ frame_probe ID: 860 receives a frame at time 67.3609s ++++
INFO: Detected an invalid packet at item 128
INFO: Parser returned #f
a data frame with index 2 from node: 3 has been transmitted 1th time
++++ frame_probe ID: 850 receives a frame at time 67.4908s ++++
++++ frame_probe ID: 860 receives a frame at time 67.5316s ++++
a data frame with index 2 from node: 3 has been transmitted 2th time
++++ frame_probe ID: 850 receives a frame at time 67.6766s ++++
++++ frame_probe ID: 860 receives a frame at time 67.7174s ++++
++++ frame_probe ID: 1010 receives a frame at time 67.7237s ++++
+++++++++ frame_probe ID: 882 +++++++++Input mac frame has length: 15

+++++++++ frame_probe ID: 883 +++++++++ ---- ack frame detected ---- frame index is:            2;    destination address is:    3;    source address is:         1;    number of transmission is: 1;    reserved field I is:       318;    reserved field II is:      524;    payload length is:           0;    header length is:          11;    address check is:          0;    good frame is:             0;    analysis time is:             1.5003e+09;    frame info contains a frame with length 15 bytes: 
++++ frame_probe ID: 890 receives a frame at time 67.7438s ++++
counter ID 880 results at time 9767.74 is 2
the 100th message counter  has been visited 3 times  
++++ frame_probe ID: 850 receives a frame at time 67.8421s ++++
++++ frame_probe ID: 860 receives a frame at time 67.8827s ++++
INFO: Detected an invalid packet at item 192
INFO: Parser returned #f
a data frame with index 3 from node: 3 has been transmitted 1th time
++++ frame_probe ID: 850 receives a frame at time 68.0173s ++++
++++ frame_probe ID: 860 receives a frame at time 68.0592s ++++
INFO: Detected an invalid packet at item 224
INFO: Parser returned #f
a data frame with index 3 from node: 3 has been transmitted 2th time
++++ frame_probe ID: 850 receives a frame at time 68.1892s ++++
Measurement 1 raw data directory created /home/inets/0_ba/bachelor_thesis/measurements/debug/data/110/1/.
'/home/inets/source/gr-inets/results/receiver_data_received.txt' -> '/home/inets/0_ba/bachelor_thesis/measurements/debug/data/110/1/receiver_data_received.txt'
'/home/inets/source/gr-inets/results/sender_ack_received.txt' -> '/home/inets/0_ba/bachelor_thesis/measurements/debug/data/110/1/sender_ack_received.txt'
'/home/inets/source/gr-inets/results/sender_bfr_dq.txt' -> '/home/inets/0_ba/bachelor_thesis/measurements/debug/data/110/1/sender_bfr_dq.txt'
'/home/inets/source/gr-inets/results/sender_data_sent.txt' -> '/home/inets/0_ba/bachelor_thesis/measurements/debug/data/110/1/sender_data_sent.txt'
'/home/inets/source/gr-inets/results/sender_retransmissions.txt' -> '/home/inets/0_ba/bachelor_thesis/measurements/debug/data/110/1/sender_retransmissions.txt'
Measurement 1 raw data moved to /home/inets/0_ba/bachelor_thesis/measurements/debug/data/110/1/.

Measurement 2/2 complete in 4 second(s).
linux; GNU C++ version 5.4.0 20160609; Boost_105800; UHD_003.009.005-45-g6768a615
linux; GNU C++ version 5.4.0 20160609; Boost_105800; UHD_003.009.005-45-g6768a615


Using Volk machine: avx_64_mmx
-- Opening a USRP2/N-Series device...
Using Volk machine: avx_64_mmx
-- Opening a USRP2/N-Series device...
-- Current recv frame size: 1472 bytes
-- Current send frame size: 1472 bytes
-- Current recv frame size: 1472 bytes
-- Current send frame size: 1472 bytes
Measurement 2/2 complete in 3 second(s).
develop mode of resend_check ID: 24 is activated.
the 100th message counter is activated.
the 880th message counter is activated.
the 100th message counter is activated.
Measurement 2/2 complete in 2 second(s).
node starts running at 70.5587
node starts running at 70.5725
++++ frame_probe ID: 850 receives a frame at time 70.5964s ++++
++++ frame_probe ID: 860 receives a frame at time 70.6374s ++++
INFO: Detected an invalid packet at item 0
INFO: Parser returned #f
a data frame with index 0 from node: 3 has been transmitted 1th time
++++ frame_probe ID: 850 receives a frame at time 70.7672s ++++
++++ frame_probe ID: 860 receives a frame at time 70.8112s ++++
a data frame with index 0 from node: 3 has been transmitted 2th time
++++ frame_probe ID: 850 receives a frame at time 70.9572s ++++
++++ frame_probe ID: 860 receives a frame at time 70.9981s ++++
INFO: Detected an invalid packet at item 32
INFO: Parser returned #f
a data frame with index 0 from node: 3 has been transmitted 3th time
++++ frame_probe ID: 850 receives a frame at time 71.1572s ++++
++++ frame_probe ID: 860 receives a frame at time 71.198s ++++
Measurement 2/2 complete in 1 second(s).
a data frame with index 0 from node: 3 has been transmitted 4th time
++++ frame_probe ID: 850 receives a frame at time 71.343s ++++
++++ frame_probe ID: 860 receives a frame at time 71.3878s ++++
INFO: Detected an invalid packet at item 64
INFO: Parser returned #f
a data frame with index 0 from node: 3 has been transmitted 5th time
++++ frame_probe ID: 850 receives a frame at time 71.6372s ++++
++++ frame_probe ID: 860 receives a frame at time 71.678s ++++
INFO: Detected an invalid packet at item 96
INFO: Parser returned #f
frame: 0 from node: 3 is dropped because its max retransmission counter is reached. 
counter ID 880 results at time 9771.79 is 5
+++++++++ frame_probe ID: 1 +++++++++ ---- data frame detected ---- frame index is:            0;    destination address is:    1;    source address is:         3;    number of transmission is: 6;    reserved field I is:       318;    reserved field II is:      524;    payload length is:           837;    header length is:          11;    address check is:          0;    good frame is:             0;    frame info contains a frame with length 852 bytes: input time_stamp is: 71.6371
++++ frame_probe ID: 850 receives a frame at time 71.8129s ++++
++++ frame_probe ID: 860 receives a frame at time 71.8536s ++++
++++ frame_probe ID: 1010 receives a frame at time 71.8578s ++++
INFO: Detected an invalid packet at item 128
INFO: Parser returned #f
+++++++++ frame_probe ID: 882 +++++++++Input mac frame has length: 15

+++++++++ frame_probe ID: 883 +++++++++ ---- ack frame detected ---- frame index is:            1;    destination address is:    3;    source address is:         1;    number of transmission is: 1;    reserved field I is:       318;    reserved field II is:      524;    payload length is:           0;    header length is:          11;    address check is:          0;    good frame is:             0;    analysis time is:             1.5003e+09;    frame info contains a frame with length 15 bytes: 
counter ID 880 results at time 9771.88 is 1
++++ frame_probe ID: 890 receives a frame at time 71.8804s ++++
the 100th message counter  has been visited 1 times  
++++ frame_probe ID: 850 receives a frame at time 71.9577s ++++
++++ frame_probe ID: 860 receives a frame at time 71.9992s ++++
INFO: Detected an invalid packet at item 192
INFO: Parser returned #f
a data frame with index 2 from node: 3 has been transmitted 1th time
++++ frame_probe ID: 850 receives a frame at time 72.1295s ++++
++++ frame_probe ID: 860 receives a frame at time 72.1703s ++++
INFO: Detected an invalid packet at item 224
INFO: Parser returned #f
Measurement 2 raw data directory created /home/inets/0_ba/bachelor_thesis/measurements/debug/data/110/2/.
'/home/inets/source/gr-inets/results/receiver_data_received.txt' -> '/home/inets/0_ba/bachelor_thesis/measurements/debug/data/110/2/receiver_data_received.txt'
'/home/inets/source/gr-inets/results/sender_ack_received.txt' -> '/home/inets/0_ba/bachelor_thesis/measurements/debug/data/110/2/sender_ack_received.txt'
'/home/inets/source/gr-inets/results/sender_bfr_dq.txt' -> '/home/inets/0_ba/bachelor_thesis/measurements/debug/data/110/2/sender_bfr_dq.txt'
'/home/inets/source/gr-inets/results/sender_data_sent.txt' -> '/home/inets/0_ba/bachelor_thesis/measurements/debug/data/110/2/sender_data_sent.txt'
'/home/inets/source/gr-inets/results/sender_retransmissions.txt' -> '/home/inets/0_ba/bachelor_thesis/measurements/debug/data/110/2/sender_retransmissions.txt'
Measurement 2 raw data moved to /home/inets/0_ba/bachelor_thesis/measurements/debug/data/110/2/.

Now processing results...
Plotting Python should be: python3 (UBUNTU).
Hello from rtt.py!
Hello from variables.py!
data_sent: 1500299766.998399
data_sent: 1500299767.145550
data_sent: 1500299767.319526
data_sent: 1500299767.490816
data_sent: 1500299767.676570
data_sent: 1500299767.842080
data_sent: 1500299768.017271
data_sent: 1500299768.189205
ack_received: 1500299767.062246
ack_received: 1500299767.216181
ack_received: 1500299767.743791
retx: [0, 0, 2]

The resulting RTTs of this single measurement are:
[0.06385, 0.07063]



The resulting mean RTT of this single measurement is:
0.06724


Hello from throughput.py!
Hello from variables.py!
[ 3000.  1000.]
Hello from myplot.py!
I will print a pdf for you now!
Hello from myplot.py!
I will print a cdf for you now!
<a list of 1 Patch objects>
Hello from myplot.py!
I will print a boxplot for you now!
Hello from myplot.py!
I will print a bar for you now!
Hello from myplot.py!
I will print a line for you now!

+--------------------------------------------------------------+
| Plotting completed. Until the next measurement session then! |
+--------------------------------------------------------------+
