Measurement 1/4 complete in 5 second(s).
linux; GNU C++ version 5.4.0 20160609; Boost_105800; UHD_003.009.005-45-g6768a615

linux; GNU C++ version 5.4.0 20160609; Boost_105800; UHD_003.009.005-45-g6768a615

Using Volk machine: avx_64_mmx
-- Opening a USRP2/N-Series device...
Using Volk machine: avx_64_mmx
-- Opening a USRP2/N-Series device...
-- Current recv frame size: 1472 bytes
-- Current send frame size: 1472 bytes
-- Current recv frame size: 1472 bytes
-- Current send frame size: 1472 bytes
Measurement 1/4 complete in 4 second(s).
the 100th message counter is activated.
the 100th message counter is activated.
Measurement 1/4 complete in 3 second(s).
node starts running at 35.8172
node starts running at 35.8211
++++ frame_probe ID: 850 receives a frame at time 35.8539s ++++
INFO: Detected an invalid packet at item 0
INFO: Parser returned #f
++++ frame_probe ID: 860 receives a frame at time 35.895s ++++
++++ frame_probe ID: 1010 receives a frame at time 35.9045s ++++
++++ frame_probe ID: 890 receives a frame at time 35.9264s ++++
the 100th message counter  has been visited 1 times  
++++ frame_probe ID: 850 receives a frame at time 35.9979s ++++
INFO: Detected an invalid packet at item 96
INFO: Parser returned #f
++++ frame_probe ID: 860 receives a frame at time 36.0388s ++++
++++ frame_probe ID: 1010 receives a frame at time 36.0489s ++++
++++ frame_probe ID: 890 receives a frame at time 36.0706s ++++
the 100th message counter  has been visited 2 times  
++++ frame_probe ID: 850 receives a frame at time 36.1651s ++++
INFO: Detected an invalid packet at item 192
INFO: Parser returned #f
++++ frame_probe ID: 860 receives a frame at time 36.2061s ++++
++++ frame_probe ID: 1010 receives a frame at time 36.2123s ++++
++++ frame_probe ID: 890 receives a frame at time 36.2338s ++++
the 100th message counter  has been visited 3 times  
++++ frame_probe ID: 850 receives a frame at time 36.3042s ++++
INFO: Detected an invalid packet at item 288
INFO: Parser returned #f
++++ frame_probe ID: 860 receives a frame at time 36.345s ++++
++++ frame_probe ID: 1010 receives a frame at time 36.3554s ++++
++++ frame_probe ID: 890 receives a frame at time 36.3771s ++++
Measurement 1/4 complete in 2 second(s).
the 100th message counter  has been visited 4 times  
++++ frame_probe ID: 850 receives a frame at time 36.4865s ++++
INFO: Detected an invalid packet at item 384
INFO: Parser returned #f
++++ frame_probe ID: 860 receives a frame at time 36.5274s ++++
++++ frame_probe ID: 1010 receives a frame at time 36.5379s ++++
++++ frame_probe ID: 890 receives a frame at time 36.5596s ++++
the 100th message counter  has been visited 5 times  
++++ frame_probe ID: 850 receives a frame at time 36.652s ++++
INFO: Detected an invalid packet at item 480
INFO: Parser returned #f
++++ frame_probe ID: 860 receives a frame at time 36.6929s ++++
++++ frame_probe ID: 1010 receives a frame at time 36.7012s ++++
++++ frame_probe ID: 890 receives a frame at time 36.723s ++++
the 100th message counter  has been visited 6 times  
++++ frame_probe ID: 850 receives a frame at time 36.8223s ++++
INFO: Detected an invalid packet at item 576
INFO: Parser returned #f
++++ frame_probe ID: 860 receives a frame at time 36.8632s ++++
++++ frame_probe ID: 1010 receives a frame at time 36.8745s ++++
++++ frame_probe ID: 890 receives a frame at time 36.8955s ++++
the 100th message counter  has been visited 7 times  
++++ frame_probe ID: 850 receives a frame at time 36.9698s ++++
INFO: Detected an invalid packet at item 672
INFO: Parser returned #f
++++ frame_probe ID: 860 receives a frame at time 37.0108s ++++
++++ frame_probe ID: 1010 receives a frame at time 37.018s ++++
++++ frame_probe ID: 890 receives a frame at time 37.0397s ++++
the 100th message counter  has been visited 8 times  
++++ frame_probe ID: 850 receives a frame at time 37.1571s ++++
INFO: Detected an invalid packet at item 768
INFO: Parser returned #f
++++ frame_probe ID: 860 receives a frame at time 37.1979s ++++
++++ frame_probe ID: 1010 receives a frame at time 37.2103s ++++
++++ frame_probe ID: 890 receives a frame at time 37.2322s ++++
the 100th message counter  has been visited 9 times  
++++ frame_probe ID: 850 receives a frame at time 37.3136s ++++
INFO: Detected an invalid packet at item 864
INFO: Parser returned #f
++++ frame_probe ID: 860 receives a frame at time 37.3546s ++++
++++ frame_probe ID: 1010 receives a frame at time 37.3637s ++++
++++ frame_probe ID: 890 receives a frame at time 37.3854s ++++
Measurement 1/4 complete in 1 second(s).
the 100th message counter  has been visited 10 times  
++++ frame_probe ID: 850 receives a frame at time 37.4818s ++++
INFO: Detected an invalid packet at item 960
INFO: Parser returned #f
++++ frame_probe ID: 860 receives a frame at time 37.5227s ++++
++++ frame_probe ID: 1010 receives a frame at time 37.5269s ++++
++++ frame_probe ID: 890 receives a frame at time 37.5485s ++++
the 100th message counter  has been visited 11 times  
++++ frame_probe ID: 850 receives a frame at time 37.6278s ++++
INFO: Detected an invalid packet at item 1056
INFO: Parser returned #f
++++ frame_probe ID: 860 receives a frame at time 37.6687s ++++
++++ frame_probe ID: 1010 receives a frame at time 37.6805s ++++
++++ frame_probe ID: 890 receives a frame at time 37.702s ++++
the 100th message counter  has been visited 12 times  
++++ frame_probe ID: 850 receives a frame at time 37.7934s ++++
INFO: Detected an invalid packet at item 1152
INFO: Parser returned #f
++++ frame_probe ID: 860 receives a frame at time 37.8344s ++++
++++ frame_probe ID: 1010 receives a frame at time 37.8439s ++++
++++ frame_probe ID: 890 receives a frame at time 37.8657s ++++
the 100th message counter  has been visited 13 times  
++++ frame_probe ID: 850 receives a frame at time 37.9511s ++++
INFO: Detected an invalid packet at item 1248
INFO: Parser returned #f
++++ frame_probe ID: 860 receives a frame at time 37.9918s ++++
++++ frame_probe ID: 1010 receives a frame at time 37.9974s ++++
++++ frame_probe ID: 890 receives a frame at time 38.0189s ++++
the 100th message counter  has been visited 14 times  
++++ frame_probe ID: 850 receives a frame at time 38.1072s ++++
INFO: Detected an invalid packet at item 1344
INFO: Parser returned #f
++++ frame_probe ID: 860 receives a frame at time 38.148s ++++
++++ frame_probe ID: 1010 receives a frame at time 38.1514s ++++
++++ frame_probe ID: 890 receives a frame at time 38.1722s ++++
the 100th message counter  has been visited 15 times  
++++ frame_probe ID: 850 receives a frame at time 38.2805s ++++
INFO: Detected an invalid packet at item 1440
INFO: Parser returned #f
++++ frame_probe ID: 860 receives a frame at time 38.3214s ++++
++++ frame_probe ID: 1010 receives a frame at time 38.3339s ++++
++++ frame_probe ID: 890 receives a frame at time 38.3547s ++++
Measurement 1 raw data directory created /home/inets/0_ba/bachelor_thesis/measurements/debug/data/88/1/.
'/home/inets/source/gr-inets/results/receiver_data_received.txt' -> '/home/inets/0_ba/bachelor_thesis/measurements/debug/data/88/1/receiver_data_received.txt'
'/home/inets/source/gr-inets/results/sender_ack_received.txt' -> '/home/inets/0_ba/bachelor_thesis/measurements/debug/data/88/1/sender_ack_received.txt'
'/home/inets/source/gr-inets/results/sender_bfr_dq.txt' -> '/home/inets/0_ba/bachelor_thesis/measurements/debug/data/88/1/sender_bfr_dq.txt'
'/home/inets/source/gr-inets/results/sender_data_sent.txt' -> '/home/inets/0_ba/bachelor_thesis/measurements/debug/data/88/1/sender_data_sent.txt'
Measurement 1 raw data moved to /home/inets/0_ba/bachelor_thesis/measurements/debug/data/88/1/.

Measurement 2/4 complete in 5 second(s).
linux; GNU C++ version 5.4.0 20160609; Boost_105800; UHD_003.009.005-45-g6768a615
linux; GNU C++ version 5.4.0 20160609; Boost_105800; UHD_003.009.005-45-g6768a615


Using Volk machine: avx_64_mmx
-- Opening a USRP2/N-Series device...
Using Volk machine: avx_64_mmx
-- Opening a USRP2/N-Series device...
-- Current recv frame size: 1472 bytes
-- Current send frame size: 1472 bytes
-- Current recv frame size: 1472 bytes
-- Current send frame size: 1472 bytes
Measurement 2/4 complete in 4 second(s).
the 100th message counter is activated.
the 100th message counter is activated.
Measurement 2/4 complete in 3 second(s).
node starts running at 40.82
node starts running at 40.8244
++++ frame_probe ID: 850 receives a frame at time 41.0229s ++++
INFO: Detected an invalid packet at item 0
INFO: Parser returned #f
++++ frame_probe ID: 860 receives a frame at time 41.0647s ++++
++++ frame_probe ID: 1010 receives a frame at time 41.0735s ++++
++++ frame_probe ID: 890 receives a frame at time 41.0926s ++++
the 100th message counter  has been visited 1 times  
++++ frame_probe ID: 850 receives a frame at time 41.174s ++++
INFO: Detected an invalid packet at item 96
INFO: Parser returned #f
++++ frame_probe ID: 860 receives a frame at time 41.2153s ++++
++++ frame_probe ID: 1010 receives a frame at time 41.2268s ++++
++++ frame_probe ID: 890 receives a frame at time 41.2459s ++++
the 100th message counter  has been visited 2 times  
++++ frame_probe ID: 850 receives a frame at time 41.3213s ++++
INFO: Detected an invalid packet at item 192
INFO: Parser returned #f
++++ frame_probe ID: 860 receives a frame at time 41.3622s ++++
++++ frame_probe ID: 1010 receives a frame at time 41.371s ++++
++++ frame_probe ID: 890 receives a frame at time 41.39s ++++
Measurement 2/4 complete in 2 second(s).
the 100th message counter  has been visited 3 times  
++++ frame_probe ID: 850 receives a frame at time 41.4915s ++++
INFO: Detected an invalid packet at item 288
INFO: Parser returned #f
++++ frame_probe ID: 860 receives a frame at time 41.5323s ++++
++++ frame_probe ID: 1010 receives a frame at time 41.5434s ++++
++++ frame_probe ID: 890 receives a frame at time 41.5632s ++++
the 100th message counter  has been visited 4 times  
++++ frame_probe ID: 850 receives a frame at time 41.6405s ++++
INFO: Detected an invalid packet at item 384
INFO: Parser returned #f
++++ frame_probe ID: 860 receives a frame at time 41.6813s ++++
++++ frame_probe ID: 1010 receives a frame at time 41.6877s ++++
++++ frame_probe ID: 890 receives a frame at time 41.7066s ++++
the 100th message counter  has been visited 5 times  
++++ frame_probe ID: 850 receives a frame at time 41.8179s ++++
INFO: Detected an invalid packet at item 480
INFO: Parser returned #f
++++ frame_probe ID: 860 receives a frame at time 41.8588s ++++
++++ frame_probe ID: 1010 receives a frame at time 41.87s ++++
++++ frame_probe ID: 890 receives a frame at time 41.8892s ++++
the 100th message counter  has been visited 6 times  
++++ frame_probe ID: 850 receives a frame at time 41.9607s ++++
INFO: Detected an invalid packet at item 576
INFO: Parser returned #f
++++ frame_probe ID: 860 receives a frame at time 42.0015s ++++
++++ frame_probe ID: 1010 receives a frame at time 42.0044s ++++
++++ frame_probe ID: 890 receives a frame at time 42.0239s ++++
the 100th message counter  has been visited 7 times  
++++ frame_probe ID: 850 receives a frame at time 42.1393s ++++
INFO: Detected an invalid packet at item 672
INFO: Parser returned #f
++++ frame_probe ID: 860 receives a frame at time 42.1803s ++++
++++ frame_probe ID: 1010 receives a frame at time 42.1869s ++++
++++ frame_probe ID: 890 receives a frame at time 42.2058s ++++
the 100th message counter  has been visited 8 times  
++++ frame_probe ID: 850 receives a frame at time 42.2881s ++++
INFO: Detected an invalid packet at item 768
INFO: Parser returned #f
++++ frame_probe ID: 860 receives a frame at time 42.329s ++++
++++ frame_probe ID: 1010 receives a frame at time 42.3402s ++++
++++ frame_probe ID: 890 receives a frame at time 42.3601s ++++
the 100th message counter  has been visited 9 times  
++++ frame_probe ID: 850 receives a frame at time 42.4354s ++++
INFO: Detected an invalid packet at item 864
INFO: Parser returned #f
Measurement 2/4 complete in 1 second(s).
++++ frame_probe ID: 860 receives a frame at time 42.4764s ++++
++++ frame_probe ID: 1010 receives a frame at time 42.4844s ++++
++++ frame_probe ID: 890 receives a frame at time 42.5035s ++++
the 100th message counter  has been visited 10 times  
++++ frame_probe ID: 850 receives a frame at time 42.601s ++++
INFO: Detected an invalid packet at item 960
INFO: Parser returned #f
++++ frame_probe ID: 860 receives a frame at time 42.642s ++++
++++ frame_probe ID: 1010 receives a frame at time 42.6482s ++++
++++ frame_probe ID: 890 receives a frame at time 42.6761s ++++
the 100th message counter  has been visited 11 times  
++++ frame_probe ID: 850 receives a frame at time 42.7715s ++++
INFO: Detected an invalid packet at item 1056
INFO: Parser returned #f
++++ frame_probe ID: 860 receives a frame at time 42.8124s ++++
++++ frame_probe ID: 1010 receives a frame at time 42.8201s ++++
++++ frame_probe ID: 890 receives a frame at time 42.8393s ++++
the 100th message counter  has been visited 12 times  
++++ frame_probe ID: 850 receives a frame at time 42.9498s ++++
INFO: Detected an invalid packet at item 1152
INFO: Parser returned #f
++++ frame_probe ID: 860 receives a frame at time 42.9907s ++++
++++ frame_probe ID: 1010 receives a frame at time 43.0027s ++++
++++ frame_probe ID: 890 receives a frame at time 43.0218s ++++
the 100th message counter  has been visited 13 times  
++++ frame_probe ID: 850 receives a frame at time 43.0981s ++++
INFO: Detected an invalid packet at item 1248
INFO: Parser returned #f
++++ frame_probe ID: 860 receives a frame at time 43.1392s ++++
++++ frame_probe ID: 1010 receives a frame at time 43.147s ++++
++++ frame_probe ID: 890 receives a frame at time 43.166s ++++
the 100th message counter  has been visited 14 times  
++++ frame_probe ID: 850 receives a frame at time 43.2553s ++++
INFO: Detected an invalid packet at item 1344
INFO: Parser returned #f
++++ frame_probe ID: 860 receives a frame at time 43.2961s ++++
++++ frame_probe ID: 1010 receives a frame at time 43.3002s ++++
++++ frame_probe ID: 890 receives a frame at time 43.3195s ++++
the 100th message counter  has been visited 15 times  
++++ frame_probe ID: 850 receives a frame at time 43.4288s ++++
INFO: Detected an invalid packet at item 1440
INFO: Parser returned #f
Measurement 2 raw data directory created /home/inets/0_ba/bachelor_thesis/measurements/debug/data/88/2/.
'/home/inets/source/gr-inets/results/receiver_data_received.txt' -> '/home/inets/0_ba/bachelor_thesis/measurements/debug/data/88/2/receiver_data_received.txt'
'/home/inets/source/gr-inets/results/sender_ack_received.txt' -> '/home/inets/0_ba/bachelor_thesis/measurements/debug/data/88/2/sender_ack_received.txt'
'/home/inets/source/gr-inets/results/sender_bfr_dq.txt' -> '/home/inets/0_ba/bachelor_thesis/measurements/debug/data/88/2/sender_bfr_dq.txt'
'/home/inets/source/gr-inets/results/sender_data_sent.txt' -> '/home/inets/0_ba/bachelor_thesis/measurements/debug/data/88/2/sender_data_sent.txt'
Measurement 2 raw data moved to /home/inets/0_ba/bachelor_thesis/measurements/debug/data/88/2/.

Measurement 3/4 complete in 5 second(s).
linux; GNU C++ version 5.4.0 20160609; Boost_105800; UHD_003.009.005-45-g6768a615
linux; GNU C++ version 5.4.0 20160609; Boost_105800; UHD_003.009.005-45-g6768a615


Using Volk machine: avx_64_mmx
-- Opening a USRP2/N-Series device...
Using Volk machine: avx_64_mmx
-- Opening a USRP2/N-Series device...
-- Current recv frame size: 1472 bytes
-- Current send frame size: 1472 bytes
-- Current recv frame size: 1472 bytes
-- Current send frame size: 1472 bytes
Measurement 3/4 complete in 4 second(s).
the 100th message counter is activated.
the 100th message counter is activated.
Measurement 3/4 complete in 3 second(s).
node starts running at 45.8116
node starts running at 45.8156
++++ frame_probe ID: 850 receives a frame at time 45.8391s ++++
INFO: Detected an invalid packet at item 0
INFO: Parser returned #f
++++ frame_probe ID: 860 receives a frame at time 45.8806s ++++
++++ frame_probe ID: 1010 receives a frame at time 45.8917s ++++
++++ frame_probe ID: 890 receives a frame at time 45.9152s ++++
the 100th message counter  has been visited 1 times  
++++ frame_probe ID: 850 receives a frame at time 46.0196s ++++
INFO: Detected an invalid packet at item 96
INFO: Parser returned #f
++++ frame_probe ID: 860 receives a frame at time 46.0605s ++++
++++ frame_probe ID: 1010 receives a frame at time 46.064s ++++
++++ frame_probe ID: 890 receives a frame at time 46.0874s ++++
the 100th message counter  has been visited 2 times  
++++ frame_probe ID: 850 receives a frame at time 46.1798s ++++
INFO: Detected an invalid packet at item 192
INFO: Parser returned #f
++++ frame_probe ID: 860 receives a frame at time 46.2206s ++++
++++ frame_probe ID: 1010 receives a frame at time 46.2273s ++++
++++ frame_probe ID: 890 receives a frame at time 46.2509s ++++
the 100th message counter  has been visited 3 times  
++++ frame_probe ID: 850 receives a frame at time 46.3333s ++++
INFO: Detected an invalid packet at item 288
INFO: Parser returned #f
++++ frame_probe ID: 860 receives a frame at time 46.3741s ++++
++++ frame_probe ID: 1010 receives a frame at time 46.3806s ++++
++++ frame_probe ID: 890 receives a frame at time 46.4042s ++++
Measurement 3/4 complete in 2 second(s).
the 100th message counter  has been visited 4 times  
++++ frame_probe ID: 850 receives a frame at time 46.5206s ++++
INFO: Detected an invalid packet at item 384
INFO: Parser returned #f
++++ frame_probe ID: 860 receives a frame at time 46.5615s ++++
++++ frame_probe ID: 1010 receives a frame at time 46.5722s ++++
++++ frame_probe ID: 890 receives a frame at time 46.5967s ++++
the 100th message counter  has been visited 5 times  
++++ frame_probe ID: 850 receives a frame at time 46.6661s ++++
INFO: Detected an invalid packet at item 480
INFO: Parser returned #f
++++ frame_probe ID: 860 receives a frame at time 46.7069s ++++
++++ frame_probe ID: 1010 receives a frame at time 46.7165s ++++
++++ frame_probe ID: 890 receives a frame at time 46.7408s ++++
the 100th message counter  has been visited 6 times  
++++ frame_probe ID: 850 receives a frame at time 46.8382s ++++
INFO: Detected an invalid packet at item 576
INFO: Parser returned #f
++++ frame_probe ID: 860 receives a frame at time 46.8792s ++++
++++ frame_probe ID: 1010 receives a frame at time 46.8898s ++++
++++ frame_probe ID: 890 receives a frame at time 46.9132s ++++
the 100th message counter  has been visited 7 times  
++++ frame_probe ID: 850 receives a frame at time 47.0146s ++++
INFO: Detected an invalid packet at item 672
INFO: Parser returned #f
++++ frame_probe ID: 860 receives a frame at time 47.0555s ++++
++++ frame_probe ID: 1010 receives a frame at time 47.0623s ++++
++++ frame_probe ID: 890 receives a frame at time 47.0858s ++++
the 100th message counter  has been visited 8 times  
++++ frame_probe ID: 850 receives a frame at time 47.1882s ++++
INFO: Detected an invalid packet at item 768
INFO: Parser returned #f
++++ frame_probe ID: 860 receives a frame at time 47.2292s ++++
++++ frame_probe ID: 1010 receives a frame at time 47.2349s ++++
++++ frame_probe ID: 890 receives a frame at time 47.259s ++++
the 100th message counter  has been visited 9 times  
++++ frame_probe ID: 850 receives a frame at time 47.3713s ++++
INFO: Detected an invalid packet at item 864
INFO: Parser returned #f
++++ frame_probe ID: 860 receives a frame at time 47.4122s ++++
++++ frame_probe ID: 1010 receives a frame at time 47.4172s ++++
++++ frame_probe ID: 890 receives a frame at time 47.4415s ++++
Measurement 3/4 complete in 1 second(s).
the 100th message counter  has been visited 10 times  
++++ frame_probe ID: 850 receives a frame at time 47.5429s ++++
INFO: Detected an invalid packet at item 960
INFO: Parser returned #f
++++ frame_probe ID: 860 receives a frame at time 47.5838s ++++
++++ frame_probe ID: 1010 receives a frame at time 47.5896s ++++
++++ frame_probe ID: 890 receives a frame at time 47.6143s ++++
the 100th message counter  has been visited 11 times  
++++ frame_probe ID: 850 receives a frame at time 47.7017s ++++
INFO: Detected an invalid packet at item 1056
INFO: Parser returned #f
++++ frame_probe ID: 860 receives a frame at time 47.7426s ++++
++++ frame_probe ID: 1010 receives a frame at time 47.7529s ++++
++++ frame_probe ID: 890 receives a frame at time 47.7772s ++++
the 100th message counter  has been visited 12 times  
++++ frame_probe ID: 850 receives a frame at time 47.8696s ++++
INFO: Detected an invalid packet at item 1152
INFO: Parser returned #f
++++ frame_probe ID: 860 receives a frame at time 47.9105s ++++
++++ frame_probe ID: 1010 receives a frame at time 47.9163s ++++
++++ frame_probe ID: 890 receives a frame at time 47.9409s ++++
the 100th message counter  has been visited 13 times  
++++ frame_probe ID: 850 receives a frame at time 48.0353s ++++
INFO: Detected an invalid packet at item 1248
INFO: Parser returned #f
++++ frame_probe ID: 860 receives a frame at time 48.0762s ++++
++++ frame_probe ID: 1010 receives a frame at time 48.0797s ++++
++++ frame_probe ID: 890 receives a frame at time 48.1039s ++++
the 100th message counter  has been visited 14 times  
++++ frame_probe ID: 850 receives a frame at time 48.1784s ++++
INFO: Detected an invalid packet at item 1344
INFO: Parser returned #f
++++ frame_probe ID: 860 receives a frame at time 48.2193s ++++
++++ frame_probe ID: 1010 receives a frame at time 48.224s ++++
++++ frame_probe ID: 890 receives a frame at time 48.2473s ++++
the 100th message counter  has been visited 15 times  
++++ frame_probe ID: 850 receives a frame at time 48.3397s ++++
INFO: Detected an invalid packet at item 1440
INFO: Parser returned #f
++++ frame_probe ID: 860 receives a frame at time 48.3805s ++++
++++ frame_probe ID: 1010 receives a frame at time 48.3872s ++++
++++ frame_probe ID: 890 receives a frame at time 48.4107s ++++
Measurement 3 raw data directory created /home/inets/0_ba/bachelor_thesis/measurements/debug/data/88/3/.
'/home/inets/source/gr-inets/results/receiver_data_received.txt' -> '/home/inets/0_ba/bachelor_thesis/measurements/debug/data/88/3/receiver_data_received.txt'
'/home/inets/source/gr-inets/results/sender_ack_received.txt' -> '/home/inets/0_ba/bachelor_thesis/measurements/debug/data/88/3/sender_ack_received.txt'
'/home/inets/source/gr-inets/results/sender_bfr_dq.txt' -> '/home/inets/0_ba/bachelor_thesis/measurements/debug/data/88/3/sender_bfr_dq.txt'
'/home/inets/source/gr-inets/results/sender_data_sent.txt' -> '/home/inets/0_ba/bachelor_thesis/measurements/debug/data/88/3/sender_data_sent.txt'
Measurement 3 raw data moved to /home/inets/0_ba/bachelor_thesis/measurements/debug/data/88/3/.

Measurement 4/4 complete in 5 second(s).
linux; GNU C++ version 5.4.0 20160609; Boost_105800; UHD_003.009.005-45-g6768a615
linux; GNU C++ version 5.4.0 20160609; Boost_105800; UHD_003.009.005-45-g6768a615


Using Volk machine: avx_64_mmx
-- Opening a USRP2/N-Series device...
Using Volk machine: avx_64_mmx
-- Opening a USRP2/N-Series device...
-- Current recv frame size: 1472 bytes
-- Current send frame size: 1472 bytes
-- Current recv frame size: 1472 bytes
-- Current send frame size: 1472 bytes
Measurement 4/4 complete in 4 second(s).
the 100th message counter is activated.
the 100th message counter is activated.
Measurement 4/4 complete in 3 second(s).
node starts running at 50.8412
node starts running at 50.8445
++++ frame_probe ID: 850 receives a frame at time 50.8926s ++++
INFO: Detected an invalid packet at item 0
INFO: Parser returned #f
++++ frame_probe ID: 860 receives a frame at time 50.9341s ++++
++++ frame_probe ID: 1010 receives a frame at time 50.9382s ++++
++++ frame_probe ID: 890 receives a frame at time 50.963s ++++
the 100th message counter  has been visited 1 times  
++++ frame_probe ID: 850 receives a frame at time 51.0673s ++++
INFO: Detected an invalid packet at item 96
INFO: Parser returned #f
++++ frame_probe ID: 860 receives a frame at time 51.1082s ++++
++++ frame_probe ID: 1010 receives a frame at time 51.1206s ++++
++++ frame_probe ID: 890 receives a frame at time 51.1452s ++++
the 100th message counter  has been visited 2 times  
++++ frame_probe ID: 850 receives a frame at time 51.2235s ++++
INFO: Detected an invalid packet at item 192
INFO: Parser returned #f
++++ frame_probe ID: 860 receives a frame at time 51.2645s ++++
++++ frame_probe ID: 1010 receives a frame at time 51.2738s ++++
++++ frame_probe ID: 890 receives a frame at time 51.2984s ++++
the 100th message counter  has been visited 3 times  
++++ frame_probe ID: 850 receives a frame at time 51.3857s ++++
INFO: Detected an invalid packet at item 288
INFO: Parser returned #f
++++ frame_probe ID: 860 receives a frame at time 51.4265s ++++
++++ frame_probe ID: 1010 receives a frame at time 51.4371s ++++
++++ frame_probe ID: 890 receives a frame at time 51.4619s ++++
Measurement 4/4 complete in 2 second(s).
the 100th message counter  has been visited 4 times  
++++ frame_probe ID: 850 receives a frame at time 51.5513s ++++
INFO: Detected an invalid packet at item 384
INFO: Parser returned #f
++++ frame_probe ID: 860 receives a frame at time 51.5921s ++++
++++ frame_probe ID: 1010 receives a frame at time 51.6007s ++++
++++ frame_probe ID: 890 receives a frame at time 51.6245s ++++
the 100th message counter  has been visited 5 times  
++++ frame_probe ID: 850 receives a frame at time 51.7149s ++++
INFO: Detected an invalid packet at item 480
INFO: Parser returned #f
++++ frame_probe ID: 860 receives a frame at time 51.7557s ++++
++++ frame_probe ID: 1010 receives a frame at time 51.7638s ++++
++++ frame_probe ID: 890 receives a frame at time 51.7876s ++++
the 100th message counter  has been visited 6 times  
++++ frame_probe ID: 850 receives a frame at time 51.895s ++++
INFO: Detected an invalid packet at item 576
INFO: Parser returned #f
++++ frame_probe ID: 860 receives a frame at time 51.9359s ++++
++++ frame_probe ID: 1010 receives a frame at time 51.9463s ++++
++++ frame_probe ID: 890 receives a frame at time 51.97s ++++
the 100th message counter  has been visited 7 times  
++++ frame_probe ID: 850 receives a frame at time 52.0384s ++++
INFO: Detected an invalid packet at item 672
INFO: Parser returned #f
++++ frame_probe ID: 860 receives a frame at time 52.0793s ++++
++++ frame_probe ID: 1010 receives a frame at time 52.0899s ++++
++++ frame_probe ID: 890 receives a frame at time 52.1145s ++++
the 100th message counter  has been visited 8 times  
++++ frame_probe ID: 850 receives a frame at time 52.2259s ++++
INFO: Detected an invalid packet at item 768
INFO: Parser returned #f
++++ frame_probe ID: 860 receives a frame at time 52.2667s ++++
++++ frame_probe ID: 1010 receives a frame at time 52.2722s ++++
++++ frame_probe ID: 890 receives a frame at time 52.2968s ++++
the 100th message counter  has been visited 9 times  
++++ frame_probe ID: 850 receives a frame at time 52.3942s ++++
INFO: Detected an invalid packet at item 864
INFO: Parser returned #f
++++ frame_probe ID: 860 receives a frame at time 52.4351s ++++
++++ frame_probe ID: 1010 receives a frame at time 52.4455s ++++
++++ frame_probe ID: 890 receives a frame at time 52.4691s ++++
Measurement 4/4 complete in 1 second(s).
the 100th message counter  has been visited 10 times  
++++ frame_probe ID: 850 receives a frame at time 52.5725s ++++
INFO: Detected an invalid packet at item 960
INFO: Parser returned #f
++++ frame_probe ID: 860 receives a frame at time 52.6134s ++++
++++ frame_probe ID: 1010 receives a frame at time 52.6179s ++++
++++ frame_probe ID: 890 receives a frame at time 52.6426s ++++
the 100th message counter  has been visited 11 times  
++++ frame_probe ID: 850 receives a frame at time 52.757s ++++
INFO: Detected an invalid packet at item 1056
INFO: Parser returned #f
++++ frame_probe ID: 860 receives a frame at time 52.7978s ++++
++++ frame_probe ID: 1010 receives a frame at time 52.8103s ++++
++++ frame_probe ID: 890 receives a frame at time 52.834s ++++
the 100th message counter  has been visited 12 times  
++++ frame_probe ID: 850 receives a frame at time 52.9305s ++++
INFO: Detected an invalid packet at item 1152
INFO: Parser returned #f
++++ frame_probe ID: 860 receives a frame at time 52.9715s ++++
++++ frame_probe ID: 1010 receives a frame at time 52.9826s ++++
++++ frame_probe ID: 890 receives a frame at time 53.0075s ++++
the 100th message counter  has been visited 13 times  
++++ frame_probe ID: 850 receives a frame at time 53.1209s ++++
INFO: Detected an invalid packet at item 1248
INFO: Parser returned #f
++++ frame_probe ID: 860 receives a frame at time 53.1618s ++++
++++ frame_probe ID: 1010 receives a frame at time 53.1652s ++++
++++ frame_probe ID: 890 receives a frame at time 53.1897s ++++
the 100th message counter  has been visited 14 times  
++++ frame_probe ID: 850 receives a frame at time 53.2821s ++++
INFO: Detected an invalid packet at item 1344
INFO: Parser returned #f
++++ frame_probe ID: 860 receives a frame at time 53.323s ++++
++++ frame_probe ID: 1010 receives a frame at time 53.3284s ++++
++++ frame_probe ID: 890 receives a frame at time 53.3531s ++++
the 100th message counter  has been visited 15 times  
++++ frame_probe ID: 850 receives a frame at time 53.4665s ++++
Measurement 4 raw data directory created /home/inets/0_ba/bachelor_thesis/measurements/debug/data/88/4/.
'/home/inets/source/gr-inets/results/receiver_data_received.txt' -> '/home/inets/0_ba/bachelor_thesis/measurements/debug/data/88/4/receiver_data_received.txt'
'/home/inets/source/gr-inets/results/sender_ack_received.txt' -> '/home/inets/0_ba/bachelor_thesis/measurements/debug/data/88/4/sender_ack_received.txt'
'/home/inets/source/gr-inets/results/sender_bfr_dq.txt' -> '/home/inets/0_ba/bachelor_thesis/measurements/debug/data/88/4/sender_bfr_dq.txt'
'/home/inets/source/gr-inets/results/sender_data_sent.txt' -> '/home/inets/0_ba/bachelor_thesis/measurements/debug/data/88/4/sender_data_sent.txt'
Measurement 4 raw data moved to /home/inets/0_ba/bachelor_thesis/measurements/debug/data/88/4/.

Now processing results...
Plotting Python should be: python3 (UBUNTU).

+--------------------------------------------------------------+
| Plotting completed. Until the next measurement session then! |
+--------------------------------------------------------------+
Measurement 1/1 complete in 4 second(s).
linux; GNU C++ version 5.4.0 20160609; Boost_105800; UHD_003.009.005-45-g6768a615
linux; GNU C++ version 5.4.0 20160609; Boost_105800; UHD_003.009.005-45-g6768a615


Using Volk machine: avx_64_mmx
-- Opening a USRP2/N-Series device...
Using Volk machine: avx_64_mmx
-- Opening a USRP2/N-Series device...
-- Current recv frame size: 1472 bytes
-- Current recv frame size: 1472 bytes
-- Current send frame size: 1472 bytes
-- Current send frame size: 1472 bytes
Measurement 1/1 complete in 3 second(s).
the 880th message counter is activated.
the 100th message counter is activated.
the 100th message counter is activated.
Measurement 1/1 complete in 2 second(s).
node starts running at 34.4742
node starts running at 34.4744
++++ frame_probe ID: 850 receives a frame at time 34.562s ++++
++++ frame_probe ID: 860 receives a frame at time 34.6034s ++++
++++ frame_probe ID: 1010 receives a frame at time 34.6115s ++++
INFO: Detected an invalid packet at item 0
INFO: Parser returned #f
++++ frame_probe ID: 882 receives a frame at time 34.6316s ++++
++++ frame_probe ID: 883 receives a frame at time 34.6317s ++++
++++ frame_probe ID: 890 receives a frame at time 34.6317s ++++
the 100th message counter  has been visited 1 times  
++++ frame_probe ID: 850 receives a frame at time 34.7705s ++++
++++ frame_probe ID: 860 receives a frame at time 34.8113s ++++
INFO: Detected an invalid packet at item 64
INFO: Parser returned #f
++++ frame_probe ID: 1010 receives a frame at time 34.8231s ++++
INFO: Detected an invalid packet at item 96
INFO: Parser returned #f
++++ frame_probe ID: 882 receives a frame at time 34.8429s ++++
++++ frame_probe ID: 883 receives a frame at time 34.8429s ++++
++++ frame_probe ID: 890 receives a frame at time 34.843s ++++
the 100th message counter  has been visited 2 times  
++++ frame_probe ID: 850 receives a frame at time 34.9273s ++++
++++ frame_probe ID: 860 receives a frame at time 34.9686s ++++
INFO: Detected an invalid packet at item 160
INFO: Parser returned #f
++++ frame_probe ID: 1010 receives a frame at time 34.9764s ++++
INFO: Detected an invalid packet at item 192
INFO: Parser returned #f
++++ frame_probe ID: 882 receives a frame at time 34.9964s ++++
++++ frame_probe ID: 883 receives a frame at time 34.9964s ++++
++++ frame_probe ID: 890 receives a frame at time 34.9965s ++++
the 100th message counter  has been visited 3 times  
++++ frame_probe ID: 850 receives a frame at time 35.0708s ++++
Measurement 1/1 complete in 1 second(s).
++++ frame_probe ID: 860 receives a frame at time 35.112s ++++
++++ frame_probe ID: 1010 receives a frame at time 35.1205s ++++
INFO: Detected an invalid packet at item 256
INFO: Parser returned #f
INFO: Detected an invalid packet at item 288
INFO: Parser returned #f
INFO: Detected an invalid packet at item 320
INFO: Parser returned #f
++++ frame_probe ID: 882 receives a frame at time 35.1403s ++++
++++ frame_probe ID: 883 receives a frame at time 35.1404s ++++
++++ frame_probe ID: 890 receives a frame at time 35.1405s ++++
the 100th message counter  has been visited 4 times  
++++ frame_probe ID: 850 receives a frame at time 35.2448s ++++
++++ frame_probe ID: 860 receives a frame at time 35.2855s ++++
INFO: Detected an invalid packet at item 384
INFO: Parser returned #f
++++ frame_probe ID: 1010 receives a frame at time 35.2929s ++++
INFO: Detected an invalid packet at item 416
INFO: Parser returned #f
++++ frame_probe ID: 882 receives a frame at time 35.3163s ++++
++++ frame_probe ID: 883 receives a frame at time 35.3163s ++++
++++ frame_probe ID: 890 receives a frame at time 35.3164s ++++
the 100th message counter  has been visited 5 times  
++++ frame_probe ID: 850 receives a frame at time 35.4129s ++++
++++ frame_probe ID: 860 receives a frame at time 35.4536s ++++
++++ frame_probe ID: 1010 receives a frame at time 35.4663s ++++
INFO: Detected an invalid packet at item 480
INFO: Parser returned #f
++++ frame_probe ID: 882 receives a frame at time 35.4887s ++++
++++ frame_probe ID: 883 receives a frame at time 35.4888s ++++
++++ frame_probe ID: 890 receives a frame at time 35.4889s ++++
the 100th message counter  has been visited 6 times  
++++ frame_probe ID: 850 receives a frame at time 35.5723s ++++
++++ frame_probe ID: 860 receives a frame at time 35.6133s ++++
++++ frame_probe ID: 1010 receives a frame at time 35.6196s ++++
INFO: Detected an invalid packet at item 544
INFO: Parser returned #f
INFO: Detected an invalid packet at item 576
INFO: Parser returned #f
++++ frame_probe ID: 882 receives a frame at time 35.6422s ++++
++++ frame_probe ID: 883 receives a frame at time 35.6423s ++++
++++ frame_probe ID: 890 receives a frame at time 35.6423s ++++
the 100th message counter  has been visited 7 times  
++++ frame_probe ID: 850 receives a frame at time 35.7528s ++++
++++ frame_probe ID: 860 receives a frame at time 35.7935s ++++
++++ frame_probe ID: 1010 receives a frame at time 35.8019s ++++
INFO: Detected an invalid packet at item 640
INFO: Parser returned #f
INFO: Detected an invalid packet at item 672
INFO: Parser returned #f
++++ frame_probe ID: 882 receives a frame at time 35.8247s ++++
++++ frame_probe ID: 883 receives a frame at time 35.8247s ++++
++++ frame_probe ID: 890 receives a frame at time 35.8248s ++++
the 100th message counter  has been visited 8 times  
++++ frame_probe ID: 850 receives a frame at time 35.9261s ++++
++++ frame_probe ID: 860 receives a frame at time 35.9669s ++++
++++ frame_probe ID: 1010 receives a frame at time 35.9746s ++++
INFO: Detected an invalid packet at item 736
INFO: Parser returned #f
INFO: Detected an invalid packet at item 768
INFO: Parser returned #f
++++ frame_probe ID: 882 receives a frame at time 35.9981s ++++
++++ frame_probe ID: 883 receives a frame at time 35.9981s ++++
++++ frame_probe ID: 890 receives a frame at time 35.9982s ++++
the 100th message counter  has been visited 9 times  
++++ frame_probe ID: 850 receives a frame at time 36.0765s ++++
Measurement 1 raw data directory created /home/inets/0_ba/bachelor_thesis/measurements/debug/data/88/1/.
'/home/inets/source/gr-inets/results/receiver_data_received.txt' -> '/home/inets/0_ba/bachelor_thesis/measurements/debug/data/88/1/receiver_data_received.txt'
'/home/inets/source/gr-inets/results/sender_ack_received.txt' -> '/home/inets/0_ba/bachelor_thesis/measurements/debug/data/88/1/sender_ack_received.txt'
'/home/inets/source/gr-inets/results/sender_bfr_dq.txt' -> '/home/inets/0_ba/bachelor_thesis/measurements/debug/data/88/1/sender_bfr_dq.txt'
'/home/inets/source/gr-inets/results/sender_data_sent.txt' -> '/home/inets/0_ba/bachelor_thesis/measurements/debug/data/88/1/sender_data_sent.txt'
Measurement 1 raw data moved to /home/inets/0_ba/bachelor_thesis/measurements/debug/data/88/1/.

Now processing results...
Plotting Python should be: python3 (UBUNTU).
Hello from rtt.py!
Hello from variables.py!
Hello from throughput.py!
Hello from variables.py!
[ 9000.]

+--------------------------------------------------------------+
| Plotting completed. Until the next measurement session then! |
+--------------------------------------------------------------+
