Measurement 1/2 complete in 4 second(s).
linux; GNU C++ version 5.4.0 20160609; Boost_105800; UHD_003.009.005-45-g6768a615

linux; GNU C++ version 5.4.0 20160609; Boost_105800; UHD_003.009.005-45-g6768a615

Using Volk machine: avx_64_mmx
-- Opening a USRP2/N-Series device...
Using Volk machine: avx_64_mmx
-- Opening a USRP2/N-Series device...
-- Current recv frame size: 1472 bytes
-- Current recv frame size: 1472 bytes
-- Current send frame size: 1472 bytes
-- Current send frame size: 1472 bytes
Measurement 1/2 complete in 3 second(s).
develop_mode of random_filter ID: 1015 is activated.
the 100th message counter is activated.
the 880th message counter is activated.
the 100th message counter is activated.
Measurement 1/2 complete in 2 second(s).
node starts running at 73.6681
node starts running at 73.6687
++++ frame_probe ID: 850 receives a frame at time 73.7194s ++++
++++ frame_probe ID: 860 receives a frame at time 73.7601s ++++
INFO: Detected an invalid packet at item 0
INFO: Parser returned #f
 at 6873.87 s
++++ frame_probe ID: 850 receives a frame at time 73.8902s ++++
++++ frame_probe ID: 860 receives a frame at time 73.9311s ++++
INFO: Detected an invalid packet at item 32
INFO: Parser returned #f
 at 6874.04 s
++++ frame_probe ID: 850 receives a frame at time 74.0613s ++++
++++ frame_probe ID: 860 receives a frame at time 74.102s ++++
INFO: Detected an invalid packet at item 64
INFO: Parser returned #f
 at 6874.24 s
++++ frame_probe ID: 850 receives a frame at time 74.2624s ++++
Measurement 1/2 complete in 1 second(s).
++++ frame_probe ID: 860 receives a frame at time 74.303s ++++
 at 6874.44 s
++++ frame_probe ID: 850 receives a frame at time 74.4629s ++++
++++ frame_probe ID: 860 receives a frame at time 74.5035s ++++
INFO: Detected an invalid packet at item 96
INFO: Parser returned #f
 at 6874.66 s
++++ frame_probe ID: 850 receives a frame at time 74.6734s ++++
++++ frame_probe ID: 860 receives a frame at time 74.714s ++++
INFO: Detected an invalid packet at item 128
INFO: Parser returned #f
 at 6874.91 s
++++ frame_probe ID: 850 receives a frame at time 74.9244s ++++
++++ frame_probe ID: 860 receives a frame at time 74.9653s ++++
INFO: Detected an invalid packet at item 160
INFO: Parser returned #f
 at 6875.08 s
++++ frame_probe ID: 850 receives a frame at time 75.1006s ++++
++++ frame_probe ID: 860 receives a frame at time 75.1413s ++++
INFO: Detected an invalid packet at item 192
INFO: Parser returned #f
 at 6875.26 s
++++ frame_probe ID: 850 receives a frame at time 75.2818s ++++
Measurement 1 raw data directory created /home/inets/0_ba/bachelor_thesis/measurements/debug/data/102/1/.
'/home/inets/source/gr-inets/results/sender_bfr_dq.txt' -> '/home/inets/0_ba/bachelor_thesis/measurements/debug/data/102/1/sender_bfr_dq.txt'
'/home/inets/source/gr-inets/results/sender_data_sent.txt' -> '/home/inets/0_ba/bachelor_thesis/measurements/debug/data/102/1/sender_data_sent.txt'
Measurement 1 raw data moved to /home/inets/0_ba/bachelor_thesis/measurements/debug/data/102/1/.

Measurement 2/2 complete in 4 second(s).
linux; GNU C++ version 5.4.0 20160609; Boost_105800; UHD_003.009.005-45-g6768a615
linux; GNU C++ version 5.4.0 20160609; Boost_105800; UHD_003.009.005-45-g6768a615


Using Volk machine: avx_64_mmx
-- Opening a USRP2/N-Series device...
Using Volk machine: avx_64_mmx
-- Opening a USRP2/N-Series device...
-- Current recv frame size: 1472 bytes
-- Current send frame size: 1472 bytes
-- Current recv frame size: 1472 bytes
-- Current send frame size: 1472 bytes
Measurement 2/2 complete in 3 second(s).
develop_mode of random_filter ID: 1015 is activated.
the 100th message counter is activated.
the 880th message counter is activated.
the 100th message counter is activated.
Measurement 2/2 complete in 2 second(s).
node starts running at 77.7039
node starts running at 77.7263
++++ frame_probe ID: 850 receives a frame at time 77.9295s ++++
++++ frame_probe ID: 860 receives a frame at time 77.9702s ++++
 at 6878.09 s
++++ frame_probe ID: 850 receives a frame at time 78.1047s ++++
++++ frame_probe ID: 860 receives a frame at time 78.1453s ++++
INFO: Detected an invalid packet at item 0
INFO: Parser returned #f
 at 6878.27 s
++++ frame_probe ID: 850 receives a frame at time 78.285s ++++
Measurement 2/2 complete in 1 second(s).
++++ frame_probe ID: 860 receives a frame at time 78.3256s ++++
INFO: Detected an invalid packet at item 32
INFO: Parser returned #f
INFO: Detected an invalid packet at item 64
INFO: Parser returned #f
 at 6878.44 s
++++ frame_probe ID: 850 receives a frame at time 78.4602s ++++
++++ frame_probe ID: 860 receives a frame at time 78.5007s ++++
INFO: Detected an invalid packet at item 96
INFO: Parser returned #f
INFO: Detected an invalid packet at item 128
INFO: Parser returned #f
 at 6878.63 s
++++ frame_probe ID: 850 receives a frame at time 78.6503s ++++
++++ frame_probe ID: 860 receives a frame at time 78.6908s ++++
INFO: Detected an invalid packet at item 160
INFO: Parser returned #f
 at 6878.82 s
++++ frame_probe ID: 850 receives a frame at time 78.8353s ++++
++++ frame_probe ID: 860 receives a frame at time 78.8758s ++++
INFO: Detected an invalid packet at item 192
INFO: Parser returned #f
 at 6879.05 s
++++ frame_probe ID: 850 receives a frame at time 79.0651s ++++
++++ frame_probe ID: 860 receives a frame at time 79.1056s ++++
INFO: Detected an invalid packet at item 224
INFO: Parser returned #f
 at 6879.22 s
++++ frame_probe ID: 850 receives a frame at time 79.24s ++++
++++ frame_probe ID: 860 receives a frame at time 79.2804s ++++
INFO: Detected an invalid packet at item 256
INFO: Parser returned #f
Measurement 2 raw data directory created /home/inets/0_ba/bachelor_thesis/measurements/debug/data/102/2/.
'/home/inets/source/gr-inets/results/sender_bfr_dq.txt' -> '/home/inets/0_ba/bachelor_thesis/measurements/debug/data/102/2/sender_bfr_dq.txt'
'/home/inets/source/gr-inets/results/sender_data_sent.txt' -> '/home/inets/0_ba/bachelor_thesis/measurements/debug/data/102/2/sender_data_sent.txt'
Measurement 2 raw data moved to /home/inets/0_ba/bachelor_thesis/measurements/debug/data/102/2/.

Now processing results...
Plotting Python should be: python3 (UBUNTU).
Hello from rtt.py!
Hello from variables.py!
data_sent: 1500296873.719355
data_sent: 1500296873.890166
data_sent: 1500296874.061310
data_sent: 1500296874.262379
data_sent: 1500296874.462945
data_sent: 1500296874.673433
data_sent: 1500296874.924398
data_sent: 1500296875.100644
data_sent: 1500296875.281800
File /home/inets/0_ba/bachelor_thesis/measurements/debug/data/102/1/sender_ack_received.txt not found.                 Assuming not reached in GR.
File /home/inets/0_ba/bachelor_thesis/measurements/debug/data/102/1/sender_retransmissions.txt not found.                 Assuming not reached in GR. Creating data for you...

The resulting RTTs of this single measurement are:
[]


