measurement 1/2 complete in 10 second(s).
linux; GNU C++ version 5.4.0 20160609; Boost_105800; UHD_003.009.005-45-g6768a615

linux; GNU C++ version 5.4.0 20160609; Boost_105800; UHD_003.009.005-45-g6768a615

Using Volk machine: avx_64_mmx
-- Opening a USRP2/N-Series device...
Using Volk machine: avx_64_mmx
-- Opening a USRP2/N-Series device...
-- Current recv frame size: 1472 bytes
-- Current send frame size: 1472 bytes
-- Current recv frame size: 1472 bytes
-- Current send frame size: 1472 bytes
measurement 1/2 complete in 9 second(s).
develop mode of resend_check ID: 24 is activated.
develop_mode of random_filter ID: 1015 is activated.
the 100th message counter is activated.
the 880th message counter is activated.
the 100th message counter is activated.
measurement 1/2 complete in 8 second(s).
node starts running at 56.8821
node starts running at 56.8836
++++ frame_probe ID: 850 receives a frame at time 57.0064s ++++
INFO: Detected an invalid packet at item 0
INFO: Parser returned #f
++++ frame_probe ID: 860 receives a frame at time 57.0472s ++++
* header analysis ID: 7 get the 1th transmission of data frame 0 at time 1.48554e+07 s
++++ frame_probe ID: 1 receives a frame at time 57.0572s ++++
++++ frame_probe ID: 2 receives a frame at time 57.0573s ++++
++++ frame_probe ID: 1010 receives a frame at time 57.0573s ++++
generated random number is++++ frame_probe ID: 1018 receives a frame at time 0.74297 and the threshold is 1. good luck. 
57.0575s ++++
INFO: Detected an invalid packet at item 64
INFO: Parser returned #f
INFO: Detected an invalid packet at item 96
INFO: Parser returned #f
INFO: Detected an invalid packet at item 128
INFO: Parser returned #f
INFO: Detected an invalid packet at item 0
INFO: Parser returned #f
a data frame with index 0 from node: 3 has been transmitted 1th time
++++ frame_probe ID: 850 receives a frame at time 57.1822s ++++
++++ frame_probe ID: 860 receives a frame at time 57.2228s ++++
* header analysis ID: 7 get the 1th transmission of data frame 0 at time 1.48554e+07 s
++++ frame_probe ID: 1 receives a frame at time 57.2304s ++++
++++ frame_probe ID: 2 receives a frame at time 57.2305s ++++
++++ frame_probe ID: 1010 receives a frame at time 57.2305s ++++
generated random number is0.531318 and the threshold is 1. good luck. 
++++ frame_probe ID: 1018 receives a frame at time 57.2305s ++++
INFO: Detected an invalid packet at item 224
INFO: Parser returned #f
INFO: Detected an invalid packet at item 256
INFO: Parser returned #f
INFO: Detected an invalid packet at item 32
INFO: Parser returned #f
a data frame with index 0 from node: 3 has been transmitted 2th time
++++ frame_probe ID: 850 receives a frame at time 57.3623s ++++
++++ frame_probe ID: 860 receives a frame at time 57.4029s ++++
* header analysis ID: 7 get the 1th transmission of data frame 0 at time 1.48554e+07 s
++++ frame_probe ID: 1 receives a frame at time 57.4131s ++++
++++ frame_probe ID: 2 receives a frame at time 57.4132s ++++
++++ frame_probe ID: 1010 receives a frame at time 57.4132s ++++
generated random number is0.284226 and the threshold is ++++ frame_probe ID: 1. good luck. 1018 receives a frame at time 
57.4133s ++++
INFO: Detected an invalid packet at item 352
INFO: Parser returned #f
INFO: Detected an invalid packet at item 384
INFO: Parser returned #f
INFO: Detected an invalid packet at item 64
INFO: Parser returned #f
measurement 1/2 complete in 7 second(s).
a data frame with index 0 from node: 3 has been transmitted 3th time
++++ frame_probe ID: 850 receives a frame at time 57.5378s ++++
++++ frame_probe ID: 860 receives a frame at time 57.5787s ++++
* header analysis ID: 7 get the 1th transmission of data frame 0 at time 1.48554e+07 s
++++ frame_probe ID: 1 receives a frame at time 57.5856s ++++
++++ frame_probe ID: 2 receives a frame at time 57.5857s ++++
++++ frame_probe ID: 1010 receives a frame at time 57.5857s ++++
generated random number is0.544404 and the threshold is 1. good luck. 
++++ frame_probe ID: 1018 receives a frame at time 57.5858s ++++
INFO: Detected an invalid packet at item 480
INFO: Parser returned #f
INFO: Detected an invalid packet at item 512
INFO: Parser returned #f
INFO: Detected an invalid packet at item 544
INFO: Parser returned #f
INFO: Detected an invalid packet at item 96
INFO: Parser returned #f
a data frame with index 0 from node: 3 has been transmitted 4th time
++++ frame_probe ID: 850 receives a frame at time 57.7735s ++++
++++ frame_probe ID: 860 receives a frame at time 57.8144s ++++
* header analysis ID: 7 get the 1th transmission of data frame 0 at time 1.48554e+07 s
++++ frame_probe ID: 1 receives a frame at time 57.8263s ++++
++++ frame_probe ID: 2 receives a frame at time 57.8263s ++++
++++ frame_probe ID: 1010 receives a frame at time 57.8263s ++++
generated random number is++++ frame_probe ID: 1018 receives a frame at time 0.557368 and the threshold is 1. good luck. 57.8264
s ++++
INFO: Detected an invalid packet at item 640
INFO: Parser returned #f
INFO: Detected an invalid packet at item 672
INFO: Parser returned #f
INFO: Detected an invalid packet at item 704
INFO: Parser returned #f
INFO: Detected an invalid packet at item 128
INFO: Parser returned #f
a data frame with index 0 from node: 3 has been transmitted 5th time
++++ frame_probe ID: 850 receives a frame at time 58.0292s ++++
INFO: Detected an invalid packet at item 768
INFO: Parser returned #f
++++ frame_probe ID: 860 receives a frame at time 58.0701s ++++
* header analysis ID: 7 get the 1th transmission of data frame 0 at time 1.48554e+07 s
++++ frame_probe ID: 1 receives a frame at time 58.0758s ++++
++++ frame_probe ID: 2 receives a frame at time 58.0759s ++++
++++ frame_probe ID: 1010 receives a frame at time 58.0759s ++++
generated random number is++++ frame_probe ID: 1018 receives a frame at time 0.268667 and the threshold is 1. good luck. 
58.076s ++++
INFO: Detected an invalid packet at item 832
INFO: Parser returned #f
INFO: Detected an invalid packet at item 864
INFO: Parser returned #f
INFO: Detected an invalid packet at item 160
INFO: Parser returned #f
frame: 0 from node: 3 is dropped because its max retransmission counter is reached. 
counter ID 880 results at time +++++++++ frame_probe ID: 1 +++++++++4358.31 is  ---- data frame detected ---- 5
frame index is:            0;    destination address is:    1;    source address is:         3;    number of transmission is: 6;    reserved field I is:       318;    reserved field II is:      524;    payload length is:           837;    header length is:          11;    address check is:          0;    good frame is:             0;    frame info contains a frame with length 852 bytes: input time_stamp is: 58.0291
++++ frame_probe ID: 850 receives a frame at time 58.3301s ++++
INFO: Detected an invalid packet at item 928
INFO: Parser returned #f
++++ frame_probe ID: 860 receives a frame at time 58.3711s ++++
* header analysis ID: 7 get the 1th transmission of data frame 1 at time 1.48554e+07 s
++++ frame_probe ID: 1 receives a frame at time 58.3825s ++++
++++ frame_probe ID: 2 receives a frame at time 58.3826s ++++
++++ frame_probe ID: 1010 receives a frame at time 58.3826s ++++
generated random number is++++ frame_probe ID: 1018 receives a frame at time 0.100848 and the threshold is 58.3827s ++++1
. good luck. 
INFO: Detected an invalid packet at item 992
INFO: Parser returned #f
INFO: Detected an invalid packet at item 1024
INFO: Parser returned #f
INFO: Detected an invalid packet at item 1056
INFO: Parser returned #f
INFO: Detected an invalid packet at item 192
INFO: Parser returned #f
measurement 1/2 complete in 6 second(s).
a data frame with index 1 from node: 3 has been transmitted 1th time
++++ frame_probe ID: 850 receives a frame at time 58.501s ++++
INFO: Detected an invalid packet at item 1120
INFO: Parser returned #f
++++ frame_probe ID: 860 receives a frame at time 58.5418s ++++
* header analysis ID: 7 get the 1th transmission of data frame 1 at time 1.48554e+07 s
++++ frame_probe ID: 1 receives a frame at time 58.546s ++++
++++ frame_probe ID: 2 receives a frame at time 58.546s ++++
++++ frame_probe ID: 1010 receives a frame at time 58.5461s ++++
generated random number is++++ frame_probe ID: 1018 receives a frame at time 0.713781 and the threshold is 1. good luck. 
58.5461s ++++
INFO: Detected an invalid packet at item 1184
INFO: Parser returned #f
INFO: Detected an invalid packet at item 1216
INFO: Parser returned #f
INFO: Detected an invalid packet at item 224
INFO: Parser returned #f
a data frame with index 1 from node: 3 has been transmitted 2th time
++++ frame_probe ID: 850 receives a frame at time 58.6766s ++++
INFO: Detected an invalid packet at item 1280
INFO: Parser returned #f
++++ frame_probe ID: 860 receives a frame at time 58.7176s ++++
* header analysis ID: 7 get the 1th transmission of data frame 1 at time 1.48554e+07 s
++++ frame_probe ID: 1 receives a frame at time 58.7286s ++++
++++ frame_probe ID: 2 receives a frame at time 58.7286s ++++
++++ frame_probe ID: 1010 receives a frame at time 58.7286s ++++
generated random number is++++ frame_probe ID: 1018 receives a frame at time 0.588193 and the threshold is 1. good luck. 
58.7287s ++++
INFO: Detected an invalid packet at item 1344
INFO: Parser returned #f
INFO: Detected an invalid packet at item 1376
INFO: Parser returned #f
INFO: Detected an invalid packet at item 256
INFO: Parser returned #f
a data frame with index 1 from node: 3 has been transmitted 3th time
++++ frame_probe ID: 850 receives a frame at time 58.8621s ++++
++++ frame_probe ID: 860 receives a frame at time 58.9029s ++++
* header analysis ID: 7 get the 1th transmission of data frame 1 at time 1.48554e+07 s
++++ frame_probe ID: 1 receives a frame at time 58.9107s ++++
++++ frame_probe ID: 2 receives a frame at time 58.9107s ++++
++++ frame_probe ID: 1010 receives a frame at time 58.9108s ++++
generated random number is0.83581 and the threshold is ++++ frame_probe ID: 1. good luck. 
1018 receives a frame at time 58.9108s ++++
INFO: Detected an invalid packet at item 1472
INFO: Parser returned #f
INFO: Detected an invalid packet at item 1504
INFO: Parser returned #f
INFO: Detected an invalid packet at item 1536
INFO: Parser returned #f
INFO: Detected an invalid packet at item 288
INFO: Parser returned #f
a data frame with index 1 from node: 3 has been transmitted 4th time
++++ frame_probe ID: 850 receives a frame at time 59.068s ++++
INFO: Detected an invalid packet at item 1600
INFO: Parser returned #f
++++ frame_probe ID: 860 receives a frame at time 59.1088s ++++
* header analysis ID: 7 get the 1th transmission of data frame 1 at time 1.48554e+07 s
++++ frame_probe ID: 1 receives a frame at time 59.1121s ++++
++++ frame_probe ID: 2 receives a frame at time 59.1121s ++++
++++ frame_probe ID: 1010 receives a frame at time 59.1122s ++++
generated random number is++++ frame_probe ID: 1018 receives a frame at time 0.925674 and the threshold is 59.1122s ++++
1. good luck. 
INFO: Detected an invalid packet at item 1664
INFO: Parser returned #f
INFO: Detected an invalid packet at item 1696
INFO: Parser returned #f
INFO: Detected an invalid packet at item 1728
INFO: Parser returned #f
INFO: Detected an invalid packet at item 320
INFO: Parser returned #f
a data frame with index 1 from node: 3 has been transmitted 5th time
++++ frame_probe ID: 850 receives a frame at time 59.3388s ++++
INFO: Detected an invalid packet at item 1792
INFO: Parser returned #f
++++ frame_probe ID: 860 receives a frame at time 59.3796s ++++
* header analysis ID: 7 get the 1th transmission of data frame 1 at time 1.48554e+07 s
++++ frame_probe ID: 1 receives a frame at time 59.391s ++++
++++ frame_probe ID: 2 receives a frame at time 59.391s ++++
++++ frame_probe ID: 1010 receives a frame at time 59.3911s ++++
generated random number is++++ frame_probe ID: 0.593521 and the threshold is 1018 receives a frame at time 1. good luck. 
59.3911s ++++
INFO: Detected an invalid packet at item 1856
INFO: Parser returned #f
INFO: Detected an invalid packet at item 1888
INFO: Parser returned #f
INFO: Detected an invalid packet at item 352
INFO: Parser returned #f
measurement 1/2 complete in 5 second(s).
frame: 1 from node: 3 is dropped because its max retransmission counter is reached. 
counter ID 880 results at time 4359.52 is 6
+++++++++ frame_probe ID: 1 +++++++++ ---- data frame detected ---- frame index is:            1;    destination address is:    1;    source address is:         3;    number of transmission is: 6;    reserved field I is:       318;    reserved field II is:      524;    payload length is:           837;    header length is:          11;    address check is:          0;    good frame is:             0;    frame info contains a frame with length 852 bytes: input time_stamp is: 59.3387
++++ frame_probe ID: 850 receives a frame at time 59.5344s ++++
INFO: Detected an invalid packet at item 1952
INFO: Parser returned #f
++++ frame_probe ID: 860 receives a frame at time 59.5752s ++++
* header analysis ID: 7 get the 1th transmission of data frame 2 at time 1.48554e+07 s
++++ frame_probe ID: 1 receives a frame at time 59.5821s ++++
++++ frame_probe ID: 2++++ frame_probe ID:  receives a frame at time 1010 receives a frame at time 59.582159.5821s ++++s ++++

generated random number is++++ frame_probe ID: 10180.181262 receives a frame at time  and the threshold is 1. good luck. 
59.5822s ++++
INFO: Detected an invalid packet at item 2016
INFO: Parser returned #f
INFO: Detected an invalid packet at item 2048
INFO: Parser returned #f
INFO: Detected an invalid packet at item 2080
INFO: Parser returned #f
INFO: Detected an invalid packet at item 384
INFO: Parser returned #f
a data frame with index 2 from node: 3 has been transmitted 1th time
++++ frame_probe ID: 850 receives a frame at time 59.71s ++++
++++ frame_probe ID: 860 receives a frame at time 59.7508s ++++
* header analysis ID: 7 get the 1th transmission of data frame 2 at time 1.48554e+07 s
++++ frame_probe ID: 1 receives a frame at time 59.7555s ++++
++++ frame_probe ID: 2 receives a frame at time 59.7555s ++++
++++ frame_probe ID: 1010 receives a frame at time 59.7555s ++++
generated random number is++++ frame_probe ID: 10180.0904823 receives a frame at time  and the threshold is 1. good luck. 
59.7556s ++++
INFO: Detected an invalid packet at item 2176
INFO: Parser returned #f
INFO: Detected an invalid packet at item 2208
INFO: Parser returned #f
INFO: Detected an invalid packet at item 2240
INFO: Detected an invalid packet at item 416
INFO: Parser returned #f
INFO: Parser returned #f
a data frame with index 2 from node: 3 has been transmitted 2th time
++++ frame_probe ID: 850 receives a frame at time 59.8909s ++++
INFO: Detected an invalid packet at item 2304
INFO: Parser returned #f
++++ frame_probe ID: 860 receives a frame at time 59.9318s ++++
* header analysis ID: 7 get the 1th transmission of data frame 2 at time 1.48554e+07 s
++++ frame_probe ID: 1 receives a frame at time 59.938s ++++
++++ frame_probe ID: 2 receives a frame at time 59.938s ++++
++++ frame_probe ID: 1010 receives a frame at time 59.938s ++++
++++ frame_probe ID: generated random number is1018 receives a frame at time 0.64785 and the threshold is 59.9381s ++++
1. good luck. 
INFO: Detected an invalid packet at item 2368
INFO: Parser returned #f
INFO: Detected an invalid packet at item 2400
INFO: Parser returned #f
INFO: Detected an invalid packet at item 448
INFO: Parser returned #f
a data frame with index 2 from node: 3 has been transmitted 3th time
++++ frame_probe ID: 850 receives a frame at time 60.0718s ++++
INFO: Detected an invalid packet at item 2464
INFO: Parser returned #f
++++ frame_probe ID: 860 receives a frame at time 60.1127s ++++
* header analysis ID: 7 get the 1th transmission of data frame 2 at time 1.48554e+07 s
++++ frame_probe ID: 1 receives a frame at time 60.1203s ++++
++++ frame_probe ID: 2 receives a frame at time 60.1204s ++++
++++ frame_probe ID: 1010 receives a frame at time 60.1204s ++++
generated random number is++++ frame_probe ID: 10180.851261 receives a frame at time  and the threshold is 1. good luck. 
60.1205s ++++
INFO: Detected an invalid packet at item 2528
INFO: Parser returned #f
INFO: Detected an invalid packet at item 2560
INFO: Parser returned #f
+++++++++ frame_probe ID: 882 +++++++++Input mac frame has length: 15

a data frame with index 2 from node: 3 has been transmitted 4th time
++++ frame_probe ID: 850 receives a frame at time 60.3122s ++++
++++ frame_probe ID: 860 receives a frame at time 60.3531s ++++
* header analysis ID: 7 get the 1th transmission of data frame 2 at time 1.48554e+07 s
++++ frame_probe ID: 1 receives a frame at time 60.3591s ++++
++++ frame_probe ID: 2 receives a frame at time 60.3591s ++++
++++ frame_probe ID: 1010 receives a frame at time 60.3591s ++++
generated random number is0.6762 and the threshold is ++++ frame_probe ID: 1018 receives a frame at time 1. good luck. 
60.3592s ++++
INFO: Detected an invalid packet at item 2656
INFO: Parser returned #f
INFO: Detected an invalid packet at item 2688
INFO: Parser returned #f
INFO: Detected an invalid packet at item 512
INFO: Parser returned #f
measurement 1/2 complete in 4 second(s).
a data frame with index 2 from node: 3 has been transmitted 5th time
++++ frame_probe ID: 850 receives a frame at time 60.5977s ++++
INFO: Detected an invalid packet at item 2752
INFO: Parser returned #f
++++ frame_probe ID: 860 receives a frame at time 60.6386s ++++
* header analysis ID: 7 get the 1th transmission of data frame 2 at time 1.48554e+07 s
++++ frame_probe ID: 1 receives a frame at time 60.6475s ++++
++++ frame_probe ID: 2 receives a frame at time 60.6476s ++++
++++ frame_probe ID: 1010 receives a frame at time 60.6476s ++++
generated random number is0.701708 and the threshold is 1. good luck. ++++ frame_probe ID: 
1018 receives a frame at time 60.6477s ++++
INFO: Detected an invalid packet at item 2816
INFO: Parser returned #f
INFO: Detected an invalid packet at item 2848
INFO: Parser returned #f
INFO: Detected an invalid packet at item 2880
INFO: Parser returned #f
INFO: Detected an invalid packet at item 544
INFO: Parser returned #f
frame: 2 from node: 3 is dropped because its max retransmission counter is reached. 
counter ID 880 results at time 4360.93 is 6
+++++++++ frame_probe ID: 1 +++++++++ ---- data frame detected ---- frame index is:            2;    destination address is:    1;    source address is:         3;    number of transmission is: 6;    reserved field I is:       318;    reserved field II is:      524;    payload length is:           837;    header length is:          11;    address check is:          0;    good frame is:             0;    frame info contains a frame with length 852 bytes: input time_stamp is: 60.5976
++++ frame_probe ID: 850 receives a frame at time 60.9433s ++++
INFO: Detected an invalid packet at item 2944
INFO: Parser returned #f
++++ frame_probe ID: 860 receives a frame at time 60.9841s ++++
* header analysis ID: 7 get the 1th transmission of data frame 3 at time 1.48554e+07 s
++++ frame_probe ID: 1 receives a frame at time 60.9933s ++++
++++ frame_probe ID: 2 receives a frame at time 60.9933s ++++
++++ frame_probe ID: 1010 receives a frame at time 60.9934s ++++
generated random number is++++ frame_probe ID: 1018 receives a frame at time 0.522875 and the threshold is 1. good luck. 
60.9935s ++++
INFO: Detected an invalid packet at item 3008
INFO: Parser returned #f
INFO: Detected an invalid packet at item 3040
INFO: Parser returned #f
INFO: Detected an invalid packet at item 3072
INFO: Parser returned #f
INFO: Detected an invalid packet at item 576
INFO: Parser returned #f
a data frame with index 3 from node: 3 has been transmitted 1th time
++++ frame_probe ID: 850 receives a frame at time 61.1141s ++++
++++ frame_probe ID: 860 receives a frame at time 61.1548s ++++
* header analysis ID: 7 get the 1th transmission of data frame 3 at time 1.48554e+07 s
++++ frame_probe ID: 1 receives a frame at time 61.1658s ++++
++++ frame_probe ID: 2 receives a frame at time 61.1658s ++++
++++ frame_probe ID: 1010 receives a frame at time 61.1658s ++++
generated random number is++++ frame_probe ID: 1018 receives a frame at time 0.818366 and the threshold is 1. good luck. 61.1659
s ++++
INFO: Detected an invalid packet at item 3168
INFO: Parser returned #f
INFO: Detected an invalid packet at item 3200
INFO: Parser returned #f
INFO: Detected an invalid packet at item 608
INFO: Parser returned #f
a data frame with index 3 from node: 3 has been transmitted 2th time
++++ frame_probe ID: 850 receives a frame at time 61.2844s ++++
INFO: Detected an invalid packet at item 3264
INFO: Parser returned #f
++++ frame_probe ID: 860 receives a frame at time 61.3252s ++++
* header analysis ID: 7 get the 1th transmission of data frame 3 at time 1.48554e+07 s
++++ frame_probe ID: 1 receives a frame at time 61.3291s ++++
++++ frame_probe ID: 2 receives a frame at time 61.3292s ++++
++++ frame_probe ID: 1010 receives a frame at time 61.3292s ++++
generated random number is0.0776296 and the threshold is ++++ frame_probe ID: 1018 receives a frame at time 1. good luck. 
61.3293s ++++
INFO: Detected an invalid packet at item 3328
INFO: Parser returned #f
INFO: Detected an invalid packet at item 3360
INFO: Parser returned #f
INFO: Detected an invalid packet at item 3392
INFO: Parser returned #f
INFO: Detected an invalid packet at item 640
INFO: Parser returned #f
a data frame with index 3 from node: 3 has been transmitted 3th time
++++ frame_probe ID: 850 receives a frame at time 61.4597s ++++
measurement 1/2 complete in 3 second(s).
++++ frame_probe ID: 860 receives a frame at time 61.5006s ++++
* header analysis ID: 7 get the 1th transmission of data frame 3 at time 1.48554e+07 s
++++ frame_probe ID: 1 receives a frame at time 61.5115s ++++
++++ frame_probe ID: 2 receives a frame at time 61.5116s ++++
++++ frame_probe ID: 1010 receives a frame at time 61.5116s ++++
generated random number is0.500844 and the threshold is 1. good luck. 
++++ frame_probe ID: 1018 receives a frame at time 61.5117s ++++
INFO: Detected an invalid packet at item 3488
INFO: Parser returned #f
INFO: Detected an invalid packet at item 3520
INFO: Parser returned #f
INFO: Detected an invalid packet at item 3552
INFO: Parser returned #f
INFO: Detected an invalid packet at item 672
INFO: Parser returned #f
a data frame with index 3 from node: 3 has been transmitted 4th time
++++ frame_probe ID: 850 receives a frame at time 61.6901s ++++
INFO: Detected an invalid packet at item 3616
INFO: Parser returned #f
++++ frame_probe ID: 860 receives a frame at time 61.7308s ++++
* header analysis ID: 7 get the 1th transmission of data frame 3 at time 1.48554e+07 s
++++ frame_probe ID: 1 receives a frame at time 61.742s ++++
++++ frame_probe ID: 2 receives a frame at time 61.742s ++++
++++ frame_probe ID: 1010 receives a frame at time 61.7421s ++++
generated random number is++++ frame_probe ID: 1018 receives a frame at time 0.387905 and the threshold is 1. good luck. 
61.7422s ++++
INFO: Detected an invalid packet at item 3680
INFO: Parser returned #f
INFO: Detected an invalid packet at item 3712
INFO: Parser returned #f
INFO: Detected an invalid packet at item 3744
INFO: Parser returned #f
INFO: Detected an invalid packet at item 704
INFO: Parser returned #f
a data frame with index 3 from node: 3 has been transmitted 5th time
++++ frame_probe ID: 850 receives a frame at time 61.9704s ++++
INFO: Detected an invalid packet at item 3808
INFO: Parser returned #f
++++ frame_probe ID: 860 receives a frame at time 62.0112s ++++
* header analysis ID: 7 get the 1th transmission of data frame 3 at time 1.48554e+07 s
++++ frame_probe ID: 1 receives a frame at time 62.0198s ++++
++++ frame_probe ID: 2 receives a frame at time 62.0198s ++++
++++ frame_probe ID: 1010 receives a frame at time 62.0198s ++++
generated random number is++++ frame_probe ID: 1018 receives a frame at time 0.592944 and the threshold is 62.01991s ++++. good luck. 

INFO: Detected an invalid packet at item 3872
INFO: Parser returned #f
INFO: Detected an invalid packet at item 3904
INFO: Parser returned #f
INFO: Detected an invalid packet at item 736
INFO: Parser returned #f
frame: 3 from node: 3 is dropped because its max retransmission counter is reached. 
counter ID 880 results at time 4362.22 is 6
+++++++++ frame_probe ID: 1 +++++++++ ---- data frame detected ---- frame index is:            3;    destination address is:    1;    source address is:         3;    number of transmission is: 6;    reserved field I is:       318;    reserved field II is:      524;    payload length is:           837;    header length is:          11;    address check is:          0;    good frame is:             0;    frame info contains a frame with length 852 bytes: input time_stamp is: 61.9703
++++ frame_probe ID: 850 receives a frame at time 62.241s ++++
++++ frame_probe ID: 860 receives a frame at time 62.282s ++++
* header analysis ID: 7 get the 1th transmission of data frame 4 at time 1.48554e+07 s
++++ frame_probe ID: 1 receives a frame at time 62.2887s ++++
++++ frame_probe ID: 2 receives a frame at time 62.2887s ++++
++++ frame_probe ID: 1010 receives a frame at time 62.2888s ++++
generated random number is++++ frame_probe ID: 1018 receives a frame at time 0.684632 and the threshold is 1. good luck. 
62.2888s ++++
INFO: Detected an invalid packet at item 4000
INFO: Parser returned #f
INFO: Detected an invalid packet at item 4032
INFO: Parser returned #f
INFO: Detected an invalid packet at item 768
INFO: Parser returned #f
a data frame with index 4 from node: 3 has been transmitted 1th time
++++ frame_probe ID: 850 receives a frame at time 62.4121s ++++
INFO: Detected an invalid packet at item 4096
INFO: Parser returned #f
++++ frame_probe ID: 860 receives a frame at time 62.4529s ++++
* header analysis ID: 7 get the 1th transmission of data frame 4 at time 1.48554e+07 s
++++ frame_probe ID: 1 receives a frame at time 62.4611s ++++
++++ frame_probe ID: 2 receives a frame at time 62.4611s ++++
++++ frame_probe ID: 1010 receives a frame at time 62.4612s ++++
generated random number is++++ frame_probe ID: 0.363566 and the threshold is 1018 receives a frame at time 1. good luck. 
62.4612s ++++
INFO: Detected an invalid packet at item 4160
INFO: Parser returned #f
INFO: Detected an invalid packet at item 4192
INFO: Parser returned #f
measurement 1/2 complete in 2 second(s).
INFO: Detected an invalid packet at item 800
INFO: Parser returned #f
a data frame with index 4 from node: 3 has been transmitted 2th time
++++ frame_probe ID: 850 receives a frame at time 62.5826s ++++
INFO: Detected an invalid packet at item 4256
INFO: Parser returned #f
++++ frame_probe ID: 860 receives a frame at time 62.6234s ++++
* header analysis ID: 7 get the 1th transmission of data frame 4 at time 1.48554e+07 s
++++ frame_probe ID: 1 receives a frame at time 62.6342s ++++
++++ frame_probe ID: 2 receives a frame at time 62.6342s ++++
++++ frame_probe ID: 1010 receives a frame at time 62.6342s ++++
generated random number is++++ frame_probe ID: 0.886441 and the threshold is 1018 receives a frame at time 1. good luck. 
62.6343s ++++
INFO: Detected an invalid packet at item 4320
INFO: Parser returned #f
INFO: Detected an invalid packet at item 4352
INFO: Parser returned #f
INFO: Detected an invalid packet at item 832
INFO: Parser returned #f
a data frame with index 4 from node: 3 has been transmitted 3th time
++++ frame_probe ID: 850 receives a frame at time 62.7882s ++++
INFO: Detected an invalid packet at item 4416
INFO: Parser returned #f
++++ frame_probe ID: 860 receives a frame at time 62.829s ++++
* header analysis ID: 7 get the 1th transmission of data frame 4 at time 1.48554e+07 s
++++ frame_probe ID: 1 receives a frame at time 62.8355s ++++
++++ frame_probe ID: 2 receives a frame at time 62.8355s ++++
++++ frame_probe ID: 1010 receives a frame at time 62.8356s ++++
generated random number is++++ frame_probe ID: 1018 receives a frame at time 0.0197173 and the threshold is 1. good luck. 
62.8356s ++++
INFO: Detected an invalid packet at item 4480
INFO: Parser returned #f
INFO: Detected an invalid packet at item 4512
INFO: Parser returned #f
INFO: Detected an invalid packet at item 4544
INFO: Parser returned #f
INFO: Detected an invalid packet at item 864
INFO: Parser returned #f
a data frame with index 4 from node: 3 has been transmitted 4th time
++++ frame_probe ID: 850 receives a frame at time 62.989s ++++
INFO: Detected an invalid packet at item 4608
INFO: Parser returned #f
++++ frame_probe ID: 860 receives a frame at time 63.0299s ++++
* header analysis ID: 7 get the 1th transmission of data frame 4 at time 1.48554e+07 s
++++ frame_probe ID: 1 receives a frame at time 63.0374s ++++
++++ frame_probe ID: 2 receives a frame at time 63.0375s ++++
++++ frame_probe ID: 1010 receives a frame at time 63.0375s ++++
++++ frame_probe ID: 1018 receives a frame at time generated random number is0.17311763.0376 and the threshold is s ++++
1. good luck. 
INFO: Detected an invalid packet at item 4672
INFO: Parser returned #f
INFO: Detected an invalid packet at item 4704
INFO: Parser returned #f
INFO: Detected an invalid packet at item 896
INFO: Parser returned #f
a data frame with index 4 from node: 3 has been transmitted 5th time
++++ frame_probe ID: 850 receives a frame at time 63.2299s ++++
INFO: Detected an invalid packet at item 4768
INFO: Parser returned #f
++++ frame_probe ID: 860 receives a frame at time 63.2707s ++++
* header analysis ID: 7 get the 1th transmission of data frame 4 at time 1.48554e+07 s
++++ frame_probe ID: 1 receives a frame at time 63.2768s ++++
++++ frame_probe ID: 2 receives a frame at time 63.2768s ++++
++++ frame_probe ID: 1010 receives a frame at time 63.2768s ++++
generated random number is++++ frame_probe ID: 1018 receives a frame at time 0.82269 and the threshold is 63.2769s ++++
1. good luck. 
INFO: Detected an invalid packet at item 4832
INFO: Parser returned #f
INFO: Detected an invalid packet at item 4864
INFO: Parser returned #f
INFO: Detected an invalid packet at item 928
INFO: Parser returned #f
frame: 4 from node: 3 is dropped because its max retransmission counter is reached. 
counter ID 880 results at time 4363.44 is 6
+++++++++ frame_probe ID: 1 +++++++++ ---- data frame detected ---- frame index is:            4;    destination address is:    1;    source address is:         3;    number of transmission is: 6;    reserved field I is:       318;    reserved field II is:      524;    payload length is:           837;    header length is:          11;    address check is:          0;    good frame is:             0;    frame info contains a frame with length 852 bytes: input time_stamp is: 63.2297
++++ frame_probe ID: 850 receives a frame at time 63.4557s ++++
INFO: Detected an invalid packet at item 4928
INFO: Parser returned #f
measurement 1/2 complete in 1 second(s).
++++ frame_probe ID: 860 receives a frame at time 63.4966s ++++
* header analysis ID: 7 get the 1th transmission of data frame 5 at time 1.48554e+07 s
++++ frame_probe ID: 1 receives a frame at time 63.5071s ++++
++++ frame_probe ID: 2 receives a frame at time 63.5072s ++++
++++ frame_probe ID: 1010 receives a frame at time 63.5073s ++++
generated random number is0.562745 and the threshold is ++++ frame_probe ID: 1018 receives a frame at time 1. good luck. 
63.5073s ++++
INFO: Detected an invalid packet at item 4992
INFO: Parser returned #f
INFO: Detected an invalid packet at item 5024
INFO: Parser returned #f
INFO: Detected an invalid packet at item 5056
INFO: Parser returned #f
INFO: Detected an invalid packet at item 960
INFO: Parser returned #f
a data frame with index 5 from node: 3 has been transmitted 1th time
++++ frame_probe ID: 850 receives a frame at time 63.6314s ++++
INFO: Detected an invalid packet at item 5120
INFO: Parser returned #f
++++ frame_probe ID: 860 receives a frame at time 63.6722s ++++
* header analysis ID: 7 get the 1th transmission of data frame 5 at time 1.48554e+07 s
++++ frame_probe ID: 1 receives a frame at time 63.6805s ++++
++++ frame_probe ID: 2 receives a frame at time 63.6805s ++++
++++ frame_probe ID: 1010 receives a frame at time 63.6805s ++++
generated random number is++++ frame_probe ID: 1018 receives a frame at time 0.427644 and the threshold is 1. good luck. 
63.6806s ++++
INFO: Detected an invalid packet at item 5184
INFO: Parser returned #f
INFO: Detected an invalid packet at item 5216
INFO: Parser returned #f
INFO: Detected an invalid packet at item 992
INFO: Parser returned #f
a data frame with index 5 from node: 3 has been transmitted 2th time
++++ frame_probe ID: 850 receives a frame at time 63.8077s ++++
INFO: Detected an invalid packet at item 5280
INFO: Parser returned #f
++++ frame_probe ID: 860 receives a frame at time 63.8485s ++++
* header analysis ID: 7 get the 1th transmission of data frame 5 at time 1.48554e+07 s
++++ frame_probe ID: 1 receives a frame at time 63.8531s ++++
++++ frame_probe ID: 2 receives a frame at time 63.8531s ++++
++++ frame_probe ID: 1010 receives a frame at time 63.8532s ++++
generated random number is++++ frame_probe ID: 1018 receives a frame at time 0.95065 and the threshold is 1. good luck. 
63.8533s ++++
INFO: Detected an invalid packet at item 5344
INFO: Parser returned #f
INFO: Detected an invalid packet at item 5376
INFO: Parser returned #f
INFO: Detected an invalid packet at item 5408
INFO: Parser returned #f
INFO: Detected an invalid packet at item 1024
INFO: Parser returned #f
a data frame with index 5 from node: 3 has been transmitted 3th time
++++ frame_probe ID: 850 receives a frame at time 63.9832s ++++
INFO: Detected an invalid packet at item 5472
INFO: Parser returned #f
++++ frame_probe ID: 860 receives a frame at time 64.024s ++++
* header analysis ID: 7 get the 1th transmission of data frame 5 at time 1.48554e+07 s
++++ frame_probe ID: 2 receives a frame at time ++++ frame_probe ID: 1 receives a frame at time 64.0354s ++++
64.0354s ++++
++++ frame_probe ID: 1010 receives a frame at time 64.0355s ++++
generated random number is++++ frame_probe ID: 1018 receives a frame at time 0.454826 and the threshold is 1. good luck. 
64.0355s ++++
INFO: Detected an invalid packet at item 5536
INFO: Parser returned #f
INFO: Detected an invalid packet at item 5568
INFO: Parser returned #f
INFO: Detected an invalid packet at item 1056
INFO: Parser returned #f
a data frame with index 5 from node: 3 has been transmitted 4th time
++++ frame_probe ID: 850 receives a frame at time 64.2187s ++++
INFO: Detected an invalid packet at item 5632
INFO: Parser returned #f
++++ frame_probe ID: 860 receives a frame at time 64.2595s ++++
* header analysis ID: 7 get the 1th transmission of data frame 5 at time 1.48554e+07 s
++++ frame_probe ID: 1 receives a frame at time 64.2657s ++++
++++ frame_probe ID: 2 receives a frame at time 64.2658s ++++
++++ frame_probe ID: 1010 receives a frame at time 64.2658s ++++
generated random number is0.111916 and the threshold is 1++++ frame_probe ID: . good luck. 
1018 receives a frame at time 64.2659s ++++
INFO: Detected an invalid packet at item 5696
INFO: Parser returned #f
INFO: Detected an invalid packet at item 5728
INFO: Parser returned #f
INFO: Detected an invalid packet at item 1088
INFO: Parser returned #f
measurement 1 raw data directory created /home/inets/0_ba/bachelor_thesis/measurements/debug/data/127/1/.
'/home/inets/source/gr-inets/results/ack_not_filtered.txt' -> '/home/inets/0_ba/bachelor_thesis/measurements/debug/data/127/1/ack_not_filtered.txt'
'/home/inets/source/gr-inets/results/receiver_data_received.txt' -> '/home/inets/0_ba/bachelor_thesis/measurements/debug/data/127/1/receiver_data_received.txt'
'/home/inets/source/gr-inets/results/sender_bfr_dq.txt' -> '/home/inets/0_ba/bachelor_thesis/measurements/debug/data/127/1/sender_bfr_dq.txt'
'/home/inets/source/gr-inets/results/sender_data_sent.txt' -> '/home/inets/0_ba/bachelor_thesis/measurements/debug/data/127/1/sender_data_sent.txt'
'/home/inets/source/gr-inets/results/sender_retransmissions.txt' -> '/home/inets/0_ba/bachelor_thesis/measurements/debug/data/127/1/sender_retransmissions.txt'
measurement 1 raw data moved to /home/inets/0_ba/bachelor_thesis/measurements/debug/data/127/1/.

measurement 2/2 complete in 10 second(s).
linux; GNU C++ version 5.4.0 20160609; Boost_105800; UHD_003.009.005-45-g6768a615
linux; GNU C++ version 5.4.0 20160609; Boost_105800; UHD_003.009.005-45-g6768a615


Using Volk machine: avx_64_mmx
-- Opening a USRP2/N-Series device...
Using Volk machine: avx_64_mmx
-- Opening a USRP2/N-Series device...
-- Current recv frame size: 1472 bytes
-- Current send frame size: 1472 bytes
-- Current recv frame size: 1472 bytes
-- Current send frame size: 1472 bytes
measurement 2/2 complete in 9 second(s).
develop mode of resend_check ID: 24 is activated.
the 880th message counter is activated.
the 100th message counter is activated.
develop_mode of random_filter ID: 1015 is activated.
the 100th message counter is activated.
measurement 2/2 complete in 8 second(s).
node starts running at 66.845
node starts running at 66.8668
++++ frame_probe ID: 850 receives a frame at time 66.9457s ++++
++++ frame_probe ID: 860 receives a frame at time 66.987s ++++
* header analysis ID: 7 get the 1th transmission of data frame 0 at time 1.48554e+07 s
++++ frame_probe ID: 1 receives a frame at time 66.9914s ++++
++++ frame_probe ID: 2 receives a frame at time 66.9914s ++++
++++ frame_probe ID: 1010 receives a frame at time 66.9915s ++++
generated random number is++++ frame_probe ID: 1018 receives a frame at time 0.236202 and the threshold is 1. good luck. 
66.9916s ++++
INFO: Detected an invalid packet at item 32
INFO: Parser returned #f
INFO: Detected an invalid packet at item 64
INFO: Parser returned #f
INFO: Detected an invalid packet at item 0
INFO: Parser returned #f
a data frame with index 0 from node: 3 has been transmitted 1th time
++++ frame_probe ID: 850 receives a frame at time 67.1174s ++++
INFO: Detected an invalid packet at item 128
INFO: Parser returned #f
++++ frame_probe ID: 860 receives a frame at time 67.1583s ++++
* header analysis ID: 7 get the 1th transmission of data frame 0 at time 1.48554e+07 s
++++ frame_probe ID: 1 receives a frame at time 67.1636s ++++
++++ frame_probe ID: 2 receives a frame at time 67.1637s ++++
++++ frame_probe ID: 1010 receives a frame at time 67.1638s ++++
generated random number is++++ frame_probe ID: 1018 receives a frame at time 0.605734 and the threshold is 1. good luck. 
67.1638s ++++
INFO: Detected an invalid packet at item 192
INFO: Parser returned #f
INFO: Detected an invalid packet at item 224
INFO: Parser returned #f
INFO: Detected an invalid packet at item 32
INFO: Parser returned #f
a data frame with index 0 from node: 3 has been transmitted 2th time
++++ frame_probe ID: 850 receives a frame at time 67.2982s ++++
INFO: Detected an invalid packet at item 288
INFO: Parser returned #f
++++ frame_probe ID: 860 receives a frame at time 67.3391s ++++
* header analysis ID: 7 get the 1th transmission of data frame 0 at time 1.48554e+07 s
++++ frame_probe ID: 1 receives a frame at time 67.3451s ++++
++++ frame_probe ID: 2 receives a frame at time 67.3451s ++++
++++ frame_probe ID: 1010 receives a frame at time 67.3452s ++++
generated random number is++++ frame_probe ID: 1018 receives a frame at time 67.34520.223321s ++++
 and the threshold is 1. good luck. 
INFO: Detected an invalid packet at item 64
INFO: Parser returned #f
INFO: Detected an invalid packet at item 352
INFO: Parser returned #f
INFO: Detected an invalid packet at item 384
INFO: Parser returned #f
a data frame with index 0 from node: 3 has been transmitted 3th time
++++ frame_probe ID: 850 receives a frame at time 67.484s ++++
measurement 2/2 complete in 7 second(s).
++++ frame_probe ID: 860 receives a frame at time 67.5248s ++++
* header analysis ID: 7 get the 1th transmission of data frame 0 at time 1.48554e+07 s
++++ frame_probe ID: 1 receives a frame at time 67.5276s ++++
++++ frame_probe ID: 2 receives a frame at time 67.5276s ++++
++++ frame_probe ID: 1010 receives a frame at time 67.5277s ++++
generated random number is++++ frame_probe ID: 1018 receives a frame at time 0.61980367.5278 and the threshold is s ++++
1. good luck. 
INFO: Detected an invalid packet at item 96
INFO: Parser returned #f
INFO: Detected an invalid packet at item 480
INFO: Parser returned #f
INFO: Detected an invalid packet at item 512
INFO: Parser returned #f
a data frame with index 0 from node: 3 has been transmitted 4th time
++++ frame_probe ID: 850 receives a frame at time 67.6895s ++++
INFO: Detected an invalid packet at item 576
INFO: Parser returned #f
++++ frame_probe ID: 860 receives a frame at time 67.7307s ++++
* header analysis ID: 7 get the 1th transmission of data frame 0 at time 1.48554e+07 s
++++ frame_probe ID: 1 receives a frame at time 67.7391s ++++
++++ frame_probe ID: 2 receives a frame at time 67.7392s ++++
++++ frame_probe ID: 1010 receives a frame at time 67.7392s ++++
generated random number is++++ frame_probe ID: 1018 receives a frame at time 0.0484283 and the threshold is 1. good luck. 
67.7393s ++++
INFO: Detected an invalid packet at item 640
INFO: Parser returned #f
INFO: Detected an invalid packet at item 672
INFO: Parser returned #f
INFO: Detected an invalid packet at item 128
INFO: Parser returned #f
a data frame with index 0 from node: 3 has been transmitted 5th time
++++ frame_probe ID: 850 receives a frame at time 67.8609s ++++
INFO: Detected a packet larger than max frame size (2741 symbols)
++++ frame_probe ID: 860 receives a frame at time 67.9018s ++++
* header analysis ID: 7 get the 1th transmission of data frame 0 at time 1.48554e+07 s
++++ frame_probe ID: 1 receives a frame at time 67.9124s ++++
++++ frame_probe ID: 2 receives a frame at time 67.9124s ++++
++++ frame_probe ID: 1010 receives a frame at time 67.9125s ++++
generated random number is++++ frame_probe ID: 1018 receives a frame at time 0.776569 and the threshold is 167.9126. good luck. s ++++

INFO: Detected an invalid packet at item 800
INFO: Parser returned #f
INFO: Detected an invalid packet at item 832
INFO: Parser returned #f
INFO: Detected an invalid packet at item 864
INFO: Parser returned #f
INFO: Detected an invalid packet at item 160
INFO: Parser returned #f
frame: 0 from node: 3 is dropped because its max retransmission counter is reached. 
counter ID 880 results at time 4368.26 is 5
+++++++++ frame_probe ID: 1 +++++++++ ---- data frame detected ---- frame index is:            0;    destination address is:    1;    source address is:         3;    number of transmission is: 6;    reserved field I is:       318;    reserved field II is:      524;    payload length is:           837;    header length is:          11;    address check is:          0;    good frame is:             0;    frame info contains a frame with length 852 bytes: input time_stamp is: 67.8607
++++ frame_probe ID: 850 receives a frame at time 68.2818s ++++
INFO: Detected an invalid packet at item 928
INFO: Parser returned #f
++++ frame_probe ID: 860 receives a frame at time 68.3228s ++++
* header analysis ID: 7 get the 1th transmission of data frame 1 at time 1.48554e+07 s
++++ frame_probe ID: 1 receives a frame at time 68.3344s ++++
++++ frame_probe ID: 2 receives a frame at time 68.3345s ++++
++++ frame_probe ID: 1010 receives a frame at time 68.3345s ++++
generated random number is++++ frame_probe ID: 1018 receives a frame at time 0.513533 and the threshold is 1. good luck. 
68.3346s ++++
INFO: Detected an invalid packet at item 992
INFO: Parser returned #f
INFO: Detected an invalid packet at item 1024
INFO: Parser returned #f
INFO: Detected an invalid packet at item 192
INFO: Parser returned #f
a data frame with index 1 from node: 3 has been transmitted 1th time
++++ frame_probe ID: 850 receives a frame at time 68.453s ++++
INFO: Detected an invalid packet at item 1088
INFO: Parser returned #f
++++ frame_probe ID: 860 receives a frame at time 68.4939s ++++
* header analysis ID: 7 get the 1th transmission of data frame 1 at time 1.48554e+07 s
++++ frame_probe ID: 1 receives a frame at time 68.4978s ++++
++++ frame_probe ID: 2 receives a frame at time 68.4978s ++++
++++ frame_probe ID: 1010 receives a frame at time 68.4978s ++++
generated random number is++++ frame_probe ID: 1018 receives a frame at time 0.79842 and the threshold is 1. good luck. 
68.4979s ++++
measurement 2/2 complete in 6 second(s).
INFO: Detected an invalid packet at item 1152
INFO: Parser returned #f
INFO: Detected an invalid packet at item 1184
INFO: Parser returned #f
INFO: Detected an invalid packet at item 224
INFO: Parser returned #f
a data frame with index 1 from node: 3 has been transmitted 2th time
++++ frame_probe ID: 850 receives a frame at time 68.6342s ++++
INFO: Detected an invalid packet at item 1248
INFO: Parser returned #f
++++ frame_probe ID: 860 receives a frame at time 68.675s ++++
* header analysis ID: 7 get the 1th transmission of data frame 1 at time 1.48554e+07 s
++++ frame_probe ID: 1 receives a frame at time 68.6802s ++++
++++ frame_probe ID: 2 receives a frame at time 68.6803s ++++
++++ frame_probe ID: 1010 receives a frame at time 68.6803s ++++
generated random number is0.777302 and the threshold is ++++ frame_probe ID: 11018. good luck. 
 receives a frame at time 68.6804s ++++
INFO: Detected an invalid packet at item 1312
INFO: Parser returned #f
INFO: Detected an invalid packet at item 1344
INFO: Parser returned #f
INFO: Detected an invalid packet at item 256
INFO: Parser returned #f
a data frame with index 1 from node: 3 has been transmitted 3th time
++++ frame_probe ID: 850 receives a frame at time 68.8395s ++++
INFO: Detected an invalid packet at item 1408
INFO: Parser returned #f
++++ frame_probe ID: 860 receives a frame at time 68.8803s ++++
* header analysis ID: 7 get the 1th transmission of data frame 1 at time 1.48554e+07 s
++++ frame_probe ID: 1 receives a frame at time 68.8917s ++++
++++ frame_probe ID: 2 receives a frame at time 68.8918s ++++
++++ frame_probe ID: 1010 receives a frame at time 68.8918s ++++
generated random number is0.217795 and the threshold is 1. good luck. 
++++ frame_probe ID: 1018 receives a frame at time 68.8919s ++++
INFO: Detected an invalid packet at item 1472
INFO: Parser returned #f
INFO: Detected an invalid packet at item 1504
INFO: Parser returned #f
INFO: Detected an invalid packet at item 288
INFO: Parser returned #f
a data frame with index 1 from node: 3 has been transmitted 4th time
++++ frame_probe ID: 850 receives a frame at time 69.0754s ++++
++++ frame_probe ID: 860 receives a frame at time 69.1163s ++++
* header analysis ID: 7 get the 1th transmission of data frame 1 at time 1.48554e+07 s
++++ frame_probe ID: 1 receives a frame at time 69.1212s ++++
++++ frame_probe ID: 2 receives a frame at time 69.1213s ++++
++++ frame_probe ID: 1010 receives a frame at time 69.1213s ++++
generated random number is++++ frame_probe ID: 1018 receives a frame at time 0.0489943 and the threshold is 1. good luck. 
69.1214s ++++
INFO: Detected an invalid packet at item 1600
INFO: Parser returned #f
INFO: Detected an invalid packet at item 1632
INFO: Parser returned #f
INFO: Detected an invalid packet at item 1664
INFO: Parser returned #f
INFO: Detected an invalid packet at item 320
INFO: Parser returned #f
a data frame with index 1 from node: 3 has been transmitted 5th time
++++ frame_probe ID: 850 receives a frame at time 69.3518s ++++
INFO: Detected an invalid packet at item 1728
INFO: Parser returned #f
++++ frame_probe ID: 860 receives a frame at time 69.3926s ++++
* header analysis ID: 7 get the 1th transmission of data frame 1 at time 1.48554e+07 s
++++ frame_probe ID: 1 receives a frame at time 69.3998s ++++
++++ frame_probe ID: 2 receives a frame at time ++++ frame_probe ID: 1010 receives a frame at time 69.3999s ++++
69.3999s ++++
generated random number is++++ frame_probe ID: 1018 receives a frame at time 0.633668 and the threshold is 1. good luck. 
69.4s ++++
INFO: Detected an invalid packet at item 1792
INFO: Parser returned #f
INFO: Detected an invalid packet at item 1824
INFO: Parser returned #f
INFO: Detected an invalid packet at item 1856
INFO: Parser returned #f
INFO: Detected an invalid packet at item 352
INFO: Parser returned #f
measurement 2/2 complete in 5 second(s).
frame: 1 from node: 3 is dropped because its max retransmission counter is reached. 
counter ID 880 results at time 4369.56 is 6
+++++++++ frame_probe ID: 1 +++++++++ ---- data frame detected ---- frame index is:            1;    destination address is:    1;    source address is:         3;    number of transmission is: 6;    reserved field I is:       318;    reserved field II is:      524;    payload length is:           837;    header length is:          11;    address check is:          0;    good frame is:             0;    frame info contains a frame with length 852 bytes: input time_stamp is: 69.3517
++++ frame_probe ID: 850 receives a frame at time 69.5777s ++++
++++ frame_probe ID: 860 receives a frame at time 69.6185s ++++
* header analysis ID: 7 get the 1th transmission of data frame 2 at time 1.48554e+07 s
++++ frame_probe ID: 1 receives a frame at time 69.6302s ++++
++++ frame_probe ID: 2 receives a frame at time 69.6303s ++++
++++ frame_probe ID: 1010 receives a frame at time 69.6303s ++++
generated random number is++++ frame_probe ID: 1018 receives a frame at time 0.927395 and the threshold is 1. good luck. 
69.6304s ++++
INFO: Detected an invalid packet at item 1952
INFO: Parser returned #f
INFO: Detected an invalid packet at item 1984
INFO: Parser returned #f
INFO: Detected an invalid packet at item 384
INFO: Parser returned #f
a data frame with index 2 from node: 3 has been transmitted 1th time
++++ frame_probe ID: 850 receives a frame at time 69.7535s ++++
INFO: Detected an invalid packet at item 2048
INFO: Parser returned #f
++++ frame_probe ID: 860 receives a frame at time 69.7943s ++++
* header analysis ID: 7 get the 1th transmission of data frame 2 at time 1.48554e+07 s
++++ frame_probe ID: 1 receives a frame at time 69.8028s ++++
++++ frame_probe ID: 2 receives a frame at time 69.8029s ++++
++++ frame_probe ID: 1010 receives a frame at time 69.8029s ++++
generated random number is++++ frame_probe ID: 1018 receives a frame at time 0.853053 and the threshold is 1. good luck. 
69.803s ++++
INFO: Detected an invalid packet at item 2112
INFO: Parser returned #f
INFO: Detected an invalid packet at item 2144
INFO: Parser returned #f
INFO: Detected an invalid packet at item 2176
INFO: Parser returned #f
INFO: Detected an invalid packet at item 416
INFO: Parser returned #f
a data frame with index 2 from node: 3 has been transmitted 2th time
++++ frame_probe ID: 850 receives a frame at time 69.9348s ++++
INFO: Detected an invalid packet at item 2240
INFO: Parser returned #f
++++ frame_probe ID: 860 receives a frame at time 69.9757s ++++
* header analysis ID: 7 get the 1th transmission of data frame 2 at time 1.48554e+07 s
++++ frame_probe ID: 1 receives a frame at time 69.9851s ++++
++++ frame_probe ID: 2 receives a frame at time 69.9851s ++++
++++ frame_probe ID: 1010 receives a frame at time 69.9852s ++++
generated random number is++++ frame_probe ID: 0.633656 and the threshold is 1018 receives a frame at time 1. good luck. 
69.9852s ++++
INFO: Detected an invalid packet at item 2304
INFO: Parser returned #f
INFO: Detected an invalid packet at item 2336
INFO: Parser returned #f
INFO: Detected an invalid packet at item 448
INFO: Parser returned #f
a data frame with index 2 from node: 3 has been transmitted 3th time
++++ frame_probe ID: 850 receives a frame at time 70.1256s ++++
INFO: Detected an invalid packet at item 2400
INFO: Parser returned #f
++++ frame_probe ID: 860 receives a frame at time 70.1665s ++++
* header analysis ID: 7 get the 1th transmission of data frame 2 at time 1.48554e+07 s
++++ frame_probe ID: 1 receives a frame at time 70.1778s ++++
++++ frame_probe ID: 2 receives a frame at time 70.1778s ++++
++++ frame_probe ID: 1010 receives a frame at time 70.1778s ++++
generated random number is0.696186 and the threshold is 1. good luck. 
++++ frame_probe ID: 1018 receives a frame at time 70.1779s ++++
INFO: Detected an invalid packet at item 2464
INFO: Parser returned #f
INFO: Detected an invalid packet at item 2496
INFO: Parser returned #f
INFO: Detected an invalid packet at item 480
INFO: Parser returned #f
a data frame with index 2 from node: 3 has been transmitted 4th time
++++ frame_probe ID: 850 receives a frame at time 70.3466s ++++
INFO: Detected an invalid packet at item 2560
INFO: Parser returned #f
++++ frame_probe ID: 860 receives a frame at time 70.3875s ++++
* header analysis ID: 7 get the 1th transmission of data frame 2 at time 1.48554e+07 s
++++ frame_probe ID: 1 receives a frame at time 70.3983s ++++
++++ frame_probe ID: 2 receives a frame at time 70.3983s ++++
++++ frame_probe ID: 1010 receives a frame at time 70.3983s ++++
generated random number is++++ frame_probe ID: 1018 receives a frame at time 0.759593 and the threshold is 70.3984s ++++
1. good luck. 
INFO: Detected an invalid packet at item 2624
INFO: Parser returned #f
INFO: Detected an invalid packet at item 2656
INFO: Parser returned #f
INFO: Detected an invalid packet at item 512
INFO: Parser returned #f
measurement 2/2 complete in 4 second(s).
a data frame with index 2 from node: 3 has been transmitted 5th time
++++ frame_probe ID: 850 receives a frame at time 70.5825s ++++
INFO: Detected an invalid packet at item 2720
INFO: Parser returned #f
++++ frame_probe ID: 860 receives a frame at time 70.6233s ++++
* header analysis ID: 7 get the 1th transmission of data frame 2 at time 1.48554e+07 s
++++ frame_probe ID: 1 receives a frame at time 70.6285s ++++
++++ frame_probe ID: 2 receives a frame at time 70.6285s ++++
++++ frame_probe ID: 1010 receives a frame at time 70.6286s ++++
generated random number is++++ frame_probe ID: 1018 receives a frame at time 0.284745 and the threshold is 1. good luck. 70.6287
s ++++
INFO: Detected an invalid packet at item 2784
INFO: Parser returned #f
INFO: Detected an invalid packet at item 2816
INFO: Parser returned #f
INFO: Detected an invalid packet at item 2848
INFO: Parser returned #f
INFO: Detected an invalid packet at item 544
INFO: Parser returned #f
frame: 2 from node: 3 is dropped because its max retransmission counter is reached. 
counter ID 880 results at time 4370.86 is 6+++++++++ frame_probe ID: 
1 +++++++++ ---- data frame detected ---- frame index is:            2;    destination address is:    1;    source address is:         3;    number of transmission is: 6;    reserved field I is:       318;    reserved field II is:      524;    payload length is:           837;    header length is:          11;    address check is:          0;    good frame is:             0;    frame info contains a frame with length 852 bytes: input time_stamp is: 70.5824
++++ frame_probe ID: 850 receives a frame at time 70.8831s ++++
INFO: Detected an invalid packet at item 2912
INFO: Parser returned #f
++++ frame_probe ID: 860 receives a frame at time 70.9241s ++++
* header analysis ID: 7 get the 1th transmission of data frame 3 at time 1.48554e+07 s
++++ frame_probe ID: 1 receives a frame at time 70.9363s ++++
++++ frame_probe ID: 2 receives a frame at time 70.9363s ++++
++++ frame_probe ID: 1010 receives a frame at time 70.9364s ++++
generated random number is++++ frame_probe ID: 1018 receives a frame at time 0.937131 and the threshold is 70.9364s ++++
1. good luck. 
INFO: Detected an invalid packet at item 2976
INFO: Parser returned #f
INFO: Detected an invalid packet at item 3008
INFO: Parser returned #f
INFO: Detected an invalid packet at item 576
INFO: Parser returned #f
a data frame with index 3 from node: 3 has been transmitted 1th time
++++ frame_probe ID: 850 receives a frame at time 71.0594s ++++
INFO: Detected an invalid packet at item 3072
INFO: Parser returned #f
++++ frame_probe ID: 860 receives a frame at time 71.1002s ++++
* header analysis ID: 7 get the 1th transmission of data frame 3 at time 1.48554e+07 s
++++ frame_probe ID: 1 receives a frame at time 71.1086s ++++
++++ frame_probe ID: 2 receives a frame at time 71.1086s ++++
++++ frame_probe ID: 1010 receives a frame at time 71.1087s ++++
generated random number is++++ frame_probe ID: 1018 receives a frame at time 0.464807 and the threshold is 71.1087s ++++
1. good luck. 
INFO: Detected an invalid packet at item 3136
INFO: Parser returned #f
INFO: Detected an invalid packet at item 3168
INFO: Parser returned #f
INFO: Detected an invalid packet at item 608
INFO: Parser returned #f
a data frame with index 3 from node: 3 has been transmitted 2th time
++++ frame_probe ID: 850 receives a frame at time 71.2353s ++++
INFO: Detected an invalid packet at item 3232
INFO: Parser returned #f
++++ frame_probe ID: 860 receives a frame at time 71.2762s ++++
* header analysis ID: 7 get the 1th transmission of data frame 3 at time 1.48554e+07 s
++++ frame_probe ID: 1 receives a frame at time 71.282s ++++
++++ frame_probe ID: 2 receives a frame at time 71.282s ++++
++++ frame_probe ID: 1010 receives a frame at time 71.2821s ++++
generated random number is++++ frame_probe ID: 1018 receives a frame at time 0.488327 and the threshold is 71.2822s ++++
1. good luck. 
INFO: Detected an invalid packet at item 3296
INFO: Parser returned #f
INFO: Detected an invalid packet at item 3328
INFO: Parser returned #f
INFO: Detected an invalid packet at item 3360
INFO: Parser returned #f
INFO: Detected an invalid packet at item 640
INFO: Parser returned #f
a data frame with index 3 from node: 3 has been transmitted 3th time
++++ frame_probe ID: 850 receives a frame at time 71.4259s ++++
INFO: Detected an invalid packet at item 3424
INFO: Parser returned #f
++++ frame_probe ID: 860 receives a frame at time 71.4667s ++++
* header analysis ID: 7 get the 1th transmission of data frame 3 at time 1.48554e+07 s
++++ frame_probe ID: 1 receives a frame at time 71.4733s ++++
++++ frame_probe ID: 2 receives a frame at time 71.4734s ++++
++++ frame_probe ID: 1010 receives a frame at time 71.4734s ++++
generated random number is++++ frame_probe ID: 1018 receives a frame at time 71.47350.537321s ++++
 and the threshold is 1. good luck. 
INFO: Detected an invalid packet at item 3488
INFO: Parser returned #f
INFO: Detected an invalid packet at item 3520
INFO: Parser returned #f
INFO: Detected an invalid packet at item 3552
INFO: Parser returned #f
INFO: Detected an invalid packet at item 672
INFO: Parser returned #f
measurement 2/2 complete in 3 second(s).
a data frame with index 3 from node: 3 has been transmitted 4th time
++++ frame_probe ID: 850 receives a frame at time 71.6063s ++++
INFO: Detected an invalid packet at item 3616
INFO: Parser returned #f
++++ frame_probe ID: 860 receives a frame at time 71.6471s ++++
* header analysis ID: 7 get the 1th transmission of data frame 3 at time 1.48554e+07 s
++++ frame_probe ID: 1 receives a frame at time 71.6558s ++++
++++ frame_probe ID: 2 receives a frame at time 71.6558s ++++
++++ frame_probe ID: 1010 receives a frame at time 71.6559s ++++
generated random number is++++ frame_probe ID: 1018 receives a frame at time 0.171322 and the threshold is 71.6561. good luck. s ++++

INFO: Detected an invalid packet at item 3680
INFO: Parser returned #f
INFO: Detected an invalid packet at item 3712
INFO: Parser returned #f
INFO: Detected an invalid packet at item 704
INFO: Parser returned #f
a data frame with index 3 from node: 3 has been transmitted 5th time
++++ frame_probe ID: 850 receives a frame at time 71.8267s ++++
++++ frame_probe ID: 860 receives a frame at time 71.8676s ++++
* header analysis ID: 7 get the 1th transmission of data frame 3 at time 1.48554e+07 s
++++ frame_probe ID: 1 receives a frame at time 71.8763s ++++
++++ frame_probe ID: 2 receives a frame at time 71.8764s ++++
++++ frame_probe ID: 1010 receives a frame at time 71.8764s ++++
generated random number is++++ frame_probe ID: 1018 receives a frame at time 0.178693 and the threshold is 71.8765s ++++1
. good luck. 
INFO: Detected an invalid packet at item 3808
INFO: Parser returned #f
INFO: Detected an invalid packet at item 3840
INFO: Parser returned #f
INFO: Detected an invalid packet at item 3872
INFO: Parser returned #f
INFO: Detected an invalid packet at item 736
INFO: Parser returned #f
frame: 3 from node: 3 is dropped because its max retransmission counter is reached. 
counter ID 880 results at time 4372.04 is 6
+++++++++ frame_probe ID: 1 +++++++++ ---- data frame detected ---- frame index is:            3;    destination address is:    1;    source address is:         3;    number of transmission is: 6;    reserved field I is:       318;    reserved field II is:      524;    payload length is:           837;    header length is:          11;    address check is:          0;    good frame is:             0;    frame info contains a frame with length 852 bytes: input time_stamp is: 71.8266
++++ frame_probe ID: 850 receives a frame at time 72.0575s ++++
INFO: Detected an invalid packet at item 3936
INFO: Parser returned #f
++++ frame_probe ID: 860 receives a frame at time 72.0983s ++++
* header analysis ID: 7 get the 1th transmission of data frame 4 at time 1.48554e+07 s
++++ frame_probe ID: 1 receives a frame at time 72.107s ++++
++++ frame_probe ID: 2 receives a frame at time 72.107s ++++
++++ frame_probe ID: 1010 receives a frame at time 72.107s ++++
generated random number is++++ frame_probe ID: 1018 receives a frame at time 0.397577 and the threshold is 1. good luck. 
72.1071s ++++
INFO: Detected an invalid packet at item 4000
INFO: Parser returned #f
INFO: Detected an invalid packet at item 4032
INFO: Parser returned #f
INFO: Detected an invalid packet at item 768
INFO: Parser returned #f
a data frame with index 4 from node: 3 has been transmitted 1th time
++++ frame_probe ID: 850 receives a frame at time 72.2329s ++++
INFO: Detected an invalid packet at item 4096
INFO: Parser returned #f
++++ frame_probe ID: 860 receives a frame at time 72.2738s ++++
* header analysis ID: 7 get the 1th transmission of data frame 4 at time 1.48554e+07 s
++++ frame_probe ID: 1 receives a frame at time 72.2793s ++++
++++ frame_probe ID: 2 receives a frame at time 72.2793s ++++
++++ frame_probe ID: 1010 receives a frame at time 72.2794s ++++
generated random number is0.67852 and the threshold is ++++ frame_probe ID: 1. good luck. 1018
 receives a frame at time 72.2795s ++++
INFO: Detected an invalid packet at item 4160
INFO: Parser returned #f
INFO: Detected an invalid packet at item 4192
INFO: Parser returned #f
INFO: Detected an invalid packet at item 4224
INFO: Parser returned #f
INFO: Detected an invalid packet at item 800
INFO: Parser returned #f
a data frame with index 4 from node: 3 has been transmitted 2th time
++++ frame_probe ID: 850 receives a frame at time 72.4039s ++++
INFO: Detected an invalid packet at item 4288
INFO: Parser returned #f
++++ frame_probe ID: 860 receives a frame at time 72.4448s ++++
* header analysis ID: 7 get the 1th transmission of data frame 4 at time 1.48554e+07 s
++++ frame_probe ID: 1 receives a frame at time 72.4528s ++++
++++ frame_probe ID: 2 receives a frame at time 72.4528s ++++
++++ frame_probe ID: 1010 receives a frame at time 72.4529s ++++
generated random number is0.959432 and the threshold is ++++ frame_probe ID: 1018 receives a frame at time 1. good luck. 
72.453s ++++
INFO: Detected an invalid packet at item 4352
INFO: Parser returned #f
INFO: Detected an invalid packet at item 4384
INFO: Parser returned #f
INFO: Detected an invalid packet at item 832
INFO: Parser returned #f
measurement 2/2 complete in 2 second(s).
a data frame with index 4 from node: 3 has been transmitted 3th time
++++ frame_probe ID: 850 receives a frame at time 72.6049s ++++
INFO: Detected an invalid packet at item 4448
INFO: Parser returned #f
++++ frame_probe ID: 860 receives a frame at time 72.6458s ++++
* header analysis ID: 7 get the 1th transmission of data frame 4 at time 1.48554e+07 s
++++ frame_probe ID: 1 receives a frame at time 72.6541s ++++
++++ frame_probe ID: 2 receives a frame at time 72.6542s ++++
++++ frame_probe ID: 1010 receives a frame at time 72.6542s ++++
generated random number is++++ frame_probe ID: 1018 receives a frame at time 0.588368 and the threshold is 1. good luck. 
72.6543s ++++
INFO: Detected an invalid packet at item 4512
INFO: Parser returned #f
INFO: Detected an invalid packet at item 4544
INFO: Parser returned #f
INFO: Detected an invalid packet at item 864
INFO: Parser returned #f
a data frame with index 4 from node: 3 has been transmitted 4th time
++++ frame_probe ID: 850 receives a frame at time 72.8106s ++++
++++ frame_probe ID: 860 receives a frame at time 72.8515s ++++
* header analysis ID: 7 get the 1th transmission of data frame 4 at time 1.48554e+07 s
++++ frame_probe ID: 1 receives a frame at time 72.8556s ++++
++++ frame_probe ID: 2 receives a frame at time 72.8557s ++++
++++ frame_probe ID: 1010 receives a frame at time 72.8557s ++++
generated random number is++++ frame_probe ID: 1018 receives a frame at time 0.509351 and the threshold is 1. good luck. 72.8558
s ++++
INFO: Detected an invalid packet at item 4640
INFO: Parser returned #f
INFO: Detected an invalid packet at item 4672
INFO: Parser returned #f
INFO: Detected an invalid packet at item 896
INFO: Parser returned #f
a data frame with index 4 from node: 3 has been transmitted 5th time
++++ frame_probe ID: 850 receives a frame at time 73.0717s ++++
INFO: Detected an invalid packet at item 4736
INFO: Parser returned #f
++++ frame_probe ID: 860 receives a frame at time 73.1125s ++++
* header analysis ID: 7 get the 1th transmission of data frame 4 at time 1.48554e+07 s
++++ frame_probe ID: 1 receives a frame at time 73.1242s ++++
++++ frame_probe ID: 2 receives a frame at time 73.1242s ++++
++++ frame_probe ID: 1010 receives a frame at time 73.1242s ++++
generated random number is++++ frame_probe ID: 1018 receives a frame at time 0.974157 and the threshold is 1. good luck. 
73.1243s ++++
INFO: Detected an invalid packet at item 4800
INFO: Parser returned #f
INFO: Detected an invalid packet at item 4832
INFO: Parser returned #f
INFO: Detected an invalid packet at item 928
INFO: Parser returned #f
frame: 4 from node: 3 is dropped because its max retransmission counter is reached. 
counter ID 880 results at time 4373.46+++++++++ frame_probe ID:  is 6
1 +++++++++ ---- data frame detected ---- frame index is:            4;    destination address is:    1;    source address is:         3;    number of transmission is: 6;    reserved field I is:       318;    reserved field II is:      524;    payload length is:           837;    header length is:          11;    address check is:          0;    good frame is:             0;    frame info contains a frame with length 852 bytes: input time_stamp is: 73.0716
++++ frame_probe ID: 850 receives a frame at time 73.4826s ++++
measurement 2/2 complete in 1 second(s).
++++ frame_probe ID: 860 receives a frame at time 73.5235s ++++
* header analysis ID: 7 get the 1th transmission of data frame 5 at time 1.48554e+07 s
++++ frame_probe ID: 1 receives a frame at time 73.528s ++++
++++ frame_probe ID: 2 receives a frame at time 73.528s ++++
++++ frame_probe ID: 1010 receives a frame at time 73.5281s ++++
generated random number is++++ frame_probe ID: 0.676587 and the threshold is 1018 receives a frame at time 1. good luck. 
73.5282s ++++
INFO: Detected an invalid packet at item 4928
INFO: Parser returned #f
INFO: Detected an invalid packet at item 4960
INFO: Parser returned #f
INFO: Detected an invalid packet at item 4992
INFO: Parser returned #f
INFO: Detected an invalid packet at item 960
INFO: Parser returned #f
a data frame with index 5 from node: 3 has been transmitted 1th time
++++ frame_probe ID: 850 receives a frame at time 73.6585s ++++
INFO: Detected an invalid packet at item 5056
INFO: Parser returned #f
++++ frame_probe ID: 860 receives a frame at time 73.6994s ++++
* header analysis ID: 7 get the 1th transmission of data frame 5 at time 1.48554e+07 s
++++ frame_probe ID: 1 receives a frame at time 73.7104s ++++
++++ frame_probe ID: 2 receives a frame at time 73.7104s ++++
++++ frame_probe ID: 1010 receives a frame at time 73.7105s ++++
generated random number is++++ frame_probe ID: 0.146657 and the threshold is 1018 receives a frame at time 1. good luck. 
73.7106s ++++
INFO: Detected an invalid packet at item 5120
INFO: Parser returned #f
INFO: Detected an invalid packet at item 5152
INFO: Parser returned #f
INFO: Detected an invalid packet at item 992
INFO: Parser returned #f
a data frame with index 5 from node: 3 has been transmitted 2th time
++++ frame_probe ID: 850 receives a frame at time 73.8442s ++++
INFO: Detected an invalid packet at item 5216
INFO: Parser returned #f
++++ frame_probe ID: 860 receives a frame at time 73.885s ++++
* header analysis ID: 7 get the 1th transmission of data frame 5 at time 1.48554e+07 s
++++ frame_probe ID: 1 receives a frame at time 73.8929s ++++
++++ frame_probe ID: 2 receives a frame at time 73.8929s ++++
++++ frame_probe ID: 1010 receives a frame at time 73.893s ++++
generated random number is0.84791 and the threshold is 1. good luck. 
++++ frame_probe ID: 1018 receives a frame at time 73.8931s ++++
INFO: Detected an invalid packet at item 5280
INFO: Parser returned #f
INFO: Detected an invalid packet at item 5312
INFO: Parser returned #f
INFO: Detected an invalid packet at item 5344
INFO: Parser returned #f
INFO: Detected an invalid packet at item 1024
INFO: Parser returned #f
a data frame with index 5 from node: 3 has been transmitted 3th time
++++ frame_probe ID: 850 receives a frame at time 74.0201s ++++
INFO: Detected an invalid packet at item 5408
INFO: Parser returned #f
++++ frame_probe ID: 860 receives a frame at time 74.0615s ++++
* header analysis ID: 7 get the 1th transmission of data frame 5 at time 1.48554e+07 s
++++ frame_probe ID: 1 receives a frame at time 74.0652s ++++
++++ frame_probe ID: 2 receives a frame at time 74.0653s ++++
++++ frame_probe ID: 1010 receives a frame at time 74.0653s ++++
generated random number is++++ frame_probe ID: 1018 receives a frame at time 0.913709 and the threshold is 1. good luck. 
74.0654s ++++
INFO: Detected an invalid packet at item 5472
INFO: Parser returned #f
INFO: Detected an invalid packet at item 5504
INFO: Parser returned #f
INFO: Detected an invalid packet at item 5536
INFO: Parser returned #f
INFO: Detected an invalid packet at item 1056
INFO: Parser returned #f
a data frame with index 5 from node: 3 has been transmitted 4th time
++++ frame_probe ID: 850 receives a frame at time 74.2611s ++++
++++ frame_probe ID: 860 receives a frame at time 74.302s ++++
* header analysis ID: 7 get the 1th transmission of data frame 5 at time 1.48554e+07 s
++++ frame_probe ID: 1 receives a frame at time 74.3148s ++++
++++ frame_probe ID: 2 receives a frame at time 74.3148s ++++
++++ frame_probe ID: 1010 receives a frame at time 74.3149s ++++
generated random number is0.329074 and the threshold is 1. good luck. ++++ frame_probe ID: 
1018 receives a frame at time 74.3149s ++++
INFO: Detected an invalid packet at item 5632
INFO: Parser returned #f
INFO: Detected an invalid packet at item 5664
INFO: Parser returned #f
INFO: Detected an invalid packet at item 1088
INFO: Parser returned #f
measurement 2 raw data directory created /home/inets/0_ba/bachelor_thesis/measurements/debug/data/127/2/.
'/home/inets/source/gr-inets/results/ack_not_filtered.txt' -> '/home/inets/0_ba/bachelor_thesis/measurements/debug/data/127/2/ack_not_filtered.txt'
'/home/inets/source/gr-inets/results/receiver_data_received.txt' -> '/home/inets/0_ba/bachelor_thesis/measurements/debug/data/127/2/receiver_data_received.txt'
'/home/inets/source/gr-inets/results/sender_bfr_dq.txt' -> '/home/inets/0_ba/bachelor_thesis/measurements/debug/data/127/2/sender_bfr_dq.txt'
'/home/inets/source/gr-inets/results/sender_data_sent.txt' -> '/home/inets/0_ba/bachelor_thesis/measurements/debug/data/127/2/sender_data_sent.txt'
'/home/inets/source/gr-inets/results/sender_retransmissions.txt' -> '/home/inets/0_ba/bachelor_thesis/measurements/debug/data/127/2/sender_retransmissions.txt'
measurement 2 raw data moved to /home/inets/0_ba/bachelor_thesis/measurements/debug/data/127/2/.

now processing results...
plotting python should be: python3 (ubuntu).
Hello from rtt.py!
hello from variables.py!
data_sent: 1500384357.006422
data_sent: 1500384357.182228
data_sent: 1500384357.362301
data_sent: 1500384357.537837
data_sent: 1500384357.773484
data_sent: 1500384358.029208
data_sent: 1500384358.330100
data_sent: 1500384358.500964
data_sent: 1500384358.676601
data_sent: 1500384358.862083
data_sent: 1500384359.068006
data_sent: 1500384359.338793
data_sent: 1500384359.534362
data_sent: 1500384359.710017
data_sent: 1500384359.890935
data_sent: 1500384360.071816
data_sent: 1500384360.312212
data_sent: 1500384360.597708
data_sent: 1500384360.943333
data_sent: 1500384361.114051
data_sent: 1500384361.284436
data_sent: 1500384361.459688
data_sent: 1500384361.690081
data_sent: 1500384361.970409
data_sent: 1500384362.241000
data_sent: 1500384362.412086
data_sent: 1500384362.582570
data_sent: 1500384362.788191
data_sent: 1500384362.989014
data_sent: 1500384363.229854
data_sent: 1500384363.455729
data_sent: 1500384363.631419
data_sent: 1500384363.807651
data_sent: 1500384363.983164
data_sent: 1500384364.218718
File /home/inets/0_ba/bachelor_thesis/measurements/debug/data/127/1/sender_ack_received.txt not found.                 Assuming not reached in GR.
retx: [5, 6, 6, 6, 6]
Last data frame wasnt acked (max tries).                         Termintating calculation here.
Last data frame wasnt acked (max tries).                         Termintating calculation here.
Last data frame wasnt acked (max tries).                         Termintating calculation here.
Last data frame wasnt acked (max tries).                         Termintating calculation here.
Last data frame wasnt acked (max tries).                         Termintating calculation here.

The resulting RTTs of this single measurement are:
[]



The resulting mean RTT of this single measurement is:
100


abs. packet loss: 35.0
packet loss in %: 100.0%
data_sent: 1500384366.945749
data_sent: 1500384367.117355
data_sent: 1500384367.298238
data_sent: 1500384367.483963
data_sent: 1500384367.689454
data_sent: 1500384367.860868
data_sent: 1500384368.281836
data_sent: 1500384368.452970
data_sent: 1500384368.634173
data_sent: 1500384368.839502
data_sent: 1500384369.075396
data_sent: 1500384369.351806
data_sent: 1500384369.577652
data_sent: 1500384369.753537
data_sent: 1500384369.934830
data_sent: 1500384370.125622
data_sent: 1500384370.346610
data_sent: 1500384370.582512
data_sent: 1500384370.883068
data_sent: 1500384371.059351
data_sent: 1500384371.235266
data_sent: 1500384371.425931
data_sent: 1500384371.606252
data_sent: 1500384371.826722
data_sent: 1500384372.057455
data_sent: 1500384372.232861
data_sent: 1500384372.403855
data_sent: 1500384372.604895
data_sent: 1500384372.810644
data_sent: 1500384373.071730
data_sent: 1500384373.482579
data_sent: 1500384373.658498
data_sent: 1500384373.844166
data_sent: 1500384374.020104
data_sent: 1500384374.261112
File /home/inets/0_ba/bachelor_thesis/measurements/debug/data/127/2/sender_ack_received.txt not found.                 Assuming not reached in GR.
retx: [5, 6, 6, 6, 6]
Last data frame wasnt acked (max tries).                         Termintating calculation here.
Last data frame wasnt acked (max tries).                         Termintating calculation here.
Last data frame wasnt acked (max tries).                         Termintating calculation here.
Last data frame wasnt acked (max tries).                         Termintating calculation here.
Last data frame wasnt acked (max tries).                         Termintating calculation here.

The resulting RTTs of this single measurement are:
[]



The resulting mean RTT of this single measurement is:
100


abs. packet loss: 35.0
packet loss in %: 100.0%
[ 100.  100.]
