Measurement 1/3 complete in 5 second(s).
linux; GNU C++ version 5.4.0 20160609; Boost_105800; UHD_003.009.005-45-g6768a615
linux; GNU C++ version 5.4.0 20160609; Boost_105800; UHD_003.009.005-45-g6768a615


Using Volk machine: avx_64_mmx
-- Opening a USRP2/N-Series device...
Using Volk machine: avx_64_mmx
-- Opening a USRP2/N-Series device...
-- Current recv frame size: 1472 bytes
-- Current recv frame size: 1472 bytes
-- Current send frame size: 1472 bytes
-- Current send frame size: 1472 bytes
Measurement 1/3 complete in 4 second(s).
the 100th message counter is activated.
the 100th message counter is activated.
Measurement 1/3 complete in 3 second(s).
node starts running at 16.0395
node starts running at 16.056
++++ frame_probe ID: 850 receives a frame at time 16.0739s ++++
INFO: Detected an invalid packet at item 0
INFO: Parser returned #f
++++ frame_probe ID: 860 receives a frame at time 16.1147s ++++
++++ frame_probe ID: 1010 receives a frame at time 16.1188s ++++
++++ frame_probe ID: 890 receives a frame at time 16.1415s ++++
the 100th message counter  has been visited 1 times  
++++ frame_probe ID: 850 receives a frame at time 16.2339s ++++
INFO: Detected an invalid packet at item 96
INFO: Parser returned #f
++++ frame_probe ID: 860 receives a frame at time 16.2746s ++++
++++ frame_probe ID: 1010 receives a frame at time 16.2821s ++++
++++ frame_probe ID: 890 receives a frame at time 16.3048s ++++
the 100th message counter  has been visited 2 times  
++++ frame_probe ID: 850 receives a frame at time 16.4022s ++++
INFO: Detected an invalid packet at item 192
INFO: Parser returned #f
++++ frame_probe ID: 860 receives a frame at time 16.4433s ++++
++++ frame_probe ID: 1010 receives a frame at time 16.4591s ++++
++++ frame_probe ID: 890 receives a frame at time 16.4829s ++++
the 100th message counter  has been visited 3 times  
++++ frame_probe ID: 850 receives a frame at time 16.5559s ++++
INFO: Detected an invalid packet at item 288
INFO: Parser returned #f
++++ frame_probe ID: 860 receives a frame at time 16.5967s ++++
++++ frame_probe ID: 1010 receives a frame at time 16.6089s ++++
Measurement 1/3 complete in 2 second(s).
++++ frame_probe ID: 890 receives a frame at time 16.6317s ++++
the 100th message counter  has been visited 4 times  
++++ frame_probe ID: 850 receives a frame at time 16.7353s ++++
INFO: Detected an invalid packet at item 384
INFO: Parser returned #f
++++ frame_probe ID: 860 receives a frame at time 16.7763s ++++
++++ frame_probe ID: 1010 receives a frame at time 16.7812s ++++
++++ frame_probe ID: 890 receives a frame at time 16.804s ++++
the 100th message counter  has been visited 5 times  
++++ frame_probe ID: 850 receives a frame at time 16.9153s ++++
INFO: Detected an invalid packet at item 480
INFO: Parser returned #f
++++ frame_probe ID: 860 receives a frame at time 16.9561s ++++
++++ frame_probe ID: 1010 receives a frame at time 16.9636s ++++
++++ frame_probe ID: 890 receives a frame at time 16.9864s ++++
the 100th message counter  has been visited 6 times  
++++ frame_probe ID: 850 receives a frame at time 17.0828s ++++
INFO: Detected an invalid packet at item 576
INFO: Parser returned #f
++++ frame_probe ID: 860 receives a frame at time 17.1235s ++++
++++ frame_probe ID: 1010 receives a frame at time 17.127s ++++
++++ frame_probe ID: 890 receives a frame at time 17.1498s ++++
the 100th message counter  has been visited 7 times  
++++ frame_probe ID: 850 receives a frame at time 17.2551s ++++
INFO: Detected an invalid packet at item 672
INFO: Parser returned #f
++++ frame_probe ID: 860 receives a frame at time 17.2959s ++++
++++ frame_probe ID: 1010 receives a frame at time 17.2994s ++++
++++ frame_probe ID: 890 receives a frame at time 17.3232s ++++
the 100th message counter  has been visited 8 times  
++++ frame_probe ID: 850 receives a frame at time 17.4136s ++++
INFO: Detected an invalid packet at item 768
INFO: Parser returned #f
++++ frame_probe ID: 860 receives a frame at time 17.4543s ++++
++++ frame_probe ID: 1010 receives a frame at time 17.4627s ++++
++++ frame_probe ID: 890 receives a frame at time 17.4856s ++++
the 100th message counter  has been visited 9 times  
++++ frame_probe ID: 850 receives a frame at time 17.5839s ++++
INFO: Detected an invalid packet at item 864
INFO: Parser returned #f
Measurement 1/3 complete in 1 second(s).
++++ frame_probe ID: 860 receives a frame at time 17.6245s ++++
++++ frame_probe ID: 1010 receives a frame at time 17.6352s ++++
++++ frame_probe ID: 890 receives a frame at time 17.6589s ++++
the 100th message counter  has been visited 10 times  
++++ frame_probe ID: 850 receives a frame at time 17.7603s ++++
INFO: Detected an invalid packet at item 960
INFO: Parser returned #f
++++ frame_probe ID: 860 receives a frame at time 17.8011s ++++
++++ frame_probe ID: 1010 receives a frame at time 17.8085s ++++
++++ frame_probe ID: 890 receives a frame at time 17.8314s ++++
the 100th message counter  has been visited 11 times  
++++ frame_probe ID: 850 receives a frame at time 17.9308s ++++
INFO: Detected an invalid packet at item 1056
INFO: Parser returned #f
++++ frame_probe ID: 860 receives a frame at time 17.9715s ++++
++++ frame_probe ID: 1010 receives a frame at time 17.9809s ++++
++++ frame_probe ID: 890 receives a frame at time 18.0046s ++++
the 100th message counter  has been visited 12 times  
++++ frame_probe ID: 850 receives a frame at time 18.108s ++++
INFO: Detected an invalid packet at item 1152
INFO: Parser returned #f
++++ frame_probe ID: 860 receives a frame at time 18.1487s ++++
++++ frame_probe ID: 1010 receives a frame at time 18.1543s ++++
++++ frame_probe ID: 890 receives a frame at time 18.1771s ++++
the 100th message counter  has been visited 13 times  
++++ frame_probe ID: 850 receives a frame at time 18.2585s ++++
INFO: Detected an invalid packet at item 1248
INFO: Parser returned #f
++++ frame_probe ID: 860 receives a frame at time 18.2995s ++++
++++ frame_probe ID: 1010 receives a frame at time 18.3076s ++++
++++ frame_probe ID: 890 receives a frame at time 18.3304s ++++
the 100th message counter  has been visited 14 times  
++++ frame_probe ID: 850 receives a frame at time 18.4459s ++++
INFO: Detected an invalid packet at item 1344
INFO: Parser returned #f
++++ frame_probe ID: 860 receives a frame at time 18.4866s ++++
++++ frame_probe ID: 1010 receives a frame at time 18.4901s ++++
++++ frame_probe ID: 890 receives a frame at time 18.5128s ++++
the 100th message counter  has been visited 15 times  
++++ frame_probe ID: 850 receives a frame at time 18.5942s ++++
INFO: Detected an invalid packet at item 1440
INFO: Parser returned #f
Measurement 1 raw data directory created /home/inets/0_ba/bachelor_thesis/measurements/debug/data/18/1/.
'/home/inets/source/gr-inets/results/receiver_data_received.txt' -> '/home/inets/0_ba/bachelor_thesis/measurements/debug/data/18/1/receiver_data_received.txt'
'/home/inets/source/gr-inets/results/sender_ack_received.txt' -> '/home/inets/0_ba/bachelor_thesis/measurements/debug/data/18/1/sender_ack_received.txt'
'/home/inets/source/gr-inets/results/sender_bfr_dq.txt' -> '/home/inets/0_ba/bachelor_thesis/measurements/debug/data/18/1/sender_bfr_dq.txt'
'/home/inets/source/gr-inets/results/sender_data_sent.txt' -> '/home/inets/0_ba/bachelor_thesis/measurements/debug/data/18/1/sender_data_sent.txt'
Measurement 1 raw data moved to /home/inets/0_ba/bachelor_thesis/measurements/debug/data/18/1/.

Measurement 2/3 complete in 5 second(s).
linux; GNU C++ version 5.4.0 20160609; Boost_105800; UHD_003.009.005-45-g6768a615

linux; GNU C++ version 5.4.0 20160609; Boost_105800; UHD_003.009.005-45-g6768a615

Using Volk machine: avx_64_mmx
-- Opening a USRP2/N-Series device...
Using Volk machine: avx_64_mmx
-- Opening a USRP2/N-Series device...
-- Current recv frame size: 1472 bytes
-- Current send frame size: 1472 bytes
-- Current recv frame size: 1472 bytes
-- Current send frame size: 1472 bytes
Measurement 2/3 complete in 4 second(s).
the 100th message counter is activated.
the 100th message counter is activated.
Measurement 2/3 complete in 3 second(s).
node starts running at 21.0311
node starts running at 21.0333
++++ frame_probe ID: 850 receives a frame at time 21.0949s ++++
INFO: Detected an invalid packet at item 0
INFO: Parser returned #f
++++ frame_probe ID: 860 receives a frame at time 21.1357s ++++
++++ frame_probe ID: 1010 receives a frame at time 21.1416s ++++
++++ frame_probe ID: 890 receives a frame at time 21.1643s ++++
the 100th message counter  has been visited 1 times  
++++ frame_probe ID: 850 receives a frame at time 21.2617s ++++
INFO: Detected an invalid packet at item 96
INFO: Parser returned #f
++++ frame_probe ID: 860 receives a frame at time 21.3024s ++++
++++ frame_probe ID: 1010 receives a frame at time 21.314s ++++
++++ frame_probe ID: 890 receives a frame at time 21.3376s ++++
the 100th message counter  has been visited 2 times  
++++ frame_probe ID: 850 receives a frame at time 21.423s ++++
INFO: Detected an invalid packet at item 192
INFO: Parser returned #f
++++ frame_probe ID: 860 receives a frame at time 21.4637s ++++
++++ frame_probe ID: 1010 receives a frame at time 21.4683s ++++
++++ frame_probe ID: 890 receives a frame at time 21.4911s ++++
the 100th message counter  has been visited 3 times  
++++ frame_probe ID: 850 receives a frame at time 21.5865s ++++
INFO: Detected an invalid packet at item 288
INFO: Parser returned #f
Measurement 2/3 complete in 2 second(s).
++++ frame_probe ID: 860 receives a frame at time 21.6272s ++++
++++ frame_probe ID: 1010 receives a frame at time 21.6308s ++++
++++ frame_probe ID: 890 receives a frame at time 21.6544s ++++
the 100th message counter  has been visited 4 times  
++++ frame_probe ID: 850 receives a frame at time 21.7489s ++++
INFO: Detected an invalid packet at item 384
INFO: Parser returned #f
++++ frame_probe ID: 860 receives a frame at time 21.7896s ++++
++++ frame_probe ID: 1010 receives a frame at time 21.7941s ++++
++++ frame_probe ID: 890 receives a frame at time 21.8168s ++++
the 100th message counter  has been visited 5 times  
++++ frame_probe ID: 850 receives a frame at time 21.9092s ++++
INFO: Detected an invalid packet at item 480
INFO: Parser returned #f
++++ frame_probe ID: 860 receives a frame at time 21.95s ++++
++++ frame_probe ID: 1010 receives a frame at time 21.9575s ++++
++++ frame_probe ID: 890 receives a frame at time 21.9801s ++++
the 100th message counter  has been visited 6 times  
++++ frame_probe ID: 850 receives a frame at time 22.0886s ++++
INFO: Detected an invalid packet at item 576
INFO: Parser returned #f
++++ frame_probe ID: 860 receives a frame at time 22.1292s ++++
++++ frame_probe ID: 1010 receives a frame at time 22.1398s ++++
++++ frame_probe ID: 890 receives a frame at time 22.1626s ++++
the 100th message counter  has been visited 7 times  
++++ frame_probe ID: 850 receives a frame at time 22.2619s ++++
INFO: Detected an invalid packet at item 672
INFO: Parser returned #f
++++ frame_probe ID: 860 receives a frame at time 22.3027s ++++
++++ frame_probe ID: 1010 receives a frame at time 22.3132s ++++
++++ frame_probe ID: 890 receives a frame at time 22.3359s ++++
the 100th message counter  has been visited 8 times  
++++ frame_probe ID: 850 receives a frame at time 22.4443s ++++
INFO: Detected an invalid packet at item 768
INFO: Parser returned #f
++++ frame_probe ID: 860 receives a frame at time 22.4849s ++++
++++ frame_probe ID: 1010 receives a frame at time 22.4956s ++++
++++ frame_probe ID: 890 receives a frame at time 22.5183s ++++
the 100th message counter  has been visited 9 times  
++++ frame_probe ID: 850 receives a frame at time 22.5917s ++++
INFO: Detected an invalid packet at item 864
INFO: Parser returned #f
Measurement 2/3 complete in 1 second(s).
++++ frame_probe ID: 860 receives a frame at time 22.6324s ++++
++++ frame_probe ID: 1010 receives a frame at time 22.639s ++++
++++ frame_probe ID: 890 receives a frame at time 22.6617s ++++
the 100th message counter  has been visited 10 times  
++++ frame_probe ID: 850 receives a frame at time 22.7672s ++++
INFO: Detected an invalid packet at item 960
INFO: Parser returned #f
++++ frame_probe ID: 860 receives a frame at time 22.8078s ++++
++++ frame_probe ID: 1010 receives a frame at time 22.8123s ++++
++++ frame_probe ID: 890 receives a frame at time 22.8351s ++++
the 100th message counter  has been visited 11 times  
++++ frame_probe ID: 850 receives a frame at time 22.9225s ++++
INFO: Detected an invalid packet at item 1056
INFO: Parser returned #f
++++ frame_probe ID: 860 receives a frame at time 22.9632s ++++
++++ frame_probe ID: 1010 receives a frame at time 22.9747s ++++
++++ frame_probe ID: 890 receives a frame at time 22.9984s ++++
the 100th message counter  has been visited 12 times  
++++ frame_probe ID: 850 receives a frame at time 23.0987s ++++
INFO: Detected an invalid packet at item 1152
INFO: Parser returned #f
++++ frame_probe ID: 860 receives a frame at time 23.1398s ++++
++++ frame_probe ID: 1010 receives a frame at time 23.1481s ++++
++++ frame_probe ID: 890 receives a frame at time 23.1709s ++++
the 100th message counter  has been visited 13 times  
++++ frame_probe ID: 850 receives a frame at time 23.2512s ++++
INFO: Detected an invalid packet at item 1248
INFO: Parser returned #f
++++ frame_probe ID: 860 receives a frame at time 23.2921s ++++
++++ frame_probe ID: 1010 receives a frame at time 23.3014s ++++
++++ frame_probe ID: 890 receives a frame at time 23.3242s ++++
the 100th message counter  has been visited 14 times  
++++ frame_probe ID: 850 receives a frame at time 23.4166s ++++
INFO: Detected an invalid packet at item 1344
INFO: Parser returned #f
++++ frame_probe ID: 860 receives a frame at time 23.4574s ++++
++++ frame_probe ID: 1010 receives a frame at time 23.4648s ++++
++++ frame_probe ID: 890 receives a frame at time 23.4866s ++++
the 100th message counter  has been visited 15 times  
++++ frame_probe ID: 850 receives a frame at time 23.5672s ++++
INFO: Detected an invalid packet at item 1440
INFO: Parser returned #f
++++ frame_probe ID: 860 receives a frame at time 23.6078s ++++
++++ frame_probe ID: 1010 receives a frame at time 23.6181s ++++
Measurement 2 raw data directory created /home/inets/0_ba/bachelor_thesis/measurements/debug/data/18/2/.
'/home/inets/source/gr-inets/results/receiver_data_received.txt' -> '/home/inets/0_ba/bachelor_thesis/measurements/debug/data/18/2/receiver_data_received.txt'
'/home/inets/source/gr-inets/results/sender_ack_received.txt' -> '/home/inets/0_ba/bachelor_thesis/measurements/debug/data/18/2/sender_ack_received.txt'
'/home/inets/source/gr-inets/results/sender_bfr_dq.txt' -> '/home/inets/0_ba/bachelor_thesis/measurements/debug/data/18/2/sender_bfr_dq.txt'
'/home/inets/source/gr-inets/results/sender_data_sent.txt' -> '/home/inets/0_ba/bachelor_thesis/measurements/debug/data/18/2/sender_data_sent.txt'
Measurement 2 raw data moved to /home/inets/0_ba/bachelor_thesis/measurements/debug/data/18/2/.

Measurement 3/3 complete in 5 second(s).
linux; GNU C++ version 5.4.0 20160609; Boost_105800; UHD_003.009.005-45-g6768a615
linux; GNU C++ version 5.4.0 20160609; Boost_105800; UHD_003.009.005-45-g6768a615


Using Volk machine: avx_64_mmx
-- Opening a USRP2/N-Series device...
Using Volk machine: avx_64_mmx
-- Opening a USRP2/N-Series device...
-- Current recv frame size: 1472 bytes
-- Current send frame size: 1472 bytes
-- Current recv frame size: 1472 bytes
-- Current send frame size: 1472 bytes
Measurement 3/3 complete in 4 second(s).
the 100th message counter is activated.
the 100th message counter is activated.
Measurement 3/3 complete in 3 second(s).
node starts running at 26.0614
node starts running at 26.0775
++++ frame_probe ID: 850 receives a frame at time 26.0867s ++++
INFO: Detected an invalid packet at item 0
INFO: Parser returned #f
++++ frame_probe ID: 860 receives a frame at time 26.1275s ++++
++++ frame_probe ID: 1010 receives a frame at time 26.1297s ++++
++++ frame_probe ID: 890 receives a frame at time 26.1538s ++++
the 100th message counter  has been visited 1 times  
++++ frame_probe ID: 850 receives a frame at time 26.2482s ++++
INFO: Detected an invalid packet at item 96
INFO: Parser returned #f
++++ frame_probe ID: 860 receives a frame at time 26.2889s ++++
++++ frame_probe ID: 1010 receives a frame at time 26.293s ++++
++++ frame_probe ID: 890 receives a frame at time 26.3172s ++++
the 100th message counter  has been visited 2 times  
++++ frame_probe ID: 850 receives a frame at time 26.3897s ++++
INFO: Detected an invalid packet at item 192
INFO: Parser returned #f
++++ frame_probe ID: 860 receives a frame at time 26.4305s ++++
++++ frame_probe ID: 1010 receives a frame at time 26.4373s ++++
++++ frame_probe ID: 890 receives a frame at time 26.4606s ++++
the 100th message counter  has been visited 3 times  
++++ frame_probe ID: 850 receives a frame at time 26.563s ++++
INFO: Detected an invalid packet at item 288
INFO: Parser returned #f
++++ frame_probe ID: 860 receives a frame at time 26.604s ++++
++++ frame_probe ID: 1010 receives a frame at time 26.6097s ++++
++++ frame_probe ID: 890 receives a frame at time 26.6339s ++++
Measurement 3/3 complete in 2 second(s).
the 100th message counter  has been visited 4 times  
++++ frame_probe ID: 850 receives a frame at time 26.7044s ++++
INFO: Detected an invalid packet at item 384
INFO: Parser returned #f
++++ frame_probe ID: 860 receives a frame at time 26.7451s ++++
++++ frame_probe ID: 1010 receives a frame at time 26.754s ++++
++++ frame_probe ID: 890 receives a frame at time 26.7772s ++++
the 100th message counter  has been visited 5 times  
++++ frame_probe ID: 850 receives a frame at time 26.8617s ++++
INFO: Detected an invalid packet at item 480
INFO: Parser returned #f
++++ frame_probe ID: 860 receives a frame at time 26.9024s ++++
++++ frame_probe ID: 1010 receives a frame at time 26.9074s ++++
++++ frame_probe ID: 890 receives a frame at time 26.9306s ++++
the 100th message counter  has been visited 6 times  
++++ frame_probe ID: 850 receives a frame at time 27.0191s ++++
INFO: Detected an invalid packet at item 576
INFO: Parser returned #f
++++ frame_probe ID: 860 receives a frame at time 27.0597s ++++
++++ frame_probe ID: 1010 receives a frame at time 27.0707s ++++
++++ frame_probe ID: 890 receives a frame at time 27.094s ++++
the 100th message counter  has been visited 7 times  
++++ frame_probe ID: 850 receives a frame at time 27.1865s ++++
INFO: Detected an invalid packet at item 672
INFO: Parser returned #f
++++ frame_probe ID: 860 receives a frame at time 27.2273s ++++
++++ frame_probe ID: 1010 receives a frame at time 27.2332s ++++
++++ frame_probe ID: 890 receives a frame at time 27.2574s ++++
the 100th message counter  has been visited 8 times  
++++ frame_probe ID: 850 receives a frame at time 27.3549s ++++
INFO: Detected an invalid packet at item 768
INFO: Parser returned #f
++++ frame_probe ID: 860 receives a frame at time 27.3956s ++++
++++ frame_probe ID: 1010 receives a frame at time 27.4056s ++++
++++ frame_probe ID: 890 receives a frame at time 27.4307s ++++
the 100th message counter  has been visited 9 times  
++++ frame_probe ID: 850 receives a frame at time 27.5342s ++++
INFO: Detected an invalid packet at item 864
INFO: Parser returned #f
++++ frame_probe ID: 860 receives a frame at time 27.5748s ++++
++++ frame_probe ID: 1010 receives a frame at time 27.5789s ++++
++++ frame_probe ID: 890 receives a frame at time 27.6031s ++++
Measurement 3/3 complete in 1 second(s).
the 100th message counter  has been visited 10 times  
++++ frame_probe ID: 850 receives a frame at time 27.7016s ++++
INFO: Detected an invalid packet at item 960
INFO: Parser returned #f
++++ frame_probe ID: 860 receives a frame at time 27.7426s ++++
++++ frame_probe ID: 1010 receives a frame at time 27.7513s ++++
++++ frame_probe ID: 890 receives a frame at time 27.7756s ++++
the 100th message counter  has been visited 11 times  
++++ frame_probe ID: 850 receives a frame at time 27.868s ++++
INFO: Detected an invalid packet at item 1056
INFO: Parser returned #f
++++ frame_probe ID: 860 receives a frame at time 27.9088s ++++
++++ frame_probe ID: 1010 receives a frame at time 27.9147s ++++
++++ frame_probe ID: 890 receives a frame at time 27.9389s ++++
the 100th message counter  has been visited 12 times  
++++ frame_probe ID: 850 receives a frame at time 28.0353s ++++
INFO: Detected an invalid packet at item 1152
INFO: Parser returned #f
++++ frame_probe ID: 860 receives a frame at time 28.076s ++++
++++ frame_probe ID: 1010 receives a frame at time 28.0872s ++++
++++ frame_probe ID: 890 receives a frame at time 28.1122s ++++
the 100th message counter  has been visited 13 times  
++++ frame_probe ID: 850 receives a frame at time 28.1946s ++++
INFO: Detected an invalid packet at item 1248
INFO: Parser returned #f
++++ frame_probe ID: 860 receives a frame at time 28.2353s ++++
++++ frame_probe ID: 1010 receives a frame at time 28.2414s ++++
++++ frame_probe ID: 890 receives a frame at time 28.2656s ++++
the 100th message counter  has been visited 14 times  
++++ frame_probe ID: 850 receives a frame at time 28.358s ++++
INFO: Detected an invalid packet at item 1344
INFO: Parser returned #f
++++ frame_probe ID: 860 receives a frame at time 28.3987s ++++
++++ frame_probe ID: 1010 receives a frame at time 28.4048s ++++
++++ frame_probe ID: 890 receives a frame at time 28.4289s ++++
the 100th message counter  has been visited 15 times  
++++ frame_probe ID: 850 receives a frame at time 28.5253s ++++
INFO: Detected an invalid packet at item 1440
INFO: Parser returned #f
++++ frame_probe ID: 860 receives a frame at time 28.5661s ++++
++++ frame_probe ID: 1010 receives a frame at time 28.5772s ++++
++++ frame_probe ID: 890 receives a frame at time 28.6014s ++++
Measurement 3 raw data directory created /home/inets/0_ba/bachelor_thesis/measurements/debug/data/18/3/.
'/home/inets/source/gr-inets/results/receiver_data_received.txt' -> '/home/inets/0_ba/bachelor_thesis/measurements/debug/data/18/3/receiver_data_received.txt'
'/home/inets/source/gr-inets/results/sender_ack_received.txt' -> '/home/inets/0_ba/bachelor_thesis/measurements/debug/data/18/3/sender_ack_received.txt'
'/home/inets/source/gr-inets/results/sender_bfr_dq.txt' -> '/home/inets/0_ba/bachelor_thesis/measurements/debug/data/18/3/sender_bfr_dq.txt'
'/home/inets/source/gr-inets/results/sender_data_sent.txt' -> '/home/inets/0_ba/bachelor_thesis/measurements/debug/data/18/3/sender_data_sent.txt'
Measurement 3 raw data moved to /home/inets/0_ba/bachelor_thesis/measurements/debug/data/18/3/.

Now processing results...
Plotting Python should be: python3 (UBUNTU).
Hello from retransmissions.py!
Hello from variables.py!

+--------------------------------------------------------------+
| Plotting completed. Until the next measurement session then! |
+--------------------------------------------------------------+
