Measurement 1/4 complete in 5 second(s).
linux; GNU C++ version 5.4.0 20160609; Boost_105800; UHD_003.009.005-45-g6768a615
linux; GNU C++ version 5.4.0 20160609; Boost_105800; UHD_003.009.005-45-g6768a615


Using Volk machine: avx_64_mmx
Using Volk machine: avx_64_mmx
Measurement 1/4 complete in 4 second(s).
Measurement 1/4 complete in 3 second(s).
Measurement 1/4 complete in 2 second(s).
Measurement 1/4 complete in 1 second(s).
Measurement 1 raw data directory created /home/inets/0_ba/bachelor_thesis/measurements/debug/data/77/1/.
Measurement 1 raw data moved to /home/inets/0_ba/bachelor_thesis/measurements/debug/data/77/1/.

Measurement 2/4 complete in 5 second(s).
linux; GNU C++ version 5.4.0 20160609; Boost_105800; UHD_003.009.005-45-g6768a615
linux; GNU C++ version 5.4.0 20160609; Boost_105800; UHD_003.009.005-45-g6768a615


Using Volk machine: avx_64_mmx
Using Volk machine: avx_64_mmx
Measurement 2/4 complete in 4 second(s).
Measurement 2/4 complete in 3 second(s).
Measurement 2/4 complete in 2 second(s).
Measurement 2/4 complete in 1 second(s).
Measurement 1/2 complete in 10 second(s).
linux; GNU C++ version 5.4.0 20160609; Boost_105800; UHD_003.009.005-45-g6768a615
linux; GNU C++ version 5.4.0 20160609; Boost_105800; UHD_003.009.005-45-g6768a615


Using Volk machine: avx_64_mmx
-- Opening a USRP2/N-Series device...
Using Volk machine: avx_64_mmx
-- Opening a USRP2/N-Series device...
-- Current recv frame size: 1472 bytes
-- Current send frame size: 1472 bytes
-- Current recv frame size: 1472 bytes
-- Current send frame size: 1472 bytes
Measurement 1/2 complete in 9 second(s).
the 880th message counter is activated.
the 885th message counter is activated.
the 100th message counter is activated.
the 100th message counter is activated.
Measurement 1/2 complete in 8 second(s).
node starts running at 52.2452
node starts running at 52.2453
++++ frame_probe ID: 850 receives a frame at time 52.3109s ++++
++++ frame_probe ID: 860 receives a frame at time 52.3521s ++++
INFO: Detected an invalid packet at item 0
INFO: Parser returned #f
++++ frame_probe ID: 1010 receives a frame at time 52.3614s ++++
++++ frame_probe ID: 882 receives a frame at time 52.388s ++++
++++ frame_probe ID: 883 receives a frame at time 52.3881s ++++
++++ frame_probe ID: 890 receives a frame at time 52.3882s ++++
the 100th message counter  has been visited 1 times  
++++ frame_probe ID: 850 receives a frame at time 52.5315s ++++
++++ frame_probe ID: 860 receives a frame at time 52.5723s ++++
++++ frame_probe ID: 1010 receives a frame at time 52.5819s ++++
++++ frame_probe ID: 882 receives a frame at time 52.6086s ++++
++++ frame_probe ID: 883 receives a frame at time 52.6086s ++++
++++ frame_probe ID: 890 receives a frame at time 52.6087s ++++
the 100th message counter  has been visited 2 times  
++++ frame_probe ID: 850 receives a frame at time 52.683s ++++
++++ frame_probe ID: 860 receives a frame at time 52.7239s ++++
++++ frame_probe ID: 1010 receives a frame at time 52.7362s ++++
++++ frame_probe ID: 882 receives a frame at time ++++ frame_probe ID: 883 receives a frame at time 52.7619s ++++
52.7618s ++++
++++ frame_probe ID: 890 receives a frame at time 52.762s ++++
the 100th message counter  has been visited 3 times  
++++ frame_probe ID: 850 receives a frame at time 52.8314s ++++
Measurement 1/2 complete in 7 second(s).
++++ frame_probe ID: 860 receives a frame at time 52.8722s ++++
++++ frame_probe ID: 1010 receives a frame at time 52.8795s ++++
++++ frame_probe ID: 882 receives a frame at time 52.9062s ++++
++++ frame_probe ID: 883 receives a frame at time 52.9062s ++++
++++ frame_probe ID: 890 receives a frame at time 52.9064s ++++
the 100th message counter  has been visited 4 times  
++++ frame_probe ID: 850 receives a frame at time 52.9847s ++++
++++ frame_probe ID: 860 receives a frame at time 53.0256s ++++
INFO: Detected an invalid packet at item 160
INFO: Parser returned #f
++++ frame_probe ID: 1010 receives a frame at time 53.0326s ++++
++++ frame_probe ID: 882 receives a frame at time 53.0594s ++++
++++ frame_probe ID: 883 receives a frame at time 53.0595s ++++
 at 8253.14 s
++++ frame_probe ID: 850 receives a frame at time 53.1606s ++++
++++ frame_probe ID: 860 receives a frame at time 53.2014s ++++
++++ frame_probe ID: 1010 receives a frame at time 53.2062s ++++
INFO: Detected an invalid packet at item 224
INFO: Parser returned #f
INFO: Detected an invalid packet at item 256
INFO: Parser returned #f
 at 8253.32 s
++++ frame_probe ID: 850 receives a frame at time 53.3363s ++++
++++ frame_probe ID: 860 receives a frame at time 53.3772s ++++
INFO: Detected an invalid packet at item 288
INFO: Parser returned #f
++++ frame_probe ID: 1010 receives a frame at time 53.3885s ++++
++++ frame_probe ID: 882 receives a frame at time 53.4143s ++++
++++ frame_probe ID: 883 receives a frame at time 53.4144s ++++
++++ frame_probe ID: 890 receives a frame at time 53.4144s ++++
the 100th message counter  has been visited 5 times  
++++ frame_probe ID: 850 receives a frame at time 53.4848s ++++
++++ frame_probe ID: 860 receives a frame at time 53.5255s ++++
INFO: Detected an invalid packet at item 352
INFO: Parser returned #f
++++ frame_probe ID: 1010 receives a frame at time 53.5318s ++++
++++ frame_probe ID: 882 receives a frame at time 53.5585s ++++
++++ frame_probe ID: 883 receives a frame at time 53.5586s ++++
++++ frame_probe ID: 890 receives a frame at time 53.5586s ++++
the 100th message counter  has been visited 6 times  
++++ frame_probe ID: 850 receives a frame at time 53.6709s ++++
++++ frame_probe ID: 860 receives a frame at time 53.7117s ++++
++++ frame_probe ID: 1010 receives a frame at time 53.7244s ++++
++++ frame_probe ID: 882 receives a frame at time 53.7501s ++++
++++ frame_probe ID: 883 receives a frame at time 53.7501s ++++
++++ frame_probe ID: 890 receives a frame at time 53.7502s ++++
the 100th message counter  has been visited 7 times  
++++ frame_probe ID: 850 receives a frame at time 53.8496s ++++
Measurement 1/2 complete in 6 second(s).
++++ frame_probe ID: 860 receives a frame at time 53.8906s ++++
INFO: Detected an invalid packet at item 448
INFO: Parser returned #f
++++ frame_probe ID: 1010 receives a frame at time 53.8968s ++++
++++ frame_probe ID: 882 receives a frame at time 53.9235s ++++
++++ frame_probe ID: 883 receives a frame at time 53.9236s ++++
 at 8254.01 s
++++ frame_probe ID: 850 receives a frame at time 54.0257s ++++
++++ frame_probe ID: 860 receives a frame at time 54.0667s ++++
++++ frame_probe ID: 1010 receives a frame at time 54.0692s ++++
INFO: Detected an invalid packet at item 512
INFO: Parser returned #f
INFO: Detected an invalid packet at item 544
INFO: Parser returned #f
 at 8254.18 s
++++ frame_probe ID: 850 receives a frame at time 54.1966s ++++
++++ frame_probe ID: 860 receives a frame at time 54.2374s ++++
++++ frame_probe ID: 1010 receives a frame at time 54.2426s ++++
INFO: Detected an invalid packet at item 576
INFO: Parser returned #f
++++ frame_probe ID: 882 receives a frame at time 54.2683s ++++
++++ frame_probe ID: 883 receives a frame at time 54.2683s ++++
 at 8254.38 s
++++ frame_probe ID: 850 receives a frame at time 54.3971s ++++
++++ frame_probe ID: 860 receives a frame at time 54.4381s ++++
++++ frame_probe ID: 1010 receives a frame at time 54.444s ++++
++++ frame_probe ID: 882 receives a frame at time 54.4697s ++++
++++ frame_probe ID: 883 receives a frame at time 54.4698s ++++
 at 8254.58 s
++++ frame_probe ID: 850 receives a frame at time 54.5934s ++++
++++ frame_probe ID: 860 receives a frame at time 54.6346s ++++
INFO: Detected an invalid packet at item 672
INFO: Parser returned #f
++++ frame_probe ID: 1010 receives a frame at time 54.6455s ++++
++++ frame_probe ID: 882 receives a frame at time 54.6713s ++++
++++ frame_probe ID: 883 receives a frame at time 54.6714s ++++
++++ frame_probe ID: 890 receives a frame at time 54.6714s ++++
the 100th message counter  has been visited 8 times  
++++ frame_probe ID: 850 receives a frame at time 54.7747s ++++
++++ frame_probe ID: 860 receives a frame at time 54.8154s ++++
++++ frame_probe ID: 1010 receives a frame at time 54.819s ++++
INFO: Detected an invalid packet at item 736
INFO: Parser returned #f
++++ frame_probe ID: 882 receives a frame at time 54.8445s ++++
++++ frame_probe ID: 883 receives a frame at time 54.8445s ++++
Measurement 1/2 complete in 5 second(s).
 at 8254.93 s
++++ frame_probe ID: 850 receives a frame at time 54.9451s ++++
++++ frame_probe ID: 860 receives a frame at time 54.9859s ++++
++++ frame_probe ID: 1010 receives a frame at time 54.9911s ++++
INFO: Detected an invalid packet at item 800
INFO: Parser returned #f
++++ frame_probe ID: 882 receives a frame at time 55.0168s ++++
++++ frame_probe ID: 883 receives a frame at time 55.0169s ++++
 at 8255.11 s
++++ frame_probe ID: 850 receives a frame at time 55.1264s ++++
++++ frame_probe ID: 860 receives a frame at time 55.1673s ++++
++++ frame_probe ID: 1010 receives a frame at time 55.1736s ++++
++++ frame_probe ID: 882 receives a frame at time 55.1995s ++++
++++ frame_probe ID: 883 receives a frame at time 55.1996s ++++
 at 8255.29 s
++++ frame_probe ID: 850 receives a frame at time 55.3127s ++++
++++ frame_probe ID: 860 receives a frame at time 55.3535s ++++
INFO: Detected an invalid packet at item 896
INFO: Parser returned #f
++++ frame_probe ID: 1010 receives a frame at time 55.3651s ++++
++++ frame_probe ID: 882 receives a frame at time 55.3919s ++++
++++ frame_probe ID: 883 receives a frame at time 55.3919s ++++
++++ frame_probe ID: 890 receives a frame at time 55.392s ++++
the 100th message counter  has been visited 9 times  
++++ frame_probe ID: 850 receives a frame at time 55.4683s ++++
++++ frame_probe ID: 860 receives a frame at time 55.509s ++++
++++ frame_probe ID: 1010 receives a frame at time 55.5194s ++++
++++ frame_probe ID: 882 receives a frame at time 55.5451s ++++
++++ frame_probe ID: 883 receives a frame at time 55.5452s ++++
++++ frame_probe ID: 890 receives a frame at time 55.5452s ++++
the 100th message counter  has been visited 10 times  
++++ frame_probe ID: 850 receives a frame at time 55.6346s ++++
++++ frame_probe ID: 860 receives a frame at time 55.6753s ++++
INFO: Detected an invalid packet at item 992
INFO: Parser returned #f
++++ frame_probe ID: 1010 receives a frame at time 55.682s ++++
++++ frame_probe ID: 882 receives a frame at time 55.7086s ++++
++++ frame_probe ID: 883 receives a frame at time 55.7087s ++++
++++ frame_probe ID: 890 receives a frame at time 55.7087s ++++
the 100th message counter  has been visited 11 times  
++++ frame_probe ID: 850 receives a frame at time 55.7821s ++++
++++ frame_probe ID: 860 receives a frame at time 55.8228s ++++
++++ frame_probe ID: 1010 receives a frame at time 55.826s ++++
INFO: Detected an invalid packet at item 1056
INFO: Parser returned #f
INFO: Detected an invalid packet at item 1088
INFO: Parser returned #f
Measurement 1/2 complete in 4 second(s).
 at 8255.94 s
++++ frame_probe ID: 850 receives a frame at time 55.9576s ++++
++++ frame_probe ID: 860 receives a frame at time 55.9984s ++++
INFO: Detected an invalid packet at item 1120
INFO: Parser returned #f
++++ frame_probe ID: 1010 receives a frame at time 56.0084s ++++
INFO: Detected an invalid packet at item 1152
INFO: Parser returned #f
 at 8256.13 s
++++ frame_probe ID: 850 receives a frame at time 56.1433s ++++
++++ frame_probe ID: 860 receives a frame at time 56.1841s ++++
++++ frame_probe ID: 1010 receives a frame at time 56.191s ++++
++++ frame_probe ID: 882 receives a frame at time 56.2177s ++++
++++ frame_probe ID: 883 receives a frame at time 56.2177s ++++
++++ frame_probe ID: 890 receives a frame at time 56.2178s ++++
the 100th message counter  has been visited 12 times  
++++ frame_probe ID: 850 receives a frame at time 56.3132s ++++
++++ frame_probe ID: 860 receives a frame at time 56.354s ++++
++++ frame_probe ID: 1010 receives a frame at time 56.3636s ++++
++++ frame_probe ID: 882 receives a frame at time 56.3902s ++++
++++ frame_probe ID: 883 receives a frame at time 56.3902s ++++
++++ frame_probe ID: 890 receives a frame at time 56.3903s ++++
the 100th message counter  has been visited 13 times  
++++ frame_probe ID: 850 receives a frame at time 56.4816s ++++
++++ frame_probe ID: 860 receives a frame at time 56.5225s ++++
++++ frame_probe ID: 1010 receives a frame at time 56.527s ++++
INFO: Detected an invalid packet at item 1248
INFO: Parser returned #f
INFO: Detected an invalid packet at item 1280
INFO: Parser returned #f
 at 8256.63 s
++++ frame_probe ID: 850 receives a frame at time 56.6521s ++++
++++ frame_probe ID: 860 receives a frame at time 56.6931s ++++
INFO: Detected an invalid packet at item 1312
INFO: Parser returned #f
++++ frame_probe ID: 1010 receives a frame at time 56.6992s ++++
++++ frame_probe ID: 882 receives a frame at time 56.7257s ++++
++++ frame_probe ID: 883 receives a frame at time 56.7258s ++++
 at 8256.81 s
++++ frame_probe ID: 850 receives a frame at time 56.8279s ++++
Measurement 1/2 complete in 3 second(s).
++++ frame_probe ID: 860 receives a frame at time 56.8688s ++++
++++ frame_probe ID: 1010 receives a frame at time 56.8724s ++++
INFO: Detected an invalid packet at item 1376
INFO: Parser returned #f
INFO: Detected an invalid packet at item 1408
INFO: Parser returned #f
 at 8257 s
++++ frame_probe ID: 850 receives a frame at time 57.0193s ++++
++++ frame_probe ID: 860 receives a frame at time 57.0603s ++++
++++ frame_probe ID: 1010 receives a frame at time 57.0639s ++++
INFO: Detected an invalid packet at item 1440
INFO: Parser returned #f
++++ frame_probe ID: 882 receives a frame at time 57.0906s ++++
 at 8257.23 s
++++ frame_probe ID: 850 receives a frame at time 57.25s ++++
++++ frame_probe ID: 860 receives a frame at time 57.2908s ++++
++++ frame_probe ID: 1010 receives a frame at time 57.2945s ++++
INFO: Detected an invalid packet at item 1504
INFO: Parser returned #f
++++ frame_probe ID: 882 receives a frame at time 57.321s ++++
++++ frame_probe ID: 883 receives a frame at time 57.3211s ++++
 at 8257.44 s
++++ frame_probe ID: 850 receives a frame at time 57.4608s ++++
++++ frame_probe ID: 860 receives a frame at time 57.5016s ++++
++++ frame_probe ID: 1010 receives a frame at time 57.5058s ++++
INFO: Detected an invalid packet at item 1568
INFO: Parser returned #f
INFO: Detected an invalid packet at item 1600
INFO: Parser returned #f
Measurement 1/2 complete in 2 second(s).
 at 8257.91 s
++++ frame_probe ID: 850 receives a frame at time 57.9266s ++++
++++ frame_probe ID: 860 receives a frame at time 57.9675s ++++
++++ frame_probe ID: 1010 receives a frame at time 57.9761s ++++
++++ frame_probe ID: 882 receives a frame at time 58.0027s ++++
++++ frame_probe ID: 883 receives a frame at time 58.0027s ++++
++++ frame_probe ID: 890 receives a frame at time 58.0028s ++++
the 100th message counter  has been visited 14 times  
++++ frame_probe ID: 850 receives a frame at time 58.1151s ++++
++++ frame_probe ID: 860 receives a frame at time 58.156s ++++
++++ frame_probe ID: 1010 receives a frame at time 58.1685s ++++
++++ frame_probe ID: 882 receives a frame at time 58.1942s ++++
++++ frame_probe ID: 883 receives a frame at time 58.1942s ++++
++++ frame_probe ID: 890 receives a frame at time 58.1943s ++++
the 100th message counter  has been visited 15 times  
++++ frame_probe ID: 850 receives a frame at time 58.3076s ++++
++++ frame_probe ID: 860 receives a frame at time 58.3484s ++++
INFO: Detected an invalid packet at item 1696
INFO: Parser returned #f
++++ frame_probe ID: 1010 receives a frame at time 58.3599s ++++
++++ frame_probe ID: 882 receives a frame at time 58.3865s ++++
++++ frame_probe ID: 883 receives a frame at time 58.3866s ++++
 at 8258.47 s
++++ frame_probe ID: 850 receives a frame at time 58.4833s ++++
++++ frame_probe ID: 860 receives a frame at time 58.524s ++++
INFO: Detected an invalid packet at item 1760
INFO: Parser returned #f
++++ frame_probe ID: 1010 receives a frame at time 58.5332s ++++
++++ frame_probe ID: 882 receives a frame at time 58.5589s ++++
++++ frame_probe ID: 883 receives a frame at time 58.559s ++++
 at 8258.65 s
++++ frame_probe ID: 850 receives a frame at time 58.6634s ++++
++++ frame_probe ID: 860 receives a frame at time 58.7042s ++++
INFO: Detected an invalid packet at item 1824
INFO: Parser returned #f
++++ frame_probe ID: 1010 receives a frame at time 58.7156s ++++
++++ frame_probe ID: 882 receives a frame at time 58.7412s ++++
++++ frame_probe ID: 883 receives a frame at time 58.7412s ++++
 at 8258.85 s
Measurement 1/2 complete in 1 second(s).
++++ frame_probe ID: 850 receives a frame at time 58.8646s ++++
++++ frame_probe ID: 860 receives a frame at time 58.9053s ++++
INFO: Detected an invalid packet at item 1888
INFO: Parser returned #f
++++ frame_probe ID: 1010 receives a frame at time 58.9171s ++++
++++ frame_probe ID: 882 receives a frame at time 58.9429s ++++
++++ frame_probe ID: 883 receives a frame at time 58.943s ++++
++++ frame_probe ID: 890 receives a frame at time 58.9431s ++++
the 100th message counter  has been visited 16 times  
++++ frame_probe ID: 850 receives a frame at time 59.0314s ++++
++++ frame_probe ID: 860 receives a frame at time 59.0722s ++++
INFO: Detected an invalid packet at item 1952
INFO: Parser returned #f
++++ frame_probe ID: 1010 receives a frame at time 59.0804s ++++
++++ frame_probe ID: 882 receives a frame at time 59.1063s ++++
++++ frame_probe ID: 883 receives a frame at time 59.1063s ++++
 at 8259.19 s
++++ frame_probe ID: 850 receives a frame at time 59.207s ++++
++++ frame_probe ID: 860 receives a frame at time 59.2481s ++++
++++ frame_probe ID: 1010 receives a frame at time 59.2528s ++++
INFO: Detected an invalid packet at item 2016
INFO: Parser returned #f
++++ frame_probe ID: 882 receives a frame at time 59.2785s ++++
 at 8259.37 s
++++ frame_probe ID: 850 receives a frame at time 59.3879s ++++
++++ frame_probe ID: 860 receives a frame at time 59.4286s ++++
++++ frame_probe ID: 1010 receives a frame at time 59.4351s ++++
INFO: Detected an invalid packet at item 2080
INFO: Parser returned #f
 at 8259.57 s
++++ frame_probe ID: 850 receives a frame at time 59.5882s ++++
++++ frame_probe ID: 860 receives a frame at time 59.629s ++++
INFO: Detected an invalid packet at item 2112
INFO: Parser returned #f
++++ frame_probe ID: 1010 receives a frame at time 59.6367s ++++
++++ frame_probe ID: 882 receives a frame at time 59.6625s ++++
++++ frame_probe ID: 883 receives a frame at time 59.6626s ++++
 at 8259.75 s
++++ frame_probe ID: 850 receives a frame at time 59.7688s ++++
++++ frame_probe ID: 860 receives a frame at time 59.8095s ++++
++++ frame_probe ID: 1010 receives a frame at time 59.8188s ++++
++++ frame_probe ID: 882 receives a frame at time 59.8446s ++++
++++ frame_probe ID: 883 receives a frame at time 59.8446s ++++
Measurement 1 raw data directory created /home/inets/0_ba/bachelor_thesis/measurements/debug/data/77/1/.
'/home/inets/source/gr-inets/results/receiver_data_received.txt' -> '/home/inets/0_ba/bachelor_thesis/measurements/debug/data/77/1/receiver_data_received.txt'
'/home/inets/source/gr-inets/results/sender_ack_received.txt' -> '/home/inets/0_ba/bachelor_thesis/measurements/debug/data/77/1/sender_ack_received.txt'
'/home/inets/source/gr-inets/results/sender_bfr_dq.txt' -> '/home/inets/0_ba/bachelor_thesis/measurements/debug/data/77/1/sender_bfr_dq.txt'
'/home/inets/source/gr-inets/results/sender_data_sent.txt' -> '/home/inets/0_ba/bachelor_thesis/measurements/debug/data/77/1/sender_data_sent.txt'
Measurement 1 raw data moved to /home/inets/0_ba/bachelor_thesis/measurements/debug/data/77/1/.

Measurement 2/2 complete in 10 second(s).
linux; GNU C++ version 5.4.0 20160609; Boost_105800; UHD_003.009.005-45-g6768a615
linux; GNU C++ version 5.4.0 20160609; Boost_105800; UHD_003.009.005-45-g6768a615


Using Volk machine: avx_64_mmx
-- Opening a USRP2/N-Series device...
Using Volk machine: avx_64_mmx
-- Opening a USRP2/N-Series device...
-- Current recv frame size: 1472 bytes
-- Current send frame size: 1472 bytes
-- Current recv frame size: 1472 bytes
-- Current send frame size: 1472 bytes
Measurement 2/2 complete in 9 second(s).
the 100th message counter is activated.
the 880th message counter is activated.
the 885th message counter is activated.
the 100th message counter is activated.
Measurement 2/2 complete in 8 second(s).
node starts running at 62.2249
node starts running at 62.2257
++++ frame_probe ID: 850 receives a frame at time 62.4017s ++++
++++ frame_probe ID: 860 receives a frame at time 62.4429s ++++
++++ frame_probe ID: 1010 receives a frame at time 62.448s ++++
++++ frame_probe ID: 882 receives a frame at time 62.4692s ++++
++++ frame_probe ID: 883 receives a frame at time 62.4692s ++++
++++ frame_probe ID: 890 receives a frame at time 62.4693s ++++
the 100th message counter  has been visited 1 times  
++++ frame_probe ID: 850 receives a frame at time 62.5716s ++++
++++ frame_probe ID: 860 receives a frame at time 62.6126s ++++
++++ frame_probe ID: 1010 receives a frame at time 62.6215s ++++
INFO: Detected an invalid packet at item 32
INFO: Parser returned #f
++++ frame_probe ID: 882 receives a frame at time 62.6416s ++++
++++ frame_probe ID: 883 receives a frame at time 62.6416s ++++
++++ frame_probe ID: 890 receives a frame at time 62.6417s ++++
the 100th message counter  has been visited 2 times  
++++ frame_probe ID: 850 receives a frame at time 62.757s ++++
++++ frame_probe ID: 860 receives a frame at time 62.798s ++++
++++ frame_probe ID: 1010 receives a frame at time 62.8038s ++++
++++ frame_probe ID: 882 receives a frame at time 62.8237s ++++
++++ frame_probe ID: 883 receives a frame at time 62.8237s ++++
++++ frame_probe ID: 890 receives a frame at time 62.8238s ++++
Measurement 2/2 complete in 7 second(s).
the 100th message counter  has been visited 3 times  
++++ frame_probe ID: 850 receives a frame at time 62.9392s ++++
++++ frame_probe ID: 860 receives a frame at time 62.98s ++++
++++ frame_probe ID: 1010 receives a frame at time 62.9861s ++++
++++ frame_probe ID: 882 receives a frame at time 63.0062s ++++
++++ frame_probe ID: 883 receives a frame at time 63.0063s ++++
++++ frame_probe ID: 890 receives a frame at time 63.0064s ++++
the 100th message counter  has been visited 4 times  
++++ frame_probe ID: 850 receives a frame at time 63.1116s ++++
++++ frame_probe ID: 860 receives a frame at time 63.1526s ++++
++++ frame_probe ID: 1010 receives a frame at time 63.1586s ++++
INFO: Detected an invalid packet at item 160
INFO: Parser returned #f
++++ frame_probe ID: 882 receives a frame at time 63.1786s ++++
++++ frame_probe ID: 883 receives a frame at time 63.1786s ++++
++++ frame_probe ID: 890 receives a frame at time 63.1787s ++++
the 100th message counter  has been visited 5 times  
++++ frame_probe ID: 850 receives a frame at time 63.2681s ++++
++++ frame_probe ID: 860 receives a frame at time 63.3089s ++++
++++ frame_probe ID: 1010 receives a frame at time 63.3121s ++++
INFO: Detected an invalid packet at item 224
INFO: Parser returned #f
++++ frame_probe ID: 882 receives a frame at time 63.333s ++++
++++ frame_probe ID: 883 receives a frame at time 63.333s ++++
++++ frame_probe ID: 890 receives a frame at time 63.3331s ++++
the 100th message counter  has been visited 6 times  
++++ frame_probe ID: 850 receives a frame at time 63.4416s ++++
++++ frame_probe ID: 860 receives a frame at time 63.4825s ++++
INFO: Detected an invalid packet at item 288
INFO: Parser returned #f
++++ frame_probe ID: 1010 receives a frame at time 63.4946s ++++
++++ frame_probe ID: 882 receives a frame at time 63.5156s ++++
++++ frame_probe ID: 883 receives a frame at time 63.5157s ++++
++++ frame_probe ID: 890 receives a frame at time 63.5158s ++++
the 100th message counter  has been visited 7 times  
++++ frame_probe ID: 850 receives a frame at time 63.6242s ++++
++++ frame_probe ID: 860 receives a frame at time 63.6651s ++++
++++ frame_probe ID: 1010 receives a frame at time 63.6769s ++++
++++ frame_probe ID: 882 receives a frame at time 63.6977s ++++
++++ frame_probe ID: 883 receives a frame at time 63.6977s ++++
++++ frame_probe ID: 890 receives a frame at time 63.6978s ++++
the 100th message counter  has been visited 8 times  
++++ frame_probe ID: 850 receives a frame at time 63.7981s ++++
++++ frame_probe ID: 860 receives a frame at time 63.8389s ++++
++++ frame_probe ID: 1010 receives a frame at time 63.85s ++++
INFO: Detected an invalid packet at item 384
INFO: Parser returned #f
Measurement 2/2 complete in 6 second(s).
++++ frame_probe ID: 882 receives a frame at time 63.8701s ++++
++++ frame_probe ID: 883 receives a frame at time 63.8701s ++++
++++ frame_probe ID: 890 receives a frame at time 63.8702s ++++
the 100th message counter  has been visited 9 times  
++++ frame_probe ID: 850 receives a frame at time 63.9455s ++++
++++ frame_probe ID: 860 receives a frame at time 63.9863s ++++
++++ frame_probe ID: 1010 receives a frame at time 63.9933s ++++
++++ frame_probe ID: 882 receives a frame at time 64.0143s ++++
++++ frame_probe ID: 883 receives a frame at time 64.0143s ++++
++++ frame_probe ID: 890 receives a frame at time 64.0144s ++++
the 100th message counter  has been visited 10 times  
++++ frame_probe ID: 850 receives a frame at time 64.1047s ++++
++++ frame_probe ID: 860 receives a frame at time 64.1454s ++++
INFO: Detected an invalid packet at item 480
INFO: Parser returned #f
++++ frame_probe ID: 1010 receives a frame at time 64.1568s ++++
++++ frame_probe ID: 882 receives a frame at time 64.1777s ++++
++++ frame_probe ID: 883 receives a frame at time 64.1777s ++++
++++ frame_probe ID: 890 receives a frame at time 64.1777s ++++
the 100th message counter  has been visited 11 times  
++++ frame_probe ID: 850 receives a frame at time 64.2641s ++++
++++ frame_probe ID: 860 receives a frame at time 64.3048s ++++
++++ frame_probe ID: 1010 receives a frame at time 64.311s ++++
INFO: Detected an invalid packet at item 544
INFO: Parser returned #f
++++ frame_probe ID: 882 receives a frame at time 64.3312s ++++
++++ frame_probe ID: 883 receives a frame at time 64.3312s ++++
++++ frame_probe ID: 890 receives a frame at time 64.3313s ++++
the 100th message counter  has been visited 12 times  
++++ frame_probe ID: 850 receives a frame at time 64.4026s ++++
++++ frame_probe ID: 860 receives a frame at time 64.4437s ++++
++++ frame_probe ID: 1010 receives a frame at time 64.4544s ++++
INFO: Detected an invalid packet at item 608
INFO: Parser returned #f
++++ frame_probe ID: 882 receives a frame at time 64.4745s ++++
++++ frame_probe ID: 883 receives a frame at time 64.4746s ++++
++++ frame_probe ID: 890 receives a frame at time 64.4746s ++++
the 100th message counter  has been visited 13 times  
++++ frame_probe ID: 850 receives a frame at time 64.5889s ++++
++++ frame_probe ID: 860 receives a frame at time 64.63s ++++
++++ frame_probe ID: 1010 receives a frame at time 64.637s ++++
++++ frame_probe ID: 882 receives a frame at time 64.6568s ++++
++++ frame_probe ID: 883 receives a frame at time 64.6568s ++++
++++ frame_probe ID: 890 receives a frame at time 64.6568s ++++
the 100th message counter  has been visited 14 times  
++++ frame_probe ID: 850 receives a frame at time 64.7631s ++++
++++ frame_probe ID: 860 receives a frame at time 64.8038s ++++
++++ frame_probe ID: 1010 receives a frame at time 64.8103s ++++
++++ frame_probe ID: 882 receives a frame at time 64.8303s ++++
++++ frame_probe ID: 883 receives a frame at time 64.8303s ++++
++++ frame_probe ID: 890 receives a frame at time 64.8304s ++++
Measurement 2/2 complete in 5 second(s).
the 100th message counter  has been visited 15 times  
++++ frame_probe ID: 850 receives a frame at time 64.9267s ++++
++++ frame_probe ID: 860 receives a frame at time 64.9675s ++++
++++ frame_probe ID: 1010 receives a frame at time 64.9726s ++++
INFO: Detected an invalid packet at item 736
INFO: Parser returned #f
++++ frame_probe ID: 882 receives a frame at time 64.9927s ++++
++++ frame_probe ID: 883 receives a frame at time 64.9927s ++++
++++ frame_probe ID: 890 receives a frame at time 64.9928s ++++
the 100th message counter  has been visited 16 times  
++++ frame_probe ID: 850 receives a frame at time 65.0861s ++++
++++ frame_probe ID: 860 receives a frame at time 65.1274s ++++
++++ frame_probe ID: 1010 receives a frame at time 65.1362s ++++
INFO: Detected an invalid packet at item 800
INFO: Parser returned #f
++++ frame_probe ID: 882 receives a frame at time 65.156s ++++
++++ frame_probe ID: 883 receives a frame at time 65.1561s ++++
++++ frame_probe ID: 890 receives a frame at time 65.1561s ++++
the 100th message counter  has been visited 17 times  
++++ frame_probe ID: 850 receives a frame at time 65.2305s ++++
++++ frame_probe ID: 860 receives a frame at time 65.2714s ++++
++++ frame_probe ID: 1010 receives a frame at time 65.2803s ++++
INFO: Detected an invalid packet at item 864
INFO: Parser returned #f
++++ frame_probe ID: 882 receives a frame at time 65.3003s ++++
++++ frame_probe ID: 883 receives a frame at time 65.3003s ++++
++++ frame_probe ID: 890 receives a frame at time 65.3004s ++++
the 100th message counter  has been visited 18 times  
++++ frame_probe ID: 850 receives a frame at time 65.3728s ++++
++++ frame_probe ID: 860 receives a frame at time 65.4136s ++++
++++ frame_probe ID: 1010 receives a frame at time 65.4247s ++++
INFO: Detected an invalid packet at item 928
INFO: Parser returned #f
++++ frame_probe ID: 882 receives a frame at time 65.4447s ++++
++++ frame_probe ID: 883 receives a frame at time 65.4447s ++++
++++ frame_probe ID: 890 receives a frame at time 65.4448s ++++
the 100th message counter  has been visited 19 times  
++++ frame_probe ID: 850 receives a frame at time 65.5301s ++++
++++ frame_probe ID: 860 receives a frame at time 65.5713s ++++
++++ frame_probe ID: 1010 receives a frame at time 65.5771s ++++
INFO: Detected an invalid packet at item 992
INFO: Parser returned #f
++++ frame_probe ID: 882 receives a frame at time 65.5982s ++++
++++ frame_probe ID: 883 receives a frame at time 65.5982s ++++
++++ frame_probe ID: 890 receives a frame at time 65.5983s ++++
the 100th message counter  has been visited 20 times  
++++ frame_probe ID: 850 receives a frame at time 65.6716s ++++
++++ frame_probe ID: 860 receives a frame at time 65.7126s ++++
++++ frame_probe ID: 1010 receives a frame at time 65.7212s ++++
++++ frame_probe ID: 882 receives a frame at time 65.7424s ++++
++++ frame_probe ID: 883 receives a frame at time 65.7425s ++++
++++ frame_probe ID: 890 receives a frame at time 65.7425s ++++
the 100th message counter  has been visited 21 times  
++++ frame_probe ID: 850 receives a frame at time 65.8109s ++++
++++ frame_probe ID: 860 receives a frame at time 65.8517s ++++
++++ frame_probe ID: 1010 receives a frame at time 65.8556s ++++
INFO: Detected an invalid packet at item 1088
INFO: Parser returned #f
Measurement 2/2 complete in 4 second(s).
++++ frame_probe ID: 882 receives a frame at time 65.8767s ++++
++++ frame_probe ID: 883 receives a frame at time 65.8768s ++++
 at 8265.97 s
++++ frame_probe ID: 850 receives a frame at time 65.9865s ++++
++++ frame_probe ID: 860 receives a frame at time 66.0276s ++++
++++ frame_probe ID: 1010 receives a frame at time 66.0382s ++++
INFO: Detected an invalid packet at item 1152
INFO: Parser returned #f
++++ frame_probe ID: 882 receives a frame at time 66.0581s ++++
++++ frame_probe ID: 883 receives a frame at time 66.0582s ++++
++++ frame_probe ID: 890 receives a frame at time 66.0583s ++++
the 100th message counter  has been visited 22 times  
++++ frame_probe ID: 850 receives a frame at time 66.1636s ++++
++++ frame_probe ID: 860 receives a frame at time 66.2046s ++++
++++ frame_probe ID: 1010 receives a frame at time 66.2105s ++++
INFO: Detected an invalid packet at item 1216
INFO: Parser returned #f
++++ frame_probe ID: 882 receives a frame at time 66.2315s ++++
++++ frame_probe ID: 883 receives a frame at time 66.2316s ++++
++++ frame_probe ID: 890 receives a frame at time 66.2316s ++++
the 100th message counter  has been visited 23 times  
++++ frame_probe ID: 850 receives a frame at time 66.3238s ++++
++++ frame_probe ID: 860 receives a frame at time 66.3646s ++++
++++ frame_probe ID: 1010 receives a frame at time 66.3738s ++++
++++ frame_probe ID: 882 receives a frame at time 66.3948s ++++
++++ frame_probe ID: 883 receives a frame at time 66.3949s ++++
++++ frame_probe ID: 890 receives a frame at time 66.3949s ++++
the 100th message counter  has been visited 24 times  
++++ frame_probe ID: 850 receives a frame at time 66.4663s ++++
++++ frame_probe ID: 860 receives a frame at time 66.507s ++++
++++ frame_probe ID: 1010 receives a frame at time 66.518s ++++
INFO: Detected an invalid packet at item 1312
INFO: Parser returned #f
++++ frame_probe ID: 882 receives a frame at time 66.5382s ++++
++++ frame_probe ID: 883 receives a frame at time 66.5382s ++++
++++ frame_probe ID: 890 receives a frame at time 66.5383s ++++
the 100th message counter  has been visited 25 times  
++++ frame_probe ID: 850 receives a frame at time 66.6217s ++++
++++ frame_probe ID: 860 receives a frame at time 66.6626s ++++
++++ frame_probe ID: 1010 receives a frame at time 66.6715s ++++
++++ frame_probe ID: 882 receives a frame at time 66.6924s ++++
++++ frame_probe ID: 883 receives a frame at time 66.6924s ++++
++++ frame_probe ID: 890 receives a frame at time 66.6925s ++++
the 100th message counter  has been visited 26 times  
++++ frame_probe ID: 850 receives a frame at time 66.7699s ++++
++++ frame_probe ID: 860 receives a frame at time 66.8108s ++++
++++ frame_probe ID: 1010 receives a frame at time 66.816s ++++
INFO: Detected an invalid packet at item 1408
INFO: Parser returned #f
++++ frame_probe ID: 882 receives a frame at time 66.8357s ++++
++++ frame_probe ID: 883 receives a frame at time 66.8357s ++++
++++ frame_probe ID: 890 receives a frame at time 66.8358s ++++
Measurement 2/2 complete in 3 second(s).
the 100th message counter  has been visited 27 times  
++++ frame_probe ID: 850 receives a frame at time 66.9241s ++++
++++ frame_probe ID: 860 receives a frame at time 66.965s ++++
++++ frame_probe ID: 1010 receives a frame at time 66.9692s ++++
INFO: Detected an invalid packet at item 1472
INFO: Parser returned #f
++++ frame_probe ID: 882 receives a frame at time 66.9902s ++++
++++ frame_probe ID: 883 receives a frame at time 66.9902s ++++
 at 8267.08 s
++++ frame_probe ID: 850 receives a frame at time 67.0948s ++++
++++ frame_probe ID: 860 receives a frame at time 67.1356s ++++
++++ frame_probe ID: 1010 receives a frame at time 67.1418s ++++
++++ frame_probe ID: 882 receives a frame at time 67.1626s ++++
++++ frame_probe ID: 883 receives a frame at time 67.1627s ++++
 at 8267.26 s
++++ frame_probe ID: 850 receives a frame at time 67.2805s ++++
++++ frame_probe ID: 860 receives a frame at time 67.3214s ++++
++++ frame_probe ID: 1010 receives a frame at time 67.3241s ++++
INFO: Detected an invalid packet at item 1568
INFO: Parser returned #f
++++ frame_probe ID: 882 receives a frame at time 67.345s ++++
++++ frame_probe ID: 883 receives a frame at time 67.3451s ++++
++++ frame_probe ID: 890 receives a frame at time 67.3451s ++++
the 100th message counter  has been visited 28 times  
++++ frame_probe ID: 850 receives a frame at time 67.4334s ++++
++++ frame_probe ID: 860 receives a frame at time 67.4743s ++++
++++ frame_probe ID: 1010 receives a frame at time 67.4785s ++++
INFO: Detected an invalid packet at item 1632
INFO: Parser returned #f
++++ frame_probe ID: 882 receives a frame at time 67.4985s ++++
++++ frame_probe ID: 883 receives a frame at time 67.4986s ++++
++++ frame_probe ID: 890 receives a frame at time 67.4987s ++++
the 100th message counter  has been visited 29 times  
++++ frame_probe ID: 850 receives a frame at time 67.5771s ++++
++++ frame_probe ID: 860 receives a frame at time 67.618s ++++
++++ frame_probe ID: 1010 receives a frame at time 67.6219s ++++
INFO: Detected an invalid packet at item 1696
INFO: Parser returned #f
++++ frame_probe ID: 882 receives a frame at time 67.6427s ++++
++++ frame_probe ID: 883 receives a frame at time 67.6428s ++++
++++ frame_probe ID: 890 receives a frame at time 67.6428s ++++
the 100th message counter  has been visited 30 times  
++++ frame_probe ID: 850 receives a frame at time 67.7191s ++++
++++ frame_probe ID: 860 receives a frame at time 67.7598s ++++
++++ frame_probe ID: 1010 receives a frame at time 67.7662s ++++
++++ frame_probe ID: 882 receives a frame at time 67.7871s ++++
++++ frame_probe ID: 883 receives a frame at time 67.7871s ++++
++++ frame_probe ID: 890 receives a frame at time 67.7872s ++++
the 100th message counter  has been visited 31 times  
Measurement 2/2 complete in 2 second(s).
++++ frame_probe ID: 850 receives a frame at time 67.8725s ++++
++++ frame_probe ID: 860 receives a frame at time 67.9134s ++++
++++ frame_probe ID: 1010 receives a frame at time 67.9193s ++++
INFO: Detected an invalid packet at item 1792
INFO: Parser returned #f
++++ frame_probe ID: 882 receives a frame at time 67.9404s ++++
++++ frame_probe ID: 883 receives a frame at time 67.9405s ++++
++++ frame_probe ID: 890 receives a frame at time 67.9405s ++++
the 100th message counter  has been visited 32 times  
++++ frame_probe ID: 850 receives a frame at time 68.0178s ++++
++++ frame_probe ID: 860 receives a frame at time 68.0585s ++++
++++ frame_probe ID: 1010 receives a frame at time 68.0635s ++++
INFO: Detected an invalid packet at item 1856
INFO: Parser returned #f
++++ frame_probe ID: 882 receives a frame at time 68.0844s ++++
++++ frame_probe ID: 883 receives a frame at time 68.0844s ++++
++++ frame_probe ID: 890 receives a frame at time 68.0845s ++++
the 100th message counter  has been visited 33 times  
++++ frame_probe ID: 850 receives a frame at time 68.1888s ++++
++++ frame_probe ID: 860 receives a frame at time 68.23s ++++
++++ frame_probe ID: 1010 receives a frame at time 68.236s ++++
++++ frame_probe ID: 882 receives a frame at time 68.2571s ++++
++++ frame_probe ID: 883 receives a frame at time 68.2571s ++++
++++ frame_probe ID: 890 receives a frame at time 68.2572s ++++
the 100th message counter  has been visited 34 times  
++++ frame_probe ID: 850 receives a frame at time 68.3335s ++++
++++ frame_probe ID: 860 receives a frame at time 68.3742s ++++
++++ frame_probe ID: 1010 receives a frame at time 68.3803s ++++
INFO: Detected an invalid packet at item 1952
INFO: Parser returned #f
++++ frame_probe ID: 882 receives a frame at time 68.4015s ++++
++++ frame_probe ID: 883 receives a frame at time 68.4016s ++++
++++ frame_probe ID: 890 receives a frame at time 68.4016s ++++
the 100th message counter  has been visited 35 times  
++++ frame_probe ID: 850 receives a frame at time 68.48s ++++
++++ frame_probe ID: 860 receives a frame at time 68.5208s ++++
++++ frame_probe ID: 1010 receives a frame at time 68.5244s ++++
INFO: Detected an invalid packet at item 2016
INFO: Parser returned #f
++++ frame_probe ID: 882 receives a frame at time 68.5447s ++++
++++ frame_probe ID: 883 receives a frame at time 68.5447s ++++
++++ frame_probe ID: 890 receives a frame at time 68.5448s ++++
the 100th message counter  has been visited 36 times  
++++ frame_probe ID: 850 receives a frame at time 68.6361s ++++
++++ frame_probe ID: 860 receives a frame at time 68.6769s ++++
++++ frame_probe ID: 1010 receives a frame at time 68.688s ++++
INFO: Detected an invalid packet at item 2080
INFO: Parser returned #f
++++ frame_probe ID: 882 receives a frame at time 68.708s ++++
++++ frame_probe ID: 883 receives a frame at time 68.7081s ++++
++++ frame_probe ID: 890 receives a frame at time 68.7082s ++++
the 100th message counter  has been visited 37 times  
++++ frame_probe ID: 850 receives a frame at time 68.7875s ++++
++++ frame_probe ID: 860 receives a frame at time 68.8283s ++++
++++ frame_probe ID: 1010 receives a frame at time 68.8316s ++++
INFO: Detected an invalid packet at item 2144
INFO: Parser returned #f
++++ frame_probe ID: 882 receives a frame at time 68.8521s ++++
++++ frame_probe ID: 883 receives a frame at time 68.8522s ++++
++++ frame_probe ID: 890 receives a frame at time 68.8522s ++++
Measurement 2/2 complete in 1 second(s).
the 100th message counter  has been visited 38 times  
++++ frame_probe ID: 850 receives a frame at time 68.9576s ++++
++++ frame_probe ID: 860 receives a frame at time 68.9985s ++++
++++ frame_probe ID: 1010 receives a frame at time 69.0047s ++++
++++ frame_probe ID: 882 receives a frame at time 69.025s ++++
++++ frame_probe ID: 883 receives a frame at time 69.025s ++++
++++ frame_probe ID: 890 receives a frame at time 69.0251s ++++
the 100th message counter  has been visited 39 times  
++++ frame_probe ID: 850 receives a frame at time 69.1024s ++++
++++ frame_probe ID: 860 receives a frame at time 69.1431s ++++
++++ frame_probe ID: 1010 receives a frame at time 69.148s ++++
INFO: Detected an invalid packet at item 2240
INFO: Parser returned #f
++++ frame_probe ID: 882 receives a frame at time 69.1691s ++++
++++ frame_probe ID: 883 receives a frame at time 69.1691s ++++
++++ frame_probe ID: 890 receives a frame at time 69.1692s ++++
the 100th message counter  has been visited 40 times  
++++ frame_probe ID: 850 receives a frame at time 69.2654s ++++
++++ frame_probe ID: 860 receives a frame at time 69.3061s ++++
++++ frame_probe ID: 1010 receives a frame at time 69.3113s ++++
INFO: Detected an invalid packet at item 2304
INFO: Parser returned #f
++++ frame_probe ID: 882 receives a frame at time 69.3325s ++++
++++ frame_probe ID: 883 receives a frame at time 69.3325s ++++
++++ frame_probe ID: 890 receives a frame at time 69.3326s ++++
the 100th message counter  has been visited 41 times  
++++ frame_probe ID: 850 receives a frame at time 69.4289s ++++
++++ frame_probe ID: 860 receives a frame at time 69.47s ++++
++++ frame_probe ID: 1010 receives a frame at time 69.4748s ++++
INFO: Detected an invalid packet at item 2368
INFO: Parser returned #f
++++ frame_probe ID: 882 receives a frame at time 69.4958s ++++
++++ frame_probe ID: 883 receives a frame at time 69.4958s ++++
++++ frame_probe ID: 890 receives a frame at time 69.4959s ++++
the 100th message counter  has been visited 42 times  
++++ frame_probe ID: 850 receives a frame at time 69.5662s ++++
++++ frame_probe ID: 860 receives a frame at time 69.607s ++++
++++ frame_probe ID: 1010 receives a frame at time 69.6196s ++++
++++ frame_probe ID: 882 receives a frame at time 69.6405s ++++
++++ frame_probe ID: 883 receives a frame at time 69.6406s ++++
++++ frame_probe ID: 890 receives a frame at time 69.6407s ++++
the 100th message counter  has been visited 43 times  
++++ frame_probe ID: 850 receives a frame at time 69.71s ++++
++++ frame_probe ID: 860 receives a frame at time 69.7507s ++++
++++ frame_probe ID: 1010 receives a frame at time 69.7628s ++++
++++ frame_probe ID: 882 receives a frame at time 69.7836s ++++
++++ frame_probe ID: 883 receives a frame at time 69.7837s ++++
++++ frame_probe ID: 890 receives a frame at time 69.7837s ++++
the 100th message counter  has been visited 44 times  
Measurement 2 raw data directory created /home/inets/0_ba/bachelor_thesis/measurements/debug/data/77/2/.
'/home/inets/source/gr-inets/results/receiver_data_received.txt' -> '/home/inets/0_ba/bachelor_thesis/measurements/debug/data/77/2/receiver_data_received.txt'
'/home/inets/source/gr-inets/results/sender_ack_received.txt' -> '/home/inets/0_ba/bachelor_thesis/measurements/debug/data/77/2/sender_ack_received.txt'
'/home/inets/source/gr-inets/results/sender_bfr_dq.txt' -> '/home/inets/0_ba/bachelor_thesis/measurements/debug/data/77/2/sender_bfr_dq.txt'
'/home/inets/source/gr-inets/results/sender_data_sent.txt' -> '/home/inets/0_ba/bachelor_thesis/measurements/debug/data/77/2/sender_data_sent.txt'
Measurement 2 raw data moved to /home/inets/0_ba/bachelor_thesis/measurements/debug/data/77/2/.

Now processing results...
Plotting Python should be: python3 (UBUNTU).
Hello from rtt.py!
Hello from variables.py!
data_sent: 1499968252.310897
data_sent: 1499968252.531463
data_sent: 1499968252.683002
data_sent: 1499968252.831353
data_sent: 1499968252.984744
data_sent: 1499968253.160617
data_sent: 1499968253.336328
data_sent: 1499968253.484799
data_sent: 1499968253.670904
data_sent: 1499968253.849570
data_sent: 1499968254.025742
data_sent: 1499968254.196573
data_sent: 1499968254.397139
data_sent: 1499968254.593398
data_sent: 1499968254.774715
data_sent: 1499968254.945146
data_sent: 1499968255.126398
data_sent: 1499968255.312698
data_sent: 1499968255.468332
data_sent: 1499968255.634592
data_sent: 1499968255.782052
data_sent: 1499968255.957633
data_sent: 1499968256.143347
data_sent: 1499968256.313226
data_sent: 1499968256.481556
data_sent: 1499968256.652073
data_sent: 1499968256.827920
data_sent: 1499968257.019287
data_sent: 1499968257.250012
data_sent: 1499968257.460760
data_sent: 1499968257.926595
data_sent: 1499968258.115143
data_sent: 1499968258.307617
data_sent: 1499968258.483261
data_sent: 1499968258.663436
data_sent: 1499968258.864556
data_sent: 1499968259.031427
data_sent: 1499968259.207016
data_sent: 1499968259.387881
data_sent: 1499968259.588204
data_sent: 1499968259.768811
ack_received: 1499968252.388207
ack_received: 1499968252.608673
ack_received: 1499968252.761977
ack_received: 1499968252.906366
ack_received: 1499968253.414423
ack_received: 1499968253.558614
ack_received: 1499968253.750209
ack_received: 1499968254.671408
ack_received: 1499968255.391989
ack_received: 1499968255.545237
ack_received: 1499968255.708713
ack_received: 1499968256.217799
ack_received: 1499968256.390271
ack_received: 1499968258.002774
ack_received: 1499968258.194280
ack_received: 1499968258.943068
abs. packet loss: 25.0
packet loss in %: 60.98%

The resulting RTTs of this single measurement are:
[0.07731, 0.07721, 0.07897, 0.07501, 0.42968, 0.398, 0.41388, 1.18661, 1.72109, 1.69567, 1.68297, 2.02123, 1.99313, 3.40938, 3.41956, 3.99792]



The resulting mean RTT of this single measurement is:
1.41735125


data_sent: 1499968262.401742
data_sent: 1499968262.571606
data_sent: 1499968262.757004
data_sent: 1499968262.939161
data_sent: 1499968263.111639
data_sent: 1499968263.268070
data_sent: 1499968263.441552
data_sent: 1499968263.624182
data_sent: 1499968263.798115
data_sent: 1499968263.945501
data_sent: 1499968264.104723
data_sent: 1499968264.264080
data_sent: 1499968264.402617
data_sent: 1499968264.588925
data_sent: 1499968264.763084
data_sent: 1499968264.926723
data_sent: 1499968265.086094
data_sent: 1499968265.230511
data_sent: 1499968265.372762
data_sent: 1499968265.530147
data_sent: 1499968265.671576
data_sent: 1499968265.810893
data_sent: 1499968265.986476
data_sent: 1499968266.163550
data_sent: 1499968266.323842
data_sent: 1499968266.466266
data_sent: 1499968266.621699
data_sent: 1499968266.769867
data_sent: 1499968266.924133
data_sent: 1499968267.094808
data_sent: 1499968267.280548
data_sent: 1499968267.433444
data_sent: 1499968267.577058
data_sent: 1499968267.719106
data_sent: 1499968267.872491
data_sent: 1499968268.017810
data_sent: 1499968268.188798
data_sent: 1499968268.333494
data_sent: 1499968268.480017
data_sent: 1499968268.636076
data_sent: 1499968268.787506
data_sent: 1499968268.957626
data_sent: 1499968269.102392
data_sent: 1499968269.265417
data_sent: 1499968269.428894
data_sent: 1499968269.566209
data_sent: 1499968269.709970
ack_received: 1499968262.469287
ack_received: 1499968262.641695
ack_received: 1499968262.823783
ack_received: 1499968263.006357
ack_received: 1499968263.178710
ack_received: 1499968263.333106
ack_received: 1499968263.515764
ack_received: 1499968263.697779
ack_received: 1499968263.870177
ack_received: 1499968264.014409
ack_received: 1499968264.177743
ack_received: 1499968264.331270
ack_received: 1499968264.474640
ack_received: 1499968264.656824
ack_received: 1499968264.830398
ack_received: 1499968264.992843
ack_received: 1499968265.156125
ack_received: 1499968265.300414
ack_received: 1499968265.444789
ack_received: 1499968265.598310
ack_received: 1499968265.742541
ack_received: 1499968266.058266
ack_received: 1499968266.231612
ack_received: 1499968266.394926
ack_received: 1499968266.538276
ack_received: 1499968266.692455
ack_received: 1499968266.835781
ack_received: 1499968267.345138
ack_received: 1499968267.498655
ack_received: 1499968267.642831
ack_received: 1499968267.787220
ack_received: 1499968267.940529
ack_received: 1499968268.084478
ack_received: 1499968268.257179
ack_received: 1499968268.401631
ack_received: 1499968268.544758
ack_received: 1499968268.708165
ack_received: 1499968268.852233
ack_received: 1499968269.025070
ack_received: 1499968269.169161
ack_received: 1499968269.332605
ack_received: 1499968269.495891
ack_received: 1499968269.640652
ack_received: 1499968269.783733
abs. packet loss: 3.0
packet loss in %: 6.38%

The resulting RTTs of this single measurement are:
[0.06754, 0.07009, 0.06678, 0.0672, 0.06707, 0.06504, 0.07421, 0.0736, 0.07206, 0.06891, 0.07302, 0.06719, 0.07202, 0.0679, 0.06731, 0.06612, 0.07003, 0.0699, 0.07203, 0.06816, 0.07097, 0.24737, 0.24514, 0.23138, 0.21443, 0.22619, 0.21408, 0.57527, 0.57452, 0.54802, 0.50667, 0.50709, 0.50742, 0.53807, 0.52914, 0.52695, 0.51937, 0.51874, 0.54505, 0.53309, 0.5451, 0.53826, 0.53826, 0.51832]



The resulting mean RTT of this single measurement is:
0.2705699999999999


[ 1.41735125  0.27057   ]
Hello from myplot.py!
I will print a pdf for you now!
Hello from myplot.py!
I will print a cdf for you now!
<a list of 1 Patch objects>
Hello from myplot.py!
I will print a boxplot for you now!
Hello from myplot.py!
I will print a bar for you now!
Hello from throughput.py!
Hello from variables.py!
[ 41000.  47000.]
Hello from myplot.py!
I will print a pdf for you now!
Hello from myplot.py!
I will print a cdf for you now!
<a list of 1 Patch objects>
Hello from myplot.py!
I will print a boxplot for you now!
Hello from myplot.py!
I will print a bar for you now!

+--------------------------------------------------------------+
| Plotting completed. Until the next measurement session then! |
+--------------------------------------------------------------+
