measurement 1/2 complete in 5 second(s).
linux; GNU C++ version 5.4.0 20160609; Boost_105800; UHD_003.009.005-45-g6768a615
linux; GNU C++ version 5.4.0 20160609; Boost_105800; UHD_003.009.005-45-g6768a615


Using Volk machine: avx_64_mmx
-- Opening a USRP2/N-Series device...
Using Volk machine: avx_64_mmx
-- Opening a USRP2/N-Series device...
-- Current recv frame size: 1472 bytes
-- Current send frame size: 1472 bytes
-- Current recv frame size: 1472 bytes
-- Current send frame size: 1472 bytes
measurement 1/2 complete in 4 second(s).
develop mode of resend_check ID: 24 is activated.
develop mode of resend_check ID: 24 is activated.
the 100th message counter is activated.
the 880th message counter is activated.
the 100th message counter is activated.
measurement 1/2 complete in 3 second(s).
node starts running at 92.3125
node starts running at 92.3135
++++ frame_probe ID: 1050 receives a frame at time 92.35s ++++
++++ frame_probe ID: 1060 receives a frame at time 92.3912s ++++
++++ frame_probe ID: 882 receives a frame at time 92.4019s ++++
++++ frame_probe ID: 883 receives a frame at time 92.4019s ++++
++++ frame_probe ID: 884 receives a frame at time 92.4021s ++++
++++ frame_probe ID: 890 receives a frame at time 92.4021s ++++
++++ frame_probe ID: 860 receives a frame at time 92.4176s ++++
++++ frame_probe ID: 882 receives a frame at time 92.4215s ++++
++++ frame_probe ID: 1082 receives a frame at time 92.422s ++++
++++ frame_probe ID: 1083 receives a frame at time 92.4221s ++++
++++ frame_probe ID: 1084 receives a frame at time 92.4221s ++++
counter ID 880 results at time 6992.42 is 0
++++ frame_probe ID: 1090 receives a frame at time 92.4222s ++++
the 100th message counter node3_acked has been visited 1 times  
++++ frame_probe ID: 1050 receives a frame at time 92.5257s ++++
++++ frame_probe ID: 1060 receives a frame at time 92.5666s ++++
++++ frame_probe ID: 882 receives a frame at time 92.5754s ++++
++++ frame_probe ID: 884 receives a frame at time ++++ frame_probe ID: 92.5755s ++++
++++ frame_probe ID: 890 receives a frame at time 92.5756s ++++
883 receives a frame at time 92.5755s ++++
++++ frame_probe ID: 860 receives a frame at time 92.591s ++++
++++ frame_probe ID: 882 receives a frame at time 92.5946s ++++
++++ frame_probe ID: 1082 receives a frame at time 92.5952s ++++
++++ frame_probe ID: 1083 receives a frame at time 92.5953s ++++
++++ frame_probe ID: 1084 receives a frame at time 92.5953s ++++
counter ID 880 results at time ++++ frame_probe ID: 1090 receives a frame at time 6992.6 is 0
92.5953s ++++
the 100th message counter node3_acked has been visited 2 times  
measurement 1/2 complete in 2 second(s).
++++ frame_probe ID: 1050 receives a frame at time 92.9717s ++++
++++ frame_probe ID: 1060 receives a frame at time 93.0123s ++++
++++ frame_probe ID: 882 receives a frame at time 93.0158s ++++
++++ frame_probe ID: 883 receives a frame at time 93.0159s ++++
++++ frame_probe ID: 884 receives a frame at time 93.0159s ++++
++++ frame_probe ID: 890 receives a frame at time 93.016s ++++
++++ frame_probe ID: 860 receives a frame at time 93.0311s ++++
++++ frame_probe ID: 882 receives a frame at time 93.0349s ++++
INFO: Detected an invalid packet at item 64
INFO: Parser returned #f
a data frame with index 2 from node: 3 has been transmitted 1th time
++++ frame_probe ID: 1050 receives a frame at time 93.147s ++++
++++ frame_probe ID: 1060 receives a frame at time 93.1877s ++++
++++ frame_probe ID: 882 receives a frame at time 93.1983s ++++
++++ frame_probe ID: 883 receives a frame at time 93.1983s ++++
++++ frame_probe ID: 884 receives a frame at time 93.1984s ++++
++++ frame_probe ID: 890 receives a frame at time 93.1984s ++++
++++ frame_probe ID: 860 receives a frame at time 93.2136s ++++
++++ frame_probe ID: 882 receives a frame at time 93.2175s ++++
INFO: Detected an invalid packet at item 96
INFO: Parser returned #f
a data frame with index 2 from node: 3 has been transmitted 2th time
++++ frame_probe ID: 1050 receives a frame at time 93.3278s ++++
++++ frame_probe ID: 1060 receives a frame at time 93.3686s ++++
++++ frame_probe ID: 882 receives a frame at time 93.3718s ++++
++++ frame_probe ID: 883 receives a frame at time 93.3719s ++++
++++ frame_probe ID: 884 receives a frame at time 93.3719s ++++
++++ frame_probe ID: 890 receives a frame at time 93.372s ++++
++++ frame_probe ID: 860 receives a frame at time 93.3871s ++++
++++ frame_probe ID: 882 receives a frame at time 93.391s ++++
++++ frame_probe ID: 1082 receives a frame at time 93.3915s ++++
a data frame with index 2 from node: 3 has been transmitted 3th time
++++ frame_probe ID: 1050 receives a frame at time 93.5285s ++++
++++ frame_probe ID: 1060 receives a frame at time 93.5693s ++++
++++ frame_probe ID: 882 receives a frame at time 93.573s ++++
++++ frame_probe ID: 883 receives a frame at time 93.5731s ++++
++++ frame_probe ID: 884 receives a frame at time 93.5732s ++++
++++ frame_probe ID: 890 receives a frame at time 93.5732s ++++
++++ frame_probe ID: 860 receives a frame at time 93.5883s ++++
++++ frame_probe ID: 882 receives a frame at time 93.5924s ++++
++++ frame_probe ID: 1082 receives a frame at time 93.593s ++++
++++ frame_probe ID: 1083 receives a frame at time 93.593s ++++
++++ frame_probe ID: 1084 receives a frame at time 93.5931s ++++
counter ID 880 results at time 6993.59 is 3
++++ frame_probe ID: 1090 receives a frame at time 93.5932s ++++
the 100th message counter node3_acked has been visited 3 times  
++++ frame_probe ID: 1050 receives a frame at time 93.6905s ++++
++++ frame_probe ID: 1060 receives a frame at time 93.7312s ++++
++++ frame_probe ID: 882 receives a frame at time 93.7365s ++++
++++ frame_probe ID: 883 receives a frame at time 93.7365s ++++
++++ frame_probe ID: 884 receives a frame at time 93.7366s ++++
++++ frame_probe ID: 890 receives a frame at time 93.7366s ++++
++++ frame_probe ID: 860 receives a frame at time 93.7517s ++++
++++ frame_probe ID: 882 receives a frame at time 93.7558s ++++
++++ frame_probe ID: 1082 receives a frame at time 93.7561s ++++
++++ frame_probe ID: 1083 receives a frame at time 93.7561s ++++
++++ frame_probe ID: 1084 receives a frame at time 93.7562s ++++
counter ID 880 results at time ++++ frame_probe ID: 1090 receives a frame at time 6993.76 is 0
93.7562s ++++
the 100th message counter node3_acked has been visited 4 times  
++++ frame_probe ID: 1050 receives a frame at time 93.8476s ++++
++++ frame_probe ID: 1060 receives a frame at time 93.8881s ++++
++++ frame_probe ID: 882 receives a frame at time 93.8989s ++++
++++ frame_probe ID: 883 receives a frame at time 93.8989s ++++
++++ frame_probe ID: 884 receives a frame at time 93.899s ++++
++++ frame_probe ID: 890 receives a frame at time 93.899s ++++
++++ frame_probe ID: 860 receives a frame at time 93.9141s ++++
++++ frame_probe ID: 882 receives a frame at time 93.9191s ++++
++++ frame_probe ID: 1082 receives a frame at time 93.9197s ++++
++++ frame_probe ID: 1083 receives a frame at time 93.9197s ++++
++++ frame_probe ID: 1084 receives a frame at time 93.9198s ++++
counter ID 880 results at time 6993.92 is 0
++++ frame_probe ID: 1090 receives a frame at time 93.9199s ++++
measurement 1/2 complete in 1 second(s).
the 100th message counter node3_acked has been visited 5 times  
++++ frame_probe ID: 1050 receives a frame at time 94.0072s ++++
++++ frame_probe ID: 1060 receives a frame at time 94.0479s ++++
++++ frame_probe ID: 882 receives a frame at time 94.0533s ++++
++++ frame_probe ID: 883 receives a frame at time 94.0533s ++++
++++ frame_probe ID: 884 receives a frame at time 94.0534s ++++
++++ frame_probe ID: 890 receives a frame at time 94.0534s ++++
++++ frame_probe ID: 860 receives a frame at time 94.0687s ++++
++++ frame_probe ID: 882 receives a frame at time 94.0727s ++++
++++ frame_probe ID: 1082 receives a frame at time 94.0732s ++++
++++ frame_probe ID: 1083 receives a frame at time 94.0732s ++++
++++ frame_probe ID: 1084 receives a frame at time 94.0733s ++++
counter ID 880 results at time 6994.07 is 0
++++ frame_probe ID: 1090 receives a frame at time 94.0733s ++++
the 100th message counter node3_acked has been visited 6 times  
++++ frame_probe ID: 1050 receives a frame at time 94.1557s ++++
++++ frame_probe ID: 1060 receives a frame at time 94.1965s ++++
++++ frame_probe ID: 882 receives a frame at time 94.2064s ++++
++++ frame_probe ID: 883 receives a frame at time 94.2064s ++++
++++ frame_probe ID: 884 receives a frame at time 94.2065s ++++
++++ frame_probe ID: 890 receives a frame at time 94.2065s ++++
++++ frame_probe ID: 860 receives a frame at time 94.2216s ++++
++++ frame_probe ID: 882 receives a frame at time 94.2257s ++++
++++ frame_probe ID: 1082 receives a frame at time 94.2268s ++++
++++ frame_probe ID: 1083 receives a frame at time 94.2269s ++++
++++ frame_probe ID: 1085 receives a frame at time 94.2269s ++++
a data frame with index 6 from node: 3 has been transmitted 1th time
++++ frame_probe ID: 1050 receives a frame at time 94.3279s ++++
++++ frame_probe ID: 1060 receives a frame at time 94.368s ++++
++++ frame_probe ID: 882 receives a frame at time 94.3787s ++++
++++ frame_probe ID: 883 receives a frame at time 94.3788s ++++
++++ frame_probe ID: 884 receives a frame at time 94.3788s ++++
++++ frame_probe ID: 890 receives a frame at time 94.3788s ++++
++++ frame_probe ID: 860 receives a frame at time 94.3942s ++++
++++ frame_probe ID: 882 receives a frame at time 94.3989s ++++
++++ frame_probe ID: 1082 receives a frame at time 94.3995s ++++
++++ frame_probe ID: 1083 receives a frame at time 94.3995s ++++
++++ frame_probe ID: 1084 receives a frame at time 94.3996s ++++
counter ID 880 results at time 6994.4 is 1
++++ frame_probe ID: 1090 receives a frame at time 94.3996s ++++
the 100th message counter node3_acked has been visited 7 times  
++++ frame_probe ID: 1050 receives a frame at time 94.4858s ++++
++++ frame_probe ID: 1060 receives a frame at time 94.5264s ++++
++++ frame_probe ID: 882 receives a frame at time 94.5323s ++++
++++ frame_probe ID: 883 receives a frame at time 94.5324s ++++
++++ frame_probe ID: 884 receives a frame at time 94.5324s ++++
++++ frame_probe ID: 890 receives a frame at time 94.5324s ++++
++++ frame_probe ID: 860 receives a frame at time 94.5475s ++++
++++ frame_probe ID: 882 receives a frame at time 94.5516s ++++
++++ frame_probe ID: 1082 receives a frame at time 94.553s ++++
++++ frame_probe ID: 1083 receives a frame at time 94.5531s ++++
++++ frame_probe ID: 1084 receives a frame at time 94.5531s ++++
counter ID 880 results at time ++++ frame_probe ID: 1090 receives a frame at time 6994.55 is 0
94.5531s ++++
the 100th message counter node3_acked has been visited 8 times  
++++ frame_probe ID: 1050 receives a frame at time 94.6575s ++++
++++ frame_probe ID: 1060 receives a frame at time 94.6997s ++++
++++ frame_probe ID: 882 receives a frame at time 94.7057s ++++
++++ frame_probe ID: 883 receives a frame at time 94.7058s ++++
++++ frame_probe ID: 884 receives a frame at time 94.7059s ++++
++++ frame_probe ID: 890 receives a frame at time 94.7059s ++++
++++ frame_probe ID: 860 receives a frame at time 94.7211s ++++
++++ frame_probe ID: 882 receives a frame at time 94.7248s ++++
++++ frame_probe ID: 1082 receives a frame at time 94.7256s ++++
a data frame with index 8 from node: 3 has been transmitted 1th time
++++ frame_probe ID: 1050 receives a frame at time 94.8346s ++++
++++ frame_probe ID: 1060 receives a frame at time 94.8752s ++++
++++ frame_probe ID: 882 receives a frame at time 94.8781s ++++
++++ frame_probe ID: 883 receives a frame at time 94.8781s ++++
++++ frame_probe ID: 884 receives a frame at time 94.8782s ++++
++++ frame_probe ID: 890 receives a frame at time 94.8782s ++++
++++ frame_probe ID: 860 receives a frame at time 94.8934s ++++
++++ frame_probe ID: 882 receives a frame at time 94.8971s ++++
INFO: Detected an invalid packet at item 416
INFO: Parser returned #f
measurement 1 raw data directory created /home/inets/0_ba/bachelor_thesis/measurements/debug/data/166/1/.
'/home/inets/source/gr-inets/results/receiver_ack_sent.txt' -> '/home/inets/0_ba/bachelor_thesis/measurements/debug/data/166/1/receiver_ack_sent.txt'
'/home/inets/source/gr-inets/results/receiver_data_received.txt' -> '/home/inets/0_ba/bachelor_thesis/measurements/debug/data/166/1/receiver_data_received.txt'
'/home/inets/source/gr-inets/results/receiver_frame_anlyzed.txt' -> '/home/inets/0_ba/bachelor_thesis/measurements/debug/data/166/1/receiver_frame_anlyzed.txt'
'/home/inets/source/gr-inets/results/receiver_frame_checked_good.txt' -> '/home/inets/0_ba/bachelor_thesis/measurements/debug/data/166/1/receiver_frame_checked_good.txt'
'/home/inets/source/gr-inets/results/receiver_frame_received.txt' -> '/home/inets/0_ba/bachelor_thesis/measurements/debug/data/166/1/receiver_frame_received.txt'
'/home/inets/source/gr-inets/results/sender_ack_received.txt' -> '/home/inets/0_ba/bachelor_thesis/measurements/debug/data/166/1/sender_ack_received.txt'
'/home/inets/source/gr-inets/results/sender_bfr_dq.txt' -> '/home/inets/0_ba/bachelor_thesis/measurements/debug/data/166/1/sender_bfr_dq.txt'
'/home/inets/source/gr-inets/results/sender_data_sent.txt' -> '/home/inets/0_ba/bachelor_thesis/measurements/debug/data/166/1/sender_data_sent.txt'
'/home/inets/source/gr-inets/results/sender_frame_anlyzed.txt' -> '/home/inets/0_ba/bachelor_thesis/measurements/debug/data/166/1/sender_frame_anlyzed.txt'
'/home/inets/source/gr-inets/results/sender_frame_checked_bad.txt' -> '/home/inets/0_ba/bachelor_thesis/measurements/debug/data/166/1/sender_frame_checked_bad.txt'
'/home/inets/source/gr-inets/results/sender_frame_checked_good.txt' -> '/home/inets/0_ba/bachelor_thesis/measurements/debug/data/166/1/sender_frame_checked_good.txt'
'/home/inets/source/gr-inets/results/sender_frame_received.txt' -> '/home/inets/0_ba/bachelor_thesis/measurements/debug/data/166/1/sender_frame_received.txt'
'/home/inets/source/gr-inets/results/sender_retransmissions.txt' -> '/home/inets/0_ba/bachelor_thesis/measurements/debug/data/166/1/sender_retransmissions.txt'
measurement 1 raw data moved to /home/inets/0_ba/bachelor_thesis/measurements/debug/data/166/1/.

measurement 2/2 complete in 5 second(s).
linux; GNU C++ version 5.4.0 20160609; Boost_105800; UHD_003.009.005-45-g6768a615

linux; GNU C++ version 5.4.0 20160609; Boost_105800; UHD_003.009.005-45-g6768a615

Using Volk machine: avx_64_mmx
-- Opening a USRP2/N-Series device...
Using Volk machine: avx_64_mmx
-- Opening a USRP2/N-Series device...
-- Current recv frame size: 1472 bytes
-- Current send frame size: 1472 bytes
-- Current recv frame size: 1472 bytes
-- Current send frame size: 1472 bytes
measurement 2/2 complete in 4 second(s).
develop mode of resend_check ID: 24 is activated.
develop mode of resend_check ID: 24 is activated.
the 100th message counter is activated.
the 880th message counter is activated.
the 100th message counter is activated.
measurement 2/2 complete in 3 second(s).
node starts running at 97.2844
node starts running at 97.2955
++++ frame_probe ID: 1050 receives a frame at time 97.516s ++++
++++ frame_probe ID: 1060 receives a frame at time 97.5572s ++++
++++ frame_probe ID: 882 receives a frame at time 97.5663s ++++
++++ frame_probe ID: 883 receives a frame at time 97.5664s ++++
++++ frame_probe ID: 884 receives a frame at time 97.5664s ++++
++++ frame_probe ID: 890 receives a frame at time 97.5665s ++++
++++ frame_probe ID: 860 receives a frame at time 97.5819s ++++
++++ frame_probe ID: 882 receives a frame at time 97.5858s ++++
++++ frame_probe ID: 1082 receives a frame at time 97.5941s ++++
++++ frame_probe ID: 1083 receives a frame at time 97.5941s ++++
++++ frame_probe ID: 1084 receives a frame at time 97.5942s ++++
++++ frame_probe ID: 1090 receives a frame at time counter ID 880 results at time 97.5942s ++++
6997.59 is 0
the 100th message counter node3_acked has been visited 1 times  
++++ frame_probe ID: 1050 receives a frame at time 97.7017s ++++
++++ frame_probe ID: 1060 receives a frame at time 97.7427s ++++
++++ frame_probe ID: 882 receives a frame at time 97.7487s ++++
++++ frame_probe ID: 883 receives a frame at time 97.7488s ++++
++++ frame_probe ID: 884 receives a frame at time 97.7488s ++++
++++ frame_probe ID: 890 receives a frame at time 97.7489s ++++
++++ frame_probe ID: 860 receives a frame at time 97.7642s ++++
INFO: Detected an invalid packet at item 32
INFO: Parser returned #f
++++ frame_probe ID: 882 receives a frame at time 97.768s ++++
a data frame with index 1 from node: 3 has been transmitted 1th time
++++ frame_probe ID: 1050 receives a frame at time 97.8793s ++++
++++ frame_probe ID: 1060 receives a frame at time 97.9202s ++++
++++ frame_probe ID: 882 receives a frame at time 97.931s ++++
++++ frame_probe ID: 883 receives a frame at time 97.9311s ++++
++++ frame_probe ID: 884 receives a frame at time 97.9312s ++++
++++ frame_probe ID: 890 receives a frame at time 97.9312s ++++
measurement 2/2 complete in 2 second(s).
++++ frame_probe ID: 860 receives a frame at time 97.9466s ++++
++++ frame_probe ID: 882 receives a frame at time 97.9503s ++++
++++ frame_probe ID: 1082 receives a frame at time 97.9587s ++++
++++ frame_probe ID: 1083 receives a frame at time 97.9588s ++++
++++ frame_probe ID: 1084 receives a frame at time 97.9588s ++++
counter ID 880 results at time 6997.96 is 1
++++ frame_probe ID: 1090 receives a frame at time 97.9589s ++++
the 100th message counter node3_acked has been visited 2 times  
++++ frame_probe ID: 1050 receives a frame at time 98.0663s ++++
++++ frame_probe ID: 1060 receives a frame at time 98.1072s ++++
++++ frame_probe ID: 882 receives a frame at time 98.1133s ++++
++++ frame_probe ID: 883 receives a frame at time 98.1134s ++++
++++ frame_probe ID: 884 receives a frame at time 98.1134s ++++
++++ frame_probe ID: 890 receives a frame at time 98.1135s ++++
++++ frame_probe ID: 860 receives a frame at time 98.1288s ++++
++++ frame_probe ID: 1082 receives a frame at time 98.1318s ++++
++++ frame_probe ID: 1083 receives a frame at time 98.1319s ++++
++++ frame_probe ID: 1085 receives a frame at time 98.1319s ++++
++++ frame_probe ID: 882 receives a frame at time 98.1328s ++++
a data frame with index 2 from node: 3 has been transmitted 1th time
++++ frame_probe ID: 1050 receives a frame at time 98.2421s ++++
++++ frame_probe ID: 1060 receives a frame at time 98.2828s ++++
++++ frame_probe ID: 882 receives a frame at time 98.2858s ++++
++++ frame_probe ID: 883 receives a frame at time 98.2859s ++++
++++ frame_probe ID: 884 receives a frame at time 98.2859s ++++
++++ frame_probe ID: 890 receives a frame at time 98.2859s ++++
++++ frame_probe ID: 860 receives a frame at time 98.3011s ++++
++++ frame_probe ID: 1082 receives a frame at time 98.3051s ++++
++++ frame_probe ID: 1083 receives a frame at time 98.3051s ++++
++++ frame_probe ID: 1084 receives a frame at time 98.3052s ++++
++++ frame_probe ID: 882 receives a frame at time 98.3052s ++++
counter ID 880 results at time ++++ frame_probe ID: 1090 receives a frame at time 6998.31 is 1
98.3052s ++++
the 100th message counter node3_acked has been visited 3 times  
++++ frame_probe ID: 1050 receives a frame at time 98.3917s ++++
++++ frame_probe ID: 1060 receives a frame at time 98.4325s ++++
++++ frame_probe ID: 882 receives a frame at time 98.4393s ++++
++++ frame_probe ID: 883 receives a frame at time 98.4393s ++++
++++ frame_probe ID: 884 receives a frame at time 98.4394s ++++
++++ frame_probe ID: 890 receives a frame at time 98.4394s ++++
++++ frame_probe ID: 860 receives a frame at time 98.4547s ++++
++++ frame_probe ID: 1082 receives a frame at time 98.4585s ++++
++++ frame_probe ID: 1083 receives a frame at time 98.4586s ++++
++++ frame_probe ID: 1085 receives a frame at time 98.4586s ++++
++++ frame_probe ID: 882 receives a frame at time 98.4594s ++++
a data frame with index 3 from node: 3 has been transmitted 1th time
++++ frame_probe ID: 1050 receives a frame at time 98.5674s ++++
++++ frame_probe ID: 1060 receives a frame at time 98.6083s ++++
++++ frame_probe ID: 882 receives a frame at time 98.6126s ++++
++++ frame_probe ID: 883 receives a frame at time 98.6126s ++++
++++ frame_probe ID: 884 receives a frame at time 98.6127s ++++
++++ frame_probe ID: 890 receives a frame at time 98.6128s ++++
++++ frame_probe ID: 860 receives a frame at time 98.628s ++++
++++ frame_probe ID: 1082 receives a frame at time 98.6311s ++++
++++ frame_probe ID: 1083 receives a frame at time 98.6315s ++++
++++ frame_probe ID: 1085 receives a frame at time 98.6316s ++++
++++ frame_probe ID: 882 receives a frame at time 98.6321s ++++
a data frame with index 3 from node: 3 has been transmitted 2th time
++++ frame_probe ID: 1050 receives a frame at time 98.7535s ++++
++++ frame_probe ID: 1060 receives a frame at time 98.7943s ++++
++++ frame_probe ID: 882 receives a frame at time 98.804s ++++
++++ frame_probe ID: 883 receives a frame at time 98.804s ++++
++++ frame_probe ID: 884 receives a frame at time 98.8041s ++++
++++ frame_probe ID: 890 receives a frame at time 98.8042s ++++
++++ frame_probe ID: 860 receives a frame at time 98.8193s ++++
++++ frame_probe ID: 1082 receives a frame at time 98.8233s ++++
++++ frame_probe ID: 1083 receives a frame at time 98.8234s ++++
++++ frame_probe ID: 1084 receives a frame at time 98.8234s ++++
counter ID 880 results at time ++++ frame_probe ID: 1090 receives a frame at time 6998.82 is 2
98.8235s ++++
++++ frame_probe ID: 882 receives a frame at time 98.8244s ++++
the 100th message counter node3_acked has been visited 4 times  
++++ frame_probe ID: 1050 receives a frame at time 98.928s ++++
measurement 2/2 complete in 1 second(s).
++++ frame_probe ID: 1060 receives a frame at time 98.969s ++++
++++ frame_probe ID: 882 receives a frame at time 98.9771s ++++
++++ frame_probe ID: 883 receives a frame at time 98.9772s ++++
++++ frame_probe ID: 884 receives a frame at time 98.9772s ++++
++++ frame_probe ID: 890 receives a frame at time 98.9773s ++++
++++ frame_probe ID: 860 receives a frame at time 98.9926s ++++
++++ frame_probe ID: 1082 receives a frame at time 98.9956s ++++
++++ frame_probe ID: 1083 receives a frame at time 98.9957s ++++
++++ frame_probe ID: 1084 receives a frame at time 98.9958s ++++
counter ID 880 results at time 6999 is 0
++++ frame_probe ID: 1090 receives a frame at time 98.9958s ++++
++++ frame_probe ID: 882 receives a frame at time 98.9966s ++++
the 100th message counter node3_acked has been visited 5 times  
++++ frame_probe ID: 1050 receives a frame at time 99.0692s ++++
++++ frame_probe ID: 1060 receives a frame at time 99.1099s ++++
++++ frame_probe ID: 882 receives a frame at time 99.1215s ++++
++++ frame_probe ID: 883 receives a frame at time 99.1216s ++++
++++ frame_probe ID: 884 receives a frame at time 99.1216s ++++
++++ frame_probe ID: 890 receives a frame at time 99.1217s ++++
++++ frame_probe ID: 860 receives a frame at time 99.1368s ++++
++++ frame_probe ID: 1082 receives a frame at time 99.14s ++++
++++ frame_probe ID: 1083 receives a frame at time 99.1401s ++++
++++ frame_probe ID: 1085 receives a frame at time 99.1402s ++++
++++ frame_probe ID: 882 receives a frame at time 99.1408s ++++
a data frame with index 5 from node: 3 has been transmitted 1th time
++++ frame_probe ID: 1050 receives a frame at time 99.245s ++++
++++ frame_probe ID: 1060 receives a frame at time 99.2857s ++++
++++ frame_probe ID: 882 receives a frame at time 99.2939s ++++
++++ frame_probe ID: 883 receives a frame at time 99.294s ++++
++++ frame_probe ID: 884 receives a frame at time 99.2941s ++++
++++ frame_probe ID: 890 receives a frame at time 99.2941s ++++
++++ frame_probe ID: 860 receives a frame at time 99.3093s ++++
++++ frame_probe ID: 1082 receives a frame at time 99.3121s ++++
++++ frame_probe ID: 1083 receives a frame at time 99.3122s ++++
++++ frame_probe ID: 1085 receives a frame at time 99.3122s ++++
++++ frame_probe ID: 882 receives a frame at time 99.3132s ++++
a data frame with index 5 from node: 3 has been transmitted 2th time
++++ frame_probe ID: 1050 receives a frame at time 99.4311s ++++
++++ frame_probe ID: 1060 receives a frame at time 99.472s ++++
++++ frame_probe ID: 882 receives a frame at time 99.4765s ++++
++++ frame_probe ID: 883 receives a frame at time 99.4765s ++++
++++ frame_probe ID: 884 receives a frame at time 99.4766s ++++
++++ frame_probe ID: 890 receives a frame at time 99.4766s ++++
++++ frame_probe ID: 860 receives a frame at time 99.4918s ++++
++++ frame_probe ID: 1082 receives a frame at time 99.4947s ++++
++++ frame_probe ID: 1083 receives a frame at time 99.4948s ++++
++++ frame_probe ID: 1085 receives a frame at time 99.4948s ++++
++++ frame_probe ID: 882 receives a frame at time 99.4959s ++++
a data frame with index 5 from node: 3 has been transmitted 3th time
++++ frame_probe ID: 1050 receives a frame at time 99.6316s ++++
++++ frame_probe ID: 1060 receives a frame at time 99.6722s ++++
++++ frame_probe ID: 882 receives a frame at time 99.6775s ++++
++++ frame_probe ID: 883 receives a frame at time 99.6776s ++++
++++ frame_probe ID: 884 receives a frame at time 99.6776s ++++
++++ frame_probe ID: 890 receives a frame at time 99.6777s ++++
++++ frame_probe ID: 860 receives a frame at time 99.6927s ++++
++++ frame_probe ID: 1082 receives a frame at time 99.6967s ++++
++++ frame_probe ID: 1083 receives a frame at time 99.6968s ++++
++++ frame_probe ID: 1084 receives a frame at time 99.6968s ++++
counter ID 880 results at time 6999.7 is 3++++ frame_probe ID: 
1090 receives a frame at time 99.6969s ++++
++++ frame_probe ID: 882 receives a frame at time 99.6969s ++++
the 100th message counter node3_acked has been visited 6 times  
++++ frame_probe ID: 1050 receives a frame at time 99.7683s ++++
++++ frame_probe ID: 1060 receives a frame at time 99.8203s ++++
++++ frame_probe ID: 882 receives a frame at time 99.8309s ++++
++++ frame_probe ID: 883 receives a frame at time 99.8309s ++++
++++ frame_probe ID: 884 receives a frame at time 99.831s ++++
++++ frame_probe ID: 890 receives a frame at time 99.831s ++++
++++ frame_probe ID: 860 receives a frame at time 99.8461s ++++
++++ frame_probe ID: 1082 receives a frame at time 99.8499s ++++
++++ frame_probe ID: 1083 receives a frame at time 99.8499s ++++
++++ frame_probe ID: 1084 receives a frame at time 99.85counter ID s ++++880
 results at time 6999.85 is 0
++++ frame_probe ID: 1090 receives a frame at time 99.8501s ++++
++++ frame_probe ID: 882 receives a frame at time 99.8504s ++++
the 100th message counter node3_acked has been visited 7 times  
measurement 2 raw data directory created /home/inets/0_ba/bachelor_thesis/measurements/debug/data/166/2/.
'/home/inets/source/gr-inets/results/receiver_ack_sent.txt' -> '/home/inets/0_ba/bachelor_thesis/measurements/debug/data/166/2/receiver_ack_sent.txt'
'/home/inets/source/gr-inets/results/receiver_data_received.txt' -> '/home/inets/0_ba/bachelor_thesis/measurements/debug/data/166/2/receiver_data_received.txt'
'/home/inets/source/gr-inets/results/receiver_frame_anlyzed.txt' -> '/home/inets/0_ba/bachelor_thesis/measurements/debug/data/166/2/receiver_frame_anlyzed.txt'
'/home/inets/source/gr-inets/results/receiver_frame_checked_good.txt' -> '/home/inets/0_ba/bachelor_thesis/measurements/debug/data/166/2/receiver_frame_checked_good.txt'
'/home/inets/source/gr-inets/results/receiver_frame_received.txt' -> '/home/inets/0_ba/bachelor_thesis/measurements/debug/data/166/2/receiver_frame_received.txt'
'/home/inets/source/gr-inets/results/sender_ack_received.txt' -> '/home/inets/0_ba/bachelor_thesis/measurements/debug/data/166/2/sender_ack_received.txt'
'/home/inets/source/gr-inets/results/sender_bfr_dq.txt' -> '/home/inets/0_ba/bachelor_thesis/measurements/debug/data/166/2/sender_bfr_dq.txt'
'/home/inets/source/gr-inets/results/sender_data_sent.txt' -> '/home/inets/0_ba/bachelor_thesis/measurements/debug/data/166/2/sender_data_sent.txt'
'/home/inets/source/gr-inets/results/sender_frame_anlyzed.txt' -> '/home/inets/0_ba/bachelor_thesis/measurements/debug/data/166/2/sender_frame_anlyzed.txt'
'/home/inets/source/gr-inets/results/sender_frame_checked_bad.txt' -> '/home/inets/0_ba/bachelor_thesis/measurements/debug/data/166/2/sender_frame_checked_bad.txt'
'/home/inets/source/gr-inets/results/sender_frame_checked_good.txt' -> '/home/inets/0_ba/bachelor_thesis/measurements/debug/data/166/2/sender_frame_checked_good.txt'
'/home/inets/source/gr-inets/results/sender_frame_received.txt' -> '/home/inets/0_ba/bachelor_thesis/measurements/debug/data/166/2/sender_frame_received.txt'
'/home/inets/source/gr-inets/results/sender_retransmissions.txt' -> '/home/inets/0_ba/bachelor_thesis/measurements/debug/data/166/2/sender_retransmissions.txt'
measurement 2 raw data moved to /home/inets/0_ba/bachelor_thesis/measurements/debug/data/166/2/.

now processing results...
plotting python should be: python3 (ubuntu).
Hello from rtt.py!
hello from variables.py!
data_sent: 1500396992.350043
data_sent: 1500396992.525667
data_sent: 1500396992.971749
data_sent: 1500396993.146979
data_sent: 1500396993.327800
data_sent: 1500396993.528492
data_sent: 1500396993.690469
data_sent: 1500396993.847560
data_sent: 1500396994.007243
data_sent: 1500396994.155710
data_sent: 1500396994.327923
data_sent: 1500396994.485785
data_sent: 1500396994.657532
data_sent: 1500396994.834603
ack_received: 1500396992.422191
ack_received: 1500396992.595346
ack_received: 1500396993.593168
ack_received: 1500396993.756192
ack_received: 1500396993.919876
ack_received: 1500396994.073336
ack_received: 1500396994.399579
ack_received: 1500396994.553139
retx: [0, 0, 3, 0, 0, 0, 1, 0]

The resulting RTTs of this single measurement are:
[0.07215, 0.06968, 0.06572, 0.07232, 0.06609, 0.06735]



The resulting mean RTT of this single measurement is:
0.06888499999999999


abs. packet loss: 6.0
packet loss in %: 42.86%
data_sent: 1500396997.515983
data_sent: 1500396997.701674
data_sent: 1500396997.879288
data_sent: 1500396998.066325
data_sent: 1500396998.242128
data_sent: 1500396998.391721
data_sent: 1500396998.567383
data_sent: 1500396998.753514
data_sent: 1500396998.928001
data_sent: 1500396999.069174
data_sent: 1500396999.244981
data_sent: 1500396999.431095
data_sent: 1500396999.631632
data_sent: 1500396999.768263
ack_received: 1500396997.594203
ack_received: 1500396997.958916
ack_received: 1500396998.305206
ack_received: 1500396998.823484
ack_received: 1500396998.995797
ack_received: 1500396999.696851
ack_received: 1500396999.850074
retx: [0, 1, 1, 2, 0, 3, 0]

The resulting RTTs of this single measurement are:
[0.07822, 0.0678, 0.08181]



The resulting mean RTT of this single measurement is:
0.07594333333333332


abs. packet loss: 7.0
packet loss in %: 50.0%
[ 0.068885    0.07594333]
Hello from myplot.py!
I will print a pdf for you now!
Hello from myplot.py!
I will print a pdf for you now!
Hello from myplot.py!
I will print a pdf for you now!
Hello from myplot.py!
I will print a cdf for you now!
<a list of 1 Patch objects>
Hello from myplot.py!
I will print a cdf for you now!
<a list of 1 Patch objects>
Hello from myplot.py!
I will print a cdf for you now!
<a list of 1 Patch objects>
Hello from myplot.py!
I will print a boxplot for you now!
Hello from myplot.py!
I will print a boxplot for you now!
Hello from myplot.py!
I will print a boxplot for you now!
Hello from myplot.py!
I will print a bar for you now!
Hello from throughput.py!
hello from variables.py!
ackcount: 8
datacount: 14
ackcount: 7
datacount: 14
[ 8000.  7000.]
Hello from myplot.py!
I will print a pdf for you now!
Hello from myplot.py!
I will print a cdf for you now!
<a list of 1 Patch objects>
Hello from myplot.py!
I will print a boxplot for you now!
Hello from myplot.py!
I will print a bar for you now!

+--------------------------------------------------------------+
| plotting completed. until the next measurement session then! |
+--------------------------------------------------------------+
