Measurement 1/3 complete in 5 second(s).
linux; GNU C++ version 5.4.0 20160609; Boost_105800; UHD_003.009.005-45-g6768a615

linux; GNU C++ version 5.4.0 20160609; Boost_105800; UHD_003.009.005-45-g6768a615

Using Volk machine: avx_64_mmx
-- Opening a USRP2/N-Series device...
Using Volk machine: avx_64_mmx
-- Opening a USRP2/N-Series device...
-- Current recv frame size: 1472 bytes
-- Current recv frame size: 1472 bytes
-- Current send frame size: 1472 bytes
-- Current send frame size: 1472 bytes
Measurement 1/3 complete in 4 second(s).
the 100th message counter is activated.
the 100th message counter is activated.
Measurement 1/3 complete in 3 second(s).
node starts running at 87.7127
node starts running at 87.7142
++++ frame_probe ID: 850 receives a frame at time 87.9167s ++++
INFO: Detected an invalid packet at item 0
INFO: Parser returned #f
++++ frame_probe ID: 860 receives a frame at time 87.9576s ++++
++++ frame_probe ID: 1010 receives a frame at time 87.966s ++++
++++ frame_probe ID: 890 receives a frame at time 87.9896s ++++
the 100th message counter  has been visited 1 times  
++++ frame_probe ID: 850 receives a frame at time 88.0981s ++++
INFO: Detected an invalid packet at item 96
INFO: Parser returned #f
++++ frame_probe ID: 860 receives a frame at time 88.1388s ++++
++++ frame_probe ID: 1010 receives a frame at time 88.1483s ++++
++++ frame_probe ID: 890 receives a frame at time 88.172s ++++
the 100th message counter  has been visited 2 times  
++++ frame_probe ID: 850 receives a frame at time 88.2454s ++++
Measurement 1/3 complete in 2 second(s).
INFO: Detected an invalid packet at item 192
INFO: Parser returned #f
++++ frame_probe ID: 860 receives a frame at time 88.2862s ++++
++++ frame_probe ID: 1010 receives a frame at time 88.2917s ++++
++++ frame_probe ID: 890 receives a frame at time 88.3164s ++++
the 100th message counter  has been visited 3 times  
++++ frame_probe ID: 850 receives a frame at time 88.4298s ++++
INFO: Detected an invalid packet at item 288
INFO: Parser returned #f
++++ frame_probe ID: 860 receives a frame at time 88.4705s ++++
++++ frame_probe ID: 1010 receives a frame at time 88.4741s ++++
++++ frame_probe ID: 890 receives a frame at time 88.4988s ++++
the 100th message counter  has been visited 4 times  
++++ frame_probe ID: 850 receives a frame at time 88.5843s ++++
INFO: Detected an invalid packet at item 384
INFO: Parser returned #f
++++ frame_probe ID: 860 receives a frame at time 88.625s ++++
++++ frame_probe ID: 1010 receives a frame at time 88.6284s ++++
++++ frame_probe ID: 890 receives a frame at time 88.6522s ++++
the 100th message counter  has been visited 5 times  
++++ frame_probe ID: 850 receives a frame at time 88.7577s ++++
INFO: Detected an invalid packet at item 480
INFO: Parser returned #f
++++ frame_probe ID: 860 receives a frame at time 88.7983s ++++
++++ frame_probe ID: 1010 receives a frame at time 88.8108s ++++
++++ frame_probe ID: 890 receives a frame at time 88.8346s ++++
the 100th message counter  has been visited 6 times  
++++ frame_probe ID: 850 receives a frame at time 88.941s ++++
INFO: Detected an invalid packet at item 576
INFO: Parser returned #f
++++ frame_probe ID: 860 receives a frame at time 88.9816s ++++
++++ frame_probe ID: 1010 receives a frame at time 88.9932s ++++
++++ frame_probe ID: 890 receives a frame at time 89.017s ++++
the 100th message counter  has been visited 7 times  
++++ frame_probe ID: 850 receives a frame at time 89.1204s ++++
INFO: Detected an invalid packet at item 672
INFO: Parser returned #f
++++ frame_probe ID: 860 receives a frame at time 89.1611s ++++
++++ frame_probe ID: 1010 receives a frame at time 89.1657s ++++
++++ frame_probe ID: 890 receives a frame at time 89.1894s ++++
the 100th message counter  has been visited 8 times  
Measurement 1/3 complete in 1 second(s).
++++ frame_probe ID: 850 receives a frame at time 89.2708s ++++
INFO: Detected an invalid packet at item 768
INFO: Parser returned #f
++++ frame_probe ID: 860 receives a frame at time 89.3115s ++++
++++ frame_probe ID: 1010 receives a frame at time 89.319s ++++
++++ frame_probe ID: 890 receives a frame at time 89.3428s ++++
the 100th message counter  has been visited 9 times  
++++ frame_probe ID: 850 receives a frame at time 89.4463s ++++
INFO: Detected an invalid packet at item 864
INFO: Parser returned #f
++++ frame_probe ID: 860 receives a frame at time 89.4869s ++++
++++ frame_probe ID: 1010 receives a frame at time 89.4924s ++++
++++ frame_probe ID: 890 receives a frame at time 89.5161s ++++
the 100th message counter  has been visited 10 times  
++++ frame_probe ID: 850 receives a frame at time 89.5885s ++++
INFO: Detected an invalid packet at item 960
INFO: Parser returned #f
++++ frame_probe ID: 860 receives a frame at time 89.6292s ++++
++++ frame_probe ID: 1010 receives a frame at time 89.6357s ++++
++++ frame_probe ID: 890 receives a frame at time 89.6604s ++++
the 100th message counter  has been visited 11 times  
++++ frame_probe ID: 850 receives a frame at time 89.7699s ++++
INFO: Detected an invalid packet at item 1056
INFO: Parser returned #f
++++ frame_probe ID: 860 receives a frame at time 89.8106s ++++
++++ frame_probe ID: 1010 receives a frame at time 89.8181s ++++
++++ frame_probe ID: 890 receives a frame at time 89.8429s ++++
the 100th message counter  has been visited 12 times  
++++ frame_probe ID: 850 receives a frame at time 89.9163s ++++
INFO: Detected an invalid packet at item 1152
INFO: Parser returned #f
++++ frame_probe ID: 860 receives a frame at time 89.9569s ++++
++++ frame_probe ID: 1010 receives a frame at time 89.9625s ++++
++++ frame_probe ID: 890 receives a frame at time 89.9862s ++++
the 100th message counter  has been visited 13 times  
++++ frame_probe ID: 850 receives a frame at time 90.0678s ++++
INFO: Detected an invalid packet at item 1248
INFO: Parser returned #f
++++ frame_probe ID: 860 receives a frame at time 90.1085s ++++
++++ frame_probe ID: 1010 receives a frame at time 90.1158s ++++
++++ frame_probe ID: 890 receives a frame at time 90.1396s ++++
the 100th message counter  has been visited 14 times  
++++ frame_probe ID: 850 receives a frame at time 90.2241s ++++
INFO: Detected an invalid packet at item 1344
INFO: Parser returned #f
Measurement 1 raw data directory created /home/inets/0_ba/bachelor_thesis/measurements/debug/data/24/1/.
'/home/inets/source/gr-inets/results/receiver_data_received.txt' -> '/home/inets/0_ba/bachelor_thesis/measurements/debug/data/24/1/receiver_data_received.txt'
'/home/inets/source/gr-inets/results/sender_ack_received.txt' -> '/home/inets/0_ba/bachelor_thesis/measurements/debug/data/24/1/sender_ack_received.txt'
'/home/inets/source/gr-inets/results/sender_bfr_dq.txt' -> '/home/inets/0_ba/bachelor_thesis/measurements/debug/data/24/1/sender_bfr_dq.txt'
'/home/inets/source/gr-inets/results/sender_data_sent.txt' -> '/home/inets/0_ba/bachelor_thesis/measurements/debug/data/24/1/sender_data_sent.txt'
Measurement 1 raw data moved to /home/inets/0_ba/bachelor_thesis/measurements/debug/data/24/1/.

Measurement 2/3 complete in 5 second(s).
linux; GNU C++ version 5.4.0 20160609; Boost_105800; UHD_003.009.005-45-g6768a615
linux; GNU C++ version 5.4.0 20160609; Boost_105800; UHD_003.009.005-45-g6768a615


