measurement 1/2 complete in 5 second(s).
linux; GNU C++ version 5.4.0 20160609; Boost_105800; UHD_003.009.005-45-g6768a615
linux; GNU C++ version 5.4.0 20160609; Boost_105800; UHD_003.009.005-45-g6768a615


Using Volk machine: avx_64_mmx
-- Opening a USRP2/N-Series device...
Using Volk machine: avx_64_mmx
-- Opening a USRP2/N-Series device...
-- Current recv frame size: 1472 bytes
-- Current send frame size: 1472 bytes
-- Current recv frame size: 1472 bytes
-- Current send frame size: 1472 bytes
measurement 1/2 complete in 4 second(s).
develop mode of resend_check ID: 24 is activated.
develop mode of resend_check ID: 24 is activated.
the 880th message counter is activated.
the 100th message counter is activated.
the 100th message counter is activated.
measurement 1/2 complete in 3 second(s).
node starts running at 16.6776
node starts running at 16.6878
++++ frame_probe ID: 1050 receives a frame at time 16.7731s ++++
++++ frame_probe ID: 1060 receives a frame at time 16.8138s ++++
++++ frame_probe ID: 882 receives a frame at time 16.8215s ++++
++++ frame_probe ID: 883 receives a frame at time 16.8217s ++++
++++ frame_probe ID: 884 receives a frame at time 16.8217s ++++
++++ frame_probe ID: 890 receives a frame at time 16.8218s ++++
++++ frame_probe ID: 860 receives a frame at time 16.8368s ++++
++++ frame_probe ID: 1082 receives a frame at time 16.8404s ++++
++++ frame_probe ID: 1083 receives a frame at time 16.8405s ++++
++++ frame_probe ID: 1085 receives a frame at time 16.8405s ++++
++++ frame_probe ID: 882 receives a frame at time 16.841s ++++
a data frame with index 0 from node: 3 has been transmitted 1th time
++++ frame_probe ID: 1050 receives a frame at time 16.9435s ++++
++++ frame_probe ID: 1060 receives a frame at time 16.9842s ++++
++++ frame_probe ID: 882 receives a frame at time 16.9949s ++++
++++ frame_probe ID: 883 receives a frame at time 16.9949s ++++
++++ frame_probe ID: 884 receives a frame at time 16.995s ++++
++++ frame_probe ID: 890 receives a frame at time 16.995s ++++
++++ frame_probe ID: 860 receives a frame at time 17.0101s ++++
++++ frame_probe ID: 1082 receives a frame at time 17.0127s ++++
++++ frame_probe ID: 1083 receives a frame at time 17.0128s ++++
++++ frame_probe ID: 1084 receives a frame at time 17.0128s ++++
counter ID 880 results at time 3917.01 is 1
++++ frame_probe ID: 1090 receives a frame at time 17.0128s ++++
++++ frame_probe ID: 882 receives a frame at time 17.0141s ++++
the 100th message counter node3_acked has been visited 1 times  
++++ frame_probe ID: 1050 receives a frame at time 17.0981s ++++
++++ frame_probe ID: 1060 receives a frame at time 17.1388s ++++
++++ frame_probe ID: 882 receives a frame at time 17.1484s ++++
++++ frame_probe ID: 883 receives a frame at time 17.1484s ++++
++++ frame_probe ID: 884 receives a frame at time 17.1484s ++++
++++ frame_probe ID: 890 receives a frame at time 17.1485s ++++
++++ frame_probe ID: 860 receives a frame at time 17.1636s ++++
++++ frame_probe ID: 1082 receives a frame at time 17.167s ++++
++++ frame_probe ID: 1083 receives a frame at time 17.167s ++++
++++ frame_probe ID: 1084 receives a frame at time 17.1671s ++++
counter ID 880 results at time 3917.17 is 0
++++ frame_probe ID: 1090 receives a frame at time 17.1671s ++++
++++ frame_probe ID: 882 receives a frame at time 17.1675s ++++
the 100th message counter node3_acked has been visited 2 times  
++++ frame_probe ID: 1050 receives a frame at time 17.2464s ++++
++++ frame_probe ID: 1060 receives a frame at time 17.287s ++++
++++ frame_probe ID: 882 receives a frame at time 17.2916s ++++
++++ frame_probe ID: 883 receives a frame at time 17.2917s ++++
++++ frame_probe ID: 884 receives a frame at time 17.2917s ++++
++++ frame_probe ID: 890 receives a frame at time 17.2917s ++++
++++ frame_probe ID: 860 receives a frame at time 17.3067s ++++
++++ frame_probe ID: 1082 receives a frame at time 17.3104s ++++
++++ frame_probe ID: 1083 receives a frame at time 17.3104s ++++
++++ frame_probe ID: 1084 receives a frame at time 17.3105s ++++
counter ID 880 results at time ++++ frame_probe ID: 1090 receives a frame at time 3917.31 is 17.31050s ++++

++++ frame_probe ID: 882 receives a frame at time 17.3118s ++++
measurement 1/2 complete in 2 second(s).
the 100th message counter node3_acked has been visited 3 times  
++++ frame_probe ID: 1050 receives a frame at time 17.4118s ++++
++++ frame_probe ID: 1060 receives a frame at time 17.4523s ++++
++++ frame_probe ID: 882 receives a frame at time 17.455s ++++
++++ frame_probe ID: 883 receives a frame at time 17.455s ++++
++++ frame_probe ID: 884 receives a frame at time 17.455s ++++
++++ frame_probe ID: 890 receives a frame at time 17.4551s ++++
++++ frame_probe ID: 860 receives a frame at time 17.47s ++++
INFO: Detected an invalid packet at item 128
INFO: Parser returned #f
++++ frame_probe ID: 882 receives a frame at time 17.4743s ++++
a data frame with index 3 from node: 3 has been transmitted 1th time
++++ frame_probe ID: 1050 receives a frame at time 17.5821s ++++
++++ frame_probe ID: 1060 receives a frame at time 17.6226s ++++
++++ frame_probe ID: 882 receives a frame at time 17.6283s ++++
++++ frame_probe ID: 883 receives a frame at time 17.6283s ++++
++++ frame_probe ID: 884 receives a frame at time 17.6284s ++++
++++ frame_probe ID: 890 receives a frame at time 17.6284s ++++
++++ frame_probe ID: 860 receives a frame at time 17.6433s ++++
++++ frame_probe ID: 1082 receives a frame at time 17.6461s ++++
++++ frame_probe ID: 1083 receives a frame at time 17.6462s ++++
++++ frame_probe ID: 1085 receives a frame at time 17.6462s ++++
++++ frame_probe ID: 882 receives a frame at time 17.6476s ++++
a data frame with index 3 from node: 3 has been transmitted 2th time
++++ frame_probe ID: 1050 receives a frame at time 17.7672s ++++
++++ frame_probe ID: 1060 receives a frame at time 17.8079s ++++
++++ frame_probe ID: 882 receives a frame at time 17.8107s ++++
++++ frame_probe ID: 883 receives a frame at time 17.8107s ++++
++++ frame_probe ID: 884 receives a frame at time 17.8107s ++++
++++ frame_probe ID: 890 receives a frame at time 17.8108s ++++
++++ frame_probe ID: 860 receives a frame at time 17.8257s ++++
++++ frame_probe ID: 1082 receives a frame at time 17.8285s ++++
++++ frame_probe ID: 1083 receives a frame at time 17.8286s ++++
++++ frame_probe ID: 1085 receives a frame at time 17.8286s ++++
++++ frame_probe ID: 882 receives a frame at time 17.83s ++++
a data frame with index 3 from node: 3 has been transmitted 3th time
++++ frame_probe ID: 1050 receives a frame at time 17.9423s ++++
++++ frame_probe ID: 1060 receives a frame at time 17.9829s ++++
++++ frame_probe ID: 882 receives a frame at time 17.9931s ++++
++++ frame_probe ID: 883 receives a frame at time 17.9931s ++++
++++ frame_probe ID: 884 receives a frame at time 17.9932s ++++
++++ frame_probe ID: 890 receives a frame at time 17.9932s ++++
++++ frame_probe ID: 860 receives a frame at time 18.0082s ++++
++++ frame_probe ID: 1082 receives a frame at time 18.011s ++++
++++ frame_probe ID: 882 receives a frame at time 18.0124s ++++
a data frame with index 3 from node: 3 has been transmitted 4th time
++++ frame_probe ID: 1050 receives a frame at time 18.1275s ++++
++++ frame_probe ID: 1060 receives a frame at time 18.168s ++++
++++ frame_probe ID: 882 receives a frame at time 18.1755s ++++
++++ frame_probe ID: 883 receives a frame at time 18.1755s ++++
++++ frame_probe ID: 884 receives a frame at time 18.1756s ++++
++++ frame_probe ID: 890 receives a frame at time 18.1756s ++++
++++ frame_probe ID: 860 receives a frame at time 18.1905s ++++
++++ frame_probe ID: 1082 receives a frame at time 18.1934s ++++
++++ frame_probe ID: 1083 receives a frame at time 18.1934s ++++
++++ frame_probe ID: 1084 receives a frame at time 18.1934s ++++
counter ID 880 results at time ++++ frame_probe ID: 1090 receives a frame at time 3918.19 is 418.1935s ++++

++++ frame_probe ID: 882 receives a frame at time 18.1948s ++++
the 100th message counter node3_acked has been visited 4 times  
++++ frame_probe ID: 1050 receives a frame at time 18.2627s ++++
++++ frame_probe ID: 1060 receives a frame at time 18.3032s ++++
++++ frame_probe ID: 882 receives a frame at time 18.3089s ++++
++++ frame_probe ID: 883 receives a frame at time 18.309s ++++
++++ frame_probe ID: 884 receives a frame at time 18.309s ++++
++++ frame_probe ID: 890 receives a frame at time 18.309s ++++
++++ frame_probe ID: 860 receives a frame at time 18.324s ++++
++++ frame_probe ID: 882 receives a frame at time 18.3282s ++++
INFO: Detected an invalid packet at item 288
INFO: Parser returned #f
measurement 1/2 complete in 1 second(s).
a data frame with index 4 from node: 3 has been transmitted 1th time
++++ frame_probe ID: 1050 receives a frame at time 18.4377s ++++
++++ frame_probe ID: 1060 receives a frame at time 18.4782s ++++
++++ frame_probe ID: 882 receives a frame at time 18.4822s ++++
++++ frame_probe ID: 883 receives a frame at time 18.4822s ++++
++++ frame_probe ID: 884 receives a frame at time 18.4823s ++++
++++ frame_probe ID: 890 receives a frame at time 18.4823s ++++
++++ frame_probe ID: 860 receives a frame at time 18.4972s ++++
INFO: Detected an invalid packet at item 320
INFO: Parser returned #f
++++ frame_probe ID: 882 receives a frame at time 18.5016s ++++
a data frame with index 4 from node: 3 has been transmitted 2th time
++++ frame_probe ID: 1050 receives a frame at time 18.6181s ++++
++++ frame_probe ID: 1060 receives a frame at time 18.6588s ++++
++++ frame_probe ID: 882 receives a frame at time 18.6647s ++++
++++ frame_probe ID: 883 receives a frame at time 18.6647s ++++
++++ frame_probe ID: 884 receives a frame at time 18.6647s ++++
++++ frame_probe ID: 890 receives a frame at time 18.6648s ++++
++++ frame_probe ID: 860 receives a frame at time 18.6797s ++++
++++ frame_probe ID: 1082 receives a frame at time 18.6834s ++++
++++ frame_probe ID: 1083 receives a frame at time 18.6835s ++++
++++ frame_probe ID: 1084 receives a frame at time 18.6835s ++++
counter ID 880 results at time 3918.68 is 2
++++ frame_probe ID: 1090 receives a frame at time 18.6835s ++++
++++ frame_probe ID: 882 receives a frame at time 18.6841s ++++
the 100th message counter node3_acked has been visited 5 times  
++++ frame_probe ID: 1050 receives a frame at time 18.7919s ++++
++++ frame_probe ID: 1060 receives a frame at time 18.8324s ++++
++++ frame_probe ID: 882 receives a frame at time 18.837s ++++
++++ frame_probe ID: 884 receives a frame at time ++++ frame_probe ID: 883 receives a frame at time 18.8371s ++++
18.8371s ++++
++++ frame_probe ID: 890 receives a frame at time 18.8371s ++++
++++ frame_probe ID: 860 receives a frame at time 18.8521s ++++
INFO: Detected an invalid packet at item 384
INFO: Parser returned #f
++++ frame_probe ID: 882 receives a frame at time 18.8566s ++++
a data frame with index 5 from node: 3 has been transmitted 1th time
++++ frame_probe ID: 1050 receives a frame at time 18.9671s ++++
++++ frame_probe ID: 1060 receives a frame at time 19.0076s ++++
++++ frame_probe ID: 882 receives a frame at time 19.0195s ++++
++++ frame_probe ID: 883 receives a frame at time 19.0195s ++++
++++ frame_probe ID: 884 receives a frame at time 19.0195s ++++
++++ frame_probe ID: 890 receives a frame at time 19.0196s ++++
++++ frame_probe ID: 860 receives a frame at time 19.0345s ++++
INFO: Detected an invalid packet at item 416
INFO: Parser returned #f
++++ frame_probe ID: 882 receives a frame at time 19.039s ++++
a data frame with index 5 from node: 3 has been transmitted 2th time
++++ frame_probe ID: 1050 receives a frame at time 19.147s ++++
++++ frame_probe ID: 1060 receives a frame at time 19.1875s ++++
++++ frame_probe ID: 882 receives a frame at time 19.1919s ++++
++++ frame_probe ID: 883 receives a frame at time 19.192s ++++
++++ frame_probe ID: 884 receives a frame at time 19.192s ++++
++++ frame_probe ID: 890 receives a frame at time 19.192s ++++
++++ frame_probe ID: 860 receives a frame at time 19.207s ++++
++++ frame_probe ID: 882 receives a frame at time 19.2112s ++++
++++ frame_probe ID: 1082 receives a frame at time 19.2116s ++++
++++ frame_probe ID: 1083 receives a frame at time 19.2117s ++++
++++ frame_probe ID: 1085 receives a frame at time 19.2117s ++++
a data frame with index 5 from node: 3 has been transmitted 3th time
++++ frame_probe ID: 1050 receives a frame at time 19.3471s ++++
measurement 1 raw data directory created /home/inets/0_ba/bachelor_thesis/measurements/debug/data/153/1/.
'/home/inets/source/gr-inets/results/receiver_ack_sent.txt' -> '/home/inets/0_ba/bachelor_thesis/measurements/debug/data/153/1/receiver_ack_sent.txt'
'/home/inets/source/gr-inets/results/receiver_data_received.txt' -> '/home/inets/0_ba/bachelor_thesis/measurements/debug/data/153/1/receiver_data_received.txt'
'/home/inets/source/gr-inets/results/receiver_frame_anlyzed.txt' -> '/home/inets/0_ba/bachelor_thesis/measurements/debug/data/153/1/receiver_frame_anlyzed.txt'
'/home/inets/source/gr-inets/results/receiver_frame_checked_good.txt' -> '/home/inets/0_ba/bachelor_thesis/measurements/debug/data/153/1/receiver_frame_checked_good.txt'
'/home/inets/source/gr-inets/results/receiver_frame_received.txt' -> '/home/inets/0_ba/bachelor_thesis/measurements/debug/data/153/1/receiver_frame_received.txt'
'/home/inets/source/gr-inets/results/sender_ack_received.txt' -> '/home/inets/0_ba/bachelor_thesis/measurements/debug/data/153/1/sender_ack_received.txt'
'/home/inets/source/gr-inets/results/sender_bfr_dq.txt' -> '/home/inets/0_ba/bachelor_thesis/measurements/debug/data/153/1/sender_bfr_dq.txt'
'/home/inets/source/gr-inets/results/sender_data_sent.txt' -> '/home/inets/0_ba/bachelor_thesis/measurements/debug/data/153/1/sender_data_sent.txt'
'/home/inets/source/gr-inets/results/sender_frame_anlyzed.txt' -> '/home/inets/0_ba/bachelor_thesis/measurements/debug/data/153/1/sender_frame_anlyzed.txt'
'/home/inets/source/gr-inets/results/sender_frame_checked_bad.txt' -> '/home/inets/0_ba/bachelor_thesis/measurements/debug/data/153/1/sender_frame_checked_bad.txt'
'/home/inets/source/gr-inets/results/sender_frame_checked_good.txt' -> '/home/inets/0_ba/bachelor_thesis/measurements/debug/data/153/1/sender_frame_checked_good.txt'
'/home/inets/source/gr-inets/results/sender_frame_received.txt' -> '/home/inets/0_ba/bachelor_thesis/measurements/debug/data/153/1/sender_frame_received.txt'
'/home/inets/source/gr-inets/results/sender_retransmissions.txt' -> '/home/inets/0_ba/bachelor_thesis/measurements/debug/data/153/1/sender_retransmissions.txt'
measurement 1 raw data moved to /home/inets/0_ba/bachelor_thesis/measurements/debug/data/153/1/.

measurement 2/2 complete in 5 second(s).
linux; GNU C++ version 5.4.0 20160609; Boost_105800; UHD_003.009.005-45-g6768a615
linux; GNU C++ version 5.4.0 20160609; Boost_105800; UHD_003.009.005-45-g6768a615


Using Volk machine: avx_64_mmx
-- Opening a USRP2/N-Series device...
Using Volk machine: avx_64_mmx
-- Opening a USRP2/N-Series device...
-- Current recv frame size: 1472 bytes
-- Current send frame size: 1472 bytes
-- Current recv frame size: 1472 bytes
-- Current send frame size: 1472 bytes
measurement 2/2 complete in 4 second(s).
develop mode of resend_check ID: 24 is activated.
develop mode of resend_check ID: 24 is activated.
the 100th message counter is activated.
the 880th message counter is activated.
the 100th message counter is activated.
measurement 2/2 complete in 3 second(s).
node starts running at 21.6761
node starts running at 21.6877
++++ frame_probe ID: 1050 receives a frame at time 21.7336s ++++
++++ frame_probe ID: 1060 receives a frame at time 21.7743s ++++
++++ frame_probe ID: 882 receives a frame at time 21.7807s ++++
++++ frame_probe ID: 883 receives a frame at time 21.7807s ++++
++++ frame_probe ID: 884 receives a frame at time 21.7807s ++++
++++ frame_probe ID: 890 receives a frame at time 21.7808s ++++
++++ frame_probe ID: 860 receives a frame at time 21.7957s ++++
++++ frame_probe ID: 882 receives a frame at time 21.8008s ++++
++++ frame_probe ID: 1082 receives a frame at time 21.8022s ++++
++++ frame_probe ID: 1083 receives a frame at time 21.8022s ++++
++++ frame_probe ID: 1084 receives a frame at time 21.8022s ++++
counter ID 880 results at time ++++ frame_probe ID: 3921.8 is 01090
 receives a frame at time 21.8023s ++++
the 100th message counter node3_acked has been visited 1 times  
++++ frame_probe ID: 1050 receives a frame at time 21.932s ++++
++++ frame_probe ID: 1060 receives a frame at time 21.9726s ++++
++++ frame_probe ID: 882 receives a frame at time 21.983s ++++
++++ frame_probe ID: 883 receives a frame at time 21.9831s ++++
++++ frame_probe ID: 884 receives a frame at time 21.9831s ++++
++++ frame_probe ID: 890 receives a frame at time 21.9831s ++++
++++ frame_probe ID: 860 receives a frame at time 21.9981s ++++
++++ frame_probe ID: 882 receives a frame at time 22.0023s ++++
++++ frame_probe ID: 1082 receives a frame at time 22.0036s ++++
++++ frame_probe ID: 1083 receives a frame at time ++++ frame_probe ID: 1085 receives a frame at time 22.0037s ++++
22.0037s ++++
a data frame with index 1 from node: 3 has been transmitted 1th time
++++ frame_probe ID: 1050 receives a frame at time 22.1072s ++++
++++ frame_probe ID: 1060 receives a frame at time 22.1478s ++++
++++ frame_probe ID: 882 receives a frame at time 22.1554s ++++
++++ frame_probe ID: 883 receives a frame at time 22.1555s ++++
++++ frame_probe ID: 884 receives a frame at time 22.1555s ++++
++++ frame_probe ID: 890 receives a frame at time 22.1555s ++++
++++ frame_probe ID: 860 receives a frame at time 22.1705s ++++
++++ frame_probe ID: 882 receives a frame at time 22.1747s ++++
INFO: Detected an invalid packet at item 64
INFO: Parser returned #f
a data frame with index 1 from node: 3 has been transmitted 2th time
++++ frame_probe ID: 1050 receives a frame at time 22.2873s ++++
++++ frame_probe ID: 1060 receives a frame at time 22.3278s ++++
++++ frame_probe ID: 882 receives a frame at time 22.3378s ++++
++++ frame_probe ID: 883 receives a frame at time 22.3379s ++++
++++ frame_probe ID: 884 receives a frame at time 22.3379s ++++
++++ frame_probe ID: 890 receives a frame at time 22.3379s ++++
++++ frame_probe ID: 860 receives a frame at time 22.3529s ++++
++++ frame_probe ID: 882 receives a frame at time 22.3571s ++++
++++ frame_probe ID: 1082 receives a frame at time 22.3585s ++++
++++ frame_probe ID: 1083 receives a frame at time 22.3586s ++++
++++ frame_probe ID: 1085 receives a frame at time 22.3586s ++++
measurement 2/2 complete in 2 second(s).
a data frame with index 1 from node: 3 has been transmitted 3th time
++++ frame_probe ID: 1050 receives a frame at time 22.4824s ++++
++++ frame_probe ID: 1060 receives a frame at time 22.523s ++++
++++ frame_probe ID: 882 receives a frame at time 22.5294s ++++
++++ frame_probe ID: 883 receives a frame at time 22.5294s ++++
++++ frame_probe ID: 884 receives a frame at time 22.5294s ++++
++++ frame_probe ID: 890 receives a frame at time 22.5294s ++++
++++ frame_probe ID: 860 receives a frame at time 22.5444s ++++
++++ frame_probe ID: 882 receives a frame at time 22.5495s ++++
++++ frame_probe ID: 1082 receives a frame at time 22.5508s ++++
++++ frame_probe ID: 1083 receives a frame at time 22.5508s ++++
++++ frame_probe ID: 1084 receives a frame at time 22.5509s ++++
++++ frame_probe ID: 1090 receives a frame at time 22.5509s ++++
counter ID 880 results at time 3922.55 is 3
the 100th message counter node3_acked has been visited 2 times  
++++ frame_probe ID: 1050 receives a frame at time 22.6222s ++++
++++ frame_probe ID: 1060 receives a frame at time 22.6627s ++++
++++ frame_probe ID: 882 receives a frame at time 22.6736s ++++
++++ frame_probe ID: 883 receives a frame at time 22.6736s ++++
++++ frame_probe ID: 884 receives a frame at time 22.6736s ++++
++++ frame_probe ID: 890 receives a frame at time 22.6737s ++++
++++ frame_probe ID: 860 receives a frame at time 22.6887s ++++
++++ frame_probe ID: 882 receives a frame at time 22.6929s ++++
INFO: Detected an invalid packet at item 160
INFO: Parser returned #f
a data frame with index 2 from node: 3 has been transmitted 1th time
++++ frame_probe ID: 1050 receives a frame at time 22.7923s ++++
++++ frame_probe ID: 1060 receives a frame at time 22.8328s ++++
++++ frame_probe ID: 882 receives a frame at time 22.8369s ++++
++++ frame_probe ID: 883 receives a frame at time 22.837s ++++
++++ frame_probe ID: 884 receives a frame at time 22.837s ++++
++++ frame_probe ID: 890 receives a frame at time 22.837s ++++
++++ frame_probe ID: 860 receives a frame at time 22.852s ++++
++++ frame_probe ID: 882 receives a frame at time 22.8562s ++++
INFO: Detected an invalid packet at item 192
INFO: Parser returned #f
a data frame with index 2 from node: 3 has been transmitted 2th time
++++ frame_probe ID: 1050 receives a frame at time 22.9774s ++++
++++ frame_probe ID: 1060 receives a frame at time 23.0178s ++++
++++ frame_probe ID: 882 receives a frame at time 23.0293s ++++
++++ frame_probe ID: 883 receives a frame at time 23.0294s ++++
++++ frame_probe ID: 884 receives a frame at time 23.0294s ++++
++++ frame_probe ID: 890 receives a frame at time 23.0294s ++++
++++ frame_probe ID: 860 receives a frame at time 23.0444s ++++
++++ frame_probe ID: 882 receives a frame at time 23.0486s ++++
++++ frame_probe ID: 1082 receives a frame at time 23.0499s ++++
++++ frame_probe ID: 1083 receives a frame at time 23.0499s ++++
++++ frame_probe ID: 1084 receives a frame at time 23.05s ++++
counter ID 880 results at time 3923.05 is 2
++++ frame_probe ID: 1090 receives a frame at time 23.05s ++++
the 100th message counter node3_acked has been visited 3 times  
++++ frame_probe ID: 1050 receives a frame at time 23.1234s ++++
++++ frame_probe ID: 1060 receives a frame at time 23.1639s ++++
++++ frame_probe ID: 882 receives a frame at time 23.1727s ++++
++++ frame_probe ID: 883 receives a frame at time 23.1728s ++++
++++ frame_probe ID: 884 receives a frame at time 23.1728s ++++
++++ frame_probe ID: 890 receives a frame at time 23.1728s ++++
++++ frame_probe ID: 860 receives a frame at time 23.1877s ++++
++++ frame_probe ID: 882 receives a frame at time 23.192s ++++
++++ frame_probe ID: 1082 receives a frame at time 23.1942s ++++
++++ frame_probe ID: 1083 receives a frame at time 23.1943s ++++
++++ frame_probe ID: 1084 receives a frame at time 23.1943s ++++
counter ID 880 results at time 3923.19 is 0
++++ frame_probe ID: 1090 receives a frame at time 23.1943s ++++
the 100th message counter node3_acked has been visited 4 times  
++++ frame_probe ID: 1050 receives a frame at time 23.2706s ++++
++++ frame_probe ID: 1060 receives a frame at time 23.3112s ++++
++++ frame_probe ID: 882 receives a frame at time 23.317s ++++
++++ frame_probe ID: 883 receives a frame at time 23.3171s ++++
++++ frame_probe ID: 884 receives a frame at time 23.3171s ++++
++++ frame_probe ID: 890 receives a frame at time 23.3171s ++++
++++ frame_probe ID: 860 receives a frame at time 23.3321s ++++
++++ frame_probe ID: 882 receives a frame at time 23.3363s ++++
++++ frame_probe ID: 1082 receives a frame at time 23.3377s ++++
++++ frame_probe ID: 1083 receives a frame at time 23.3377s ++++
counter ID ++++ frame_probe ID: 880 results at time 1084 receives a frame at time ++++ frame_probe ID: 23.3377s ++++1090
 receives a frame at time 3923.34 is 23.33780s ++++

measurement 2/2 complete in 1 second(s).
the 100th message counter node3_acked has been visited 5 times  
++++ frame_probe ID: 1050 receives a frame at time 23.4461s ++++
++++ frame_probe ID: 1060 receives a frame at time 23.4865s ++++
++++ frame_probe ID: 882 receives a frame at time 23.4895s ++++
++++ frame_probe ID: 883 receives a frame at time 23.4895s ++++
++++ frame_probe ID: 884 receives a frame at time 23.4895s ++++
++++ frame_probe ID: 890 receives a frame at time 23.4895s ++++
++++ frame_probe ID: 860 receives a frame at time 23.5045s ++++
++++ frame_probe ID: 882 receives a frame at time 23.5087s ++++
++++ frame_probe ID: 1082 receives a frame at time 23.511s ++++
++++ frame_probe ID: 1083 receives a frame at time 23.511s ++++
++++ frame_probe ID: 1084 receives a frame at time 23.511s ++++
counter ID 880 results at time 3923.51 is 0
++++ frame_probe ID: 1090 receives a frame at time 23.5111s ++++
the 100th message counter node3_acked has been visited 6 times  
++++ frame_probe ID: 1050 receives a frame at time 23.6013s ++++
++++ frame_probe ID: 1060 receives a frame at time 23.6418s ++++
++++ frame_probe ID: 882 receives a frame at time 23.6528s ++++
++++ frame_probe ID: 883 receives a frame at time 23.6528s ++++
++++ frame_probe ID: 884 receives a frame at time 23.6528s ++++
++++ frame_probe ID: 890 receives a frame at time 23.6529s ++++
++++ frame_probe ID: 860 receives a frame at time 23.6679s ++++
++++ frame_probe ID: 882 receives a frame at time 23.6721s ++++
++++ frame_probe ID: 1082 receives a frame at time 23.6743s ++++
++++ frame_probe ID: 1083 receives a frame at time 23.6743s ++++
++++ frame_probe ID: 1085 receives a frame at time 23.6743s ++++
a data frame with index 6 from node: 3 has been transmitted 1th time
++++ frame_probe ID: 1050 receives a frame at time 23.7766s ++++
++++ frame_probe ID: 1060 receives a frame at time 23.8171s ++++
++++ frame_probe ID: 882 receives a frame at time 23.8261s ++++
++++ frame_probe ID: 883 receives a frame at time 23.8261s ++++
++++ frame_probe ID: 884 receives a frame at time 23.8262s ++++
++++ frame_probe ID: 890 receives a frame at time 23.8262s ++++
++++ frame_probe ID: 860 receives a frame at time 23.8411s ++++
++++ frame_probe ID: 882 receives a frame at time 23.8454s ++++
++++ frame_probe ID: 1082 receives a frame at time 23.8467s ++++
++++ frame_probe ID: 1083 receives a frame at time 23.8467s ++++
++++ frame_probe ID: 1085 receives a frame at time 23.8467s ++++
a data frame with index 6 from node: 3 has been transmitted 2th time
++++ frame_probe ID: 1050 receives a frame at time 23.9517s ++++
++++ frame_probe ID: 1060 receives a frame at time 23.9924s ++++
++++ frame_probe ID: 882 receives a frame at time 23.9977s ++++
++++ frame_probe ID: 883 receives a frame at time 23.9977s ++++
++++ frame_probe ID: 884 receives a frame at time 23.9977s ++++
++++ frame_probe ID: 890 receives a frame at time 23.9977s ++++
++++ frame_probe ID: 860 receives a frame at time 24.0127s ++++
++++ frame_probe ID: 882 receives a frame at time 24.0178s ++++
INFO: Detected an invalid packet at item 416
INFO: Parser returned #f
a data frame with index 6 from node: 3 has been transmitted 3th time
++++ frame_probe ID: 1050 receives a frame at time 24.127s ++++
++++ frame_probe ID: 1060 receives a frame at time 24.1675s ++++
++++ frame_probe ID: 882 receives a frame at time 24.171s ++++
++++ frame_probe ID: 883 receives a frame at time 24.171s ++++
++++ frame_probe ID: 884 receives a frame at time 24.171s ++++
++++ frame_probe ID: 890 receives a frame at time 24.1711s ++++
++++ frame_probe ID: 860 receives a frame at time 24.186s ++++
++++ frame_probe ID: 882 receives a frame at time 24.1902s ++++
++++ frame_probe ID: 1082 receives a frame at time 24.1925s ++++
++++ frame_probe ID: 1083 receives a frame at time 24.1925s ++++
++++ frame_probe ID: 1085 receives a frame at time 24.1925s ++++
a data frame with index 6 from node: 3 has been transmitted 4th time
++++ frame_probe ID: 1050 receives a frame at time 24.3468s ++++
measurement 2 raw data directory created /home/inets/0_ba/bachelor_thesis/measurements/debug/data/153/2/.
'/home/inets/source/gr-inets/results/receiver_ack_sent.txt' -> '/home/inets/0_ba/bachelor_thesis/measurements/debug/data/153/2/receiver_ack_sent.txt'
'/home/inets/source/gr-inets/results/receiver_data_received.txt' -> '/home/inets/0_ba/bachelor_thesis/measurements/debug/data/153/2/receiver_data_received.txt'
'/home/inets/source/gr-inets/results/receiver_frame_anlyzed.txt' -> '/home/inets/0_ba/bachelor_thesis/measurements/debug/data/153/2/receiver_frame_anlyzed.txt'
'/home/inets/source/gr-inets/results/receiver_frame_checked_good.txt' -> '/home/inets/0_ba/bachelor_thesis/measurements/debug/data/153/2/receiver_frame_checked_good.txt'
'/home/inets/source/gr-inets/results/receiver_frame_received.txt' -> '/home/inets/0_ba/bachelor_thesis/measurements/debug/data/153/2/receiver_frame_received.txt'
'/home/inets/source/gr-inets/results/sender_ack_received.txt' -> '/home/inets/0_ba/bachelor_thesis/measurements/debug/data/153/2/sender_ack_received.txt'
'/home/inets/source/gr-inets/results/sender_bfr_dq.txt' -> '/home/inets/0_ba/bachelor_thesis/measurements/debug/data/153/2/sender_bfr_dq.txt'
'/home/inets/source/gr-inets/results/sender_data_sent.txt' -> '/home/inets/0_ba/bachelor_thesis/measurements/debug/data/153/2/sender_data_sent.txt'
'/home/inets/source/gr-inets/results/sender_frame_anlyzed.txt' -> '/home/inets/0_ba/bachelor_thesis/measurements/debug/data/153/2/sender_frame_anlyzed.txt'
'/home/inets/source/gr-inets/results/sender_frame_checked_bad.txt' -> '/home/inets/0_ba/bachelor_thesis/measurements/debug/data/153/2/sender_frame_checked_bad.txt'
'/home/inets/source/gr-inets/results/sender_frame_checked_good.txt' -> '/home/inets/0_ba/bachelor_thesis/measurements/debug/data/153/2/sender_frame_checked_good.txt'
'/home/inets/source/gr-inets/results/sender_frame_received.txt' -> '/home/inets/0_ba/bachelor_thesis/measurements/debug/data/153/2/sender_frame_received.txt'
'/home/inets/source/gr-inets/results/sender_retransmissions.txt' -> '/home/inets/0_ba/bachelor_thesis/measurements/debug/data/153/2/sender_retransmissions.txt'
measurement 2 raw data moved to /home/inets/0_ba/bachelor_thesis/measurements/debug/data/153/2/.

now processing results...
plotting python should be: python3 (ubuntu).
Hello from rtt.py!
hello from variables.py!
data_sent: 1500393916.773099
data_sent: 1500393916.943522
data_sent: 1500393917.098139
data_sent: 1500393917.246402
data_sent: 1500393917.411817
data_sent: 1500393917.582052
data_sent: 1500393917.767236
data_sent: 1500393917.942333
data_sent: 1500393918.127541
data_sent: 1500393918.262687
data_sent: 1500393918.437659
data_sent: 1500393918.618124
data_sent: 1500393918.791882
data_sent: 1500393918.967053
data_sent: 1500393919.147009
data_sent: 1500393919.347139
ack_received: 1500393917.012811
ack_received: 1500393917.167110
ack_received: 1500393917.310504
ack_received: 1500393918.193464
ack_received: 1500393918.683535
retx: [1, 0, 0, 4, 2]

The resulting RTTs of this single measurement are:
[0.06897, 0.0641]



The resulting mean RTT of this single measurement is:
0.06653500000000001


abs. packet loss: 11.0
packet loss in %: 68.75%
data_sent: 1500393921.733610
data_sent: 1500393921.932043
data_sent: 1500393922.107220
data_sent: 1500393922.287304
data_sent: 1500393922.482446
data_sent: 1500393922.622238
data_sent: 1500393922.792302
data_sent: 1500393922.977353
data_sent: 1500393923.123361
data_sent: 1500393923.270613
data_sent: 1500393923.446056
data_sent: 1500393923.601306
data_sent: 1500393923.776563
data_sent: 1500393923.951721
data_sent: 1500393924.126982
data_sent: 1500393924.346798
ack_received: 1500393921.802292
ack_received: 1500393922.550911
ack_received: 1500393923.050029
ack_received: 1500393923.194310
ack_received: 1500393923.337754
ack_received: 1500393923.511083
retx: [0, 3, 2, 0, 0, 0]

The resulting RTTs of this single measurement are:
[0.06868, 0.07095, 0.06714, 0.06503]



The resulting mean RTT of this single measurement is:
0.06795000000000001


abs. packet loss: 10.0
packet loss in %: 62.5%
[ 0.066535  0.06795 ]
Hello from myplot.py!
I will print a pdf for you now!
Hello from myplot.py!
I will print a pdf for you now!
Hello from myplot.py!
I will print a pdf for you now!
Hello from myplot.py!
I will print a cdf for you now!
<a list of 1 Patch objects>
Hello from myplot.py!
I will print a cdf for you now!
<a list of 1 Patch objects>
Hello from myplot.py!
I will print a cdf for you now!
<a list of 1 Patch objects>
Hello from myplot.py!
I will print a boxplot for you now!
Hello from myplot.py!
I will print a boxplot for you now!
Hello from myplot.py!
I will print a boxplot for you now!
Hello from myplot.py!
I will print a bar for you now!
Hello from myplot.py!
I will print a bar for you now!
Hello from myplot.py!
I will print a bar for you now!
Hello from myplot.py!
I will print a line for you now!
Hello from myplot.py!
I will print a line for you now!
Hello from myplot.py!
I will print a line for you now!
Hello from throughput.py!
hello from variables.py!
ACK file not found. Probably zero throughput
ackcount: 0
datacount: 15
ACK file not found. Probably zero throughput
ackcount: 0
datacount: 15
[ 0.  0.]
Hello from myplot.py!
I will print a pdf for you now!
Hello from myplot.py!
I will print a cdf for you now!
<a list of 1 Patch objects>
Hello from myplot.py!
I will print a boxplot for you now!
Hello from myplot.py!
I will print a bar for you now!
Hello from myplot.py!
I will print a line for you now!

+--------------------------------------------------------------+
| plotting completed. until the next measurement session then! |
+--------------------------------------------------------------+
