measurement 1/2 complete in 5 second(s).
linux; GNU C++ version 5.4.0 20160609; Boost_105800; UHD_003.009.005-45-g6768a615

linux; GNU C++ version 5.4.0 20160609; Boost_105800; UHD_003.009.005-45-g6768a615

Using Volk machine: avx_64_mmx
-- Opening a USRP2/N-Series device...
Using Volk machine: avx_64_mmx
-- Opening a USRP2/N-Series device...
-- Current recv frame size: 1472 bytes
-- Current send frame size: 1472 bytes
-- Current recv frame size: 1472 bytes
-- Current send frame size: 1472 bytes
measurement 1/2 complete in 4 second(s).
develop mode of resend_check ID: 24 is activated.
develop mode of resend_check ID: 24 is activated.
the 880th message counter is activated.
the 100th message counter is activated.
the 100th message counter is activated.
measurement 1/2 complete in 3 second(s).
node starts running at 65.9854
node starts running at 65.9967
++++ frame_probe ID: 1050 receives a frame at time 66.0068s ++++
++++ frame_probe ID: 1060 receives a frame at time 66.0479s ++++
++++ frame_probe ID: 882 receives a frame at time 66.0535s ++++
++++ frame_probe ID: ++++ frame_probe ID: 883 receives a frame at time 884 receives a frame at time 66.0536s ++++
66.0536s ++++
++++ frame_probe ID: 890 receives a frame at time 66.0537s ++++
++++ frame_probe ID: 860 receives a frame at time 66.0692s ++++
++++ frame_probe ID: 1082 receives a frame at time 66.0732s ++++
++++ frame_probe ID: 1083 receives a frame at time 66.0733s ++++
counter ID 880 results at time ++++ frame_probe ID: 6466.07 is 0
++++ frame_probe ID: 1084 receives a frame at time 1090 receives a frame at time 66.0734s ++++
66.0734s ++++
++++ frame_probe ID: 882 receives a frame at time 66.0738s ++++
the 100th message counter node3_acked has been visited 1 times  
++++ frame_probe ID: 1050 receives a frame at time 66.1688s ++++
++++ frame_probe ID: 1060 receives a frame at time 66.2097s ++++
++++ frame_probe ID: 882 receives a frame at time 66.2168s ++++
++++ frame_probe ID: 883 receives a frame at time 66.2169s ++++
++++ frame_probe ID: 884 receives a frame at time 66.2169s ++++
++++ frame_probe ID: 890 receives a frame at time 66.217s ++++
++++ frame_probe ID: 860 receives a frame at time 66.2322s ++++
++++ frame_probe ID: 882 receives a frame at time 66.2362s ++++
++++ frame_probe ID: 1082 receives a frame at time 66.2365s ++++
++++ frame_probe ID: 1083 receives a frame at time 66.2366s ++++
++++ frame_probe ID: 1085 receives a frame at time 66.2366s ++++
a data frame with index 1 from node: 3 has been transmitted 1th time
++++ frame_probe ID: 1050 receives a frame at time 66.3397s ++++
++++ frame_probe ID: 1060 receives a frame at time 66.3809s ++++
++++ frame_probe ID: 882 receives a frame at time 66.39s ++++
++++ frame_probe ID: 883 receives a frame at time 66.3901s ++++
++++ frame_probe ID: 884 receives a frame at time 66.3901s ++++
++++ frame_probe ID: 890 receives a frame at time 66.3902s ++++
++++ frame_probe ID: 860 receives a frame at time 66.4056s ++++
++++ frame_probe ID: 1082 receives a frame at time 66.4094s ++++
++++ frame_probe ID: 1083 receives a frame at time 66.4094s ++++
++++ frame_probe ID: 1084 receives a frame at time 66.4095s ++++
counter ID 880 results at time ++++ frame_probe ID: 6466.41 is 1090 receives a frame at time 1
66.4095s ++++
++++ frame_probe ID: 882 receives a frame at time 66.4096s ++++
the 100th message counter node3_acked has been visited 2 times  
++++ frame_probe ID: 1050 receives a frame at time 66.4919s ++++
++++ frame_probe ID: 1060 receives a frame at time 66.5328s ++++
++++ frame_probe ID: 882 receives a frame at time 66.5434s ++++
++++ frame_probe ID: 883 receives a frame at time 66.5434s ++++
++++ frame_probe ID: 884 receives a frame at time 66.5435s ++++
++++ frame_probe ID: 890 receives a frame at time 66.5435s ++++
++++ frame_probe ID: 860 receives a frame at time 66.5588s ++++
++++ frame_probe ID: 882 receives a frame at time 66.5629s ++++
++++ frame_probe ID: 1082 receives a frame at time 66.5631s ++++
++++ frame_probe ID: 1083 receives a frame at time 66.5632s ++++
++++ frame_probe ID: 1084 receives a frame at time 66.5633s ++++
counter ID 880 results at time 6466.56 is 0
++++ frame_probe ID: 1090 receives a frame at time 66.5633s ++++
measurement 1/2 complete in 2 second(s).
the 100th message counter node3_acked has been visited 3 times  
++++ frame_probe ID: 1050 receives a frame at time 66.6327s ++++
++++ frame_probe ID: 1060 receives a frame at time 66.6736s ++++
++++ frame_probe ID: 882 receives a frame at time 66.6778s ++++
++++ frame_probe ID: 883 receives a frame at time 66.6778s ++++
++++ frame_probe ID: 884 receives a frame at time 66.6779s ++++
++++ frame_probe ID: 890 receives a frame at time 66.6779s ++++
++++ frame_probe ID: 860 receives a frame at time 66.6933s ++++
++++ frame_probe ID: 882 receives a frame at time 66.6972s ++++
++++ frame_probe ID: 1082 receives a frame at time 66.6974s ++++
++++ frame_probe ID: 1083 receives a frame at time 66.6974s ++++
++++ frame_probe ID: 1085 receives a frame at time 66.6975s ++++
a data frame with index 3 from node: 3 has been transmitted 1th time
++++ frame_probe ID: 1050 receives a frame at time 66.8088s ++++
++++ frame_probe ID: 1060 receives a frame at time 66.8497s ++++
++++ frame_probe ID: 882 receives a frame at time 66.8603s ++++
++++ frame_probe ID: 883 receives a frame at time 66.8603s ++++
++++ frame_probe ID: 884 receives a frame at time 66.8603s ++++
++++ frame_probe ID: 890 receives a frame at time 66.8604s ++++
++++ frame_probe ID: 860 receives a frame at time 66.8755s ++++
++++ frame_probe ID: 882 receives a frame at time 66.8797s ++++
++++ frame_probe ID: 1082 receives a frame at time 66.8801s ++++
++++ frame_probe ID: 1083 receives a frame at time 66.8802s ++++
++++ frame_probe ID: 1084 receives a frame at time 66.8803s ++++
counter ID 880 results at time ++++ frame_probe ID: 10906466.88 receives a frame at time  is 1
66.8803s ++++
the 100th message counter node3_acked has been visited 4 times  
++++ frame_probe ID: 1050 receives a frame at time 66.9967s ++++
++++ frame_probe ID: 1060 receives a frame at time 67.0377s ++++
++++ frame_probe ID: 882 receives a frame at time 67.0427s ++++
++++ frame_probe ID: 883 receives a frame at time 67.0427s ++++
++++ frame_probe ID: 884 receives a frame at time 67.0428s ++++
++++ frame_probe ID: 890 receives a frame at time 67.0428s ++++
++++ frame_probe ID: 860 receives a frame at time 67.0581s ++++
++++ frame_probe ID: 882 receives a frame at time 67.0621s ++++
++++ frame_probe ID: 1082 receives a frame at time 67.0624s ++++
++++ frame_probe ID: 1083 receives a frame at time 67.0624s ++++
++++ frame_probe ID: 1084 receives a frame at time 67.0625s ++++
counter ID 880 results at time ++++ frame_probe ID: 1090 receives a frame at time 6467.06 is 0
67.0625s ++++
the 100th message counter node3_acked has been visited 5 times  
++++ frame_probe ID: 1050 receives a frame at time 67.15s ++++
++++ frame_probe ID: 1060 receives a frame at time 67.1908s ++++
++++ frame_probe ID: 882 receives a frame at time 67.196s ++++
++++ frame_probe ID: 884 receives a frame at time ++++ frame_probe ID: 883 receives a frame at time 67.1961s ++++
67.1961s ++++
++++ frame_probe ID: 890 receives a frame at time 67.1962s ++++
++++ frame_probe ID: 860 receives a frame at time 67.2115s ++++
INFO: Detected an invalid packet at item 224
INFO: Parser returned #f
++++ frame_probe ID: 882 receives a frame at time 67.2165s ++++
a data frame with index 5 from node: 3 has been transmitted 1th time
++++ frame_probe ID: 1050 receives a frame at time 67.3262s ++++
++++ frame_probe ID: 1060 receives a frame at time 67.3671s ++++
++++ frame_probe ID: 882 receives a frame at time 67.3784s ++++
++++ frame_probe ID: 883 receives a frame at time 67.3785s ++++
++++ frame_probe ID: 884 receives a frame at time 67.3785s ++++
++++ frame_probe ID: 890 receives a frame at time 67.3786s ++++
++++ frame_probe ID: 860 receives a frame at time 67.3938s ++++
++++ frame_probe ID: 882 receives a frame at time 67.3978s ++++
++++ frame_probe ID: 1082 receives a frame at time 67.3982s ++++
++++ frame_probe ID: 1083 receives a frame at time 67.3982s ++++
++++ frame_probe ID: 1085 receives a frame at time 67.3982s ++++
a data frame with index 5 from node: 3 has been transmitted 2th time
++++ frame_probe ID: 1050 receives a frame at time 67.5069s ++++
++++ frame_probe ID: 1060 receives a frame at time 67.5477s ++++
++++ frame_probe ID: 882 receives a frame at time 67.5516s ++++
++++ frame_probe ID: 883 receives a frame at time 67.5517s ++++
++++ frame_probe ID: 884 receives a frame at time 67.5518s ++++
++++ frame_probe ID: 890 receives a frame at time 67.5518s ++++
++++ frame_probe ID: 860 receives a frame at time 67.5672s ++++
INFO: Detected an invalid packet at item 288
INFO: Parser returned #f
++++ frame_probe ID: 882 receives a frame at time 67.571s ++++
measurement 1/2 complete in 1 second(s).
a data frame with index 5 from node: 3 has been transmitted 3th time
++++ frame_probe ID: 1050 receives a frame at time 67.6974s ++++
++++ frame_probe ID: 1060 receives a frame at time 67.7383s ++++
++++ frame_probe ID: 882 receives a frame at time 67.7432s ++++
++++ frame_probe ID: 883 receives a frame at time 67.7433s ++++
++++ frame_probe ID: 884 receives a frame at time 67.7433s ++++
++++ frame_probe ID: 890 receives a frame at time 67.7433s ++++
++++ frame_probe ID: 860 receives a frame at time 67.7585s ++++
++++ frame_probe ID: 882 receives a frame at time 67.7627s ++++
++++ frame_probe ID: 1082 receives a frame at time 67.7631s ++++
++++ frame_probe ID: 1083 receives a frame at time 67.7632s ++++
++++ frame_probe ID: 1085 receives a frame at time 67.7632s ++++
a data frame with index 5 from node: 3 has been transmitted 4th time
++++ frame_probe ID: 1050 receives a frame at time 67.898s ++++
++++ frame_probe ID: 1060 receives a frame at time 67.9388s ++++
++++ frame_probe ID: 882 receives a frame at time 67.9447s ++++
++++ frame_probe ID: 883 receives a frame at time 67.9447s ++++
++++ frame_probe ID: 884 receives a frame at time 67.9448s ++++
++++ frame_probe ID: 890 receives a frame at time 67.9448s ++++
++++ frame_probe ID: 860 receives a frame at time 67.96s ++++
++++ frame_probe ID: 1082 receives a frame at time 67.9642s ++++
++++ frame_probe ID: 1083 receives a frame at time 67.9643s ++++
++++ frame_probe ID: 1084 receives a frame at time 67.9643s ++++
counter ID 880 results at time 6467.96 is ++++ frame_probe ID: 4
1090 receives a frame at time 67.9647s ++++
++++ frame_probe ID: 882 receives a frame at time 67.965s ++++
the 100th message counter node3_acked has been visited 6 times  
++++ frame_probe ID: 1050 receives a frame at time 68.0602s ++++
++++ frame_probe ID: 1060 receives a frame at time 68.1011s ++++
++++ frame_probe ID: 882 receives a frame at time 68.108s ++++
++++ frame_probe ID: 883 receives a frame at time 68.1081s ++++
++++ frame_probe ID: 884 receives a frame at time 68.1082s ++++
++++ frame_probe ID: 890 receives a frame at time 68.1083s ++++
++++ frame_probe ID: 860 receives a frame at time 68.1235s ++++
++++ frame_probe ID: 882 receives a frame at time 68.1274s ++++
INFO: Detected an invalid packet at item 384
INFO: Parser returned #f
a data frame with index 6 from node: 3 has been transmitted 1th time
++++ frame_probe ID: 1050 receives a frame at time 68.2361s ++++
++++ frame_probe ID: 1060 receives a frame at time 68.277s ++++
++++ frame_probe ID: 882 receives a frame at time 68.2815s ++++
++++ frame_probe ID: 883 receives a frame at time 68.2815s ++++
++++ frame_probe ID: 884 receives a frame at time 68.2816s ++++
++++ frame_probe ID: 890 receives a frame at time 68.2816s ++++
++++ frame_probe ID: 860 receives a frame at time 68.2969s ++++
++++ frame_probe ID: 1082 receives a frame at time 68.3002s ++++
++++ frame_probe ID: 1083 receives a frame at time 68.3003s ++++
++++ frame_probe ID: 1085 receives a frame at time 68.3003s ++++
++++ frame_probe ID: 882 receives a frame at time 68.3008s ++++
a data frame with index 6 from node: 3 has been transmitted 2th time
++++ frame_probe ID: 1050 receives a frame at time 68.412s ++++
++++ frame_probe ID: 1060 receives a frame at time 68.453s ++++
++++ frame_probe ID: 882 receives a frame at time 68.4638s ++++
++++ frame_probe ID: 883 receives a frame at time 68.4638s ++++
++++ frame_probe ID: 884 receives a frame at time 68.4639s ++++
++++ frame_probe ID: 890 receives a frame at time 68.4639s ++++
++++ frame_probe ID: 860 receives a frame at time 68.4815s ++++
++++ frame_probe ID: 882 receives a frame at time 68.4924s ++++
++++ frame_probe ID: 1082 receives a frame at time 68.4927s ++++
++++ frame_probe ID: 1083 receives a frame at time 68.4928s ++++
++++ frame_probe ID: 1084 receives a frame at time 68.4928s ++++
counter ID 880 results at time 6468.49 is 2++++ frame_probe ID: 
1090 receives a frame at time 68.4929s ++++
the 100th message counter node3_acked has been visited 7 times  
++++ frame_probe ID: 1050 receives a frame at time 68.5712s ++++
measurement 1 raw data directory created /home/inets/0_ba/bachelor_thesis/measurements/debug/data/163/1/.
'/home/inets/source/gr-inets/results/receiver_ack_sent.txt' -> '/home/inets/0_ba/bachelor_thesis/measurements/debug/data/163/1/receiver_ack_sent.txt'
'/home/inets/source/gr-inets/results/receiver_data_received.txt' -> '/home/inets/0_ba/bachelor_thesis/measurements/debug/data/163/1/receiver_data_received.txt'
'/home/inets/source/gr-inets/results/receiver_frame_anlyzed.txt' -> '/home/inets/0_ba/bachelor_thesis/measurements/debug/data/163/1/receiver_frame_anlyzed.txt'
'/home/inets/source/gr-inets/results/receiver_frame_checked_good.txt' -> '/home/inets/0_ba/bachelor_thesis/measurements/debug/data/163/1/receiver_frame_checked_good.txt'
'/home/inets/source/gr-inets/results/receiver_frame_received.txt' -> '/home/inets/0_ba/bachelor_thesis/measurements/debug/data/163/1/receiver_frame_received.txt'
'/home/inets/source/gr-inets/results/sender_ack_received.txt' -> '/home/inets/0_ba/bachelor_thesis/measurements/debug/data/163/1/sender_ack_received.txt'
'/home/inets/source/gr-inets/results/sender_bfr_dq.txt' -> '/home/inets/0_ba/bachelor_thesis/measurements/debug/data/163/1/sender_bfr_dq.txt'
'/home/inets/source/gr-inets/results/sender_data_sent.txt' -> '/home/inets/0_ba/bachelor_thesis/measurements/debug/data/163/1/sender_data_sent.txt'
'/home/inets/source/gr-inets/results/sender_frame_anlyzed.txt' -> '/home/inets/0_ba/bachelor_thesis/measurements/debug/data/163/1/sender_frame_anlyzed.txt'
'/home/inets/source/gr-inets/results/sender_frame_checked_bad.txt' -> '/home/inets/0_ba/bachelor_thesis/measurements/debug/data/163/1/sender_frame_checked_bad.txt'
'/home/inets/source/gr-inets/results/sender_frame_checked_good.txt' -> '/home/inets/0_ba/bachelor_thesis/measurements/debug/data/163/1/sender_frame_checked_good.txt'
'/home/inets/source/gr-inets/results/sender_frame_received.txt' -> '/home/inets/0_ba/bachelor_thesis/measurements/debug/data/163/1/sender_frame_received.txt'
'/home/inets/source/gr-inets/results/sender_retransmissions.txt' -> '/home/inets/0_ba/bachelor_thesis/measurements/debug/data/163/1/sender_retransmissions.txt'
measurement 1 raw data moved to /home/inets/0_ba/bachelor_thesis/measurements/debug/data/163/1/.

measurement 2/2 complete in 5 second(s).
linux; GNU C++ version 5.4.0 20160609; Boost_105800; UHD_003.009.005-45-g6768a615
linux; GNU C++ version 5.4.0 20160609; Boost_105800; UHD_003.009.005-45-g6768a615


Using Volk machine: avx_64_mmx
-- Opening a USRP2/N-Series device...
Using Volk machine: avx_64_mmx
-- Opening a USRP2/N-Series device...
-- Current recv frame size: 1472 bytes
-- Current send frame size: 1472 bytes
-- Current recv frame size: 1472 bytes
-- Current send frame size: 1472 bytes
measurement 2/2 complete in 4 second(s).
develop mode of resend_check ID: 24 is activated.
develop mode of resend_check ID: 24 is activated.
the 100th message counter is activated.
the 880th message counter is activated.
the 100th message counter is activated.
measurement 2/2 complete in 3 second(s).
node starts running at 70.9961
node starts running at 70.997
++++ frame_probe ID: 1050 receives a frame at time 71.0419s ++++
++++ frame_probe ID: 1060 receives a frame at time 71.0834s ++++
++++ frame_probe ID: 882 receives a frame at time 71.0915s ++++
++++ frame_probe ID: 883 receives a frame at time 71.0915s ++++
++++ frame_probe ID: 884 receives a frame at time 71.0916s ++++
++++ frame_probe ID: 890 receives a frame at time 71.0916s ++++
++++ frame_probe ID: 860 receives a frame at time 71.107s ++++
++++ frame_probe ID: 882 receives a frame at time 71.1108s ++++
++++ frame_probe ID: 1082 receives a frame at time 71.1118s ++++
++++ frame_probe ID: 1083 receives a frame at time 71.1118s ++++
++++ frame_probe ID: 1084 receives a frame at time 71.1118s ++++
++++ frame_probe ID: 1090 receives a frame at time 71.1119s ++++
counter ID 880 results at time 6471.11 is 0
the 100th message counter node3_acked has been visited 1 times  
++++ frame_probe ID: 1050 receives a frame at time 71.311s ++++
++++ frame_probe ID: 1060 receives a frame at time 71.352s ++++
++++ frame_probe ID: 882 receives a frame at time 71.36s ++++
++++ frame_probe ID: 884 receives a frame at time ++++ frame_probe ID: 883 receives a frame at time 71.3601s ++++
71.3601s ++++
++++ frame_probe ID: 890 receives a frame at time 71.3602s ++++
++++ frame_probe ID: 860 receives a frame at time 71.3753s ++++
++++ frame_probe ID: 882 receives a frame at time 71.3793s ++++
++++ frame_probe ID: 1082 receives a frame at time 71.3804s ++++
++++ frame_probe ID: 1083 receives a frame at time 71.3804s ++++
++++ frame_probe ID: 1085 receives a frame at time 71.3805s ++++
a data frame with index 1 from node: 3 has been transmitted 1th time
++++ frame_probe ID: 1050 receives a frame at time 71.4819s ++++
++++ frame_probe ID: 1060 receives a frame at time 71.5228s ++++
++++ frame_probe ID: 882 receives a frame at time 71.5325s ++++
++++ frame_probe ID: 883 receives a frame at time 71.5326s ++++
++++ frame_probe ID: 884 receives a frame at time 71.5326s ++++
++++ frame_probe ID: 890 receives a frame at time 71.5326s ++++
++++ frame_probe ID: 860 receives a frame at time 71.5477s ++++
++++ frame_probe ID: 882 receives a frame at time 71.5526s ++++
++++ frame_probe ID: 1082 receives a frame at time 71.5535s ++++
++++ frame_probe ID: 1083 receives a frame at time ++++ frame_probe ID: 71.55361084s ++++ receives a frame at time 
71.5536s ++++
counter ID 880 results at time 6471.55 is 1
++++ frame_probe ID: 1090 receives a frame at time 71.5537s ++++
measurement 2/2 complete in 2 second(s).
the 100th message counter node3_acked has been visited 2 times  
++++ frame_probe ID: 1050 receives a frame at time 71.666s ++++
++++ frame_probe ID: 1060 receives a frame at time 71.7067s ++++
++++ frame_probe ID: 882 receives a frame at time 71.7146s ++++
++++ frame_probe ID: 883 receives a frame at time 71.7147s ++++
++++ frame_probe ID: 884 receives a frame at time 71.7147s ++++
++++ frame_probe ID: 890 receives a frame at time 71.7148s ++++
++++ frame_probe ID: 860 receives a frame at time 71.7299s ++++
++++ frame_probe ID: 882 receives a frame at time 71.7353s ++++
++++ frame_probe ID: 1082 receives a frame at time 71.736s ++++
++++ frame_probe ID: 1084 receives a frame at time 71.736s ++++
++++ frame_probe ID: 1083 receives a frame at time 71.736s ++++
counter ID 880 results at time 6471.74 is 0
++++ frame_probe ID: 1090 receives a frame at time 71.7361s ++++
the 100th message counter node3_acked has been visited 3 times  
++++ frame_probe ID: 1050 receives a frame at time 71.8374s ++++
++++ frame_probe ID: 1060 receives a frame at time 71.8783s ++++
++++ frame_probe ID: 882 receives a frame at time 71.8881s ++++
++++ frame_probe ID: 883 receives a frame at time 71.8881s ++++
++++ frame_probe ID: 884 receives a frame at time 71.8882s ++++
++++ frame_probe ID: 890 receives a frame at time 71.8882s ++++
++++ frame_probe ID: 860 receives a frame at time 71.9035s ++++
++++ frame_probe ID: 882 receives a frame at time 71.9073s ++++
++++ frame_probe ID: 1082 receives a frame at time 71.9083s ++++
++++ frame_probe ID: 1083 receives a frame at time 71.9083s ++++
++++ frame_probe ID: 1084 receives a frame at time 71.9084s ++++
counter ID 880 results at time ++++ frame_probe ID: 1090 receives a frame at time 6471.91 is 0
71.9085s ++++
the 100th message counter node3_acked has been visited 4 times  
++++ frame_probe ID: 1050 receives a frame at time 72.0099s ++++
++++ frame_probe ID: 1060 receives a frame at time 72.0506s ++++
++++ frame_probe ID: 882 receives a frame at time 72.0604s ++++
++++ frame_probe ID: 883 receives a frame at time 72.0605s ++++
++++ frame_probe ID: 884 receives a frame at time 72.0605s ++++
++++ frame_probe ID: 890 receives a frame at time 72.0608s ++++
++++ frame_probe ID: 860 receives a frame at time 72.076s ++++
++++ frame_probe ID: 882 receives a frame at time 72.0797s ++++
++++ frame_probe ID: 1082 receives a frame at time 72.0806s ++++
++++ frame_probe ID: 1083 receives a frame at time 72.0807s ++++
++++ frame_probe ID: 1084 receives a frame at time 72.0807s ++++
counter ID ++++ frame_probe ID: 880 results at time 1090 receives a frame at time 72.0807s ++++
6472.08 is 0
the 100th message counter node3_acked has been visited 5 times  
++++ frame_probe ID: 1050 receives a frame at time 72.183s ++++
++++ frame_probe ID: 1060 receives a frame at time 72.2237s ++++
++++ frame_probe ID: 882 receives a frame at time 72.2337s ++++
++++ frame_probe ID: 883 receives a frame at time 72.2337s ++++
++++ frame_probe ID: 884 receives a frame at time 72.2337s ++++
++++ frame_probe ID: 890 receives a frame at time 72.2338s ++++
++++ frame_probe ID: 860 receives a frame at time 72.2489s ++++
++++ frame_probe ID: 882 receives a frame at time 72.2531s ++++
++++ frame_probe ID: 1082 receives a frame at time 72.2541s ++++
++++ frame_probe ID: 1083 receives a frame at time 72.2541s ++++
++++ frame_probe ID: 1084 receives a frame at time 72.2542s ++++
counter ID 880 results at time 6472.25 is 0
++++ frame_probe ID: 1090 receives a frame at time 72.2542s ++++
the 100th message counter node3_acked has been visited 6 times  
++++ frame_probe ID: 1050 receives a frame at time 72.3435s ++++
++++ frame_probe ID: 1060 receives a frame at time 72.3842s ++++
++++ frame_probe ID: 882 receives a frame at time 72.387s ++++
++++ frame_probe ID: 883 receives a frame at time 72.387s ++++
++++ frame_probe ID: 884 receives a frame at time 72.387s ++++
++++ frame_probe ID: 890 receives a frame at time 72.3871s ++++
++++ frame_probe ID: 860 receives a frame at time 72.4022s ++++
++++ frame_probe ID: 882 receives a frame at time 72.4063s ++++
INFO: Detected an invalid packet at item 224
INFO: Parser returned #f
a data frame with index 6 from node: 3 has been transmitted 1th time
++++ frame_probe ID: 1050 receives a frame at time 72.5189s ++++
++++ frame_probe ID: 1060 receives a frame at time 72.5597s ++++
++++ frame_probe ID: 882 receives a frame at time 72.5695s ++++
++++ frame_probe ID: 883 receives a frame at time 72.5696s ++++
++++ frame_probe ID: 884 receives a frame at time 72.5696s ++++
++++ frame_probe ID: 890 receives a frame at time 72.5697s ++++
++++ frame_probe ID: 860 receives a frame at time 72.5847s ++++
++++ frame_probe ID: 882 receives a frame at time 72.5888s ++++
++++ frame_probe ID: 1082 receives a frame at time 72.5898s ++++
++++ frame_probe ID: 1083 receives a frame at time 72.5898s ++++
++++ frame_probe ID: 1085 receives a frame at time 72.5898s ++++
measurement 2/2 complete in 1 second(s).
a data frame with index 6 from node: 3 has been transmitted 2th time
++++ frame_probe ID: 1050 receives a frame at time 72.6945s ++++
++++ frame_probe ID: 1060 receives a frame at time 72.7353s ++++
++++ frame_probe ID: 882 receives a frame at time 72.742s ++++
++++ frame_probe ID: 883 receives a frame at time 72.742s ++++
++++ frame_probe ID: 884 receives a frame at time 72.7421s ++++
++++ frame_probe ID: 890 receives a frame at time 72.7421s ++++
++++ frame_probe ID: 860 receives a frame at time 72.7572s ++++
++++ frame_probe ID: 882 receives a frame at time 72.7615s ++++
INFO: Detected an invalid packet at item 288
INFO: Parser returned #f
a data frame with index 6 from node: 3 has been transmitted 3th time
++++ frame_probe ID: 1050 receives a frame at time 72.8653s ++++
++++ frame_probe ID: 1060 receives a frame at time 72.9061s ++++
++++ frame_probe ID: 882 receives a frame at time 72.9143s ++++
++++ frame_probe ID: 883 receives a frame at time 72.9144s ++++
++++ frame_probe ID: 884 receives a frame at time 72.9144s ++++
++++ frame_probe ID: 890 receives a frame at time 72.9145s ++++
++++ frame_probe ID: 860 receives a frame at time 72.9296s ++++
++++ frame_probe ID: 882 receives a frame at time 72.9337s ++++
INFO: Detected an invalid packet at item 320
INFO: Parser returned #f
a data frame with index 6 from node: 3 has been transmitted 4th time
++++ frame_probe ID: 1050 receives a frame at time 73.0516s ++++
++++ frame_probe ID: 1060 receives a frame at time 73.0923s ++++
++++ frame_probe ID: 882 receives a frame at time 73.0969s ++++
++++ frame_probe ID: 883 receives a frame at time 73.097s ++++
++++ frame_probe ID: 884 receives a frame at time 73.097s ++++
++++ frame_probe ID: 890 receives a frame at time 73.097s ++++
++++ frame_probe ID: 860 receives a frame at time 73.1123s ++++
++++ frame_probe ID: 882 receives a frame at time 73.1162s ++++
++++ frame_probe ID: 1082 receives a frame at time 73.1182s ++++
++++ frame_probe ID: 1083 receives a frame at time 73.1183s ++++
++++ frame_probe ID: 1085 receives a frame at time 73.1183s ++++
a data frame with index 6 from node: 3 has been transmitted 5th time
++++ frame_probe ID: 1050 receives a frame at time 73.2869s ++++
++++ frame_probe ID: 1060 receives a frame at time 73.3279s ++++
++++ frame_probe ID: 882 receives a frame at time 73.3376s ++++
++++ frame_probe ID: 883 receives a frame at time 73.3376s ++++
++++ frame_probe ID: 884 receives a frame at time 73.3377s ++++
++++ frame_probe ID: 890 receives a frame at time 73.3377s ++++
++++ frame_probe ID: 860 receives a frame at time 73.3529s ++++
++++ frame_probe ID: 882 receives a frame at time 73.3567s ++++
++++ frame_probe ID: 1082 receives a frame at time 73.3577s ++++
++++ frame_probe ID: 1083 receives a frame at time 73.3578s ++++
++++ frame_probe ID: 1085 receives a frame at time 73.3578s ++++
measurement 2 raw data directory created /home/inets/0_ba/bachelor_thesis/measurements/debug/data/163/2/.
'/home/inets/source/gr-inets/results/receiver_ack_sent.txt' -> '/home/inets/0_ba/bachelor_thesis/measurements/debug/data/163/2/receiver_ack_sent.txt'
'/home/inets/source/gr-inets/results/receiver_data_received.txt' -> '/home/inets/0_ba/bachelor_thesis/measurements/debug/data/163/2/receiver_data_received.txt'
'/home/inets/source/gr-inets/results/receiver_frame_anlyzed.txt' -> '/home/inets/0_ba/bachelor_thesis/measurements/debug/data/163/2/receiver_frame_anlyzed.txt'
'/home/inets/source/gr-inets/results/receiver_frame_checked_good.txt' -> '/home/inets/0_ba/bachelor_thesis/measurements/debug/data/163/2/receiver_frame_checked_good.txt'
'/home/inets/source/gr-inets/results/receiver_frame_received.txt' -> '/home/inets/0_ba/bachelor_thesis/measurements/debug/data/163/2/receiver_frame_received.txt'
'/home/inets/source/gr-inets/results/sender_ack_received.txt' -> '/home/inets/0_ba/bachelor_thesis/measurements/debug/data/163/2/sender_ack_received.txt'
'/home/inets/source/gr-inets/results/sender_bfr_dq.txt' -> '/home/inets/0_ba/bachelor_thesis/measurements/debug/data/163/2/sender_bfr_dq.txt'
'/home/inets/source/gr-inets/results/sender_data_sent.txt' -> '/home/inets/0_ba/bachelor_thesis/measurements/debug/data/163/2/sender_data_sent.txt'
'/home/inets/source/gr-inets/results/sender_frame_anlyzed.txt' -> '/home/inets/0_ba/bachelor_thesis/measurements/debug/data/163/2/sender_frame_anlyzed.txt'
'/home/inets/source/gr-inets/results/sender_frame_checked_bad.txt' -> '/home/inets/0_ba/bachelor_thesis/measurements/debug/data/163/2/sender_frame_checked_bad.txt'
'/home/inets/source/gr-inets/results/sender_frame_checked_good.txt' -> '/home/inets/0_ba/bachelor_thesis/measurements/debug/data/163/2/sender_frame_checked_good.txt'
'/home/inets/source/gr-inets/results/sender_frame_received.txt' -> '/home/inets/0_ba/bachelor_thesis/measurements/debug/data/163/2/sender_frame_received.txt'
'/home/inets/source/gr-inets/results/sender_retransmissions.txt' -> '/home/inets/0_ba/bachelor_thesis/measurements/debug/data/163/2/sender_retransmissions.txt'
measurement 2 raw data moved to /home/inets/0_ba/bachelor_thesis/measurements/debug/data/163/2/.

now processing results...
plotting python should be: python3 (ubuntu).
Hello from rtt.py!
hello from variables.py!
data_sent: 1500396466.006794
data_sent: 1500396466.168776
data_sent: 1500396466.339713
data_sent: 1500396466.491908
data_sent: 1500396466.632728
data_sent: 1500396466.808798
data_sent: 1500396466.996664
data_sent: 1500396467.149963
data_sent: 1500396467.326211
data_sent: 1500396467.506879
data_sent: 1500396467.697378
data_sent: 1500396467.897951
data_sent: 1500396468.060161
data_sent: 1500396468.236118
data_sent: 1500396468.412026
data_sent: 1500396468.571206
ack_received: 1500396466.073357
ack_received: 1500396466.409515
ack_received: 1500396466.563337
ack_received: 1500396466.880328
ack_received: 1500396467.062527
ack_received: 1500396467.964747
ack_received: 1500396468.492881
retx: [0, 1, 0, 1, 0, 4, 2]

The resulting RTTs of this single measurement are:
[0.06656, 0.07143, 0.06586]



The resulting mean RTT of this single measurement is:
0.06795


abs. packet loss: 9.0
packet loss in %: 56.25%
data_sent: 1500396471.041892
data_sent: 1500396471.311030
data_sent: 1500396471.481923
data_sent: 1500396471.666026
data_sent: 1500396471.837449
data_sent: 1500396472.009884
data_sent: 1500396472.182995
data_sent: 1500396472.343534
data_sent: 1500396472.518949
data_sent: 1500396472.694507
data_sent: 1500396472.865290
data_sent: 1500396473.051565
data_sent: 1500396473.286927
ack_received: 1500396471.111891
ack_received: 1500396471.553688
ack_received: 1500396471.736068
ack_received: 1500396471.908451
ack_received: 1500396472.080710
ack_received: 1500396472.254214
retx: [0, 1, 0, 0, 0, 0]

The resulting RTTs of this single measurement are:
[0.07, 0.07004, 0.071, 0.07083, 0.07122]



The resulting mean RTT of this single measurement is:
0.070618


abs. packet loss: 7.0
packet loss in %: 53.85%
[ 0.06795   0.070618]
Hello from myplot.py!
I will print a pdf for you now!
Hello from myplot.py!
I will print a pdf for you now!
Hello from myplot.py!
I will print a pdf for you now!
Hello from myplot.py!
I will print a cdf for you now!
<a list of 1 Patch objects>
Hello from myplot.py!
I will print a cdf for you now!
<a list of 1 Patch objects>
Hello from myplot.py!
I will print a cdf for you now!
<a list of 1 Patch objects>
Hello from myplot.py!
I will print a boxplot for you now!
Hello from myplot.py!
I will print a boxplot for you now!
Hello from myplot.py!
I will print a boxplot for you now!
Hello from myplot.py!
I will print a bar for you now!
Hello from myplot.py!
I will print a bar for you now!
Hello from myplot.py!
I will print a bar for you now!
Hello from myplot.py!
I will print a line for you now!
Hello from myplot.py!
I will print a line for you now!
Hello from myplot.py!
I will print a line for you now!
Hello from throughput.py!
hello from variables.py!
ackcount: 7
datacount: 15
ackcount: 6
datacount: 13
[ 7000.  6000.]
Hello from myplot.py!
I will print a pdf for you now!
Hello from myplot.py!
I will print a cdf for you now!
<a list of 1 Patch objects>
Hello from myplot.py!
I will print a boxplot for you now!
Hello from myplot.py!
I will print a bar for you now!
Hello from myplot.py!
I will print a line for you now!

+--------------------------------------------------------------+
| plotting completed. until the next measurement session then! |
+--------------------------------------------------------------+
