measurement 1/5 complete in 20 second(s).
linux; GNU C++ version 5.4.0 20160609; Boost_105800; UHD_003.009.005-45-g6768a615
linux; GNU C++ version 5.4.0 20160609; Boost_105800; UHD_003.009.005-45-g6768a615


Using Volk machine: avx_64_mmx
-- Opening a USRP2/N-Series device...
Using Volk machine: avx_64_mmx
-- Current recv frame size: 1472 bytes
-- Current send frame size: 1472 bytes
measurement 1/5 complete in 19 second(s).
develop mode of resend_check ID: 24 is activated.
the 880th message counter is activated.
the 100th message counter is activated.
develop_mode of backoff ID 11 is activated.
measurement 1/5 complete in 18 second(s).
node starts running at 0.30305
++++ frame_probe ID: 1050 receives a frame at time 0.486452s ++++
++++ frame_probe ID: 1060 receives a frame at time 0.527682s ++++
INFO: Detected an invalid packet at item 0
INFO: Parser returned #f
++++ frame_probe ID: 1082 receives a frame at time 0.555504s ++++
++++ frame_probe ID: 1083 receives a frame at time 0.555541s ++++
++++ frame_probe ID: 1084 receives a frame at time 0.555578s ++++
counter results at time ++++ frame_probe ID: 1090 receives a frame at time 5600.56 is 0
0.555835s ++++
backoff ID 11 is trigger by ACK frame means the last DATA frame is successfully acked. 
++++ backoff ID: 11 starts the 5th backoff. 
++++ backoff ID: 11 is expired at time 0.646033 s.  actual duration is: 0.090064s and the timer bias is 7.41482e-05s
the 100th message counter node3_acked has been visited 1 times  
++++ frame_probe ID: 1050 receives a frame at time 0.661311s ++++
++++ frame_probe ID: 1060 receives a frame at time 0.702371s ++++
++++ frame_probe ID: 1082 receives a frame at time 0.728023s ++++
++++ frame_probe ID: 1083 receives a frame at time 0.728065s ++++
++++ frame_probe ID: 1084 receives a frame at time 0.728099s ++++
counter results at time ++++ frame_probe ID: 5600.731090 receives a frame at time  is 0
0.72815s ++++
backoff ID 11 is trigger by ACK frame means the last DATA frame is successfully acked. 
++++ backoff ID: 11 starts the 5th backoff. 
++++ backoff ID: 11 is expired at time 0.860298 s.  actual duration is: 0.132021s and the timer bias is 6.50883e-05s
the 100th message counter node3_acked has been visited 2 times  
++++ frame_probe ID: 1050 receives a frame at time 0.875561s ++++
++++ frame_probe ID: 1060 receives a frame at time 0.916506s ++++
measurement 1/5 complete in 17 second(s).
INFO: Detected an invalid packet at item 96
INFO: Parser returned #f
++++ frame_probe ID: 1082 receives a frame at time 0.949328s ++++
++++ frame_probe ID: 1083 receives a frame at time 0.949382s ++++
++++ frame_probe ID: 1084 receives a frame at time 0.949404s ++++
++++ frame_probe ID: 1090 receives a frame at time 0.94945s ++++
counter results at time 5600.95 is 0
backoff ID 11 is trigger by ACK frame means the last DATA frame is successfully acked. 
++++ backoff ID: 11 starts the 5th backoff. 
++++ backoff ID: 11 is expired at time 1.00959 s.  actual duration is: 0.0600052s and the timer bias is 6.50883e-05s
the 100th message counter node3_acked has been visited 3 times  
++++ frame_probe ID: 1050 receives a frame at time 1.02489s ++++
++++ frame_probe ID: 1060 receives a frame at time 1.0658s ++++
INFO: Detected an invalid packet at item 160
INFO: Parser returned #f
++++ frame_probe ID: 1082 receives a frame at time 1.09284s ++++
++++ frame_probe ID: 1084 receives a frame at time 1.0929s ++++
counter results at time 5601.09 is 0
++++ frame_probe ID: 1090 receives a frame at time 1.09295s ++++
backoff ID 11 is trigger by ACK frame means the last DATA frame is successfully acked. 
++++ frame_probe ID: 1083 receives a frame at time 1.09302s ++++
++++ backoff ID: 11 starts the 5th backoff. 
++++ backoff ID: 11 is expired at time 1.09308 s.  actual duration is: 1.09673e-05s and the timer bias is 6.50883e-05s
the 100th message counter node3_acked has been visited 4 times  
++++ frame_probe ID: 1050 receives a frame at time 1.10829s ++++
++++ frame_probe ID: 1060 receives a frame at time 1.14923s ++++
++++ frame_probe ID: 1082 receives a frame at time 1.17009s ++++
++++ frame_probe ID: 1083 receives a frame at time 1.17013s ++++
++++ frame_probe ID: 1084 receives a frame at time 1.17015s ++++
counter results at time ++++ frame_probe ID: 1090 receives a frame at time 5601.17 is 0
1.1702s ++++
backoff ID 11 is trigger by ACK frame means the last DATA frame is successfully acked. 
++++ backoff ID: 11 starts the 5th backoff. 
++++ backoff ID: 11 is expired at time 1.32031 s.  actual duration is: 0.150012s and the timer bias is 6.69956e-05s
the 100th message counter node3_acked has been visited 5 times  
++++ frame_probe ID: 1050 receives a frame at time 1.33556s ++++
++++ frame_probe ID: 1060 receives a frame at time 1.37673s ++++
INFO: Detected an invalid packet at item 256
INFO: Parser returned #f
++++ frame_probe ID: 1082 receives a frame at time 1.40128s ++++
++++ frame_probe ID: 1083 receives a frame at time 1.40132s ++++
++++ frame_probe ID: 1084 receives a frame at time 1.40136s ++++
counter results at time 5601.4 is 0
++++ frame_probe ID: 1090 receives a frame at time 1.40139s ++++
backoff ID 11 is trigger by ACK frame means the last DATA frame is successfully acked. 
++++ backoff ID: 11 starts the 5th backoff. 
++++ backoff ID: 11 is expired at time 1.45558 s.  actual duration is: 0.054075s and the timer bias is 7.00951e-05s
the 100th message counter node3_acked has been visited 6 times  
++++ frame_probe ID: 1050 receives a frame at time 1.47077s ++++
++++ frame_probe ID: 1060 receives a frame at time 1.51152s ++++
INFO: Detected an invalid packet at item 320
INFO: Parser returned #f
INFO: Detected an invalid packet at item 352
INFO: Parser returned #f
++++ frame_probe ID: 1082 receives a frame at time 1.53527s ++++
++++ frame_probe ID: 1083 receives a frame at time 1.53531s ++++
++++ frame_probe ID: 1084 receives a frame at time 1.53535s ++++
counter results at time ++++ frame_probe ID: 1090 receives a frame at time 5601.54 is 0
1.53539s ++++
backoff ID 11 is trigger by ACK frame means the last DATA frame is successfully acked. 
++++ backoff ID: 11 starts the 5th backoff. 
++++ backoff ID: 11 is expired at time 1.72156 s.  actual duration is: 0.186061s and the timer bias is 6.29425e-05s
the 100th message counter node3_acked has been visited 7 times  
++++ frame_probe ID: 1050 receives a frame at time 1.73689s ++++
++++ frame_probe ID: 1060 receives a frame at time 1.77764s ++++
INFO: Detected an invalid packet at item 416
INFO: Parser returned #f
++++ frame_probe ID: 1082 receives a frame at time 1.80337s ++++
++++ frame_probe ID: 1083 receives a frame at time 1.8034s ++++
++++ frame_probe ID: 1084 receives a frame at time 1.80342s ++++
counter results at time ++++ frame_probe ID: 1090 receives a frame at time 5601.81.80347 is s ++++
0
backoff ID 11 is trigger by ACK frame means the last DATA frame is successfully acked. 
++++ backoff ID: 11 starts the 5th backoff. 
++++ backoff ID: 11 is expired at time 1.82165 s.  actual duration is: 0.018055s and the timer bias is 6.29425e-05s
the 100th message counter node3_acked has been visited 8 times  
++++ frame_probe ID: 1050 receives a frame at time 1.83692s ++++
++++ frame_probe ID: 1060 receives a frame at time 1.878s ++++
INFO: Detected an invalid packet at item 480
INFO: Parser returned #f
INFO: Detected an invalid packet at item 512
INFO: Parser returned #f
++++ frame_probe ID: 1082 receives a frame at time 1.90855s ++++
++++ frame_probe ID: 1083 receives a frame at time 1.90859s ++++
++++ frame_probe ID: 1084 receives a frame at time 1.90865s ++++
counter results at time ++++ frame_probe ID: 1090 receives a frame at time 1.908685601.91s ++++
 is 0
backoff ID 11 is trigger by ACK frame means the last DATA frame is successfully acked. 
++++ backoff ID: 11 starts the 5th backoff. 
++++ backoff ID: 11 is expired at time 1.92083 s.  actual duration is: 0.0120349s and the timer bias is 6.29425e-05s
the 100th message counter node3_acked has been visited 9 times  
++++ frame_probe ID: 1050 receives a frame at time 1.93602s ++++
measurement 1/5 complete in 16 second(s).
++++ frame_probe ID: 1060 receives a frame at time 1.97673s ++++
INFO: Detected an invalid packet at item 576
INFO: Parser returned #f
++++ frame_probe ID: 1082 receives a frame at time 2.00464s ++++
++++ frame_probe ID: 1083 receives a frame at time 2.00468s ++++
++++ frame_probe ID: 1084 receives a frame at time 2.00478s ++++
counter results at time ++++ frame_probe ID: 1090 receives a frame at time 5602 is 0
2.00481s ++++
backoff ID 11 is trigger by ACK frame means the last DATA frame is successfully acked. 
++++ backoff ID: 11 starts the 5th backoff. 
++++ backoff ID: 11 is expired at time 2.01095 s.  actual duration is: 0.00605488s and the timer bias is 6.79493e-05s
the 100th message counter node3_acked has been visited 10 times  
++++ frame_probe ID: 1050 receives a frame at time 2.02621s ++++
