Measurement 1/4 complete in 5 second(s).
linux; GNU C++ version 5.4.0 20160609; Boost_105800; UHD_003.009.005-45-g6768a615
linux; GNU C++ version 5.4.0 20160609; Boost_105800; UHD_003.009.005-45-g6768a615


Using Volk machine: avx_64_mmx
-- Opening a USRP2/N-Series device...
Using Volk machine: avx_64_mmx
-- Opening a USRP2/N-Series device...
-- Current recv frame size: 1472 bytes
-- Current send frame size: 1472 bytes
-- Current recv frame size: 1472 bytes
-- Current send frame size: 1472 bytes
Measurement 1/4 complete in 4 second(s).
the 100th message counter is activated.
the 100th message counter is activated.
Measurement 1/4 complete in 3 second(s).
node starts running at 47.9573
node starts running at 47.9579
++++ frame_probe ID: 850 receives a frame at time 48.0003s ++++
INFO: Detected an invalid packet at item 0
INFO: Parser returned #f
++++ frame_probe ID: 860 receives a frame at time 48.0412s ++++
++++ frame_probe ID: 850 receives a frame at time 48.1762s ++++
INFO: Detected an invalid packet at item 64
INFO: Parser returned #f
++++ frame_probe ID: 860 receives a frame at time 48.217s ++++
++++ frame_probe ID: 850 receives a frame at time 48.3521s ++++
INFO: Detected an invalid packet at item 128
INFO: Parser returned #f
++++ frame_probe ID: 860 receives a frame at time 48.3931s ++++
Measurement 1/4 complete in 2 second(s).
++++ frame_probe ID: 850 receives a frame at time 48.5529s ++++
INFO: Detected an invalid packet at item 192
INFO: Parser returned #f
++++ frame_probe ID: 860 receives a frame at time 48.5938s ++++
++++ frame_probe ID: 850 receives a frame at time 48.799s ++++
INFO: Detected an invalid packet at item 256
INFO: Parser returned #f
++++ frame_probe ID: 860 receives a frame at time 48.8398s ++++
++++ frame_probe ID: 850 receives a frame at time 49.0594s ++++
INFO: Detected an invalid packet at item 320
INFO: Parser returned #f
++++ frame_probe ID: 860 receives a frame at time 49.1004s ++++
++++ frame_probe ID: 850 receives a frame at time 49.5352s ++++
Measurement 1/4 complete in 1 second(s).
INFO: Detected an invalid packet at item 384
INFO: Parser returned #f
++++ frame_probe ID: 860 receives a frame at time 49.576s ++++
++++ frame_probe ID: 850 receives a frame at time 49.7057s ++++
INFO: Detected an invalid packet at item 448
INFO: Parser returned #f
++++ frame_probe ID: 860 receives a frame at time 49.7466s ++++
++++ frame_probe ID: 850 receives a frame at time 49.8867s ++++
INFO: Detected an invalid packet at item 512
INFO: Parser returned #f
++++ frame_probe ID: 860 receives a frame at time 49.9277s ++++
++++ frame_probe ID: 850 receives a frame at time 50.0876s ++++
INFO: Detected an invalid packet at item 576
INFO: Parser returned #f
++++ frame_probe ID: 860 receives a frame at time 50.1285s ++++
++++ frame_probe ID: 850 receives a frame at time 50.3036s ++++
INFO: Detected an invalid packet at item 640
INFO: Parser returned #f
++++ frame_probe ID: 860 receives a frame at time 50.3445s ++++
Measurement 1 raw data directory created /home/inets/0_ba/bachelor_thesis/measurements/debug/data/82/1/.
'/home/inets/source/gr-inets/results/sender_bfr_dq.txt' -> '/home/inets/0_ba/bachelor_thesis/measurements/debug/data/82/1/sender_bfr_dq.txt'
'/home/inets/source/gr-inets/results/sender_data_sent.txt' -> '/home/inets/0_ba/bachelor_thesis/measurements/debug/data/82/1/sender_data_sent.txt'
Measurement 1 raw data moved to /home/inets/0_ba/bachelor_thesis/measurements/debug/data/82/1/.

Measurement 2/4 complete in 5 second(s).
linux; GNU C++ version 5.4.0 20160609; Boost_105800; UHD_003.009.005-45-g6768a615

linux; GNU C++ version 5.4.0 20160609; Boost_105800; UHD_003.009.005-45-g6768a615

Using Volk machine: avx_64_mmx
-- Opening a USRP2/N-Series device...
Using Volk machine: avx_64_mmx
-- Opening a USRP2/N-Series device...
-- Current recv frame size: 1472 bytes
-- Current send frame size: 1472 bytes
-- Current recv frame size: 1472 bytes
-- Current send frame size: 1472 bytes
Measurement 2/4 complete in 4 second(s).
the 100th message counter is activated.
the 100th message counter is activated.
Measurement 2/4 complete in 3 second(s).
node starts running at 52.9177
node starts running at 52.9261
++++ frame_probe ID: 850 receives a frame at time 52.9908s ++++
INFO: Detected an invalid packet at item 0
INFO: Parser returned #f
++++ frame_probe ID: 860 receives a frame at time 53.032s ++++
++++ frame_probe ID: 850 receives a frame at time 53.1624s ++++
INFO: Detected an invalid packet at item 64
INFO: Parser returned #f
++++ frame_probe ID: 860 receives a frame at time 53.2034s ++++
++++ frame_probe ID: 850 receives a frame at time 53.3485s ++++
INFO: Detected an invalid packet at item 128
INFO: Parser returned #f
++++ frame_probe ID: 860 receives a frame at time 53.3894s ++++
++++ frame_probe ID: 850 receives a frame at time 53.5195s ++++
INFO: Detected an invalid packet at item 192
INFO: Parser returned #f
Measurement 2/4 complete in 2 second(s).
++++ frame_probe ID: 860 receives a frame at time 53.5603s ++++
++++ frame_probe ID: 850 receives a frame at time 53.7654s ++++
INFO: Detected an invalid packet at item 256
INFO: Parser returned #f
++++ frame_probe ID: 860 receives a frame at time 53.8062s ++++
++++ frame_probe ID: 850 receives a frame at time 53.9663s ++++
INFO: Detected an invalid packet at item 320
INFO: Parser returned #f
++++ frame_probe ID: 860 receives a frame at time 54.0072s ++++
++++ frame_probe ID: 850 receives a frame at time 54.1372s ++++
INFO: Detected an invalid packet at item 384
INFO: Parser returned #f
++++ frame_probe ID: 860 receives a frame at time 54.1781s ++++
++++ frame_probe ID: 850 receives a frame at time 54.3129s ++++
INFO: Detected an invalid packet at item 448
INFO: Parser returned #f
++++ frame_probe ID: 860 receives a frame at time 54.3537s ++++
++++ frame_probe ID: 850 receives a frame at time 54.499s ++++
INFO: Detected an invalid packet at item 512
INFO: Parser returned #f
++++ frame_probe ID: 860 receives a frame at time 54.54s ++++
Measurement 2/4 complete in 1 second(s).
++++ frame_probe ID: 850 receives a frame at time 54.685s ++++
INFO: Detected an invalid packet at item 576
INFO: Parser returned #f
++++ frame_probe ID: 860 receives a frame at time 54.726s ++++
++++ frame_probe ID: 850 receives a frame at time 54.916s ++++
INFO: Detected an invalid packet at item 640
INFO: Parser returned #f
++++ frame_probe ID: 860 receives a frame at time 54.9571s ++++
++++ frame_probe ID: 850 receives a frame at time 55.1122s ++++
INFO: Detected an invalid packet at item 704
INFO: Parser returned #f
++++ frame_probe ID: 860 receives a frame at time 55.1531s ++++
++++ frame_probe ID: 850 receives a frame at time 55.3485s ++++
INFO: Detected an invalid packet at item 768
INFO: Parser returned #f
++++ frame_probe ID: 860 receives a frame at time 55.39s ++++
++++ frame_probe ID: 850 receives a frame at time 55.5198s ++++
INFO: Detected an invalid packet at item 832
INFO: Parser returned #f
Measurement 2 raw data directory created /home/inets/0_ba/bachelor_thesis/measurements/debug/data/82/2/.
'/home/inets/source/gr-inets/results/sender_bfr_dq.txt' -> '/home/inets/0_ba/bachelor_thesis/measurements/debug/data/82/2/sender_bfr_dq.txt'
'/home/inets/source/gr-inets/results/sender_data_sent.txt' -> '/home/inets/0_ba/bachelor_thesis/measurements/debug/data/82/2/sender_data_sent.txt'
Measurement 2 raw data moved to /home/inets/0_ba/bachelor_thesis/measurements/debug/data/82/2/.

Measurement 3/4 complete in 5 second(s).
linux; GNU C++ version 5.4.0 20160609; Boost_105800; UHD_003.009.005-45-g6768a615
linux; GNU C++ version 5.4.0 20160609; Boost_105800; UHD_003.009.005-45-g6768a615


Using Volk machine: avx_64_mmx
-- Opening a USRP2/N-Series device...
Using Volk machine: avx_64_mmx
-- Opening a USRP2/N-Series device...
-- Current recv frame size: 1472 bytes
-- Current send frame size: 1472 bytes
-- Current recv frame size: 1472 bytes
-- Current send frame size: 1472 bytes
Measurement 3/4 complete in 4 second(s).
the 100th message counter is activated.
the 100th message counter is activated.
Measurement 3/4 complete in 3 second(s).
node starts running at 57.9348
node starts running at 57.9394
++++ frame_probe ID: 850 receives a frame at time 57.972s ++++
INFO: Detected an invalid packet at item 0
INFO: Parser returned #f
++++ frame_probe ID: 860 receives a frame at time 58.0131s ++++
++++ frame_probe ID: 850 receives a frame at time 58.1477s ++++
INFO: Detected an invalid packet at item 64
INFO: Parser returned #f
++++ frame_probe ID: 860 receives a frame at time 58.1886s ++++
++++ frame_probe ID: 850 receives a frame at time 58.3289s ++++
INFO: Detected an invalid packet at item 128
INFO: Parser returned #f
++++ frame_probe ID: 860 receives a frame at time 58.3697s ++++
++++ frame_probe ID: 850 receives a frame at time 58.535s ++++
INFO: Detected an invalid packet at item 192
INFO: Parser returned #f
Measurement 3/4 complete in 2 second(s).
++++ frame_probe ID: 860 receives a frame at time 58.5758s ++++
++++ frame_probe ID: 850 receives a frame at time 58.7811s ++++
INFO: Detected an invalid packet at item 256
INFO: Parser returned #f
++++ frame_probe ID: 860 receives a frame at time 58.8222s ++++
++++ frame_probe ID: 850 receives a frame at time 58.9973s ++++
INFO: Detected an invalid packet at item 320
INFO: Parser returned #f
++++ frame_probe ID: 860 receives a frame at time 59.0383s ++++
++++ frame_probe ID: 850 receives a frame at time 59.3983s ++++
INFO: Detected an invalid packet at item 384
INFO: Parser returned #f
++++ frame_probe ID: 860 receives a frame at time 59.4392s ++++
Measurement 3/4 complete in 1 second(s).
++++ frame_probe ID: 850 receives a frame at time 59.5689s ++++
INFO: Detected an invalid packet at item 448
INFO: Parser returned #f
++++ frame_probe ID: 860 receives a frame at time 59.6098s ++++
++++ frame_probe ID: 850 receives a frame at time 59.7448s ++++
INFO: Detected an invalid packet at item 512
INFO: Parser returned #f
++++ frame_probe ID: 860 receives a frame at time 59.7858s ++++
++++ frame_probe ID: 850 receives a frame at time 59.9509s ++++
INFO: Detected an invalid packet at item 576
INFO: Parser returned #f
++++ frame_probe ID: 860 receives a frame at time 59.9918s ++++
++++ frame_probe ID: 850 receives a frame at time 60.182s ++++
INFO: Detected an invalid packet at item 640
INFO: Parser returned #f
++++ frame_probe ID: 860 receives a frame at time 60.223s ++++
++++ frame_probe ID: 850 receives a frame at time 60.5033s ++++
INFO: Detected an invalid packet at item 704
INFO: Parser returned #f
++++ frame_probe ID: 860 receives a frame at time 60.5443s ++++
Measurement 3 raw data directory created /home/inets/0_ba/bachelor_thesis/measurements/debug/data/82/3/.
'/home/inets/source/gr-inets/results/sender_bfr_dq.txt' -> '/home/inets/0_ba/bachelor_thesis/measurements/debug/data/82/3/sender_bfr_dq.txt'
'/home/inets/source/gr-inets/results/sender_data_sent.txt' -> '/home/inets/0_ba/bachelor_thesis/measurements/debug/data/82/3/sender_data_sent.txt'
Measurement 3 raw data moved to /home/inets/0_ba/bachelor_thesis/measurements/debug/data/82/3/.

Measurement 4/4 complete in 5 second(s).
linux; GNU C++ version 5.4.0 20160609; Boost_105800; UHD_003.009.005-45-g6768a615
linux; GNU C++ version 5.4.0 20160609; Boost_105800; UHD_003.009.005-45-g6768a615


Using Volk machine: avx_64_mmx
-- Opening a USRP2/N-Series device...
Using Volk machine: avx_64_mmx
-- Opening a USRP2/N-Series device...
-- Current recv frame size: 1472 bytes
-- Current send frame size: 1472 bytes
-- Current recv frame size: 1472 bytes
-- Current send frame size: 1472 bytes
Measurement 4/4 complete in 4 second(s).
the 100th message counter is activated.
the 100th message counter is activated.
Measurement 4/4 complete in 3 second(s).
node starts running at 62.9576
node starts running at 62.9773
++++ frame_probe ID: 850 receives a frame at time 63.1766s ++++
INFO: Detected an invalid packet at item 0
INFO: Parser returned #f
++++ frame_probe ID: 860 receives a frame at time 63.2179s ++++
++++ frame_probe ID: 850 receives a frame at time 63.3479s ++++
INFO: Detected an invalid packet at item 64
INFO: Parser returned #f
++++ frame_probe ID: 860 receives a frame at time 63.3888s ++++
++++ frame_probe ID: 850 receives a frame at time 63.5192s ++++
INFO: Detected an invalid packet at item 128
INFO: Parser returned #f
++++ frame_probe ID: 860 receives a frame at time 63.56s ++++
Measurement 4/4 complete in 2 second(s).
++++ frame_probe ID: 850 receives a frame at time 63.705s ++++
INFO: Detected an invalid packet at item 192
INFO: Parser returned #f
++++ frame_probe ID: 860 receives a frame at time 63.7459s ++++
++++ frame_probe ID: 850 receives a frame at time 63.906s ++++
INFO: Detected an invalid packet at item 256
INFO: Parser returned #f
++++ frame_probe ID: 860 receives a frame at time 63.947s ++++
++++ frame_probe ID: 850 receives a frame at time 64.1868s ++++
INFO: Detected an invalid packet at item 320
INFO: Parser returned #f
++++ frame_probe ID: 860 receives a frame at time 64.2276s ++++
Measurement 4/4 complete in 1 second(s).
++++ frame_probe ID: 850 receives a frame at time 64.6578s ++++
INFO: Detected an invalid packet at item 384
INFO: Parser returned #f
++++ frame_probe ID: 860 receives a frame at time 64.6987s ++++
++++ frame_probe ID: 850 receives a frame at time 64.829s ++++
INFO: Detected an invalid packet at item 448
INFO: Parser returned #f
++++ frame_probe ID: 860 receives a frame at time 64.8699s ++++
++++ frame_probe ID: 850 receives a frame at time 65s ++++
INFO: Detected an invalid packet at item 512
INFO: Parser returned #f
++++ frame_probe ID: 860 receives a frame at time 65.0409s ++++
++++ frame_probe ID: 850 receives a frame at time 65.1859s ++++
INFO: Detected an invalid packet at item 576
INFO: Parser returned #f
++++ frame_probe ID: 860 receives a frame at time 65.2272s ++++
++++ frame_probe ID: 850 receives a frame at time 65.3673s ++++
INFO: Detected an invalid packet at item 640
INFO: Parser returned #f
++++ frame_probe ID: 860 receives a frame at time 65.4082s ++++
Measurement 4 raw data directory created /home/inets/0_ba/bachelor_thesis/measurements/debug/data/82/4/.
'/home/inets/source/gr-inets/results/sender_bfr_dq.txt' -> '/home/inets/0_ba/bachelor_thesis/measurements/debug/data/82/4/sender_bfr_dq.txt'
'/home/inets/source/gr-inets/results/sender_data_sent.txt' -> '/home/inets/0_ba/bachelor_thesis/measurements/debug/data/82/4/sender_data_sent.txt'
Measurement 4 raw data moved to /home/inets/0_ba/bachelor_thesis/measurements/debug/data/82/4/.

Now processing results...
Plotting Python should be: python3 (UBUNTU).
Hello from throughput.py!
Hello from variables.py!
Hello from rtt.py!
Hello from variables.py!

+--------------------------------------------------------------+
| Plotting completed. Until the next measurement session then! |
+--------------------------------------------------------------+
