Measurement 1/2 complete in 4 second(s).
linux; GNU C++ version 5.4.0 20160609; Boost_105800; UHD_003.009.005-45-g6768a615
linux; GNU C++ version 5.4.0 20160609; Boost_105800; UHD_003.009.005-45-g6768a615


Using Volk machine: avx_64_mmx
-- Opening a USRP2/N-Series device...
Using Volk machine: avx_64_mmx
-- Opening a USRP2/N-Series device...
-- Current recv frame size: 1472 bytes
-- Current send frame size: 1472 bytes
-- Current recv frame size: 1472 bytes
-- Current send frame size: 1472 bytes
Measurement 1/2 complete in 3 second(s).
develop_mode of random_filter ID: 1015 is activated.
the 100th message counter is activated.
the 880th message counter is activated.
the 100th message counter is activated.
Measurement 1/2 complete in 2 second(s).
node starts running at 43.6926
node starts running at 43.6981
++++ frame_probe ID: 850 receives a frame at time 43.7213s ++++
++++ frame_probe ID: 860 receives a frame at time 43.7627s ++++
++++ frame_probe ID: 1010 receives a frame at time 43.7731s ++++
generated random number is++++ frame_probe ID: 1018 receives a frame at time 0.876299 and the threshold is 1. good luck. 
43.7732s ++++
INFO: Detected an invalid packet at item 0
INFO: Parser returned #f
++++ frame_probe ID: 882 receives a frame at time 43.7981s ++++
++++ frame_probe ID: 883 receives a frame at time 43.7981s ++++
++++ frame_probe ID: 890 receives a frame at time 43.7982s ++++
the 100th message counter  has been visited 1 times  
++++ frame_probe ID: 850 receives a frame at time 43.9046s ++++
++++ frame_probe ID: 860 receives a frame at time 43.9456s ++++
INFO: Detected an invalid packet at item 64
INFO: Parser returned #f
++++ frame_probe ID: 1010 receives a frame at time 43.9555s ++++
generated random number is0.582255 and the threshold is 1. good luck. 
++++ frame_probe ID: 1018 receives a frame at time 43.9556s ++++
INFO: Detected an invalid packet at item 96
INFO: Parser returned #f
++++ frame_probe ID: 882 receives a frame at time 43.9795s ++++
++++ frame_probe ID: 883 receives a frame at time 43.9795s ++++
++++ frame_probe ID: 890 receives a frame at time 43.9796s ++++
the 100th message counter  has been visited 2 times  
++++ frame_probe ID: 850 receives a frame at time 44.07s ++++
++++ frame_probe ID: 860 receives a frame at time 44.1108s ++++
++++ frame_probe ID: 1010 receives a frame at time 44.1178s ++++
generated random number is0.344267 and the threshold is 1. good luck. 
++++ frame_probe ID: 1018 receives a frame at time 44.1179s ++++
INFO: Detected an invalid packet at item 160
INFO: Parser returned #f
INFO: Detected an invalid packet at item 192
INFO: Parser returned #f
INFO: Detected an invalid packet at item 224
INFO: Parser returned #f
++++ frame_probe ID: 882 receives a frame at time 44.1421s ++++
++++ frame_probe ID: 883 receives a frame at time 44.1422s ++++
++++ frame_probe ID: 890 receives a frame at time 44.1422s ++++
the 100th message counter  has been visited 3 times  
++++ frame_probe ID: 850 receives a frame at time 44.2177s ++++
++++ frame_probe ID: 860 receives a frame at time 44.2585s ++++
++++ frame_probe ID: 1010 receives a frame at time 44.2623s ++++
generated random number is++++ frame_probe ID: 1018 receives a frame at time 0.820641 and the threshold is 44.26241s ++++. good luck. 

INFO: Detected an invalid packet at item 288
INFO: Parser returned #f
++++ frame_probe ID: 882 receives a frame at time 44.2862s ++++
Measurement 1/2 complete in 1 second(s).
++++ frame_probe ID: 883 receives a frame at time 44.2862s ++++
++++ frame_probe ID: 890 receives a frame at time 44.2863s ++++
the 100th message counter  has been visited 4 times  
++++ frame_probe ID: 850 receives a frame at time 44.4017s ++++
++++ frame_probe ID: 860 receives a frame at time 44.4427s ++++
++++ frame_probe ID: 1010 receives a frame at time 44.4547s ++++
generated random number is++++ frame_probe ID: 1018 receives a frame at time 0.61303744.4548 and the threshold is s ++++
1. good luck. 
INFO: Detected an invalid packet at item 352
INFO: Parser returned #f
++++ frame_probe ID: 882 receives a frame at time 44.4787s ++++
++++ frame_probe ID: 883 receives a frame at time 44.4788s ++++
++++ frame_probe ID: 890 receives a frame at time 44.4788s ++++
the 100th message counter  has been visited 5 times  
++++ frame_probe ID: 850 receives a frame at time 44.5623s ++++
++++ frame_probe ID: 860 receives a frame at time 44.6032s ++++
++++ frame_probe ID: 1010 receives a frame at time 44.6079s ++++
generated random number is++++ frame_probe ID: 1018 receives a frame at time 0.310913 and the threshold is 1. good luck. 
44.608s ++++
INFO: Detected an invalid packet at item 416
INFO: Parser returned #f
++++ frame_probe ID: 882 receives a frame at time 44.632s ++++
++++ frame_probe ID: 883 receives a frame at time 44.632s ++++
++++ frame_probe ID: 890 receives a frame at time 44.6321s ++++
the 100th message counter  has been visited 6 times  
++++ frame_probe ID: 850 receives a frame at time 44.7094s ++++
++++ frame_probe ID: 860 receives a frame at time 44.7503s ++++
INFO: Detected an invalid packet at item 480
INFO: Parser returned #f
++++ frame_probe ID: 1010 receives a frame at time 44.7613s ++++
generated random number is0.407336 and the threshold is ++++ frame_probe ID: 11018. good luck.  receives a frame at time 
44.7613s ++++
INFO: Detected an invalid packet at item 512
INFO: Parser returned #f
++++ frame_probe ID: 882 receives a frame at time 44.7853s ++++
++++ frame_probe ID: 883 receives a frame at time 44.7854s ++++
++++ frame_probe ID: 890 receives a frame at time 44.7854s ++++
the 100th message counter  has been visited 7 times  
++++ frame_probe ID: 850 receives a frame at time 44.8577s ++++
++++ frame_probe ID: 860 receives a frame at time 44.8987s ++++
++++ frame_probe ID: 1010 receives a frame at time 44.9057s ++++
generated random number is++++ frame_probe ID: 0.0719705 and the threshold is 1018 receives a frame at time 1. good luck. 
44.9058s ++++
INFO: Detected an invalid packet at item 576
INFO: Parser returned #f
INFO: Detected an invalid packet at item 608
INFO: Parser returned #f
++++ frame_probe ID: 882 receives a frame at time 44.9301s ++++
++++ frame_probe ID: 883 receives a frame at time 44.9302s ++++
++++ frame_probe ID: 890 receives a frame at time 44.9302s ++++
the 100th message counter  has been visited 8 times  
++++ frame_probe ID: 850 receives a frame at time 45.0276s ++++
++++ frame_probe ID: 860 receives a frame at time 45.0684s ++++
INFO: Detected an invalid packet at item 672
INFO: Parser returned #f
++++ frame_probe ID: 1010 receives a frame at time 45.0779s ++++
generated random number is0.514044 and the threshold is ++++ frame_probe ID: 1. good luck. 
1018 receives a frame at time 45.078s ++++
INFO: Detected an invalid packet at item 704
INFO: Parser returned #f
++++ frame_probe ID: 882 receives a frame at time 45.102s ++++
++++ frame_probe ID: 883 receives a frame at time 45.102s ++++
++++ frame_probe ID: 890 receives a frame at time 45.1021s ++++
the 100th message counter  has been visited 9 times  
++++ frame_probe ID: 850 receives a frame at time 45.1845s ++++
++++ frame_probe ID: 860 receives a frame at time 45.2254s ++++
++++ frame_probe ID: 1010 receives a frame at time 45.2313s ++++
generated random number is++++ frame_probe ID: 0.828013 and the threshold is 1018 receives a frame at time 1. good luck. 
45.2314s ++++
INFO: Detected an invalid packet at item 768
INFO: Parser returned #f
++++ frame_probe ID: 882 receives a frame at time 45.2554s ++++
++++ frame_probe ID: 883 receives a frame at time 45.2555s ++++
++++ frame_probe ID: 890 receives a frame at time 45.2556s ++++
Measurement 1 raw data directory created /home/inets/0_ba/bachelor_thesis/measurements/debug/data/99/1/.
'/home/inets/source/gr-inets/results/ack_not_filtered.txt' -> '/home/inets/0_ba/bachelor_thesis/measurements/debug/data/99/1/ack_not_filtered.txt'
'/home/inets/source/gr-inets/results/receiver_data_received.txt' -> '/home/inets/0_ba/bachelor_thesis/measurements/debug/data/99/1/receiver_data_received.txt'
'/home/inets/source/gr-inets/results/sender_ack_received.txt' -> '/home/inets/0_ba/bachelor_thesis/measurements/debug/data/99/1/sender_ack_received.txt'
'/home/inets/source/gr-inets/results/sender_bfr_dq.txt' -> '/home/inets/0_ba/bachelor_thesis/measurements/debug/data/99/1/sender_bfr_dq.txt'
'/home/inets/source/gr-inets/results/sender_data_sent.txt' -> '/home/inets/0_ba/bachelor_thesis/measurements/debug/data/99/1/sender_data_sent.txt'
Measurement 1 raw data moved to /home/inets/0_ba/bachelor_thesis/measurements/debug/data/99/1/.

Measurement 2/2 complete in 4 second(s).
linux; GNU C++ version 5.4.0 20160609; Boost_105800; UHD_003.009.005-45-g6768a615
linux; GNU C++ version 5.4.0 20160609; Boost_105800; UHD_003.009.005-45-g6768a615


Using Volk machine: avx_64_mmx
-- Opening a USRP2/N-Series device...
Using Volk machine: avx_64_mmx
-- Opening a USRP2/N-Series device...
-- Current recv frame size: 1472 bytes
-- Current send frame size: 1472 bytes
-- Current recv frame size: 1472 bytes
-- Current send frame size: 1472 bytes
Measurement 2/2 complete in 3 second(s).
develop_mode of random_filter ID: 1015 is activated.
the 880th message counter is activated.
the 100th message counter is activated.
the 100th message counter is activated.
Measurement 2/2 complete in 2 second(s).
node starts running at 47.7008
node starts running at 47.7017
++++ frame_probe ID: 850 receives a frame at time 47.7315s ++++
++++ frame_probe ID: 860 receives a frame at time 47.7729s ++++
++++ frame_probe ID: 1010 receives a frame at time 47.7773s ++++
generated random number is++++ frame_probe ID: 0.5348841018 receives a frame at time  and the threshold is 1. good luck. 
47.7774s ++++
INFO: Detected an invalid packet at item 0
INFO: Parser returned #f
++++ frame_probe ID: 882 receives a frame at time 47.7979s ++++
++++ frame_probe ID: 883 receives a frame at time 47.798s ++++
++++ frame_probe ID: 890 receives a frame at time 47.7981s ++++
the 100th message counter  has been visited 1 times  
++++ frame_probe ID: 850 receives a frame at time 47.8734s ++++
++++ frame_probe ID: 860 receives a frame at time 47.9144s ++++
++++ frame_probe ID: 1010 receives a frame at time 47.9204s ++++
generated random number is0.913621 and the threshold is 1. good luck. 
++++ frame_probe ID: 1018 receives a frame at time 47.9205s ++++
INFO: Detected an invalid packet at item 64
INFO: Parser returned #f
++++ frame_probe ID: 882 receives a frame at time 47.9412s ++++
++++ frame_probe ID: 883 receives a frame at time 47.9412s ++++
++++ frame_probe ID: 890 receives a frame at time 47.9413s ++++
the 100th message counter  has been visited 2 times  
++++ frame_probe ID: 850 receives a frame at time 48.0366s ++++
++++ frame_probe ID: 860 receives a frame at time 48.0775s ++++
++++ frame_probe ID: 1010 receives a frame at time 48.0838s ++++
generated random number is++++ frame_probe ID: 1018 receives a frame at time 0.77682 and the threshold is 1. good luck. 
48.0839s ++++
INFO: Detected an invalid packet at item 128
INFO: Parser returned #f
INFO: Detected an invalid packet at item 160
INFO: Parser returned #f
++++ frame_probe ID: 882 receives a frame at time 48.1043s ++++
++++ frame_probe ID: 883 receives a frame at time 48.1044s ++++
++++ frame_probe ID: 890 receives a frame at time 48.1045s ++++
the 100th message counter  has been visited 3 times  
++++ frame_probe ID: 850 receives a frame at time 48.1949s ++++
++++ frame_probe ID: 860 receives a frame at time 48.2357s ++++
++++ frame_probe ID: 1010 receives a frame at time 48.247s ++++
generated random number is0.889352 and the threshold is 1. good luck. 
++++ frame_probe ID: 1018 receives a frame at time 48.2471s ++++
INFO: Detected an invalid packet at item 224
INFO: Parser returned #f
++++ frame_probe ID: 882 receives a frame at time 48.2677s ++++
++++ frame_probe ID: 883 receives a frame at time 48.2677s ++++
++++ frame_probe ID: 890 receives a frame at time 48.2678s ++++
Measurement 2/2 complete in 1 second(s).
the 100th message counter  has been visited 4 times  
++++ frame_probe ID: 850 receives a frame at time 48.3731s ++++
++++ frame_probe ID: 860 receives a frame at time 48.4139s ++++
++++ frame_probe ID: 1010 receives a frame at time 48.4195s ++++
generated random number is++++ frame_probe ID: 1018 receives a frame at time 0.588882 and the threshold is 1. good luck. 
48.4196s ++++
INFO: Detected an invalid packet at item 288
INFO: Parser returned #f
INFO: Detected an invalid packet at item 320
INFO: Parser returned #f
++++ frame_probe ID: 882 receives a frame at time 48.441s ++++
++++ frame_probe ID: 883 receives a frame at time 48.4411s ++++
++++ frame_probe ID: 890 receives a frame at time 48.4411s ++++
the 100th message counter  has been visited 5 times  
++++ frame_probe ID: 850 receives a frame at time 48.5535s ++++
++++ frame_probe ID: 860 receives a frame at time 48.5944s ++++
++++ frame_probe ID: 1010 receives a frame at time 48.602s ++++
generated random number is0.381635 and the threshold is ++++ frame_probe ID: 11018. good luck.  receives a frame at time 
48.6021s ++++
INFO: Detected an invalid packet at item 384
INFO: Parser returned #f
++++ frame_probe ID: 882 receives a frame at time 48.6235s ++++
++++ frame_probe ID: 883 receives a frame at time 48.6236s ++++
++++ frame_probe ID: 890 receives a frame at time 48.6236s ++++
the 100th message counter  has been visited 6 times  
++++ frame_probe ID: 850 receives a frame at time 48.721s ++++
++++ frame_probe ID: 860 receives a frame at time 48.7621s ++++
++++ frame_probe ID: 1010 receives a frame at time 48.7654s ++++
generated random number is0.375445 and the threshold is 1. good luck. 
++++ frame_probe ID: 1018 receives a frame at time 48.7656s ++++
INFO: Detected an invalid packet at item 448
INFO: Parser returned #f
INFO: Detected an invalid packet at item 480
INFO: Parser returned #f
++++ frame_probe ID: 882 receives a frame at time 48.7862s ++++
++++ frame_probe ID: 883 receives a frame at time 48.7862s ++++
++++ frame_probe ID: 890 receives a frame at time 48.7863s ++++
the 100th message counter  has been visited 7 times  
++++ frame_probe ID: 850 receives a frame at time 48.8997s ++++
++++ frame_probe ID: 860 receives a frame at time 48.9411s ++++
++++ frame_probe ID: 1010 receives a frame at time 48.9479s ++++
generated random number is++++ frame_probe ID: 1018 receives a frame at time 0.90619848.948 and the threshold is s ++++
1. good luck. 
INFO: Detected an invalid packet at item 544
INFO: Parser returned #f
INFO: Detected an invalid packet at item 576
INFO: Parser returned #f
++++ frame_probe ID: 882 receives a frame at time 48.9695s ++++
++++ frame_probe ID: 883 receives a frame at time 48.9695s ++++
++++ frame_probe ID: 890 receives a frame at time 48.9696s ++++
the 100th message counter  has been visited 8 times  
++++ frame_probe ID: 850 receives a frame at time 49.0429s ++++
++++ frame_probe ID: 860 receives a frame at time 49.0842s ++++
++++ frame_probe ID: 1010 receives a frame at time 49.0911s ++++
generated random number is++++ frame_probe ID: 1018 receives a frame at time 0.523835 and the threshold is 1. good luck. 
49.0912s ++++
INFO: Detected an invalid packet at item 640
INFO: Parser returned #f
INFO: Detected an invalid packet at item 672
INFO: Parser returned #f
INFO: Detected an invalid packet at item 704
INFO: Parser returned #f
++++ frame_probe ID: 882 receives a frame at time 49.1127s ++++
++++ frame_probe ID: 883 receives a frame at time 49.1128s ++++
++++ frame_probe ID: 890 receives a frame at time 49.1128s ++++
the 100th message counter  has been visited 9 times  
++++ frame_probe ID: 850 receives a frame at time 49.1822s ++++
++++ frame_probe ID: 860 receives a frame at time 49.2231s ++++
INFO: Detected an invalid packet at item 768
INFO: Parser returned #f
++++ frame_probe ID: 1010 receives a frame at time 49.2354s ++++
generated random number is0.187506 and the threshold is 1. good luck. 
++++ frame_probe ID: 1018 receives a frame at time 49.2355s ++++
INFO: Detected an invalid packet at item 800
INFO: Parser returned #f
++++ frame_probe ID: 882 receives a frame at time 49.257s ++++
++++ frame_probe ID: 883 receives a frame at time 49.257s ++++
++++ frame_probe ID: 890 receives a frame at time 49.2571s ++++
Measurement 2 raw data directory created /home/inets/0_ba/bachelor_thesis/measurements/debug/data/99/2/.
'/home/inets/source/gr-inets/results/ack_not_filtered.txt' -> '/home/inets/0_ba/bachelor_thesis/measurements/debug/data/99/2/ack_not_filtered.txt'
'/home/inets/source/gr-inets/results/receiver_data_received.txt' -> '/home/inets/0_ba/bachelor_thesis/measurements/debug/data/99/2/receiver_data_received.txt'
'/home/inets/source/gr-inets/results/sender_ack_received.txt' -> '/home/inets/0_ba/bachelor_thesis/measurements/debug/data/99/2/sender_ack_received.txt'
'/home/inets/source/gr-inets/results/sender_bfr_dq.txt' -> '/home/inets/0_ba/bachelor_thesis/measurements/debug/data/99/2/sender_bfr_dq.txt'
'/home/inets/source/gr-inets/results/sender_data_sent.txt' -> '/home/inets/0_ba/bachelor_thesis/measurements/debug/data/99/2/sender_data_sent.txt'
Measurement 2 raw data moved to /home/inets/0_ba/bachelor_thesis/measurements/debug/data/99/2/.

Now processing results...
Plotting Python should be: python3 (UBUNTU).
Hello from rtt.py!
Hello from variables.py!
data_sent: 1500296543.721340
data_sent: 1500296543.904620
data_sent: 1500296544.069987
data_sent: 1500296544.217678
data_sent: 1500296544.401716
data_sent: 1500296544.562277
data_sent: 1500296544.709428
data_sent: 1500296544.857728
data_sent: 1500296545.027587
data_sent: 1500296545.184473
ack_received: 1500296543.798224
ack_received: 1500296543.979610
ack_received: 1500296544.142232
ack_received: 1500296544.286331
ack_received: 1500296544.478841
ack_received: 1500296544.632083
ack_received: 1500296544.785419
ack_received: 1500296544.930230
ack_received: 1500296545.102121
ack_received: 1500296545.255582
File /home/inets/0_ba/bachelor_thesis/measurements/debug/data/99/1/sender_retransmissions.txt not found.                 Assuming not reached in GR. Creating data for you...

The resulting RTTs of this single measurement are:
[0.07688, 0.07499, 0.07224, 0.06865, 0.07713, 0.06981, 0.07599, 0.0725, 0.07453, 0.07111]



The resulting mean RTT of this single measurement is:
0.073383


