measurement 1/2 complete in 5 second(s).
linux; GNU C++ version 5.4.0 20160609; Boost_105800; UHD_003.009.005-45-g6768a615
linux; GNU C++ version 5.4.0 20160609; Boost_105800; UHD_003.009.005-45-g6768a615


Using Volk machine: avx_64_mmx
-- Opening a USRP2/N-Series device...
Using Volk machine: avx_64_mmx
-- Opening a USRP2/N-Series device...
-- Current recv frame size: 1472 bytes
-- Current send frame size: 1472 bytes
-- Current recv frame size: 1472 bytes
-- Current send frame size: 1472 bytes
measurement 1/2 complete in 4 second(s).
develop mode of resend_check ID: 24 is activated.
develop mode of resend_check ID: 24 is activated.
the 100th message counter is activated.
the 880th message counter is activated.
the 100th message counter is activated.
measurement 1/2 complete in 3 second(s).
node starts running at 35.1041
node starts running at 35.1086
++++ frame_probe ID: 1050 receives a frame at time 35.1338s ++++
++++ frame_probe ID: 1060 receives a frame at time 35.1753s ++++
++++ frame_probe ID: 882 receives a frame at time 35.1801s ++++
++++ frame_probe ID: 883 receives a frame at time 35.1802s ++++
++++ frame_probe ID: 884 receives a frame at time 35.1802s ++++
++++ frame_probe ID: 890 receives a frame at time 35.1803s ++++
++++ frame_probe ID: 860 receives a frame at time 35.1957s ++++
++++ frame_probe ID: 882 receives a frame at time 35.1997s ++++
++++ frame_probe ID: 1082 receives a frame at time 35.2071s ++++
++++ frame_probe ID: 1083 receives a frame at time 35.2072s ++++
++++ frame_probe ID: 1084 receives a frame at time 35.2072s ++++
counter ID 880 results at time ++++ frame_probe ID: 1090 receives a frame at time 3835.21 is 0
35.2073s ++++
the 100th message counter node3_acked has been visited 1 times  
++++ frame_probe ID: 1050 receives a frame at time 35.2928s ++++
++++ frame_probe ID: 1060 receives a frame at time 35.3338s ++++
++++ frame_probe ID: ++++ frame_probe ID: 882883 receives a frame at time  receives a frame at time 35.3425s ++++
35.3425s ++++
++++ frame_probe ID: 884 receives a frame at time 35.3425s ++++
++++ frame_probe ID: 890 receives a frame at time 35.3426s ++++
++++ frame_probe ID: 860 receives a frame at time 35.3578s ++++
++++ frame_probe ID: 882 receives a frame at time 35.3626s ++++
++++ frame_probe ID: 1082 receives a frame at time 35.3698s ++++
++++ frame_probe ID: 1083 receives a frame at time 35.3698s ++++
++++ frame_probe ID: 1084 receives a frame at time 35.3698s ++++
counter ID 880 results at time 3835.37 is 0
++++ frame_probe ID: 1090 receives a frame at time 35.3699s ++++
the 100th message counter node3_acked has been visited 2 times  
++++ frame_probe ID: 1050 receives a frame at time 35.4961s ++++
++++ frame_probe ID: 1060 receives a frame at time 35.5369s ++++
++++ frame_probe ID: 882 receives a frame at time 35.5449s ++++
++++ frame_probe ID: 883 receives a frame at time 35.545s ++++
++++ frame_probe ID: 884 receives a frame at time 35.545s ++++
++++ frame_probe ID: 890 receives a frame at time 35.545s ++++
++++ frame_probe ID: 860 receives a frame at time 35.5603s ++++
++++ frame_probe ID: 882 receives a frame at time 35.5643s ++++
++++ frame_probe ID: 1082 receives a frame at time 35.5717s ++++
++++ frame_probe ID: 1083 receives a frame at time 35.5718s ++++
++++ frame_probe ID: 1085 receives a frame at time 35.5718s ++++
a data frame with index 2 from node: 3 has been transmitted 1th time
++++ frame_probe ID: 1050 receives a frame at time 35.6716s ++++
measurement 1/2 complete in 2 second(s).
++++ frame_probe ID: 1060 receives a frame at time 35.7124s ++++
++++ frame_probe ID: 882 receives a frame at time 35.7174s ++++
++++ frame_probe ID: 883 receives a frame at time 35.7174s ++++
++++ frame_probe ID: 884 receives a frame at time 35.7175s ++++
++++ frame_probe ID: 890 receives a frame at time 35.7175s ++++
++++ frame_probe ID: 860 receives a frame at time 35.7328s ++++
++++ frame_probe ID: 882 receives a frame at time 35.7365s ++++
INFO: Detected an invalid packet at item 96
INFO: Parser returned #f
a data frame with index 2 from node: 3 has been transmitted 2th time
++++ frame_probe ID: 1050 receives a frame at time 35.8478s ++++
++++ frame_probe ID: 1060 receives a frame at time 35.8886s ++++
++++ frame_probe ID: 882 receives a frame at time 35.8997s ++++
++++ frame_probe ID: 883 receives a frame at time 35.8997s ++++
++++ frame_probe ID: 884 receives a frame at time 35.8997s ++++
++++ frame_probe ID: 890 receives a frame at time 35.8998s ++++
++++ frame_probe ID: 860 receives a frame at time 35.9149s ++++
++++ frame_probe ID: 882 receives a frame at time 35.919s ++++
++++ frame_probe ID: 1082 receives a frame at time 35.9263s ++++
++++ frame_probe ID: 1083 receives a frame at time 35.9264s ++++
++++ frame_probe ID: 1084 receives a frame at time 35.9264s ++++
counter ID 880 results at time 3835.93 is 2
++++ frame_probe ID: 1090 receives a frame at time 35.9265s ++++
the 100th message counter node3_acked has been visited 3 times  
++++ frame_probe ID: 1050 receives a frame at time 36.0359s ++++
++++ frame_probe ID: 1060 receives a frame at time 36.0767s ++++
++++ frame_probe ID: 882 receives a frame at time 36.0821s ++++
++++ frame_probe ID: 883 receives a frame at time 36.0821s ++++
++++ frame_probe ID: 884 receives a frame at time 36.0821s ++++
++++ frame_probe ID: 890 receives a frame at time 36.0822s ++++
++++ frame_probe ID: 860 receives a frame at time 36.0973s ++++
++++ frame_probe ID: 882 receives a frame at time 36.1015s ++++
++++ frame_probe ID: 1082 receives a frame at time 36.1088s ++++
++++ frame_probe ID: 1083 receives a frame at time 36.1089s ++++
++++ frame_probe ID: 1084 receives a frame at time 36.1089s ++++
counter ID 880 results at time 3836.11 is 0
++++ frame_probe ID: 1090 receives a frame at time 36.1089s ++++
the 100th message counter node3_acked has been visited 4 times  
++++ frame_probe ID: 1050 receives a frame at time 36.1843s ++++
++++ frame_probe ID: 1060 receives a frame at time 36.2251s ++++
++++ frame_probe ID: 882 receives a frame at time 36.2353s ++++
++++ frame_probe ID: 883 receives a frame at time 36.2354s ++++
++++ frame_probe ID: 884 receives a frame at time 36.2354s ++++
++++ frame_probe ID: 890 receives a frame at time 36.2355s ++++
++++ frame_probe ID: 860 receives a frame at time 36.2506s ++++
++++ frame_probe ID: 882 receives a frame at time 36.255s ++++
++++ frame_probe ID: 1082 receives a frame at time 36.2622s ++++
++++ frame_probe ID: 1083 receives a frame at time 36.2622s ++++
++++ frame_probe ID: 1084 receives a frame at time 36.2622s ++++
counter ID 880 results at time 3836.26 is ++++ frame_probe ID: 0
1090 receives a frame at time 36.2623s ++++
the 100th message counter node3_acked has been visited 5 times  
++++ frame_probe ID: 1050 receives a frame at time 36.3546s ++++
++++ frame_probe ID: 1060 receives a frame at time 36.3954s ++++
++++ frame_probe ID: 882 receives a frame at time 36.3987s ++++
++++ frame_probe ID: 883 receives a frame at time 36.3988s ++++
++++ frame_probe ID: 884 receives a frame at time 36.3988s ++++
++++ frame_probe ID: 890 receives a frame at time 36.3989s ++++
++++ frame_probe ID: 860 receives a frame at time 36.4141s ++++
++++ frame_probe ID: 882 receives a frame at time 36.4181s ++++
++++ frame_probe ID: 1082 receives a frame at time 36.4255s ++++
++++ frame_probe ID: 1083 receives a frame at time 36.4255s ++++
++++ frame_probe ID: 1084 receives a frame at time 36.4256s ++++
counter ID 880 results at time 3836.43 is 0
++++ frame_probe ID: 1090 receives a frame at time 36.4256s ++++
the 100th message counter node3_acked has been visited 6 times  
++++ frame_probe ID: 1050 receives a frame at time 36.519s ++++
++++ frame_probe ID: 1060 receives a frame at time 36.5597s ++++
++++ frame_probe ID: 882 receives a frame at time 36.5718s ++++
++++ frame_probe ID: 883 receives a frame at time 36.5719s ++++
++++ frame_probe ID: 884 receives a frame at time 36.5719s ++++
++++ frame_probe ID: 890 receives a frame at time 36.5719s ++++
++++ frame_probe ID: 860 receives a frame at time 36.5871s ++++
++++ frame_probe ID: 882 receives a frame at time 36.5914s ++++
++++ frame_probe ID: 1082 receives a frame at time 36.5979s ++++
++++ frame_probe ID: 1083 receives a frame at time 36.598s ++++
++++ frame_probe ID: 1085 receives a frame at time 36.598s ++++
a data frame with index 6 from node: 3 has been transmitted 1th time
++++ frame_probe ID: 1050 receives a frame at time 36.6944s ++++
measurement 1/2 complete in 1 second(s).
++++ frame_probe ID: 1060 receives a frame at time 36.7351s ++++
++++ frame_probe ID: 882 receives a frame at time 36.7444s ++++
++++ frame_probe ID: 883 receives a frame at time 36.7445s ++++
++++ frame_probe ID: 884 receives a frame at time 36.7445s ++++
++++ frame_probe ID: 890 receives a frame at time 36.7445s ++++
++++ frame_probe ID: 860 receives a frame at time 36.7597s ++++
++++ frame_probe ID: 882 receives a frame at time 36.7638s ++++
++++ frame_probe ID: 1082 receives a frame at time 36.7703s ++++
++++ frame_probe ID: 1083 receives a frame at time 36.7704s ++++
++++ frame_probe ID: 1085 receives a frame at time 36.7704s ++++
a data frame with index 6 from node: 3 has been transmitted 2th time
++++ frame_probe ID: 1050 receives a frame at time 36.8701s ++++
++++ frame_probe ID: 1060 receives a frame at time 36.911s ++++
++++ frame_probe ID: 882 receives a frame at time 36.917s ++++
++++ frame_probe ID: 883 receives a frame at time 36.9171s ++++
++++ frame_probe ID: 884 receives a frame at time 36.9171s ++++
++++ frame_probe ID: 890 receives a frame at time 36.9171s ++++
++++ frame_probe ID: 860 receives a frame at time 36.9323s ++++
++++ frame_probe ID: 882 receives a frame at time 36.9372s ++++
++++ frame_probe ID: 1082 receives a frame at time 36.9437s ++++
++++ frame_probe ID: 1083 receives a frame at time 36.9437s ++++
++++ frame_probe ID: 1084 receives a frame at time 36.9438s ++++
counter ID 880 results at time 3836.94 is 2
++++ frame_probe ID: 1090 receives a frame at time 36.9438s ++++
the 100th message counter node3_acked has been visited 7 times  
++++ frame_probe ID: 1050 receives a frame at time 37.0432s ++++
++++ frame_probe ID: 1060 receives a frame at time 37.084s ++++
++++ frame_probe ID: 882 receives a frame at time 37.0901s ++++
++++ frame_probe ID: 883 receives a frame at time 37.0902s ++++
++++ frame_probe ID: 884 receives a frame at time 37.0902s ++++
++++ frame_probe ID: 890 receives a frame at time 37.0903s ++++
++++ frame_probe ID: 860 receives a frame at time 37.1053s ++++
++++ frame_probe ID: 882 receives a frame at time 37.1097s ++++
++++ frame_probe ID: 1082 receives a frame at time 37.116s ++++
++++ frame_probe ID: 1083 receives a frame at time 37.1161s ++++
++++ frame_probe ID: 1084 receives a frame at time 37.1161s ++++
counter ID 880 results at time 3837.12 is 0
++++ frame_probe ID: 1090 receives a frame at time 37.1161s ++++
the 100th message counter node3_acked has been visited 8 times  
++++ frame_probe ID: 1050 receives a frame at time 37.2246s ++++
++++ frame_probe ID: 1060 receives a frame at time 37.2654s ++++
++++ frame_probe ID: 882 receives a frame at time 37.2717s ++++
++++ frame_probe ID: 883 receives a frame at time 37.2718s ++++
++++ frame_probe ID: 884 receives a frame at time 37.2718s ++++
++++ frame_probe ID: 890 receives a frame at time 37.2718s ++++
++++ frame_probe ID: 860 receives a frame at time 37.2871s ++++
++++ frame_probe ID: 882 receives a frame at time 37.291s ++++
++++ frame_probe ID: 1082 receives a frame at time 37.2984s ++++
++++ frame_probe ID: 1083 receives a frame at time 37.2985s ++++
++++ frame_probe ID: 1084 receives a frame at time 37.2985s ++++
counter ID 880 results at time ++++ frame_probe ID: 1090 receives a frame at time 37.2986s ++++
3837.3 is 0
the 100th message counter node3_acked has been visited 9 times  
++++ frame_probe ID: 1050 receives a frame at time 37.3899s ++++
++++ frame_probe ID: 1060 receives a frame at time 37.4306s ++++
++++ frame_probe ID: 882 receives a frame at time 37.4355s ++++
++++ frame_probe ID: 883 receives a frame at time 37.4356s ++++
++++ frame_probe ID: 884 receives a frame at time 37.4356s ++++
++++ frame_probe ID: 890 receives a frame at time 37.4356s ++++
++++ frame_probe ID: 860 receives a frame at time 37.4508s ++++
++++ frame_probe ID: 882 receives a frame at time 37.4547s ++++
INFO: Detected an invalid packet at item 416
INFO: Parser returned #f
a data frame with index 9 from node: 3 has been transmitted 1th time
++++ frame_probe ID: 1050 receives a frame at time 37.5606s ++++
++++ frame_probe ID: 1060 receives a frame at time 37.6015s ++++
++++ frame_probe ID: 882 receives a frame at time 37.6075s ++++
++++ frame_probe ID: 883 receives a frame at time 37.6075s ++++
++++ frame_probe ID: 884 receives a frame at time 37.6076s ++++
++++ frame_probe ID: 890 receives a frame at time 37.6076s ++++
++++ frame_probe ID: 860 receives a frame at time 37.6228s ++++
++++ frame_probe ID: 882 receives a frame at time 37.627s ++++
++++ frame_probe ID: 1082 receives a frame at time 37.6344s ++++
++++ frame_probe ID: 1083 receives a frame at time 37.6345s ++++
++++ frame_probe ID: 1085 receives a frame at time 37.6345s ++++
measurement 1 raw data directory created /home/inets/0_ba/bachelor_thesis/measurements/debug/data/152/1/.
'/home/inets/source/gr-inets/results/receiver_ack_sent.txt' -> '/home/inets/0_ba/bachelor_thesis/measurements/debug/data/152/1/receiver_ack_sent.txt'
'/home/inets/source/gr-inets/results/receiver_data_received.txt' -> '/home/inets/0_ba/bachelor_thesis/measurements/debug/data/152/1/receiver_data_received.txt'
'/home/inets/source/gr-inets/results/receiver_frame_anlyzed.txt' -> '/home/inets/0_ba/bachelor_thesis/measurements/debug/data/152/1/receiver_frame_anlyzed.txt'
'/home/inets/source/gr-inets/results/receiver_frame_checked_good.txt' -> '/home/inets/0_ba/bachelor_thesis/measurements/debug/data/152/1/receiver_frame_checked_good.txt'
'/home/inets/source/gr-inets/results/receiver_frame_received.txt' -> '/home/inets/0_ba/bachelor_thesis/measurements/debug/data/152/1/receiver_frame_received.txt'
'/home/inets/source/gr-inets/results/sender_ack_received.txt' -> '/home/inets/0_ba/bachelor_thesis/measurements/debug/data/152/1/sender_ack_received.txt'
'/home/inets/source/gr-inets/results/sender_bfr_dq.txt' -> '/home/inets/0_ba/bachelor_thesis/measurements/debug/data/152/1/sender_bfr_dq.txt'
'/home/inets/source/gr-inets/results/sender_data_sent.txt' -> '/home/inets/0_ba/bachelor_thesis/measurements/debug/data/152/1/sender_data_sent.txt'
'/home/inets/source/gr-inets/results/sender_frame_anlyzed.txt' -> '/home/inets/0_ba/bachelor_thesis/measurements/debug/data/152/1/sender_frame_anlyzed.txt'
'/home/inets/source/gr-inets/results/sender_frame_checked_bad.txt' -> '/home/inets/0_ba/bachelor_thesis/measurements/debug/data/152/1/sender_frame_checked_bad.txt'
'/home/inets/source/gr-inets/results/sender_frame_checked_good.txt' -> '/home/inets/0_ba/bachelor_thesis/measurements/debug/data/152/1/sender_frame_checked_good.txt'
'/home/inets/source/gr-inets/results/sender_frame_received.txt' -> '/home/inets/0_ba/bachelor_thesis/measurements/debug/data/152/1/sender_frame_received.txt'
'/home/inets/source/gr-inets/results/sender_retransmissions.txt' -> '/home/inets/0_ba/bachelor_thesis/measurements/debug/data/152/1/sender_retransmissions.txt'
measurement 1 raw data moved to /home/inets/0_ba/bachelor_thesis/measurements/debug/data/152/1/.

measurement 2/2 complete in 5 second(s).
linux; GNU C++ version 5.4.0 20160609; Boost_105800; UHD_003.009.005-45-g6768a615
linux; GNU C++ version 5.4.0 20160609; Boost_105800; UHD_003.009.005-45-g6768a615


Using Volk machine: avx_64_mmx
-- Opening a USRP2/N-Series device...
Using Volk machine: avx_64_mmx
-- Opening a USRP2/N-Series device...
-- Current recv frame size: 1472 bytes
-- Current send frame size: 1472 bytes
-- Current recv frame size: 1472 bytes
-- Current send frame size: 1472 bytes
measurement 2/2 complete in 4 second(s).
develop mode of resend_check ID: 24 is activated.
develop mode of resend_check ID: 24 is activated.
the 880th message counter is activated.
the 100th message counter is activated.
the 100th message counter is activated.
measurement 2/2 complete in 3 second(s).
node starts running at 40.0702
node starts running at 40.0963
++++ frame_probe ID: 1050 receives a frame at time 40.1204s ++++
++++ frame_probe ID: 1060 receives a frame at time 40.1616s ++++
++++ frame_probe ID: 882 receives a frame at time 40.1665s ++++
++++ frame_probe ID: 883 receives a frame at time 40.1666s ++++
++++ frame_probe ID: 885 receives a frame at time 40.1666s ++++
a data frame with index 0 from node: 3 has been transmitted 1th time
++++ frame_probe ID: 1050 receives a frame at time 40.2915s ++++
++++ frame_probe ID: 1060 receives a frame at time 40.3322s ++++
++++ frame_probe ID: 882 receives a frame at time 40.3378s ++++
++++ frame_probe ID: 883 receives a frame at time 40.3378s ++++
++++ frame_probe ID: 885 receives a frame at time 40.3379s ++++
a data frame with index 0 from node: 3 has been transmitted 2th time
++++ frame_probe ID: 1050 receives a frame at time 40.4618s ++++
++++ frame_probe ID: 1060 receives a frame at time 40.5028s ++++
++++ frame_probe ID: 882 receives a frame at time 40.5112s ++++
++++ frame_probe ID: 883 receives a frame at time 40.5113s ++++
++++ frame_probe ID: 885 receives a frame at time 40.5113s ++++
a data frame with index 0 from node: 3 has been transmitted 3th time
++++ frame_probe ID: 1050 receives a frame at time 40.6582s ++++
++++ frame_probe ID: 1060 receives a frame at time 40.6991s ++++
++++ frame_probe ID: 882 receives a frame at time 40.7029s ++++
++++ frame_probe ID: 883 receives a frame at time 40.703s ++++
++++ frame_probe ID: 885 receives a frame at time 40.703s ++++
measurement 2/2 complete in 2 second(s).
a data frame with index 0 from node: 3 has been transmitted 4th time
++++ frame_probe ID: 1050 receives a frame at time 40.8989s ++++
++++ frame_probe ID: 1060 receives a frame at time 40.9398s ++++
++++ frame_probe ID: 882 receives a frame at time 40.9432s ++++
++++ frame_probe ID: 883 receives a frame at time 40.9432s ++++
++++ frame_probe ID: 885 receives a frame at time 40.9432s ++++
a data frame with index 0 from node: 3 has been transmitted 5th time
++++ frame_probe ID: 1050 receives a frame at time 41.0947s ++++
++++ frame_probe ID: 1060 receives a frame at time 41.1356s ++++
++++ frame_probe ID: 882 receives a frame at time 41.1446s ++++
++++ frame_probe ID: 883 receives a frame at time 41.1447s ++++
++++ frame_probe ID: 885 receives a frame at time 41.1447s ++++
frame: 0 from node: 3 is dropped because its max retransmission counter is reached. 
counter ID 880 results at time 3841.45 is 5
++++ frame_probe ID: 1050 receives a frame at time 41.4706s ++++
++++ frame_probe ID: 1060 receives a frame at time 41.5115s ++++
++++ frame_probe ID: 882 receives a frame at time 41.5194s ++++
++++ frame_probe ID: 883 receives a frame at time 41.5195s ++++
++++ frame_probe ID: 885 receives a frame at time 41.5195s ++++
a data frame with index 1 from node: 3 has been transmitted 1th time
++++ frame_probe ID: 1050 receives a frame at time 41.6466s ++++
++++ frame_probe ID: 1060 receives a frame at time 41.6875s ++++
++++ frame_probe ID: 882 receives a frame at time 41.6919s ++++
++++ frame_probe ID: 883 receives a frame at time 41.692s ++++
++++ frame_probe ID: 885 receives a frame at time 41.692s ++++
measurement 2/2 complete in 1 second(s).
a data frame with index 1 from node: 3 has been transmitted 2th time
++++ frame_probe ID: 1050 receives a frame at time 41.8274s ++++
++++ frame_probe ID: 1060 receives a frame at time 41.8687s ++++
++++ frame_probe ID: 882 receives a frame at time 41.8742s ++++
++++ frame_probe ID: 883 receives a frame at time 41.8742s ++++
++++ frame_probe ID: 885 receives a frame at time 41.8743s ++++
a data frame with index 1 from node: 3 has been transmitted 3th time
++++ frame_probe ID: 1050 receives a frame at time 42.0038s ++++
++++ frame_probe ID: 1060 receives a frame at time 42.0447s ++++
++++ frame_probe ID: 882 receives a frame at time 42.0568s ++++
++++ frame_probe ID: 883 receives a frame at time 42.0568s ++++
++++ frame_probe ID: 885 receives a frame at time 42.0568s ++++
a data frame with index 1 from node: 3 has been transmitted 4th time
++++ frame_probe ID: 1050 receives a frame at time 42.2001s ++++
++++ frame_probe ID: 1060 receives a frame at time 42.241s ++++
++++ frame_probe ID: 882 receives a frame at time 42.2491s ++++
++++ frame_probe ID: 883 receives a frame at time 42.2491s ++++
++++ frame_probe ID: 885 receives a frame at time 42.2492s ++++
a data frame with index 1 from node: 3 has been transmitted 5th time
++++ frame_probe ID: 1050 receives a frame at time 42.5261s ++++
++++ frame_probe ID: 1060 receives a frame at time 42.5672s ++++
++++ frame_probe ID: 882 receives a frame at time 42.5749s ++++
++++ frame_probe ID: 883 receives a frame at time 42.5749s ++++
++++ frame_probe ID: 884 receives a frame at time 42.575s ++++
++++ frame_probe ID: 890 receives a frame at time 42.5751s ++++
++++ frame_probe ID: 860 receives a frame at time 42.5904s ++++
++++ frame_probe ID: 882 receives a frame at time 42.5944s ++++
INFO: Detected an invalid packet at item 0
INFO: Parser returned #f
measurement 2 raw data directory created /home/inets/0_ba/bachelor_thesis/measurements/debug/data/152/2/.
'/home/inets/source/gr-inets/results/receiver_ack_sent.txt' -> '/home/inets/0_ba/bachelor_thesis/measurements/debug/data/152/2/receiver_ack_sent.txt'
'/home/inets/source/gr-inets/results/receiver_data_received.txt' -> '/home/inets/0_ba/bachelor_thesis/measurements/debug/data/152/2/receiver_data_received.txt'
'/home/inets/source/gr-inets/results/receiver_frame_anlyzed.txt' -> '/home/inets/0_ba/bachelor_thesis/measurements/debug/data/152/2/receiver_frame_anlyzed.txt'
'/home/inets/source/gr-inets/results/receiver_frame_checked_bad.txt' -> '/home/inets/0_ba/bachelor_thesis/measurements/debug/data/152/2/receiver_frame_checked_bad.txt'
'/home/inets/source/gr-inets/results/receiver_frame_checked_good.txt' -> '/home/inets/0_ba/bachelor_thesis/measurements/debug/data/152/2/receiver_frame_checked_good.txt'
'/home/inets/source/gr-inets/results/receiver_frame_received.txt' -> '/home/inets/0_ba/bachelor_thesis/measurements/debug/data/152/2/receiver_frame_received.txt'
'/home/inets/source/gr-inets/results/sender_bfr_dq.txt' -> '/home/inets/0_ba/bachelor_thesis/measurements/debug/data/152/2/sender_bfr_dq.txt'
'/home/inets/source/gr-inets/results/sender_data_sent.txt' -> '/home/inets/0_ba/bachelor_thesis/measurements/debug/data/152/2/sender_data_sent.txt'
'/home/inets/source/gr-inets/results/sender_retransmissions.txt' -> '/home/inets/0_ba/bachelor_thesis/measurements/debug/data/152/2/sender_retransmissions.txt'
measurement 2 raw data moved to /home/inets/0_ba/bachelor_thesis/measurements/debug/data/152/2/.

now processing results...
plotting python should be: python3 (ubuntu).
Hello from rtt.py!
hello from variables.py!
data_sent: 1500393835.133842
data_sent: 1500393835.292836
data_sent: 1500393835.496098
data_sent: 1500393835.671592
data_sent: 1500393835.847822
data_sent: 1500393836.035852
data_sent: 1500393836.184306
data_sent: 1500393836.354631
data_sent: 1500393836.518990
data_sent: 1500393836.694395
data_sent: 1500393836.870148
data_sent: 1500393837.043211
data_sent: 1500393837.224573
data_sent: 1500393837.389896
data_sent: 1500393837.560568
ack_received: 1500393835.207325
ack_received: 1500393835.369881
ack_received: 1500393835.926458
ack_received: 1500393836.108939
ack_received: 1500393836.262280
ack_received: 1500393836.425636
ack_received: 1500393836.943825
ack_received: 1500393837.116142
ack_received: 1500393837.298559
retx: [0, 0, 2, 0, 0, 0, 2, 0, 0]

The resulting RTTs of this single measurement are:
[0.07348, 0.07704, 0.07309, 0.07797, 0.07101, 0.07293, 0.07399]



The resulting mean RTT of this single measurement is:
0.07421571428571427


abs. packet loss: 6.0
packet loss in %: 40.0%
data_sent: 1500393840.120445
data_sent: 1500393840.291467
data_sent: 1500393840.461830
data_sent: 1500393840.658238
data_sent: 1500393840.898853
data_sent: 1500393841.094738
data_sent: 1500393841.470619
data_sent: 1500393841.646621
data_sent: 1500393841.827420
data_sent: 1500393842.003807
data_sent: 1500393842.200076
data_sent: 1500393842.526066
File /home/inets/0_ba/bachelor_thesis/measurements/debug/data/152/2/sender_ack_received.txt not found.                 Assuming not reached in GR.
retx: [5]
Last data frame wasnt acked (max tries).                         Termintating calculation here.

The resulting RTTs of this single measurement are:
[]



The resulting mean RTT of this single measurement is:
100


abs. packet loss: 12.0
packet loss in %: 100.0%
[  7.42157143e-02   1.00000000e+02]
Hello from myplot.py!
I will print a pdf for you now!
Hello from myplot.py!
I will print a pdf for you now!
Hello from myplot.py!
I will print a pdf for you now!
Hello from myplot.py!
I will print a cdf for you now!
<a list of 1 Patch objects>
Hello from myplot.py!
I will print a cdf for you now!
<a list of 1 Patch objects>
Hello from myplot.py!
I will print a cdf for you now!
<a list of 1 Patch objects>
Hello from myplot.py!
I will print a boxplot for you now!
Hello from myplot.py!
I will print a boxplot for you now!
Hello from myplot.py!
I will print a boxplot for you now!
Hello from myplot.py!
I will print a bar for you now!
Hello from myplot.py!
I will print a bar for you now!
Hello from myplot.py!
I will print a bar for you now!
Hello from myplot.py!
I will print a line for you now!
Hello from myplot.py!
I will print a line for you now!
Hello from myplot.py!
I will print a line for you now!
