Measurement 1/2 complete in 4 second(s).
linux; GNU C++ version 5.4.0 20160609; Boost_105800; UHD_003.009.005-45-g6768a615
linux; GNU C++ version 5.4.0 20160609; Boost_105800; UHD_003.009.005-45-g6768a615


Using Volk machine: avx_64_mmx
-- Opening a USRP2/N-Series device...
Using Volk machine: avx_64_mmx
-- Opening a USRP2/N-Series device...
-- Current recv frame size: 1472 bytes
-- Current send frame size: 1472 bytes
-- Current recv frame size: 1472 bytes
-- Current send frame size: 1472 bytes
Measurement 1/2 complete in 3 second(s).
develop_mode of random_filter ID: 1015 is activated.
the 100th message counter is activated.
the 880th message counter is activated.
the 100th message counter is activated.
Measurement 1/2 complete in 2 second(s).
node starts running at 84.5859
node starts running at 84.5962
++++ frame_probe ID: 850 receives a frame at time 84.7403s ++++
++++ frame_probe ID: 860 receives a frame at time 84.7819s ++++
INFO: Detected an invalid packet at item 0
INFO: Parser returned #f
++++ frame_probe ID: 1010 receives a frame at time 84.7906s ++++
generated random number is++++ frame_probe ID: 1018 receives a frame at time 0.876365 and the threshold is 1. good luck. 
84.7907s ++++
INFO: Detected an invalid packet at item 32
INFO: Parser returned #f
++++ frame_probe ID: 882 receives a frame at time 84.8161s ++++
++++ frame_probe ID: 883 receives a frame at time 84.8161s ++++
++++ frame_probe ID: 890 receives a frame at time 84.8162s ++++
the 100th message counter  has been visited 1 times  
++++ frame_probe ID: 850 receives a frame at time 84.9147s ++++
++++ frame_probe ID: 860 receives a frame at time 84.9558s ++++
 at 5885.07 s
++++ frame_probe ID: 850 receives a frame at time 85.0907s ++++
++++ frame_probe ID: 860 receives a frame at time 85.1314s ++++
++++ frame_probe ID: 1010 receives a frame at time 85.1362s ++++
generated random number is0.625019 and the threshold is 1. good luck. 
++++ frame_probe ID: 1018 receives a frame at time 85.1363s ++++
INFO: Detected an invalid packet at item 96
INFO: Parser returned #f
++++ frame_probe ID: 882 receives a frame at time 85.1618s ++++
++++ frame_probe ID: 883 receives a frame at time 85.1618s ++++
++++ frame_probe ID: 890 receives a frame at time 85.1619s ++++
Measurement 1/2 complete in 1 second(s).
the 100th message counter  has been visited 2 times  
++++ frame_probe ID: 850 receives a frame at time 85.2682s ++++
++++ frame_probe ID: 860 receives a frame at time 85.309s ++++
INFO: Detected an invalid packet at item 160
INFO: Parser returned #f
++++ frame_probe ID: 1010 receives a frame at time 85.3187s ++++
generated random number is++++ frame_probe ID: 1018 receives a frame at time 0.135866 and the threshold is 1. good luck. 
85.3188s ++++
INFO: Detected an invalid packet at item 192
INFO: Parser returned #f
++++ frame_probe ID: 882 receives a frame at time 85.3442s ++++
++++ frame_probe ID: 883 receives a frame at time 85.3443s ++++
++++ frame_probe ID: 890 receives a frame at time 85.3443s ++++
the 100th message counter  has been visited 3 times  
++++ frame_probe ID: 850 receives a frame at time 85.4546s ++++
++++ frame_probe ID: 860 receives a frame at time 85.4954s ++++
++++ frame_probe ID: 1010 receives a frame at time 85.5011s ++++
generated random number is++++ frame_probe ID: 1018 receives a frame at time 0.782257 and the threshold is 1. good luck. 
85.5012s ++++
INFO: Detected an invalid packet at item 256
INFO: Parser returned #f
++++ frame_probe ID: 882 receives a frame at time 85.5268s ++++
++++ frame_probe ID: 883 receives a frame at time 85.5269s ++++
++++ frame_probe ID: 890 receives a frame at time 85.5269s ++++
the 100th message counter  has been visited 4 times  
++++ frame_probe ID: 850 receives a frame at time 85.6133s ++++
++++ frame_probe ID: 860 receives a frame at time 85.6541s ++++
INFO: Detected an invalid packet at item 320
INFO: Parser returned #f
++++ frame_probe ID: 1010 receives a frame at time 85.6645s ++++
generated random number is0.146777 and the threshold is ++++ frame_probe ID: 1. good luck. 
1018 receives a frame at time 85.6646s ++++
INFO: Detected an invalid packet at item 352
INFO: Parser returned #f
++++ frame_probe ID: 882 receives a frame at time 85.6901s ++++
++++ frame_probe ID: 883 receives a frame at time 85.6901s ++++
++++ frame_probe ID: 890 receives a frame at time 85.6903s ++++
the 100th message counter  has been visited 5 times  
++++ frame_probe ID: 850 receives a frame at time 85.7626s ++++
++++ frame_probe ID: 860 receives a frame at time 85.8033s ++++
++++ frame_probe ID: 1010 receives a frame at time 85.8077s ++++
generated random number is0.367369 and the threshold is ++++ frame_probe ID: 1. good luck. 1018 receives a frame at time 
85.8078s ++++
INFO: Detected an invalid packet at item 416
INFO: Parser returned #f
++++ frame_probe ID: 882 receives a frame at time 85.8341s ++++
++++ frame_probe ID: 883 receives a frame at time 85.8341s ++++
++++ frame_probe ID: 890 receives a frame at time 85.8342s ++++
the 100th message counter  has been visited 6 times  
++++ frame_probe ID: 850 receives a frame at time 85.9096s ++++
++++ frame_probe ID: 860 receives a frame at time 85.9504s ++++
++++ frame_probe ID: 1010 receives a frame at time 85.962s ++++
generated random number is++++ frame_probe ID: 1018 receives a frame at time 0.92317 and the threshold is 1. good luck. 
85.9621s ++++
INFO: Detected an invalid packet at item 480
INFO: Parser returned #f
++++ frame_probe ID: 882 receives a frame at time 85.9875s ++++
++++ frame_probe ID: 883 receives a frame at time 85.9876s ++++
++++ frame_probe ID: 890 receives a frame at time 85.9876s ++++
the 100th message counter  has been visited 7 times  
++++ frame_probe ID: 850 receives a frame at time 86.0779s ++++
++++ frame_probe ID: 860 receives a frame at time 86.1186s ++++
INFO: Detected an invalid packet at item 544
INFO: Parser returned #f
++++ frame_probe ID: 1010 receives a frame at time 86.1254s ++++
generated random number is0.566593 and the threshold is ++++ frame_probe ID: 1. good luck. 
1018 receives a frame at time 86.1255s ++++
INFO: Detected an invalid packet at item 576
INFO: Parser returned #f
++++ frame_probe ID: 882 receives a frame at time 86.151s ++++
++++ frame_probe ID: 883 receives a frame at time 86.1511s ++++
++++ frame_probe ID: 890 receives a frame at time 86.1512s ++++
Measurement 1 raw data directory created /home/inets/0_ba/bachelor_thesis/measurements/debug/data/95/1/.
'/home/inets/source/gr-inets/results/ack_not_filtered.txt' -> '/home/inets/0_ba/bachelor_thesis/measurements/debug/data/95/1/ack_not_filtered.txt'
'/home/inets/source/gr-inets/results/receiver_data_received.txt' -> '/home/inets/0_ba/bachelor_thesis/measurements/debug/data/95/1/receiver_data_received.txt'
'/home/inets/source/gr-inets/results/sender_ack_received.txt' -> '/home/inets/0_ba/bachelor_thesis/measurements/debug/data/95/1/sender_ack_received.txt'
'/home/inets/source/gr-inets/results/sender_bfr_dq.txt' -> '/home/inets/0_ba/bachelor_thesis/measurements/debug/data/95/1/sender_bfr_dq.txt'
'/home/inets/source/gr-inets/results/sender_data_sent.txt' -> '/home/inets/0_ba/bachelor_thesis/measurements/debug/data/95/1/sender_data_sent.txt'
Measurement 1 raw data moved to /home/inets/0_ba/bachelor_thesis/measurements/debug/data/95/1/.

Measurement 2/2 complete in 4 second(s).
linux; GNU C++ version 5.4.0 20160609; Boost_105800; UHD_003.009.005-45-g6768a615
linux; GNU C++ version 5.4.0 20160609; Boost_105800; UHD_003.009.005-45-g6768a615


Using Volk machine: avx_64_mmx
-- Opening a USRP2/N-Series device...
Using Volk machine: avx_64_mmx
-- Opening a USRP2/N-Series device...
-- Current recv frame size: 1472 bytes
-- Current send frame size: 1472 bytes
-- Current recv frame size: 1472 bytes
-- Current send frame size: 1472 bytes
Measurement 2/2 complete in 3 second(s).
develop_mode of random_filter ID: 1015 is activated.
the 100th message counter is activated.
the 880th message counter is activated.
the 100th message counter is activated.
Measurement 2/2 complete in 2 second(s).
node starts running at 88.5742
node starts running at 88.5824
++++ frame_probe ID: 850 receives a frame at time 88.7516s ++++
++++ frame_probe ID: 860 receives a frame at time 88.7926s ++++
++++ frame_probe ID: 1010 receives a frame at time 88.796s ++++
generated random number is++++ frame_probe ID: 0.0913536 and the threshold is 1018 receives a frame at time 1. good luck. 
88.7961s ++++
INFO: Detected an invalid packet at item 0
INFO: Parser returned #f
++++ frame_probe ID: 882 receives a frame at time 88.8171s ++++
++++ frame_probe ID: 883 receives a frame at time 88.8171s ++++
++++ frame_probe ID: 890 receives a frame at time 88.8172s ++++
the 100th message counter  has been visited 1 times  
++++ frame_probe ID: 850 receives a frame at time 88.9961s ++++
++++ frame_probe ID: 860 receives a frame at time 89.0371s ++++
++++ frame_probe ID: 1010 receives a frame at time 89.0461s ++++
generated random number is++++ frame_probe ID: 1018 receives a frame at time 0.389962 and the threshold is 1. good luck. 89.0462
s ++++
INFO: Detected an invalid packet at item 64
INFO: Parser returned #f
INFO: Detected an invalid packet at item 96
INFO: Parser returned #f
++++ frame_probe ID: 882 receives a frame at time 89.0665s ++++
++++ frame_probe ID: 883 receives a frame at time 89.0666s ++++
++++ frame_probe ID: 890 receives a frame at time 89.0667s ++++
the 100th message counter  has been visited 2 times  
++++ frame_probe ID: 850 receives a frame at time 89.1523s ++++
++++ frame_probe ID: 860 receives a frame at time 89.1932s ++++
INFO: Detected an invalid packet at item 160
INFO: Parser returned #f
++++ frame_probe ID: 1010 receives a frame at time 89.1998s ++++
generated random number is0.618676 and the threshold is 1. good luck. 
++++ frame_probe ID: 1018 receives a frame at time 89.1999s ++++
Measurement 2/2 complete in 1 second(s).
INFO: Detected an invalid packet at item 192
INFO: Parser returned #f
++++ frame_probe ID: 882 receives a frame at time 89.22s ++++
++++ frame_probe ID: 883 receives a frame at time 89.2201s ++++
++++ frame_probe ID: 890 receives a frame at time 89.2201s ++++
the 100th message counter  has been visited 3 times  
++++ frame_probe ID: 850 receives a frame at time 89.3125s ++++
++++ frame_probe ID: 860 receives a frame at time 89.3532s ++++
++++ frame_probe ID: 1010 receives a frame at time 89.3621s ++++
generated random number is0.497483 and the threshold is 1. good luck. 
++++ frame_probe ID: 1018 receives a frame at time 89.3622s ++++
INFO: Detected an invalid packet at item 256
INFO: Parser returned #f
INFO: Detected an invalid packet at item 288
INFO: Parser returned #f
++++ frame_probe ID: 882 receives a frame at time 89.3832s ++++
++++ frame_probe ID: 883 receives a frame at time 89.3832s ++++
++++ frame_probe ID: 890 receives a frame at time 89.3833s ++++
the 100th message counter  has been visited 4 times  
++++ frame_probe ID: 850 receives a frame at time 89.4927s ++++
++++ frame_probe ID: 860 receives a frame at time 89.5335s ++++
++++ frame_probe ID: 1010 receives a frame at time 89.5447s ++++
generated random number is++++ frame_probe ID: 1018 receives a frame at time 0.628164 and the threshold is 1. good luck. 
89.5447s ++++
INFO: Detected an invalid packet at item 352
INFO: Parser returned #f
INFO: Detected an invalid packet at item 384
INFO: Parser returned #f
++++ frame_probe ID: 882 receives a frame at time 89.5657s ++++
++++ frame_probe ID: 883 receives a frame at time 89.5658s ++++
++++ frame_probe ID: 890 receives a frame at time 89.5658s ++++
the 100th message counter  has been visited 5 times  
++++ frame_probe ID: 850 receives a frame at time 89.6393s ++++
++++ frame_probe ID: 860 receives a frame at time 89.6808s ++++
++++ frame_probe ID: 1010 receives a frame at time 89.689s ++++
generated random number is++++ frame_probe ID: 1018 receives a frame at time 0.888753 and the threshold is 89.6891s ++++
1. good luck. 
INFO: Detected an invalid packet at item 448
INFO: Parser returned #f
++++ frame_probe ID: 882 receives a frame at time 89.7093s ++++
++++ frame_probe ID: 883 receives a frame at time 89.7094s ++++
++++ frame_probe ID: 890 receives a frame at time 89.7094s ++++
the 100th message counter  has been visited 6 times  
++++ frame_probe ID: 850 receives a frame at time 89.8008s ++++
++++ frame_probe ID: 860 receives a frame at time 89.8418s ++++
++++ frame_probe ID: 1010 receives a frame at time 89.8522s ++++
generated random number is++++ frame_probe ID: 1018 receives a frame at time 0.130167 and the threshold is 89.8523s ++++
1. good luck. 
INFO: Detected an invalid packet at item 512
INFO: Parser returned #f
++++ frame_probe ID: 882 receives a frame at time 89.8726s ++++
++++ frame_probe ID: 883 receives a frame at time 89.8726s ++++
++++ frame_probe ID: 890 receives a frame at time 89.8727s ++++
the 100th message counter  has been visited 7 times  
++++ frame_probe ID: 850 receives a frame at time 89.953s ++++
++++ frame_probe ID: 860 receives a frame at time 89.9938s ++++
++++ frame_probe ID: 1010 receives a frame at time 90.0056s ++++
INFO: Detected an invalid packet at item 576
INFO: Parser returned #f
generated random number is++++ frame_probe ID: 1018 receives a frame at time 0.925628 and the threshold is 1. good luck. 
90.0057s ++++
INFO: Detected an invalid packet at item 608
INFO: Parser returned #f
++++ frame_probe ID: 882 receives a frame at time 90.0253s ++++
++++ frame_probe ID: 883 receives a frame at time 90.0254s ++++
++++ frame_probe ID: 890 receives a frame at time 90.0254s ++++
the 100th message counter  has been visited 8 times  
++++ frame_probe ID: 850 receives a frame at time 90.0948s ++++
++++ frame_probe ID: 860 receives a frame at time 90.1355s ++++
++++ frame_probe ID: 1010 receives a frame at time 90.14s ++++
generated random number is++++ frame_probe ID: 1018 receives a frame at time 0.986298 and the threshold is 1. good luck. 
90.1401s ++++
INFO: Detected an invalid packet at item 672
INFO: Parser returned #f
++++ frame_probe ID: 882 receives a frame at time 90.16s ++++
++++ frame_probe ID: 883 receives a frame at time 90.16s ++++
++++ frame_probe ID: 890 receives a frame at time 90.1601s ++++
Measurement 2 raw data directory created /home/inets/0_ba/bachelor_thesis/measurements/debug/data/95/2/.
'/home/inets/source/gr-inets/results/ack_not_filtered.txt' -> '/home/inets/0_ba/bachelor_thesis/measurements/debug/data/95/2/ack_not_filtered.txt'
'/home/inets/source/gr-inets/results/receiver_data_received.txt' -> '/home/inets/0_ba/bachelor_thesis/measurements/debug/data/95/2/receiver_data_received.txt'
'/home/inets/source/gr-inets/results/sender_ack_received.txt' -> '/home/inets/0_ba/bachelor_thesis/measurements/debug/data/95/2/sender_ack_received.txt'
'/home/inets/source/gr-inets/results/sender_bfr_dq.txt' -> '/home/inets/0_ba/bachelor_thesis/measurements/debug/data/95/2/sender_bfr_dq.txt'
'/home/inets/source/gr-inets/results/sender_data_sent.txt' -> '/home/inets/0_ba/bachelor_thesis/measurements/debug/data/95/2/sender_data_sent.txt'
Measurement 2 raw data moved to /home/inets/0_ba/bachelor_thesis/measurements/debug/data/95/2/.

Now processing results...
Plotting Python should be: python3 (UBUNTU).
Hello from rtt.py!
Hello from variables.py!
data_sent: 1500295884.740293
data_sent: 1500295884.914664
data_sent: 1500295885.090651
data_sent: 1500295885.268239
data_sent: 1500295885.454612
data_sent: 1500295885.613269
data_sent: 1500295885.762564
data_sent: 1500295885.909601
data_sent: 1500295886.077933
ack_received: 1500295884.816205
ack_received: 1500295885.161938
ack_received: 1500295885.344332
ack_received: 1500295885.526950
ack_received: 1500295885.690255
ack_received: 1500295885.834249
ack_received: 1500295885.987612
ack_received: 1500295886.151167
File /home/inets/0_ba/bachelor_thesis/measurements/debug/data/95/1/sender_retransmissions.txt not found.                 Assuming not reached in GR.

The resulting RTTs of this single measurement are:
[]


