Measurement 1/3 complete in 15 second(s).
linux; GNU C++ version 5.4.0 20160609; Boost_105800; UHD_003.009.005-45-g6768a615
linux; GNU C++ version 5.4.0 20160609; Boost_105800; UHD_003.009.005-45-g6768a615


Using Volk machine: avx_64_mmx
-- Opening a USRP2/N-Series device...
Using Volk machine: avx_64_mmx
-- Opening a USRP2/N-Series device...
-- Current recv frame size: 1472 bytes
-- Current send frame size: 1472 bytes
-- Current recv frame size: 1472 bytes
-- Current send frame size: 1472 bytes
Measurement 1/3 complete in 14 second(s).
develop_mode of random_filter ID: 1015 is activated.
the 1017th message counter is activated.
the 1018th message counter is activated.
the 1080th message counter is activated.
the 100th message counter is activated.
the 880th message counter is activated.
the 885th message counter is activated.
the 100th message counter is activated.
Measurement 1/3 complete in 13 second(s).
node starts running at 59.4004
node starts running at 59.4088
++++ frame_probe ID: 860 receives a frame at time 59.4694s ++++
++++ frame_probe ID: 1010 receives a frame at time 59.4758s ++++
generated random number is at 0.00365297 and the threshold is 0.5. good luck. 
4459.48 s
++++ frame_probe ID: 882 receives a frame at time 59.4988s ++++
++++ frame_probe ID: 883 receives a frame at time 59.4989s ++++
++++ frame_probe ID: 890 receives a frame at time 59.499s ++++
the 100th message counter  has been visited 1 times  
++++ frame_probe ID: 860 receives a frame at time 59.6382s ++++
INFO: Detected an invalid packet at item 32
INFO: Parser returned #f
++++ frame_probe ID: 1010 receives a frame at time 59.6489s ++++
generated random number is0.608673 and the threshold is  at 0.5. bad luck and try next time. 
4459.65 s
 at 4459.75 s
++++ frame_probe ID: 860 receives a frame at time 59.8089s ++++
++++ frame_probe ID: 1010 receives a frame at time 59.8212s ++++
generated random number is at 0.4637894459.82 and the threshold is  s
0.5. good luck. 
++++ frame_probe ID: 882 receives a frame at time 59.8445s ++++
++++ frame_probe ID: 883 receives a frame at time 59.8446s ++++
++++ frame_probe ID: 890 receives a frame at time 59.8447s ++++
the 100th message counter  has been visited 2 times  
Measurement 1/3 complete in 12 second(s).
++++ frame_probe ID: 860 receives a frame at time 60.0009s ++++
++++ frame_probe ID: 1010 receives a frame at time 60.0036s ++++
generated random number is at 44600.0725408 s and the threshold is 
0.5. good luck. 
INFO: Detected an invalid packet at item 96
INFO: Parser returned #f
++++ frame_probe ID: 882 receives a frame at time 60.0265s ++++
++++ frame_probe ID: 883 receives a frame at time 60.0266s ++++
++++ frame_probe ID: 890 receives a frame at time 60.0266s ++++
the 100th message counter  has been visited 3 times  
++++ frame_probe ID: 860 receives a frame at time 60.1819s ++++
++++ frame_probe ID: 1010 receives a frame at time 60.1862s ++++
generated random number is0.962309 and the threshold is  at 0.5. bad luck and try next time. 
4460.19 s
INFO: Detected an invalid packet at item 160
INFO: Parser returned #f
 at 4460.29 s
++++ frame_probe ID: 860 receives a frame at time 60.3525s ++++
++++ frame_probe ID: 1010 receives a frame at time 60.3594s ++++
generated random number is0.591816 and the threshold is 0.5. bad luck and try next time. 
 at 4460.36 s
 at 4460.46 s
++++ frame_probe ID: 860 receives a frame at time 60.5229s ++++
++++ frame_probe ID: 1010 receives a frame at time 60.5317s ++++
 at generated random number is4460.53 s
0.0638431 and the threshold is 0.5. good luck. 
++++ frame_probe ID: 882 receives a frame at time 60.5547s ++++
++++ frame_probe ID: 883 receives a frame at time 60.5548s ++++
++++ frame_probe ID: 890 receives a frame at time 60.5548s ++++
the 100th message counter  has been visited 4 times  
++++ frame_probe ID: 860 receives a frame at time 60.6979s ++++
++++ frame_probe ID: 1010 receives a frame at time 60.704s ++++
generated random number is0.79845 and the threshold is 0.5. bad luck and try next time. 
 at 4460.7 s
 at 4460.81 s
++++ frame_probe ID: 860 receives a frame at time 60.8733s ++++
++++ frame_probe ID: 1010 receives a frame at time 60.8774s ++++
generated random number is0.608921 and the threshold is 0.5. bad luck and try next time. 
 at 4460.88 s
INFO: Detected an invalid packet at item 224
INFO: Parser returned #f
 at 4460.99 s
Measurement 1/3 complete in 11 second(s).
++++ frame_probe ID: 860 receives a frame at time 61.0489s ++++
++++ frame_probe ID: 1010 receives a frame at time 61.0601s ++++
generated random number is0.839006 and the threshold is 0.5. bad luck and try next time. 
 at 4461.06 s
 at 4461.17 s
++++ frame_probe ID: 860 receives a frame at time 61.2245s ++++
++++ frame_probe ID: 1010 receives a frame at time 61.2324s ++++
generated random number is0.832832 and the threshold is 0.5. bad luck and try next time. 
 at 4461.23 s
INFO: Detected an invalid packet at item 256
INFO: Parser returned #f
 at 4461.38 s
++++ frame_probe ID: 860 receives a frame at time 61.4348s ++++
++++ frame_probe ID: 1010 receives a frame at time 61.4438s ++++
generated random number is0.836485 and the threshold is 0.5. bad luck and try next time. 
 at 4461.44 s
 at 4461.6 s
++++ frame_probe ID: 860 receives a frame at time 61.6606s ++++
++++ frame_probe ID: 1010 receives a frame at time 61.6644s ++++
generated random number is0.734362 and the threshold is 0.5. bad luck and try next time. 
 at 4461.66 s
 at 4461.94 s
Measurement 1/3 complete in 10 second(s).
++++ frame_probe ID: 860 receives a frame at time 62.0016s ++++
++++ frame_probe ID: 1010 receives a frame at time 62.0102s ++++
generated random number is0.904599 and the threshold is 0.5. bad luck and try next time.  at 
4462.01 s
 at 4462.11 s
++++ frame_probe ID: 860 receives a frame at time 62.1724s ++++
++++ frame_probe ID: 1010 receives a frame at time 62.1826s ++++
generated random number is0.672291 and the threshold is  at 0.5. bad luck and try next time. 
4462.18 s
 at 4462.29 s
++++ frame_probe ID: 860 receives a frame at time 62.3485s ++++
++++ frame_probe ID: 1010 receives a frame at time 62.3559s ++++
generated random number is0.953741 and the threshold is 0.5. bad luck and try next time. 
 at 4462.36 s
 at 4462.48 s
++++ frame_probe ID: 860 receives a frame at time 62.5394s ++++
++++ frame_probe ID: 1010 receives a frame at time 62.5473s ++++
generated random number is0.324252 and the threshold is 0.5. good luck. 
 at 4462.55 s
INFO: Detected an invalid packet at item 288
INFO: Parser returned #f
++++ frame_probe ID: 882 receives a frame at time 62.5702s ++++
++++ frame_probe ID: 883 receives a frame at time 62.5702s ++++
++++ frame_probe ID: 890 receives a frame at time 62.5703s ++++
the 100th message counter  has been visited 5 times  
++++ frame_probe ID: 860 receives a frame at time 62.6964s ++++
++++ frame_probe ID: 1010 receives a frame at time 62.7007s ++++
generated random number is at 0.0886542 and the threshold is 0.5. good luck. 
4462.7 s
INFO: Detected an invalid packet at item 352
INFO: Parser returned #f
++++ frame_probe ID: 882 receives a frame at time 62.7247s ++++
++++ frame_probe ID: 883 receives a frame at time 62.7247s ++++
++++ frame_probe ID: 890 receives a frame at time 62.7248s ++++
the 100th message counter  has been visited 6 times  
++++ frame_probe ID: 860 receives a frame at time 62.882s ++++
INFO: Detected an invalid packet at item 416
INFO: Parser returned #f
++++ frame_probe ID: 1010 receives a frame at time 62.8934s ++++
generated random number is at 0.103008 and the threshold is 0.5. good luck. 
4462.89 s
++++ frame_probe ID: 882 receives a frame at time 62.9163s ++++
++++ frame_probe ID: 883 receives a frame at time 62.9164s ++++
++++ frame_probe ID: 890 receives a frame at time 62.9164s ++++
the 100th message counter  has been visited 7 times  
Measurement 1/3 complete in 9 second(s).
++++ frame_probe ID: 860 receives a frame at time 63.0427s ++++
++++ frame_probe ID: 1010 receives a frame at time 63.0466s ++++
generated random number is0.827941 and the threshold is 0.5. bad luck and try next time. 
 at 4463.05 s
 at 4463.16 s
++++ frame_probe ID: 860 receives a frame at time 63.2182s ++++
INFO: Detected an invalid packet at item 480
INFO: Parser returned #f
++++ frame_probe ID: 1010 receives a frame at time 63.2289s ++++
generated random number is0.193942 and the threshold is  at 0.5. good luck. 
4463.23 s
++++ frame_probe ID: 882 receives a frame at time 63.2518s ++++
++++ frame_probe ID: 883 receives a frame at time 63.2519s ++++
++++ frame_probe ID: 890 receives a frame at time 63.2519s ++++
the 100th message counter  has been visited 8 times  
++++ frame_probe ID: 860 receives a frame at time 63.379s ++++
++++ frame_probe ID: 1010 receives a frame at time 63.3831s ++++
 at generated random number is4463.38 s
0.367224 and the threshold is 0.5. good luck. 
++++ frame_probe ID: 882 receives a frame at time 63.4061s ++++
++++ frame_probe ID: 883 receives a frame at time 63.4061s ++++
++++ frame_probe ID: 890 receives a frame at time 63.4062s ++++
the 100th message counter  has been visited 9 times  
++++ frame_probe ID: 860 receives a frame at time 63.5374s ++++
++++ frame_probe ID: 1010 receives a frame at time 63.5455s ++++
generated random number is at 0.386987 and the threshold is 0.5. good luck. 
4463.55 s
INFO: Detected an invalid packet at item 576
INFO: Parser returned #f
++++ frame_probe ID: 882 receives a frame at time 63.5686s ++++
++++ frame_probe ID: 883 receives a frame at time 63.5687s ++++
++++ frame_probe ID: 890 receives a frame at time 63.5687s ++++
the 100th message counter  has been visited 10 times  
++++ frame_probe ID: 860 receives a frame at time 63.683s ++++
++++ frame_probe ID: 1010 receives a frame at time 63.689s ++++
generated random number is at 0.149315 and the threshold is 0.5. good luck. 
4463.69 s
INFO: Detected an invalid packet at item 640
INFO: Parser returned #f
++++ frame_probe ID: 882 receives a frame at time 63.7128s ++++
++++ frame_probe ID: 883 receives a frame at time 63.7128s ++++
++++ frame_probe ID: 890 receives a frame at time 63.7129s ++++
the 100th message counter  has been visited 11 times  
++++ frame_probe ID: 860 receives a frame at time 63.864s ++++
++++ frame_probe ID: 1010 receives a frame at time 63.8712s ++++
generated random number is0.774895 and the threshold is  at 0.5. bad luck and try next time. 
4463.87 s
 at 4463.98 s
Measurement 1/3 complete in 8 second(s).
++++ frame_probe ID: 860 receives a frame at time 64.0394s ++++
++++ frame_probe ID: 1010 receives a frame at time 64.0445s ++++
generated random number is0.674423 and the threshold is 0.5. bad luck and try next time. 
 at 4464.04 s
INFO: Detected an invalid packet at item 704
INFO: Parser returned #f
 at 4464.16 s
++++ frame_probe ID: 860 receives a frame at time 64.2206s ++++
++++ frame_probe ID: 1010 receives a frame at time 64.2272s ++++
generated random number is0.98898 and the threshold is 0.5. bad luck and try next time. 
 at 4464.23 s
 at 4464.36 s
++++ frame_probe ID: 860 receives a frame at time 64.4214s ++++
++++ frame_probe ID: 1010 receives a frame at time 64.4286s ++++
generated random number is at 0.471997 and the threshold is 0.5. good luck. 
4464.43 s
INFO: Detected an invalid packet at item 736
INFO: Parser returned #f
++++ frame_probe ID: 882 receives a frame at time 64.4526s ++++
++++ frame_probe ID: 883 receives a frame at time 64.4527s ++++
++++ frame_probe ID: 890 receives a frame at time 64.4528s ++++
the 100th message counter  has been visited 12 times  
++++ frame_probe ID: 860 receives a frame at time 64.6039s ++++
++++ frame_probe ID: 1010 receives a frame at time 64.6103s ++++
generated random number is0.611907 and the threshold is  at 0.5. bad luck and try next time. 
4464.61 s
INFO: Detected an invalid packet at item 800
INFO: Parser returned #f
 at 4464.72 s
++++ frame_probe ID: 860 receives a frame at time 64.7797s ++++
++++ frame_probe ID: 1010 receives a frame at time 64.7837s ++++
generated random number is0.98968 and the threshold is 0.5. bad luck and try next time. 
 at 4464.78 s
 at 4464.9 s
++++ frame_probe ID: 860 receives a frame at time 64.9605s ++++
++++ frame_probe ID: 1010 receives a frame at time 64.9659s ++++
generated random number is0.368156 and the threshold is 0.5. good luck. 
 at 4464.97 s
INFO: Detected an invalid packet at item 832
INFO: Parser returned #f
++++ frame_probe ID: 882 receives a frame at time 64.9898s ++++
++++ frame_probe ID: 883 receives a frame at time 64.9899s ++++
++++ frame_probe ID: 890 receives a frame at time 64.99s ++++
Measurement 1/3 complete in 7 second(s).
the 100th message counter  has been visited 13 times  
++++ frame_probe ID: 860 receives a frame at time 65.1031s ++++
++++ frame_probe ID: 1010 receives a frame at time 65.1092s ++++
generated random number is0.550847 and the threshold is 0.5. bad luck and try next time.  at 
4465.11 s
 at 4465.22 s
++++ frame_probe ID: 860 receives a frame at time 65.2785s ++++
++++ frame_probe ID: 1010 receives a frame at time 65.2828s ++++
generated random number is at 0.289103 and the threshold is 4465.28 s0.5
. good luck. 
++++ frame_probe ID: 882 receives a frame at time 65.3066s ++++
++++ frame_probe ID: 883 receives a frame at time 65.3066s ++++
++++ frame_probe ID: 890 receives a frame at time 65.3067s ++++
the 100th message counter  has been visited 14 times  
++++ frame_probe ID: 860 receives a frame at time 65.4358s ++++
INFO: Detected an invalid packet at item 928
INFO: Parser returned #f
++++ frame_probe ID: 1010 receives a frame at time 65.446s ++++
generated random number is0.66626 at  and the threshold is 0.5. bad luck and try next time. 
4465.45 s
 at 4465.55 s
++++ frame_probe ID: 860 receives a frame at time 65.6123s ++++
++++ frame_probe ID: 1010 receives a frame at time 65.6184s ++++
generated random number is0.536556 and the threshold is 0.5. bad luck and try next time.  at 
4465.62 s
 at 4465.74 s
++++ frame_probe ID: 860 receives a frame at time 65.7978s ++++
++++ frame_probe ID: 1010 receives a frame at time 65.8007s ++++
generated random number is0.647241 and the threshold is  at 0.5. bad luck and try next time. 
4465.8 s
INFO: Detected an invalid packet at item 960
INFO: Parser returned #f
 at 4465.92 s
++++ frame_probe ID: 860 receives a frame at time 65.9839s ++++
INFO: Detected an invalid packet at item 992
INFO: Parser returned #f
++++ frame_probe ID: 1010 receives a frame at time 65.9931s ++++
generated random number is at 0.116668 and the threshold is 4465.99 s
0.5. good luck. 
Measurement 1/3 complete in 6 second(s).
++++ frame_probe ID: 882 receives a frame at time 66.0174s ++++
++++ frame_probe ID: 883 receives a frame at time 66.0175s ++++
++++ frame_probe ID: 890 receives a frame at time 66.0176s ++++
the 100th message counter  has been visited 15 times  
++++ frame_probe ID: 860 receives a frame at time 66.1578s ++++
INFO: Detected an invalid packet at item 1056
INFO: Parser returned #f
++++ frame_probe ID: 1010 receives a frame at time 66.1657s ++++
generated random number is at 0.321664 and the threshold is 4466.17 s
0.5. good luck. 
++++ frame_probe ID: 882 receives a frame at time 66.1905s ++++
++++ frame_probe ID: 883 receives a frame at time 66.1905s ++++
++++ frame_probe ID: 890 receives a frame at time 66.1906s ++++
the 100th message counter  has been visited 16 times  
++++ frame_probe ID: 860 receives a frame at time 66.2997s ++++
INFO: Detected an invalid packet at item 1120
INFO: Parser returned #f
++++ frame_probe ID: 1010 receives a frame at time 66.3098s ++++
generated random number is at 0.310643 and the threshold is 4466.31 s0.5
. good luck. 
++++ frame_probe ID: 882 receives a frame at time 66.3338s ++++
++++ frame_probe ID: 883 receives a frame at time 66.3339s ++++
++++ frame_probe ID: 890 receives a frame at time 66.334s ++++
the 100th message counter  has been visited 17 times  
++++ frame_probe ID: 860 receives a frame at time 66.4765s ++++
++++ frame_probe ID: 1010 receives a frame at time 66.4825s ++++
generated random number is0.253364 and the threshold is 0.5 at . good luck. 
4466.48 s
++++ frame_probe ID: 882 receives a frame at time 66.5073s ++++
++++ frame_probe ID: 883 receives a frame at time 66.5073s ++++
++++ frame_probe ID: 890 receives a frame at time 66.5074s ++++
the 100th message counter  has been visited 18 times  
++++ frame_probe ID: 860 receives a frame at time 66.624s ++++
++++ frame_probe ID: 1010 receives a frame at time 66.6359s ++++
generated random number is0.791286 and the threshold is  at 0.5. bad luck and try next time. 
4466.64 s
 at 4466.74 s
++++ frame_probe ID: 860 receives a frame at time 66.7945s ++++
++++ frame_probe ID: 1010 receives a frame at time 66.7991s ++++
generated random number is0.726082 and the threshold is 0.5. bad luck and try next time. 
 at 4466.8 s
INFO: Detected an invalid packet at item 1216
INFO: Parser returned #f
 at 4466.92 s
++++ frame_probe ID: 860 receives a frame at time 66.9801s ++++
INFO: Detected an invalid packet at item 1248
INFO: Parser returned #f
++++ frame_probe ID: 1010 receives a frame at time 66.9913s ++++
generated random number is0.2066 and the threshold is 0.5. good luck.  at 
4466.99 s
Measurement 1/3 complete in 5 second(s).
++++ frame_probe ID: 882 receives a frame at time 67.0152s ++++
++++ frame_probe ID: 883 receives a frame at time 67.0152s ++++
++++ frame_probe ID: 890 receives a frame at time 67.0153s ++++
the 100th message counter  has been visited 19 times  
++++ frame_probe ID: 860 receives a frame at time 67.1324s ++++
INFO: Detected an invalid packet at item 1312
INFO: Parser returned #f
++++ frame_probe ID: 1010 receives a frame at time 67.1448s ++++
generated random number is0.667854 and the threshold is  at 0.5. bad luck and try next time. 
4467.14 s
 at 4467.24 s
++++ frame_probe ID: 860 receives a frame at time 67.3029s ++++
++++ frame_probe ID: 1010 receives a frame at time 67.3081s ++++
generated random number is0.667036 and the threshold is  at 0.5. bad luck and try next time. 
4467.31 s
INFO: Detected an invalid packet at item 1344
INFO: Parser returned #f
 at 4467.42 s
++++ frame_probe ID: 860 receives a frame at time 67.4739s ++++
INFO: Detected an invalid packet at item 1376
INFO: Parser returned #f
++++ frame_probe ID: 1010 receives a frame at time 67.4805s ++++
generated random number is0.742401 and the threshold is  at 0.5. bad luck and try next time. 
4467.48 s
 at 4467.61 s
++++ frame_probe ID: 860 receives a frame at time 67.67s ++++
++++ frame_probe ID: 1010 receives a frame at time 67.682s ++++
generated random number is0.779283 and the threshold is 0.5. bad luck and try next time.  at 
4467.68 s
 at 4467.81 s
++++ frame_probe ID: 860 receives a frame at time 67.8704s ++++
++++ frame_probe ID: 1010 receives a frame at time 67.8746s ++++
generated random number is at 0.597217 and the threshold is 0.5. bad luck and try next time. 
4467.87 s
INFO: Detected an invalid packet at item 1408
INFO: Parser returned #f
Measurement 1/3 complete in 4 second(s).
 at 4468.09 s
++++ frame_probe ID: 860 receives a frame at time 68.1509s ++++
INFO: Detected an invalid packet at item 1440
INFO: Parser returned #f
++++ frame_probe ID: 1010 receives a frame at time 68.162s ++++
generated random number is at 0.161224 and the threshold is 4468.16 s0.5
. good luck. 
++++ frame_probe ID: 882 receives a frame at time 68.1868s ++++
++++ frame_probe ID: 883 receives a frame at time 68.1868s ++++
++++ frame_probe ID: 890 receives a frame at time 68.1869s ++++
the 100th message counter  has been visited 20 times  
++++ frame_probe ID: 860 receives a frame at time 68.3422s ++++
++++ frame_probe ID: 1010 receives a frame at time 68.3538s ++++
generated random number is at 0.951026 and the threshold is 0.5. bad luck and try next time. 
4468.35 s
 at 4468.45 s
++++ frame_probe ID: 860 receives a frame at time 68.5125s ++++
++++ frame_probe ID: 1010 receives a frame at time 68.517s ++++
generated random number is0.576328 and the threshold is  at 0.5. bad luck and try next time. 
4468.52 s
INFO: Detected an invalid packet at item 1504
INFO: Parser returned #f
 at 4468.63 s
++++ frame_probe ID: 860 receives a frame at time 68.6884s ++++
INFO: Detected an invalid packet at item 1536
INFO: Parser returned #f
++++ frame_probe ID: 1010 receives a frame at time 68.6995s ++++
generated random number is0.612571 and the threshold is  at 0.5. bad luck and try next time. 
4468.7 s
 at 4468.82 s
++++ frame_probe ID: 860 receives a frame at time 68.8741s ++++
INFO: Detected an invalid packet at item 1568
INFO: Parser returned #f
++++ frame_probe ID: 1010 receives a frame at time 68.8817s ++++
generated random number is0.569519 and the threshold is  at 0.5. bad luck and try next time. 
4468.88 s
 at 4468.99 s
Measurement 1/3 complete in 3 second(s).
++++ frame_probe ID: 860 receives a frame at time 69.0504s ++++
++++ frame_probe ID: 1010 receives a frame at time 69.0552s ++++
generated random number is0.708772 and the threshold is 0.5. bad luck and try next time.  at 
4469.06 s
 at 4469.22 s
++++ frame_probe ID: 860 receives a frame at time 69.2816s ++++
++++ frame_probe ID: 1010 receives a frame at time 69.2856s ++++
generated random number is at 0.1981834469.29 and the threshold is  s
0.5. good luck. 
INFO: Detected an invalid packet at item 1600
INFO: Parser returned #f
++++ frame_probe ID: 882 receives a frame at time 69.3104s ++++
++++ frame_probe ID: 883 receives a frame at time 69.3104s ++++
++++ frame_probe ID: 890 receives a frame at time 69.3105s ++++
the 100th message counter  has been visited 21 times  
++++ frame_probe ID: 860 receives a frame at time 69.4266s ++++
INFO: Detected an invalid packet at item 1664
INFO: Parser returned #f
++++ frame_probe ID: 1010 receives a frame at time 69.439s ++++
generated random number is at 0.240062 and the threshold is 0.5. good luck. 
4469.44 s
++++ frame_probe ID: 882 receives a frame at time 69.4637s ++++
++++ frame_probe ID: 883 receives a frame at time 69.4637s ++++
++++ frame_probe ID: 890 receives a frame at time 69.4638s ++++
the 100th message counter  has been visited 22 times  
++++ frame_probe ID: 860 receives a frame at time 69.6141s ++++
++++ frame_probe ID: 1010 receives a frame at time 69.6213s ++++
generated random number is at 0.136013 and the threshold is 0.5. good luck. 
4469.62 s
++++ frame_probe ID: 882 receives a frame at time 69.6461s ++++
++++ frame_probe ID: 883 receives a frame at time 69.6461s ++++
++++ frame_probe ID: 890 receives a frame at time 69.6463s ++++
the 100th message counter  has been visited 23 times  
++++ frame_probe ID: 860 receives a frame at time 69.7582s ++++
++++ frame_probe ID: 1010 receives a frame at time 69.7646s ++++
generated random number is at 0.491982 and the threshold is 4469.76 s
0.5. good luck. 
INFO: Detected an invalid packet at item 1760
INFO: Parser returned #f
++++ frame_probe ID: 882 receives a frame at time 69.7893s ++++
++++ frame_probe ID: 883 receives a frame at time 69.7894s ++++
++++ frame_probe ID: 890 receives a frame at time 69.7894s ++++
the 100th message counter  has been visited 24 times  
++++ frame_probe ID: 860 receives a frame at time 69.9215s ++++
++++ frame_probe ID: 1010 receives a frame at time 69.9281s ++++
generated random number is0.805753 and the threshold is 0.5. bad luck and try next time. 
 at 4469.93 s
INFO: Detected an invalid packet at item 1824
INFO: Parser returned #f
Measurement 1/3 complete in 2 second(s).
 at 4470.04 s
++++ frame_probe ID: 860 receives a frame at time 70.0971s ++++
++++ frame_probe ID: 1010 receives a frame at time 70.1004s ++++
generated random number is at 0.389228 and the threshold is 4470.1 s
0.5. good luck. 
INFO: Detected an invalid packet at item 1856
INFO: Parser returned #f
++++ frame_probe ID: 882 receives a frame at time 70.1262s ++++
++++ frame_probe ID: 883 receives a frame at time 70.1262s ++++
++++ frame_probe ID: 890 receives a frame at time 70.1263s ++++
the 100th message counter  has been visited 25 times  
++++ frame_probe ID: 860 receives a frame at time 70.2715s ++++
INFO: Detected an invalid packet at item 1920
INFO: Parser returned #f
++++ frame_probe ID: 1010 receives a frame at time 70.283s ++++
 at generated random number is4470.28 s
0.32579 and the threshold is 0.5. good luck. 
++++ frame_probe ID: 882 receives a frame at time 70.3086s ++++
++++ frame_probe ID: 883 receives a frame at time 70.3086s ++++
++++ frame_probe ID: 890 receives a frame at time 70.3087s ++++
the 100th message counter  has been visited 26 times  
++++ frame_probe ID: 860 receives a frame at time 70.4286s ++++
INFO: Detected an invalid packet at item 1984
INFO: Parser returned #f
++++ frame_probe ID: 1010 receives a frame at time 70.4362s ++++
generated random number is at 0.895309 and the threshold is 0.5. bad luck and try next time. 
4470.44 s
 at 4470.55 s
++++ frame_probe ID: 860 receives a frame at time 70.6042s ++++
++++ frame_probe ID: 1010 receives a frame at time 70.6095s ++++
generated random number is0.754647 and the threshold is 0.5. bad luck and try next time. 
 at 4470.61 s
INFO: Detected an invalid packet at item 2016
INFO: Parser returned #f
 at 4470.73 s
++++ frame_probe ID: 860 receives a frame at time 70.7846s ++++
INFO: Detected an invalid packet at item 2048
INFO: Parser returned #f
++++ frame_probe ID: 1010 receives a frame at time 70.7921s ++++
generated random number is0.656481 and the threshold is 0.5. bad luck and try next time. 
 at 4470.79 s
 at 4470.92 s
++++ frame_probe ID: 860 receives a frame at time 70.9802s ++++
++++ frame_probe ID: 1010 receives a frame at time 70.9836s ++++
generated random number is at 0.202924 and the threshold is 0.5. good luck. 4470.98
 s
++++ frame_probe ID: 882 receives a frame at time 71.0093s ++++
++++ frame_probe ID: 883 receives a frame at time 71.0093s ++++
++++ frame_probe ID: 890 receives a frame at time 71.0094s ++++
Measurement 1/3 complete in 1 second(s).
the 100th message counter  has been visited 27 times  
++++ frame_probe ID: 860 receives a frame at time 71.1426s ++++
++++ frame_probe ID: 1010 receives a frame at time 71.1468s ++++
generated random number is0.986287 and the threshold is 0.5. bad luck and try next time. 
 at 4471.15 s
 at 4471.25 s
++++ frame_probe ID: 860 receives a frame at time 71.3132s ++++
++++ frame_probe ID: 1010 receives a frame at time 71.3192s ++++
generated random number is at 0.459207 and the threshold is 0.54471.32. good luck.  s

++++ frame_probe ID: 882 receives a frame at time 71.3449s ++++
++++ frame_probe ID: 883 receives a frame at time 71.345s ++++
++++ frame_probe ID: 890 receives a frame at time 71.345s ++++
the 100th message counter  has been visited 28 times  
++++ frame_probe ID: 860 receives a frame at time 71.4784s ++++
++++ frame_probe ID: 1010 receives a frame at time 71.4827s ++++
generated random number is0.956115 and the threshold is 0.5. bad luck and try next time. 
 at 4471.48 s
 at 4471.59 s
++++ frame_probe ID: 860 receives a frame at time 71.6493s ++++
INFO: Detected an invalid packet at item 2144
INFO: Parser returned #f
++++ frame_probe ID: 1010 receives a frame at time 71.6562s ++++
generated random number is at 0.128381 and the threshold is 0.5. good luck. 
4471.66 s
++++ frame_probe ID: 882 receives a frame at time 71.6816s ++++
++++ frame_probe ID: 883 receives a frame at time 71.6816s ++++
++++ frame_probe ID: 890 receives a frame at time 71.6817s ++++
the 100th message counter  has been visited 29 times  
++++ frame_probe ID: 860 receives a frame at time 71.7939s ++++
++++ frame_probe ID: 1010 receives a frame at time 71.7996s ++++
generated random number is at 0.300793 and the threshold is 0.5. good luck. 
4471.8 s
INFO: Detected an invalid packet at item 2208
INFO: Parser returned #f
++++ frame_probe ID: 882 receives a frame at time 71.8252s ++++
++++ frame_probe ID: 883 receives a frame at time 71.8253s ++++
++++ frame_probe ID: 890 receives a frame at time 71.8254s ++++
the 100th message counter  has been visited 30 times  
++++ frame_probe ID: 860 receives a frame at time 71.9487s ++++
++++ frame_probe ID: 1010 receives a frame at time 71.9536s ++++
generated random number is0.626584 and the threshold is 0.5. bad luck and try next time. 
 at 4471.95 s
INFO: Detected an invalid packet at item 2272
INFO: Parser returned #f
Measurement 1 raw data directory created /home/inets/0_ba/bachelor_thesis/measurements/debug/data/46/1/.
'/home/inets/source/gr-inets/results/receiver_data_received.txt' -> '/home/inets/0_ba/bachelor_thesis/measurements/debug/data/46/1/receiver_data_received.txt'
'/home/inets/source/gr-inets/results/sender_ack_received.txt' -> '/home/inets/0_ba/bachelor_thesis/measurements/debug/data/46/1/sender_ack_received.txt'
'/home/inets/source/gr-inets/results/sender_data_sent.txt' -> '/home/inets/0_ba/bachelor_thesis/measurements/debug/data/46/1/sender_data_sent.txt'
Measurement 1 raw data moved to /home/inets/0_ba/bachelor_thesis/measurements/debug/data/46/1/.

Measurement 2/3 complete in 15 second(s).
linux; GNU C++ version 5.4.0 20160609; Boost_105800; UHD_003.009.005-45-g6768a615
linux; GNU C++ version 5.4.0 20160609; Boost_105800; UHD_003.009.005-45-g6768a615


Using Volk machine: avx_64_mmx
-- Opening a USRP2/N-Series device...
Using Volk machine: avx_64_mmx
-- Opening a USRP2/N-Series device...
-- Current recv frame size: 1472 bytes
-- Current send frame size: 1472 bytes
-- Current recv frame size: 1472 bytes
-- Current send frame size: 1472 bytes
Measurement 2/3 complete in 14 second(s).
the 880th message counter is activated.
the 885th message counter is activated.
the 100th message counter is activated.
develop_mode of random_filter ID: 1015 is activated.
the 1017th message counter is activated.
the 1018th message counter is activated.
the 1080th message counter is activated.
the 100th message counter is activated.
Measurement 2/3 complete in 13 second(s).
node starts running at 74.3818
node starts running at 74.3988
++++ frame_probe ID: 860 receives a frame at time 74.543s ++++
++++ frame_probe ID: 1010 receives a frame at time 74.5462s ++++
generated random number is at 0.300341 and the threshold is 4474.55 s0.5
. good luck. 
INFO: Detected an invalid packet at item 0
INFO: Parser returned #f
INFO: Detected an invalid packet at item 32
INFO: Parser returned #f
 at 4474.65 s
++++ frame_probe ID: 860 receives a frame at time 74.714s ++++
INFO: Detected an invalid packet at item 64
INFO: Parser returned #f
++++ frame_probe ID: 1010 receives a frame at time 74.7186s ++++
generated random number is at 0.38503 and the threshold is 0.5. good luck. 
4474.72 s
INFO: Detected an invalid packet at item 96
INFO: Parser returned #f
 at 4474.84 s
++++ frame_probe ID: 860 receives a frame at time 74.9001s ++++
++++ frame_probe ID: 1010 receives a frame at time 74.9111s ++++
generated random number is0.552453 and the threshold is  at 0.5. bad luck and try next time. 
4474.91 s
Measurement 2/3 complete in 12 second(s).
 at 4475.03 s
++++ frame_probe ID: 860 receives a frame at time 75.0858s ++++
INFO: Detected an invalid packet at item 128
INFO: Parser returned #f
++++ frame_probe ID: 1010 receives a frame at time 75.0934s ++++
generated random number is at 0.0492273 and the threshold is 4475.09 s0.5
. good luck. 
++++ frame_probe ID: 882 receives a frame at time 75.1204s ++++
++++ frame_probe ID: 883 receives a frame at time 75.1205s ++++
++++ frame_probe ID: 890 receives a frame at time 75.1206s ++++
the 100th message counter  has been visited 1 times  
++++ frame_probe ID: 860 receives a frame at time 75.2751s ++++
INFO: Detected an invalid packet at item 192
INFO: Parser returned #f
++++ frame_probe ID: 1010 receives a frame at time 75.2848s ++++
generated random number is0.721575 and the threshold is 0.5. bad luck and try next time.  at 
4475.28 s
 at 4475.39 s
++++ frame_probe ID: 860 receives a frame at time 75.446s ++++
INFO: Detected an invalid packet at item 224
INFO: Parser returned #f
++++ frame_probe ID: 1010 receives a frame at time 75.4582s ++++
 at generated random number is0.289412 and the threshold is 4475.46 s
0.5. good luck. 
++++ frame_probe ID: 882 receives a frame at time 75.4852s ++++
++++ frame_probe ID: 883 receives a frame at time 75.4852s ++++
++++ frame_probe ID: 890 receives a frame at time 75.4853s ++++
the 100th message counter  has been visited 2 times  
++++ frame_probe ID: 860 receives a frame at time 75.6316s ++++
++++ frame_probe ID: 1010 receives a frame at time 75.6408s ++++
generated random number is at 0.425781 and the threshold is 4475.64 s
0.5. good luck. 
++++ frame_probe ID: 882 receives a frame at time 75.6677s ++++
++++ frame_probe ID: 883 receives a frame at time 75.6677s ++++
++++ frame_probe ID: 890 receives a frame at time 75.6678s ++++
the 100th message counter  has been visited 3 times  
++++ frame_probe ID: 860 receives a frame at time 75.8242s ++++
++++ frame_probe ID: 1010 receives a frame at time 75.8323s ++++
generated random number is0.690934 and the threshold is 0.5. bad luck and try next time. 
 at 4475.83 s
 at 4475.94 s
++++ frame_probe ID: 860 receives a frame at time 76s ++++
++++ frame_probe ID: 1010 receives a frame at time 76.0054s ++++
generated random number is0.530059 and the threshold is 0.5. bad luck and try next time. 
 at 4476.01 s
Measurement 2/3 complete in 11 second(s).
 at 4476.12 s
++++ frame_probe ID: 860 receives a frame at time 76.176s ++++
++++ frame_probe ID: 1010 receives a frame at time 76.1882s ++++
generated random number is at 0.470646 and the threshold is 4476.19 s
0.5. good luck. 
++++ frame_probe ID: 882 receives a frame at time 76.2148s ++++
++++ frame_probe ID: 883 receives a frame at time 76.2149s ++++
++++ frame_probe ID: 890 receives a frame at time 76.2149s ++++
the 100th message counter  has been visited 4 times  
++++ frame_probe ID: 860 receives a frame at time 76.3392s ++++
INFO: Detected an invalid packet at item 352
INFO: Parser returned #f
++++ frame_probe ID: 1010 receives a frame at time 76.3504s ++++
generated random number is at 4476.350.206364 s
 and the threshold is 0.5. good luck. 
++++ frame_probe ID: 882 receives a frame at time 76.3776s ++++
++++ frame_probe ID: 883 receives a frame at time 76.3776s ++++
++++ frame_probe ID: 890 receives a frame at time 76.3777s ++++
the 100th message counter  has been visited 5 times  
++++ frame_probe ID: 860 receives a frame at time 76.5311s ++++
INFO: Detected an invalid packet at item 416
INFO: Parser returned #f
++++ frame_probe ID: 1010 receives a frame at time 76.543s ++++
generated random number is at 0.67122 and the threshold is 0.5. bad luck and try next time. 
4476.54 s
 at 4476.64 s
++++ frame_probe ID: 860 receives a frame at time 76.7023s ++++
++++ frame_probe ID: 1010 receives a frame at time 76.7061s ++++
generated random number is at 0.416555 and the threshold is 4476.71 s0.5
. good luck. 
++++ frame_probe ID: 882 receives a frame at time 76.7331s ++++
++++ frame_probe ID: 883 receives a frame at time 76.7332s ++++
 at 4476.82 s
++++ frame_probe ID: 860 receives a frame at time 76.8831s ++++
++++ frame_probe ID: 1010 receives a frame at time 76.8884s ++++
generated random number is0.663107 and the threshold is 0.5. bad luck and try next time. 
 at 4476.89 s
INFO: Detected an invalid packet at item 480
INFO: Parser returned #f
 at 4477 s
Measurement 2/3 complete in 10 second(s).
++++ frame_probe ID: 860 receives a frame at time 77.059s ++++
++++ frame_probe ID: 1010 receives a frame at time 77.0709s ++++
generated random number is at 0.282977 and the threshold is 0.5. good luck. 
4477.07 s
++++ frame_probe ID: 882 receives a frame at time 77.0969s ++++
++++ frame_probe ID: 883 receives a frame at time 77.097s ++++
++++ frame_probe ID: 890 receives a frame at time 77.0971s ++++
the 100th message counter  has been visited 6 times  
++++ frame_probe ID: 860 receives a frame at time 77.2294s ++++
++++ frame_probe ID: 1010 receives a frame at time 77.2341s ++++
generated random number is0.10293 and the threshold is  at 0.5. good luck. 
4477.23 s
INFO: Detected an invalid packet at item 544
INFO: Parser returned #f
 at 4477.34 s
++++ frame_probe ID: 860 receives a frame at time 77.4004s ++++
INFO: Detected an invalid packet at item 576
INFO: Parser returned #f
++++ frame_probe ID: 1010 receives a frame at time 77.4067s ++++
generated random number is at 0.146448 and the threshold is 0.5. good luck. 
4477.41 s
++++ frame_probe ID: 882 receives a frame at time 77.4327s ++++
++++ frame_probe ID: 883 receives a frame at time 77.4327s ++++
 at 4477.52 s
++++ frame_probe ID: 860 receives a frame at time 77.5814s ++++
INFO: Detected an invalid packet at item 640
INFO: Parser returned #f
++++ frame_probe ID: 1010 receives a frame at time 77.5891s ++++
generated random number is at 0.0537787 and the threshold is 4477.59 s
0.5. good luck. 
++++ frame_probe ID: 882 receives a frame at time 77.6157s ++++
++++ frame_probe ID: 883 receives a frame at time 77.6157s ++++
++++ frame_probe ID: 890 receives a frame at time 77.6158s ++++
the 100th message counter  has been visited 7 times  
++++ frame_probe ID: 860 receives a frame at time 77.7301s ++++
INFO: Detected an invalid packet at item 704
INFO: Parser returned #f
++++ frame_probe ID: 1010 receives a frame at time 77.7425s ++++
generated random number is at 0.307654 and the threshold is 0.5. good luck. 
4477.74 s
++++ frame_probe ID: 882 receives a frame at time 77.7695s ++++
++++ frame_probe ID: 883 receives a frame at time 77.7695s ++++
++++ frame_probe ID: 890 receives a frame at time 77.7696s ++++
the 100th message counter  has been visited 8 times  
++++ frame_probe ID: 860 receives a frame at time 77.9278s ++++
++++ frame_probe ID: 1010 receives a frame at time 77.9349s ++++
generated random number is at 0.47956 and the threshold is 0.5. good luck. 
4477.94 s
++++ frame_probe ID: 882 receives a frame at time 77.9609s ++++
++++ frame_probe ID: 883 receives a frame at time 77.961s ++++
++++ frame_probe ID: 890 receives a frame at time 77.9611s ++++
the 100th message counter  has been visited 9 times  
Measurement 2/3 complete in 9 second(s).
++++ frame_probe ID: 860 receives a frame at time 78.0822s ++++
INFO: Detected an invalid packet at item 800
INFO: Parser returned #f
++++ frame_probe ID: 1010 receives a frame at time 78.0882s ++++
generated random number is0.194291 and the threshold is 0.5. good luck. 
 at 4478.09 s
INFO: Detected an invalid packet at item 832
INFO: Parser returned #f
 at 4478.19 s
++++ frame_probe ID: 860 receives a frame at time 78.253s ++++
++++ frame_probe ID: 1010 receives a frame at time 78.2606s ++++
generated random number is0.738747 and the threshold is  at 0.5. bad luck and try next time. 
4478.26 s
 at 4478.37 s
++++ frame_probe ID: 860 receives a frame at time 78.4295s ++++
++++ frame_probe ID: 1010 receives a frame at time 78.4339s ++++
generated random number is0.360291 and the threshold is 0.5. good luck. 
 at 4478.43 s
INFO: Detected an invalid packet at item 864
INFO: Parser returned #f
 at 4478.56 s
++++ frame_probe ID: 860 receives a frame at time 78.6155s ++++
INFO: Detected an invalid packet at item 896
INFO: Parser returned #f
++++ frame_probe ID: 1010 receives a frame at time 78.6255s ++++
generated random number is0.807204 and the threshold is 0.5. bad luck and try next time. 
 at 4478.63 s
 at 4478.77 s
++++ frame_probe ID: 860 receives a frame at time 78.8316s ++++
++++ frame_probe ID: 1010 receives a frame at time 78.8369s ++++
generated random number is0.400492 and the threshold is 0.5. good luck. 
 at 4478.84 s
++++ frame_probe ID: 882 receives a frame at time 78.8639s ++++
++++ frame_probe ID: 883 receives a frame at time 78.8639s ++++
 at 4479.01 s
Measurement 2/3 complete in 8 second(s).
++++ frame_probe ID: 860 receives a frame at time 79.0725s ++++
++++ frame_probe ID: 1010 receives a frame at time 79.0764s ++++
generated random number is0.771381 and the threshold is 0.5. bad luck and try next time. 
 at 4479.08 s
 at 4479.45 s
++++ frame_probe ID: 860 receives a frame at time 79.5087s ++++
INFO: Detected an invalid packet at item 960
INFO: Parser returned #f
++++ frame_probe ID: 1010 receives a frame at time 79.5183s ++++
generated random number is at 0.507321 and the threshold is 0.5. bad luck and try next time. 
4479.52 s
 at 4479.62 s
++++ frame_probe ID: 860 receives a frame at time 79.6796s ++++
INFO: Detected an invalid packet at item 992
INFO: Parser returned #f
++++ frame_probe ID: 1010 receives a frame at time 79.692s ++++
generated random number is0.807648 and the threshold is 0.5. bad luck and try next time.  at 
4479.69 s
 at 4479.8 s
++++ frame_probe ID: 860 receives a frame at time 79.8561s ++++
INFO: Detected an invalid packet at item 1024
INFO: Parser returned #f
++++ frame_probe ID: 1010 receives a frame at time 79.8641s ++++
generated random number is0.839525 and the threshold is  at 0.5. bad luck and try next time. 
4479.86 s
 at 4479.98 s
Measurement 2/3 complete in 7 second(s).
++++ frame_probe ID: 860 receives a frame at time 80.037s ++++
INFO: Detected an invalid packet at item 1056
INFO: Parser returned #f
++++ frame_probe ID: 1010 receives a frame at time 80.0465s ++++
generated random number is0.893304 and the threshold is 0.5. bad luck and try next time. 
 at 4480.05 s
 at 4480.18 s
++++ frame_probe ID: 860 receives a frame at time 80.2379s ++++
++++ frame_probe ID: 1010 receives a frame at time 80.2479s ++++
generated random number is at 0.436968 and the threshold is 0.5. good luck. 
4480.25 s
++++ frame_probe ID: 882 receives a frame at time 80.275s ++++
++++ frame_probe ID: 883 receives a frame at time 80.2751s ++++
++++ frame_probe ID: 890 receives a frame at time 80.2751s ++++
the 100th message counter  has been visited 10 times  
++++ frame_probe ID: 860 receives a frame at time 80.4269s ++++
++++ frame_probe ID: 1010 receives a frame at time 80.4304s ++++
generated random number is at 0.132131 and the threshold is 0.54480.43. good luck.  s

INFO: Detected an invalid packet at item 1120
INFO: Parser returned #f
++++ frame_probe ID: 882 receives a frame at time 80.4575s ++++
 at 4480.54 s
++++ frame_probe ID: 860 receives a frame at time 80.6033s ++++
++++ frame_probe ID: 1010 receives a frame at time 80.6128s ++++
generated random number is at 0.468434 and the threshold is 0.5. good luck. 
4480.61 s
++++ frame_probe ID: 882 receives a frame at time 80.64s ++++
++++ frame_probe ID: 883 receives a frame at time 80.64s ++++
++++ frame_probe ID: 890 receives a frame at time 80.6401s ++++
the 100th message counter  has been visited 11 times  
++++ frame_probe ID: 860 receives a frame at time 80.7693s ++++
INFO: Detected an invalid packet at item 1216
INFO: Parser returned #f
++++ frame_probe ID: 1010 receives a frame at time 80.7767s ++++
 at generated random number is4480.78 s
0.20718 and the threshold is 0.5. good luck. 
++++ frame_probe ID: 882 receives a frame at time 80.8024s ++++
++++ frame_probe ID: 883 receives a frame at time 80.8024s ++++
++++ frame_probe ID: 890 receives a frame at time 80.8025s ++++
the 100th message counter  has been visited 12 times  
++++ frame_probe ID: 860 receives a frame at time 80.9588s ++++
INFO: Detected an invalid packet at item 1280
INFO: Parser returned #f
++++ frame_probe ID: 1010 receives a frame at time 80.9676s ++++
generated random number is0.617146 and the threshold is  at 0.5. bad luck and try next time. 
4480.97 s
Measurement 2/3 complete in 6 second(s).
 at 4481.08 s
++++ frame_probe ID: 860 receives a frame at time 81.1348s ++++
INFO: Detected an invalid packet at item 1312
INFO: Parser returned #f
++++ frame_probe ID: 1010 receives a frame at time 81.141s ++++
generated random number is0.443667 and the threshold is 0.5. good luck. 
 at 4481.14 s
++++ frame_probe ID: 882 receives a frame at time 81.1671s ++++
++++ frame_probe ID: 883 receives a frame at time 81.1672s ++++
++++ frame_probe ID: 890 receives a frame at time 81.1672s ++++
the 100th message counter  has been visited 13 times  
++++ frame_probe ID: 860 receives a frame at time 81.2904s ++++
++++ frame_probe ID: 1010 receives a frame at time 81.2945s ++++
generated random number is at 0.370501 and the threshold is 0.5. good luck. 
4481.29 s
INFO: Detected an invalid packet at item 1376
INFO: Parser returned #f
 at 4481.4 s
++++ frame_probe ID: 860 receives a frame at time 81.4611s ++++
INFO: Detected an invalid packet at item 1408
INFO: Parser returned #f
++++ frame_probe ID: 1010 receives a frame at time 81.4668s ++++
generated random number is0.564748 and the threshold is  at 0.5. bad luck and try next time. 
4481.47 s
 at 4481.59 s
++++ frame_probe ID: 860 receives a frame at time 81.647s ++++
INFO: Detected an invalid packet at item 1440
INFO: Parser returned #f
++++ frame_probe ID: 1010 receives a frame at time 81.6592s ++++
generated random number is0.701659 and the threshold is 0.5. bad luck and try next time. 
 at 4481.66 s
 at 4481.77 s
++++ frame_probe ID: 860 receives a frame at time 81.8277s ++++
++++ frame_probe ID: 1010 receives a frame at time 81.8317s ++++
generated random number is0.509307 and the threshold is 0.5. bad luck and try next time. 
 at 4481.83 s
 at 4481.98 s
Measurement 2/3 complete in 5 second(s).
++++ frame_probe ID: 860 receives a frame at time 82.0436s ++++
INFO: Detected an invalid packet at item 1472
INFO: Parser returned #f
++++ frame_probe ID: 1010 receives a frame at time 82.0529s ++++
generated random number is at 0.335197 and the threshold is 4482.05 s
0.5. good luck. 
++++ frame_probe ID: 882 receives a frame at time 82.0792s ++++
++++ frame_probe ID: 883 receives a frame at time 82.0793s ++++
++++ frame_probe ID: 890 receives a frame at time 82.0794s ++++
the 100th message counter  has been visited 14 times  
++++ frame_probe ID: 860 receives a frame at time 82.2347s ++++
INFO: Detected an invalid packet at item 1536
INFO: Parser returned #f
++++ frame_probe ID: 1010 receives a frame at time 82.2444s ++++
generated random number is0.776896 and the threshold is 0.5. bad luck and try next time. 
 at 4482.24 s
 at 4482.35 s
++++ frame_probe ID: 860 receives a frame at time 82.4104s ++++
++++ frame_probe ID: 1010 receives a frame at time 82.4171s ++++
generated random number is at 0.3286844482.42 and the threshold is  s
0.5. good luck. 
++++ frame_probe ID: 882 receives a frame at time 82.444s ++++
++++ frame_probe ID: 883 receives a frame at time 82.444s ++++
++++ frame_probe ID: 890 receives a frame at time 82.4441s ++++
the 100th message counter  has been visited 15 times  
++++ frame_probe ID: 860 receives a frame at time 82.5673s ++++
++++ frame_probe ID: 1010 receives a frame at time 82.5704s ++++
generated random number is0.797118 and the threshold is 0.5. bad luck and try next time. 
 at 4482.57 s
INFO: Detected an invalid packet at item 1600
INFO: Parser returned #f
INFO: Detected an invalid packet at item 1632
INFO: Parser returned #f
 at 4482.68 s
++++ frame_probe ID: 860 receives a frame at time 82.7433s ++++
INFO: Detected an invalid packet at item 1664
INFO: Parser returned #f
++++ frame_probe ID: 1010 receives a frame at time 82.7526s ++++
 at generated random number is0.473539 and the threshold is 0.5. good luck. 
4482.75 s
++++ frame_probe ID: 882 receives a frame at time 82.7798s ++++
++++ frame_probe ID: 883 receives a frame at time 82.7798s ++++
++++ frame_probe ID: 890 receives a frame at time 82.7799s ++++
the 100th message counter  has been visited 16 times  
++++ frame_probe ID: 860 receives a frame at time 82.922s ++++
++++ frame_probe ID: 1010 receives a frame at time 82.926s ++++
generated random number is at 0.242759 and the threshold is 0.5. good luck. 
4482.93 s
INFO: Detected an invalid packet at item 1728
INFO: Parser returned #f
INFO: Detected an invalid packet at item 1760
INFO: Parser returned #f
Measurement 2/3 complete in 4 second(s).
 at 4483.04 s
++++ frame_probe ID: 860 receives a frame at time 83.098s ++++
INFO: Detected an invalid packet at item 1792
INFO: Parser returned #f
++++ frame_probe ID: 1010 receives a frame at time 83.1083s ++++
generated random number is0.621444 and the threshold is 0.5. bad luck and try next time. 
 at 4483.11 s
 at 4483.22 s
++++ frame_probe ID: 860 receives a frame at time 83.2833s ++++
INFO: Detected an invalid packet at item 1824
INFO: Parser returned #f
++++ frame_probe ID: 1010 receives a frame at time 83.2908s ++++
generated random number is0.809221 and the threshold is 0.5. bad luck and try next time. 
 at 4483.29 s
 at 4483.4 s
++++ frame_probe ID: 860 receives a frame at time 83.4637s ++++
++++ frame_probe ID: 1010 receives a frame at time 83.4732s ++++
generated random number is0.917825 and the threshold is 0.5. bad luck and try next time. 
 at 4483.47 s
 at 4483.6 s
++++ frame_probe ID: 860 receives a frame at time 83.6601s ++++
++++ frame_probe ID: 1010 receives a frame at time 83.665s ++++
generated random number is0.615216 and the threshold is 0.5. bad luck and try next time. 
 at 4483.67 s
 at 4483.83 s
++++ frame_probe ID: 860 receives a frame at time 83.8909s ++++
++++ frame_probe ID: 1010 receives a frame at time 83.8954s ++++
generated random number is0.44613 and the threshold is  at 0.5. good luck. 
4483.9 s
INFO: Detected an invalid packet at item 1856
INFO: Parser returned #f
++++ frame_probe ID: 882 receives a frame at time 83.9223s ++++
Measurement 2/3 complete in 3 second(s).
 at 4484.17 s
++++ frame_probe ID: 860 receives a frame at time 84.2322s ++++
++++ frame_probe ID: 1010 receives a frame at time 84.241s ++++
generated random number is0.955437 and the threshold is  at 0.5. bad luck and try next time. 
4484.24 s
 at 4484.34 s
++++ frame_probe ID: 860 receives a frame at time 84.4036s ++++
++++ frame_probe ID: 1010 receives a frame at time 84.4136s ++++
generated random number is at 0.290634 and the threshold is 0.5. good luck. 
4484.41 s
++++ frame_probe ID: 882 receives a frame at time 84.4404s ++++
++++ frame_probe ID: 883 receives a frame at time 84.4405s ++++
++++ frame_probe ID: 890 receives a frame at time 84.4406s ++++
the 100th message counter  has been visited 17 times  
++++ frame_probe ID: 860 receives a frame at time 84.5808s ++++
INFO: Detected an invalid packet at item 1952
INFO: Parser returned #f
++++ frame_probe ID: 1010 receives a frame at time 84.587s ++++
generated random number is0.776464 and the threshold is  at 0.5. bad luck and try next time. 
4484.59 s
 at 4484.7 s
++++ frame_probe ID: 860 receives a frame at time 84.7565s ++++
INFO: Detected an invalid packet at item 1984
INFO: Parser returned #f
++++ frame_probe ID: 1010 receives a frame at time 84.7692s ++++
generated random number is at 0.491959 and the threshold is 0.54484.77. good luck.  s

++++ frame_probe ID: 882 receives a frame at time 84.7953s ++++
++++ frame_probe ID: 883 receives a frame at time 84.7953s ++++
++++ frame_probe ID: 890 receives a frame at time 84.7955s ++++
the 100th message counter  has been visited 18 times  
++++ frame_probe ID: 860 receives a frame at time 84.9198s ++++
++++ frame_probe ID: 1010 receives a frame at time 84.9325s ++++
generated random number is at 0.28754 and the threshold is 4484.93 s
0.5. good luck. 
++++ frame_probe ID: 882 receives a frame at time 84.9585s ++++
++++ frame_probe ID: 883 receives a frame at time 84.9586s ++++
++++ frame_probe ID: 890 receives a frame at time 84.9587s ++++
Measurement 2/3 complete in 2 second(s).
the 100th message counter  has been visited 19 times  
++++ frame_probe ID: 860 receives a frame at time 85.1139s ++++
++++ frame_probe ID: 1010 receives a frame at time 85.1239s ++++
generated random number is0.588068 at  and the threshold is 0.5. bad luck and try next time. 
4485.12 s
 at 4485.23 s
++++ frame_probe ID: 860 receives a frame at time 85.2895s ++++
INFO: Detected an invalid packet at item 2080
INFO: Parser returned #f
INFO: Detected an invalid packet at item 2112
INFO: Parser returned #f
++++ frame_probe ID: 1010 receives a frame at time 85.2973s ++++
generated random number is0.770849 and the threshold is 0.5. bad luck and try next time.  at 
4485.3 s
 at 4485.41 s
++++ frame_probe ID: 860 receives a frame at time 85.4706s ++++
++++ frame_probe ID: 1010 receives a frame at time 85.4798s ++++
generated random number is0.505893 and the threshold is  at 0.5. bad luck and try next time. 
4485.48 s
 at 4485.59 s
++++ frame_probe ID: 860 receives a frame at time 85.6516s ++++
++++ frame_probe ID: 1010 receives a frame at time 85.662s ++++
generated random number is at 0.141171 and the threshold is 0.5. good luck. 
4485.66 s
++++ frame_probe ID: 882 receives a frame at time 85.6882s ++++
++++ frame_probe ID: 883 receives a frame at time 85.6882s ++++
++++ frame_probe ID: 890 receives a frame at time 85.6883s ++++
the 100th message counter  has been visited 20 times  
++++ frame_probe ID: 860 receives a frame at time 85.8005s ++++
++++ frame_probe ID: 1010 receives a frame at time 85.8055s ++++
generated random number is at 0.0272827 and the threshold is 0.5. good luck. 
4485.81 s
INFO: Detected an invalid packet at item 2176
INFO: Parser returned #f
++++ frame_probe ID: 882 receives a frame at time 85.8317s ++++
++++ frame_probe ID: 883 receives a frame at time 85.8318s ++++
 at 4485.91 s
++++ frame_probe ID: 860 receives a frame at time 85.9717s ++++
++++ frame_probe ID: 1010 receives a frame at time 85.9779s ++++
generated random number is at 0.0966075 and the threshold is 0.5. good luck. 
4485.98 s
++++ frame_probe ID: 882 receives a frame at time 86.0055s ++++
++++ frame_probe ID: 883 receives a frame at time 86.0056s ++++
++++ frame_probe ID: 890 receives a frame at time 86.0056s ++++
Measurement 2/3 complete in 1 second(s).
the 100th message counter  has been visited 21 times  
++++ frame_probe ID: 860 receives a frame at time 86.1609s ++++
++++ frame_probe ID: 1010 receives a frame at time 86.1704s ++++
 at 4486.17 s
generated random number is0.16418 and the threshold is 0.5. good luck. 
++++ frame_probe ID: 882 receives a frame at time 86.1964s ++++
++++ frame_probe ID: 883 receives a frame at time 86.1964s ++++
++++ frame_probe ID: 890 receives a frame at time 86.1965s ++++
the 100th message counter  has been visited 22 times  
++++ frame_probe ID: 860 receives a frame at time 86.3328s ++++
++++ frame_probe ID: 1010 receives a frame at time 86.343s ++++
generated random number is0.15205 and the threshold is 0.5. good luck. 
 at 4486.34 s
++++ frame_probe ID: 882 receives a frame at time 86.3702s ++++
++++ frame_probe ID: 883 receives a frame at time 86.3702s ++++
++++ frame_probe ID: 890 receives a frame at time 86.3703s ++++
the 100th message counter  has been visited 23 times  
++++ frame_probe ID: 860 receives a frame at time 86.4865s ++++
INFO: Detected an invalid packet at item 2336
INFO: Parser returned #f
++++ frame_probe ID: 1010 receives a frame at time 86.4971s ++++
generated random number is at 4486.5 s
0.262628 and the threshold is 0.5. good luck. 
++++ frame_probe ID: 882 receives a frame at time 86.5232s ++++
++++ frame_probe ID: 883 receives a frame at time 86.5233s ++++
++++ frame_probe ID: 890 receives a frame at time 86.5233s ++++
the 100th message counter  has been visited 24 times  
++++ frame_probe ID: 860 receives a frame at time 86.6546s ++++
++++ frame_probe ID: 1010 receives a frame at time 86.6595s ++++
generated random number is0.55548 and the threshold is 0.5. bad luck and try next time.  at 
4486.66 s
 at 4486.77 s
++++ frame_probe ID: 860 receives a frame at time 86.8306s ++++
INFO: Detected an invalid packet at item 2400
INFO: Parser returned #f
++++ frame_probe ID: 1010 receives a frame at time 86.8421s ++++
generated random number is0.713974 and the threshold is  at 0.5. bad luck and try next time. 
4486.84 s
 at 4486.96 s
++++ frame_probe ID: 860 receives a frame at time 87.0173s ++++
INFO: Detected an invalid packet at item 2432
INFO: Parser returned #f
++++ frame_probe ID: 1010 receives a frame at time 87.0243s ++++
generated random number is at 0.64944 and the threshold is 0.5. bad luck and try next time. 
4487.02 s
Measurement 2 raw data directory created /home/inets/0_ba/bachelor_thesis/measurements/debug/data/46/2/.
'/home/inets/source/gr-inets/results/receiver_data_received.txt' -> '/home/inets/0_ba/bachelor_thesis/measurements/debug/data/46/2/receiver_data_received.txt'
'/home/inets/source/gr-inets/results/sender_ack_received.txt' -> '/home/inets/0_ba/bachelor_thesis/measurements/debug/data/46/2/sender_ack_received.txt'
'/home/inets/source/gr-inets/results/sender_data_sent.txt' -> '/home/inets/0_ba/bachelor_thesis/measurements/debug/data/46/2/sender_data_sent.txt'
Measurement 2 raw data moved to /home/inets/0_ba/bachelor_thesis/measurements/debug/data/46/2/.

Measurement 3/3 complete in 15 second(s).
linux; GNU C++ version 5.4.0 20160609; Boost_105800; UHD_003.009.005-45-g6768a615
linux; GNU C++ version 5.4.0 20160609; Boost_105800; UHD_003.009.005-45-g6768a615


Using Volk machine: avx_64_mmx
-- Opening a USRP2/N-Series device...
Using Volk machine: avx_64_mmx
-- Opening a USRP2/N-Series device...
-- Current recv frame size: 1472 bytes
-- Current send frame size: 1472 bytes
-- Current recv frame size: 1472 bytes
-- Current send frame size: 1472 bytes
Measurement 3/3 complete in 14 second(s).
develop_mode of random_filter ID: 1015 is activated.
the 1017th message counter is activated.
the 1018th message counter is activated.
the 1080th message counter is activated.
the 100th message counter is activated.
the 880th message counter is activated.
the 885th message counter is activated.
the 100th message counter is activated.
Measurement 3/3 complete in 13 second(s).
node starts running at 89.4296
node starts running at 89.4393
++++ frame_probe ID: 860 receives a frame at time 89.6377s ++++
++++ frame_probe ID: 1010 receives a frame at time 89.6491s ++++
generated random number is0.6122 and the threshold is 0.5. bad luck and try next time.  at 
4489.65 s
 at 4489.75 s
++++ frame_probe ID: 860 receives a frame at time 89.813s ++++
INFO: Detected an invalid packet at item 0
INFO: Parser returned #f
++++ frame_probe ID: 1010 receives a frame at time 89.8223s ++++
generated random number is at 0.945671 and the threshold is 0.5. bad luck and try next time. 
4489.82 s
 at 4489.93 s
++++ frame_probe ID: 860 receives a frame at time 89.9881s ++++
++++ frame_probe ID: 1010 receives a frame at time 89.995s ++++
generated random number is at 0.337058 and the threshold is 0.5. good luck. 
4490 s
INFO: Detected an invalid packet at item 32
INFO: Parser returned #f
INFO: Detected an invalid packet at item 64
INFO: Parser returned #f
Measurement 3/3 complete in 12 second(s).
 at 4490.12 s
++++ frame_probe ID: 860 receives a frame at time 90.1837s ++++
++++ frame_probe ID: 1010 receives a frame at time 90.1961s ++++
 at 4490.2 s
generated random number is0.439129 and the threshold is 0.5. good luck. 
++++ frame_probe ID: 882 receives a frame at time 90.2163s ++++
++++ frame_probe ID: 883 receives a frame at time 90.2164s ++++
++++ frame_probe ID: 890 receives a frame at time 90.2164s ++++
the 100th message counter  has been visited 1 times  
++++ frame_probe ID: 860 receives a frame at time 90.3364s ++++
++++ frame_probe ID: 1010 receives a frame at time 90.3398s ++++
generated random number is0.762608 and the threshold is 0.5. bad luck and try next time. 
 at 4490.34 s
INFO: Detected an invalid packet at item 128
INFO: Parser returned #f
 at 4490.45 s
++++ frame_probe ID: 860 receives a frame at time 90.5117s ++++
++++ frame_probe ID: 1010 receives a frame at time 90.5222s ++++
generated random number is0.7127 and the threshold is 0.5. bad luck and try next time. 
 at 4490.52 s
 at 4490.63 s
++++ frame_probe ID: 860 receives a frame at time 90.6877s ++++
++++ frame_probe ID: 1010 receives a frame at time 90.6956s ++++
generated random number is0.709384 and the threshold is 0.5. bad luck and try next time. 
 at 4490.7 s
 at 4490.83 s
++++ frame_probe ID: 860 receives a frame at time 90.8937s ++++
++++ frame_probe ID: 1010 receives a frame at time 90.897s ++++
generated random number is0.696086 and the threshold is 0.5. bad luck and try next time. 
 at 4490.9 s
Measurement 3/3 complete in 11 second(s).
 at 4491.07 s
++++ frame_probe ID: 860 receives a frame at time 91.1246s ++++
INFO: Detected an invalid packet at item 160
INFO: Parser returned #f
++++ frame_probe ID: 1010 receives a frame at time 91.1368s ++++
generated random number is0.637677 and the threshold is 0.5. bad luck and try next time. 
 at 4491.14 s
 at 4491.34 s
++++ frame_probe ID: 860 receives a frame at time 91.4004s ++++
++++ frame_probe ID: 1010 receives a frame at time 91.4061s ++++
generated random number is0.748049 and the threshold is 0.5. bad luck and try next time. 
 at 4491.41 s
INFO: Detected an invalid packet at item 192
INFO: Parser returned #f
 at 4491.61 s
++++ frame_probe ID: 860 receives a frame at time 91.6661s ++++
++++ frame_probe ID: 1010 receives a frame at time 91.6746s ++++
generated random number is0.978061 and the threshold is 0.5. bad luck and try next time. 
 at 4491.67 s
INFO: Detected an invalid packet at item 224
INFO: Parser returned #f
 at 4491.78 s
++++ frame_probe ID: 860 receives a frame at time 91.8421s ++++
++++ frame_probe ID: 1010 receives a frame at time 91.8471s ++++
generated random number is at 0.41719 and the threshold is 0.5. good luck. 
4491.85 s
++++ frame_probe ID: 882 receives a frame at time 91.8673s ++++
 at 4491.97 s
++++ frame_probe ID: 860 receives a frame at time 92.0275s ++++
++++ frame_probe ID: 1010 receives a frame at time 92.0396s ++++
generated random number is0.742372 and the threshold is 0.5. bad luck and try next time. 
 at 4492.04 s
INFO: Detected an invalid packet at item 288
INFO: Parser returned #f
Measurement 3/3 complete in 10 second(s).
 at 4492.15 s
++++ frame_probe ID: 860 receives a frame at time 92.2133s ++++
++++ frame_probe ID: 1010 receives a frame at time 92.2219s ++++
generated random number is at 0.0225365 and the threshold is 4492.22 s0.5
. good luck. 
INFO: Detected an invalid packet at item 320
INFO: Parser returned #f
INFO: Detected an invalid packet at item 352
INFO: Parser returned #f
 at 4492.32 s
++++ frame_probe ID: 860 receives a frame at time 92.3837s ++++
++++ frame_probe ID: 1010 receives a frame at time 92.3943s ++++
generated random number is0.982322 and the threshold is 0.5. bad luck and try next time. 
 at 4492.39 s
INFO: Detected an invalid packet at item 384
INFO: Parser returned #f
 at 4492.57 s
++++ frame_probe ID: 860 receives a frame at time 92.625s ++++
++++ frame_probe ID: 1010 receives a frame at time 92.6352s ++++
generated random number is at 0.136368 and the threshold is 4492.64 s
0.5. good luck. 
INFO: Detected an invalid packet at item 416
INFO: Parser returned #f
++++ frame_probe ID: 882 receives a frame at time 92.655s ++++
++++ frame_probe ID: 883 receives a frame at time 92.655s ++++
++++ frame_probe ID: 890 receives a frame at time 92.6551s ++++
the 100th message counter  has been visited 2 times  
++++ frame_probe ID: 860 receives a frame at time 92.7883s ++++
++++ frame_probe ID: 1010 receives a frame at time 92.7982s ++++
generated random number is0.467721 and the threshold is 0.5. good luck. 
 at 4492.8 s
INFO: Detected an invalid packet at item 480
INFO: Parser returned #f
++++ frame_probe ID: 882 receives a frame at time 92.8174s ++++
++++ frame_probe ID: 883 receives a frame at time 92.8174s ++++
++++ frame_probe ID: 890 receives a frame at time 92.8175s ++++
the 100th message counter  has been visited 3 times  
++++ frame_probe ID: 860 receives a frame at time 92.9486s ++++
++++ frame_probe ID: 1010 receives a frame at time 92.9606s ++++
generated random number is0.627786 and the threshold is 0.5. bad luck and try next time. 
 at 4492.96 s
Measurement 3/3 complete in 9 second(s).
 at 4493.06 s
++++ frame_probe ID: 860 receives a frame at time 93.1193s ++++
++++ frame_probe ID: 1010 receives a frame at time 93.1241s ++++
generated random number is0.21577 and the threshold is 0.5. good luck. 
 at 4493.12 s
INFO: Detected an invalid packet at item 544
INFO: Parser returned #f
INFO: Detected an invalid packet at item 576
INFO: Parser returned #f
 at 4493.25 s
++++ frame_probe ID: 860 receives a frame at time 93.305s ++++
++++ frame_probe ID: 1010 receives a frame at time 93.3164s ++++
generated random number is at 0.750519 and the threshold is 0.5. bad luck and try next time. 
4493.32 s
 at 4493.45 s
++++ frame_probe ID: 860 receives a frame at time 93.5108s ++++
++++ frame_probe ID: 1010 receives a frame at time 93.517s ++++
generated random number is at 0.107483 and the threshold is 4493.52 s
0.5. good luck. 
INFO: Detected an invalid packet at item 608
INFO: Parser returned #f
INFO: Detected an invalid packet at item 640
INFO: Parser returned #f
 at 4493.66 s
++++ frame_probe ID: 860 receives a frame at time 93.7171s ++++
INFO: Detected an invalid packet at item 672
INFO: Parser returned #f
++++ frame_probe ID: 1010 receives a frame at time 93.7285s ++++
 at generated random number is4493.73 s
0.297747 and the threshold is 0.5. good luck. 
++++ frame_probe ID: 882 receives a frame at time 93.7495s ++++
++++ frame_probe ID: 883 receives a frame at time 93.7496s ++++
++++ frame_probe ID: 890 receives a frame at time 93.7497s ++++
the 100th message counter  has been visited 4 times  
++++ frame_probe ID: 860 receives a frame at time 93.8658s ++++
++++ frame_probe ID: 1010 receives a frame at time 93.8717s ++++
generated random number is at 0.562558 and the threshold is 0.5. bad luck and try next time. 
4493.87 s
 at 4493.98 s
++++ frame_probe ID: 860 receives a frame at time 94.0418s ++++
++++ frame_probe ID: 1010 receives a frame at time 94.045s ++++
generated random number is at 0.4229154494.05 and the threshold is  s
0.5. good luck. 
Measurement 3/3 complete in 8 second(s).
INFO: Detected an invalid packet at item 736
INFO: Parser returned #f
 at 4494.16 s
++++ frame_probe ID: 860 receives a frame at time 94.2227s ++++
++++ frame_probe ID: 1010 receives a frame at time 94.2274s ++++
generated random number is at 0.544481 and the threshold is 0.5. bad luck and try next time. 
4494.23 s
INFO: Detected an invalid packet at item 768
INFO: Parser returned #f
INFO: Detected an invalid packet at item 800
INFO: Parser returned #f
 at 4494.34 s
++++ frame_probe ID: 860 receives a frame at time 94.3983s ++++
INFO: Detected an invalid packet at item 832
INFO: Parser returned #f
++++ frame_probe ID: 1010 receives a frame at time 94.4097s ++++
generated random number is at 4494.410.199577 s and the threshold is 
0.5. good luck. 
++++ frame_probe ID: 882 receives a frame at time 94.4307s ++++
++++ frame_probe ID: 883 receives a frame at time 94.4308s ++++
++++ frame_probe ID: 890 receives a frame at time 94.4308s ++++
the 100th message counter  has been visited 5 times  
++++ frame_probe ID: 860 receives a frame at time 94.5859s ++++
++++ frame_probe ID: 1010 receives a frame at time 94.5921s ++++
generated random number is at 0.437069 and the threshold is 0.5. good luck. 
4494.59 s
INFO: Detected an invalid packet at item 896
INFO: Parser returned #f
INFO: Detected an invalid packet at item 928
INFO: Parser returned #f
 at 4494.7 s
++++ frame_probe ID: 860 receives a frame at time 94.7617s ++++
++++ frame_probe ID: 1010 receives a frame at time 94.7648s ++++
generated random number is0.808399 and the threshold is 0.5. bad luck and try next time. 
 at 4494.76 s
 at 4494.87 s
++++ frame_probe ID: 860 receives a frame at time 94.9323s ++++
++++ frame_probe ID: 1010 receives a frame at time 94.9382s ++++
generated random number is at 0.3070894494.94 and the threshold is  s
0.5. good luck. 
INFO: Detected an invalid packet at item 960
INFO: Parser returned #f
Measurement 3/3 complete in 7 second(s).
 at 4495.07 s
++++ frame_probe ID: 860 receives a frame at time 95.1276s ++++
INFO: Detected an invalid packet at item 992
INFO: Parser returned #f
++++ frame_probe ID: 1010 receives a frame at time 95.1395s ++++
generated random number is0.901956 and the threshold is  at 0.5. bad luck and try next time. 
4495.14 s
 at 4495.25 s
++++ frame_probe ID: 860 receives a frame at time 95.313s ++++
++++ frame_probe ID: 1010 receives a frame at time 95.3221s ++++
generated random number is at 0.319932 and the threshold is 4495.320.5. good luck.  s

++++ frame_probe ID: 882 receives a frame at time 95.3431s ++++
++++ frame_probe ID: 883 receives a frame at time 95.3431s ++++
++++ frame_probe ID: 890 receives a frame at time 95.3432s ++++
the 100th message counter  has been visited 6 times  
++++ frame_probe ID: 860 receives a frame at time 95.4782s ++++
++++ frame_probe ID: 1010 receives a frame at time 95.4844s ++++
generated random number is0.840132 and the threshold is 0.5. bad luck and try next time. 
 at 4495.48 s
 at 4495.6 s
++++ frame_probe ID: 860 receives a frame at time 95.6541s ++++
++++ frame_probe ID: 1010 receives a frame at time 95.6577s ++++
generated random number is at 0.428205 and the threshold is 0.5. good luck. 
4495.66 s
INFO: Detected an invalid packet at item 1056
INFO: Parser returned #f
INFO: Detected an invalid packet at item 1088
INFO: Parser returned #f
 at 4495.77 s
++++ frame_probe ID: 860 receives a frame at time 95.8295s ++++
++++ frame_probe ID: 1010 receives a frame at time 95.8401s ++++
generated random number is0.990763 and the threshold is 0.5. bad luck and try next time. 
 at 4495.84 s
 at 4495.96 s
++++ frame_probe ID: 860 receives a frame at time 96.0149s ++++
++++ frame_probe ID: 1010 receives a frame at time 96.0227s ++++
generated random number is at 0.296435 and the threshold is 0.5. good luck. 4496.02
 s
INFO: Detected an invalid packet at item 1120
INFO: Parser returned #f
Measurement 3/3 complete in 6 second(s).
 at 4496.13 s
++++ frame_probe ID: 860 receives a frame at time 96.1903s ++++
++++ frame_probe ID: 1010 receives a frame at time 96.195s ++++
generated random number is0.614408 and the threshold is 0.5. bad luck and try next time. 
 at 4496.2 s
INFO: Detected an invalid packet at item 1152
INFO: Parser returned #f
 at 4496.43 s
++++ frame_probe ID: 860 receives a frame at time 96.4911s ++++
++++ frame_probe ID: 1010 receives a frame at time 96.5027s ++++
generated random number is at 0.0404935 and the threshold is 0.5. good luck. 
4496.5 s
++++ frame_probe ID: 882 receives a frame at time 96.5236s ++++
++++ frame_probe ID: 883 receives a frame at time 96.5237s ++++
++++ frame_probe ID: 890 receives a frame at time 96.5238s ++++
the 100th message counter  has been visited 7 times  
++++ frame_probe ID: 860 receives a frame at time 96.646s ++++
++++ frame_probe ID: 1010 receives a frame at time 96.6558s ++++
generated random number is0.604551 and the threshold is 0.5. bad luck and try next time. 
 at 4496.66 s
 at 4496.76 s
++++ frame_probe ID: 860 receives a frame at time 96.8168s ++++
++++ frame_probe ID: 1010 receives a frame at time 96.8284s ++++
 at 4496.83 s
generated random number is0.100989 and the threshold is 0.5. good luck. 
++++ frame_probe ID: 882 receives a frame at time 96.8504s ++++
++++ frame_probe ID: 883 receives a frame at time 96.8505s ++++
++++ frame_probe ID: 890 receives a frame at time 96.8506s ++++
the 100th message counter  has been visited 8 times  
++++ frame_probe ID: 860 receives a frame at time 96.9651s ++++
++++ frame_probe ID: 1010 receives a frame at time 96.9727s ++++
generated random number is0.860432 and the threshold is 0.5. bad luck and try next time. 
 at 4496.97 s
INFO: Detected an invalid packet at item 1248
INFO: Parser returned #f
Measurement 3/3 complete in 5 second(s).
 at 4497.08 s
++++ frame_probe ID: 860 receives a frame at time 97.136s ++++
++++ frame_probe ID: 1010 receives a frame at time 97.1454s ++++
generated random number is0.706614 and the threshold is 0.5. bad luck and try next time. 
 at 4497.15 s
INFO: Detected an invalid packet at item 1280
INFO: Parser returned #f
 at 4497.26 s
++++ frame_probe ID: 860 receives a frame at time 97.3218s ++++
++++ frame_probe ID: 1010 receives a frame at time 97.3276s ++++
generated random number is0.764758 and the threshold is  at 0.5. bad luck and try next time. 
4497.33 s
INFO: Detected an invalid packet at item 1312
INFO: Parser returned #f
 at 4497.47 s
++++ frame_probe ID: 860 receives a frame at time 97.5276s ++++
++++ frame_probe ID: 1010 receives a frame at time 97.5391s ++++
generated random number is at 0.327544 and the threshold is 4497.54 s
0.5. good luck. 
++++ frame_probe ID: 882 receives a frame at time 97.5602s ++++
++++ frame_probe ID: 883 receives a frame at time 97.5602s ++++
++++ frame_probe ID: 890 receives a frame at time 97.5603s ++++
the 100th message counter  has been visited 9 times  
++++ frame_probe ID: 860 receives a frame at time 97.6905s ++++
INFO: Detected an invalid packet at item 1376
INFO: Parser returned #f
++++ frame_probe ID: 1010 receives a frame at time 97.7023s ++++
generated random number is at 0.154357 and the threshold is 0.5. good luck. 
4497.7 s
++++ frame_probe ID: 882 receives a frame at time 97.7234s ++++
++++ frame_probe ID: 883 receives a frame at time 97.7235s ++++
++++ frame_probe ID: 890 receives a frame at time 97.7235s ++++
the 100th message counter  has been visited 10 times  
++++ frame_probe ID: 860 receives a frame at time 97.8796s ++++
++++ frame_probe ID: 1010 receives a frame at time 97.8848s ++++
 at generated random number is4497.88 s
0.3178 and the threshold is 0.5. good luck. 
INFO: Detected an invalid packet at item 1440
INFO: Parser returned #f
++++ frame_probe ID: 882 receives a frame at time 97.9058s ++++
 at 4498 s
Measurement 3/3 complete in 4 second(s).
++++ frame_probe ID: 860 receives a frame at time 98.0552s ++++
INFO: Detected an invalid packet at item 1504
INFO: Parser returned #f
++++ frame_probe ID: 1010 receives a frame at time 98.0672s ++++
generated random number is0.882971 and the threshold is  at 0.5. bad luck and try next time. 
4498.07 s
 at 4498.18 s
++++ frame_probe ID: 860 receives a frame at time 98.2362s ++++
++++ frame_probe ID: 1010 receives a frame at time 98.2395s ++++
generated random number is0.992258 and the threshold is 0.5. bad luck and try next time. 
 at 4498.24 s
 at 4498.38 s
++++ frame_probe ID: 860 receives a frame at time 98.4422s ++++
++++ frame_probe ID: 1010 receives a frame at time 98.4513s ++++
generated random number is0.606665 and the threshold is 0.5. bad luck and try next time. 
 at 4498.45 s
INFO: Detected an invalid packet at item 1536
INFO: Parser returned #f
 at 4498.63 s
++++ frame_probe ID: 860 receives a frame at time 98.6878s ++++
++++ frame_probe ID: 1010 receives a frame at time 98.6907s ++++
generated random number is0.597633 and the threshold is 0.5. bad luck and try next time. 
 at 4498.69 s
INFO: Detected an invalid packet at item 1568
INFO: Parser returned #f
 at 4498.82 s
++++ frame_probe ID: 860 receives a frame at time 98.8791s ++++
++++ frame_probe ID: 1010 receives a frame at time 98.883s ++++
generated random number is0.518199 and the threshold is 0.5. bad luck and try next time. 
 at 4498.88 s
INFO: Detected an invalid packet at item 1600
INFO: Parser returned #f
INFO: Detected an invalid packet at item 1632
INFO: Parser returned #f
Measurement 3/3 complete in 3 second(s).
 at 4499.11 s
++++ frame_probe ID: 860 receives a frame at time 99.1698s ++++
++++ frame_probe ID: 1010 receives a frame at time 99.1807s ++++
generated random number is0.63378 and the threshold is 0.5. bad luck and try next time. 
 at 4499.18 s
 at 4499.28 s
++++ frame_probe ID: 860 receives a frame at time 99.3408s ++++
++++ frame_probe ID: 1010 receives a frame at time 99.344s ++++
generated random number is at 4499.340.372602 s and the threshold is 
0.5. good luck. 
INFO: Detected an invalid packet at item 1664
INFO: Parser returned #f
 at 4499.46 s
++++ frame_probe ID: 860 receives a frame at time 99.5164s ++++
++++ frame_probe ID: 1010 receives a frame at time 99.5264s ++++
 at generated random number is0.0792154 and the threshold is 4499.53 s
0.5. good luck. 
INFO: Detected an invalid packet at item 1696
INFO: Parser returned #f
++++ frame_probe ID: 882 receives a frame at time 99.5476s ++++
++++ frame_probe ID: 883 receives a frame at time 99.5477s ++++
++++ frame_probe ID: 890 receives a frame at time 99.5477s ++++
the 100th message counter  has been visited 11 times  
++++ frame_probe ID: 860 receives a frame at time 99.7039s ++++
++++ frame_probe ID: 1010 receives a frame at time 99.7087s ++++
generated random number is0.555841 and the threshold is 0.5. bad luck and try next time.  at 
4499.71 s
 at 4499.82 s
++++ frame_probe ID: 860 receives a frame at time 99.8799s ++++
++++ frame_probe ID: 1010 receives a frame at time 99.8912s ++++
generated random number is0.931761 and the threshold is 0.5. bad luck and try next time. 
 at 4499.89 s
 at 4500.01 s
Measurement 3/3 complete in 2 second(s).
++++ frame_probe ID: 860 receives a frame at time 0.065477s ++++
++++ frame_probe ID: 1010 receives a frame at time 0.073724s ++++
generated random number is0.550981 and the threshold is 0.5. bad luck and try next time. 
 at 4500.07 s
INFO: Detected an invalid packet at item 1760
INFO: Parser returned #f
 at 4500.21 s
++++ frame_probe ID: 860 receives a frame at time 0.270989s ++++
++++ frame_probe ID: 1010 receives a frame at time 0.275181s ++++
generated random number is0.862157 and the threshold is 0.5. bad luck and try next time. 
 at 4500.28 s
 at 4500.4 s
++++ frame_probe ID: 860 receives a frame at time 0.456697s ++++
++++ frame_probe ID: 1010 receives a frame at time 0.467719s ++++
generated random number is at 0.185811 and the threshold is 0.5. good luck. 
4500.47 s
INFO: Detected an invalid packet at item 1792
INFO: Parser returned #f
++++ frame_probe ID: 882 receives a frame at time 0.488707s ++++
++++ frame_probe ID: 883 receives a frame at time 0.488762s ++++
++++ frame_probe ID: 890 receives a frame at time 0.48884s ++++
the 100th message counter  has been visited 12 times  
++++ frame_probe ID: 860 receives a frame at time 0.635088s ++++
++++ frame_probe ID: 1010 receives a frame at time 0.640014s ++++
generated random number is at 0.180657 and the threshold is 0.5. good luck. 
4500.64 s
INFO: Detected an invalid packet at item 1856
INFO: Parser returned #f
INFO: Detected an invalid packet at item 1888
INFO: Parser returned #f
 at 4500.75 s
++++ frame_probe ID: 860 receives a frame at time 0.806199s ++++
++++ frame_probe ID: 1010 receives a frame at time 0.812347s ++++
generated random number is0.761729 and the threshold is  at 0.5. bad luck and try next time. 
4500.81 s
INFO: Detected an invalid packet at item 1920
INFO: Parser returned #f
 at 4500.93 s
++++ frame_probe ID: 860 receives a frame at time 0.992303s ++++
++++ frame_probe ID: 1010 receives a frame at time 1.00478s ++++
generated random number is0.64367 and the threshold is 0.5. bad luck and try next time. 
 at 4501 s
Measurement 3/3 complete in 1 second(s).
 at 4501.11 s
++++ frame_probe ID: 860 receives a frame at time 1.16863s ++++
++++ frame_probe ID: 1010 receives a frame at time 1.17729s ++++
generated random number is0.66986 and the threshold is 0.5 at . bad luck and try next time. 
4501.18 s
 at 4501.3 s
++++ frame_probe ID: 860 receives a frame at time 1.35437s ++++
++++ frame_probe ID: 1010 receives a frame at time 1.35956s ++++
generated random number is0.810241 and the threshold is 0.5. bad luck and try next time.  at 
4501.36 s
INFO: Detected an invalid packet at item 1952
INFO: Parser returned #f
 at 4501.48 s
++++ frame_probe ID: 860 receives a frame at time 1.54003s ++++
++++ frame_probe ID: 1010 receives a frame at time 1.55204s ++++
generated random number is0.858262 and the threshold is 0.5. bad luck and try next time. 
 at 4501.55 s
 at 4501.9 s
++++ frame_probe ID: 860 receives a frame at time 1.96099s ++++
++++ frame_probe ID: 1010 receives a frame at time 1.96478s ++++
 at generated random number is4501.96 s
0.404292 and the threshold is 0.5. good luck. 
INFO: Detected an invalid packet at item 1984
INFO: Parser returned #f
Measurement 3 raw data directory created /home/inets/0_ba/bachelor_thesis/measurements/debug/data/46/3/.
'/home/inets/source/gr-inets/results/receiver_data_received.txt' -> '/home/inets/0_ba/bachelor_thesis/measurements/debug/data/46/3/receiver_data_received.txt'
'/home/inets/source/gr-inets/results/sender_ack_received.txt' -> '/home/inets/0_ba/bachelor_thesis/measurements/debug/data/46/3/sender_ack_received.txt'
'/home/inets/source/gr-inets/results/sender_data_sent.txt' -> '/home/inets/0_ba/bachelor_thesis/measurements/debug/data/46/3/sender_data_sent.txt'
Measurement 3 raw data moved to /home/inets/0_ba/bachelor_thesis/measurements/debug/data/46/3/.

Now processing results...
Plotting Python should be: python3 (UBUNTU).
Hello from throughput.py!
Hello from variables.py!
[ 110000.   68000.   65000.]
Hello from myplot.py!
I will print a pdf for you now!
Hello from myplot.py!
I will print a cdf for you now!
<a list of 1 Patch objects>
Hello from myplot.py!
I will print a boxplot for you now!
Hello from myplot.py!
I will print a bar for you now!
Hello from rtt.py!
Hello from variables.py!
File /home/inets/0_ba/bachelor_thesis/measurements/debug/data/46/1/sender_bfr_dq.txt not found. Assuming not reached in GR.
Hello from retransmissions.py!
Hello from variables.py!
File /home/inets/0_ba/bachelor_thesis/measurements/debug/data/46/1/sender_retransmissions.txt not found. Assuming not reached in GR.
File /home/inets/0_ba/bachelor_thesis/measurements/debug/data/46/1/sender_max_retransmissions.txt not found. Assuming not reached in GR.
File /home/inets/0_ba/bachelor_thesis/measurements/debug/data/46/1/receiver_retransmissions.txt not found. Assuming not reached in GR.
File /home/inets/0_ba/bachelor_thesis/measurements/debug/data/46/1/receiver_max_retransmissions.txt not found. Assuming not reached in GR.
File /home/inets/0_ba/bachelor_thesis/measurements/debug/data/46/2/sender_retransmissions.txt not found. Assuming not reached in GR.
File /home/inets/0_ba/bachelor_thesis/measurements/debug/data/46/2/sender_max_retransmissions.txt not found. Assuming not reached in GR.
File /home/inets/0_ba/bachelor_thesis/measurements/debug/data/46/2/receiver_retransmissions.txt not found. Assuming not reached in GR.
File /home/inets/0_ba/bachelor_thesis/measurements/debug/data/46/2/receiver_max_retransmissions.txt not found. Assuming not reached in GR.
File /home/inets/0_ba/bachelor_thesis/measurements/debug/data/46/3/sender_retransmissions.txt not found. Assuming not reached in GR.
File /home/inets/0_ba/bachelor_thesis/measurements/debug/data/46/3/sender_max_retransmissions.txt not found. Assuming not reached in GR.
File /home/inets/0_ba/bachelor_thesis/measurements/debug/data/46/3/receiver_retransmissions.txt not found. Assuming not reached in GR.
File /home/inets/0_ba/bachelor_thesis/measurements/debug/data/46/3/receiver_max_retransmissions.txt not found. Assuming not reached in GR.
0.0
0.0
0.0
Hello from myplot.py!
I will print a pdf for you now!
0.0
0.0
0.0
Hello from myplot.py!
I will print a pdf for you now!
0.0
0.0
0.0
Hello from myplot.py!
I will print a pdf for you now!
0.0
0.0
0.0
Hello from myplot.py!
I will print a pdf for you now!
0.0
0.0
0.0
Hello from myplot.py!
I will print a cdf for you now!
<a list of 1 Patch objects>
0.0
0.0
0.0
Hello from myplot.py!
I will print a cdf for you now!
<a list of 1 Patch objects>
0.0
0.0
0.0
Hello from myplot.py!
I will print a cdf for you now!
<a list of 1 Patch objects>
0.0
0.0
0.0
Hello from myplot.py!
I will print a cdf for you now!
<a list of 1 Patch objects>
0.0
0.0
0.0
Hello from myplot.py!
I will print a boxplot for you now!
0.0
0.0
0.0
Hello from myplot.py!
I will print a boxplot for you now!
0.0
0.0
0.0
Hello from myplot.py!
I will print a boxplot for you now!
0.0
0.0
0.0
Hello from myplot.py!
I will print a boxplot for you now!
0.0
0.0
0.0
Hello from myplot.py!
I will print a bar for you now!
0.0
0.0
0.0
Hello from myplot.py!
I will print a bar for you now!
0.0
0.0
0.0
Hello from myplot.py!
I will print a bar for you now!
0.0
0.0
0.0
Hello from myplot.py!
I will print a bar for you now!

+--------------------------------------------------------------+
| Plotting completed. Until the next measurement session then! |
+--------------------------------------------------------------+
