measurement 1/2 complete in 5 second(s).
linux; GNU C++ version 5.4.0 20160609; Boost_105800; UHD_003.009.005-45-g6768a615

linux; GNU C++ version 5.4.0 20160609; Boost_105800; UHD_003.009.005-45-g6768a615

Using Volk machine: avx_64_mmx
-- Opening a USRP2/N-Series device...
Using Volk machine: avx_64_mmx
-- Opening a USRP2/N-Series device...
-- Current recv frame size: 1472 bytes
-- Current send frame size: 1472 bytes
-- Current recv frame size: 1472 bytes
-- Current send frame size: 1472 bytes
measurement 1/2 complete in 4 second(s).
develop mode of resend_check ID: 24 is activated.
develop mode of resend_check ID: 24 is activated.
the 880th message counter is activated.
the 100th message counter is activated.
the 100th message counter is activated.
measurement 1/2 complete in 3 second(s).
node starts running at 71.5024
node starts running at 71.5118
++++ frame_probe ID: 1050 receives a frame at time 71.5863s ++++
++++ frame_probe ID: 1060 receives a frame at time 71.6274s ++++
++++ frame_probe ID: 882 receives a frame at time 71.6404s ++++
++++ frame_probe ID: 883 receives a frame at time 71.6405s ++++
++++ frame_probe ID: 884 receives a frame at time 71.6406s ++++
++++ frame_probe ID: 890 receives a frame at time 71.6407s ++++
++++ frame_probe ID: 860 receives a frame at time 71.656s ++++
++++ frame_probe ID: 1082 receives a frame at time 71.6592s ++++
++++ frame_probe ID: 1083 receives a frame at time 71.6593s ++++
++++ frame_probe ID: 1085 receives a frame at time 71.6593s ++++
++++ frame_probe ID: 882 receives a frame at time 71.6598s ++++
a data frame with index 0 from node: 3 has been transmitted 1th time
++++ frame_probe ID: 1050 receives a frame at time 71.7621s ++++
++++ frame_probe ID: 1060 receives a frame at time 71.803s ++++
++++ frame_probe ID: 882 receives a frame at time 71.8128s ++++
++++ frame_probe ID: 883 receives a frame at time 71.8128s ++++
++++ frame_probe ID: 884 receives a frame at time 71.8129s ++++
++++ frame_probe ID: 890 receives a frame at time 71.8129s ++++
++++ frame_probe ID: 860 receives a frame at time 71.8282s ++++
++++ frame_probe ID: 882 receives a frame at time 71.832s ++++
++++ frame_probe ID: 1082 receives a frame at time 71.8322s ++++
++++ frame_probe ID: 1083 receives a frame at time 71.8322s ++++
++++ frame_probe ID: 1084 receives a frame at time 71.8323s ++++
counter ID 880 results at time 7771.83 is 1
++++ frame_probe ID: 1090 receives a frame at time 71.8323s ++++
the 100th message counter node3_acked has been visited 1 times  
++++ frame_probe ID: 1050 receives a frame at time 71.9467s ++++
++++ frame_probe ID: 1060 receives a frame at time 71.9876s ++++
++++ frame_probe ID: 882 receives a frame at time 71.995s ++++
++++ frame_probe ID: 883 receives a frame at time 71.9951s ++++
++++ frame_probe ID: 884 receives a frame at time 71.9951s ++++
++++ frame_probe ID: 890 receives a frame at time 71.9951s ++++
++++ frame_probe ID: 860 receives a frame at time 72.0105s ++++
++++ frame_probe ID: 882 receives a frame at time 72.0144s ++++
++++ frame_probe ID: 1082 receives a frame at time 72.0147s ++++
++++ frame_probe ID: 1083 receives a frame at time 72.0148s ++++
++++ frame_probe ID: 1084 receives a frame at time 72.0148s ++++
counter ID 880 results at time 7772.01 is 0
++++ frame_probe ID: 1090 receives a frame at time 72.015s ++++
the 100th message counter node3_acked has been visited 2 times  
++++ frame_probe ID: 1050 receives a frame at time 72.0944s ++++
measurement 1/2 complete in 2 second(s).
++++ frame_probe ID: 1060 receives a frame at time 72.1352s ++++
++++ frame_probe ID: 882 receives a frame at time 72.1395s ++++
++++ frame_probe ID: 883 receives a frame at time 72.1396s ++++
++++ frame_probe ID: 884 receives a frame at time 72.1396s ++++
++++ frame_probe ID: 890 receives a frame at time 72.1396s ++++
++++ frame_probe ID: 860 receives a frame at time 72.1548s ++++
++++ frame_probe ID: 1082 receives a frame at time 72.158s ++++
++++ frame_probe ID: 1083 receives a frame at time 72.158s ++++
++++ frame_probe ID: 1084 receives a frame at time 72.1581s ++++
counter ID 880 results at time 7772.16 is 0
++++ frame_probe ID: 1090 receives a frame at time 72.1582s ++++
++++ frame_probe ID: 882 receives a frame at time 72.1587s ++++
the 100th message counter node3_acked has been visited 3 times  
++++ frame_probe ID: 1050 receives a frame at time 72.2636s ++++
++++ frame_probe ID: 1060 receives a frame at time 72.3045s ++++
++++ frame_probe ID: 882 receives a frame at time 72.3118s ++++
++++ frame_probe ID: 883 receives a frame at time 72.3119s ++++
++++ frame_probe ID: 884 receives a frame at time 72.3119s ++++
++++ frame_probe ID: 890 receives a frame at time 72.3119s ++++
++++ frame_probe ID: 860 receives a frame at time 72.3271s ++++
++++ frame_probe ID: 882 receives a frame at time 72.331s ++++
INFO: Detected an invalid packet at item 128
INFO: Parser returned #f
a data frame with index 3 from node: 3 has been transmitted 1th time
++++ frame_probe ID: 1050 receives a frame at time 72.4393s ++++
++++ frame_probe ID: 1060 receives a frame at time 72.48s ++++
++++ frame_probe ID: 882 receives a frame at time 72.4842s ++++
++++ frame_probe ID: 883 receives a frame at time 72.4842s ++++
++++ frame_probe ID: 884 receives a frame at time 72.4843s ++++
++++ frame_probe ID: 890 receives a frame at time 72.4844s ++++
++++ frame_probe ID: 860 receives a frame at time 72.4995s ++++
++++ frame_probe ID: 1082 receives a frame at time 72.5039s ++++
++++ frame_probe ID: 1083 receives a frame at time 72.5039s ++++
++++ frame_probe ID: 1085 receives a frame at time 72.504s ++++
++++ frame_probe ID: 882 receives a frame at time 72.5045s ++++
a data frame with index 3 from node: 3 has been transmitted 2th time
++++ frame_probe ID: 1050 receives a frame at time 72.6102s ++++
++++ frame_probe ID: 1060 receives a frame at time 72.6511s ++++
++++ frame_probe ID: 882 receives a frame at time 72.6575s ++++
++++ frame_probe ID: 883 receives a frame at time 72.6576s ++++
++++ frame_probe ID: 884 receives a frame at time 72.6576s ++++
++++ frame_probe ID: 890 receives a frame at time 72.6577s ++++
++++ frame_probe ID: 860 receives a frame at time 72.6729s ++++
++++ frame_probe ID: 882 receives a frame at time 72.6771s ++++
INFO: Detected an invalid packet at item 192
INFO: Parser returned #f
a data frame with index 3 from node: 3 has been transmitted 3th time
++++ frame_probe ID: 1050 receives a frame at time 72.7815s ++++
++++ frame_probe ID: 1060 receives a frame at time 72.8224s ++++
++++ frame_probe ID: 882 receives a frame at time 72.8299s ++++
++++ frame_probe ID: 883 receives a frame at time 72.8299s ++++
++++ frame_probe ID: 884 receives a frame at time 72.83s ++++
++++ frame_probe ID: 890 receives a frame at time 72.83s ++++
++++ frame_probe ID: 860 receives a frame at time 72.8452s ++++
++++ frame_probe ID: 882 receives a frame at time 72.8492s ++++
INFO: Detected an invalid packet at item 224
INFO: Parser returned #f
a data frame with index 3 from node: 3 has been transmitted 4th time
++++ frame_probe ID: 1050 receives a frame at time 72.9771s ++++
++++ frame_probe ID: 1060 receives a frame at time 73.0179s ++++
++++ frame_probe ID: 882 receives a frame at time 73.0221s ++++
++++ frame_probe ID: 883 receives a frame at time 73.0222s ++++
++++ frame_probe ID: 884 receives a frame at time 73.0222s ++++
++++ frame_probe ID: 890 receives a frame at time 73.0223s ++++
++++ frame_probe ID: 860 receives a frame at time 73.0375s ++++
++++ frame_probe ID: 882 receives a frame at time 73.0415s ++++
INFO: Detected an invalid packet at item 256
INFO: Parser returned #f
measurement 1/2 complete in 1 second(s).
a data frame with index 3 from node: 3 has been transmitted 5th time
++++ frame_probe ID: 1050 receives a frame at time 73.2583s ++++
++++ frame_probe ID: 1060 receives a frame at time 73.2991s ++++
++++ frame_probe ID: 882 receives a frame at time 73.3101s ++++
++++ frame_probe ID: 883 receives a frame at time 73.3101s ++++
++++ frame_probe ID: 884 receives a frame at time 73.3102s ++++
++++ frame_probe ID: 890 receives a frame at time 73.3102s ++++
++++ frame_probe ID: 860 receives a frame at time 73.3253s ++++
++++ frame_probe ID: 882 receives a frame at time 73.3296s ++++
INFO: Detected an invalid packet at item 288
INFO: Parser returned #f
frame: 3 from node: 3 is dropped because its max retransmission counter is reached. 
counter ID 880 results at time 7773.52 is 5
++++ frame_probe ID: 1050 receives a frame at time 73.5393s ++++
++++ frame_probe ID: 1060 receives a frame at time 73.5808s ++++
++++ frame_probe ID: 882 receives a frame at time 73.5888s ++++
++++ frame_probe ID: 884 receives a frame at time ++++ frame_probe ID: 883 receives a frame at time 73.5889s ++++73.5889
s ++++
++++ frame_probe ID: 890 receives a frame at time 73.5889s ++++
++++ frame_probe ID: 860 receives a frame at time 73.6042s ++++
++++ frame_probe ID: 882 receives a frame at time 73.6082s ++++
++++ frame_probe ID: 1082 receives a frame at time 73.6084s ++++
++++ frame_probe ID: 1083 receives a frame at time 73.6086s ++++
++++ frame_probe ID: 1085 receives a frame at time 73.6086s ++++
a data frame with index 4 from node: 3 has been transmitted 1th time
++++ frame_probe ID: 1050 receives a frame at time 73.7157s ++++
++++ frame_probe ID: 1060 receives a frame at time 73.7569s ++++
++++ frame_probe ID: 882 receives a frame at time 73.7612s ++++
++++ frame_probe ID: 883 receives a frame at time 73.7612s ++++
++++ frame_probe ID: 884 receives a frame at time 73.7613s ++++
++++ frame_probe ID: 890 receives a frame at time 73.7613s ++++
++++ frame_probe ID: 860 receives a frame at time 73.7765s ++++
INFO: Detected an invalid packet at item 352
INFO: Parser returned #f
++++ frame_probe ID: 882 receives a frame at time 73.7815s ++++
a data frame with index 4 from node: 3 has been transmitted 2th time
++++ frame_probe ID: 1050 receives a frame at time 73.8868s ++++
++++ frame_probe ID: 1060 receives a frame at time 73.9277s ++++
++++ frame_probe ID: 882 receives a frame at time 73.9345s ++++
++++ frame_probe ID: 883 receives a frame at time 73.9345s ++++
++++ frame_probe ID: 884 receives a frame at time 73.9346s ++++
++++ frame_probe ID: 890 receives a frame at time 73.9346s ++++
++++ frame_probe ID: 860 receives a frame at time 73.9499s ++++
++++ frame_probe ID: 882 receives a frame at time 73.9539s ++++
++++ frame_probe ID: 1082 receives a frame at time 73.9543s ++++
++++ frame_probe ID: 1083 receives a frame at time 73.9544s ++++
++++ frame_probe ID: 1084 receives a frame at time 73.9544s ++++
counter ID 880 results at time 7773.95 is 3
++++ frame_probe ID: 1090 receives a frame at time 73.9545s ++++
the 100th message counter node3_acked has been visited 4 times  
++++ frame_probe ID: 1050 receives a frame at time 74.0428s ++++
++++ frame_probe ID: 1060 receives a frame at time 74.0838s ++++
++++ frame_probe ID: 882 receives a frame at time 74.0879s ++++
++++ frame_probe ID: 883 receives a frame at time 74.0879s ++++
++++ frame_probe ID: 884 receives a frame at time 74.088s ++++
++++ frame_probe ID: 890 receives a frame at time 74.088s ++++
measurement 1 raw data directory created /home/inets/0_ba/bachelor_thesis/measurements/debug/data/170/1/.
'/home/inets/source/gr-inets/results/receiver_ack_sent.txt' -> '/home/inets/0_ba/bachelor_thesis/measurements/debug/data/170/1/receiver_ack_sent.txt'
'/home/inets/source/gr-inets/results/receiver_data_received.txt' -> '/home/inets/0_ba/bachelor_thesis/measurements/debug/data/170/1/receiver_data_received.txt'
'/home/inets/source/gr-inets/results/receiver_frame_anlyzed.txt' -> '/home/inets/0_ba/bachelor_thesis/measurements/debug/data/170/1/receiver_frame_anlyzed.txt'
'/home/inets/source/gr-inets/results/receiver_frame_checked_good.txt' -> '/home/inets/0_ba/bachelor_thesis/measurements/debug/data/170/1/receiver_frame_checked_good.txt'
'/home/inets/source/gr-inets/results/receiver_frame_received.txt' -> '/home/inets/0_ba/bachelor_thesis/measurements/debug/data/170/1/receiver_frame_received.txt'
'/home/inets/source/gr-inets/results/sender_ack_received.txt' -> '/home/inets/0_ba/bachelor_thesis/measurements/debug/data/170/1/sender_ack_received.txt'
'/home/inets/source/gr-inets/results/sender_bfr_dq.txt' -> '/home/inets/0_ba/bachelor_thesis/measurements/debug/data/170/1/sender_bfr_dq.txt'
'/home/inets/source/gr-inets/results/sender_data_sent.txt' -> '/home/inets/0_ba/bachelor_thesis/measurements/debug/data/170/1/sender_data_sent.txt'
'/home/inets/source/gr-inets/results/sender_frame_anlyzed.txt' -> '/home/inets/0_ba/bachelor_thesis/measurements/debug/data/170/1/sender_frame_anlyzed.txt'
'/home/inets/source/gr-inets/results/sender_frame_checked_bad.txt' -> '/home/inets/0_ba/bachelor_thesis/measurements/debug/data/170/1/sender_frame_checked_bad.txt'
'/home/inets/source/gr-inets/results/sender_frame_checked_good.txt' -> '/home/inets/0_ba/bachelor_thesis/measurements/debug/data/170/1/sender_frame_checked_good.txt'
'/home/inets/source/gr-inets/results/sender_frame_received.txt' -> '/home/inets/0_ba/bachelor_thesis/measurements/debug/data/170/1/sender_frame_received.txt'
'/home/inets/source/gr-inets/results/sender_retransmissions.txt' -> '/home/inets/0_ba/bachelor_thesis/measurements/debug/data/170/1/sender_retransmissions.txt'
measurement 1 raw data moved to /home/inets/0_ba/bachelor_thesis/measurements/debug/data/170/1/.

measurement 2/2 complete in 5 second(s).
linux; GNU C++ version 5.4.0 20160609; Boost_105800; UHD_003.009.005-45-g6768a615
linux; GNU C++ version 5.4.0 20160609; Boost_105800; UHD_003.009.005-45-g6768a615


Using Volk machine: avx_64_mmx
-- Opening a USRP2/N-Series device...
Using Volk machine: avx_64_mmx
-- Opening a USRP2/N-Series device...
-- Current recv frame size: 1472 bytes
-- Current send frame size: 1472 bytes
-- Current recv frame size: 1472 bytes
-- Current send frame size: 1472 bytes
measurement 2/2 complete in 4 second(s).
develop mode of resend_check ID: 24 is activated.
develop mode of resend_check ID: 24 is activated.
the 100th message counter is activated.
the 880th message counter is activated.
the 100th message counter is activated.
measurement 2/2 complete in 3 second(s).
node starts running at 76.4861
node starts running at 76.4963
++++ frame_probe ID: 1050 receives a frame at time 76.5363s ++++
++++ frame_probe ID: 1060 receives a frame at time 76.5778s ++++
++++ frame_probe ID: 882 receives a frame at time 76.5817s ++++
++++ frame_probe ID: 883 receives a frame at time 76.5817s ++++
++++ frame_probe ID: 884 receives a frame at time 76.5818s ++++
++++ frame_probe ID: 890 receives a frame at time 76.5818s ++++
++++ frame_probe ID: 860 receives a frame at time 76.5972s ++++
++++ frame_probe ID: 882 receives a frame at time 76.6011s ++++
++++ frame_probe ID: 1082 receives a frame at time 76.6093s ++++
++++ frame_probe ID: 1083 receives a frame at time 76.6094s ++++
++++ frame_probe ID: 1085 receives a frame at time 76.6094s ++++
a data frame with index 0 from node: 3 has been transmitted 1th time
++++ frame_probe ID: 1050 receives a frame at time 76.7127s ++++
++++ frame_probe ID: 1060 receives a frame at time 76.7542s ++++
++++ frame_probe ID: 882 receives a frame at time 76.7643s ++++
++++ frame_probe ID: 883 receives a frame at time 76.7644s ++++
++++ frame_probe ID: 884 receives a frame at time 76.7644s ++++
++++ frame_probe ID: 890 receives a frame at time 76.7645s ++++
++++ frame_probe ID: 860 receives a frame at time 76.7799s ++++
++++ frame_probe ID: 882 receives a frame at time 76.7833s ++++
INFO: Detected an invalid packet at item 32
INFO: Parser returned #f
a data frame with index 0 from node: 3 has been transmitted 2th time
++++ frame_probe ID: 1050 receives a frame at time 76.8894s ++++
++++ frame_probe ID: 1060 receives a frame at time 76.9303s ++++
++++ frame_probe ID: 882 receives a frame at time 76.9364s ++++
++++ frame_probe ID: 883 receives a frame at time 76.9364s ++++
++++ frame_probe ID: 884 receives a frame at time 76.9365s ++++
++++ frame_probe ID: 890 receives a frame at time 76.9365s ++++
++++ frame_probe ID: 860 receives a frame at time 76.9518s ++++
++++ frame_probe ID: 1082 receives a frame at time 76.9556s ++++
++++ frame_probe ID: 1083 receives a frame at time 76.9556s ++++
++++ frame_probe ID: 1084 receives a frame at time 76.9557s ++++
counter ID 880 results at time ++++ frame_probe ID: 1090 receives a frame at time 7776.96 is 2
76.9557s ++++
++++ frame_probe ID: 882 receives a frame at time 76.9558s ++++
the 100th message counter node3_acked has been visited 1 times  
++++ frame_probe ID: 1050 receives a frame at time 77.0331s ++++
++++ frame_probe ID: 1060 receives a frame at time 77.0739s ++++
++++ frame_probe ID: 882 receives a frame at time 77.0806s ++++
++++ frame_probe ID: 883 receives a frame at time 77.0806s ++++
++++ frame_probe ID: 884 receives a frame at time 77.0807s ++++
++++ frame_probe ID: 890 receives a frame at time 77.0807s ++++
++++ frame_probe ID: 860 receives a frame at time 77.0959s ++++
++++ frame_probe ID: 1082 receives a frame at time 77.0988s ++++
++++ frame_probe ID: 1083 receives a frame at time 77.0988s ++++
++++ frame_probe ID: 1085 receives a frame at time 77.0988s ++++
++++ frame_probe ID: 882 receives a frame at time 77.0999s ++++
measurement 2/2 complete in 2 second(s).
a data frame with index 1 from node: 3 has been transmitted 1th time
++++ frame_probe ID: 1050 receives a frame at time 77.2093s ++++
++++ frame_probe ID: 1060 receives a frame at time 77.2501s ++++
++++ frame_probe ID: 882 receives a frame at time 77.253s ++++
++++ frame_probe ID: 883 receives a frame at time 77.2531s ++++
++++ frame_probe ID: 884 receives a frame at time 77.2531s ++++
++++ frame_probe ID: 890 receives a frame at time 77.2532s ++++
++++ frame_probe ID: 860 receives a frame at time 77.2684s ++++
++++ frame_probe ID: 1082 receives a frame at time 77.2724s ++++
++++ frame_probe ID: 882 receives a frame at time 77.2725s ++++
++++ frame_probe ID: 1083 receives a frame at time 77.2726s ++++
++++ frame_probe ID: 1085 receives a frame at time 77.2726s ++++
a data frame with index 1 from node: 3 has been transmitted 2th time
++++ frame_probe ID: 1050 receives a frame at time 77.3855s ++++
++++ frame_probe ID: 1060 receives a frame at time 77.4264s ++++
++++ frame_probe ID: 882 receives a frame at time 77.4354s ++++
++++ frame_probe ID: 883 receives a frame at time 77.4354s ++++
++++ frame_probe ID: 884 receives a frame at time 77.4355s ++++
++++ frame_probe ID: 890 receives a frame at time 77.4355s ++++
++++ frame_probe ID: 860 receives a frame at time 77.4509s ++++
++++ frame_probe ID: 1082 receives a frame at time 77.4545s ++++
++++ frame_probe ID: 1083 receives a frame at time 77.4547s ++++
++++ frame_probe ID: 1085 receives a frame at time 77.4548s ++++
++++ frame_probe ID: 882 receives a frame at time 77.4554s ++++
a data frame with index 1 from node: 3 has been transmitted 3th time
++++ frame_probe ID: 1050 receives a frame at time 77.5762s ++++
++++ frame_probe ID: 1060 receives a frame at time 77.6171s ++++
++++ frame_probe ID: 882 receives a frame at time 77.6278s ++++
++++ frame_probe ID: 883 receives a frame at time 77.6278s ++++
++++ frame_probe ID: 884 receives a frame at time 77.6278s ++++
++++ frame_probe ID: 890 receives a frame at time 77.6279s ++++
++++ frame_probe ID: 860 receives a frame at time 77.6432s ++++
++++ frame_probe ID: 1082 receives a frame at time 77.6462s ++++
++++ frame_probe ID: 1083 receives a frame at time 77.6462s ++++
++++ frame_probe ID: 1084 receives a frame at time 77.6462s ++++
counter ID 880 results at time 7777.65 is 3
++++ frame_probe ID: 1090 receives a frame at time 77.6464s ++++
++++ frame_probe ID: 882 receives a frame at time 77.6472s ++++
the 100th message counter node3_acked has been visited 2 times  
++++ frame_probe ID: 1050 receives a frame at time 77.7407s ++++
++++ frame_probe ID: 1060 receives a frame at time 77.7817s ++++
++++ frame_probe ID: 882 receives a frame at time 77.7911s ++++
++++ frame_probe ID: 883 receives a frame at time 77.7911s ++++
++++ frame_probe ID: 884 receives a frame at time 77.7912s ++++
++++ frame_probe ID: 890 receives a frame at time 77.7913s ++++
++++ frame_probe ID: 860 receives a frame at time 77.8068s ++++
++++ frame_probe ID: 882 receives a frame at time 77.8105s ++++
++++ frame_probe ID: 1082 receives a frame at time 77.8188s ++++
++++ frame_probe ID: 1083 receives a frame at time 77.8189s ++++
++++ frame_probe ID: 1085 receives a frame at time 77.8189s ++++
a data frame with index 2 from node: 3 has been transmitted 1th time
++++ frame_probe ID: 1050 receives a frame at time 77.9163s ++++
++++ frame_probe ID: 1060 receives a frame at time 77.9572s ++++
++++ frame_probe ID: 882 receives a frame at time 77.9635s ++++
++++ frame_probe ID: 883 receives a frame at time 77.9635s ++++
++++ frame_probe ID: 884 receives a frame at time 77.9636s ++++
++++ frame_probe ID: 890 receives a frame at time 77.9636s ++++
++++ frame_probe ID: 860 receives a frame at time 77.9788s ++++
++++ frame_probe ID: 1082 receives a frame at time 77.9828s ++++
++++ frame_probe ID: 1083 receives a frame at time 77.9828s ++++
++++ frame_probe ID: 1084 receives a frame at time 77.9829s ++++
++++ frame_probe ID: 882 receives a frame at time 77.9829s ++++
++++ frame_probe ID: 1090 receives a frame at time 77.983s ++++
counter ID 880 results at time 7777.98 is 1
the 100th message counter node3_acked has been visited 3 times  
++++ frame_probe ID: 1050 receives a frame at time 78.0934s ++++
measurement 2/2 complete in 1 second(s).
++++ frame_probe ID: 1060 receives a frame at time 78.1342s ++++
++++ frame_probe ID: 882 receives a frame at time 78.1459s ++++
++++ frame_probe ID: 883 receives a frame at time 78.146s ++++
++++ frame_probe ID: 884 receives a frame at time 78.146s ++++
++++ frame_probe ID: 890 receives a frame at time 78.1461s ++++
++++ frame_probe ID: 860 receives a frame at time 78.1612s ++++
++++ frame_probe ID: 1082 receives a frame at time 78.1651s ++++
++++ frame_probe ID: 1083 receives a frame at time 78.1651s ++++
++++ frame_probe ID: 1084 receives a frame at time 78.1652s ++++
counter ID 880 results at time 7778.17 is 0
++++ frame_probe ID: 1090 receives a frame at time 78.1652s ++++
++++ frame_probe ID: 882 receives a frame at time 78.1652s ++++
the 100th message counter node3_acked has been visited 4 times  
++++ frame_probe ID: 1050 receives a frame at time 78.2386s ++++
++++ frame_probe ID: 1060 receives a frame at time 78.2794s ++++
++++ frame_probe ID: 882 receives a frame at time 78.2906s ++++
++++ frame_probe ID: 883 receives a frame at time 78.2906s ++++
++++ frame_probe ID: 884 receives a frame at time 78.2906s ++++
++++ frame_probe ID: 890 receives a frame at time 78.2907s ++++
++++ frame_probe ID: 860 receives a frame at time 78.3059s ++++
++++ frame_probe ID: 882 receives a frame at time 78.3096s ++++
++++ frame_probe ID: 1082 receives a frame at time 78.3182s ++++
++++ frame_probe ID: 1083 receives a frame at time 78.3182s ++++
++++ frame_probe ID: 1084 receives a frame at time 78.3183s ++++
counter ID 880 results at time 7778.32 is 0
++++ frame_probe ID: 1090 receives a frame at time 78.3183s ++++
the 100th message counter node3_acked has been visited 5 times  
++++ frame_probe ID: 1050 receives a frame at time 78.4307s ++++
++++ frame_probe ID: 1060 receives a frame at time 78.4715s ++++
++++ frame_probe ID: 882 receives a frame at time 78.4817s ++++
++++ frame_probe ID: 883 receives a frame at time 78.4818s ++++
++++ frame_probe ID: 884 receives a frame at time 78.4818s ++++
++++ frame_probe ID: 890 receives a frame at time 78.4819s ++++
++++ frame_probe ID: 860 receives a frame at time 78.4971s ++++
++++ frame_probe ID: 1082 receives a frame at time 78.501s ++++
++++ frame_probe ID: 1083 receives a frame at time 78.501s ++++
counter ID 880 results at time 7778.5 is 0
++++ frame_probe ID: 1090 receives a frame at time 78.5011s ++++
++++ frame_probe ID: 1084 receives a frame at time 78.5011s ++++
++++ frame_probe ID: 882 receives a frame at time 78.5012s ++++
the 100th message counter node3_acked has been visited 6 times  
++++ frame_probe ID: 1050 receives a frame at time 78.5706s ++++
++++ frame_probe ID: 1060 receives a frame at time 78.6114s ++++
++++ frame_probe ID: 882 receives a frame at time 78.6159s ++++
++++ frame_probe ID: 883 receives a frame at time 78.616s ++++
++++ frame_probe ID: 884 receives a frame at time 78.616s ++++
++++ frame_probe ID: 890 receives a frame at time 78.6161s ++++
++++ frame_probe ID: 860 receives a frame at time 78.6313s ++++
++++ frame_probe ID: 1082 receives a frame at time 78.6351s ++++
++++ frame_probe ID: 1083 receives a frame at time 78.6352s ++++
++++ frame_probe ID: 1085 receives a frame at time 78.6353s ++++
++++ frame_probe ID: 882 receives a frame at time 78.6354s ++++
a data frame with index 6 from node: 3 has been transmitted 1th time
++++ frame_probe ID: 1050 receives a frame at time 78.7411s ++++
++++ frame_probe ID: 1060 receives a frame at time 78.7819s ++++
++++ frame_probe ID: 882 receives a frame at time 78.7893s ++++
++++ frame_probe ID: 883 receives a frame at time 78.7894s ++++
++++ frame_probe ID: 884 receives a frame at time 78.7894s ++++
++++ frame_probe ID: 890 receives a frame at time 78.7895s ++++
++++ frame_probe ID: 860 receives a frame at time 78.8046s ++++
INFO: Detected an invalid packet at item 416
INFO: Parser returned #f
++++ frame_probe ID: 882 receives a frame at time 78.8088s ++++
a data frame with index 6 from node: 3 has been transmitted 2th time
++++ frame_probe ID: 1050 receives a frame at time 78.9116s ++++
++++ frame_probe ID: 1060 receives a frame at time 78.9524s ++++
++++ frame_probe ID: 882 receives a frame at time 78.9618s ++++
++++ frame_probe ID: 883 receives a frame at time 78.9619s ++++
++++ frame_probe ID: 884 receives a frame at time 78.9619s ++++
++++ frame_probe ID: 890 receives a frame at time 78.962s ++++
++++ frame_probe ID: 860 receives a frame at time 78.9771s ++++
++++ frame_probe ID: 1082 receives a frame at time 78.981s ++++
++++ frame_probe ID: 1083 receives a frame at time 78.9811s ++++
++++ frame_probe ID: 1084 receives a frame at time 78.9811s ++++
++++ frame_probe ID: 882 receives a frame at time 78.9811s ++++
counter ID 880 results at time 7778.98 is 2
++++ frame_probe ID: 1090 receives a frame at time 78.9811s ++++
the 100th message counter node3_acked has been visited 7 times  
++++ frame_probe ID: 1050 receives a frame at time 79.0625s ++++
++++ frame_probe ID: 1060 receives a frame at time 79.1034s ++++
measurement 2 raw data directory created /home/inets/0_ba/bachelor_thesis/measurements/debug/data/170/2/.
'/home/inets/source/gr-inets/results/receiver_ack_sent.txt' -> '/home/inets/0_ba/bachelor_thesis/measurements/debug/data/170/2/receiver_ack_sent.txt'
'/home/inets/source/gr-inets/results/receiver_data_received.txt' -> '/home/inets/0_ba/bachelor_thesis/measurements/debug/data/170/2/receiver_data_received.txt'
'/home/inets/source/gr-inets/results/receiver_frame_anlyzed.txt' -> '/home/inets/0_ba/bachelor_thesis/measurements/debug/data/170/2/receiver_frame_anlyzed.txt'
'/home/inets/source/gr-inets/results/receiver_frame_checked_good.txt' -> '/home/inets/0_ba/bachelor_thesis/measurements/debug/data/170/2/receiver_frame_checked_good.txt'
'/home/inets/source/gr-inets/results/receiver_frame_received.txt' -> '/home/inets/0_ba/bachelor_thesis/measurements/debug/data/170/2/receiver_frame_received.txt'
'/home/inets/source/gr-inets/results/sender_ack_received.txt' -> '/home/inets/0_ba/bachelor_thesis/measurements/debug/data/170/2/sender_ack_received.txt'
'/home/inets/source/gr-inets/results/sender_bfr_dq.txt' -> '/home/inets/0_ba/bachelor_thesis/measurements/debug/data/170/2/sender_bfr_dq.txt'
'/home/inets/source/gr-inets/results/sender_data_sent.txt' -> '/home/inets/0_ba/bachelor_thesis/measurements/debug/data/170/2/sender_data_sent.txt'
'/home/inets/source/gr-inets/results/sender_frame_anlyzed.txt' -> '/home/inets/0_ba/bachelor_thesis/measurements/debug/data/170/2/sender_frame_anlyzed.txt'
'/home/inets/source/gr-inets/results/sender_frame_checked_bad.txt' -> '/home/inets/0_ba/bachelor_thesis/measurements/debug/data/170/2/sender_frame_checked_bad.txt'
'/home/inets/source/gr-inets/results/sender_frame_checked_good.txt' -> '/home/inets/0_ba/bachelor_thesis/measurements/debug/data/170/2/sender_frame_checked_good.txt'
'/home/inets/source/gr-inets/results/sender_frame_received.txt' -> '/home/inets/0_ba/bachelor_thesis/measurements/debug/data/170/2/sender_frame_received.txt'
'/home/inets/source/gr-inets/results/sender_retransmissions.txt' -> '/home/inets/0_ba/bachelor_thesis/measurements/debug/data/170/2/sender_retransmissions.txt'
measurement 2 raw data moved to /home/inets/0_ba/bachelor_thesis/measurements/debug/data/170/2/.

now processing results...
plotting python should be: python3 (ubuntu).
Hello from rtt.py!
hello from variables.py!
data_sent: 1500397771.586251
data_sent: 1500397771.762118
data_sent: 1500397771.946723
data_sent: 1500397772.094441
data_sent: 1500397772.263559
data_sent: 1500397772.439306
data_sent: 1500397772.610234
data_sent: 1500397772.781493
data_sent: 1500397772.977141
data_sent: 1500397773.258314
data_sent: 1500397773.539328
data_sent: 1500397773.715659
data_sent: 1500397773.886780
data_sent: 1500397774.042849
ack_received: 1500397771.832324
ack_received: 1500397772.014996
ack_received: 1500397772.158177
ack_received: 1500397773.954455
retx: [1, 0, 0, 5, 3]
Last data frame wasnt acked (max tries).                         Termintating calculation here.

The resulting RTTs of this single measurement are:
[0.06827, 0.06374]



The resulting mean RTT of this single measurement is:
0.06600500000000001


abs. packet loss: 10.0
packet loss in %: 71.43%
data_sent: 1500397776.536253
data_sent: 1500397776.712728
data_sent: 1500397776.889375
data_sent: 1500397777.033110
data_sent: 1500397777.209274
data_sent: 1500397777.385545
data_sent: 1500397777.576227
data_sent: 1500397777.740734
data_sent: 1500397777.916279
data_sent: 1500397778.093386
data_sent: 1500397778.238573
data_sent: 1500397778.430685
data_sent: 1500397778.570551
data_sent: 1500397778.741069
data_sent: 1500397778.911648
data_sent: 1500397779.062453
ack_received: 1500397776.955725
ack_received: 1500397777.646364
ack_received: 1500397777.982973
ack_received: 1500397778.165212
ack_received: 1500397778.318295
ack_received: 1500397778.501133
ack_received: 1500397778.981147
retx: [2, 3, 1, 0, 0, 0, 2]

The resulting RTTs of this single measurement are:
[0.07183, 0.07972, 0.07045]



The resulting mean RTT of this single measurement is:
0.07400000000000001


abs. packet loss: 9.0
packet loss in %: 56.25%
[ 0.066005  0.074   ]
Hello from myplot.py!
I will print a pdf for you now!
Hello from myplot.py!
I will print a pdf for you now!
Hello from myplot.py!
I will print a pdf for you now!
Hello from myplot.py!
I will print a cdf for you now!
<a list of 1 Patch objects>
Hello from myplot.py!
I will print a cdf for you now!
<a list of 1 Patch objects>
Hello from myplot.py!
I will print a cdf for you now!
<a list of 1 Patch objects>
Hello from myplot.py!
I will print a boxplot for you now!
Hello from myplot.py!
I will print a boxplot for you now!
Hello from myplot.py!
I will print a boxplot for you now!
Hello from myplot.py!
I will print a bar for you now!
Hello from throughput.py!
hello from variables.py!
ackcount: 4
datacount: 14
ackcount: 7
datacount: 15
[ 4000.  7000.]
Hello from myplot.py!
I will print a pdf for you now!
Hello from myplot.py!
I will print a cdf for you now!
<a list of 1 Patch objects>
Hello from myplot.py!
I will print a boxplot for you now!
Hello from myplot.py!
I will print a bar for you now!

+--------------------------------------------------------------+
| plotting completed. until the next measurement session then! |
+--------------------------------------------------------------+
