measurement 1/2 complete in 4 second(s).
linux; GNU C++ version 5.4.0 20160609; Boost_105800; UHD_003.009.005-45-g6768a615
linux; GNU C++ version 5.4.0 20160609; Boost_105800; UHD_003.009.005-45-g6768a615


Using Volk machine: avx_64_mmx
-- Opening a USRP2/N-Series device...
Using Volk machine: avx_64_mmx
-- Opening a USRP2/N-Series device...
-- Current recv frame size: 1472 bytes
-- Current send frame size: 1472 bytes
-- Current recv frame size: 1472 bytes
-- Current send frame size: 1472 bytes
measurement 1/2 complete in 3 second(s).
develop mode of resend_check ID: 24 is activated.
develop mode of resend_check ID: 24 is activated.
the 100th message counter is activated.
the 880th message counter is activated.
the 100th message counter is activated.
measurement 1/2 complete in 2 second(s).
node starts running at 72.4845
node starts running at 72.4889
++++ frame_probe ID: 1050 receives a frame at time 72.5799s ++++
++++ frame_probe ID: 1060 receives a frame at time 72.6207s ++++
++++ frame_probe ID: 882 receives a frame at time 72.6309s ++++
++++ frame_probe ID: 883 receives a frame at time 72.6309s ++++
++++ frame_probe ID: 884 receives a frame at time 72.6309s ++++
++++ frame_probe ID: 890 receives a frame at time 72.631s ++++
++++ frame_probe ID: 860 receives a frame at time 72.6391s ++++
INFO: Detected an invalid packet at item 32
INFO: Parser returned #f
++++ frame_probe ID: 882 receives a frame at time 72.65s ++++
++++ frame_probe ID: 1082 receives a frame at time 72.6506s ++++
++++ frame_probe ID: 1083 receives a frame at time 72.6506s ++++
++++ frame_probe ID: 1085 receives a frame at time 72.6507s ++++
a data frame with index 0 from node: 3 has been transmitted 1th time
++++ frame_probe ID: 1050 receives a frame at time 72.7562s ++++
++++ frame_probe ID: 1060 receives a frame at time 72.7967s ++++
++++ frame_probe ID: 882 receives a frame at time 72.8042s ++++
++++ frame_probe ID: 883 receives a frame at time 72.8042s ++++
++++ frame_probe ID: 884 receives a frame at time 72.8045s ++++
++++ frame_probe ID: 890 receives a frame at time 72.8045s ++++
++++ frame_probe ID: 860 receives a frame at time 72.8125s ++++
INFO: Detected an invalid packet at item 128
INFO: Parser returned #f
++++ frame_probe ID: 882 receives a frame at time 72.8225s ++++
++++ frame_probe ID: 1082 receives a frame at time 72.8234s ++++
++++ frame_probe ID: 1084 receives a frame at time ++++ frame_probe ID: 1083 receives a frame at time 72.8235s ++++
72.8235s ++++
counter ID 880 results at time 272.824 is 1
++++ frame_probe ID: 1090 receives a frame at time 72.8236s ++++
the 100th message counter node3_acked has been visited 1 times  
++++ frame_probe ID: 1050 receives a frame at time 72.9009s ++++
++++ frame_probe ID: 1060 receives a frame at time 72.9415s ++++
++++ frame_probe ID: 882 receives a frame at time 72.9476s ++++
++++ frame_probe ID: 883 receives a frame at time 72.9477s ++++
++++ frame_probe ID: 884 receives a frame at time 72.9477s ++++
++++ frame_probe ID: 890 receives a frame at time 72.9478s ++++
++++ frame_probe ID: 860 receives a frame at time 72.9559s ++++
INFO: Detected an invalid packet at item 224
INFO: Parser returned #f
++++ frame_probe ID: 882 receives a frame at time 72.967s ++++
++++ frame_probe ID: 1082 receives a frame at time 72.967s ++++
++++ frame_probe ID: 1083 receives a frame at time 72.9671s ++++
++++ frame_probe ID: 1084 receives a frame at time 72.9671s ++++
counter ID 880 results at time ++++ frame_probe ID: 1090 receives a frame at time 272.967 is 0
72.9671s ++++
the 100th message counter node3_acked has been visited 2 times  
++++ frame_probe ID: 1050 receives a frame at time 73.0814s ++++
measurement 1/2 complete in 1 second(s).
++++ frame_probe ID: 1060 receives a frame at time 73.1221s ++++
++++ frame_probe ID: 882 receives a frame at time 73.1303s ++++
++++ frame_probe ID: 883 receives a frame at time 73.1304s ++++
++++ frame_probe ID: 884 receives a frame at time 73.1304s ++++
++++ frame_probe ID: 890 receives a frame at time 73.1304s ++++
++++ frame_probe ID: 860 receives a frame at time 73.1385s ++++
INFO: Detected an invalid packet at item 320
INFO: Parser returned #f
++++ frame_probe ID: 882 receives a frame at time 73.1494s ++++
++++ frame_probe ID: 1082 receives a frame at time 73.1494s ++++
++++ frame_probe ID: 1083 receives a frame at time 73.1495s ++++
counter ID 880 results at time ++++ frame_probe ID: 1084 receives a frame at time 273.1573.1495 is s ++++0

++++ frame_probe ID: 1090 receives a frame at time 73.1495s ++++
the 100th message counter node3_acked has been visited 3 times  
++++ frame_probe ID: 1050 receives a frame at time 73.2249s ++++
++++ frame_probe ID: 1060 receives a frame at time 73.2656s ++++
++++ frame_probe ID: 882 receives a frame at time 73.2737s ++++
++++ frame_probe ID: 883 receives a frame at time 73.2737s ++++
++++ frame_probe ID: 884 receives a frame at time 73.2738s ++++
++++ frame_probe ID: 890 receives a frame at time 73.2738s ++++
++++ frame_probe ID: 860 receives a frame at time 73.2819s ++++
INFO: Detected an invalid packet at item 416
INFO: Parser returned #f
++++ frame_probe ID: 882 receives a frame at time 73.2932s ++++
++++ frame_probe ID: 1082 receives a frame at time 73.2932s ++++
++++ frame_probe ID: 1083 receives a frame at time 73.2933s ++++
++++ frame_probe ID: 1084 receives a frame at time 73.2933s ++++
counter ID 880 results at time ++++ frame_probe ID: 273.293 is 10900 receives a frame at time 
73.2934s ++++
the 100th message counter node3_acked has been visited 4 times  
++++ frame_probe ID: 1050 receives a frame at time 73.3757s ++++
++++ frame_probe ID: 1060 receives a frame at time 73.4165s ++++
++++ frame_probe ID: 882 receives a frame at time 73.427s ++++
++++ frame_probe ID: 883 receives a frame at time 73.4271s ++++
++++ frame_probe ID: 884 receives a frame at time 73.4271s ++++
++++ frame_probe ID: 890 receives a frame at time 73.4271s ++++
++++ frame_probe ID: 860 receives a frame at time 73.4352s ++++
INFO: Detected an invalid packet at item 512
INFO: Parser returned #f
++++ frame_probe ID: 1082 receives a frame at time 73.4471s ++++
++++ frame_probe ID: 1083 receives a frame at time 73.4472s ++++
++++ frame_probe ID: 1084 receives a frame at time 73.4472s ++++
++++ frame_probe ID: 882 receives a frame at time 73.4472s ++++
counter ID 880 results at time ++++ frame_probe ID: 1090 receives a frame at time 73.4473s ++++
273.447 is 0
the 100th message counter node3_acked has been visited 5 times  
++++ frame_probe ID: 1050 receives a frame at time 73.5156s ++++
++++ frame_probe ID: 1060 receives a frame at time 73.5563s ++++
++++ frame_probe ID: 882 receives a frame at time 73.5613s ++++
++++ frame_probe ID: 883 receives a frame at time 73.5613s ++++
++++ frame_probe ID: 884 receives a frame at time 73.5614s ++++
++++ frame_probe ID: 890 receives a frame at time 73.5614s ++++
++++ frame_probe ID: 860 receives a frame at time 73.5695s ++++
INFO: Detected an invalid packet at item 608
INFO: Parser returned #f
++++ frame_probe ID: 882 receives a frame at time 73.5807s ++++
++++ frame_probe ID: 1082 receives a frame at time 73.5814s ++++
++++ frame_probe ID: 1083 receives a frame at time 73.5815s ++++
++++ frame_probe ID: 1084 receives a frame at time 73.5815s ++++
counter ID 880 results at time ++++ frame_probe ID: 1090 receives a frame at time 273.582 is 0
73.5815s ++++
the 100th message counter node3_acked has been visited 6 times  
++++ frame_probe ID: 1050 receives a frame at time 73.6579s ++++
++++ frame_probe ID: 1060 receives a frame at time 73.6987s ++++
++++ frame_probe ID: 882 receives a frame at time 73.7047s ++++
++++ frame_probe ID: 883 receives a frame at time 73.7047s ++++
++++ frame_probe ID: 884 receives a frame at time 73.7048s ++++
++++ frame_probe ID: 890 receives a frame at time 73.7048s ++++
++++ frame_probe ID: 860 receives a frame at time 73.713s ++++
INFO: Detected an invalid packet at item 704
INFO: Parser returned #f
++++ frame_probe ID: 882 receives a frame at time 73.7241s ++++
++++ frame_probe ID: 1082 receives a frame at time 73.7242s ++++
++++ frame_probe ID: 1083 receives a frame at time 73.7242s ++++
++++ frame_probe ID: 1084 receives a frame at time 73.7243s ++++
counter ID 880 results at time 273.724 is 0
++++ frame_probe ID: 1090 receives a frame at time 73.7243s ++++
the 100th message counter node3_acked has been visited 7 times  
++++ frame_probe ID: 1050 receives a frame at time 73.8257s ++++
++++ frame_probe ID: 1060 receives a frame at time 73.8664s ++++
++++ frame_probe ID: 882 receives a frame at time 73.8771s ++++
++++ frame_probe ID: 883 receives a frame at time 73.8771s ++++
++++ frame_probe ID: 884 receives a frame at time 73.8773s ++++
++++ frame_probe ID: 890 receives a frame at time 73.8773s ++++
++++ frame_probe ID: 860 receives a frame at time 73.8854s ++++
INFO: Detected an invalid packet at item 800
INFO: Parser returned #f
++++ frame_probe ID: 882 receives a frame at time 73.8965s ++++
++++ frame_probe ID: 1082 receives a frame at time 73.8967s ++++
++++ frame_probe ID: 1083 receives a frame at time 73.8967s ++++
++++ frame_probe ID: 1084 receives a frame at time 73.8967s ++++
counter ID 880 results at time 273.897 is 0
++++ frame_probe ID: 1090 receives a frame at time 73.8968s ++++
the 100th message counter node3_acked has been visited 8 times  
++++ frame_probe ID: 1050 receives a frame at time 74.0012s ++++
++++ frame_probe ID: 1060 receives a frame at time 74.0422s ++++
++++ frame_probe ID: 882 receives a frame at time 74.0496s ++++
++++ frame_probe ID: 883 receives a frame at time 74.0496s ++++
++++ frame_probe ID: 884 receives a frame at time 74.0496s ++++
++++ frame_probe ID: 890 receives a frame at time 74.0497s ++++
++++ frame_probe ID: 860 receives a frame at time 74.0578s ++++
INFO: Detected an invalid packet at item 896
INFO: Parser returned #f
++++ frame_probe ID: 882 receives a frame at time 74.0689s ++++
++++ frame_probe ID: 1082 receives a frame at time 74.0691s ++++
++++ frame_probe ID: 1083 receives a frame at time 74.0692s ++++
++++ frame_probe ID: 1084 receives a frame at time 74.0692s ++++
counter ID 880 results at time 274.069 is 0
++++ frame_probe ID: 1090 receives a frame at time 74.0693s ++++
measurement 1 raw data directory created /home/inets/0_ba/bachelor_thesis/measurements/debug/data/179/1/.
'/home/inets/source/gr-inets/results/receiver_ack_sent.txt' -> '/home/inets/0_ba/bachelor_thesis/measurements/debug/data/179/1/receiver_ack_sent.txt'
'/home/inets/source/gr-inets/results/receiver_data_received.txt' -> '/home/inets/0_ba/bachelor_thesis/measurements/debug/data/179/1/receiver_data_received.txt'
'/home/inets/source/gr-inets/results/receiver_frame_anlyzed.txt' -> '/home/inets/0_ba/bachelor_thesis/measurements/debug/data/179/1/receiver_frame_anlyzed.txt'
'/home/inets/source/gr-inets/results/receiver_frame_checked_good.txt' -> '/home/inets/0_ba/bachelor_thesis/measurements/debug/data/179/1/receiver_frame_checked_good.txt'
'/home/inets/source/gr-inets/results/receiver_frame_received.txt' -> '/home/inets/0_ba/bachelor_thesis/measurements/debug/data/179/1/receiver_frame_received.txt'
'/home/inets/source/gr-inets/results/sender_ack_received.txt' -> '/home/inets/0_ba/bachelor_thesis/measurements/debug/data/179/1/sender_ack_received.txt'
'/home/inets/source/gr-inets/results/sender_bfr_dq.txt' -> '/home/inets/0_ba/bachelor_thesis/measurements/debug/data/179/1/sender_bfr_dq.txt'
'/home/inets/source/gr-inets/results/sender_data_sent.txt' -> '/home/inets/0_ba/bachelor_thesis/measurements/debug/data/179/1/sender_data_sent.txt'
'/home/inets/source/gr-inets/results/sender_frame_anlyzed.txt' -> '/home/inets/0_ba/bachelor_thesis/measurements/debug/data/179/1/sender_frame_anlyzed.txt'
'/home/inets/source/gr-inets/results/sender_frame_checked_bad.txt' -> '/home/inets/0_ba/bachelor_thesis/measurements/debug/data/179/1/sender_frame_checked_bad.txt'
'/home/inets/source/gr-inets/results/sender_frame_checked_good.txt' -> '/home/inets/0_ba/bachelor_thesis/measurements/debug/data/179/1/sender_frame_checked_good.txt'
'/home/inets/source/gr-inets/results/sender_frame_received.txt' -> '/home/inets/0_ba/bachelor_thesis/measurements/debug/data/179/1/sender_frame_received.txt'
'/home/inets/source/gr-inets/results/sender_retransmissions.txt' -> '/home/inets/0_ba/bachelor_thesis/measurements/debug/data/179/1/sender_retransmissions.txt'
measurement 1 raw data moved to /home/inets/0_ba/bachelor_thesis/measurements/debug/data/179/1/.

measurement 2/2 complete in 4 second(s).
linux; GNU C++ version 5.4.0 20160609; Boost_105800; UHD_003.009.005-45-g6768a615
linux; GNU C++ version 5.4.0 20160609; Boost_105800; UHD_003.009.005-45-g6768a615


Using Volk machine: avx_64_mmx
-- Opening a USRP2/N-Series device...
Using Volk machine: avx_64_mmx
-- Opening a USRP2/N-Series device...
-- Current recv frame size: 1472 bytes
-- Current recv frame size: 1472 bytes
-- Current send frame size: 1472 bytes
-- Current send frame size: 1472 bytes
measurement 2/2 complete in 3 second(s).
develop mode of resend_check ID: 24 is activated.
develop mode of resend_check ID: 24 is activated.
the 100th message counter is activated.
the 880th message counter is activated.
the 100th message counter is activated.
measurement 2/2 complete in 2 second(s).
node starts running at 76.4867
node starts running at 76.4902
++++ frame_probe ID: 1050 receives a frame at time 76.5966s ++++
++++ frame_probe ID: 1060 receives a frame at time 76.6378s ++++
++++ frame_probe ID: 882 receives a frame at time 76.6428s ++++
++++ frame_probe ID: 883 receives a frame at time 76.6429s ++++
++++ frame_probe ID: 884 receives a frame at time 76.6429s ++++
++++ frame_probe ID: 890 receives a frame at time 76.643s ++++
++++ frame_probe ID: 860 receives a frame at time 76.6513s ++++
INFO: Detected an invalid packet at item 32
INFO: Parser returned #f
++++ frame_probe ID: 882 receives a frame at time 76.6623s ++++
++++ frame_probe ID: 1082 receives a frame at time 76.663s ++++
++++ frame_probe ID: 1083 receives a frame at time 76.663s ++++
++++ frame_probe ID: 1084 receives a frame at time 76.6631s ++++
counter ID 880 results at time 276.663 is 0
++++ frame_probe ID: 1090 receives a frame at time 76.6632s ++++
the 100th message counter node3_acked has been visited 1 times  
++++ frame_probe ID: 1050 receives a frame at time 76.7417s ++++
++++ frame_probe ID: 1060 receives a frame at time 76.7824s ++++
++++ frame_probe ID: 882 receives a frame at time 76.7872s ++++
++++ frame_probe ID: 883 receives a frame at time 76.7873s ++++
++++ frame_probe ID: 884 receives a frame at time 76.7873s ++++
++++ frame_probe ID: 890 receives a frame at time 76.7874s ++++
++++ frame_probe ID: 860 receives a frame at time 76.7956s ++++
INFO: Detected an invalid packet at item 128
INFO: Parser returned #f
++++ frame_probe ID: 882 receives a frame at time 76.8065s ++++
++++ frame_probe ID: 1082 receives a frame at time 76.8073s ++++
++++ frame_probe ID: 1083 receives a frame at time 76.8073s ++++
++++ frame_probe ID: 1084 receives a frame at time 76.8074s ++++
counter ID 880 results at time ++++ frame_probe ID: 1090276.807 receives a frame at time  is 0
76.8074s ++++
the 100th message counter node3_acked has been visited 2 times  
++++ frame_probe ID: 1050 receives a frame at time 76.9238s ++++
++++ frame_probe ID: 1060 receives a frame at time 76.9647s ++++
++++ frame_probe ID: 882 receives a frame at time 76.9696s ++++
++++ frame_probe ID: 883 receives a frame at time 76.9696s ++++
++++ frame_probe ID: 884 receives a frame at time 76.9697s ++++
++++ frame_probe ID: 890 receives a frame at time 76.9697s ++++
++++ frame_probe ID: 860 receives a frame at time 76.9779s ++++
INFO: Detected an invalid packet at item 224
INFO: Parser returned #f
++++ frame_probe ID: 882 receives a frame at time 76.9891s ++++
++++ frame_probe ID: 1082 receives a frame at time 76.9898s ++++
++++ frame_probe ID: 1084 receives a frame at time 76.9899s ++++
++++ frame_probe ID: 1083 receives a frame at time 76.9899s ++++
counter ID 880 results at time 276.99 is 0
++++ frame_probe ID: 1090 receives a frame at time 76.99s ++++
the 100th message counter node3_acked has been visited 3 times  
++++ frame_probe ID: 1050 receives a frame at time 77.0733s ++++
measurement 2/2 complete in 1 second(s).
++++ frame_probe ID: 1060 receives a frame at time 77.1143s ++++
++++ frame_probe ID: 882 receives a frame at time 77.1228s ++++
++++ frame_probe ID: 883 receives a frame at time 77.1229s ++++
++++ frame_probe ID: 884 receives a frame at time 77.1229s ++++
++++ frame_probe ID: 890 receives a frame at time 77.123s ++++
++++ frame_probe ID: 860 receives a frame at time 77.1312s ++++
INFO: Detected an invalid packet at item 320
INFO: Parser returned #f
++++ frame_probe ID: 882 receives a frame at time 77.142s ++++
++++ frame_probe ID: 1082 receives a frame at time 77.1428s ++++
++++ frame_probe ID: 1083 receives a frame at time 77.1428s ++++
++++ frame_probe ID: 1084 receives a frame at time 77.1429s ++++
counter ID 880 results at time 277.143 is 0
++++ frame_probe ID: 1090 receives a frame at time 77.1429s ++++
the 100th message counter node3_acked has been visited 4 times  
++++ frame_probe ID: 1050 receives a frame at time 77.2193s ++++
++++ frame_probe ID: 1060 receives a frame at time 77.2603s ++++
++++ frame_probe ID: 882 receives a frame at time 77.2664s ++++
++++ frame_probe ID: 883 receives a frame at time 77.2664s ++++
++++ frame_probe ID: 884 receives a frame at time 77.2664s ++++
++++ frame_probe ID: 890 receives a frame at time 77.2665s ++++
++++ frame_probe ID: 860 receives a frame at time 77.2747s ++++
INFO: Detected an invalid packet at item 416
INFO: Parser returned #f
++++ frame_probe ID: 882 receives a frame at time 77.2855s ++++
++++ frame_probe ID: 1082 receives a frame at time 77.2862s ++++
++++ frame_probe ID: 1083 receives a frame at time 77.2862s ++++
++++ frame_probe ID: 1084 receives a frame at time 77.2862s ++++
counter ID 880 results at time 277.286 is 0
++++ frame_probe ID: 1090 receives a frame at time 77.2863s ++++
the 100th message counter node3_acked has been visited 5 times  
++++ frame_probe ID: 1050 receives a frame at time 77.3656s ++++
++++ frame_probe ID: 1060 receives a frame at time 77.4065s ++++
++++ frame_probe ID: 882 receives a frame at time 77.4104s ++++
++++ frame_probe ID: 883 receives a frame at time 77.4105s ++++
++++ frame_probe ID: 884 receives a frame at time 77.4105s ++++
++++ frame_probe ID: 890 receives a frame at time 77.4106s ++++
++++ frame_probe ID: 860 receives a frame at time 77.4188s ++++
INFO: Detected an invalid packet at item 512
INFO: Parser returned #f
++++ frame_probe ID: 882 receives a frame at time 77.43s ++++
++++ frame_probe ID: 1082 receives a frame at time 77.4307s ++++
++++ frame_probe ID: 1083 receives a frame at time 77.4307s ++++
++++ frame_probe ID: 1084 receives a frame at time 77.4307s ++++
counter ID 880 results at time ++++ frame_probe ID: 1090 receives a frame at time 77.4308277.431s ++++
 is 0
the 100th message counter node3_acked has been visited 6 times  
++++ frame_probe ID: 1050 receives a frame at time 77.5472s ++++
++++ frame_probe ID: 1060 receives a frame at time 77.588s ++++
++++ frame_probe ID: 882 receives a frame at time 77.5931s ++++
++++ frame_probe ID: 883 receives a frame at time 77.5931s ++++
++++ frame_probe ID: 884 receives a frame at time 77.5932s ++++
++++ frame_probe ID: 890 receives a frame at time 77.5932s ++++
++++ frame_probe ID: 860 receives a frame at time 77.6014s ++++
INFO: Detected an invalid packet at item 608
INFO: Parser returned #f
++++ frame_probe ID: 882 receives a frame at time 77.6124s ++++
++++ frame_probe ID: 1082 receives a frame at time 77.6131s ++++
++++ frame_probe ID: 1083 receives a frame at time 77.6131s ++++
++++ frame_probe ID: 1084 receives a frame at time 77.6132s ++++
counter ID 880++++ frame_probe ID:  results at time 1090 receives a frame at time 277.613 is 0
77.6132s ++++
the 100th message counter node3_acked has been visited 7 times  
++++ frame_probe ID: 1050 receives a frame at time 77.6828s ++++
++++ frame_probe ID: 1060 receives a frame at time 77.724s ++++
++++ frame_probe ID: 882 receives a frame at time 77.7275s ++++
++++ frame_probe ID: 883 receives a frame at time 77.7275s ++++
++++ frame_probe ID: 884 receives a frame at time 77.7277s ++++
++++ frame_probe ID: 890 receives a frame at time 77.7277s ++++
++++ frame_probe ID: 860 receives a frame at time 77.736s ++++
INFO: Detected an invalid packet at item 704
INFO: Parser returned #f
++++ frame_probe ID: 1082 receives a frame at time 77.7474s ++++
++++ frame_probe ID: 882 receives a frame at time 77.7474s ++++
++++ frame_probe ID: 1083 receives a frame at time 77.7475s ++++
++++ frame_probe ID: 1085 receives a frame at time 77.7475s ++++
a data frame with index 7 from node: 3 has been transmitted 1th time
++++ frame_probe ID: 1050 receives a frame at time 77.854s ++++
++++ frame_probe ID: 1060 receives a frame at time 77.8948s ++++
++++ frame_probe ID: 882 receives a frame at time 77.9002s ++++
++++ frame_probe ID: 883 receives a frame at time 77.9003s ++++
++++ frame_probe ID: 884 receives a frame at time 77.9003s ++++
++++ frame_probe ID: 890 receives a frame at time 77.9004s ++++
++++ frame_probe ID: 860 receives a frame at time 77.9086s ++++
INFO: Detected an invalid packet at item 800
INFO: Parser returned #f
++++ frame_probe ID: 1082 receives a frame at time 77.9199s ++++
++++ frame_probe ID: 1085 receives a frame at time ++++ frame_probe ID: 1083 receives a frame at time 77.9201s ++++
77.9201s ++++
++++ frame_probe ID: 882 receives a frame at time 77.9203s ++++
a data frame with index 7 from node: 3 has been transmitted 2th time
++++ frame_probe ID: 1050 receives a frame at time 78.0348s ++++
++++ frame_probe ID: 1060 receives a frame at time 78.0757s ++++
++++ frame_probe ID: 882 receives a frame at time 78.0822s ++++
++++ frame_probe ID: 884 receives a frame at time 78.0823s ++++
++++ frame_probe ID: 890 receives a frame at time 78.0823s ++++
++++ frame_probe ID: 883 receives a frame at time 78.0824s ++++
++++ frame_probe ID: 860 receives a frame at time 78.0906s ++++
INFO: Detected an invalid packet at item 896
INFO: Parser returned #f
measurement 2 raw data directory created /home/inets/0_ba/bachelor_thesis/measurements/debug/data/179/2/.
'/home/inets/source/gr-inets/results/receiver_ack_sent.txt' -> '/home/inets/0_ba/bachelor_thesis/measurements/debug/data/179/2/receiver_ack_sent.txt'
'/home/inets/source/gr-inets/results/receiver_data_received.txt' -> '/home/inets/0_ba/bachelor_thesis/measurements/debug/data/179/2/receiver_data_received.txt'
'/home/inets/source/gr-inets/results/receiver_frame_anlyzed.txt' -> '/home/inets/0_ba/bachelor_thesis/measurements/debug/data/179/2/receiver_frame_anlyzed.txt'
'/home/inets/source/gr-inets/results/receiver_frame_checked_good.txt' -> '/home/inets/0_ba/bachelor_thesis/measurements/debug/data/179/2/receiver_frame_checked_good.txt'
'/home/inets/source/gr-inets/results/receiver_frame_received.txt' -> '/home/inets/0_ba/bachelor_thesis/measurements/debug/data/179/2/receiver_frame_received.txt'
'/home/inets/source/gr-inets/results/sender_ack_received.txt' -> '/home/inets/0_ba/bachelor_thesis/measurements/debug/data/179/2/sender_ack_received.txt'
'/home/inets/source/gr-inets/results/sender_bfr_dq.txt' -> '/home/inets/0_ba/bachelor_thesis/measurements/debug/data/179/2/sender_bfr_dq.txt'
'/home/inets/source/gr-inets/results/sender_data_sent.txt' -> '/home/inets/0_ba/bachelor_thesis/measurements/debug/data/179/2/sender_data_sent.txt'
'/home/inets/source/gr-inets/results/sender_frame_anlyzed.txt' -> '/home/inets/0_ba/bachelor_thesis/measurements/debug/data/179/2/sender_frame_anlyzed.txt'
'/home/inets/source/gr-inets/results/sender_frame_checked_bad.txt' -> '/home/inets/0_ba/bachelor_thesis/measurements/debug/data/179/2/sender_frame_checked_bad.txt'
'/home/inets/source/gr-inets/results/sender_frame_checked_good.txt' -> '/home/inets/0_ba/bachelor_thesis/measurements/debug/data/179/2/sender_frame_checked_good.txt'
'/home/inets/source/gr-inets/results/sender_frame_received.txt' -> '/home/inets/0_ba/bachelor_thesis/measurements/debug/data/179/2/sender_frame_received.txt'
'/home/inets/source/gr-inets/results/sender_retransmissions.txt' -> '/home/inets/0_ba/bachelor_thesis/measurements/debug/data/179/2/sender_retransmissions.txt'
measurement 2 raw data moved to /home/inets/0_ba/bachelor_thesis/measurements/debug/data/179/2/.

now processing results...
plotting python should be: python3 (ubuntu).
Hello from rtt.py!
hello from variables.py!
data_sent: 1500540272.579859
data_sent: 1500540272.756181
data_sent: 1500540272.900868
data_sent: 1500540273.081435
data_sent: 1500540273.224878
data_sent: 1500540273.375720
data_sent: 1500540273.515583
data_sent: 1500540273.657931
data_sent: 1500540273.825732
data_sent: 1500540274.001211
ack_received: 1500540272.823559
ack_received: 1500540272.967143
ack_received: 1500540273.149544
ack_received: 1500540273.293352
ack_received: 1500540273.447252
ack_received: 1500540273.581547
ack_received: 1500540273.724308
ack_received: 1500540273.896811
ack_received: 1500540274.069265
retx: [1, 0, 0, 0, 0, 0, 0, 0, 0]

The resulting RTTs of this single measurement are:
[0.06628, 0.06811, 0.06847, 0.07153, 0.06596, 0.06638, 0.07108, 0.06805]



The resulting mean RTT of this single measurement is:
0.0682325


abs. packet loss: 1.0
packet loss in %: 10.0%
data_sent: 1500540276.596609
data_sent: 1500540276.741693
data_sent: 1500540276.923838
data_sent: 1500540277.073337
data_sent: 1500540277.219287
data_sent: 1500540277.365646
data_sent: 1500540277.547185
data_sent: 1500540277.682767
data_sent: 1500540277.853957
data_sent: 1500540278.034838
ack_received: 1500540276.663172
ack_received: 1500540276.807415
ack_received: 1500540276.989960
ack_received: 1500540277.142924
ack_received: 1500540277.286283
ack_received: 1500540277.430793
ack_received: 1500540277.613200
retx: [0, 0, 0, 0, 0, 0, 0]

The resulting RTTs of this single measurement are:
[0.06656, 0.06572, 0.06612, 0.06959, 0.067, 0.06515, 0.06602]



The resulting mean RTT of this single measurement is:
0.06659428571428572


abs. packet loss: 3.0
packet loss in %: 30.0%
[ 0.0682325   0.06659429]
Hello from myplot.py!
I will print a pdf for you now!
Hello from myplot.py!
I will print a pdf for you now!
Hello from myplot.py!
I will print a pdf for you now!
Hello from myplot.py!
I will print a cdf for you now!
<a list of 1 Patch objects>
Hello from myplot.py!
I will print a cdf for you now!
<a list of 1 Patch objects>
Hello from myplot.py!
I will print a cdf for you now!
<a list of 1 Patch objects>
Hello from myplot.py!
I will print a boxplot for you now!
Hello from myplot.py!
I will print a boxplot for you now!
Hello from myplot.py!
I will print a boxplot for you now!
Hello from myplot.py!
I will print a bar for you now!
Hello from myplot.py!
I will print a bar for you now!
Hello from myplot.py!
I will print a bar for you now!
Hello from myplot.py!
I will print a line for you now!
Hello from myplot.py!
I will print a line for you now!
Hello from myplot.py!
I will print a line for you now!
Hello from throughput.py!
hello from variables.py!
ackcount: 9
datacount: 10
ackcount: 7
datacount: 10
[ 9000.  7000.]
Hello from myplot.py!
I will print a pdf for you now!
Hello from myplot.py!
I will print a cdf for you now!
<a list of 1 Patch objects>
Hello from myplot.py!
I will print a boxplot for you now!
Hello from myplot.py!
I will print a bar for you now!
Hello from myplot.py!
I will print a line for you now!

+--------------------------------------------------------------+
| plotting completed. until the next measurement session then! |
+--------------------------------------------------------------+
