measurement 1/2 complete in 8 second(s).
linux; GNU C++ version 5.4.0 20160609; Boost_105800; UHD_003.009.005-45-g6768a615
linux; GNU C++ version 5.4.0 20160609; Boost_105800; UHD_003.009.005-45-g6768a615


Using Volk machine: avx_64_mmx
Using Volk machine: avx_64_mmx
-- Opening a USRP2/N-Series device...
-- Current recv frame size: 1472 bytes
-- Current send frame size: 1472 bytes
measurement 1/2 complete in 7 second(s).
develop mode of resend_check ID: 24 is activated.
the 880th message counter is activated.
the 100th message counter is activated.
measurement 1/2 complete in 6 second(s).
node starts running at 24.8457
++++ frame_probe ID: 1050 receives a frame at time 24.9722s ++++
++++ frame_probe ID: 1060 receives a frame at time 25.0131s ++++
a data frame with index 0 from node: 3 has been transmitted 1th time
++++ frame_probe ID: 1050 receives a frame at time 25.1365s ++++
++++ frame_probe ID: 1060 receives a frame at time 25.1774s ++++
a data frame with index 0 from node: 3 has been transmitted 2th time
++++ frame_probe ID: 1050 receives a frame at time 25.3006s ++++
++++ frame_probe ID: 1060 receives a frame at time 25.3416s ++++
a data frame with index 0 from node: 3 has been transmitted 3th time
measurement 1/2 complete in 5 second(s).
++++ frame_probe ID: 1050 receives a frame at time 25.4647s ++++
++++ frame_probe ID: 1060 receives a frame at time 25.5056s ++++
a data frame with index 0 from node: 3 has been transmitted 4th time
++++ frame_probe ID: 1050 receives a frame at time 25.6287s ++++
++++ frame_probe ID: 1060 receives a frame at time 25.6696s ++++
a data frame with index 0 from node: 3 has been transmitted 5th time
++++ frame_probe ID: 1050 receives a frame at time 25.7927s ++++
++++ frame_probe ID: 1060 receives a frame at time 25.8339s ++++
frame: 0 from node: 3 is dropped because its max retransmission counter is reached. 
counter ID 880 results at time 5625.94 is 5
++++ frame_probe ID: 1050 receives a frame at time 25.9571s ++++
++++ frame_probe ID: 1060 receives a frame at time 25.9981s ++++
a data frame with index 1 from node: 3 has been transmitted 1th time
++++ frame_probe ID: 1050 receives a frame at time 26.1212s ++++
++++ frame_probe ID: 1060 receives a frame at time 26.1623s ++++
INFO: Detected an invalid packet at item 0
INFO: Parser returned #f
a data frame with index 1 from node: 3 has been transmitted 2th time
++++ frame_probe ID: 1050 receives a frame at time 26.2851s ++++
++++ frame_probe ID: 1060 receives a frame at time 26.3261s ++++
