measurement 1/2 complete in 5 second(s).
linux; GNU C++ version 5.4.0 20160609; Boost_105800; UHD_003.009.005-45-g6768a615
linux; GNU C++ version 5.4.0 20160609; Boost_105800; UHD_003.009.005-45-g6768a615


Using Volk machine: avx_64_mmx
-- Opening a USRP2/N-Series device...
Using Volk machine: avx_64_mmx
-- Opening a USRP2/N-Series device...
-- Current recv frame size: 1472 bytes
-- Current send frame size: 1472 bytes
-- Current recv frame size: 1472 bytes
-- Current send frame size: 1472 bytes
measurement 1/2 complete in 4 second(s).
develop mode of resend_check ID: 24 is activated.
develop mode of resend_check ID: 24 is activated.
the 100th message counter is activated.
the 880th message counter is activated.
the 100th message counter is activated.
measurement 1/2 complete in 3 second(s).
node starts running at 24.1544
node starts running at 24.1567
++++ frame_probe ID: 1050 receives a frame at time 24.1873s ++++
++++ frame_probe ID: 1060 receives a frame at time 24.2284s ++++
++++ frame_probe ID: 882 receives a frame at time 24.232s ++++
++++ frame_probe ID: 883 receives a frame at time 24.2321s ++++
++++ frame_probe ID: 884 receives a frame at time 24.2321s ++++
++++ frame_probe ID: 890 receives a frame at time 24.2322s ++++
++++ frame_probe ID: 860 receives a frame at time 24.2476s ++++
++++ frame_probe ID: 882 receives a frame at time 24.2513s ++++
++++ frame_probe ID: 1082 receives a frame at time 24.2525s ++++
++++ frame_probe ID: 1083 receives a frame at time 24.2526s ++++
++++ frame_probe ID: 1084 receives a frame at time 24.2526s ++++
counter ID 880 results at time 5124.25 is 0
++++ frame_probe ID: 1090 receives a frame at time 24.2527s ++++
the 100th message counter node3_acked has been visited 1 times  
++++ frame_probe ID: 1050 receives a frame at time 24.4587s ++++
++++ frame_probe ID: 1060 receives a frame at time 24.4995s ++++
++++ frame_probe ID: 882 receives a frame at time 24.5097s ++++
++++ frame_probe ID: 883 receives a frame at time 24.5097s ++++
++++ frame_probe ID: 884 receives a frame at time 24.5098s ++++
++++ frame_probe ID: 890 receives a frame at time 24.5098s ++++
++++ frame_probe ID: 860 receives a frame at time 24.525s ++++
++++ frame_probe ID: 882 receives a frame at time 24.53s ++++
++++ frame_probe ID: 1082 receives a frame at time 24.5311s ++++
++++ frame_probe ID: 1083 receives a frame at time 24.5311s ++++
++++ frame_probe ID: 1084 receives a frame at time 24.5312s ++++
++++ frame_probe ID: 1090 receives a frame at time 24.5313s ++++
counter ID 880 results at time 5124.53 is 0
the 100th message counter node3_acked has been visited 2 times  
++++ frame_probe ID: 1050 receives a frame at time 24.6407s ++++
++++ frame_probe ID: 1060 receives a frame at time 24.6816s ++++
++++ frame_probe ID: 882 receives a frame at time 24.6921s ++++
++++ frame_probe ID: 883 receives a frame at time 24.6921s ++++
++++ frame_probe ID: 884 receives a frame at time 24.6922s ++++
++++ frame_probe ID: 890 receives a frame at time 24.6922s ++++
++++ frame_probe ID: 860 receives a frame at time 24.7075s ++++
++++ frame_probe ID: 882 receives a frame at time 24.7123s ++++
++++ frame_probe ID: 1082 receives a frame at time 24.7133s ++++
++++ frame_probe ID: 1084 receives a frame at time 24.7133s ++++
counter ID 880 results at time 5124.71 is 0
++++ frame_probe ID: 1083 receives a frame at time ++++ frame_probe ID: 1090 receives a frame at time 24.7133s ++++
24.7134s ++++
measurement 1/2 complete in 2 second(s).
the 100th message counter node3_acked has been visited 3 times  
++++ frame_probe ID: 1050 receives a frame at time 24.8218s ++++
++++ frame_probe ID: 1060 receives a frame at time 24.8625s ++++
++++ frame_probe ID: 882 receives a frame at time 24.8745s ++++
++++ frame_probe ID: 883 receives a frame at time 24.8746s ++++
++++ frame_probe ID: 884 receives a frame at time 24.8746s ++++
++++ frame_probe ID: 890 receives a frame at time 24.8747s ++++
++++ frame_probe ID: 860 receives a frame at time 24.8898s ++++
++++ frame_probe ID: 882 receives a frame at time 24.8947s ++++
++++ frame_probe ID: 1082 receives a frame at time 24.8957s ++++
++++ frame_probe ID: 1083 receives a frame at time 24.8959s ++++
++++ frame_probe ID: 1085 receives a frame at time 24.8959s ++++
a data frame with index 3 from node: 3 has been transmitted 1th time
++++ frame_probe ID: 1050 receives a frame at time 24.9978s ++++
++++ frame_probe ID: 1060 receives a frame at time 25.0386s ++++
++++ frame_probe ID: 882 receives a frame at time 25.0476s ++++
++++ frame_probe ID: 883 receives a frame at time 25.0477s ++++
++++ frame_probe ID: 884 receives a frame at time 25.0477s ++++
++++ frame_probe ID: 890 receives a frame at time 25.0477s ++++
++++ frame_probe ID: 860 receives a frame at time 25.0629s ++++
++++ frame_probe ID: 882 receives a frame at time 25.067s ++++
++++ frame_probe ID: 1082 receives a frame at time 25.0681s ++++
++++ frame_probe ID: 1083 receives a frame at time 25.0681s ++++
++++ frame_probe ID: 1085 receives a frame at time 25.0681s ++++
a data frame with index 3 from node: 3 has been transmitted 2th time
++++ frame_probe ID: 1050 receives a frame at time 25.1685s ++++
++++ frame_probe ID: 1060 receives a frame at time 25.2093s ++++
++++ frame_probe ID: 882 receives a frame at time 25.22s ++++
++++ frame_probe ID: 883 receives a frame at time 25.2201s ++++
++++ frame_probe ID: 884 receives a frame at time 25.2201s ++++
++++ frame_probe ID: 890 receives a frame at time 25.2201s ++++
++++ frame_probe ID: 860 receives a frame at time 25.2352s ++++
++++ frame_probe ID: 882 receives a frame at time 25.2395s ++++
++++ frame_probe ID: 1082 receives a frame at time 25.2406s ++++
++++ frame_probe ID: 1083 receives a frame at time 25.2407s ++++
++++ frame_probe ID: 1084 receives a frame at time 25.2407s ++++
counter ID 880 results at time 5125.24 is 2
++++ frame_probe ID: 1090 receives a frame at time 25.2408s ++++
the 100th message counter node3_acked has been visited 4 times  
++++ frame_probe ID: 1050 receives a frame at time 25.3152s ++++
++++ frame_probe ID: 1060 receives a frame at time 25.3563s ++++
++++ frame_probe ID: 882 receives a frame at time 25.3643s ++++
++++ frame_probe ID: 883 receives a frame at time 25.3644s ++++
++++ frame_probe ID: 884 receives a frame at time 25.3644s ++++
++++ frame_probe ID: 890 receives a frame at time 25.3644s ++++
++++ frame_probe ID: 860 receives a frame at time 25.3797s ++++
++++ frame_probe ID: 882 receives a frame at time 25.3836s ++++
++++ frame_probe ID: 1082 receives a frame at time 25.3847s ++++
++++ frame_probe ID: 1083 receives a frame at time 25.3847s ++++
++++ frame_probe ID: 1085 receives a frame at time 25.3848s ++++
a data frame with index 4 from node: 3 has been transmitted 1th time
++++ frame_probe ID: 1050 receives a frame at time 25.4909s ++++
++++ frame_probe ID: 1060 receives a frame at time 25.5318s ++++
++++ frame_probe ID: 882 receives a frame at time 25.5371s ++++
++++ frame_probe ID: 883 receives a frame at time 25.5371s ++++
++++ frame_probe ID: 884 receives a frame at time 25.5372s ++++
++++ frame_probe ID: 890 receives a frame at time 25.5372s ++++
++++ frame_probe ID: 860 receives a frame at time 25.5523s ++++
++++ frame_probe ID: 882 receives a frame at time 25.5563s ++++
INFO: Detected an invalid packet at item 224
INFO: Parser returned #f
a data frame with index 4 from node: 3 has been transmitted 2th time
++++ frame_probe ID: 1050 receives a frame at time 25.6719s ++++
++++ frame_probe ID: 1060 receives a frame at time 25.7127s ++++
++++ frame_probe ID: 882 receives a frame at time 25.7192s ++++
++++ frame_probe ID: 883 receives a frame at time 25.7193s ++++
++++ frame_probe ID: 884 receives a frame at time 25.7193s ++++
++++ frame_probe ID: 890 receives a frame at time 25.7194s ++++
++++ frame_probe ID: 860 receives a frame at time 25.7345s ++++
++++ frame_probe ID: 882 receives a frame at time 25.7387s ++++
++++ frame_probe ID: 1082 receives a frame at time 25.7399s ++++
++++ frame_probe ID: 1083 receives a frame at time 25.7399s ++++
++++ frame_probe ID: 1084 receives a frame at time 25.74s ++++
counter ID 880 results at time 5125.74 is 2++++ frame_probe ID: 
1090 receives a frame at time 25.74s ++++
measurement 1/2 complete in 1 second(s).
the 100th message counter node3_acked has been visited 5 times  
++++ frame_probe ID: 1050 receives a frame at time 25.8524s ++++
++++ frame_probe ID: 1060 receives a frame at time 25.8933s ++++
++++ frame_probe ID: 882 receives a frame at time 25.9018s ++++
++++ frame_probe ID: 883 receives a frame at time 25.9019s ++++
++++ frame_probe ID: 884 receives a frame at time 25.9019s ++++
++++ frame_probe ID: 890 receives a frame at time 25.902s ++++
++++ frame_probe ID: 860 receives a frame at time 25.9172s ++++
++++ frame_probe ID: 882 receives a frame at time 25.9212s ++++
++++ frame_probe ID: 1082 receives a frame at time 25.9222s ++++
++++ frame_probe ID: 1083 receives a frame at time 25.9222s ++++
++++ frame_probe ID: 1085 receives a frame at time 25.9223s ++++
a data frame with index 5 from node: 3 has been transmitted 1th time
++++ frame_probe ID: 1050 receives a frame at time 26.0233s ++++
++++ frame_probe ID: 1060 receives a frame at time 26.0642s ++++
++++ frame_probe ID: 882 receives a frame at time 26.0743s ++++
++++ frame_probe ID: 883 receives a frame at time 26.0743s ++++
++++ frame_probe ID: 884 receives a frame at time 26.0744s ++++
++++ frame_probe ID: 890 receives a frame at time 26.0744s ++++
++++ frame_probe ID: 860 receives a frame at time 26.0896s ++++
++++ frame_probe ID: 882 receives a frame at time 26.0935s ++++
++++ frame_probe ID: 1082 receives a frame at time 26.0955s ++++
++++ frame_probe ID: 1083 receives a frame at time 26.0955s ++++
++++ frame_probe ID: 1084 receives a frame at time 26.0955s ++++
counter ID 880 results at time 5126.1 is 1
++++ frame_probe ID: 1090 receives a frame at time 26.0956s ++++
the 100th message counter node3_acked has been visited 6 times  
++++ frame_probe ID: 1050 receives a frame at time 26.1799s ++++
++++ frame_probe ID: 1060 receives a frame at time 26.2207s ++++
++++ frame_probe ID: 882 receives a frame at time 26.2275s ++++
++++ frame_probe ID: 883 receives a frame at time 26.2275s ++++
++++ frame_probe ID: 884 receives a frame at time 26.2276s ++++
++++ frame_probe ID: 890 receives a frame at time 26.2276s ++++
++++ frame_probe ID: 860 receives a frame at time 26.2427s ++++
++++ frame_probe ID: 882 receives a frame at time 26.2478s ++++
++++ frame_probe ID: 1082 receives a frame at time 26.2488s ++++
++++ frame_probe ID: 1083 receives a frame at time 26.2489s ++++
++++ frame_probe ID: 1085 receives a frame at time 26.2489s ++++
a data frame with index 6 from node: 3 has been transmitted 1th time
++++ frame_probe ID: 1050 receives a frame at time 26.3503s ++++
++++ frame_probe ID: 1060 receives a frame at time 26.3912s ++++
++++ frame_probe ID: 882 receives a frame at time 26.4009s ++++
++++ frame_probe ID: 883 receives a frame at time 26.401s ++++
++++ frame_probe ID: 884 receives a frame at time 26.401s ++++
++++ frame_probe ID: 890 receives a frame at time 26.4011s ++++
++++ frame_probe ID: 860 receives a frame at time 26.4162s ++++
++++ frame_probe ID: 882 receives a frame at time 26.4201s ++++
++++ frame_probe ID: 1082 receives a frame at time 26.4223s ++++
++++ frame_probe ID: 1083 receives a frame at time 26.4223s ++++
++++ frame_probe ID: 1084 receives a frame at time 26.4224s ++++
counter ID 880 results at time ++++ frame_probe ID: 1090 receives a frame at time 5126.42 is 1
26.4224s ++++
the 100th message counter node3_acked has been visited 7 times  
++++ frame_probe ID: 1050 receives a frame at time 26.5348s ++++
++++ frame_probe ID: 1060 receives a frame at time 26.5757s ++++
++++ frame_probe ID: 882 receives a frame at time 26.5832s ++++
++++ frame_probe ID: 884 receives a frame at time ++++ frame_probe ID: 883 receives a frame at time 26.5833s ++++
26.5833s ++++
++++ frame_probe ID: 890 receives a frame at time 26.5833s ++++
++++ frame_probe ID: 860 receives a frame at time 26.5986s ++++
++++ frame_probe ID: 882 receives a frame at time 26.6028s ++++
INFO: Detected an invalid packet at item 416
INFO: Parser returned #f
a data frame with index 7 from node: 3 has been transmitted 1th time
++++ frame_probe ID: 1050 receives a frame at time 26.7107s ++++
++++ frame_probe ID: 1060 receives a frame at time 26.7515s ++++
measurement 1 raw data directory created /home/inets/0_ba/bachelor_thesis/measurements/debug/data/158/1/.
'/home/inets/source/gr-inets/results/receiver_ack_sent.txt' -> '/home/inets/0_ba/bachelor_thesis/measurements/debug/data/158/1/receiver_ack_sent.txt'
'/home/inets/source/gr-inets/results/receiver_data_received.txt' -> '/home/inets/0_ba/bachelor_thesis/measurements/debug/data/158/1/receiver_data_received.txt'
'/home/inets/source/gr-inets/results/receiver_frame_anlyzed.txt' -> '/home/inets/0_ba/bachelor_thesis/measurements/debug/data/158/1/receiver_frame_anlyzed.txt'
'/home/inets/source/gr-inets/results/receiver_frame_checked_good.txt' -> '/home/inets/0_ba/bachelor_thesis/measurements/debug/data/158/1/receiver_frame_checked_good.txt'
'/home/inets/source/gr-inets/results/receiver_frame_received.txt' -> '/home/inets/0_ba/bachelor_thesis/measurements/debug/data/158/1/receiver_frame_received.txt'
'/home/inets/source/gr-inets/results/sender_ack_received.txt' -> '/home/inets/0_ba/bachelor_thesis/measurements/debug/data/158/1/sender_ack_received.txt'
'/home/inets/source/gr-inets/results/sender_bfr_dq.txt' -> '/home/inets/0_ba/bachelor_thesis/measurements/debug/data/158/1/sender_bfr_dq.txt'
'/home/inets/source/gr-inets/results/sender_data_sent.txt' -> '/home/inets/0_ba/bachelor_thesis/measurements/debug/data/158/1/sender_data_sent.txt'
'/home/inets/source/gr-inets/results/sender_frame_anlyzed.txt' -> '/home/inets/0_ba/bachelor_thesis/measurements/debug/data/158/1/sender_frame_anlyzed.txt'
'/home/inets/source/gr-inets/results/sender_frame_checked_bad.txt' -> '/home/inets/0_ba/bachelor_thesis/measurements/debug/data/158/1/sender_frame_checked_bad.txt'
'/home/inets/source/gr-inets/results/sender_frame_checked_good.txt' -> '/home/inets/0_ba/bachelor_thesis/measurements/debug/data/158/1/sender_frame_checked_good.txt'
'/home/inets/source/gr-inets/results/sender_frame_received.txt' -> '/home/inets/0_ba/bachelor_thesis/measurements/debug/data/158/1/sender_frame_received.txt'
'/home/inets/source/gr-inets/results/sender_retransmissions.txt' -> '/home/inets/0_ba/bachelor_thesis/measurements/debug/data/158/1/sender_retransmissions.txt'
measurement 1 raw data moved to /home/inets/0_ba/bachelor_thesis/measurements/debug/data/158/1/.

measurement 2/2 complete in 5 second(s).
linux; GNU C++ version 5.4.0 20160609; Boost_105800; UHD_003.009.005-45-g6768a615
linux; GNU C++ version 5.4.0 20160609; Boost_105800; UHD_003.009.005-45-g6768a615


Using Volk machine: avx_64_mmx
-- Opening a USRP2/N-Series device...
Using Volk machine: avx_64_mmx
-- Opening a USRP2/N-Series device...
-- Current recv frame size: 1472 bytes
-- Current send frame size: 1472 bytes
-- Current recv frame size: 1472 bytes
-- Current send frame size: 1472 bytes
measurement 2/2 complete in 4 second(s).
develop mode of resend_check ID: 24 is activated.
develop mode of resend_check ID: 24 is activated.
the 100th message counter is activated.
the 880th message counter is activated.
the 100th message counter is activated.
measurement 2/2 complete in 3 second(s).
node starts running at 29.1411
node starts running at 29.1466
++++ frame_probe ID: 1050 receives a frame at time 29.2033s ++++
++++ frame_probe ID: 1060 receives a frame at time 29.2445s ++++
++++ frame_probe ID: 882 receives a frame at time 29.2555s ++++
++++ frame_probe ID: 883 receives a frame at time 29.2556s ++++
++++ frame_probe ID: 890 receives a frame at time ++++ frame_probe ID: 884 receives a frame at time 29.2557s ++++
29.2557s ++++
++++ frame_probe ID: 860 receives a frame at time 29.271s ++++
++++ frame_probe ID: 882 receives a frame at time 29.2746s ++++
++++ frame_probe ID: 1082 receives a frame at time 29.2806s ++++
++++ frame_probe ID: 1083 receives a frame at time 29.2806s ++++
++++ frame_probe ID: 1084 receives a frame at time 29.2807s ++++
counter ID 880 results at time 5129.28 is 0
++++ frame_probe ID: 1090 receives a frame at time 29.2807s ++++
the 100th message counter node3_acked has been visited 1 times  
++++ frame_probe ID: 1050 receives a frame at time 29.4054s ++++
++++ frame_probe ID: 1060 receives a frame at time 29.4466s ++++
++++ frame_probe ID: 882 receives a frame at time 29.4567s ++++
++++ frame_probe ID: 883 receives a frame at time 29.4568s ++++
++++ frame_probe ID: 884 receives a frame at time 29.4568s ++++
++++ frame_probe ID: 890 receives a frame at time 29.4568s ++++
++++ frame_probe ID: 860 receives a frame at time 29.4721s ++++
++++ frame_probe ID: 882 receives a frame at time 29.476s ++++
++++ frame_probe ID: 1082 receives a frame at time 29.4817s ++++
++++ frame_probe ID: 1083 receives a frame at time 29.4817s ++++
++++ frame_probe ID: 1084 receives a frame at time 29.4817s ++++
counter ID 880 results at time 5129.48 is 0
++++ frame_probe ID: 1090 receives a frame at time 29.4818s ++++
the 100th message counter node3_acked has been visited 2 times  
++++ frame_probe ID: 1050 receives a frame at time 29.6858s ++++
++++ frame_probe ID: 1060 receives a frame at time 29.7268s ++++
++++ frame_probe ID: 882 receives a frame at time 29.7354s ++++
++++ frame_probe ID: 883 receives a frame at time 29.7354s ++++
++++ frame_probe ID: 884 receives a frame at time 29.7355s ++++
++++ frame_probe ID: 890 receives a frame at time 29.7356s ++++
++++ frame_probe ID: 860 receives a frame at time 29.7508s ++++
++++ frame_probe ID: 882 receives a frame at time 29.7549s ++++
++++ frame_probe ID: 1082 receives a frame at time 29.7604s ++++
++++ frame_probe ID: 1083 receives a frame at time 29.7605s ++++
++++ frame_probe ID: 1084 receives a frame at time 29.7605s ++++
counter ID 880 results at time ++++ frame_probe ID: 1090 receives a frame at time 5129.76 is 0
29.7605s ++++
measurement 2/2 complete in 2 second(s).
the 100th message counter node3_acked has been visited 3 times  
++++ frame_probe ID: 1050 receives a frame at time 29.8289s ++++
++++ frame_probe ID: 1060 receives a frame at time 29.8698s ++++
++++ frame_probe ID: 882 receives a frame at time 29.8797s ++++
++++ frame_probe ID: 883 receives a frame at time 29.8797s ++++
++++ frame_probe ID: 884 receives a frame at time 29.8798s ++++
++++ frame_probe ID: 890 receives a frame at time 29.8798s ++++
++++ frame_probe ID: 860 receives a frame at time 29.8953s ++++
++++ frame_probe ID: 882 receives a frame at time 29.8992s ++++
++++ frame_probe ID: 1082 receives a frame at time 29.9047s ++++
++++ frame_probe ID: 1083 receives a frame at time 29.9047s ++++
++++ frame_probe ID: 1084 receives a frame at time 29.9048s ++++
counter ID 880 results at time 5129.9 is 0
++++ frame_probe ID: 1090 receives a frame at time 29.9048s ++++
the 100th message counter node3_acked has been visited 4 times  
++++ frame_probe ID: 1050 receives a frame at time 30.0152s ++++
++++ frame_probe ID: 1060 receives a frame at time 30.0562s ++++
++++ frame_probe ID: 882 receives a frame at time 30.0621s ++++
++++ frame_probe ID: 884 receives a frame at time 30.0621s ++++++++ frame_probe ID: 
883 receives a frame at time 30.0621s ++++
++++ frame_probe ID: 890 receives a frame at time 30.0622s ++++
++++ frame_probe ID: 860 receives a frame at time 30.0775s ++++
++++ frame_probe ID: 882 receives a frame at time 30.0815s ++++
++++ frame_probe ID: 1082 receives a frame at time 30.0871s ++++
++++ frame_probe ID: 1083 receives a frame at time 30.0872s ++++
++++ frame_probe ID: 1085 receives a frame at time 30.0873s ++++
a data frame with index 4 from node: 3 has been transmitted 1th time
++++ frame_probe ID: 1050 receives a frame at time 30.186s ++++
++++ frame_probe ID: 1060 receives a frame at time 30.2267s ++++
++++ frame_probe ID: 882 receives a frame at time 30.2344s ++++
++++ frame_probe ID: 883 receives a frame at time 30.2345s ++++
++++ frame_probe ID: 890 receives a frame at time 30.2345s ++++
++++ frame_probe ID: 884 receives a frame at time 30.2346s ++++
++++ frame_probe ID: 860 receives a frame at time 30.2497s ++++
++++ frame_probe ID: 882 receives a frame at time 30.2538s ++++
++++ frame_probe ID: 1082 receives a frame at time 30.2595s ++++
++++ frame_probe ID: 1083 receives a frame at time 30.2595s ++++
++++ frame_probe ID: 1085 receives a frame at time 30.2595s ++++
a data frame with index 4 from node: 3 has been transmitted 2th time
++++ frame_probe ID: 1050 receives a frame at time 30.3619s ++++
++++ frame_probe ID: 1060 receives a frame at time 30.4028s ++++
++++ frame_probe ID: 882 receives a frame at time 30.4068s ++++
++++ frame_probe ID: 883 receives a frame at time 30.4069s ++++
++++ frame_probe ID: 884 receives a frame at time 30.4069s ++++
++++ frame_probe ID: 890 receives a frame at time 30.407s ++++
++++ frame_probe ID: 860 receives a frame at time 30.4222s ++++
++++ frame_probe ID: 882 receives a frame at time 30.4272s ++++
++++ frame_probe ID: 1082 receives a frame at time 30.433s ++++
++++ frame_probe ID: 1083 receives a frame at time 30.4331s ++++
++++ frame_probe ID: 1084 receives a frame at time 30.4331s ++++
++++ frame_probe ID: counter ID 1090 receives a frame at time 880 results at time 30.4332s ++++
5130.43 is 2
the 100th message counter node3_acked has been visited 5 times  
++++ frame_probe ID: 1050 receives a frame at time 30.5306s ++++
++++ frame_probe ID: 1060 receives a frame at time 30.5715s ++++
++++ frame_probe ID: 882 receives a frame at time 30.5803s ++++
++++ frame_probe ID: 883 receives a frame at time 30.5803s ++++
++++ frame_probe ID: 884 receives a frame at time 30.5804s ++++
++++ frame_probe ID: 890 receives a frame at time 30.5804s ++++
++++ frame_probe ID: 860 receives a frame at time 30.5956s ++++
++++ frame_probe ID: 882 receives a frame at time 30.5997s ++++
++++ frame_probe ID: 1082 receives a frame at time 30.6053s ++++
++++ frame_probe ID: 1083 receives a frame at time 30.6053s ++++
++++ frame_probe ID: 1085 receives a frame at time 30.6053s ++++
a data frame with index 5 from node: 3 has been transmitted 1th time
++++ frame_probe ID: 1050 receives a frame at time 30.7062s ++++
++++ frame_probe ID: 1060 receives a frame at time 30.7469s ++++
++++ frame_probe ID: 882 receives a frame at time 30.7528s ++++
++++ frame_probe ID: 883 receives a frame at time 30.7528s ++++
++++ frame_probe ID: 884 receives a frame at time 30.7528s ++++
++++ frame_probe ID: 890 receives a frame at time 30.7529s ++++
measurement 2/2 complete in 1 second(s).
++++ frame_probe ID: 860 receives a frame at time 30.7682s ++++
++++ frame_probe ID: 882 receives a frame at time 30.7723s ++++
++++ frame_probe ID: 1082 receives a frame at time 30.7778s ++++
++++ frame_probe ID: 1083 receives a frame at time 30.7779s ++++
++++ frame_probe ID: 1085 receives a frame at time 30.7779s ++++
a data frame with index 5 from node: 3 has been transmitted 2th time
++++ frame_probe ID: 1050 receives a frame at time 30.8871s ++++
++++ frame_probe ID: 1060 receives a frame at time 30.9278s ++++
++++ frame_probe ID: 882 receives a frame at time 30.9352s ++++
++++ frame_probe ID: 883 receives a frame at time 30.9352s ++++
++++ frame_probe ID: 884 receives a frame at time 30.9353s ++++
++++ frame_probe ID: 890 receives a frame at time 30.9353s ++++
++++ frame_probe ID: 860 receives a frame at time 30.9505s ++++
++++ frame_probe ID: 882 receives a frame at time 30.9551s ++++
++++ frame_probe ID: 1082 receives a frame at time 30.9601s ++++
++++ frame_probe ID: 1083 receives a frame at time 30.9601s ++++
++++ frame_probe ID: 1084 receives a frame at time 30.9601s ++++
counter ID 880 results at time 5130.96 is 2
++++ frame_probe ID: 1090 receives a frame at time 30.9603s ++++
the 100th message counter node3_acked has been visited 6 times  
++++ frame_probe ID: 1050 receives a frame at time 31.0726s ++++
++++ frame_probe ID: 1060 receives a frame at time 31.1136s ++++
++++ frame_probe ID: 882 receives a frame at time 31.1177s ++++
++++ frame_probe ID: 883 receives a frame at time 31.1177s ++++
++++ frame_probe ID: 884 receives a frame at time 31.1177s ++++
++++ frame_probe ID: 890 receives a frame at time 31.1178s ++++
++++ frame_probe ID: 860 receives a frame at time 31.133s ++++
++++ frame_probe ID: 882 receives a frame at time 31.1369s ++++
++++ frame_probe ID: 1082 receives a frame at time 31.1426s ++++
++++ frame_probe ID: 1083 receives a frame at time 31.1427s ++++
++++ frame_probe ID: 1084 receives a frame at time 31.1427s ++++
counter ID 880 results at time 5131.14 is 0
++++ frame_probe ID: 1090 receives a frame at time 31.1428s ++++
the 100th message counter node3_acked has been visited 7 times  
++++ frame_probe ID: 1050 receives a frame at time 31.2362s ++++
++++ frame_probe ID: 1060 receives a frame at time 31.2771s ++++
++++ frame_probe ID: 882 receives a frame at time 31.2809s ++++
++++ frame_probe ID: 883 receives a frame at time 31.2809s ++++
++++ frame_probe ID: 884 receives a frame at time 31.281s ++++
++++ frame_probe ID: 890 receives a frame at time 31.281s ++++
++++ frame_probe ID: 860 receives a frame at time 31.2962s ++++
++++ frame_probe ID: 882 receives a frame at time 31.3004s ++++
++++ frame_probe ID: 1082 receives a frame at time 31.3059s ++++
++++ frame_probe ID: 1083 receives a frame at time 31.3059s ++++
++++ frame_probe ID: 1084 receives a frame at time 31.306s ++++
counter ID 880 results at time 5131.31 is 0
++++ frame_probe ID: 1090 receives a frame at time 31.3061s ++++
the 100th message counter node3_acked has been visited 8 times  
++++ frame_probe ID: 1050 receives a frame at time 31.3904s ++++
++++ frame_probe ID: 1060 receives a frame at time 31.4313s ++++
++++ frame_probe ID: 882 receives a frame at time 31.4343s ++++
++++ frame_probe ID: 883 receives a frame at time 31.4344s ++++
++++ frame_probe ID: 884 receives a frame at time 31.4344s ++++
++++ frame_probe ID: 890 receives a frame at time 31.4345s ++++
++++ frame_probe ID: 860 receives a frame at time 31.4497s ++++
++++ frame_probe ID: 882 receives a frame at time 31.4535s ++++
INFO: Detected an invalid packet at item 384
INFO: Parser returned #f
a data frame with index 8 from node: 3 has been transmitted 1th time
++++ frame_probe ID: 1050 receives a frame at time 31.5662s ++++
++++ frame_probe ID: 1060 receives a frame at time 31.6071s ++++
++++ frame_probe ID: 882 receives a frame at time 31.6167s ++++
++++ frame_probe ID: 883 receives a frame at time 31.6167s ++++
++++ frame_probe ID: 884 receives a frame at time 31.6168s ++++
++++ frame_probe ID: 890 receives a frame at time 31.6168s ++++
++++ frame_probe ID: 860 receives a frame at time 31.6321s ++++
++++ frame_probe ID: 882 receives a frame at time 31.6361s ++++
++++ frame_probe ID: 1082 receives a frame at time 31.6417s ++++
++++ frame_probe ID: 1083 receives a frame at time 31.6418s ++++
++++ frame_probe ID: 1084 receives a frame at time 31.6418s ++++
++++ frame_probe ID: 1090 receives a frame at time counter ID 880 results at time 31.6419s ++++
5131.64 is 1
the 100th message counter node3_acked has been visited 9 times  
++++ frame_probe ID: 1050 receives a frame at time 31.7503s ++++
measurement 2 raw data directory created /home/inets/0_ba/bachelor_thesis/measurements/debug/data/158/2/.
'/home/inets/source/gr-inets/results/receiver_ack_sent.txt' -> '/home/inets/0_ba/bachelor_thesis/measurements/debug/data/158/2/receiver_ack_sent.txt'
'/home/inets/source/gr-inets/results/receiver_data_received.txt' -> '/home/inets/0_ba/bachelor_thesis/measurements/debug/data/158/2/receiver_data_received.txt'
'/home/inets/source/gr-inets/results/receiver_frame_anlyzed.txt' -> '/home/inets/0_ba/bachelor_thesis/measurements/debug/data/158/2/receiver_frame_anlyzed.txt'
'/home/inets/source/gr-inets/results/receiver_frame_checked_good.txt' -> '/home/inets/0_ba/bachelor_thesis/measurements/debug/data/158/2/receiver_frame_checked_good.txt'
'/home/inets/source/gr-inets/results/receiver_frame_received.txt' -> '/home/inets/0_ba/bachelor_thesis/measurements/debug/data/158/2/receiver_frame_received.txt'
'/home/inets/source/gr-inets/results/sender_ack_received.txt' -> '/home/inets/0_ba/bachelor_thesis/measurements/debug/data/158/2/sender_ack_received.txt'
'/home/inets/source/gr-inets/results/sender_bfr_dq.txt' -> '/home/inets/0_ba/bachelor_thesis/measurements/debug/data/158/2/sender_bfr_dq.txt'
'/home/inets/source/gr-inets/results/sender_data_sent.txt' -> '/home/inets/0_ba/bachelor_thesis/measurements/debug/data/158/2/sender_data_sent.txt'
'/home/inets/source/gr-inets/results/sender_frame_anlyzed.txt' -> '/home/inets/0_ba/bachelor_thesis/measurements/debug/data/158/2/sender_frame_anlyzed.txt'
'/home/inets/source/gr-inets/results/sender_frame_checked_bad.txt' -> '/home/inets/0_ba/bachelor_thesis/measurements/debug/data/158/2/sender_frame_checked_bad.txt'
'/home/inets/source/gr-inets/results/sender_frame_checked_good.txt' -> '/home/inets/0_ba/bachelor_thesis/measurements/debug/data/158/2/sender_frame_checked_good.txt'
'/home/inets/source/gr-inets/results/sender_frame_received.txt' -> '/home/inets/0_ba/bachelor_thesis/measurements/debug/data/158/2/sender_frame_received.txt'
'/home/inets/source/gr-inets/results/sender_retransmissions.txt' -> '/home/inets/0_ba/bachelor_thesis/measurements/debug/data/158/2/sender_retransmissions.txt'
measurement 2 raw data moved to /home/inets/0_ba/bachelor_thesis/measurements/debug/data/158/2/.

now processing results...
plotting python should be: python3 (ubuntu).
Hello from rtt.py!
hello from variables.py!
data_sent: 1500395124.187308
data_sent: 1500395124.458671
data_sent: 1500395124.640712
data_sent: 1500395124.821764
data_sent: 1500395124.997835
data_sent: 1500395125.168521
data_sent: 1500395125.315157
data_sent: 1500395125.490904
data_sent: 1500395125.671863
data_sent: 1500395125.852449
data_sent: 1500395126.023339
data_sent: 1500395126.179939
data_sent: 1500395126.350315
data_sent: 1500395126.534798
data_sent: 1500395126.710716
ack_received: 1500395124.252667
ack_received: 1500395124.531269
ack_received: 1500395124.713371
ack_received: 1500395125.240820
ack_received: 1500395125.740002
ack_received: 1500395126.095573
ack_received: 1500395126.422394
retx: [0, 0, 0, 2, 2, 1, 1]

The resulting RTTs of this single measurement are:
[0.06536, 0.0726, 0.07266]



The resulting mean RTT of this single measurement is:
0.07020666666666667


abs. packet loss: 8.0
packet loss in %: 53.33%
data_sent: 1500395129.203343
data_sent: 1500395129.405399
data_sent: 1500395129.685795
data_sent: 1500395129.828897
data_sent: 1500395130.015200
data_sent: 1500395130.185951
data_sent: 1500395130.361922
data_sent: 1500395130.530625
data_sent: 1500395130.706204
data_sent: 1500395130.887065
data_sent: 1500395131.072596
data_sent: 1500395131.236241
data_sent: 1500395131.390437
data_sent: 1500395131.566217
data_sent: 1500395131.750340
ack_received: 1500395129.280717
ack_received: 1500395129.481792
ack_received: 1500395129.760536
ack_received: 1500395129.904816
ack_received: 1500395130.433163
ack_received: 1500395130.960269
ack_received: 1500395131.142765
ack_received: 1500395131.306063
ack_received: 1500395131.641860
retx: [0, 0, 0, 0, 2, 2, 0, 0, 1]

The resulting RTTs of this single measurement are:
[0.07737, 0.07639, 0.07474, 0.07592, 0.07017, 0.06982]



The resulting mean RTT of this single measurement is:
0.07406833333333333


abs. packet loss: 6.0
packet loss in %: 40.0%
[ 0.07020667  0.07406833]
Hello from myplot.py!
I will print a pdf for you now!
Hello from myplot.py!
I will print a pdf for you now!
Hello from myplot.py!
I will print a pdf for you now!
Hello from myplot.py!
I will print a cdf for you now!
<a list of 1 Patch objects>
Hello from myplot.py!
I will print a cdf for you now!
<a list of 1 Patch objects>
Hello from myplot.py!
I will print a cdf for you now!
<a list of 1 Patch objects>
Hello from myplot.py!
I will print a boxplot for you now!
Hello from myplot.py!
I will print a boxplot for you now!
Hello from myplot.py!
I will print a boxplot for you now!
Hello from myplot.py!
I will print a bar for you now!
Hello from myplot.py!
I will print a bar for you now!
Hello from myplot.py!
I will print a bar for you now!
Hello from myplot.py!
I will print a line for you now!
Hello from myplot.py!
I will print a line for you now!
Hello from myplot.py!
I will print a line for you now!
Hello from throughput.py!
hello from variables.py!
Data file not found at /home/inets/0_ba/bachelor_thesis/measurements/debug/data/158/1/receiver_data_received.txt.
Data file not found at /home/inets/0_ba/bachelor_thesis/measurements/debug/data/158/2/receiver_data_received.txt.
[ 0.  0.]
Hello from myplot.py!
I will print a pdf for you now!
Hello from myplot.py!
I will print a cdf for you now!
<a list of 1 Patch objects>
Hello from myplot.py!
I will print a boxplot for you now!
Hello from myplot.py!
I will print a bar for you now!
Hello from myplot.py!
I will print a line for you now!

+--------------------------------------------------------------+
| plotting completed. until the next measurement session then! |
+--------------------------------------------------------------+
