Measurement 1/2 complete in 4 second(s).
linux; GNU C++ version 5.4.0 20160609; Boost_105800; UHD_003.009.005-45-g6768a615
linux; GNU C++ version 5.4.0 20160609; Boost_105800; UHD_003.009.005-45-g6768a615


Using Volk machine: avx_64_mmx
-- Opening a USRP2/N-Series device...
Using Volk machine: avx_64_mmx
-- Opening a USRP2/N-Series device...
-- Current recv frame size: 1472 bytes
-- Current send frame size: 1472 bytes
-- Current recv frame size: 1472 bytes
-- Current send frame size: 1472 bytes
Measurement 1/2 complete in 3 second(s).
the 100th message counter is activated.
the 880th message counter is activated.
the 100th message counter is activated.
Measurement 1/2 complete in 2 second(s).
node starts running at 45.3077
node starts running at 45.3079
++++ frame_probe ID: 850 receives a frame at time 45.3499s ++++
++++ frame_probe ID: 860 receives a frame at time 45.3913s ++++
++++ frame_probe ID: 1010 receives a frame at time 45.3969s ++++
INFO: Detected an invalid packet at item 0
INFO: Parser returned #f
INFO: Detected an invalid packet at item 32
INFO: Parser returned #f
++++ frame_probe ID: 882 receives a frame at time 45.4224s ++++
++++ frame_probe ID: 883 receives a frame at time 45.4224s ++++
++++ frame_probe ID: 890 receives a frame at time 45.4225s ++++
the 100th message counter  has been visited 1 times  
++++ frame_probe ID: 850 receives a frame at time 45.5149s ++++
++++ frame_probe ID: 860 receives a frame at time 45.5561s ++++
++++ frame_probe ID: 1010 receives a frame at time 45.5599s ++++
INFO: Detected an invalid packet at item 96
INFO: Parser returned #f
++++ frame_probe ID: 882 receives a frame at time 45.5855s ++++
++++ frame_probe ID: 883 receives a frame at time 45.5855s ++++
++++ frame_probe ID: 890 receives a frame at time 45.5856s ++++
the 100th message counter  has been visited 2 times  
++++ frame_probe ID: 850 receives a frame at time 45.687s ++++
++++ frame_probe ID: 860 receives a frame at time 45.7278s ++++
++++ frame_probe ID: 1010 receives a frame at time 45.7324s ++++
INFO: Detected an invalid packet at item 160
INFO: Parser returned #f
INFO: Detected an invalid packet at item 192
INFO: Parser returned #f
++++ frame_probe ID: 882 receives a frame at time 45.7579s ++++
++++ frame_probe ID: 883 receives a frame at time 45.758s ++++
++++ frame_probe ID: 890 receives a frame at time 45.758s ++++
the 100th message counter  has been visited 3 times  
++++ frame_probe ID: 850 receives a frame at time 45.8774s ++++
Measurement 1/2 complete in 1 second(s).
++++ frame_probe ID: 860 receives a frame at time 45.9182s ++++
++++ frame_probe ID: 1010 receives a frame at time 45.9247s ++++
INFO: Detected an invalid packet at item 256
INFO: Parser returned #f
++++ frame_probe ID: 882 receives a frame at time 45.9502s ++++
++++ frame_probe ID: 883 receives a frame at time 45.9503s ++++
++++ frame_probe ID: 890 receives a frame at time 45.9504s ++++
the 100th message counter  has been visited 4 times  
++++ frame_probe ID: 850 receives a frame at time 46.0613s ++++
++++ frame_probe ID: 860 receives a frame at time 46.102s ++++
++++ frame_probe ID: 1010 receives a frame at time 46.1071s ++++
INFO: Detected an invalid packet at item 320
INFO: Parser returned #f
INFO: Detected an invalid packet at item 352
INFO: Parser returned #f
++++ frame_probe ID: 882 receives a frame at time 46.1327s ++++
++++ frame_probe ID: 883 receives a frame at time 46.1328s ++++
++++ frame_probe ID: 890 receives a frame at time 46.1328s ++++
the 100th message counter  has been visited 5 times  
++++ frame_probe ID: 850 receives a frame at time 46.2122s ++++
++++ frame_probe ID: 860 receives a frame at time 46.253s ++++
++++ frame_probe ID: 1010 receives a frame at time 46.2607s ++++
INFO: Detected an invalid packet at item 416
INFO: Parser returned #f
++++ frame_probe ID: 882 receives a frame at time 46.2861s ++++
++++ frame_probe ID: 883 receives a frame at time 46.2862s ++++
++++ frame_probe ID: 890 receives a frame at time 46.2863s ++++
the 100th message counter  has been visited 6 times  
++++ frame_probe ID: 850 receives a frame at time 46.3628s ++++
++++ frame_probe ID: 860 receives a frame at time 46.4038s ++++
INFO: Detected an invalid packet at item 480
INFO: Parser returned #f
++++ frame_probe ID: 1010 receives a frame at time 46.414s ++++
INFO: Detected an invalid packet at item 512
INFO: Parser returned #f
++++ frame_probe ID: 882 receives a frame at time 46.4404s ++++
++++ frame_probe ID: 883 receives a frame at time 46.4405s ++++
++++ frame_probe ID: 890 receives a frame at time 46.4405s ++++
the 100th message counter  has been visited 7 times  
++++ frame_probe ID: 850 receives a frame at time 46.5419s ++++
++++ frame_probe ID: 860 receives a frame at time 46.5827s ++++
++++ frame_probe ID: 1010 receives a frame at time 46.5871s ++++
INFO: Detected an invalid packet at item 576
INFO: Parser returned #f
INFO: Detected an invalid packet at item 608
INFO: Parser returned #f
++++ frame_probe ID: 882 receives a frame at time 46.6127s ++++
++++ frame_probe ID: 883 receives a frame at time 46.6127s ++++
++++ frame_probe ID: 890 receives a frame at time 46.6128s ++++
the 100th message counter  has been visited 8 times  
++++ frame_probe ID: 850 receives a frame at time 46.7447s ++++
++++ frame_probe ID: 860 receives a frame at time 46.7855s ++++
++++ frame_probe ID: 1010 receives a frame at time 46.7889s ++++
INFO: Detected an invalid packet at item 672
INFO: Parser returned #f
INFO: Detected an invalid packet at item 704
INFO: Parser returned #f
++++ frame_probe ID: 882 receives a frame at time 46.8143s ++++
++++ frame_probe ID: 883 receives a frame at time 46.8143s ++++
++++ frame_probe ID: 890 receives a frame at time 46.8144s ++++
the 100th message counter  has been visited 9 times  
Measurement 1 raw data directory created /home/inets/0_ba/bachelor_thesis/measurements/debug/data/92/1/.
'/home/inets/source/gr-inets/results/receiver_data_received.txt' -> '/home/inets/0_ba/bachelor_thesis/measurements/debug/data/92/1/receiver_data_received.txt'
'/home/inets/source/gr-inets/results/sender_ack_received.txt' -> '/home/inets/0_ba/bachelor_thesis/measurements/debug/data/92/1/sender_ack_received.txt'
'/home/inets/source/gr-inets/results/sender_bfr_dq.txt' -> '/home/inets/0_ba/bachelor_thesis/measurements/debug/data/92/1/sender_bfr_dq.txt'
'/home/inets/source/gr-inets/results/sender_data_sent.txt' -> '/home/inets/0_ba/bachelor_thesis/measurements/debug/data/92/1/sender_data_sent.txt'
Measurement 1 raw data moved to /home/inets/0_ba/bachelor_thesis/measurements/debug/data/92/1/.

Measurement 2/2 complete in 4 second(s).
linux; GNU C++ version 5.4.0 20160609; Boost_105800; UHD_003.009.005-45-g6768a615
linux; GNU C++ version 5.4.0 20160609; Boost_105800; UHD_003.009.005-45-g6768a615


Using Volk machine: avx_64_mmx
-- Opening a USRP2/N-Series device...
Using Volk machine: avx_64_mmx
-- Opening a USRP2/N-Series device...
-- Current recv frame size: 1472 bytes
-- Current send frame size: 1472 bytes
-- Current recv frame size: 1472 bytes
-- Current send frame size: 1472 bytes
Measurement 2/2 complete in 3 second(s).
the 880th message counter is activated.
the 100th message counter is activated.
the 100th message counter is activated.
Measurement 2/2 complete in 2 second(s).
node starts running at 49.2715
node starts running at 49.2785
++++ frame_probe ID: 850 receives a frame at time 49.3223s ++++
++++ frame_probe ID: 860 receives a frame at time 49.3636s ++++
++++ frame_probe ID: 1010 receives a frame at time 49.3684s ++++
INFO: Detected an invalid packet at item 0
INFO: Parser returned #f
INFO: Detected an invalid packet at item 32
INFO: Parser returned #f
++++ frame_probe ID: 882 receives a frame at time 49.3918s ++++
++++ frame_probe ID: 883 receives a frame at time 49.3919s ++++
++++ frame_probe ID: 890 receives a frame at time 49.3919s ++++
the 100th message counter  has been visited 1 times  
++++ frame_probe ID: 850 receives a frame at time 49.4803s ++++
++++ frame_probe ID: 860 receives a frame at time 49.5212s ++++
INFO: Detected an invalid packet at item 96
INFO: Parser returned #f
++++ frame_probe ID: 1010 receives a frame at time 49.5317s ++++
INFO: Detected an invalid packet at item 128
INFO: Parser returned #f
++++ frame_probe ID: 882 receives a frame at time 49.5549s ++++
++++ frame_probe ID: 883 receives a frame at time 49.5549s ++++
++++ frame_probe ID: 890 receives a frame at time 49.555s ++++
the 100th message counter  has been visited 2 times  
++++ frame_probe ID: 850 receives a frame at time 49.6554s ++++
++++ frame_probe ID: 860 receives a frame at time 49.6964s ++++
++++ frame_probe ID: 1010 receives a frame at time 49.7041s ++++
INFO: Detected an invalid packet at item 192
INFO: Parser returned #f
++++ frame_probe ID: 882 receives a frame at time 49.7276s ++++
++++ frame_probe ID: 883 receives a frame at time 49.7276s ++++
++++ frame_probe ID: 890 receives a frame at time 49.7277s ++++
the 100th message counter  has been visited 3 times  
++++ frame_probe ID: 850 receives a frame at time 49.7962s ++++
++++ frame_probe ID: 860 receives a frame at time 49.8372s ++++
++++ frame_probe ID: 1010 receives a frame at time 49.8487s ++++
INFO: Detected an invalid packet at item 256
INFO: Parser returned #f
++++ frame_probe ID: 882 receives a frame at time 49.8723s ++++
++++ frame_probe ID: 883 receives a frame at time 49.8724s ++++
++++ frame_probe ID: 890 receives a frame at time 49.8724s ++++
Measurement 2/2 complete in 1 second(s).
the 100th message counter  has been visited 4 times  
++++ frame_probe ID: 850 receives a frame at time 49.9838s ++++
++++ frame_probe ID: 860 receives a frame at time 50.0246s ++++
++++ frame_probe ID: 1010 receives a frame at time 50.0308s ++++
INFO: Detected an invalid packet at item 320
INFO: Parser returned #f
INFO: Detected an invalid packet at item 352
INFO: Parser returned #f
++++ frame_probe ID: 882 receives a frame at time 50.0541s ++++
++++ frame_probe ID: 883 receives a frame at time 50.0542s ++++
++++ frame_probe ID: 890 receives a frame at time 50.0542s ++++
the 100th message counter  has been visited 5 times  
++++ frame_probe ID: 850 receives a frame at time 50.1226s ++++
++++ frame_probe ID: 860 receives a frame at time 50.1635s ++++
INFO: Detected an invalid packet at item 416
INFO: Parser returned #f
++++ frame_probe ID: 1010 receives a frame at time 50.175s ++++
INFO: Detected an invalid packet at item 448
INFO: Parser returned #f
++++ frame_probe ID: 882 receives a frame at time 50.1984s ++++
++++ frame_probe ID: 883 receives a frame at time 50.1985s ++++
++++ frame_probe ID: 890 receives a frame at time 50.1985s ++++
the 100th message counter  has been visited 6 times  
++++ frame_probe ID: 850 receives a frame at time 50.2689s ++++
++++ frame_probe ID: 860 receives a frame at time 50.3096s ++++
INFO: Detected an invalid packet at item 512
INFO: Parser returned #f
++++ frame_probe ID: 1010 receives a frame at time 50.3186s ++++
INFO: Detected an invalid packet at item 544
INFO: Parser returned #f
++++ frame_probe ID: 882 receives a frame at time 50.3421s ++++
++++ frame_probe ID: 883 receives a frame at time 50.3421s ++++
++++ frame_probe ID: 890 receives a frame at time 50.3422s ++++
the 100th message counter  has been visited 7 times  
++++ frame_probe ID: 850 receives a frame at time 50.4596s ++++
++++ frame_probe ID: 860 receives a frame at time 50.5005s ++++
++++ frame_probe ID: 1010 receives a frame at time 50.5109s ++++
INFO: Detected an invalid packet at item 608
INFO: Parser returned #f
++++ frame_probe ID: 882 receives a frame at time 50.5342s ++++
++++ frame_probe ID: 883 receives a frame at time 50.5343s ++++
++++ frame_probe ID: 890 receives a frame at time 50.5344s ++++
the 100th message counter  has been visited 8 times  
++++ frame_probe ID: 850 receives a frame at time 50.6348s ++++
++++ frame_probe ID: 860 receives a frame at time 50.6755s ++++
++++ frame_probe ID: 1010 receives a frame at time 50.6832s ++++
INFO: Detected an invalid packet at item 672
INFO: Parser returned #f
INFO: Detected an invalid packet at item 704
INFO: Parser returned #f
++++ frame_probe ID: 882 receives a frame at time 50.7066s ++++
++++ frame_probe ID: 883 receives a frame at time 50.7067s ++++
++++ frame_probe ID: 890 receives a frame at time 50.7067s ++++
the 100th message counter  has been visited 9 times  
++++ frame_probe ID: 850 receives a frame at time 50.8241s ++++
++++ frame_probe ID: 860 receives a frame at time 50.8649s ++++
INFO: Detected an invalid packet at item 768
INFO: Parser returned #f
++++ frame_probe ID: 1010 receives a frame at time 50.8757s ++++
INFO: Detected an invalid packet at item 800
INFO: Parser returned #f
++++ frame_probe ID: 882 receives a frame at time 50.8992s ++++
++++ frame_probe ID: 883 receives a frame at time 50.8992s ++++
++++ frame_probe ID: 890 receives a frame at time 50.8993s ++++
Measurement 2 raw data directory created /home/inets/0_ba/bachelor_thesis/measurements/debug/data/92/2/.
'/home/inets/source/gr-inets/results/receiver_data_received.txt' -> '/home/inets/0_ba/bachelor_thesis/measurements/debug/data/92/2/receiver_data_received.txt'
'/home/inets/source/gr-inets/results/sender_ack_received.txt' -> '/home/inets/0_ba/bachelor_thesis/measurements/debug/data/92/2/sender_ack_received.txt'
'/home/inets/source/gr-inets/results/sender_bfr_dq.txt' -> '/home/inets/0_ba/bachelor_thesis/measurements/debug/data/92/2/sender_bfr_dq.txt'
'/home/inets/source/gr-inets/results/sender_data_sent.txt' -> '/home/inets/0_ba/bachelor_thesis/measurements/debug/data/92/2/sender_data_sent.txt'
Measurement 2 raw data moved to /home/inets/0_ba/bachelor_thesis/measurements/debug/data/92/2/.

Now processing results...
Plotting Python should be: python3 (UBUNTU).
Hello from rtt.py!
Hello from variables.py!
data_sent: 1500295545.349851
data_sent: 1500295545.514881
data_sent: 1500295545.687013
data_sent: 1500295545.877438
data_sent: 1500295546.061271
data_sent: 1500295546.212196
data_sent: 1500295546.362772
data_sent: 1500295546.541866
data_sent: 1500295546.744673
ack_received: 1500295545.422530
ack_received: 1500295545.585627
ack_received: 1500295545.758041
ack_received: 1500295545.950364
ack_received: 1500295546.132839
ack_received: 1500295546.286271
ack_received: 1500295546.440545
ack_received: 1500295546.612794
ack_received: 1500295546.814407
