Measurement 1/4 complete in 5 second(s).
Measurement 1/4 complete in 4 second(s).
Measurement 1/4 complete in 3 second(s).
Measurement 1/4 complete in 2 second(s).
measurement 1/2 complete in 5 second(s).
linux; GNU C++ version 5.4.0 20160609; Boost_105800; UHD_003.009.005-45-g6768a615

linux; GNU C++ version 5.4.0 20160609; Boost_105800; UHD_003.009.005-45-g6768a615

Using Volk machine: avx_64_mmx
-- Opening a USRP2/N-Series device...
Using Volk machine: avx_64_mmx
-- Opening a USRP2/N-Series device...
-- Current recv frame size: 1472 bytes
-- Current send frame size: 1472 bytes
-- Current recv frame size: 1472 bytes
-- Current send frame size: 1472 bytes
measurement 1/2 complete in 4 second(s).
develop mode of resend_check ID: 24 is activated.
develop mode of resend_check ID: 24 is activated.
the 100th message counter is activated.
the 880th message counter is activated.
the 100th message counter is activated.
measurement 1/2 complete in 3 second(s).
node starts running at 9.4034
node starts running at 9.40968
++++ frame_probe ID: 1050 receives a frame at time 9.50371s ++++
++++ frame_probe ID: 1060 receives a frame at time 9.54538s ++++
++++ frame_probe ID: 882 receives a frame at time 9.55704s ++++
++++ frame_probe ID: 883 receives a frame at time 9.5571s ++++
++++ frame_probe ID: 884 receives a frame at time 9.55717s ++++
++++ frame_probe ID: 890 receives a frame at time 9.55723s ++++
++++ frame_probe ID: 860 receives a frame at time 9.57299s ++++
++++ frame_probe ID: 882 receives a frame at time 9.57663s ++++
++++ frame_probe ID: 1082 receives a frame at time 9.58491s ++++
++++ frame_probe ID: 1083 receives a frame at time 9.58501s ++++
++++ frame_probe ID: 1085 receives a frame at time 9.58504s ++++
a data frame with index 0 from node: 3 has been transmitted 1th time
++++ frame_probe ID: 1050 receives a frame at time 9.68038s ++++
++++ frame_probe ID: 1060 receives a frame at time 9.72162s ++++
++++ frame_probe ID: 882 receives a frame at time 9.72936s ++++
++++ frame_probe ID: 883 receives a frame at time 9.72941s ++++
++++ frame_probe ID: 884 receives a frame at time 9.72947s ++++
++++ frame_probe ID: 890 receives a frame at time 9.72953s ++++
++++ frame_probe ID: 860 receives a frame at time 9.74492s ++++
INFO: Detected an invalid packet at item 32
INFO: Parser returned #f
++++ frame_probe ID: 882 receives a frame at time 9.74887s ++++
a data frame with index 0 from node: 3 has been transmitted 2th time
++++ frame_probe ID: 1050 receives a frame at time 9.85654s ++++
++++ frame_probe ID: 1060 receives a frame at time 9.89748s ++++
++++ frame_probe ID: 882 receives a frame at time 9.90272s ++++
++++ frame_probe ID: 883 receives a frame at time 9.90277s ++++
++++ frame_probe ID: 884 receives a frame at time 9.90283s ++++
++++ frame_probe ID: 890 receives a frame at time 9.90287s ++++
++++ frame_probe ID: 860 receives a frame at time 9.91828s ++++
++++ frame_probe ID: 1082 receives a frame at time 9.9219s ++++
++++ frame_probe ID: 1083 receives a frame at time 9.92204s ++++
++++ frame_probe ID: 1085 receives a frame at time 9.92206s ++++
++++ frame_probe ID: 882 receives a frame at time 9.92221s ++++
measurement 1/2 complete in 2 second(s).
a data frame with index 0 from node: 3 has been transmitted 3th time
++++ frame_probe ID: 1050 receives a frame at time 10.053s ++++
++++ frame_probe ID: 1060 receives a frame at time 10.094s ++++
++++ frame_probe ID: 882 receives a frame at time 10.1041s ++++
++++ frame_probe ID: 883 receives a frame at time 10.1041s ++++
++++ frame_probe ID: 884 receives a frame at time 10.1042s ++++
++++ frame_probe ID: 890 receives a frame at time 10.1042s ++++
++++ frame_probe ID: 860 receives a frame at time 10.1195s ++++
++++ frame_probe ID: 1082 receives a frame at time 10.1234s ++++
++++ frame_probe ID: 1083 receives a frame at time 10.1234s ++++
++++ frame_probe ID: 1084 receives a frame at time 10.1235s ++++
counter ID 880 results at time 4210.12 is 3
++++ frame_probe ID: 1090 receives a frame at time 10.1236s ++++
++++ frame_probe ID: 882 receives a frame at time 10.1236s ++++
the 100th message counter node3_acked has been visited 1 times  
++++ frame_probe ID: 1050 receives a frame at time 10.2399s ++++
++++ frame_probe ID: 1060 receives a frame at time 10.2808s ++++
++++ frame_probe ID: 882 receives a frame at time 10.2867s ++++
++++ frame_probe ID: 883 receives a frame at time 10.2867s ++++
++++ frame_probe ID: 884 receives a frame at time 10.2868s ++++
++++ frame_probe ID: 890 receives a frame at time 10.2868s ++++
++++ frame_probe ID: 860 receives a frame at time 10.3022s ++++
++++ frame_probe ID: 1082 receives a frame at time 10.3058s ++++
++++ frame_probe ID: 1083 receives a frame at time 10.3058s ++++
++++ frame_probe ID: 1084 receives a frame at time 10.3059s ++++
counter ID 880 results at time 4210.31++++ frame_probe ID:  is 01090
 receives a frame at time 10.3059s ++++
++++ frame_probe ID: 882 receives a frame at time 10.3062s ++++
the 100th message counter node3_acked has been visited 2 times  
++++ frame_probe ID: 1050 receives a frame at time 10.3844s ++++
++++ frame_probe ID: 1060 receives a frame at time 10.4253s ++++
++++ frame_probe ID: 882 receives a frame at time 10.43s ++++
++++ frame_probe ID: 883 receives a frame at time 10.4301s ++++
++++ frame_probe ID: 884 receives a frame at time 10.4302s ++++
++++ frame_probe ID: 890 receives a frame at time 10.4302s ++++
++++ frame_probe ID: 860 receives a frame at time 10.4458s ++++
++++ frame_probe ID: 1082 receives a frame at time 10.4492s ++++
++++ frame_probe ID: 1085 receives a frame at time 10.4492s ++++
++++ frame_probe ID: 882 receives a frame at time 10.4495s ++++
++++ frame_probe ID: 1083 receives a frame at time 10.4498s ++++
a data frame with index 2 from node: 3 has been transmitted 1th time
++++ frame_probe ID: 1050 receives a frame at time 10.5554s ++++
++++ frame_probe ID: 1060 receives a frame at time 10.5962s ++++
++++ frame_probe ID: 882 receives a frame at time 10.6023s ++++
++++ frame_probe ID: 883 receives a frame at time 10.6024s ++++
++++ frame_probe ID: 884 receives a frame at time 10.6024s ++++
++++ frame_probe ID: 890 receives a frame at time 10.6024s ++++
++++ frame_probe ID: 860 receives a frame at time 10.6177s ++++
++++ frame_probe ID: 882 receives a frame at time 10.6217s ++++
++++ frame_probe ID: 1082 receives a frame at time 10.6225s ++++
++++ frame_probe ID: 1083 receives a frame at time 10.6226s ++++
++++ frame_probe ID: 1085 receives a frame at time 10.6226s ++++
a data frame with index 2 from node: 3 has been transmitted 2th time
++++ frame_probe ID: 1050 receives a frame at time 10.7361s ++++
++++ frame_probe ID: 1060 receives a frame at time 10.7771s ++++
++++ frame_probe ID: 882 receives a frame at time 10.7849s ++++
++++ frame_probe ID: 884 receives a frame at time 10.785s ++++
++++ frame_probe ID: 883 receives a frame at time 10.785s ++++
++++ frame_probe ID: 890 receives a frame at time 10.785s ++++
++++ frame_probe ID: 860 receives a frame at time 10.8002s ++++
++++ frame_probe ID: 882 receives a frame at time 10.8043s ++++
++++ frame_probe ID: 1082 receives a frame at time 10.8049s ++++
++++ frame_probe ID: 1083 receives a frame at time 10.8049s ++++
++++ frame_probe ID: 1085 receives a frame at time 10.8049s ++++
a data frame with index 2 from node: 3 has been transmitted 3th time
++++ frame_probe ID: 1050 receives a frame at time 10.9221s ++++
++++ frame_probe ID: 1060 receives a frame at time 10.963s ++++
++++ frame_probe ID: 882 receives a frame at time 10.967s ++++
++++ frame_probe ID: 883 receives a frame at time 10.9671s ++++
++++ frame_probe ID: 884 receives a frame at time 10.9671s ++++
++++ frame_probe ID: 890 receives a frame at time 10.9672s ++++
++++ frame_probe ID: 860 receives a frame at time 10.9824s ++++
++++ frame_probe ID: 882 receives a frame at time 10.9865s ++++
++++ frame_probe ID: 1082 receives a frame at time 10.9873s ++++
++++ frame_probe ID: 1083 receives a frame at time 10.9873s ++++
++++ frame_probe ID: 1085 receives a frame at time 10.9874s ++++
measurement 1/2 complete in 1 second(s).
a data frame with index 2 from node: 3 has been transmitted 4th time
++++ frame_probe ID: 1050 receives a frame at time 11.1178s ++++
++++ frame_probe ID: 1060 receives a frame at time 11.1586s ++++
++++ frame_probe ID: 882 receives a frame at time 11.1688s ++++
++++ frame_probe ID: 884 receives a frame at time ++++ frame_probe ID: 883 receives a frame at time 11.1689s ++++
11.1689s ++++
++++ frame_probe ID: 890 receives a frame at time 11.1689s ++++
++++ frame_probe ID: 860 receives a frame at time 11.1842s ++++
++++ frame_probe ID: 882 receives a frame at time 11.1882s ++++
++++ frame_probe ID: 1082 receives a frame at time 11.1888s ++++
++++ frame_probe ID: 1083 receives a frame at time 11.1889s ++++
++++ frame_probe ID: 1084 receives a frame at time 11.1889s ++++
counter ID 880 results at time 4211.19 is 4
++++ frame_probe ID: 1090 receives a frame at time 11.189s ++++
the 100th message counter node3_acked has been visited 3 times  
++++ frame_probe ID: 1050 receives a frame at time 11.2574s ++++
++++ frame_probe ID: 1060 receives a frame at time 11.2982s ++++
++++ frame_probe ID: 882 receives a frame at time 11.3029s ++++
++++ frame_probe ID: 884 receives a frame at time ++++ frame_probe ID: 883 receives a frame at time 11.30311.303s ++++s ++++

++++ frame_probe ID: 890 receives a frame at time 11.3031s ++++
++++ frame_probe ID: 860 receives a frame at time 11.3183s ++++
++++ frame_probe ID: 1082 receives a frame at time 11.3228s ++++
++++ frame_probe ID: 1083 receives a frame at time 11.3229s ++++
++++ frame_probe ID: 1084 receives a frame at time 11.3229s ++++
counter ID 880 results at time ++++ frame_probe ID: 1090 receives a frame at time 4211.32 is 0
11.323s ++++
++++ frame_probe ID: 882 receives a frame at time 11.3231s ++++
the 100th message counter node3_acked has been visited 4 times  
++++ frame_probe ID: 1050 receives a frame at time 11.4093s ++++
++++ frame_probe ID: 1060 receives a frame at time 11.4501s ++++
++++ frame_probe ID: 882 receives a frame at time 11.4563s ++++
++++ frame_probe ID: 883 receives a frame at time 11.4563s ++++
++++ frame_probe ID: 884 receives a frame at time 11.4564s ++++
++++ frame_probe ID: 890 receives a frame at time 11.4564s ++++
++++ frame_probe ID: 860 receives a frame at time 11.4717s ++++
++++ frame_probe ID: 882 receives a frame at time 11.4758s ++++
++++ frame_probe ID: 1082 receives a frame at time 11.4763s ++++
++++ frame_probe ID: 1083 receives a frame at time 11.4763s ++++
++++ frame_probe ID: 1084 receives a frame at time 11.4764s ++++
counter ID 880 results at time ++++ frame_probe ID: 1090 receives a frame at time 4211.48 is 0
11.4764s ++++
the 100th message counter node3_acked has been visited 5 times  
++++ frame_probe ID: 1050 receives a frame at time 11.5488s ++++
++++ frame_probe ID: 1060 receives a frame at time 11.5899s ++++
++++ frame_probe ID: 882 receives a frame at time 11.6005s ++++
++++ frame_probe ID: 884++++ frame_probe ID:  receives a frame at time 883 receives a frame at time 11.600611.6006s ++++s ++++

++++ frame_probe ID: 890 receives a frame at time 11.6007s ++++
++++ frame_probe ID: 860 receives a frame at time 11.6159s ++++
++++ frame_probe ID: 882 receives a frame at time 11.62s ++++
++++ frame_probe ID: 1082 receives a frame at time 11.6207s ++++
++++ frame_probe ID: 1083 receives a frame at time 11.6207s ++++
++++ frame_probe ID: 1084 receives a frame at time 11.6208s ++++
counter ID 880 results at time ++++ frame_probe ID: 1090 receives a frame at time 11.6208s ++++
4211.62 is 0
the 100th message counter node3_acked has been visited 6 times  
++++ frame_probe ID: 1050 receives a frame at time 11.7202s ++++
++++ frame_probe ID: 1060 receives a frame at time 11.761s ++++
++++ frame_probe ID: 882 receives a frame at time 11.7731s ++++
++++ frame_probe ID: 883 receives a frame at time 11.7732s ++++
++++ frame_probe ID: 884 receives a frame at time 11.7732s ++++
++++ frame_probe ID: 890 receives a frame at time 11.7732s ++++
++++ frame_probe ID: 860 receives a frame at time 11.7886s ++++
++++ frame_probe ID: 882 receives a frame at time 11.7925s ++++
++++ frame_probe ID: 1082 receives a frame at time 11.7931s ++++
++++ frame_probe ID: 1083 receives a frame at time 11.7931s ++++
++++ frame_probe ID: 1085 receives a frame at time 11.7931s ++++
a data frame with index 6 from node: 3 has been transmitted 1th time
++++ frame_probe ID: 1050 receives a frame at time 11.8911s ++++
++++ frame_probe ID: 1060 receives a frame at time 11.932s ++++
++++ frame_probe ID: 882 receives a frame at time 11.9364s ++++
++++ frame_probe ID: 883 receives a frame at time 11.9364s ++++
++++ frame_probe ID: 884 receives a frame at time 11.9365s ++++
++++ frame_probe ID: 890 receives a frame at time 11.9365s ++++
++++ frame_probe ID: 860 receives a frame at time 11.9518s ++++
++++ frame_probe ID: 882 receives a frame at time 11.9558s ++++
++++ frame_probe ID: 1082 receives a frame at time 11.9565s ++++
measurement 1 raw data directory created /home/inets/0_ba/bachelor_thesis/measurements/debug/data/154/1/.
'/home/inets/source/gr-inets/results/receiver_ack_sent.txt' -> '/home/inets/0_ba/bachelor_thesis/measurements/debug/data/154/1/receiver_ack_sent.txt'
'/home/inets/source/gr-inets/results/receiver_data_received.txt' -> '/home/inets/0_ba/bachelor_thesis/measurements/debug/data/154/1/receiver_data_received.txt'
'/home/inets/source/gr-inets/results/receiver_frame_anlyzed.txt' -> '/home/inets/0_ba/bachelor_thesis/measurements/debug/data/154/1/receiver_frame_anlyzed.txt'
'/home/inets/source/gr-inets/results/receiver_frame_checked_good.txt' -> '/home/inets/0_ba/bachelor_thesis/measurements/debug/data/154/1/receiver_frame_checked_good.txt'
'/home/inets/source/gr-inets/results/receiver_frame_received.txt' -> '/home/inets/0_ba/bachelor_thesis/measurements/debug/data/154/1/receiver_frame_received.txt'
'/home/inets/source/gr-inets/results/sender_ack_received.txt' -> '/home/inets/0_ba/bachelor_thesis/measurements/debug/data/154/1/sender_ack_received.txt'
'/home/inets/source/gr-inets/results/sender_bfr_dq.txt' -> '/home/inets/0_ba/bachelor_thesis/measurements/debug/data/154/1/sender_bfr_dq.txt'
'/home/inets/source/gr-inets/results/sender_data_sent.txt' -> '/home/inets/0_ba/bachelor_thesis/measurements/debug/data/154/1/sender_data_sent.txt'
'/home/inets/source/gr-inets/results/sender_frame_anlyzed.txt' -> '/home/inets/0_ba/bachelor_thesis/measurements/debug/data/154/1/sender_frame_anlyzed.txt'
'/home/inets/source/gr-inets/results/sender_frame_checked_bad.txt' -> '/home/inets/0_ba/bachelor_thesis/measurements/debug/data/154/1/sender_frame_checked_bad.txt'
'/home/inets/source/gr-inets/results/sender_frame_checked_good.txt' -> '/home/inets/0_ba/bachelor_thesis/measurements/debug/data/154/1/sender_frame_checked_good.txt'
'/home/inets/source/gr-inets/results/sender_frame_received.txt' -> '/home/inets/0_ba/bachelor_thesis/measurements/debug/data/154/1/sender_frame_received.txt'
'/home/inets/source/gr-inets/results/sender_retransmissions.txt' -> '/home/inets/0_ba/bachelor_thesis/measurements/debug/data/154/1/sender_retransmissions.txt'
measurement 1 raw data moved to /home/inets/0_ba/bachelor_thesis/measurements/debug/data/154/1/.

measurement 2/2 complete in 5 second(s).
linux; GNU C++ version 5.4.0 20160609; Boost_105800; UHD_003.009.005-45-g6768a615
linux; GNU C++ version 5.4.0 20160609; Boost_105800; UHD_003.009.005-45-g6768a615


Using Volk machine: avx_64_mmx
-- Opening a USRP2/N-Series device...
Using Volk machine: avx_64_mmx
-- Opening a USRP2/N-Series device...
-- Current recv frame size: 1472 bytes
-- Current send frame size: 1472 bytes
-- Current recv frame size: 1472 bytes
-- Current send frame size: 1472 bytes
measurement 2/2 complete in 4 second(s).
develop mode of resend_check ID: 24 is activated.
develop mode of resend_check ID: 24 is activated.
the 100th message counter is activated.
the 880th message counter is activated.
the 100th message counter is activated.
measurement 2/2 complete in 3 second(s).
node starts running at 14.417
node starts running at 14.4191
++++ frame_probe ID: 1050 receives a frame at time 14.4653s ++++
++++ frame_probe ID: 1060 receives a frame at time 14.5065s ++++
++++ frame_probe ID: 882 receives a frame at time 14.5146s ++++
++++ frame_probe ID: 883 receives a frame at time 14.5146s ++++
++++ frame_probe ID: 884 receives a frame at time 14.5147s ++++
++++ frame_probe ID: 890 receives a frame at time 14.5147s ++++
++++ frame_probe ID: 860 receives a frame at time 14.5301s ++++
++++ frame_probe ID: 882 receives a frame at time 14.5337s ++++
++++ frame_probe ID: 1082 receives a frame at time 14.5376s ++++
++++ frame_probe ID: 1083 receives a frame at time 14.5377s ++++
++++ frame_probe ID: 1084 receives a frame at time 14.5377s ++++
counter ID 880 results at time ++++ frame_probe ID: 1090 receives a frame at time 4214.54 is 0
14.5378s ++++
the 100th message counter node3_acked has been visited 1 times  
++++ frame_probe ID: 1050 receives a frame at time 14.6452s ++++
++++ frame_probe ID: 1060 receives a frame at time 14.6862s ++++
++++ frame_probe ID: 882 receives a frame at time 14.6966s ++++
++++ frame_probe ID: 883 receives a frame at time 14.6967s ++++
++++ frame_probe ID: 884 receives a frame at time 14.6968s ++++
++++ frame_probe ID: 890 receives a frame at time 14.6968s ++++
++++ frame_probe ID: 860 receives a frame at time 14.712s ++++
++++ frame_probe ID: 882 receives a frame at time 14.7163s ++++
++++ frame_probe ID: 1082 receives a frame at time 14.7203s ++++
++++ frame_probe ID: 1083 receives a frame at time 14.7204s ++++
++++ frame_probe ID: 1085 receives a frame at time 14.7204s ++++
a data frame with index 1 from node: 3 has been transmitted 1th time
++++ frame_probe ID: 1050 receives a frame at time 14.816s ++++
++++ frame_probe ID: 1060 receives a frame at time 14.8568s ++++
++++ frame_probe ID: 882 receives a frame at time 14.86s ++++
++++ frame_probe ID: 883 receives a frame at time 14.8601s ++++
++++ frame_probe ID: 884 receives a frame at time 14.8601s ++++
++++ frame_probe ID: 890 receives a frame at time 14.8602s ++++
++++ frame_probe ID: 860 receives a frame at time 14.8755s ++++
++++ frame_probe ID: 882 receives a frame at time 14.8795s ++++
INFO: Detected an invalid packet at item 64
INFO: Parser returned #f
a data frame with index 1 from node: 3 has been transmitted 2th time
++++ frame_probe ID: 1050 receives a frame at time 14.9969s ++++
measurement 2/2 complete in 2 second(s).
++++ frame_probe ID: 1060 receives a frame at time 15.0377s ++++
++++ frame_probe ID: 882 receives a frame at time 15.0423s ++++
++++ frame_probe ID: 883 receives a frame at time 15.0424s ++++
++++ frame_probe ID: 884 receives a frame at time 15.0424s ++++
++++ frame_probe ID: 890 receives a frame at time 15.0425s ++++
++++ frame_probe ID: 860 receives a frame at time 15.0577s ++++
++++ frame_probe ID: 882 receives a frame at time 15.0618s ++++
INFO: Detected an invalid packet at item 96
INFO: Parser returned #f
a data frame with index 1 from node: 3 has been transmitted 3th time
++++ frame_probe ID: 1050 receives a frame at time 15.1675s ++++
++++ frame_probe ID: 1060 receives a frame at time 15.2084s ++++
++++ frame_probe ID: 882 receives a frame at time 15.2149s ++++
++++ frame_probe ID: 883 receives a frame at time 15.215s ++++
++++ frame_probe ID: 884 receives a frame at time 15.215s ++++
++++ frame_probe ID: 890 receives a frame at time 15.2151s ++++
++++ frame_probe ID: 860 receives a frame at time 15.2304s ++++
++++ frame_probe ID: 882 receives a frame at time 15.2342s ++++
++++ frame_probe ID: 1082 receives a frame at time 15.2382s ++++
++++ frame_probe ID: 1083 receives a frame at time 15.2382s ++++
++++ frame_probe ID: 1084 receives a frame at time 15.2383s ++++
counter ID 880 results at time 4215.24 is 3
++++ frame_probe ID: 1090 receives a frame at time 15.2384s ++++
the 100th message counter node3_acked has been visited 2 times  
++++ frame_probe ID: 1050 receives a frame at time 15.3358s ++++
++++ frame_probe ID: 1060 receives a frame at time 15.3766s ++++
++++ frame_probe ID: 882 receives a frame at time 15.3873s ++++
++++ frame_probe ID: 883 receives a frame at time 15.3873s ++++
++++ frame_probe ID: 884 receives a frame at time 15.3873s ++++
++++ frame_probe ID: 890 receives a frame at time 15.3874s ++++
++++ frame_probe ID: 860 receives a frame at time 15.4026s ++++
++++ frame_probe ID: 882 receives a frame at time 15.4066s ++++
++++ frame_probe ID: 1082 receives a frame at time 15.4114s ++++
++++ frame_probe ID: 1083 receives a frame at time 15.4114s ++++
++++ frame_probe ID: 1085 receives a frame at time 15.4115s ++++
a data frame with index 2 from node: 3 has been transmitted 1th time
++++ frame_probe ID: 1050 receives a frame at time 15.5065s ++++
++++ frame_probe ID: 1060 receives a frame at time 15.5474s ++++
++++ frame_probe ID: 882 receives a frame at time 15.5505s ++++
++++ frame_probe ID: 883 receives a frame at time 15.5506s ++++
++++ frame_probe ID: 884 receives a frame at time 15.5506s ++++
++++ frame_probe ID: 890 receives a frame at time 15.5506s ++++
++++ frame_probe ID: 860 receives a frame at time 15.5659s ++++
++++ frame_probe ID: 882 receives a frame at time 15.57s ++++
++++ frame_probe ID: 1082 receives a frame at time 15.5739s ++++
++++ frame_probe ID: 1083 receives a frame at time 15.574s ++++
++++ frame_probe ID: 1085 receives a frame at time 15.574s ++++
a data frame with index 2 from node: 3 has been transmitted 2th time
++++ frame_probe ID: 1050 receives a frame at time 15.6872s ++++
++++ frame_probe ID: 1060 receives a frame at time 15.7281s ++++
++++ frame_probe ID: 882 receives a frame at time 15.733s ++++
++++ frame_probe ID: 883 receives a frame at time 15.733s ++++
++++ frame_probe ID: 884 receives a frame at time 15.7331s ++++
++++ frame_probe ID: 890 receives a frame at time 15.7332s ++++
++++ frame_probe ID: 860 receives a frame at time 15.7484s ++++
++++ frame_probe ID: 882 receives a frame at time 15.7524s ++++
++++ frame_probe ID: 1082 receives a frame at time 15.7563s ++++
++++ frame_probe ID: 1083 receives a frame at time 15.7564s ++++
++++ frame_probe ID: 1084 receives a frame at time 15.7564s ++++
counter ID 880 results at time ++++ frame_probe ID: 1090 receives a frame at time 4215.76 is 2
15.7565s ++++
the 100th message counter node3_acked has been visited 3 times  
++++ frame_probe ID: 1050 receives a frame at time 15.8298s ++++
++++ frame_probe ID: 1060 receives a frame at time 15.8708s ++++
++++ frame_probe ID: 882 receives a frame at time 15.8773s ++++
++++ frame_probe ID: 883 receives a frame at time 15.8773s ++++
++++ frame_probe ID: 884 receives a frame at time 15.8774s ++++
++++ frame_probe ID: 890 receives a frame at time 15.8774s ++++
++++ frame_probe ID: 860 receives a frame at time 15.8926s ++++
++++ frame_probe ID: 882 receives a frame at time 15.8967s ++++
++++ frame_probe ID: 1082 receives a frame at time 15.9006s ++++
++++ frame_probe ID: 1083 receives a frame at time 15.9007s ++++
++++ frame_probe ID: 1084 receives a frame at time 15.9007s ++++
counter ID 880 results at time ++++ frame_probe ID: 1090 receives a frame at time 4215.9 is 0
15.9007s ++++
the 100th message counter node3_acked has been visited 4 times  
++++ frame_probe ID: 1050 receives a frame at time 15.9861s ++++
++++ frame_probe ID: 1060 receives a frame at time 16.0269s ++++
measurement 2/2 complete in 1 second(s).
++++ frame_probe ID: 882 receives a frame at time 16.0308s ++++
++++ frame_probe ID: 883 receives a frame at time 16.0308s ++++
++++ frame_probe ID: 884 receives a frame at time 16.0309s ++++
++++ frame_probe ID: 890 receives a frame at time 16.0309s ++++
++++ frame_probe ID: 860 receives a frame at time 16.0461s ++++
++++ frame_probe ID: 882 receives a frame at time 16.0501s ++++
++++ frame_probe ID: 1082 receives a frame at time 16.0539s ++++
++++ frame_probe ID: 1083 receives a frame at time 16.0539s ++++
++++ frame_probe ID: 1085 receives a frame at time 16.054s ++++
a data frame with index 4 from node: 3 has been transmitted 1th time
++++ frame_probe ID: 1050 receives a frame at time 16.1619s ++++
++++ frame_probe ID: 1060 receives a frame at time 16.2028s ++++
++++ frame_probe ID: 882 receives a frame at time 16.213s ++++
++++ frame_probe ID: 883 receives a frame at time 16.2131s ++++
++++ frame_probe ID: 884 receives a frame at time 16.2131s ++++
++++ frame_probe ID: 890 receives a frame at time 16.2132s ++++
++++ frame_probe ID: 860 receives a frame at time 16.2284s ++++
++++ frame_probe ID: 882 receives a frame at time 16.2326s ++++
++++ frame_probe ID: 1082 receives a frame at time 16.2363s ++++
++++ frame_probe ID: 1083 receives a frame at time 16.2364s ++++
++++ frame_probe ID: 1085 receives a frame at time 16.2364s ++++
a data frame with index 4 from node: 3 has been transmitted 2th time
++++ frame_probe ID: 1050 receives a frame at time 16.348s ++++
++++ frame_probe ID: 1060 receives a frame at time 16.3889s ++++
++++ frame_probe ID: 882 receives a frame at time 16.3955s ++++
++++ frame_probe ID: 883 receives a frame at time 16.3955s ++++
++++ frame_probe ID: 884 receives a frame at time 16.3955s ++++
++++ frame_probe ID: 890 receives a frame at time 16.3956s ++++
++++ frame_probe ID: 860 receives a frame at time 16.4107s ++++
++++ frame_probe ID: 882 receives a frame at time 16.4149s ++++
INFO: Detected an invalid packet at item 352
INFO: Parser returned #f
a data frame with index 4 from node: 3 has been transmitted 3th time
++++ frame_probe ID: 1050 receives a frame at time 16.5442s ++++
++++ frame_probe ID: 1060 receives a frame at time 16.5852s ++++
++++ frame_probe ID: 882 receives a frame at time 16.5972s ++++
++++ frame_probe ID: 883 receives a frame at time 16.5973s ++++
++++ frame_probe ID: 884 receives a frame at time 16.5973s ++++
++++ frame_probe ID: 890 receives a frame at time 16.5974s ++++
++++ frame_probe ID: 860 receives a frame at time 16.6128s ++++
++++ frame_probe ID: 882 receives a frame at time 16.6164s ++++
++++ frame_probe ID: 1082 receives a frame at time 16.6205s ++++
++++ frame_probe ID: 1083 receives a frame at time 16.6205s ++++
++++ frame_probe ID: 1084 receives a frame at time 16.6205s ++++
counter ID 880 results at time ++++ frame_probe ID: 1090 receives a frame at time 4216.62 is 3
16.6206s ++++
the 100th message counter node3_acked has been visited 5 times  
++++ frame_probe ID: 1050 receives a frame at time 16.7s ++++
++++ frame_probe ID: 1060 receives a frame at time 16.7408s ++++
++++ frame_probe ID: 882 receives a frame at time 16.7502s ++++
++++ frame_probe ID: 883 receives a frame at time 16.7503s ++++
++++ frame_probe ID: 884 receives a frame at time 16.7503s ++++
++++ frame_probe ID: 890 receives a frame at time 16.7503s ++++
++++ frame_probe ID: 860 receives a frame at time 16.7655s ++++
++++ frame_probe ID: 882 receives a frame at time 16.7697s ++++
++++ frame_probe ID: 1082 receives a frame at time 16.7743s ++++
++++ frame_probe ID: 1083 receives a frame at time 16.7744s ++++
++++ frame_probe ID: 1084 receives a frame at time 16.7744s ++++
counter ID 880 results at time ++++ frame_probe ID: 1090 receives a frame at time 16.77444216.77s ++++
 is 0
the 100th message counter node3_acked has been visited 6 times  
++++ frame_probe ID: 1050 receives a frame at time 16.8678s ++++
++++ frame_probe ID: 1060 receives a frame at time 16.9085s ++++
++++ frame_probe ID: 882 receives a frame at time 16.9137s ++++
++++ frame_probe ID: 883 receives a frame at time 16.9137s ++++
++++ frame_probe ID: 884 receives a frame at time 16.9138s ++++
++++ frame_probe ID: 890 receives a frame at time 16.9138s ++++
++++ frame_probe ID: 860 receives a frame at time 16.929s ++++
++++ frame_probe ID: 882 receives a frame at time 16.9334s ++++
++++ frame_probe ID: 1082 receives a frame at time 16.9378s ++++
++++ frame_probe ID: 1083 receives a frame at time 16.9379s ++++
++++ frame_probe ID: 1085 receives a frame at time 16.938s ++++
a data frame with index 6 from node: 3 has been transmitted 1th time
measurement 2 raw data directory created /home/inets/0_ba/bachelor_thesis/measurements/debug/data/154/2/.
'/home/inets/source/gr-inets/results/receiver_ack_sent.txt' -> '/home/inets/0_ba/bachelor_thesis/measurements/debug/data/154/2/receiver_ack_sent.txt'
'/home/inets/source/gr-inets/results/receiver_data_received.txt' -> '/home/inets/0_ba/bachelor_thesis/measurements/debug/data/154/2/receiver_data_received.txt'
'/home/inets/source/gr-inets/results/receiver_frame_anlyzed.txt' -> '/home/inets/0_ba/bachelor_thesis/measurements/debug/data/154/2/receiver_frame_anlyzed.txt'
'/home/inets/source/gr-inets/results/receiver_frame_checked_good.txt' -> '/home/inets/0_ba/bachelor_thesis/measurements/debug/data/154/2/receiver_frame_checked_good.txt'
'/home/inets/source/gr-inets/results/receiver_frame_received.txt' -> '/home/inets/0_ba/bachelor_thesis/measurements/debug/data/154/2/receiver_frame_received.txt'
'/home/inets/source/gr-inets/results/sender_ack_received.txt' -> '/home/inets/0_ba/bachelor_thesis/measurements/debug/data/154/2/sender_ack_received.txt'
'/home/inets/source/gr-inets/results/sender_bfr_dq.txt' -> '/home/inets/0_ba/bachelor_thesis/measurements/debug/data/154/2/sender_bfr_dq.txt'
'/home/inets/source/gr-inets/results/sender_data_sent.txt' -> '/home/inets/0_ba/bachelor_thesis/measurements/debug/data/154/2/sender_data_sent.txt'
'/home/inets/source/gr-inets/results/sender_frame_anlyzed.txt' -> '/home/inets/0_ba/bachelor_thesis/measurements/debug/data/154/2/sender_frame_anlyzed.txt'
'/home/inets/source/gr-inets/results/sender_frame_checked_bad.txt' -> '/home/inets/0_ba/bachelor_thesis/measurements/debug/data/154/2/sender_frame_checked_bad.txt'
'/home/inets/source/gr-inets/results/sender_frame_checked_good.txt' -> '/home/inets/0_ba/bachelor_thesis/measurements/debug/data/154/2/sender_frame_checked_good.txt'
'/home/inets/source/gr-inets/results/sender_frame_received.txt' -> '/home/inets/0_ba/bachelor_thesis/measurements/debug/data/154/2/sender_frame_received.txt'
'/home/inets/source/gr-inets/results/sender_retransmissions.txt' -> '/home/inets/0_ba/bachelor_thesis/measurements/debug/data/154/2/sender_retransmissions.txt'
measurement 2 raw data moved to /home/inets/0_ba/bachelor_thesis/measurements/debug/data/154/2/.

now processing results...
plotting python should be: python3 (ubuntu).
Hello from rtt.py!
hello from variables.py!
data_sent: 1500394209.503713
data_sent: 1500394209.680381
data_sent: 1500394209.856535
data_sent: 1500394210.053036
data_sent: 1500394210.239928
data_sent: 1500394210.384393
data_sent: 1500394210.555379
data_sent: 1500394210.736085
data_sent: 1500394210.922089
data_sent: 1500394211.117817
data_sent: 1500394211.257354
data_sent: 1500394211.409277
data_sent: 1500394211.548823
data_sent: 1500394211.720234
data_sent: 1500394211.891148
ack_received: 1500394210.123615
ack_received: 1500394210.305946
ack_received: 1500394211.188999
ack_received: 1500394211.322968
ack_received: 1500394211.476416
ack_received: 1500394211.620820
retx: [3, 0, 4, 0, 0, 0]

The resulting RTTs of this single measurement are:
[0.06602, 0.06561, 0.06714, 0.072]



The resulting mean RTT of this single measurement is:
0.0676925


abs. packet loss: 9.0
packet loss in %: 60.0%
data_sent: 1500394214.465302
data_sent: 1500394214.645209
data_sent: 1500394214.815997
data_sent: 1500394214.996880
data_sent: 1500394215.167526
data_sent: 1500394215.335847
data_sent: 1500394215.506501
data_sent: 1500394215.687183
data_sent: 1500394215.829848
data_sent: 1500394215.986112
data_sent: 1500394216.161897
data_sent: 1500394216.347976
data_sent: 1500394216.544177
data_sent: 1500394216.700028
data_sent: 1500394216.867763
ack_received: 1500394214.537806
ack_received: 1500394215.238383
ack_received: 1500394215.756453
ack_received: 1500394215.900719
ack_received: 1500394216.620597
ack_received: 1500394216.774419
retx: [0, 3, 2, 0, 3, 0]

The resulting RTTs of this single measurement are:
[0.0725, 0.07087, 0.07439]



The resulting mean RTT of this single measurement is:
0.07258666666666667


abs. packet loss: 9.0
packet loss in %: 60.0%
[ 0.0676925   0.07258667]
Hello from myplot.py!
I will print a pdf for you now!
Hello from myplot.py!
I will print a pdf for you now!
Hello from myplot.py!
I will print a pdf for you now!
Hello from myplot.py!
I will print a cdf for you now!
<a list of 1 Patch objects>
Hello from myplot.py!
I will print a cdf for you now!
<a list of 1 Patch objects>
Hello from myplot.py!
I will print a cdf for you now!
<a list of 1 Patch objects>
Hello from myplot.py!
I will print a boxplot for you now!
Hello from myplot.py!
I will print a boxplot for you now!
Hello from myplot.py!
I will print a boxplot for you now!
Hello from myplot.py!
I will print a bar for you now!
Hello from myplot.py!
I will print a bar for you now!
Hello from myplot.py!
I will print a bar for you now!
Hello from myplot.py!
I will print a line for you now!
Hello from myplot.py!
I will print a line for you now!
Hello from myplot.py!
I will print a line for you now!
Hello from throughput.py!
hello from variables.py!
ACK file not found at /home/inets/0_ba/bachelor_thesis/measurements/debug/data/154/1/receiver_data_received.txtsender_ack_received.txt.
ackcount: 0
datacount: 15
ACK file not found at /home/inets/0_ba/bachelor_thesis/measurements/debug/data/154/2/receiver_data_received.txtsender_ack_received.txt.
ackcount: 0
datacount: 15
[ 0.  0.]
Hello from myplot.py!
I will print a pdf for you now!
Hello from myplot.py!
I will print a cdf for you now!
<a list of 1 Patch objects>
Hello from myplot.py!
I will print a boxplot for you now!
Hello from myplot.py!
I will print a bar for you now!
Hello from myplot.py!
I will print a line for you now!

+--------------------------------------------------------------+
| plotting completed. until the next measurement session then! |
+--------------------------------------------------------------+
