measurement 1/5 complete in 300 second(s).
linux; GNU C++ version 5.4.0 20160609; Boost_105800; UHD_003.009.005-45-g6768a615
linux; GNU C++ version 5.4.0 20160609; Boost_105800; UHD_003.009.005-45-g6768a615


Using Volk machine: avx_64_mmx
-- Opening a USRP2/N-Series device...
Using Volk machine: avx_64_mmx
-- Opening a USRP2/N-Series device...
-- Current recv frame size: 1472 bytes
-- Current send frame size: 1472 bytes
-- Current recv frame size: 1472 bytes
-- Current send frame size: 1472 bytes
measurement 1/5 complete in 299 second(s).
develop mode of resend_check ID: 24 is activated.
develop mode of resend_check ID: 24 is activated.
the 100th message counter is activated.
the 880th message counter is activated.
the 100th message counter is activated.
measurement 1/5 complete in 298 second(s).
node starts running at 42.9662
node starts running at 42.9691
++++ frame_probe ID: 1050 receives a frame at time 43.0412s ++++
++++ frame_probe ID: 1060 receives a frame at time 43.0823s ++++
++++ frame_probe ID: 882 receives a frame at time 43.0946s ++++
++++ frame_probe ID: 883 receives a frame at time 43.0946s ++++
++++ frame_probe ID: 884 receives a frame at time 43.0947s ++++
++++ frame_probe ID: 890 receives a frame at time 43.0948s ++++
++++ frame_probe ID: 860 receives a frame at time 43.1051s ++++
INFO: Detected an invalid packet at item 0
INFO: Parser returned #f
++++ frame_probe ID: 882 receives a frame at time 43.114s ++++
++++ frame_probe ID: 1082 receives a frame at time 43.1141s ++++
++++ frame_probe ID: 1083 receives a frame at time 43.1142++++ frame_probe ID: s ++++1084
 receives a frame at time 43.1142s ++++
++++ frame_probe ID: 1090 receives a frame at time counter results at time 2043.11 is 0
43.1143s ++++
measurement 1/5 complete in 297 second(s).
measurement 1/5 complete in 296 second(s).
