Measurement 1/8 complete in 4 second(s).
linux; GNU C++ version 5.4.0 20160609; Boost_105800; UHD_003.009.005-45-g6768a615
linux; GNU C++ version 5.4.0 20160609; Boost_105800; UHD_003.009.005-45-g6768a615


Using Volk machine: avx_64_mmx
-- Opening a USRP2/N-Series device...
Using Volk machine: avx_64_mmx
-- Opening a USRP2/N-Series device...
-- Current recv frame size: 1472 bytes
-- Current send frame size: 1472 bytes
-- Current recv frame size: 1472 bytes
-- Current send frame size: 1472 bytes
Measurement 1/8 complete in 3 second(s).
the 100th message counter is activated.
the 880th message counter is activated.
the 885th message counter is activated.
the 100th message counter is activated.
Measurement 1/8 complete in 2 second(s).
node starts running at 8.79776
node starts running at 8.80082
++++ frame_probe ID: 850 receives a frame at time 8.87929s ++++
++++ frame_probe ID: 860 receives a frame at time 8.92058s ++++
++++ frame_probe ID: 1010 receives a frame at time 8.9312s ++++
++++ frame_probe ID: 882 receives a frame at time 8.95803s ++++
++++ frame_probe ID: 883 receives a frame at time 8.95808s ++++
 at 8709.03 s
++++ frame_probe ID: 850 receives a frame at time 9.05088s ++++
++++ frame_probe ID: 860 receives a frame at time 9.09184s ++++
++++ frame_probe ID: 1010 receives a frame at time 9.10425s ++++
++++ frame_probe ID: 882 receives a frame at time 9.13129s ++++
++++ frame_probe ID: 883 receives a frame at time 9.13134s ++++
++++ frame_probe ID: 890 receives a frame at time 9.13142s ++++
the 100th message counter  has been visited 1 times  
++++ frame_probe ID: 850 receives a frame at time 9.2028s ++++
++++ frame_probe ID: 860 receives a frame at time 9.24366s ++++
++++ frame_probe ID: 1010 receives a frame at time 9.24751s ++++
INFO: Detected an invalid packet at item 64
INFO: Parser returned #f
INFO: Detected an invalid packet at item 96
INFO: Parser returned #f
 at 8709.36 s
++++ frame_probe ID: 850 receives a frame at time 9.37866s ++++
Measurement 1/8 complete in 1 second(s).
++++ frame_probe ID: 860 receives a frame at time 9.41947s ++++
++++ frame_probe ID: 1010 receives a frame at time 9.42997s ++++
INFO: Detected an invalid packet at item 128
INFO: Parser returned #f
 at 8709.55 s
++++ frame_probe ID: 850 receives a frame at time 9.56449s ++++
++++ frame_probe ID: 860 receives a frame at time 9.60534s ++++
INFO: Detected an invalid packet at item 160
INFO: Parser returned #f
++++ frame_probe ID: 1010 receives a frame at time 9.61221s ++++
++++ frame_probe ID: 882 receives a frame at time 9.63935s ++++
++++ frame_probe ID: 883 receives a frame at time 9.6394s ++++
++++ frame_probe ID: 890 receives a frame at time 9.63948s ++++
the 100th message counter  has been visited 2 times  
++++ frame_probe ID: 850 receives a frame at time 9.73886s ++++
++++ frame_probe ID: 860 receives a frame at time 9.77982s ++++
++++ frame_probe ID: 1010 receives a frame at time 9.78563s ++++
INFO: Detected an invalid packet at item 224
INFO: Parser returned #f
 at 8709.89 s
++++ frame_probe ID: 850 receives a frame at time 9.91014s ++++
++++ frame_probe ID: 860 receives a frame at time 9.95108s ++++
INFO: Detected an invalid packet at item 256
INFO: Parser returned #f
++++ frame_probe ID: 1010 receives a frame at time 9.95717s ++++
++++ frame_probe ID: 882 receives a frame at time 9.98393s ++++
++++ frame_probe ID: 883 receives a frame at time 9.98398s ++++
++++ frame_probe ID: 890 receives a frame at time 9.98406s ++++
the 100th message counter  has been visited 3 times  
++++ frame_probe ID: 850 receives a frame at time 10.0895s ++++
++++ frame_probe ID: 860 receives a frame at time 10.1305s ++++
++++ frame_probe ID: 1010 receives a frame at time 10.1401s ++++
++++ frame_probe ID: 882 receives a frame at time 10.1668s ++++
++++ frame_probe ID: 883 receives a frame at time 10.167s ++++
 at 8710.24 s
++++ frame_probe ID: 850 receives a frame at time 10.2605s ++++
++++ frame_probe ID: 860 receives a frame at time 10.3015s ++++
++++ frame_probe ID: 1010 receives a frame at time 10.313s ++++
++++ frame_probe ID: 882 receives a frame at time 10.34s ++++
++++ frame_probe ID: 883 receives a frame at time 10.34s ++++
++++ frame_probe ID: 890 receives a frame at time 10.3401s ++++
the 100th message counter  has been visited 4 times  
Measurement 1 raw data directory created /home/inets/0_ba/bachelor_thesis/measurements/debug/data/80/1/.
'/home/inets/source/gr-inets/results/receiver_data_received.txt' -> '/home/inets/0_ba/bachelor_thesis/measurements/debug/data/80/1/receiver_data_received.txt'
'/home/inets/source/gr-inets/results/sender_ack_received.txt' -> '/home/inets/0_ba/bachelor_thesis/measurements/debug/data/80/1/sender_ack_received.txt'
'/home/inets/source/gr-inets/results/sender_bfr_dq.txt' -> '/home/inets/0_ba/bachelor_thesis/measurements/debug/data/80/1/sender_bfr_dq.txt'
'/home/inets/source/gr-inets/results/sender_data_sent.txt' -> '/home/inets/0_ba/bachelor_thesis/measurements/debug/data/80/1/sender_data_sent.txt'
Measurement 1 raw data moved to /home/inets/0_ba/bachelor_thesis/measurements/debug/data/80/1/.

Measurement 2/8 complete in 4 second(s).
linux; GNU C++ version 5.4.0 20160609; Boost_105800; UHD_003.009.005-45-g6768a615
linux; GNU C++ version 5.4.0 20160609; Boost_105800; UHD_003.009.005-45-g6768a615


Using Volk machine: avx_64_mmx
-- Opening a USRP2/N-Series device...
Using Volk machine: avx_64_mmx
-- Opening a USRP2/N-Series device...
-- Current recv frame size: 1472 bytes
-- Current send frame size: 1472 bytes
-- Current recv frame size: 1472 bytes
-- Current send frame size: 1472 bytes
Measurement 2/8 complete in 3 second(s).
the 880th message counter is activated.
the 885th message counter is activated.
the 100th message counter is activated.
the 100th message counter is activated.
Measurement 2/8 complete in 2 second(s).
node starts running at 12.7916
++++ frame_probe ID: 850 receives a frame at time 12.8119s ++++
node starts running at 12.8131
++++ frame_probe ID: 860 receives a frame at time 12.853s ++++
INFO: Detected an invalid packet at item 0
INFO: Parser returned #f
++++ frame_probe ID: 1010 receives a frame at time 12.8606s ++++
++++ frame_probe ID: 882 receives a frame at time 12.8873s ++++
++++ frame_probe ID: 883 receives a frame at time 12.8874s ++++
 at 8712.97 s
++++ frame_probe ID: 850 receives a frame at time 12.9881s ++++
++++ frame_probe ID: 860 receives a frame at time 13.029s ++++
++++ frame_probe ID: 1010 receives a frame at time 13.0328s ++++
INFO: Detected an invalid packet at item 64
INFO: Parser returned #f
++++ frame_probe ID: 882 receives a frame at time 13.0595s ++++
++++ frame_probe ID: 883 receives a frame at time 13.0595s ++++
++++ frame_probe ID: 890 receives a frame at time 13.0596s ++++
the 100th message counter  has been visited 1 times  
++++ frame_probe ID: 850 receives a frame at time 13.1589s ++++
++++ frame_probe ID: 860 receives a frame at time 13.1998s ++++
++++ frame_probe ID: 1010 receives a frame at time 13.2063s ++++
++++ frame_probe ID: 882 receives a frame at time 13.2321s ++++
++++ frame_probe ID: 883 receives a frame at time 13.2321s ++++
++++ frame_probe ID: 890 receives a frame at time 13.2322s ++++
the 100th message counter  has been visited 2 times  
++++ frame_probe ID: 850 receives a frame at time 13.3016s ++++
++++ frame_probe ID: 860 receives a frame at time 13.3423s ++++
++++ frame_probe ID: 1010 receives a frame at time 13.3495s ++++
++++ frame_probe ID: 882 receives a frame at time 13.3762s ++++
++++ frame_probe ID: 883 receives a frame at time 13.3763s ++++
++++ frame_probe ID: 890 receives a frame at time 13.3763s ++++
Measurement 2/8 complete in 1 second(s).
the 100th message counter  has been visited 3 times  
++++ frame_probe ID: 850 receives a frame at time 13.4657s ++++
++++ frame_probe ID: 860 receives a frame at time 13.5067s ++++
++++ frame_probe ID: 1010 receives a frame at time 13.5129s ++++
++++ frame_probe ID: 882 receives a frame at time 13.5399s ++++
++++ frame_probe ID: 883 receives a frame at time 13.5399s ++++
++++ frame_probe ID: 890 receives a frame at time 13.54s ++++
the 100th message counter  has been visited 4 times  
++++ frame_probe ID: 850 receives a frame at time 13.6083s ++++
++++ frame_probe ID: 860 receives a frame at time 13.6491s ++++
++++ frame_probe ID: 1010 receives a frame at time 13.6573s ++++
INFO: Detected an invalid packet at item 224
INFO: Parser returned #f
 at 8713.77 s
++++ frame_probe ID: 850 receives a frame at time 13.7839s ++++
++++ frame_probe ID: 860 receives a frame at time 13.825s ++++
++++ frame_probe ID: 1010 receives a frame at time 13.8296s ++++
INFO: Detected an invalid packet at item 256
INFO: Parser returned #f
 at 8713.94 s
++++ frame_probe ID: 850 receives a frame at time 13.9549s ++++
++++ frame_probe ID: 860 receives a frame at time 13.9957s ++++
INFO: Detected an invalid packet at item 288
INFO: Parser returned #f
++++ frame_probe ID: 1010 receives a frame at time 14.0021s ++++
++++ frame_probe ID: 882 receives a frame at time 14.0288s ++++
++++ frame_probe ID: 883 receives a frame at time 14.0288s ++++
++++ frame_probe ID: 890 receives a frame at time 14.0289s ++++
the 100th message counter  has been visited 5 times  
++++ frame_probe ID: 850 receives a frame at time 14.1442s ++++
++++ frame_probe ID: 860 receives a frame at time 14.1853s ++++
INFO: Detected an invalid packet at item 352
INFO: Parser returned #f
++++ frame_probe ID: 1010 receives a frame at time 14.1944s ++++
++++ frame_probe ID: 882 receives a frame at time 14.2203s ++++
++++ frame_probe ID: 883 receives a frame at time 14.2203s ++++
++++ frame_probe ID: 890 receives a frame at time 14.2204s ++++
the 100th message counter  has been visited 6 times  
++++ frame_probe ID: 850 receives a frame at time 14.3228s ++++
++++ frame_probe ID: 860 receives a frame at time 14.3641s ++++
++++ frame_probe ID: 1010 receives a frame at time 14.367s ++++
INFO: Detected an invalid packet at item 416
INFO: Parser returned #f
INFO: Detected an invalid packet at item 448
INFO: Parser returned #f
Measurement 2 raw data directory created /home/inets/0_ba/bachelor_thesis/measurements/debug/data/80/2/.
'/home/inets/source/gr-inets/results/receiver_data_received.txt' -> '/home/inets/0_ba/bachelor_thesis/measurements/debug/data/80/2/receiver_data_received.txt'
'/home/inets/source/gr-inets/results/sender_ack_received.txt' -> '/home/inets/0_ba/bachelor_thesis/measurements/debug/data/80/2/sender_ack_received.txt'
'/home/inets/source/gr-inets/results/sender_bfr_dq.txt' -> '/home/inets/0_ba/bachelor_thesis/measurements/debug/data/80/2/sender_bfr_dq.txt'
'/home/inets/source/gr-inets/results/sender_data_sent.txt' -> '/home/inets/0_ba/bachelor_thesis/measurements/debug/data/80/2/sender_data_sent.txt'
Measurement 2 raw data moved to /home/inets/0_ba/bachelor_thesis/measurements/debug/data/80/2/.

Measurement 3/8 complete in 4 second(s).
linux; GNU C++ version 5.4.0 20160609; Boost_105800; UHD_003.009.005-45-g6768a615
linux; GNU C++ version 5.4.0 20160609; Boost_105800; UHD_003.009.005-45-g6768a615


Using Volk machine: avx_64_mmx
-- Opening a USRP2/N-Series device...
Using Volk machine: avx_64_mmx
-- Opening a USRP2/N-Series device...
-- Current recv frame size: 1472 bytes
-- Current recv frame size: 1472 bytes
-- Current send frame size: 1472 bytes
-- Current send frame size: 1472 bytes
Measurement 3/8 complete in 3 second(s).
the 880th message counter is activated.
the 885th message counter is activated.
the 100th message counter is activated.
the 100th message counter is activated.
Measurement 3/8 complete in 2 second(s).
node starts running at 16.816
node starts running at 16.8193
++++ frame_probe ID: 850 receives a frame at time 16.8431s ++++
++++ frame_probe ID: 860 receives a frame at time 16.8841s ++++
++++ frame_probe ID: 1010 receives a frame at time 16.8961s ++++
++++ frame_probe ID: 882 receives a frame at time 16.9156s ++++
++++ frame_probe ID: 883 receives a frame at time 16.9157s ++++
++++ frame_probe ID: 890 receives a frame at time 16.9158s ++++
the 100th message counter  has been visited 1 times  
++++ frame_probe ID: 850 receives a frame at time 16.9972s ++++
++++ frame_probe ID: 860 receives a frame at time 17.0381s ++++
INFO: Detected an invalid packet at item 32
++++ frame_probe ID: 1010 receives a frame at time 17.0493s ++++
INFO: Parser returned #f
++++ frame_probe ID: 882 receives a frame at time 17.0686s ++++
++++ frame_probe ID: 883 receives a frame at time 17.0687s ++++
++++ frame_probe ID: 890 receives a frame at time 17.0687s ++++
the 100th message counter  has been visited 2 times  
++++ frame_probe ID: 850 receives a frame at time 17.1422s ++++
++++ frame_probe ID: 860 receives a frame at time 17.1831s ++++
INFO: Detected an invalid packet at item 96
INFO: Parser returned #f
++++ frame_probe ID: 1010 receives a frame at time 17.1936s ++++
++++ frame_probe ID: 882 receives a frame at time 17.2135s ++++
++++ frame_probe ID: 883 receives a frame at time 17.2136s ++++
++++ frame_probe ID: 890 receives a frame at time 17.2136s ++++
the 100th message counter  has been visited 3 times  
++++ frame_probe ID: 850 receives a frame at time 17.292s ++++
++++ frame_probe ID: 860 receives a frame at time 17.3329s ++++
++++ frame_probe ID: 1010 receives a frame at time 17.3369s ++++
++++ frame_probe ID: 882 receives a frame at time 17.3565s ++++
++++ frame_probe ID: 883 receives a frame at time 17.3565s ++++
++++ frame_probe ID: 890 receives a frame at time 17.3566s ++++
the 100th message counter  has been visited 4 times  
++++ frame_probe ID: 850 receives a frame at time 17.4269s ++++
Measurement 3/8 complete in 1 second(s).
++++ frame_probe ID: 860 receives a frame at time 17.4679s ++++
++++ frame_probe ID: 1010 receives a frame at time 17.4712s ++++
++++ frame_probe ID: 882 receives a frame at time 17.4917s ++++
++++ frame_probe ID: 883 receives a frame at time 17.4918s ++++
++++ frame_probe ID: 890 receives a frame at time 17.4919s ++++
the 100th message counter  has been visited 5 times  
++++ frame_probe ID: 850 receives a frame at time 17.5632s ++++
++++ frame_probe ID: 860 receives a frame at time 17.6041s ++++
++++ frame_probe ID: 1010 receives a frame at time 17.6156s ++++
INFO: Detected an invalid packet at item 224
INFO: Parser returned #f
++++ frame_probe ID: 882 receives a frame at time 17.6351s ++++
++++ frame_probe ID: 883 receives a frame at time 17.6351s ++++
++++ frame_probe ID: 890 receives a frame at time 17.6352s ++++
the 100th message counter  has been visited 6 times  
++++ frame_probe ID: 850 receives a frame at time 17.7306s ++++
++++ frame_probe ID: 860 receives a frame at time 17.7715s ++++
++++ frame_probe ID: 1010 receives a frame at time 17.7788s ++++
INFO: Detected an invalid packet at item 288
INFO: Parser returned #f
++++ frame_probe ID: 882 receives a frame at time 17.7982s ++++
++++ frame_probe ID: 883 receives a frame at time 17.7983s ++++
++++ frame_probe ID: 890 receives a frame at time 17.7983s ++++
the 100th message counter  has been visited 7 times  
++++ frame_probe ID: 850 receives a frame at time 17.9006s ++++
++++ frame_probe ID: 860 receives a frame at time 17.9415s ++++
++++ frame_probe ID: 1010 receives a frame at time 17.9513s ++++
++++ frame_probe ID: 882 receives a frame at time 17.9718s ++++
++++ frame_probe ID: 883 receives a frame at time 17.9718s ++++
++++ frame_probe ID: 890 receives a frame at time 17.9719s ++++
the 100th message counter  has been visited 8 times  
++++ frame_probe ID: 850 receives a frame at time 18.0764s ++++
++++ frame_probe ID: 860 receives a frame at time 18.117s ++++
++++ frame_probe ID: 1010 receives a frame at time 18.1246s ++++
INFO: Detected an invalid packet at item 384
INFO: Parser returned #f
++++ frame_probe ID: 882 receives a frame at time 18.144s ++++
++++ frame_probe ID: 883 receives a frame at time 18.144s ++++
++++ frame_probe ID: 890 receives a frame at time 18.1441s ++++
the 100th message counter  has been visited 9 times  
++++ frame_probe ID: 850 receives a frame at time 18.2514s ++++
++++ frame_probe ID: 860 receives a frame at time 18.2925s ++++
++++ frame_probe ID: 1010 receives a frame at time 18.2974s ++++
INFO: Detected an invalid packet at item 448
INFO: Parser returned #f
++++ frame_probe ID: 882 receives a frame at time 18.3165s ++++
++++ frame_probe ID: 883 receives a frame at time 18.3166s ++++
++++ frame_probe ID: 890 receives a frame at time 18.3166s ++++
the 100th message counter  has been visited 10 times  
++++ frame_probe ID: 850 receives a frame at time 18.39s ++++
++++ frame_probe ID: 860 receives a frame at time 18.4311s ++++
Measurement 3 raw data directory created /home/inets/0_ba/bachelor_thesis/measurements/debug/data/80/3/.
'/home/inets/source/gr-inets/results/receiver_data_received.txt' -> '/home/inets/0_ba/bachelor_thesis/measurements/debug/data/80/3/receiver_data_received.txt'
'/home/inets/source/gr-inets/results/sender_ack_received.txt' -> '/home/inets/0_ba/bachelor_thesis/measurements/debug/data/80/3/sender_ack_received.txt'
'/home/inets/source/gr-inets/results/sender_bfr_dq.txt' -> '/home/inets/0_ba/bachelor_thesis/measurements/debug/data/80/3/sender_bfr_dq.txt'
'/home/inets/source/gr-inets/results/sender_data_sent.txt' -> '/home/inets/0_ba/bachelor_thesis/measurements/debug/data/80/3/sender_data_sent.txt'
Measurement 3 raw data moved to /home/inets/0_ba/bachelor_thesis/measurements/debug/data/80/3/.

Measurement 4/8 complete in 4 second(s).
linux; GNU C++ version 5.4.0 20160609; Boost_105800; UHD_003.009.005-45-g6768a615
linux; GNU C++ version 5.4.0 20160609; Boost_105800; UHD_003.009.005-45-g6768a615


Using Volk machine: avx_64_mmx
-- Opening a USRP2/N-Series device...
Using Volk machine: avx_64_mmx
-- Opening a USRP2/N-Series device...
-- Current recv frame size: 1472 bytes
-- Current send frame size: 1472 bytes
-- Current recv frame size: 1472 bytes
-- Current send frame size: 1472 bytes
Measurement 4/8 complete in 3 second(s).
the 100th message counter is activated.
the 880th message counter is activated.
the 885th message counter is activated.
the 100th message counter is activated.
Measurement 4/8 complete in 2 second(s).
node starts running at 20.8237
node starts running at 20.8244
++++ frame_probe ID: 850 receives a frame at time 20.8601s ++++
++++ frame_probe ID: 860 receives a frame at time 20.9013s ++++
INFO: Detected an invalid packet at item 0
INFO: Parser returned #f
++++ frame_probe ID: 1010 receives a frame at time 20.9126s ++++
++++ frame_probe ID: 882 receives a frame at time 20.9393s ++++
++++ frame_probe ID: 883 receives a frame at time 20.9394s ++++
++++ frame_probe ID: 890 receives a frame at time 20.9395s ++++
the 100th message counter  has been visited 1 times  
++++ frame_probe ID: 850 receives a frame at time 21.033s ++++
++++ frame_probe ID: 860 receives a frame at time 21.0738s ++++
++++ frame_probe ID: 1010 receives a frame at time 21.0858s ++++
++++ frame_probe ID: 882 receives a frame at time 21.1113s ++++
++++ frame_probe ID: 883 receives a frame at time 21.1114s ++++
++++ frame_probe ID: 890 receives a frame at time 21.1114s ++++
the 100th message counter  has been visited 2 times  
++++ frame_probe ID: 850 receives a frame at time 21.1857s ++++
++++ frame_probe ID: 860 receives a frame at time 21.2266s ++++
INFO: Detected an invalid packet at item 96
INFO: Parser returned #f
++++ frame_probe ID: 1010 receives a frame at time 21.2391s ++++
++++ frame_probe ID: 882 receives a frame at time 21.2654s ++++
++++ frame_probe ID: 883 receives a frame at time 21.2655s ++++
++++ frame_probe ID: 890 receives a frame at time 21.2655s ++++
the 100th message counter  has been visited 3 times  
++++ frame_probe ID: 850 receives a frame at time 21.3399s ++++
++++ frame_probe ID: 860 receives a frame at time 21.3808s ++++
INFO: Detected an invalid packet at item 160
INFO: Parser returned #f
++++ frame_probe ID: 1010 receives a frame at time 21.3924s ++++
INFO: Detected an invalid packet at item 192
INFO: Parser returned #f
Measurement 4/8 complete in 1 second(s).
 at 8721.5 s
++++ frame_probe ID: 850 receives a frame at time 21.5157s ++++
++++ frame_probe ID: 860 receives a frame at time 21.5565s ++++
INFO: Detected an invalid packet at item 224
INFO: Parser returned #f
++++ frame_probe ID: 1010 receives a frame at time 21.5658s ++++
++++ frame_probe ID: 882 receives a frame at time 21.5913s ++++
++++ frame_probe ID: 883 receives a frame at time 21.5914s ++++
++++ frame_probe ID: 890 receives a frame at time 21.5915s ++++
the 100th message counter  has been visited 4 times  
++++ frame_probe ID: 850 receives a frame at time 21.7028s ++++
++++ frame_probe ID: 860 receives a frame at time 21.7437s ++++
++++ frame_probe ID: 1010 receives a frame at time 21.7482s ++++
INFO: Detected an invalid packet at item 288
INFO: Parser returned #f
 at 8721.86 s
++++ frame_probe ID: 850 receives a frame at time 21.8792s ++++
++++ frame_probe ID: 860 receives a frame at time 21.9201s ++++
INFO: Detected an invalid packet at item 320
INFO: Parser returned #f
++++ frame_probe ID: 1010 receives a frame at time 21.9307s ++++
++++ frame_probe ID: 882 receives a frame at time 21.9562s ++++
++++ frame_probe ID: 883 receives a frame at time 21.9563s ++++
 at 8722.05 s
++++ frame_probe ID: 850 receives a frame at time 22.0651s ++++
++++ frame_probe ID: 860 receives a frame at time 22.1059s ++++
++++ frame_probe ID: 1010 receives a frame at time 22.1122s ++++
++++ frame_probe ID: 882 receives a frame at time 22.1385s ++++
++++ frame_probe ID: 883 receives a frame at time 22.1386s ++++
 at 8722.22 s
++++ frame_probe ID: 850 receives a frame at time 22.2413s ++++
++++ frame_probe ID: 860 receives a frame at time 22.2825s ++++
++++ frame_probe ID: 1010 receives a frame at time 22.2856s ++++
INFO: Detected an invalid packet at item 416
INFO: Parser returned #f
Measurement 4 raw data directory created /home/inets/0_ba/bachelor_thesis/measurements/debug/data/80/4/.
'/home/inets/source/gr-inets/results/receiver_data_received.txt' -> '/home/inets/0_ba/bachelor_thesis/measurements/debug/data/80/4/receiver_data_received.txt'
'/home/inets/source/gr-inets/results/sender_ack_received.txt' -> '/home/inets/0_ba/bachelor_thesis/measurements/debug/data/80/4/sender_ack_received.txt'
'/home/inets/source/gr-inets/results/sender_bfr_dq.txt' -> '/home/inets/0_ba/bachelor_thesis/measurements/debug/data/80/4/sender_bfr_dq.txt'
'/home/inets/source/gr-inets/results/sender_data_sent.txt' -> '/home/inets/0_ba/bachelor_thesis/measurements/debug/data/80/4/sender_data_sent.txt'
Measurement 4 raw data moved to /home/inets/0_ba/bachelor_thesis/measurements/debug/data/80/4/.

Measurement 5/8 complete in 4 second(s).
linux; GNU C++ version 5.4.0 20160609; Boost_105800; UHD_003.009.005-45-g6768a615
linux; GNU C++ version 5.4.0 20160609; Boost_105800; UHD_003.009.005-45-g6768a615


Using Volk machine: avx_64_mmx
-- Opening a USRP2/N-Series device...
Using Volk machine: avx_64_mmx
-- Opening a USRP2/N-Series device...
-- Current recv frame size: 1472 bytes
-- Current recv frame size: 1472 bytes
-- Current send frame size: 1472 bytes
-- Current send frame size: 1472 bytes
Measurement 5/8 complete in 3 second(s).
the 880th message counter is activated.
the 885th message counter is activated.
the 100th message counter is activated.
the 100th message counter is activated.
Measurement 5/8 complete in 2 second(s).
node starts running at 24.8301
node starts running at 24.8304
++++ frame_probe ID: 850 receives a frame at time 24.8731s ++++
++++ frame_probe ID: 860 receives a frame at time 24.9142s ++++
++++ frame_probe ID: 1010 receives a frame at time 24.9188s ++++
INFO: Detected an invalid packet at item 0
INFO: Parser returned #f
++++ frame_probe ID: 882 receives a frame at time 24.9447s ++++
++++ frame_probe ID: 883 receives a frame at time 24.9448s ++++
 at 8725.03 s
++++ frame_probe ID: 850 receives a frame at time 25.0498s ++++
++++ frame_probe ID: 860 receives a frame at time 25.0908s ++++
++++ frame_probe ID: 1010 receives a frame at time 25.1011s ++++
++++ frame_probe ID: 882 receives a frame at time 25.127s ++++
++++ frame_probe ID: 883 receives a frame at time 25.127s ++++
++++ frame_probe ID: 890 receives a frame at time 25.1272s ++++
the 100th message counter  has been visited 1 times  
++++ frame_probe ID: 850 receives a frame at time 25.2296s ++++
++++ frame_probe ID: 860 receives a frame at time 25.2704s ++++
++++ frame_probe ID: 1010 receives a frame at time 25.2744s ++++
INFO: Detected an invalid packet at item 96
INFO: Parser returned #f
INFO: Detected an invalid packet at item 128
INFO: Parser returned #f
 at 8725.38 s
++++ frame_probe ID: 850 receives a frame at time 25.4002s ++++
++++ frame_probe ID: 860 receives a frame at time 25.4411s ++++
++++ frame_probe ID: 1010 receives a frame at time 25.447s ++++
Measurement 5/8 complete in 1 second(s).
++++ frame_probe ID: 882 receives a frame at time 25.4728s ++++
++++ frame_probe ID: 883 receives a frame at time 25.4729s ++++
++++ frame_probe ID: 890 receives a frame at time 25.473s ++++
the 100th message counter  has been visited 2 times  
++++ frame_probe ID: 850 receives a frame at time 25.5864s ++++
++++ frame_probe ID: 860 receives a frame at time 25.6272s ++++
INFO: Detected an invalid packet at item 192
INFO: Parser returned #f
++++ frame_probe ID: 1010 receives a frame at time 25.6393s ++++
++++ frame_probe ID: 882 receives a frame at time 25.6651s ++++
++++ frame_probe ID: 883 receives a frame at time 25.6652s ++++
 at 8725.74 s
++++ frame_probe ID: 850 receives a frame at time 25.762s ++++
++++ frame_probe ID: 860 receives a frame at time 25.8027s ++++
INFO: Detected an invalid packet at item 256
INFO: Parser returned #f
INFO: Detected an invalid packet at item 288
INFO: Parser returned #f
++++ frame_probe ID: 1010 receives a frame at time 25.8116s ++++
++++ frame_probe ID: 882 receives a frame at time 25.838s ++++
++++ frame_probe ID: 883 receives a frame at time 25.838s ++++
 at 8725.93 s
++++ frame_probe ID: 850 receives a frame at time 25.9476s ++++
++++ frame_probe ID: 860 receives a frame at time 25.9886s ++++
++++ frame_probe ID: 1010 receives a frame at time 25.9943s ++++
INFO: Detected an invalid packet at item 352
INFO: Parser returned #f
++++ frame_probe ID: 882 receives a frame at time 26.0198s ++++
++++ frame_probe ID: 883 receives a frame at time 26.0198s ++++
 at 8726.1 s
++++ frame_probe ID: 850 receives a frame at time 26.1186s ++++
++++ frame_probe ID: 860 receives a frame at time 26.1595s ++++
INFO: Detected an invalid packet at item 416
INFO: Parser returned #f
++++ frame_probe ID: 1010 receives a frame at time 26.1664s ++++
++++ frame_probe ID: 882 receives a frame at time 26.1923s ++++
++++ frame_probe ID: 883 receives a frame at time 26.1923s ++++
 at 8726.32 s
++++ frame_probe ID: 850 receives a frame at time 26.3394s ++++
++++ frame_probe ID: 860 receives a frame at time 26.3803s ++++
++++ frame_probe ID: 1010 receives a frame at time 26.3881s ++++
++++ frame_probe ID: 882 receives a frame at time 26.4137s ++++
++++ frame_probe ID: 883 receives a frame at time 26.4138s ++++
++++ frame_probe ID: 890 receives a frame at time 26.4138s ++++
Measurement 5 raw data directory created /home/inets/0_ba/bachelor_thesis/measurements/debug/data/80/5/.
'/home/inets/source/gr-inets/results/receiver_data_received.txt' -> '/home/inets/0_ba/bachelor_thesis/measurements/debug/data/80/5/receiver_data_received.txt'
'/home/inets/source/gr-inets/results/sender_ack_received.txt' -> '/home/inets/0_ba/bachelor_thesis/measurements/debug/data/80/5/sender_ack_received.txt'
'/home/inets/source/gr-inets/results/sender_bfr_dq.txt' -> '/home/inets/0_ba/bachelor_thesis/measurements/debug/data/80/5/sender_bfr_dq.txt'
'/home/inets/source/gr-inets/results/sender_data_sent.txt' -> '/home/inets/0_ba/bachelor_thesis/measurements/debug/data/80/5/sender_data_sent.txt'
Measurement 5 raw data moved to /home/inets/0_ba/bachelor_thesis/measurements/debug/data/80/5/.

Measurement 6/8 complete in 4 second(s).
linux; GNU C++ version 5.4.0 20160609; Boost_105800; UHD_003.009.005-45-g6768a615
linux; GNU C++ version 5.4.0 20160609; Boost_105800; UHD_003.009.005-45-g6768a615


Using Volk machine: avx_64_mmx
-- Opening a USRP2/N-Series device...
Using Volk machine: avx_64_mmx
-- Opening a USRP2/N-Series device...
-- Current recv frame size: 1472 bytes
-- Current send frame size: 1472 bytes
-- Current recv frame size: 1472 bytes
-- Current send frame size: 1472 bytes
Measurement 6/8 complete in 3 second(s).
the 100th message counter is activated.
the 880th message counter is activated.
the 885th message counter is activated.
the 100th message counter is activated.
Measurement 6/8 complete in 2 second(s).
node starts running at 28.848
node starts running at 28.8489
++++ frame_probe ID: 850 receives a frame at time 29.0215s ++++
++++ frame_probe ID: 860 receives a frame at time 29.0627s ++++
++++ frame_probe ID: 1010 receives a frame at time 29.0676s ++++
INFO: Detected an invalid packet at item 0
INFO: Parser returned #f
INFO: Detected an invalid packet at item 32
INFO: Parser returned #f
 at 8729.17 s
++++ frame_probe ID: 850 receives a frame at time 29.1926s ++++
++++ frame_probe ID: 860 receives a frame at time 29.2334s ++++
++++ frame_probe ID: 1010 receives a frame at time 29.2397s ++++
INFO: Detected an invalid packet at item 64
INFO: Parser returned #f
++++ frame_probe ID: 882 receives a frame at time 29.2609s ++++
++++ frame_probe ID: 883 receives a frame at time 29.2611s ++++
 at 8729.35 s
++++ frame_probe ID: 850 receives a frame at time 29.3678s ++++
++++ frame_probe ID: 860 receives a frame at time 29.4087s ++++
++++ frame_probe ID: 1010 receives a frame at time 29.4131s ++++
INFO: Detected an invalid packet at item 128
INFO: Parser returned #f
++++ frame_probe ID: 882 receives a frame at time 29.4334s ++++
++++ frame_probe ID: 883 receives a frame at time 29.4335s ++++
Measurement 6/8 complete in 1 second(s).
 at 8729.54 s
++++ frame_probe ID: 850 receives a frame at time 29.5586s ++++
++++ frame_probe ID: 860 receives a frame at time 29.5995s ++++
++++ frame_probe ID: 1010 receives a frame at time 29.6045s ++++
++++ frame_probe ID: 882 receives a frame at time 29.6257s ++++
++++ frame_probe ID: 883 receives a frame at time 29.6257s ++++
++++ frame_probe ID: 890 receives a frame at time 29.6258s ++++
the 100th message counter  has been visited 1 times  
++++ frame_probe ID: 850 receives a frame at time 29.6982s ++++
++++ frame_probe ID: 860 receives a frame at time 29.7389s ++++
++++ frame_probe ID: 1010 receives a frame at time 29.7489s ++++
INFO: Detected an invalid packet at item 224
INFO: Parser returned #f
++++ frame_probe ID: 882 receives a frame at time 29.7701s ++++
++++ frame_probe ID: 883 receives a frame at time 29.7701s ++++
++++ frame_probe ID: 890 receives a frame at time 29.7702s ++++
the 100th message counter  has been visited 2 times  
++++ frame_probe ID: 850 receives a frame at time 29.8566s ++++
++++ frame_probe ID: 860 receives a frame at time 29.8974s ++++
++++ frame_probe ID: 1010 receives a frame at time 29.9024s ++++
INFO: Detected an invalid packet at item 288
INFO: Parser returned #f
++++ frame_probe ID: 882 receives a frame at time 29.9233s ++++
++++ frame_probe ID: 883 receives a frame at time 29.9234s ++++
 at 8730.01 s
++++ frame_probe ID: 850 receives a frame at time 30.0322s ++++
++++ frame_probe ID: 860 receives a frame at time 30.073s ++++
++++ frame_probe ID: 1010 receives a frame at time 30.0847s ++++
++++ frame_probe ID: 882 receives a frame at time 30.1058s ++++
++++ frame_probe ID: 883 receives a frame at time 30.1058s ++++
++++ frame_probe ID: 890 receives a frame at time 30.1059s ++++
the 100th message counter  has been visited 3 times  
++++ frame_probe ID: 850 receives a frame at time 30.2223s ++++
++++ frame_probe ID: 860 receives a frame at time 30.263s ++++
++++ frame_probe ID: 1010 receives a frame at time 30.2673s ++++
++++ frame_probe ID: 882 receives a frame at time 30.2882s ++++
++++ frame_probe ID: 883 receives a frame at time 30.2882s ++++
++++ frame_probe ID: 890 receives a frame at time 30.2883s ++++
the 100th message counter  has been visited 4 times  
++++ frame_probe ID: 850 receives a frame at time 30.3996s ++++
++++ frame_probe ID: 860 receives a frame at time 30.4404s ++++
++++ frame_probe ID: 1010 receives a frame at time 30.4495s ++++
Measurement 6 raw data directory created /home/inets/0_ba/bachelor_thesis/measurements/debug/data/80/6/.
'/home/inets/source/gr-inets/results/receiver_data_received.txt' -> '/home/inets/0_ba/bachelor_thesis/measurements/debug/data/80/6/receiver_data_received.txt'
'/home/inets/source/gr-inets/results/sender_ack_received.txt' -> '/home/inets/0_ba/bachelor_thesis/measurements/debug/data/80/6/sender_ack_received.txt'
'/home/inets/source/gr-inets/results/sender_bfr_dq.txt' -> '/home/inets/0_ba/bachelor_thesis/measurements/debug/data/80/6/sender_bfr_dq.txt'
'/home/inets/source/gr-inets/results/sender_data_sent.txt' -> '/home/inets/0_ba/bachelor_thesis/measurements/debug/data/80/6/sender_data_sent.txt'
Measurement 6 raw data moved to /home/inets/0_ba/bachelor_thesis/measurements/debug/data/80/6/.

Measurement 7/8 complete in 4 second(s).
linux; GNU C++ version 5.4.0 20160609; Boost_105800; UHD_003.009.005-45-g6768a615
linux; GNU C++ version 5.4.0 20160609; Boost_105800; UHD_003.009.005-45-g6768a615


Using Volk machine: avx_64_mmx
-- Opening a USRP2/N-Series device...
Using Volk machine: avx_64_mmx
-- Opening a USRP2/N-Series device...
-- Current recv frame size: 1472 bytes
-- Current send frame size: 1472 bytes
-- Current recv frame size: 1472 bytes
-- Current send frame size: 1472 bytes
Measurement 7/8 complete in 3 second(s).
the 880th message counter is activated.
the 885th message counter is activated.
the 100th message counter is activated.
the 100th message counter is activated.
Measurement 7/8 complete in 2 second(s).
node starts running at 32.8278
node starts running at 32.8332
++++ frame_probe ID: 850 receives a frame at time 33.0388s ++++
++++ frame_probe ID: 860 receives a frame at time 33.0802s ++++
++++ frame_probe ID: 1010 receives a frame at time 33.0838s ++++
++++ frame_probe ID: 882 receives a frame at time 33.1063s ++++
++++ frame_probe ID: 883 receives a frame at time 33.1065s ++++
 at 8733.2 s
++++ frame_probe ID: 850 receives a frame at time 33.2155s ++++
++++ frame_probe ID: 860 receives a frame at time 33.2564s ++++
++++ frame_probe ID: 1010 receives a frame at time 33.2664s ++++
INFO: Detected an invalid packet at item 32
INFO: Parser returned #f
++++ frame_probe ID: 882 receives a frame at time 33.2876s ++++
++++ frame_probe ID: 883 receives a frame at time 33.2877s ++++
++++ frame_probe ID: 890 receives a frame at time 33.2878s ++++
the 100th message counter  has been visited 1 times  
++++ frame_probe ID: 850 receives a frame at time 33.3921s ++++
++++ frame_probe ID: 860 receives a frame at time 33.433s ++++
++++ frame_probe ID: 1010 receives a frame at time 33.4387s ++++
INFO: Detected an invalid packet at item 96
INFO: Parser returned #f
INFO: Detected an invalid packet at item 128
INFO: Parser returned #f
Measurement 7/8 complete in 1 second(s).
 at 8733.55 s
++++ frame_probe ID: 850 receives a frame at time 33.568s ++++
++++ frame_probe ID: 860 receives a frame at time 33.6088s ++++
++++ frame_probe ID: 1010 receives a frame at time 33.612s ++++
INFO: Detected an invalid packet at item 160
INFO: Parser returned #f
 at 8733.73 s
++++ frame_probe ID: 850 receives a frame at time 33.7489s ++++
++++ frame_probe ID: 860 receives a frame at time 33.7898s ++++
++++ frame_probe ID: 1010 receives a frame at time 33.7945s ++++
INFO: Detected an invalid packet at item 192
INFO: Parser returned #f
++++ frame_probe ID: 882 receives a frame at time 33.8158s ++++
++++ frame_probe ID: 883 receives a frame at time 33.8158s ++++
++++ frame_probe ID: 890 receives a frame at time 33.8159s ++++
the 100th message counter  has been visited 2 times  
++++ frame_probe ID: 850 receives a frame at time 33.9073s ++++
++++ frame_probe ID: 860 receives a frame at time 33.9482s ++++
++++ frame_probe ID: 1010 receives a frame at time 33.9577s ++++
INFO: Detected an invalid packet at item 256
INFO: Parser returned #f
INFO: Detected an invalid packet at item 288
INFO: Parser returned #f
 at 8734.06 s
++++ frame_probe ID: 850 receives a frame at time 34.0831s ++++
++++ frame_probe ID: 860 receives a frame at time 34.124s ++++
++++ frame_probe ID: 1010 receives a frame at time 34.1303s ++++
INFO: Detected an invalid packet at item 320
INFO: Parser returned #f
++++ frame_probe ID: 882 receives a frame at time 34.1516s ++++
++++ frame_probe ID: 883 receives a frame at time 34.1516s ++++
 at 8734.25 s
++++ frame_probe ID: 850 receives a frame at time 34.2641s ++++
++++ frame_probe ID: 860 receives a frame at time 34.305s ++++
++++ frame_probe ID: 1010 receives a frame at time 34.3127s ++++
++++ frame_probe ID: 882 receives a frame at time 34.334s ++++
++++ frame_probe ID: 883 receives a frame at time 34.334s ++++
 at 8734.43 s
++++ frame_probe ID: 850 receives a frame at time 34.4503s ++++
Measurement 7 raw data directory created /home/inets/0_ba/bachelor_thesis/measurements/debug/data/80/7/.
'/home/inets/source/gr-inets/results/receiver_data_received.txt' -> '/home/inets/0_ba/bachelor_thesis/measurements/debug/data/80/7/receiver_data_received.txt'
'/home/inets/source/gr-inets/results/sender_ack_received.txt' -> '/home/inets/0_ba/bachelor_thesis/measurements/debug/data/80/7/sender_ack_received.txt'
'/home/inets/source/gr-inets/results/sender_bfr_dq.txt' -> '/home/inets/0_ba/bachelor_thesis/measurements/debug/data/80/7/sender_bfr_dq.txt'
'/home/inets/source/gr-inets/results/sender_data_sent.txt' -> '/home/inets/0_ba/bachelor_thesis/measurements/debug/data/80/7/sender_data_sent.txt'
Measurement 7 raw data moved to /home/inets/0_ba/bachelor_thesis/measurements/debug/data/80/7/.

Measurement 8/8 complete in 4 second(s).
linux; GNU C++ version 5.4.0 20160609; Boost_105800; UHD_003.009.005-45-g6768a615

linux; GNU C++ version 5.4.0 20160609; Boost_105800; UHD_003.009.005-45-g6768a615

Using Volk machine: avx_64_mmx
-- Opening a USRP2/N-Series device...
Using Volk machine: avx_64_mmx
-- Opening a USRP2/N-Series device...
-- Current recv frame size: 1472 bytes
-- Current send frame size: 1472 bytes
-- Current recv frame size: 1472 bytes
-- Current send frame size: 1472 bytes
Measurement 8/8 complete in 3 second(s).
the 100th message counter is activated.
the 880th message counter is activated.
the 885th message counter is activated.
the 100th message counter is activated.
Measurement 8/8 complete in 2 second(s).
node starts running at 36.8506
node starts running at 36.8622
++++ frame_probe ID: 850 receives a frame at time 37.1324s ++++
++++ frame_probe ID: 860 receives a frame at time 37.1735s ++++
++++ frame_probe ID: 1010 receives a frame at time 37.1785s ++++
++++ frame_probe ID: 882 receives a frame at time 37.1976s ++++
++++ frame_probe ID: 883 receives a frame at time 37.1976s ++++
++++ frame_probe ID: 890 receives a frame at time 37.1977s ++++
the 100th message counter  has been visited 1 times  
++++ frame_probe ID: 850 receives a frame at time 37.291s ++++
++++ frame_probe ID: 860 receives a frame at time 37.332s ++++
++++ frame_probe ID: 1010 receives a frame at time 37.3416s ++++
++++ frame_probe ID: 882 receives a frame at time 37.3609s ++++
++++ frame_probe ID: 883 receives a frame at time 37.3609s ++++
++++ frame_probe ID: 890 receives a frame at time 37.361s ++++
the 100th message counter  has been visited 2 times  
++++ frame_probe ID: 850 receives a frame at time 37.4484s ++++
Measurement 8/8 complete in 1 second(s).
++++ frame_probe ID: 860 receives a frame at time 37.4891s ++++
INFO: Detected an invalid packet at item 64
INFO: Parser returned #f
++++ frame_probe ID: 1010 receives a frame at time 37.4951s ++++
++++ frame_probe ID: 882 receives a frame at time 37.5141s ++++
++++ frame_probe ID: 883 receives a frame at time 37.5141s ++++
++++ frame_probe ID: 890 receives a frame at time 37.5143s ++++
the 100th message counter  has been visited 3 times  
++++ frame_probe ID: 850 receives a frame at time 37.5876s ++++
++++ frame_probe ID: 860 receives a frame at time 37.6283s ++++
++++ frame_probe ID: 1010 receives a frame at time 37.6383s ++++
++++ frame_probe ID: 882 receives a frame at time 37.6585s ++++
++++ frame_probe ID: 883 receives a frame at time 37.6586s ++++
++++ frame_probe ID: 890 receives a frame at time 37.6587s ++++
the 100th message counter  has been visited 4 times  
++++ frame_probe ID: 850 receives a frame at time 37.732s ++++
++++ frame_probe ID: 860 receives a frame at time 37.7729s ++++
++++ frame_probe ID: 1010 receives a frame at time 37.7829s ++++
++++ frame_probe ID: 882 receives a frame at time 37.803s ++++
++++ frame_probe ID: 883 receives a frame at time 37.8031s ++++
++++ frame_probe ID: 890 receives a frame at time 37.8031s ++++
the 100th message counter  has been visited 5 times  
++++ frame_probe ID: 850 receives a frame at time 37.8905s ++++
++++ frame_probe ID: 860 receives a frame at time 37.9313s ++++
++++ frame_probe ID: 1010 receives a frame at time 37.9363s ++++
INFO: Detected an invalid packet at item 192
INFO: Parser returned #f
++++ frame_probe ID: 882 receives a frame at time ++++ frame_probe ID: 883 receives a frame at time 37.956537.9565s ++++
s ++++
++++ frame_probe ID: 890 receives a frame at time 37.9566s ++++
the 100th message counter  has been visited 6 times  
++++ frame_probe ID: 850 receives a frame at time 38.052s ++++
++++ frame_probe ID: 860 receives a frame at time 38.0928s ++++
++++ frame_probe ID: 1010 receives a frame at time 38.0996s ++++
INFO: Detected an invalid packet at item 256
INFO: Parser returned #f
++++ frame_probe ID: 882 receives a frame at time 38.1195s ++++
++++ frame_probe ID: 883 receives a frame at time 38.1196s ++++
++++ frame_probe ID: 890 receives a frame at time 38.1196s ++++
the 100th message counter  has been visited 7 times  
++++ frame_probe ID: 850 receives a frame at time 38.217s ++++
++++ frame_probe ID: 860 receives a frame at time 38.2578s ++++
++++ frame_probe ID: 1010 receives a frame at time 38.2629s ++++
INFO: Detected an invalid packet at item 320
INFO: Parser returned #f
++++ frame_probe ID: 882 receives a frame at time 38.2827s ++++
++++ frame_probe ID: 883 receives a frame at time 38.2828s ++++
++++ frame_probe ID: 890 receives a frame at time 38.2829s ++++
the 100th message counter  has been visited 8 times  
++++ frame_probe ID: 850 receives a frame at time 38.3692s ++++
++++ frame_probe ID: 860 receives a frame at time 38.41s ++++
++++ frame_probe ID: 1010 receives a frame at time 38.4164s ++++
INFO: Detected an invalid packet at item 384
INFO: Parser returned #f
++++ frame_probe ID: 882 receives a frame at time 38.4361s ++++
++++ frame_probe ID: 883 receives a frame at time 38.4361s ++++
++++ frame_probe ID: 890 receives a frame at time 38.4362s ++++
Measurement 8 raw data directory created /home/inets/0_ba/bachelor_thesis/measurements/debug/data/80/8/.
'/home/inets/source/gr-inets/results/receiver_data_received.txt' -> '/home/inets/0_ba/bachelor_thesis/measurements/debug/data/80/8/receiver_data_received.txt'
'/home/inets/source/gr-inets/results/sender_ack_received.txt' -> '/home/inets/0_ba/bachelor_thesis/measurements/debug/data/80/8/sender_ack_received.txt'
'/home/inets/source/gr-inets/results/sender_bfr_dq.txt' -> '/home/inets/0_ba/bachelor_thesis/measurements/debug/data/80/8/sender_bfr_dq.txt'
'/home/inets/source/gr-inets/results/sender_data_sent.txt' -> '/home/inets/0_ba/bachelor_thesis/measurements/debug/data/80/8/sender_data_sent.txt'
Measurement 8 raw data moved to /home/inets/0_ba/bachelor_thesis/measurements/debug/data/80/8/.

Now processing results...
Plotting Python should be: python3 (UBUNTU).
Hello from rtt.py!
Hello from variables.py!
data_sent: 1499968708.879288
data_sent: 1499968709.050879
data_sent: 1499968709.202799
data_sent: 1499968709.378660
data_sent: 1499968709.564493
data_sent: 1499968709.738862
data_sent: 1499968709.910141
data_sent: 1499968710.089467
data_sent: 1499968710.260492
ack_received: 1499968709.131420
ack_received: 1499968709.639477
ack_received: 1499968709.984061
ack_received: 1499968710.340100
abs. packet loss: 5.0
packet loss in %: 55.56%

The resulting RTTs of this single measurement are:
[0.25213, 0.5886, 0.78126, 0.96144]



The resulting mean RTT of this single measurement is:
0.6458575


data_sent: 1499968712.811931
data_sent: 1499968712.988107
data_sent: 1499968713.158877
data_sent: 1499968713.301572
data_sent: 1499968713.465701
data_sent: 1499968713.608334
data_sent: 1499968713.783859
data_sent: 1499968713.954853
data_sent: 1499968714.144240
data_sent: 1499968714.322780
ack_received: 1499968713.059596
ack_received: 1499968713.232199
ack_received: 1499968713.376326
ack_received: 1499968713.539954
ack_received: 1499968714.028906
ack_received: 1499968714.220408
abs. packet loss: 4.0
packet loss in %: 40.0%

The resulting RTTs of this single measurement are:
[0.24767, 0.24409, 0.21745, 0.23838, 0.56321, 0.61207]



The resulting mean RTT of this single measurement is:
0.3538116666666667


data_sent: 1499968716.843099
data_sent: 1499968716.997203
data_sent: 1499968717.142159
data_sent: 1499968717.291986
data_sent: 1499968717.426911
data_sent: 1499968717.563221
data_sent: 1499968717.730607
data_sent: 1499968717.900633
data_sent: 1499968718.076358
data_sent: 1499968718.251436
data_sent: 1499968718.390027
ack_received: 1499968716.915845
ack_received: 1499968717.068733
ack_received: 1499968717.213620
ack_received: 1499968717.356576
ack_received: 1499968717.491872
ack_received: 1499968717.635180
ack_received: 1499968717.798339
ack_received: 1499968717.971883
ack_received: 1499968718.144103
ack_received: 1499968718.316637
abs. packet loss: 1.0
packet loss in %: 9.09%

The resulting RTTs of this single measurement are:
[0.07275, 0.07153, 0.07146, 0.06459, 0.06496, 0.07196, 0.06773, 0.07125, 0.06774, 0.0652]



The resulting mean RTT of this single measurement is:
0.068917


data_sent: 1499968720.860114
data_sent: 1499968721.032966
data_sent: 1499968721.185728
data_sent: 1499968721.339891
data_sent: 1499968721.515688
data_sent: 1499968721.702826
data_sent: 1499968721.879170
data_sent: 1499968722.065077
data_sent: 1499968722.241268
ack_received: 1499968720.939514
ack_received: 1499968721.111431
ack_received: 1499968721.265540
ack_received: 1499968721.591461
abs. packet loss: 5.0
packet loss in %: 55.56%

The resulting RTTs of this single measurement are:
[0.0794, 0.07846, 0.07981, 0.25157]



The resulting mean RTT of this single measurement is:
0.12231


data_sent: 1499968724.873099
data_sent: 1499968725.049835
data_sent: 1499968725.229575
data_sent: 1499968725.400218
data_sent: 1499968725.586399
data_sent: 1499968725.761958
data_sent: 1499968725.947641
data_sent: 1499968726.118648
data_sent: 1499968726.339366
ack_received: 1499968725.127179
ack_received: 1499968725.472953
ack_received: 1499968726.413848
abs. packet loss: 6.0
packet loss in %: 66.67%

The resulting RTTs of this single measurement are:
[0.25408, 0.42312, 1.18427]



The resulting mean RTT of this single measurement is:
0.62049


data_sent: 1499968729.021460
data_sent: 1499968729.192598
data_sent: 1499968729.367848
data_sent: 1499968729.558635
data_sent: 1499968729.698190
data_sent: 1499968729.856607
data_sent: 1499968730.032165
data_sent: 1499968730.222272
data_sent: 1499968730.399612
ack_received: 1499968729.625783
ack_received: 1499968729.770214
ack_received: 1499968730.105933
ack_received: 1499968730.288280
abs. packet loss: 5.0
packet loss in %: 55.56%

The resulting RTTs of this single measurement are:
[0.60432, 0.57762, 0.73809, 0.72965]



The resulting mean RTT of this single measurement is:
0.66242


data_sent: 1499968733.038845
data_sent: 1499968733.215483
data_sent: 1499968733.392125
data_sent: 1499968733.567969
data_sent: 1499968733.748868
data_sent: 1499968733.907285
data_sent: 1499968734.083063
data_sent: 1499968734.264052
data_sent: 1499968734.450251
ack_received: 1499968733.287752
ack_received: 1499968733.815901
abs. packet loss: 7.0
packet loss in %: 77.78%

The resulting RTTs of this single measurement are:
[0.24891, 0.60042]



The resulting mean RTT of this single measurement is:
0.42466499999999996


data_sent: 1499968737.132397
data_sent: 1499968737.291045
data_sent: 1499968737.448372
data_sent: 1499968737.587596
data_sent: 1499968737.732041
data_sent: 1499968737.890546
data_sent: 1499968738.051992
data_sent: 1499968738.217010
data_sent: 1499968738.369230
ack_received: 1499968737.197683
ack_received: 1499968737.360986
ack_received: 1499968737.514276
ack_received: 1499968737.658679
ack_received: 1499968737.803142
ack_received: 1499968737.956589
ack_received: 1499968738.119624
ack_received: 1499968738.282859
ack_received: 1499968738.436215
abs. packet loss: 0.0
packet loss in %: 0.0%

The resulting RTTs of this single measurement are:
[0.06529, 0.06994, 0.0659, 0.07108, 0.0711, 0.06604, 0.06763, 0.06585, 0.06698]



The resulting mean RTT of this single measurement is:
0.06775666666666667


[ 0.6458575   0.35381167  0.068917    0.12231     0.62049     0.66242
  0.424665    0.06775667]
Hello from myplot.py!
I will print a pdf for you now!
Hello from myplot.py!
I will print a cdf for you now!
<a list of 1 Patch objects>
Hello from myplot.py!
I will print a boxplot for you now!
Hello from myplot.py!
I will print a bar for you now!
Hello from myplot.py!
I will print a line for you now!
