Measurement 1/4 complete in 5 second(s).
linux; GNU C++ version 5.4.0 20160609; Boost_105800; UHD_003.009.005-45-g6768a615
linux; GNU C++ version 5.4.0 20160609; Boost_105800; UHD_003.009.005-45-g6768a615


Measurement 1/4 complete in 4 second(s).
Using Volk machine: avx_64_mmx
-- Opening a USRP2/N-Series device...
Using Volk machine: avx_64_mmx
-- Opening a USRP2/N-Series device...
-- Current recv frame size: 1472 bytes
-- Current recv frame size: 1472 bytes
-- Current send frame size: 1472 bytes
-- Current send frame size: 1472 bytes
Measurement 1/4 complete in 3 second(s).
the 100th message counter is activated.
the 100th message counter is activated.
Measurement 1/4 complete in 2 second(s).
node starts running at 11.6597
node starts running at 11.6597
++++ frame_probe ID: 850 receives a frame at time 11.6892s ++++
INFO: Detected an invalid packet at item 0
INFO: Parser returned #f
++++ frame_probe ID: 860 receives a frame at time 11.7307s ++++
++++ frame_probe ID: 1010 receives a frame at time 11.7364s ++++
++++ frame_probe ID: 890 receives a frame at time 11.7584s ++++
the 100th message counter  has been visited 1 times  
++++ frame_probe ID: 850 receives a frame at time 11.8894s ++++
INFO: Detected an invalid packet at item 96
INFO: Parser returned #f
++++ frame_probe ID: 860 receives a frame at time 11.9304s ++++
++++ frame_probe ID: 1010 receives a frame at time 11.9387s ++++
++++ frame_probe ID: 890 receives a frame at time 11.96s ++++
the 100th message counter  has been visited 2 times  
++++ frame_probe ID: 850 receives a frame at time 12.0674s ++++
INFO: Detected an invalid packet at item 192
INFO: Parser returned #f
++++ frame_probe ID: 860 receives a frame at time 12.1082s ++++
++++ frame_probe ID: 1010 receives a frame at time 12.1115s ++++
++++ frame_probe ID: 890 receives a frame at time 12.1324s ++++
the 100th message counter  has been visited 3 times  
++++ frame_probe ID: 850 receives a frame at time 12.2139s ++++
INFO: Detected an invalid packet at item 288
INFO: Parser returned #f
++++ frame_probe ID: 860 receives a frame at time 12.2547s ++++
++++ frame_probe ID: 1010 receives a frame at time 12.2645s ++++
++++ frame_probe ID: 890 receives a frame at time 12.2866s ++++
the 100th message counter  has been visited 4 times  
++++ frame_probe ID: 850 receives a frame at time 12.371s ++++
INFO: Detected an invalid packet at item 384
INFO: Parser returned #f
++++ frame_probe ID: 860 receives a frame at time 12.4118s ++++
++++ frame_probe ID: 1010 receives a frame at time 12.418s ++++
++++ frame_probe ID: 890 receives a frame at time 12.4402s ++++
the 100th message counter  has been visited 5 times  
++++ frame_probe ID: 850 receives a frame at time 12.5345s ++++
INFO: Detected an invalid packet at item 480
INFO: Parser returned #f
Measurement 1/4 complete in 1 second(s).
++++ frame_probe ID: 860 receives a frame at time 12.5751s ++++
++++ frame_probe ID: 1010 receives a frame at time 12.5812s ++++
++++ frame_probe ID: 890 receives a frame at time 12.6033s ++++
the 100th message counter  has been visited 6 times  
++++ frame_probe ID: 850 receives a frame at time 12.6816s ++++
INFO: Detected an invalid packet at item 576
INFO: Parser returned #f
++++ frame_probe ID: 860 receives a frame at time 12.7223s ++++
++++ frame_probe ID: 1010 receives a frame at time 12.7246s ++++
++++ frame_probe ID: 890 receives a frame at time 12.7467s ++++
the 100th message counter  has been visited 7 times  
++++ frame_probe ID: 850 receives a frame at time 12.8211s ++++
INFO: Detected an invalid packet at item 672
INFO: Parser returned #f
++++ frame_probe ID: 860 receives a frame at time 12.8617s ++++
++++ frame_probe ID: 1010 receives a frame at time 12.8689s ++++
++++ frame_probe ID: 890 receives a frame at time 12.891s ++++
the 100th message counter  has been visited 8 times  
++++ frame_probe ID: 850 receives a frame at time 13.0004s ++++
INFO: Detected an invalid packet at item 768
INFO: Parser returned #f
++++ frame_probe ID: 860 receives a frame at time 13.041s ++++
++++ frame_probe ID: 1010 receives a frame at time 13.0513s ++++
++++ frame_probe ID: 890 receives a frame at time 13.0734s ++++
the 100th message counter  has been visited 9 times  
++++ frame_probe ID: 850 receives a frame at time 13.1818s ++++
INFO: Detected an invalid packet at item 864
INFO: Parser returned #f
++++ frame_probe ID: 860 receives a frame at time 13.2224s ++++
++++ frame_probe ID: 1010 receives a frame at time 13.2337s ++++
++++ frame_probe ID: 890 receives a frame at time 13.2558s ++++
the 100th message counter  has been visited 10 times  
++++ frame_probe ID: 850 receives a frame at time 13.3531s ++++
INFO: Detected an invalid packet at item 960
INFO: Parser returned #f
++++ frame_probe ID: 860 receives a frame at time 13.3938s ++++
++++ frame_probe ID: 1010 receives a frame at time 13.397s ++++
++++ frame_probe ID: 890 receives a frame at time 13.4182s ++++
the 100th message counter  has been visited 11 times  
++++ frame_probe ID: 850 receives a frame at time 13.5116s ++++
INFO: Detected an invalid packet at item 1056
INFO: Parser returned #f
++++ frame_probe ID: 860 receives a frame at time 13.5522s ++++
Measurement 1 raw data directory created /home/inets/0_ba/bachelor_thesis/measurements/debug/data/9/1/.
'/home/inets/source/gr-inets/results/receiver_data_received.txt' -> '/home/inets/0_ba/bachelor_thesis/measurements/debug/data/9/1/receiver_data_received.txt'
'/home/inets/source/gr-inets/results/sender_ack_received.txt' -> '/home/inets/0_ba/bachelor_thesis/measurements/debug/data/9/1/sender_ack_received.txt'
'/home/inets/source/gr-inets/results/sender_bfr_dq.txt' -> '/home/inets/0_ba/bachelor_thesis/measurements/debug/data/9/1/sender_bfr_dq.txt'
'/home/inets/source/gr-inets/results/sender_data_sent.txt' -> '/home/inets/0_ba/bachelor_thesis/measurements/debug/data/9/1/sender_data_sent.txt'
Measurement 1 raw data moved to /home/inets/0_ba/bachelor_thesis/measurements/debug/data/9/1/.

Measurement 2/4 complete in 5 second(s).
linux; GNU C++ version 5.4.0 20160609; Boost_105800; UHD_003.009.005-45-g6768a615
linux; GNU C++ version 5.4.0 20160609; Boost_105800; UHD_003.009.005-45-g6768a615


Using Volk machine: avx_64_mmx
-- Opening a USRP2/N-Series device...
Using Volk machine: avx_64_mmx
-- Opening a USRP2/N-Series device...
-- Current recv frame size: 1472 bytes
-- Current recv frame size: 1472 bytes
-- Current send frame size: 1472 bytes
-- Current send frame size: 1472 bytes
Measurement 2/4 complete in 4 second(s).
the 100th message counter is activated.
the 100th message counter is activated.
Measurement 2/4 complete in 3 second(s).
node starts running at 16.0564
node starts running at 16.0627
++++ frame_probe ID: 850 receives a frame at time 16.1134s ++++
INFO: Detected an invalid packet at item 0
INFO: Parser returned #f
++++ frame_probe ID: 860 receives a frame at time 16.1544s ++++
++++ frame_probe ID: 1010 receives a frame at time 16.1573s ++++
++++ frame_probe ID: 890 receives a frame at time 16.1829s ++++
the 100th message counter  has been visited 1 times  
++++ frame_probe ID: 850 receives a frame at time 16.2824s ++++
INFO: Detected an invalid packet at item 96
INFO: Parser returned #f
++++ frame_probe ID: 860 receives a frame at time 16.3231s ++++
++++ frame_probe ID: 1010 receives a frame at time 16.3297s ++++
++++ frame_probe ID: 890 receives a frame at time 16.3554s ++++
the 100th message counter  has been visited 2 times  
++++ frame_probe ID: 850 receives a frame at time 16.4559s ++++
INFO: Detected an invalid packet at item 192
INFO: Parser returned #f
++++ frame_probe ID: 860 receives a frame at time 16.4965s ++++
++++ frame_probe ID: 1010 receives a frame at time 16.5031s ++++
++++ frame_probe ID: 890 receives a frame at time 16.5278s ++++
Measurement 2/4 complete in 2 second(s).
the 100th message counter  has been visited 3 times  
++++ frame_probe ID: 850 receives a frame at time 16.6222s ++++
INFO: Detected an invalid packet at item 288
INFO: Parser returned #f
++++ frame_probe ID: 860 receives a frame at time 16.6629s ++++
++++ frame_probe ID: 1010 receives a frame at time 16.6656s ++++
++++ frame_probe ID: 890 receives a frame at time 16.6912s ++++
the 100th message counter  has been visited 4 times  
++++ frame_probe ID: 850 receives a frame at time 16.7747s ++++
INFO: Detected an invalid packet at item 384
INFO: Parser returned #f
++++ frame_probe ID: 860 receives a frame at time 16.8154s ++++
++++ frame_probe ID: 1010 receives a frame at time 16.8198s ++++
++++ frame_probe ID: 890 receives a frame at time 16.8446s ++++
the 100th message counter  has been visited 5 times  
++++ frame_probe ID: 850 receives a frame at time 16.953s ++++
INFO: Detected an invalid packet at item 480
INFO: Parser returned #f
++++ frame_probe ID: 860 receives a frame at time 16.9938s ++++
++++ frame_probe ID: 1010 receives a frame at time 17.0022s ++++
++++ frame_probe ID: 890 receives a frame at time 17.027s ++++
the 100th message counter  has been visited 6 times  
++++ frame_probe ID: 850 receives a frame at time 17.1205s ++++
INFO: Detected an invalid packet at item 576
INFO: Parser returned #f
++++ frame_probe ID: 860 receives a frame at time 17.1611s ++++
++++ frame_probe ID: 1010 receives a frame at time 17.1646s ++++
++++ frame_probe ID: 890 receives a frame at time 17.1903s ++++
the 100th message counter  has been visited 7 times  
++++ frame_probe ID: 850 receives a frame at time 17.2738s ++++
INFO: Detected an invalid packet at item 672
INFO: Parser returned #f
++++ frame_probe ID: 860 receives a frame at time 17.3144s ++++
++++ frame_probe ID: 1010 receives a frame at time 17.3189s ++++
++++ frame_probe ID: 890 receives a frame at time 17.3437s ++++
the 100th message counter  has been visited 8 times  
++++ frame_probe ID: 850 receives a frame at time 17.4251s ++++
INFO: Detected an invalid packet at item 768
INFO: Parser returned #f
++++ frame_probe ID: 860 receives a frame at time 17.4658s ++++
++++ frame_probe ID: 1010 receives a frame at time 17.4723s ++++
++++ frame_probe ID: 890 receives a frame at time 17.4979s ++++
the 100th message counter  has been visited 9 times  
Measurement 2/4 complete in 1 second(s).
++++ frame_probe ID: 850 receives a frame at time 17.5733s ++++
INFO: Detected an invalid packet at item 864
INFO: Parser returned #f
++++ frame_probe ID: 860 receives a frame at time 17.6141s ++++
++++ frame_probe ID: 1010 receives a frame at time 17.6257s ++++
++++ frame_probe ID: 890 receives a frame at time 17.6514s ++++
the 100th message counter  has been visited 10 times  
++++ frame_probe ID: 850 receives a frame at time 17.7528s ++++
INFO: Detected an invalid packet at item 960
INFO: Parser returned #f
++++ frame_probe ID: 860 receives a frame at time 17.7934s ++++
++++ frame_probe ID: 1010 receives a frame at time 17.7981s ++++
++++ frame_probe ID: 890 receives a frame at time 17.8238s ++++
the 100th message counter  has been visited 11 times  
++++ frame_probe ID: 850 receives a frame at time 17.9032s ++++
INFO: Detected an invalid packet at item 1056
INFO: Parser returned #f
++++ frame_probe ID: 860 receives a frame at time 17.9441s ++++
++++ frame_probe ID: 1010 receives a frame at time 17.9515s ++++
++++ frame_probe ID: 890 receives a frame at time 17.978s ++++
the 100th message counter  has been visited 12 times  
++++ frame_probe ID: 850 receives a frame at time 18.0864s ++++
INFO: Detected an invalid packet at item 1152
INFO: Parser returned #f
++++ frame_probe ID: 860 receives a frame at time 18.1272s ++++
++++ frame_probe ID: 1010 receives a frame at time 18.1338s ++++
++++ frame_probe ID: 890 receives a frame at time 18.1604s ++++
the 100th message counter  has been visited 13 times  
++++ frame_probe ID: 850 receives a frame at time 18.2458s ++++
INFO: Detected an invalid packet at item 1248
INFO: Parser returned #f
++++ frame_probe ID: 860 receives a frame at time 18.2865s ++++
++++ frame_probe ID: 1010 receives a frame at time 18.2972s ++++
++++ frame_probe ID: 890 receives a frame at time 18.3229s ++++
the 100th message counter  has been visited 14 times  
++++ frame_probe ID: 850 receives a frame at time 18.4003s ++++
INFO: Detected an invalid packet at item 1344
INFO: Parser returned #f
++++ frame_probe ID: 860 receives a frame at time 18.4412s ++++
++++ frame_probe ID: 1010 receives a frame at time 18.4515s ++++
++++ frame_probe ID: 890 receives a frame at time 18.4762s ++++
the 100th message counter  has been visited 15 times  
Measurement 2 raw data directory created /home/inets/0_ba/bachelor_thesis/measurements/debug/data/9/2/.
'/home/inets/source/gr-inets/results/receiver_data_received.txt' -> '/home/inets/0_ba/bachelor_thesis/measurements/debug/data/9/2/receiver_data_received.txt'
'/home/inets/source/gr-inets/results/sender_ack_received.txt' -> '/home/inets/0_ba/bachelor_thesis/measurements/debug/data/9/2/sender_ack_received.txt'
'/home/inets/source/gr-inets/results/sender_bfr_dq.txt' -> '/home/inets/0_ba/bachelor_thesis/measurements/debug/data/9/2/sender_bfr_dq.txt'
'/home/inets/source/gr-inets/results/sender_data_sent.txt' -> '/home/inets/0_ba/bachelor_thesis/measurements/debug/data/9/2/sender_data_sent.txt'
Measurement 2 raw data moved to /home/inets/0_ba/bachelor_thesis/measurements/debug/data/9/2/.

Measurement 3/4 complete in 5 second(s).
linux; GNU C++ version 5.4.0 20160609; Boost_105800; UHD_003.009.005-45-g6768a615
linux; GNU C++ version 5.4.0 20160609; Boost_105800; UHD_003.009.005-45-g6768a615


Using Volk machine: avx_64_mmx
-- Opening a USRP2/N-Series device...
Using Volk machine: avx_64_mmx
-- Opening a USRP2/N-Series device...
-- Current recv frame size: 1472 bytes
-- Current recv frame size: 1472 bytes
-- Current send frame size: 1472 bytes
-- Current send frame size: 1472 bytes
Measurement 3/4 complete in 4 second(s).
the 100th message counter is activated.
the 100th message counter is activated.
Measurement 3/4 complete in 3 second(s).
node starts running at 21.0161
node starts running at 21.0208
++++ frame_probe ID: 850 receives a frame at time 21.0374s ++++
INFO: Detected an invalid packet at item 0
INFO: Parser returned #f
++++ frame_probe ID: 860 receives a frame at time 21.0781s ++++
++++ frame_probe ID: 1010 receives a frame at time 21.0869s ++++
++++ frame_probe ID: 890 receives a frame at time 21.1053s ++++
the 100th message counter  has been visited 1 times  
++++ frame_probe ID: 850 receives a frame at time 21.1897s ++++
INFO: Detected an invalid packet at item 96
INFO: Parser returned #f
++++ frame_probe ID: 860 receives a frame at time 21.2304s ++++
++++ frame_probe ID: 1010 receives a frame at time 21.2402s ++++
++++ frame_probe ID: 890 receives a frame at time 21.2586s ++++
the 100th message counter  has been visited 2 times  
++++ frame_probe ID: 850 receives a frame at time 21.3763s ++++
INFO: Detected an invalid packet at item 192
INFO: Parser returned #f
++++ frame_probe ID: 860 receives a frame at time 21.417s ++++
++++ frame_probe ID: 1010 receives a frame at time 21.4226s ++++
++++ frame_probe ID: 890 receives a frame at time 21.4411s ++++
the 100th message counter  has been visited 3 times  
++++ frame_probe ID: 850 receives a frame at time 21.5155s ++++
INFO: Detected an invalid packet at item 288
INFO: Parser returned #f
++++ frame_probe ID: 860 receives a frame at time 21.5561s ++++
++++ frame_probe ID: 1010 receives a frame at time 21.5669s ++++
++++ frame_probe ID: 890 receives a frame at time 21.5854s ++++
Measurement 3/4 complete in 2 second(s).
the 100th message counter  has been visited 4 times  
++++ frame_probe ID: 850 receives a frame at time 21.6727s ++++
INFO: Detected an invalid packet at item 384
INFO: Parser returned #f
++++ frame_probe ID: 860 receives a frame at time 21.7134s ++++
++++ frame_probe ID: 1010 receives a frame at time 21.7203s ++++
++++ frame_probe ID: 890 receives a frame at time 21.7387s ++++
the 100th message counter  has been visited 5 times  
++++ frame_probe ID: 850 receives a frame at time 21.8401s ++++
INFO: Detected an invalid packet at item 480
INFO: Parser returned #f
++++ frame_probe ID: 860 receives a frame at time 21.881s ++++
++++ frame_probe ID: 1010 receives a frame at time 21.8836s ++++
++++ frame_probe ID: 890 receives a frame at time 21.9021s ++++
the 100th message counter  has been visited 6 times  
++++ frame_probe ID: 850 receives a frame at time 21.9817s ++++
INFO: Detected an invalid packet at item 576
INFO: Parser returned #f
++++ frame_probe ID: 860 receives a frame at time 22.0225s ++++
++++ frame_probe ID: 1010 receives a frame at time 22.0279s ++++
++++ frame_probe ID: 890 receives a frame at time 22.0464s ++++
the 100th message counter  has been visited 7 times  
++++ frame_probe ID: 850 receives a frame at time 22.1409s ++++
INFO: Detected an invalid packet at item 672
INFO: Parser returned #f
++++ frame_probe ID: 860 receives a frame at time 22.1816s ++++
++++ frame_probe ID: 1010 receives a frame at time 22.1913s ++++
++++ frame_probe ID: 890 receives a frame at time 22.2184s ++++
the 100th message counter  has been visited 8 times  
++++ frame_probe ID: 850 receives a frame at time 22.2938s ++++
INFO: Detected an invalid packet at item 768
INFO: Parser returned #f
++++ frame_probe ID: 860 receives a frame at time 22.3345s ++++
++++ frame_probe ID: 1010 receives a frame at time 22.3446s ++++
++++ frame_probe ID: 890 receives a frame at time 22.3631s ++++
the 100th message counter  has been visited 9 times  
++++ frame_probe ID: 850 receives a frame at time 22.4525s ++++
INFO: Detected an invalid packet at item 864
INFO: Parser returned #f
++++ frame_probe ID: 860 receives a frame at time 22.4931s ++++
++++ frame_probe ID: 1010 receives a frame at time 22.498s ++++
++++ frame_probe ID: 890 receives a frame at time 22.5164s ++++
the 100th message counter  has been visited 10 times  
Measurement 3/4 complete in 1 second(s).
++++ frame_probe ID: 850 receives a frame at time 22.5998s ++++
INFO: Detected an invalid packet at item 960
INFO: Parser returned #f
++++ frame_probe ID: 860 receives a frame at time 22.6404s ++++
++++ frame_probe ID: 1010 receives a frame at time 22.6514s ++++
++++ frame_probe ID: 890 receives a frame at time 22.6699s ++++
the 100th message counter  has been visited 11 times  
++++ frame_probe ID: 850 receives a frame at time 22.7433s ++++
INFO: Detected an invalid packet at item 1056
INFO: Parser returned #f
++++ frame_probe ID: 860 receives a frame at time 22.7839s ++++
++++ frame_probe ID: 1010 receives a frame at time 22.7957s ++++
++++ frame_probe ID: 890 receives a frame at time 22.8141s ++++
the 100th message counter  has been visited 12 times  
++++ frame_probe ID: 850 receives a frame at time 22.8826s ++++
INFO: Detected an invalid packet at item 1152
INFO: Parser returned #f
++++ frame_probe ID: 860 receives a frame at time 22.9232s ++++
++++ frame_probe ID: 1010 receives a frame at time 22.93s ++++
++++ frame_probe ID: 890 receives a frame at time 22.9484s ++++
the 100th message counter  has been visited 13 times  
++++ frame_probe ID: 850 receives a frame at time 23.0538s ++++
INFO: Detected an invalid packet at item 1248
INFO: Parser returned #f
++++ frame_probe ID: 860 receives a frame at time 23.0945s ++++
++++ frame_probe ID: 1010 receives a frame at time 23.1033s ++++
++++ frame_probe ID: 890 receives a frame at time 23.1304s ++++
the 100th message counter  has been visited 14 times  
++++ frame_probe ID: 850 receives a frame at time 23.2148s ++++
INFO: Detected an invalid packet at item 1344
INFO: Parser returned #f
++++ frame_probe ID: 860 receives a frame at time 23.2555s ++++
++++ frame_probe ID: 1010 receives a frame at time 23.2658s ++++
++++ frame_probe ID: 890 receives a frame at time 23.2842s ++++
the 100th message counter  has been visited 15 times  
++++ frame_probe ID: 850 receives a frame at time 23.3967s ++++
INFO: Detected an invalid packet at item 1440
INFO: Parser returned #f
++++ frame_probe ID: 860 receives a frame at time 23.4373s ++++
++++ frame_probe ID: 1010 receives a frame at time 23.4482s ++++
++++ frame_probe ID: 890 receives a frame at time 23.4666s ++++
the 100th message counter  has been visited 16 times  
++++ frame_probe ID: 850 receives a frame at time 23.5501s ++++
INFO: Detected an invalid packet at item 1536
INFO: Parser returned #f
++++ frame_probe ID: 860 receives a frame at time 23.5907s ++++
Measurement 3 raw data directory created /home/inets/0_ba/bachelor_thesis/measurements/debug/data/9/3/.
'/home/inets/source/gr-inets/results/receiver_data_received.txt' -> '/home/inets/0_ba/bachelor_thesis/measurements/debug/data/9/3/receiver_data_received.txt'
'/home/inets/source/gr-inets/results/sender_ack_received.txt' -> '/home/inets/0_ba/bachelor_thesis/measurements/debug/data/9/3/sender_ack_received.txt'
'/home/inets/source/gr-inets/results/sender_bfr_dq.txt' -> '/home/inets/0_ba/bachelor_thesis/measurements/debug/data/9/3/sender_bfr_dq.txt'
'/home/inets/source/gr-inets/results/sender_data_sent.txt' -> '/home/inets/0_ba/bachelor_thesis/measurements/debug/data/9/3/sender_data_sent.txt'
Measurement 3 raw data moved to /home/inets/0_ba/bachelor_thesis/measurements/debug/data/9/3/.

Measurement 4/4 complete in 5 second(s).
linux; GNU C++ version 5.4.0 20160609; Boost_105800; UHD_003.009.005-45-g6768a615
linux; GNU C++ version 5.4.0 20160609; Boost_105800; UHD_003.009.005-45-g6768a615


Using Volk machine: avx_64_mmx
-- Opening a USRP2/N-Series device...
Using Volk machine: avx_64_mmx
-- Opening a USRP2/N-Series device...
-- Current recv frame size: 1472 bytes
-- Current recv frame size: 1472 bytes
-- Current send frame size: 1472 bytes
-- Current send frame size: 1472 bytes
Measurement 4/4 complete in 4 second(s).
the 100th message counter is activated.
the 100th message counter is activated.
Measurement 4/4 complete in 3 second(s).
node starts running at 26.0283
node starts running at 26.0339
++++ frame_probe ID: 850 receives a frame at time 26.1794s ++++
INFO: Detected an invalid packet at item 0
INFO: Parser returned #f
++++ frame_probe ID: 860 receives a frame at time 26.2203s ++++
++++ frame_probe ID: 1010 receives a frame at time 26.229s ++++
++++ frame_probe ID: 890 receives a frame at time 26.2486s ++++
the 100th message counter  has been visited 1 times  
++++ frame_probe ID: 850 receives a frame at time 26.3581s ++++
INFO: Detected an invalid packet at item 96
INFO: Parser returned #f
++++ frame_probe ID: 860 receives a frame at time 26.3987s ++++
++++ frame_probe ID: 1010 receives a frame at time 26.4016s ++++
++++ frame_probe ID: 890 receives a frame at time 26.4209s ++++
the 100th message counter  has been visited 2 times  
++++ frame_probe ID: 850 receives a frame at time 26.5264s ++++
INFO: Detected an invalid packet at item 192
INFO: Parser returned #f
++++ frame_probe ID: 860 receives a frame at time 26.5671s ++++
++++ frame_probe ID: 1010 receives a frame at time 26.5739s ++++
++++ frame_probe ID: 890 receives a frame at time 26.5943s ++++
Measurement 4/4 complete in 2 second(s).
the 100th message counter  has been visited 3 times  
++++ frame_probe ID: 850 receives a frame at time 26.6637s ++++
INFO: Detected an invalid packet at item 288
INFO: Parser returned #f
++++ frame_probe ID: 860 receives a frame at time 26.7043s ++++
++++ frame_probe ID: 1010 receives a frame at time 26.7091s ++++
++++ frame_probe ID: 890 receives a frame at time 26.7286s ++++
the 100th message counter  has been visited 4 times  
++++ frame_probe ID: 850 receives a frame at time 26.816s ++++
INFO: Detected an invalid packet at item 384
INFO: Parser returned #f
++++ frame_probe ID: 860 receives a frame at time 26.8568s ++++
++++ frame_probe ID: 1010 receives a frame at time 26.8626s ++++
++++ frame_probe ID: 890 receives a frame at time 26.8819s ++++
the 100th message counter  has been visited 5 times  
++++ frame_probe ID: 850 receives a frame at time 26.9733s ++++
INFO: Detected an invalid packet at item 480
INFO: Parser returned #f
++++ frame_probe ID: 860 receives a frame at time 27.014s ++++
++++ frame_probe ID: 1010 receives a frame at time 27.0258s ++++
++++ frame_probe ID: 890 receives a frame at time 27.0453s ++++
the 100th message counter  has been visited 6 times  
++++ frame_probe ID: 850 receives a frame at time 27.1548s ++++
INFO: Detected an invalid packet at item 576
INFO: Parser returned #f
++++ frame_probe ID: 860 receives a frame at time 27.1956s ++++
++++ frame_probe ID: 1010 receives a frame at time 27.1983s ++++
++++ frame_probe ID: 890 receives a frame at time 27.2178s ++++
the 100th message counter  has been visited 7 times  
++++ frame_probe ID: 850 receives a frame at time 27.2893s ++++
INFO: Detected an invalid packet at item 672
INFO: Parser returned #f
++++ frame_probe ID: 860 receives a frame at time 27.3299s ++++
++++ frame_probe ID: 1010 receives a frame at time 27.3326s ++++
++++ frame_probe ID: 890 receives a frame at time 27.352s ++++
the 100th message counter  has been visited 8 times  
++++ frame_probe ID: 850 receives a frame at time 27.4475s ++++
INFO: Detected an invalid packet at item 768
INFO: Parser returned #f
++++ frame_probe ID: 860 receives a frame at time 27.4882s ++++
++++ frame_probe ID: 1010 receives a frame at time 27.4959s ++++
++++ frame_probe ID: 890 receives a frame at time 27.5154s ++++
Measurement 4/4 complete in 1 second(s).
the 100th message counter  has been visited 9 times  
++++ frame_probe ID: 850 receives a frame at time 27.6268s ++++
INFO: Detected an invalid packet at item 864
INFO: Parser returned #f
++++ frame_probe ID: 860 receives a frame at time 27.6675s ++++
++++ frame_probe ID: 1010 receives a frame at time 27.6784s ++++
++++ frame_probe ID: 890 receives a frame at time 27.6978s ++++
the 100th message counter  has been visited 10 times  
++++ frame_probe ID: 850 receives a frame at time 27.7853s ++++
INFO: Detected an invalid packet at item 960
INFO: Parser returned #f
++++ frame_probe ID: 860 receives a frame at time 27.826s ++++
++++ frame_probe ID: 1010 receives a frame at time 27.8317s ++++
++++ frame_probe ID: 890 receives a frame at time 27.8512s ++++
the 100th message counter  has been visited 11 times  
++++ frame_probe ID: 850 receives a frame at time 27.9586s ++++
INFO: Detected an invalid packet at item 1056
INFO: Parser returned #f
++++ frame_probe ID: 860 receives a frame at time 27.9992s ++++
++++ frame_probe ID: 1010 receives a frame at time 28.005s ++++
++++ frame_probe ID: 890 receives a frame at time 28.0245s ++++
the 100th message counter  has been visited 12 times  
++++ frame_probe ID: 850 receives a frame at time 28.1249s ++++
INFO: Detected an invalid packet at item 1152
INFO: Parser returned #f
++++ frame_probe ID: 860 receives a frame at time 28.1656s ++++
++++ frame_probe ID: 1010 receives a frame at time 28.1774s ++++
++++ frame_probe ID: 890 receives a frame at time 28.1969s ++++
the 100th message counter  has been visited 13 times  
++++ frame_probe ID: 850 receives a frame at time 28.2864s ++++
INFO: Detected an invalid packet at item 1248
INFO: Parser returned #f
++++ frame_probe ID: 860 receives a frame at time 28.3272s ++++
++++ frame_probe ID: 1010 receives a frame at time 28.3308s ++++
++++ frame_probe ID: 890 receives a frame at time 28.3511s ++++
the 100th message counter  has been visited 14 times  
++++ frame_probe ID: 850 receives a frame at time 28.4226s ++++
INFO: Detected an invalid packet at item 1344
INFO: Parser returned #f
++++ frame_probe ID: 860 receives a frame at time 28.4631s ++++
++++ frame_probe ID: 1010 receives a frame at time 28.4751s ++++
++++ frame_probe ID: 890 receives a frame at time 28.4948s ++++
the 100th message counter  has been visited 15 times  
++++ frame_probe ID: 850 receives a frame at time 28.5882s ++++
INFO: Detected an invalid packet at item 1440
INFO: Parser returned #f
Measurement 4 raw data directory created /home/inets/0_ba/bachelor_thesis/measurements/debug/data/9/4/.
'/home/inets/source/gr-inets/results/receiver_data_received.txt' -> '/home/inets/0_ba/bachelor_thesis/measurements/debug/data/9/4/receiver_data_received.txt'
'/home/inets/source/gr-inets/results/sender_ack_received.txt' -> '/home/inets/0_ba/bachelor_thesis/measurements/debug/data/9/4/sender_ack_received.txt'
'/home/inets/source/gr-inets/results/sender_bfr_dq.txt' -> '/home/inets/0_ba/bachelor_thesis/measurements/debug/data/9/4/sender_bfr_dq.txt'
'/home/inets/source/gr-inets/results/sender_data_sent.txt' -> '/home/inets/0_ba/bachelor_thesis/measurements/debug/data/9/4/sender_data_sent.txt'
Measurement 4 raw data moved to /home/inets/0_ba/bachelor_thesis/measurements/debug/data/9/4/.

Now processing results...
Plotting Python should be: python3 (UBUNTU).
Hello from throughput.py!
Hello from variables.py!
[ 11000.  15000.  16000.  15000.]
Hello from myplot.py!
I will print a pdf for you now!
Hello from myplot.py!
I will print a cdf for you now!
<a list of 1 Patch objects>
Hello from myplot.py!
I will print a boxplot for you now!
Hello from myplot.py!
I will print a bar for you now!
Hello from rtt.py!
Hello from variables.py!

The resulting mean RTT of this single measurement is:
0.0693309090909091



The resulting mean RTT of this single measurement is:
0.07271066666666666



The resulting mean RTT of this single measurement is:
0.06858125



The resulting mean RTT of this single measurement is:
0.06720533333333334


[ 0.06933091  0.07271067  0.06858125  0.06720533]
Hello from myplot.py!
I will print a pdf for you now!
Hello from myplot.py!
I will print a cdf for you now!
<a list of 1 Patch objects>
Hello from myplot.py!
I will print a boxplot for you now!
Hello from myplot.py!
I will print a bar for you now!

+--------------------------------------------------------------+
| Plotting completed. Until the next measurement session then! |
+--------------------------------------------------------------+
