Measurement 1/10 complete in 20 second(s).
linux; GNU C++ version 5.4.0 20160609; Boost_105800; UHD_003.009.005-45-g6768a615
linux; GNU C++ version 5.4.0 20160609; Boost_105800; UHD_003.009.005-45-g6768a615


Using Volk machine: avx_64_mmx
-- Opening a USRP2/N-Series device...
Using Volk machine: avx_64_mmx
-- Opening a USRP2/N-Series device...
-- Current recv frame size: 1472 bytes
-- Current send frame size: 1472 bytes
-- Current recv frame size: 1472 bytes
-- Current send frame size: 1472 bytes
Measurement 1/10 complete in 19 second(s).
the 880th message counter is activated.
the 885th message counter is activated.
the 100th message counter is activated.
the 100th message counter is activated.
Measurement 1/10 complete in 18 second(s).
node starts running at 2.35174
node starts running at 2.35173
++++ frame_probe ID: 850 receives a frame at time 2.54981s ++++
++++ frame_probe ID: 860 receives a frame at time 2.59092s ++++
++++ frame_probe ID: 1010 receives a frame at time 2.60069s ++++
++++ frame_probe ID: 882 receives a frame at time 2.62009s ++++
++++ frame_probe ID: 883 receives a frame at time 2.62013s ++++
++++ frame_probe ID: 890 receives a frame at time 2.6202s ++++
the 100th message counter  has been visited 1 times  
++++ frame_probe ID: 850 receives a frame at time 2.72566s ++++
++++ frame_probe ID: 860 receives a frame at time 2.76646s ++++
++++ frame_probe ID: 1010 receives a frame at time 2.77277s ++++
INFO: Detected an invalid packet at item 32
INFO: Parser returned #f
++++ frame_probe ID: 882 receives a frame at time 2.79321s ++++
++++ frame_probe ID: 883 receives a frame at time 2.79326s ++++
++++ frame_probe ID: 890 receives a frame at time 2.79332s ++++
the 100th message counter  has been visited 2 times  
Measurement 1/10 complete in 17 second(s).
Measurement 1/10 complete in 16 second(s).
Measurement 1/10 complete in 15 second(s).
Measurement 1/10 complete in 14 second(s).
