Measurement 1/3 complete in 5 second(s).
linux; GNU C++ version 5.4.0 20160609; Boost_105800; UHD_003.009.005-45-g6768a615
linux; GNU C++ version 5.4.0 20160609; Boost_105800; UHD_003.009.005-45-g6768a615


Using Volk machine: avx_64_mmx
-- Opening a USRP2/N-Series device...
Using Volk machine: avx_64_mmx
-- Opening a USRP2/N-Series device...
-- Current recv frame size: 1472 bytes
-- Current recv frame size: 1472 bytes
-- Current send frame size: 1472 bytes
-- Current send frame size: 1472 bytes
Measurement 1/3 complete in 4 second(s).
the 100th message counter is activated.
develop_mode of random_filter ID: 1015 is activated.
the 1018th message counter is activated.
the 1080th message counter is activated.
the 100th message counter is activated.
Measurement 1/3 complete in 3 second(s).
node starts running at 51.0255
node starts running at 51.0267
++++ frame_probe ID: 850 receives a frame at time 51.109s ++++
INFO: Detected an invalid packet at item 0
INFO: Parser returned #f
++++ frame_probe ID: 860 receives a frame at time 51.1558s ++++
++++ frame_probe ID: 1010 receives a frame at time generated random number is0.322451.1604 and the threshold is s ++++
0.2. bad luck and try next time. 
++++ frame_probe ID: 850 receives a frame at time 51.2906s ++++
INFO: Detected an invalid packet at item 64
INFO: Parser returned #f
++++ frame_probe ID: 860 receives a frame at time 51.3316s ++++
++++ frame_probe ID: 1010 receives a frame at time 51.3429s ++++generated random number is
the 1018th message counter data_frame_not_filtered has been visited 0.1019331 times  
 and the threshold is 0.2. good luck. 
Measurement 1/3 complete in 2 second(s).
++++ frame_probe ID: 890 receives a frame at time 51.37s ++++
the 100th message counter  has been visited 1 times  
++++ frame_probe ID: 850 receives a frame at time 51.4514s ++++
INFO: Detected an invalid packet at item 160
INFO: Parser returned #f
++++ frame_probe ID: 860 receives a frame at time 51.4921s ++++
++++ frame_probe ID: 1010 receives a frame at time 51.4962s ++++
generated random number is0.467275 and the threshold is 0.2. bad luck and try next time. 
++++ frame_probe ID: 850 receives a frame at time 51.622s ++++
INFO: Detected an invalid packet at item 224
INFO: Parser returned #f
++++ frame_probe ID: 860 receives a frame at time 51.6627s ++++
++++ frame_probe ID: 1010 receives a frame at time generated random number is51.6686s ++++
0.745562 and the threshold is 0.2. bad luck and try next time. 
++++ frame_probe ID: 850 receives a frame at time 51.7923s ++++
INFO: Detected an invalid packet at item 288
INFO: Parser returned #f
++++ frame_probe ID: 860 receives a frame at time 51.833s ++++
++++ frame_probe ID: 1010 receives a frame at time generated random number is0.91542951.8419 and the threshold is s ++++0.2. bad luck and try next time. 

++++ frame_probe ID: 850 receives a frame at time 51.9729s ++++
INFO: Detected an invalid packet at item 352
INFO: Parser returned #f
++++ frame_probe ID: 860 receives a frame at time 52.0136s ++++
++++ frame_probe ID: 1010 receives a frame at time generated random number is0.29094752.0243s ++++ and the threshold is 0.2. bad luck and try next time. 

++++ frame_probe ID: 850 receives a frame at time 52.1432s ++++
INFO: Detected an invalid packet at item 416
INFO: Parser returned #f
++++ frame_probe ID: 860 receives a frame at time 52.1839s ++++
++++ frame_probe ID: 1010 receives a frame at time 52.1868s ++++
generated random number is0.934129 and the threshold is 0.2. bad luck and try next time. 
Measurement 1/3 complete in 1 second(s).
++++ frame_probe ID: 850 receives a frame at time 52.3989s ++++
INFO: Detected an invalid packet at item 480
INFO: Parser returned #f
++++ frame_probe ID: 860 receives a frame at time 52.4396s ++++
++++ frame_probe ID: 1010 receives a frame at time generated random number is0.74469552.4463 and the threshold is s ++++0.2. bad luck and try next time. 

++++ frame_probe ID: 850 receives a frame at time 52.6151s ++++
INFO: Detected an invalid packet at item 544
INFO: Parser returned #f
++++ frame_probe ID: 860 receives a frame at time 52.6557s ++++
++++ frame_probe ID: 1010 receives a frame at time generated random number is0.56518552.6669 and the threshold is s ++++0.2. bad luck and try next time. 

++++ frame_probe ID: 850 receives a frame at time 52.7855s ++++
INFO: Detected an invalid packet at item 608
INFO: Parser returned #f
++++ frame_probe ID: 860 receives a frame at time 52.8262s ++++
++++ frame_probe ID: 1010 receives a frame at time 52.8302s ++++
generated random number isthe 1018th message counter data_frame_not_filtered has been visited 2 times  
0.0916905 and the threshold is 0.2. good luck. 
++++ frame_probe ID: 890 receives a frame at time 52.8487s ++++
the 100th message counter  has been visited 2 times  
++++ frame_probe ID: 850 receives a frame at time 52.9643s ++++
INFO: Detected an invalid packet at item 704
INFO: Parser returned #f
++++ frame_probe ID: 860 receives a frame at time 53.005s ++++
++++ frame_probe ID: 1010 receives a frame at time generated random number is0.89812453.0126s ++++ and the threshold is 
0.2. bad luck and try next time. 
++++ frame_probe ID: 850 receives a frame at time 53.1395s ++++
INFO: Detected an invalid packet at item 768
INFO: Parser returned #f
++++ frame_probe ID: 860 receives a frame at time 53.1802s ++++
++++ frame_probe ID: 1010 receives a frame at time 53.1859s ++++
generated random number isthe 1018th message counter data_frame_not_filtered has been visited 3 times  
5.70635e-05 and the threshold is 0.2. good luck. 
++++ frame_probe ID: 890 receives a frame at time 53.2124s ++++
the 100th message counter  has been visited 3 times  
++++ frame_probe ID: 850 receives a frame at time 53.3047s ++++
INFO: Detected an invalid packet at item 864
INFO: Parser returned #f
++++ frame_probe ID: 860 receives a frame at time 53.3454s ++++
++++ frame_probe ID: 1010 receives a frame at time 53.3484s ++++
generated random number is0.947487 and the threshold is 0.2. bad luck and try next time. 
Measurement 1 raw data directory created /home/inets/0_ba/bachelor_thesis/measurements/debug/data/32/1/.
'/home/inets/source/gr-inets/results/receiver_data_received.txt' -> '/home/inets/0_ba/bachelor_thesis/measurements/debug/data/32/1/receiver_data_received.txt'
'/home/inets/source/gr-inets/results/sender_ack_received.txt' -> '/home/inets/0_ba/bachelor_thesis/measurements/debug/data/32/1/sender_ack_received.txt'
'/home/inets/source/gr-inets/results/sender_bfr_dq.txt' -> '/home/inets/0_ba/bachelor_thesis/measurements/debug/data/32/1/sender_bfr_dq.txt'
'/home/inets/source/gr-inets/results/sender_data_sent.txt' -> '/home/inets/0_ba/bachelor_thesis/measurements/debug/data/32/1/sender_data_sent.txt'
Measurement 1 raw data moved to /home/inets/0_ba/bachelor_thesis/measurements/debug/data/32/1/.

Measurement 2/3 complete in 5 second(s).
linux; GNU C++ version 5.4.0 20160609; Boost_105800; UHD_003.009.005-45-g6768a615
linux; GNU C++ version 5.4.0 20160609; Boost_105800; UHD_003.009.005-45-g6768a615


Using Volk machine: avx_64_mmx
-- Opening a USRP2/N-Series device...
Using Volk machine: avx_64_mmx
-- Opening a USRP2/N-Series device...
-- Current recv frame size: 1472 bytes
-- Current recv frame size: 1472 bytes
-- Current send frame size: 1472 bytes
-- Current send frame size: 1472 bytes
Measurement 2/3 complete in 4 second(s).
develop_mode of random_filter ID: 1015 is activated.
the 1018th message counter is activated.
the 1080th message counter is activated.
the 100th message counter is activated.
the 100th message counter is activated.
Measurement 2/3 complete in 3 second(s).
node starts running at 55.8409
node starts running at 55.8555
++++ frame_probe ID: 850 receives a frame at time 55.9513s ++++
INFO: Detected an invalid packet at item 0
INFO: Parser returned #f
++++ frame_probe ID: 860 receives a frame at time 55.9923s ++++
++++ frame_probe ID: 1010 receives a frame at time generated random number is55.9953s ++++
the 1018th message counter data_frame_not_filtered has been visited 1 times  0.0307632
 and the threshold is 0.2. good luck. 
++++ frame_probe ID: 890 receives a frame at time 56.019s ++++
the 100th message counter  has been visited 1 times  
++++ frame_probe ID: 850 receives a frame at time 56.0965s ++++
INFO: Detected an invalid packet at item 96
INFO: Parser returned #f
++++ frame_probe ID: 860 receives a frame at time 56.1372s ++++
++++ frame_probe ID: 1010 receives a frame at time generated random number isthe 1018th message counter data_frame_not_filtered has been visited 2 times  
56.1496s ++++
0.0456204 and the threshold is 0.2. good luck. 
++++ frame_probe ID: 890 receives a frame at time 56.1732s ++++
the 100th message counter  has been visited 2 times  
Measurement 2/3 complete in 2 second(s).
++++ frame_probe ID: 850 receives a frame at time 56.3728s ++++
INFO: Detected an invalid packet at item 192
INFO: Parser returned #f
++++ frame_probe ID: 860 receives a frame at time 56.4137s ++++
++++ frame_probe ID: 1010 receives a frame at time generated random number is56.4184s ++++
0.646684 and the threshold is 0.2. bad luck and try next time. 
++++ frame_probe ID: 850 receives a frame at time 56.5436s ++++
INFO: Detected an invalid packet at item 256
INFO: Parser returned #f
++++ frame_probe ID: 860 receives a frame at time 56.5843s ++++
++++ frame_probe ID: 1010 receives a frame at time generated random number is0.628997 and the threshold is 56.5907s ++++
0.2. bad luck and try next time. 
++++ frame_probe ID: 850 receives a frame at time 56.7191s ++++
INFO: Detected an invalid packet at item 320
INFO: Parser returned #f
++++ frame_probe ID: 860 receives a frame at time 56.7597s ++++
++++ frame_probe ID: 1010 receives a frame at time 56.7631s ++++
generated random number is0.784196 and the threshold is 0.2. bad luck and try next time. 
++++ frame_probe ID: 850 receives a frame at time 56.9097s ++++
INFO: Detected an invalid packet at item 384
INFO: Parser returned #f
++++ frame_probe ID: 860 receives a frame at time 56.9504s ++++
++++ frame_probe ID: 1010 receives a frame at time 56.9555s ++++
generated random number isthe 1018th message counter data_frame_not_filtered has been visited 3 times  
0.0374682 and the threshold is 0.2. good luck. 
++++ frame_probe ID: 890 receives a frame at time 56.9791s ++++
the 100th message counter  has been visited 3 times  
++++ frame_probe ID: 850 receives a frame at time 57.0695s ++++
INFO: Detected an invalid packet at item 480
INFO: Parser returned #f
++++ frame_probe ID: 860 receives a frame at time 57.1101s ++++
++++ frame_probe ID: 1010 receives a frame at time generated random number is0.59016557.1179 and the threshold is s ++++0.2. bad luck and try next time. 

++++ frame_probe ID: 850 receives a frame at time 57.2399s ++++
INFO: Detected an invalid packet at item 544
INFO: Parser returned #f
++++ frame_probe ID: 860 receives a frame at time 57.2806s ++++
++++ frame_probe ID: 1010 receives a frame at time generated random number isthe 1018th message counter data_frame_not_filtered has been visited 4 times  
57.29130.0814343 and the threshold is 0.2. good luck. 
s ++++
++++ frame_probe ID: 890 receives a frame at time 57.3149s ++++
Measurement 2/3 complete in 1 second(s).
the 100th message counter  has been visited 4 times  
++++ frame_probe ID: 850 receives a frame at time 57.4004s ++++
INFO: Detected an invalid packet at item 640
INFO: Parser returned #f
++++ frame_probe ID: 860 receives a frame at time 57.4411s ++++
++++ frame_probe ID: 1010 receives a frame at time 57.4446s ++++
generated random number is0.381463 and the threshold is 0.2. bad luck and try next time. 
++++ frame_probe ID: 850 receives a frame at time 57.5706s ++++
INFO: Detected an invalid packet at item 704
INFO: Parser returned #f
++++ frame_probe ID: 860 receives a frame at time 57.6113s ++++
++++ frame_probe ID: 1010 receives a frame at time generated random number is57.617s ++++
0.209875 and the threshold is 0.2. bad luck and try next time. 
++++ frame_probe ID: 850 receives a frame at time 57.7426s ++++
INFO: Detected an invalid packet at item 768
INFO: Parser returned #f
++++ frame_probe ID: 860 receives a frame at time 57.7834s ++++
++++ frame_probe ID: 1010 receives a frame at time generated random number is57.79040.812648s ++++ and the threshold is 
0.2. bad luck and try next time. 
++++ frame_probe ID: 850 receives a frame at time 57.9181s ++++
INFO: Detected an invalid packet at item 832
INFO: Parser returned #f
++++ frame_probe ID: 860 receives a frame at time 57.9588s ++++
++++ frame_probe ID: 1010 receives a frame at time 57.9628s ++++
generated random number is0.857594 and the threshold is 0.2. bad luck and try next time. 
++++ frame_probe ID: 850 receives a frame at time 58.1436s ++++
INFO: Detected an invalid packet at item 896
INFO: Parser returned #f
++++ frame_probe ID: 860 receives a frame at time 58.1842s ++++
++++ frame_probe ID: 1010 receives a frame at time 58.1933s ++++
generated random number is0.0795198 and the threshold is 0.2. good luck. 
the 1018th message counter data_frame_not_filtered has been visited 5 times  
++++ frame_probe ID: 890 receives a frame at time 58.2169s ++++
the 100th message counter  has been visited 5 times  
++++ frame_probe ID: 850 receives a frame at time 58.3175s ++++
INFO: Detected an invalid packet at item 992
INFO: Parser returned #f
++++ frame_probe ID: 860 receives a frame at time 58.3582s ++++
++++ frame_probe ID: 1010 receives a frame at time generated random number is58.3657s ++++
0.753492 and the threshold is 0.2. bad luck and try next time. 
Measurement 2 raw data directory created /home/inets/0_ba/bachelor_thesis/measurements/debug/data/32/2/.
'/home/inets/source/gr-inets/results/receiver_data_received.txt' -> '/home/inets/0_ba/bachelor_thesis/measurements/debug/data/32/2/receiver_data_received.txt'
'/home/inets/source/gr-inets/results/sender_ack_received.txt' -> '/home/inets/0_ba/bachelor_thesis/measurements/debug/data/32/2/sender_ack_received.txt'
'/home/inets/source/gr-inets/results/sender_bfr_dq.txt' -> '/home/inets/0_ba/bachelor_thesis/measurements/debug/data/32/2/sender_bfr_dq.txt'
'/home/inets/source/gr-inets/results/sender_data_sent.txt' -> '/home/inets/0_ba/bachelor_thesis/measurements/debug/data/32/2/sender_data_sent.txt'
Measurement 2 raw data moved to /home/inets/0_ba/bachelor_thesis/measurements/debug/data/32/2/.

Measurement 3/3 complete in 5 second(s).
linux; GNU C++ version 5.4.0 20160609; Boost_105800; UHD_003.009.005-45-g6768a615

linux; GNU C++ version 5.4.0 20160609; Boost_105800; UHD_003.009.005-45-g6768a615

Using Volk machine: avx_64_mmx
-- Opening a USRP2/N-Series device...
Using Volk machine: avx_64_mmx
-- Opening a USRP2/N-Series device...
-- Current recv frame size: 1472 bytes
-- Current send frame size: 1472 bytes
-- Current recv frame size: 1472 bytes
-- Current send frame size: 1472 bytes
Measurement 3/3 complete in 4 second(s).
develop_mode of random_filter ID: 1015 is activated.
the 1018th message counter is activated.
the 1080th message counter is activated.
the 100th message counter is activated.
the 100th message counter is activated.
Measurement 3/3 complete in 3 second(s).
node starts running at 60.7962
node starts running at 60.8053
++++ frame_probe ID: 850 receives a frame at time 60.9656s ++++
INFO: Detected an invalid packet at item 0
INFO: Parser returned #f
++++ frame_probe ID: 860 receives a frame at time 61.0063s ++++
++++ frame_probe ID: 1010 receives a frame at time 61.0102s ++++
the 1018th message counter data_frame_not_filtered has been visited 1 times  
generated random number is0.0477908 and the threshold is 0.2. good luck. 
++++ frame_probe ID: 890 receives a frame at time 61.0309s ++++
the 100th message counter  has been visited 1 times  
++++ frame_probe ID: 850 receives a frame at time 61.2641s ++++
INFO: Detected an invalid packet at item 96
INFO: Parser returned #f
++++ frame_probe ID: 860 receives a frame at time 61.3048s ++++
++++ frame_probe ID: 1010 receives a frame at time 61.3078s ++++
the 1018th message counter data_frame_not_filtered has been visited 2 times  
generated random number is0.133964 and the threshold is 0.2. good luck. 
++++ frame_probe ID: 890 receives a frame at time 61.3285s ++++
Measurement 3/3 complete in 2 second(s).
the 100th message counter  has been visited 2 times  
++++ frame_probe ID: 850 receives a frame at time 61.4199s ++++
INFO: Detected an invalid packet at item 192
INFO: Parser returned #f
++++ frame_probe ID: 860 receives a frame at time 61.4606s ++++
++++ frame_probe ID: 1010 receives a frame at time generated random number is61.4712s ++++
0.662074 and the threshold is 0.2. bad luck and try next time. 
++++ frame_probe ID: 850 receives a frame at time 61.5902s ++++
INFO: Detected an invalid packet at item 256
INFO: Parser returned #f
++++ frame_probe ID: 860 receives a frame at time 61.631s ++++
++++ frame_probe ID: 1010 receives a frame at time 61.6336s ++++
generated random number is0.390446 and the threshold is 0.2. bad luck and try next time. 
++++ frame_probe ID: 850 receives a frame at time 61.7755s ++++
INFO: Detected an invalid packet at item 320
INFO: Parser returned #f
++++ frame_probe ID: 860 receives a frame at time 61.8161s ++++
++++ frame_probe ID: 1010 receives a frame at time generated random number is0.87403361.826 and the threshold is s ++++0.2. bad luck and try next time. 

++++ frame_probe ID: 850 receives a frame at time 61.9659s ++++
INFO: Detected an invalid packet at item 384
INFO: Parser returned #f
++++ frame_probe ID: 860 receives a frame at time 62.0066s ++++
++++ frame_probe ID: 1010 receives a frame at time generated random number is0.842144 and the threshold is 62.0175s ++++0.2. bad luck and try next time. 

++++ frame_probe ID: 850 receives a frame at time 62.1866s ++++
INFO: Detected an invalid packet at item 448
INFO: Parser returned #f
++++ frame_probe ID: 860 receives a frame at time 62.2272s ++++
++++ frame_probe ID: 1010 receives a frame at time generated random number is62.2389s ++++
0.400272 and the threshold is 0.2. bad luck and try next time. 
Measurement 3/3 complete in 1 second(s).
++++ frame_probe ID: 850 receives a frame at time 62.3918s ++++
INFO: Detected an invalid packet at item 512
INFO: Parser returned #f
++++ frame_probe ID: 860 receives a frame at time 62.4325s ++++
++++ frame_probe ID: 1010 receives a frame at time generated random number is0.25526162.4404s ++++ and the threshold is 0.2
. bad luck and try next time. 
++++ frame_probe ID: 850 receives a frame at time 62.8223s ++++
INFO: Detected an invalid packet at item 576
INFO: Parser returned #f
++++ frame_probe ID: 860 receives a frame at time 62.8631s ++++
++++ frame_probe ID: 1010 receives a frame at time generated random number isthe 62.87231018th message counter s ++++data_frame_not_filtered has been visited 3 times  

0.0721361 and the threshold is 0.2. good luck. 
++++ frame_probe ID: 890 receives a frame at time 62.894s ++++
the 100th message counter  has been visited 3 times  
++++ frame_probe ID: 850 receives a frame at time 62.9674s ++++
INFO: Detected an invalid packet at item 672
INFO: Parser returned #f
++++ frame_probe ID: 860 receives a frame at time 63.008s ++++
++++ frame_probe ID: 1010 receives a frame at time generated random number isthe 63.01661018th message counter s ++++data_frame_not_filtered has been visited 4 times  

0.0026708 and the threshold is 0.2. good luck. 
++++ frame_probe ID: 890 receives a frame at time 63.0374s ++++
the 100th message counter  has been visited 4 times  
++++ frame_probe ID: 850 receives a frame at time 63.1308s ++++
INFO: Detected an invalid packet at item 768
INFO: Parser returned #f
++++ frame_probe ID: 860 receives a frame at time 63.1714s ++++
++++ frame_probe ID: 1010 receives a frame at time the generated random number is1018th message counter data_frame_not_filtered has been visited 5 times  
63.1791s ++++
0.147183 and the threshold is 0.2. good luck. 
++++ frame_probe ID: 890 receives a frame at time 63.2007s ++++
the 100th message counter  has been visited 5 times  
++++ frame_probe ID: 850 receives a frame at time 63.3152s ++++
INFO: Detected an invalid packet at item 864
INFO: Parser returned #f
++++ frame_probe ID: 860 receives a frame at time 63.356s ++++
++++ frame_probe ID: 1010 receives a frame at time 63.3615s ++++
generated random number is0.858796 and the threshold is 0.2. bad luck and try next time. 
Measurement 3 raw data directory created /home/inets/0_ba/bachelor_thesis/measurements/debug/data/32/3/.
'/home/inets/source/gr-inets/results/receiver_data_received.txt' -> '/home/inets/0_ba/bachelor_thesis/measurements/debug/data/32/3/receiver_data_received.txt'
'/home/inets/source/gr-inets/results/sender_ack_received.txt' -> '/home/inets/0_ba/bachelor_thesis/measurements/debug/data/32/3/sender_ack_received.txt'
'/home/inets/source/gr-inets/results/sender_bfr_dq.txt' -> '/home/inets/0_ba/bachelor_thesis/measurements/debug/data/32/3/sender_bfr_dq.txt'
'/home/inets/source/gr-inets/results/sender_data_sent.txt' -> '/home/inets/0_ba/bachelor_thesis/measurements/debug/data/32/3/sender_data_sent.txt'
Measurement 3 raw data moved to /home/inets/0_ba/bachelor_thesis/measurements/debug/data/32/3/.

Now processing results...
Plotting Python should be: python3 (UBUNTU).
Hello from retransmissions.py!
Hello from variables.py!
File /home/inets/0_ba/bachelor_thesis/measurements/debug/data/32/1/sender_retransmissions.txt not found. Assuming not reached in GR.
File /home/inets/0_ba/bachelor_thesis/measurements/debug/data/32/1/sender_max_retransmissions.txt not found. Assuming not reached in GR.
File /home/inets/0_ba/bachelor_thesis/measurements/debug/data/32/1/invalid_file.txt not found. Assuming not reached in GR.
File /home/inets/0_ba/bachelor_thesis/measurements/debug/data/32/1/invalid_file_2.txt not found. Assuming not reached in GR.
File /home/inets/0_ba/bachelor_thesis/measurements/debug/data/32/2/sender_retransmissions.txt not found. Assuming not reached in GR.
File /home/inets/0_ba/bachelor_thesis/measurements/debug/data/32/2/sender_max_retransmissions.txt not found. Assuming not reached in GR.
File /home/inets/0_ba/bachelor_thesis/measurements/debug/data/32/2/invalid_file.txt not found. Assuming not reached in GR.
File /home/inets/0_ba/bachelor_thesis/measurements/debug/data/32/2/invalid_file_2.txt not found. Assuming not reached in GR.
File /home/inets/0_ba/bachelor_thesis/measurements/debug/data/32/3/sender_retransmissions.txt not found. Assuming not reached in GR.
File /home/inets/0_ba/bachelor_thesis/measurements/debug/data/32/3/sender_max_retransmissions.txt not found. Assuming not reached in GR.
File /home/inets/0_ba/bachelor_thesis/measurements/debug/data/32/3/invalid_file.txt not found. Assuming not reached in GR.
File /home/inets/0_ba/bachelor_thesis/measurements/debug/data/32/3/invalid_file_2.txt not found. Assuming not reached in GR.
0.0
0.0
0.0
Hello from myplot.py!
I will print a pdf for you now!
0.0
0.0
0.0
Hello from myplot.py!
I will print a pdf for you now!
0.0
0.0
0.0
Hello from myplot.py!
I will print a pdf for you now!
0.0
0.0
0.0
Hello from myplot.py!
I will print a pdf for you now!
0.0
0.0
0.0
Hello from myplot.py!
I will print a cdf for you now!
<a list of 1 Patch objects>
0.0
0.0
0.0
Hello from myplot.py!
I will print a cdf for you now!
<a list of 1 Patch objects>
0.0
0.0
0.0
Hello from myplot.py!
I will print a cdf for you now!
<a list of 1 Patch objects>
0.0
0.0
0.0
Hello from myplot.py!
I will print a cdf for you now!
<a list of 1 Patch objects>
0.0
0.0
0.0
Hello from myplot.py!
I will print a boxplot for you now!
0.0
0.0
0.0
Hello from myplot.py!
I will print a boxplot for you now!
0.0
0.0
0.0
Hello from myplot.py!
I will print a boxplot for you now!
0.0
0.0
0.0
Hello from myplot.py!
I will print a boxplot for you now!
0.0
0.0
0.0
Hello from myplot.py!
I will print a bar for you now!
0.0
0.0
0.0
Hello from myplot.py!
I will print a bar for you now!
0.0
0.0
0.0
Hello from myplot.py!
I will print a bar for you now!
0.0
0.0
0.0
Hello from myplot.py!
I will print a bar for you now!

+--------------------------------------------------------------+
| Plotting completed. Until the next measurement session then! |
+--------------------------------------------------------------+
