measurement 1/2 complete in 20 second(s).
linux; GNU C++ version 5.4.0 20160609; Boost_105800; UHD_003.009.005-45-g6768a615
linux; GNU C++ version 5.4.0 20160609; Boost_105800; UHD_003.009.005-45-g6768a615


Using Volk machine: avx_64_mmx
-- Opening a USRP2/N-Series device...
Using Volk machine: avx_64_mmx
-- Opening a USRP2/N-Series device...
-- Current recv frame size: 1472 bytes
-- Current send frame size: 1472 bytes
-- Current recv frame size: 1472 bytes
-- Current send frame size: 1472 bytes
measurement 1/2 complete in 19 second(s).
develop mode of resend_check ID: 24 is activated.
develop mode of resend_check ID: 24 is activated.
the 100th message counter is activated.
the 880th message counter is activated.
the 100th message counter is activated.
measurement 1/2 complete in 18 second(s).
node starts running at 81.5736
node starts running at 81.5818
++++ frame_probe ID: 1050 receives a frame at time 81.609s ++++
++++ frame_probe ID: 1060 receives a frame at time 81.6501s ++++
++++ frame_probe ID: 882 receives a frame at time 81.6543s ++++
++++ frame_probe ID: 883 receives a frame at time 81.6544s ++++
++++ frame_probe ID: 884 receives a frame at time 81.6544s ++++
++++ frame_probe ID: 890 receives a frame at time 81.6545s ++++
INFO: Detected an invalid packet at item 0
INFO: Parser returned #f
++++ frame_probe ID: 860 receives a frame at time 81.6649s ++++
INFO: Detected an invalid packet at item 32
INFO: Parser returned #f
++++ frame_probe ID: 882 receives a frame at time 81.6739s ++++
++++ frame_probe ID: 1082 receives a frame at time 81.6757s ++++
++++ frame_probe ID: 1083 receives a frame at time 81.6758s ++++
counter results at time 2481.68 is 0
++++ frame_probe ID: 1090 receives a frame at time ++++ frame_probe ID: 1084 receives a frame at time 81.6759s ++++
81.6759s ++++
measurement 1/2 complete in 17 second(s).
measurement 1/2 complete in 16 second(s).
the 100th message counter node3_acked has been visited 1 times  
++++ frame_probe ID: 1050 receives a frame at time 83.2032s ++++
++++ frame_probe ID: 1060 receives a frame at time 83.2441s ++++
++++ frame_probe ID: 882 receives a frame at time 83.2477s ++++
++++ frame_probe ID: 883 receives a frame at time 83.2478s ++++
++++ frame_probe ID: 884 receives a frame at time 83.2478s ++++
++++ frame_probe ID: 890 receives a frame at time 83.2479s ++++
INFO: Detected an invalid packet at item 64
INFO: Parser returned #f
INFO: Detected an invalid packet at item 96
INFO: Parser returned #f
++++ frame_probe ID: 860 receives a frame at time 83.2581s ++++
INFO: Detected an invalid packet at item 128
INFO: Parser returned #f
++++ frame_probe ID: 882 receives a frame at time 83.2669s ++++
++++ frame_probe ID: 1082 receives a frame at time 83.269s ++++
++++ frame_probe ID: 1083 receives a frame at time 83.2691s ++++
++++ frame_probe ID: 1084 receives a frame at time 83.2691s ++++
counter results at time 2483.27 is 0
++++ frame_probe ID: 1090 receives a frame at time 83.2692s ++++
the 100th message counter node3_acked has been visited 2 times  
++++ frame_probe ID: 1050 receives a frame at time 83.5305s ++++
++++ frame_probe ID: 1060 receives a frame at time 83.5714s ++++
INFO: Detected an invalid packet at item 192
INFO: Parser returned #f
++++ frame_probe ID: 882 receives a frame at time 83.5835s ++++
++++ frame_probe ID: 883 receives a frame at time 83.5836s ++++
++++ frame_probe ID: 884 receives a frame at time 83.5836s ++++
++++ frame_probe ID: 890 receives a frame at time 83.5837s ++++
++++ frame_probe ID: 860 receives a frame at time 83.594s ++++
++++ frame_probe ID: 882 receives a frame at time 83.6029s ++++
++++ frame_probe ID: 1082 receives a frame at time 83.6052s ++++
++++ frame_probe ID: 1083 receives a frame at time 83.6052s ++++
++++ frame_probe ID: 1084 receives a frame at time 83.6053s ++++
counter results at time 2483.61 is 0
++++ frame_probe ID: 1090 receives a frame at time 83.6053s ++++
measurement 1/2 complete in 15 second(s).
the 100th message counter node3_acked has been visited 3 times  
++++ frame_probe ID: 1050 receives a frame at time 85.0786s ++++
++++ frame_probe ID: 1060 receives a frame at time 85.1195s ++++
++++ frame_probe ID: 882 receives a frame at time 85.1289s ++++
++++ frame_probe ID: 883 receives a frame at time 85.129s ++++
++++ frame_probe ID: 884 receives a frame at time 85.129s ++++
++++ frame_probe ID: 890 receives a frame at time 85.1291s ++++
INFO: Detected an invalid packet at item 256
INFO: Parser returned #f
++++ frame_probe ID: 860 receives a frame at time 85.1394s ++++
INFO: Detected an invalid packet at item 288
INFO: Parser returned #f
++++ frame_probe ID: 882 receives a frame at time 85.1483s ++++
++++ frame_probe ID: 1082 receives a frame at time 85.1504s ++++
++++ frame_probe ID: 1083 receives a frame at time 85.1505s ++++
++++ frame_probe ID: 1084 receives a frame at time 85.1505s ++++
counter results at time ++++ frame_probe ID: 10902485.15 receives a frame at time  is 0
85.1506s ++++
measurement 1/2 complete in 14 second(s).
the 100th message counter node3_acked has been visited 4 times  
++++ frame_probe ID: 1050 receives a frame at time 85.6339s ++++
++++ frame_probe ID: 1060 receives a frame at time 85.6748s ++++
++++ frame_probe ID: 882 receives a frame at time 85.6861s ++++
++++ frame_probe ID: 883 receives a frame at time 85.6861s ++++
++++ frame_probe ID: 884 receives a frame at time 85.6862s ++++
++++ frame_probe ID: 890 receives a frame at time 85.6862s ++++
++++ frame_probe ID: 860 receives a frame at time 85.6967s ++++
INFO: Detected an invalid packet at item 352
INFO: Parser returned #f
++++ frame_probe ID: 882 receives a frame at time 85.7054s ++++
++++ frame_probe ID: 1082 receives a frame at time 85.7077s ++++
++++ frame_probe ID: 1083 receives a frame at time 85.7077s ++++
++++ frame_probe ID: 1084 receives a frame at time 85.7078s ++++
counter results at time 2485.71 is 0
++++ frame_probe ID: 1090 receives a frame at time 85.7078s ++++
measurement 1/2 complete in 13 second(s).
measurement 1/2 complete in 12 second(s).
measurement 1/2 complete in 11 second(s).
the 100th message counter node3_acked has been visited 5 times  
++++ frame_probe ID: 1050 receives a frame at time 88.4712s ++++
++++ frame_probe ID: 1060 receives a frame at time 88.5123s ++++
++++ frame_probe ID: 882 receives a frame at time 88.5175s ++++
++++ frame_probe ID: 883 receives a frame at time 88.5176s ++++
++++ frame_probe ID: 884 receives a frame at time 88.5176s ++++
++++ frame_probe ID: 890 receives a frame at time 88.5177s ++++
INFO: Detected an invalid packet at item 416
INFO: Parser returned #f
++++ frame_probe ID: 860 receives a frame at time 88.528s ++++
INFO: Detected an invalid packet at item 448
INFO: Parser returned #f
INFO: Detected an invalid packet at item 384
INFO: Parser returned #f
++++ frame_probe ID: 882 receives a frame at time 88.5374s ++++
++++ frame_probe ID: 1082 receives a frame at time 88.539s ++++
++++ frame_probe ID: 1083 receives a frame at time 88.5391s ++++
counter results at time ++++ frame_probe ID: 1084 receives a frame at time ++++ frame_probe ID: 88.53912488.54s ++++1090 is 
 receives a frame at time 088.5391s ++++

the 100th message counter node3_acked has been visited 6 times  
++++ frame_probe ID: 1050 receives a frame at time 88.6385s ++++
++++ frame_probe ID: 1060 receives a frame at time 88.6793s ++++
++++ frame_probe ID: 882 receives a frame at time 88.69s ++++
++++ frame_probe ID: 883 receives a frame at time 88.69s ++++
++++ frame_probe ID: 884 receives a frame at time 88.69s ++++
++++ frame_probe ID: 890 receives a frame at time 88.6901s ++++
++++ frame_probe ID: 860 receives a frame at time 88.7003s ++++
INFO: Detected an invalid packet at item 480
INFO: Parser returned #f
++++ frame_probe ID: 882 receives a frame at time 88.71s ++++
++++ frame_probe ID: 1082 receives a frame at time 88.7114s ++++
++++ frame_probe ID: 1083 receives a frame at time 88.7115s ++++
++++ frame_probe ID: 1084 receives a frame at time 88.7115s ++++
counter results at time ++++ frame_probe ID: 1090 receives a frame at time 2488.71 is 0
88.7115s ++++
measurement 1/2 complete in 10 second(s).
measurement 1/2 complete in 9 second(s).
the 100th message counter node3_acked has been visited 7 times  
++++ frame_probe ID: 1050 receives a frame at time 90.3769s ++++
++++ frame_probe ID: 1060 receives a frame at time 90.418s ++++
++++ frame_probe ID: 882 receives a frame at time 90.4273s ++++
++++ frame_probe ID: 883 receives a frame at time 90.4274s ++++
++++ frame_probe ID: 884 receives a frame at time 90.4274s ++++
++++ frame_probe ID: 890 receives a frame at time 90.4275s ++++
INFO: Detected an invalid packet at item 544
INFO: Parser returned #f
++++ frame_probe ID: 860 receives a frame at time 90.4377s ++++
INFO: Detected an invalid packet at item 576
INFO: Parser returned #f
++++ frame_probe ID: 882 receives a frame at time 90.4469s ++++
++++ frame_probe ID: 1082 receives a frame at time 90.4485s ++++
++++ frame_probe ID: 1083 receives a frame at time 90.4485s ++++
++++ frame_probe ID: 1084 receives a frame at time 90.4486s ++++
counter results at time 2490.45 is 0
++++ frame_probe ID: 1090 receives a frame at time 90.4487s ++++
measurement 1/2 complete in 8 second(s).
the 100th message counter node3_acked has been visited 8 times  
++++ frame_probe ID: 1050 receives a frame at time 92.138s ++++
++++ frame_probe ID: 1060 receives a frame at time 92.1789s ++++
++++ frame_probe ID: 882 receives a frame at time 92.1838s ++++
++++ frame_probe ID: 883 receives a frame at time 92.1839s ++++
++++ frame_probe ID: 884 receives a frame at time 92.1839s ++++
++++ frame_probe ID: 890 receives a frame at time 92.184s ++++
measurement 1/2 complete in 7 second(s).
++++ frame_probe ID: 860 receives a frame at time 92.1941s ++++
INFO: Detected an invalid packet at item 640
INFO: Parser returned #f
++++ frame_probe ID: 882 receives a frame at time 92.2041s ++++
++++ frame_probe ID: 1082 receives a frame at time 92.2055s ++++
++++ frame_probe ID: 1083 receives a frame at time 92.2055s ++++
++++ frame_probe ID: 1084 receives a frame at time 92.2055s ++++
counter results at time 2492.21 is 0
++++ frame_probe ID: 1090 receives a frame at time 92.2056s ++++
measurement 1/2 complete in 6 second(s).
the 100th message counter node3_acked has been visited 9 times  
++++ frame_probe ID: 1050 receives a frame at time 93.799s ++++
++++ frame_probe ID: 1060 receives a frame at time 93.8399s ++++
++++ frame_probe ID: 882 receives a frame at time 93.8445s ++++
++++ frame_probe ID: 883 receives a frame at time 93.8446s ++++
++++ frame_probe ID: 884 receives a frame at time 93.8446s ++++
++++ frame_probe ID: 890 receives a frame at time 93.8446s ++++
++++ frame_probe ID: 860 receives a frame at time 93.8549s ++++
INFO: Detected an invalid packet at item 672
INFO: Parser returned #f
++++ frame_probe ID: 882 receives a frame at time 93.8641s ++++
++++ frame_probe ID: 1082 receives a frame at time 93.8661s ++++
++++ frame_probe ID: 1083 receives a frame at time 93.8662s ++++
++++ frame_probe ID: 1084 receives a frame at time 93.8663s ++++
counter results at time ++++ frame_probe ID: 1090 receives a frame at time 2493.87 is 0
93.8663s ++++
the 100th message counter node3_acked has been visited 10 times  
++++ frame_probe ID: 1050 receives a frame at time 94.0677s ++++
++++ frame_probe ID: 1060 receives a frame at time 94.1087s ++++
++++ frame_probe ID: 882 receives a frame at time 94.1131s ++++
++++ frame_probe ID: 883 receives a frame at time 94.1132s ++++
++++ frame_probe ID: 884 receives a frame at time 94.1132s ++++
++++ frame_probe ID: 890 receives a frame at time 94.1133s ++++
++++ frame_probe ID: 860 receives a frame at time 94.1235s ++++
INFO: Detected an invalid packet at item 736
INFO: Parser returned #f
INFO: Detected an invalid packet at item 800
INFO: Parser returned #f
++++ frame_probe ID: 882 receives a frame at time 94.1332s ++++
++++ frame_probe ID: 1082 receives a frame at time 94.1347s ++++
++++ frame_probe ID: 1083 receives a frame at time 94.1347s ++++
++++ frame_probe ID: 1084 receives a frame at time 94.1348s ++++
counter results at time 2494.13 is 0
++++ frame_probe ID: 1090 receives a frame at time 94.1348s ++++
measurement 1/2 complete in 5 second(s).
measurement 1/2 complete in 4 second(s).
the 100th message counter node3_acked has been visited 11 times  
++++ frame_probe ID: 1050 receives a frame at time 95.4523s ++++
++++ frame_probe ID: 1060 receives a frame at time 95.4936s ++++
++++ frame_probe ID: 882 receives a frame at time 95.5044s ++++
++++ frame_probe ID: 883 receives a frame at time 95.5045s ++++
++++ frame_probe ID: 884 receives a frame at time 95.5045s ++++
++++ frame_probe ID: 890 receives a frame at time 95.5046s ++++
++++ frame_probe ID: 860 receives a frame at time 95.5148s ++++
INFO: Detected an invalid packet at item 800
INFO: Parser returned #f
INFO: Detected an invalid packet at item 896
INFO: Parser returned #f
++++ frame_probe ID: 882 receives a frame at time 95.5248s ++++
++++ frame_probe ID: 1082 receives a frame at time 95.5266s ++++
++++ frame_probe ID: 1083 receives a frame at time 95.5266s ++++
++++ frame_probe ID: 1084 receives a frame at time 95.5267s ++++
counter results at time 2495.53 is 0
++++ frame_probe ID: 1090 receives a frame at time 95.5267s ++++
measurement 1/2 complete in 3 second(s).
the 100th message counter node3_acked has been visited 12 times  
measurement 1/2 complete in 2 second(s).
++++ frame_probe ID: 1050 receives a frame at time 97.2041s ++++
++++ frame_probe ID: 1060 receives a frame at time 97.245s ++++
++++ frame_probe ID: 882 receives a frame at time 97.2513s ++++
++++ frame_probe ID: 883 receives a frame at time 97.2513s ++++
++++ frame_probe ID: 884 receives a frame at time 97.2514s ++++
++++ frame_probe ID: 890 receives a frame at time 97.2514s ++++
++++ frame_probe ID: 860 receives a frame at time 97.2618s ++++
INFO: Detected an invalid packet at item 864
INFO: Parser returned #f
INFO: Detected an invalid packet at item 992
INFO: Parser returned #f
++++ frame_probe ID: 882 receives a frame at time 97.2712s ++++
++++ frame_probe ID: 1082 receives a frame at time 97.2734s ++++
++++ frame_probe ID: 1083 receives a frame at time 97.2734s ++++
++++ frame_probe ID: 1084 receives a frame at time 97.2734s ++++
counter results at time 2497.27 is 0
++++ frame_probe ID: 1090 receives a frame at time 97.2735s ++++
measurement 1/2 complete in 1 second(s).
measurement 1 raw data directory created /home/inets/0_ba/bachelor_thesis/measurements/debug/data/236/1/.
'/home/inets/source/gr-inets/results/receiver_ack_sent.txt' -> '/home/inets/0_ba/bachelor_thesis/measurements/debug/data/236/1/receiver_ack_sent.txt'
'/home/inets/source/gr-inets/results/receiver_data_received.txt' -> '/home/inets/0_ba/bachelor_thesis/measurements/debug/data/236/1/receiver_data_received.txt'
'/home/inets/source/gr-inets/results/receiver_frame_anlyzed.txt' -> '/home/inets/0_ba/bachelor_thesis/measurements/debug/data/236/1/receiver_frame_anlyzed.txt'
'/home/inets/source/gr-inets/results/receiver_frame_checked_good.txt' -> '/home/inets/0_ba/bachelor_thesis/measurements/debug/data/236/1/receiver_frame_checked_good.txt'
'/home/inets/source/gr-inets/results/receiver_frame_received.txt' -> '/home/inets/0_ba/bachelor_thesis/measurements/debug/data/236/1/receiver_frame_received.txt'
'/home/inets/source/gr-inets/results/sender_ack_received.txt' -> '/home/inets/0_ba/bachelor_thesis/measurements/debug/data/236/1/sender_ack_received.txt'
'/home/inets/source/gr-inets/results/sender_bfr_dq.txt' -> '/home/inets/0_ba/bachelor_thesis/measurements/debug/data/236/1/sender_bfr_dq.txt'
'/home/inets/source/gr-inets/results/sender_data_sent.txt' -> '/home/inets/0_ba/bachelor_thesis/measurements/debug/data/236/1/sender_data_sent.txt'
'/home/inets/source/gr-inets/results/sender_frame_anlyzed.txt' -> '/home/inets/0_ba/bachelor_thesis/measurements/debug/data/236/1/sender_frame_anlyzed.txt'
'/home/inets/source/gr-inets/results/sender_frame_checked_good.txt' -> '/home/inets/0_ba/bachelor_thesis/measurements/debug/data/236/1/sender_frame_checked_good.txt'
'/home/inets/source/gr-inets/results/sender_frame_received.txt' -> '/home/inets/0_ba/bachelor_thesis/measurements/debug/data/236/1/sender_frame_received.txt'
'/home/inets/source/gr-inets/results/sender_retransmissions.txt' -> '/home/inets/0_ba/bachelor_thesis/measurements/debug/data/236/1/sender_retransmissions.txt'
measurement 1 raw data moved to /home/inets/0_ba/bachelor_thesis/measurements/debug/data/236/1/.

measurement 2/2 complete in 20 second(s).
linux; GNU C++ version 5.4.0 20160609; Boost_105800; UHD_003.009.005-45-g6768a615
linux; GNU C++ version 5.4.0 20160609; Boost_105800; UHD_003.009.005-45-g6768a615


Using Volk machine: avx_64_mmx
-- Opening a USRP2/N-Series device...
Using Volk machine: avx_64_mmx
-- Opening a USRP2/N-Series device...
-- Current recv frame size: 1472 bytes
-- Current send frame size: 1472 bytes
-- Current recv frame size: 1472 bytes
-- Current send frame size: 1472 bytes
measurement 2/2 complete in 19 second(s).
develop mode of resend_check ID: 24 is activated.
develop mode of resend_check ID: 24 is activated.
the 100th message counter is activated.
the 880th message counter is activated.
the 100th message counter is activated.
measurement 2/2 complete in 18 second(s).
node starts running at 1.60589
node starts running at 1.60951
++++ frame_probe ID: 1050 receives a frame at time 1.89846s ++++
++++ frame_probe ID: 1060 receives a frame at time 1.93966s ++++
++++ frame_probe ID: 882 receives a frame at time 1.94458s ++++
++++ frame_probe ID: 883 receives a frame at time 1.94466s ++++
++++ frame_probe ID: 884 receives a frame at time 1.9447s ++++
++++ frame_probe ID: 890 receives a frame at time 1.94474s ++++
++++ frame_probe ID: 860 receives a frame at time 1.9551s ++++
++++ frame_probe ID: 1082 receives a frame at time 1.96422s ++++
++++ frame_probe ID: 1083 receives a frame at time 1.96427s ++++
++++ frame_probe ID: 1084 receives a frame at time 1.96432s ++++
counter results at time 2501.96 is 0
INFO: Detected an invalid packet at item 32
++++ frame_probe ID: 1090 receives a frame at time 1.96436s ++++
INFO: Parser returned #f
++++ frame_probe ID: 882 receives a frame at time 1.96469s ++++
measurement 2/2 complete in 17 second(s).
the 100th message counter node3_acked has been visited 1 times  
++++ frame_probe ID: 1050 receives a frame at time 2.23177s ++++
++++ frame_probe ID: 1060 receives a frame at time 2.27251s ++++
++++ frame_probe ID: 882 receives a frame at time 2.28016s ++++
++++ frame_probe ID: 883 receives a frame at time 2.2802s ++++
++++ frame_probe ID: 884 receives a frame at time 2.28024s ++++
++++ frame_probe ID: 890 receives a frame at time 2.28029s ++++
++++ frame_probe ID: 860 receives a frame at time 2.29061s ++++
++++ frame_probe ID: 882 receives a frame at time 2.29943s ++++
++++ frame_probe ID: 1082 receives a frame at time 2.30045s ++++
++++ frame_probe ID: 1083 receives a frame at time 2.30049s ++++
++++ frame_probe ID: 1084 receives a frame at time 2.30051s ++++
counter results at time ++++ frame_probe ID: 1090 receives a frame at time 2502.3 is 2.300570s ++++

measurement 2/2 complete in 16 second(s).
measurement 2/2 complete in 15 second(s).
measurement 2/2 complete in 14 second(s).
the 100th message counter node3_acked has been visited 2 times  
++++ frame_probe ID: 1050 receives a frame at time 5.31594s ++++
++++ frame_probe ID: 1060 receives a frame at time 5.35668s ++++
++++ frame_probe ID: 882 receives a frame at time 5.36206s ++++
++++ frame_probe ID: 883 receives a frame at time 5.3621s ++++
++++ frame_probe ID: 884 receives a frame at time 5.36214s ++++
++++ frame_probe ID: 890 receives a frame at time 5.36219s ++++
INFO: Detected an invalid packet at item 64
INFO: Parser returned #f
++++ frame_probe ID: 860 receives a frame at time 5.37242s ++++
++++ frame_probe ID: 882 receives a frame at time 5.38142s ++++
++++ frame_probe ID: 1082 receives a frame at time 5.38156s ++++
++++ frame_probe ID: 1083 receives a frame at time 5.3816s ++++
++++ frame_probe ID: 1084 receives a frame at time 5.38163s ++++
counter results at time ++++ frame_probe ID: 1090 receives a frame at time 5.381662505.38s ++++ is 
0
the 100th message counter node3_acked has been visited 3 times  
++++ frame_probe ID: 1050 receives a frame at time 6.15907s ++++
++++ frame_probe ID: 1060 receives a frame at time 6.19989s ++++
++++ frame_probe ID: 882 receives a frame at time 6.2063s ++++
++++ frame_probe ID: 883 receives a frame at time 6.20636s ++++
++++ frame_probe ID: 884 receives a frame at time 6.20638s ++++
++++ frame_probe ID: 890 receives a frame at time 6.20642s ++++
INFO: Detected an invalid packet at item 128
INFO: Parser returned #f
measurement 2/2 complete in 13 second(s).
++++ frame_probe ID: 860 receives a frame at time 6.21669s ++++
INFO: Detected an invalid packet at item 160
INFO: Parser returned #f
INFO: Detected an invalid packet at item 256
INFO: Parser returned #f
++++ frame_probe ID: 882 receives a frame at time 6.22604s ++++
++++ frame_probe ID: 1082 receives a frame at time 6.2265s ++++
++++ frame_probe ID: 1083 receives a frame at time 6.22655s ++++
++++ frame_probe ID: 1084 receives a frame at time 6.22658s ++++
counter results at time ++++ frame_probe ID: 1090 receives a frame at time 2506.236.22663 is s ++++
0
measurement 2/2 complete in 12 second(s).
the 100th message counter node3_acked has been visited 4 times  
++++ frame_probe ID: 1050 receives a frame at time 8.21004s ++++
measurement 2/2 complete in 11 second(s).
++++ frame_probe ID: 1060 receives a frame at time 8.25104s ++++
++++ frame_probe ID: 882 receives a frame at time 8.26087s ++++
++++ frame_probe ID: ++++ frame_probe ID: 884 receives a frame at time 883 receives a frame at time 8.26097s ++++
++++ frame_probe ID: 890 receives a frame at time 8.26102s ++++
8.26097s ++++
INFO: Detected an invalid packet at item 224
INFO: Parser returned #f
INFO: Detected an invalid packet at item 256
++++ frame_probe ID: 860 receives a frame at time 8.27123s ++++
INFO: Parser returned #f
INFO: Detected an invalid packet at item 352
INFO: Parser returned #f
++++ frame_probe ID: 882 receives a frame at time 8.28061s ++++
++++ frame_probe ID: 1082 receives a frame at time 8.28101s ++++
++++ frame_probe ID: 1083 receives a frame at time 8.28106s ++++
++++ frame_probe ID: 1084 receives a frame at time 8.28111s ++++
counter results at time 2508.28 is 0
++++ frame_probe ID: 1090 receives a frame at time 8.28116s ++++
measurement 2/2 complete in 10 second(s).
measurement 2/2 complete in 9 second(s).
the 100th message counter node3_acked has been visited 5 times  
++++ frame_probe ID: 1050 receives a frame at time 10.8345s ++++
++++ frame_probe ID: 1060 receives a frame at time 10.8754s ++++
++++ frame_probe ID: 882 receives a frame at time 10.8815s ++++
++++ frame_probe ID: 883 receives a frame at time 10.8816s ++++
++++ frame_probe ID: 884 receives a frame at time 10.8817s ++++
++++ frame_probe ID: 890 receives a frame at time 10.8817s ++++
++++ frame_probe ID: 860 receives a frame at time 10.8919s ++++
INFO: Detected an invalid packet at item 320
INFO: Parser returned #f
INFO: Detected an invalid packet at item 448
INFO: Parser returned #f
++++ frame_probe ID: 882 receives a frame at time 10.9016s ++++
++++ frame_probe ID: 1082 receives a frame at time 10.902s ++++
++++ frame_probe ID: 1083 receives a frame at time 10.9021s ++++
++++ frame_probe ID: 1084 receives a frame at time 10.9021s ++++
counter results at time 2510.9 is 0
++++ frame_probe ID: 1090 receives a frame at time 10.9022s ++++
measurement 2/2 complete in 8 second(s).
measurement 2/2 complete in 7 second(s).
measurement 2/2 complete in 6 second(s).
the 100th message counter node3_acked has been visited 6 times  
++++ frame_probe ID: 1050 receives a frame at time 13.6055s ++++
++++ frame_probe ID: 1060 receives a frame at time 13.6465s ++++
++++ frame_probe ID: 882 receives a frame at time 13.656s ++++
++++ frame_probe ID: 883 receives a frame at time 13.6561s ++++
++++ frame_probe ID: 884 receives a frame at time 13.6562s ++++
++++ frame_probe ID: 890 receives a frame at time 13.6566s ++++
++++ frame_probe ID: 860 receives a frame at time 13.6666s ++++
INFO: Detected an invalid packet at item 384
INFO: Parser returned #f
++++ frame_probe ID: 882 receives a frame at time 13.6753s ++++
++++ frame_probe ID: 1082 receives a frame at time 13.676s ++++
++++ frame_probe ID: 1083 receives a frame at time 13.6761s ++++
++++ frame_probe ID: 1084 receives a frame at time 13.6761s ++++
counter results at time ++++ frame_probe ID: 2513.681090 is  receives a frame at time 0
13.6761s ++++
measurement 2/2 complete in 5 second(s).
the 100th message counter node3_acked has been visited 7 times  
++++ frame_probe ID: 1050 receives a frame at time 14.5916s ++++
++++ frame_probe ID: 1060 receives a frame at time 14.6325s ++++
++++ frame_probe ID: 882 receives a frame at time 14.6442s ++++
++++ frame_probe ID: 883 receives a frame at time 14.6443s ++++
++++ frame_probe ID: 884 receives a frame at time 14.6443s ++++
++++ frame_probe ID: 890 receives a frame at time 14.6444s ++++
++++ frame_probe ID: 860 receives a frame at time 14.6546s ++++
INFO: Detected an invalid packet at item 448
INFO: Parser returned #f
++++ frame_probe ID: 882 receives a frame at time 14.6635s ++++
++++ frame_probe ID: 1082 receives a frame at time 14.6653s ++++
++++ frame_probe ID: 1083 receives a frame at time 14.6653s ++++
++++ frame_probe ID: 1084 receives a frame at time 14.6654s ++++
counter results at time 2514.67 is 0
++++ frame_probe ID: 1090 receives a frame at time 14.6654s ++++
measurement 2/2 complete in 4 second(s).
measurement 2/2 complete in 3 second(s).
the 100th message counter node3_acked has been visited 8 times  
++++ frame_probe ID: 1050 receives a frame at time 16.3308s ++++
++++ frame_probe ID: 1060 receives a frame at time 16.3716s ++++
++++ frame_probe ID: 882 receives a frame at time 16.3823s ++++
++++ frame_probe ID: 883 receives a frame at time 16.3824s ++++
++++ frame_probe ID: 890 receives a frame at time 16.3824s ++++
++++ frame_probe ID: 884 receives a frame at time 16.3824s ++++
++++ frame_probe ID: 860 receives a frame at time 16.3926s ++++
++++ frame_probe ID: 882 receives a frame at time 16.4013s ++++
++++ frame_probe ID: 1082 receives a frame at time 16.4032s ++++
++++ frame_probe ID: 1083 receives a frame at time 16.4032s ++++
++++ frame_probe ID: 1084 receives a frame at time 16.4033s ++++
counter results at time 2516.4 is 0
++++ frame_probe ID: 1090 receives a frame at time 16.4033s ++++
measurement 2/2 complete in 2 second(s).
the 100th message counter node3_acked has been visited 9 times  
++++ frame_probe ID: 1050 receives a frame at time 17.4926s ++++
++++ frame_probe ID: 1060 receives a frame at time 17.5334s ++++
++++ frame_probe ID: 882 receives a frame at time 17.5436s ++++
++++ frame_probe ID: 883 receives a frame at time 17.5437s ++++
++++ frame_probe ID: 884 receives a frame at time 17.5437s ++++
++++ frame_probe ID: 890 receives a frame at time 17.5438s ++++
INFO: Detected an invalid packet at item 544
INFO: Parser returned #f
++++ frame_probe ID: 860 receives a frame at time 17.554s ++++
INFO: Detected an invalid packet at item 576
INFO: Parser returned #f
++++ frame_probe ID: 882 receives a frame at time 17.5627s ++++
++++ frame_probe ID: 1082 receives a frame at time 17.5638s ++++
++++ frame_probe ID: 1083 receives a frame at time 17.5639s ++++
++++ frame_probe ID: 1084 receives a frame at time 17.5639s ++++
counter results at time 2517.56 is 0
++++ frame_probe ID: 1090 receives a frame at time 17.5639s ++++
measurement 2/2 complete in 1 second(s).
measurement 2 raw data directory created /home/inets/0_ba/bachelor_thesis/measurements/debug/data/236/2/.
'/home/inets/source/gr-inets/results/receiver_ack_sent.txt' -> '/home/inets/0_ba/bachelor_thesis/measurements/debug/data/236/2/receiver_ack_sent.txt'
'/home/inets/source/gr-inets/results/receiver_data_received.txt' -> '/home/inets/0_ba/bachelor_thesis/measurements/debug/data/236/2/receiver_data_received.txt'
'/home/inets/source/gr-inets/results/receiver_frame_anlyzed.txt' -> '/home/inets/0_ba/bachelor_thesis/measurements/debug/data/236/2/receiver_frame_anlyzed.txt'
'/home/inets/source/gr-inets/results/receiver_frame_checked_good.txt' -> '/home/inets/0_ba/bachelor_thesis/measurements/debug/data/236/2/receiver_frame_checked_good.txt'
'/home/inets/source/gr-inets/results/receiver_frame_received.txt' -> '/home/inets/0_ba/bachelor_thesis/measurements/debug/data/236/2/receiver_frame_received.txt'
'/home/inets/source/gr-inets/results/sender_ack_received.txt' -> '/home/inets/0_ba/bachelor_thesis/measurements/debug/data/236/2/sender_ack_received.txt'
'/home/inets/source/gr-inets/results/sender_bfr_dq.txt' -> '/home/inets/0_ba/bachelor_thesis/measurements/debug/data/236/2/sender_bfr_dq.txt'
'/home/inets/source/gr-inets/results/sender_data_sent.txt' -> '/home/inets/0_ba/bachelor_thesis/measurements/debug/data/236/2/sender_data_sent.txt'
'/home/inets/source/gr-inets/results/sender_frame_anlyzed.txt' -> '/home/inets/0_ba/bachelor_thesis/measurements/debug/data/236/2/sender_frame_anlyzed.txt'
'/home/inets/source/gr-inets/results/sender_frame_checked_good.txt' -> '/home/inets/0_ba/bachelor_thesis/measurements/debug/data/236/2/sender_frame_checked_good.txt'
'/home/inets/source/gr-inets/results/sender_frame_received.txt' -> '/home/inets/0_ba/bachelor_thesis/measurements/debug/data/236/2/sender_frame_received.txt'
'/home/inets/source/gr-inets/results/sender_retransmissions.txt' -> '/home/inets/0_ba/bachelor_thesis/measurements/debug/data/236/2/sender_retransmissions.txt'
measurement 2 raw data moved to /home/inets/0_ba/bachelor_thesis/measurements/debug/data/236/2/.

now processing results...
plotting python should be: python3 (ubuntu).
Hello from rtt.py!
hello from variables.py!
data_sent: 1501762481.608975
data_sent: 1501762483.203244
data_sent: 1501762483.530510
data_sent: 1501762485.078618
data_sent: 1501762485.633935
data_sent: 1501762488.471224
data_sent: 1501762488.638497
data_sent: 1501762490.376939
data_sent: 1501762492.138006
data_sent: 1501762493.798996
data_sent: 1501762494.067717
data_sent: 1501762495.452251
data_sent: 1501762497.204114
ack_received: 1501762481.675876
ack_received: 1501762483.269168
ack_received: 1501762483.605308
ack_received: 1501762485.150565
ack_received: 1501762485.707827
ack_received: 1501762488.539149
ack_received: 1501762488.711527
ack_received: 1501762490.448653
ack_received: 1501762492.205597
ack_received: 1501762493.866295
ack_received: 1501762494.134814
ack_received: 1501762495.526706
ack_received: 1501762497.273486
retx: [0]
retx: [0, 0]
retx: [0, 0, 0]
retx: [0, 0, 0, 0]
retx: [0, 0, 0, 0, 0]
retx: [0, 0, 0, 0, 0, 0]
retx: [0, 0, 0, 0, 0, 0, 0]
retx: [0, 0, 0, 0, 0, 0, 0, 0]
retx: [0, 0, 0, 0, 0, 0, 0, 0, 0]
retx: [0, 0, 0, 0, 0, 0, 0, 0, 0, 0]
retx: [0, 0, 0, 0, 0, 0, 0, 0, 0, 0, 0]
retx: [0, 0, 0, 0, 0, 0, 0, 0, 0, 0, 0, 0]
retx: [0, 0, 0, 0, 0, 0, 0, 0, 0, 0, 0, 0, 0]

The resulting RTTs of this single measurement are:
[0.0669, 0.06592, 0.0748, 0.07195, 0.07389, 0.06792, 0.07303, 0.07171, 0.06759, 0.0673, 0.0671, 0.07446, 0.06937]



The resulting mean RTT of this single measurement is:
0.07014923076923077


abs. packet loss: 0.0
packet loss in %: 0.0%
data_sent: 1501762501.898462
data_sent: 1501762502.231765
data_sent: 1501762505.315936
data_sent: 1501762506.159071
data_sent: 1501762508.210040
data_sent: 1501762510.834541
data_sent: 1501762513.605539
data_sent: 1501762514.591563
data_sent: 1501762516.330773
data_sent: 1501762517.492636
ack_received: 1501762501.964361
ack_received: 1501762502.300569
ack_received: 1501762505.381663
ack_received: 1501762506.226626
ack_received: 1501762508.281159
ack_received: 1501762510.902174
ack_received: 1501762513.676119
ack_received: 1501762514.665425
ack_received: 1501762516.403308
ack_received: 1501762517.563933
retx: [0]
retx: [0, 0]
retx: [0, 0, 0]
retx: [0, 0, 0, 0]
retx: [0, 0, 0, 0, 0]
retx: [0, 0, 0, 0, 0, 0]
retx: [0, 0, 0, 0, 0, 0, 0]
retx: [0, 0, 0, 0, 0, 0, 0, 0]
retx: [0, 0, 0, 0, 0, 0, 0, 0, 0]
retx: [0, 0, 0, 0, 0, 0, 0, 0, 0, 0]

The resulting RTTs of this single measurement are:
[0.0659, 0.0688, 0.06573, 0.06755, 0.07112, 0.06763, 0.07058, 0.07386, 0.07253, 0.0713]



The resulting mean RTT of this single measurement is:
0.0695


abs. packet loss: 0.0
packet loss in %: 0.0%
[ 0.07014923  0.0695    ]
Hello from myplot.py!
I will print a pdf for you now!
Hello from myplot.py!
I will print a pdf for you now!
Hello from myplot.py!
I will print a pdf for you now!
Hello from myplot.py!
I will print a cdf for you now!
<a list of 1 Patch objects>
Hello from myplot.py!
I will print a cdf for you now!
<a list of 1 Patch objects>
Hello from myplot.py!
I will print a cdf for you now!
<a list of 1 Patch objects>
Hello from myplot.py!
I will print a boxplot for you now!
Hello from myplot.py!
I will print a boxplot for you now!
Hello from myplot.py!
I will print a boxplot for you now!
Hello from myplot.py!
I will print a bar for you now!
Hello from myplot.py!
I will print a bar for you now!
Hello from myplot.py!
I will print a bar for you now!
Hello from myplot.py!
I will print a line for you now!
Hello from myplot.py!
I will print a line for you now!
Hello from myplot.py!
I will print a line for you now!
Hello from throughput.py!
hello from variables.py!
ackcount: 13
datacount: 13
ackcount: 10
datacount: 10
[ 650.  500.]
Hello from myplot.py!
I will print a pdf for you now!
Hello from myplot.py!
I will print a cdf for you now!
<a list of 1 Patch objects>
Hello from myplot.py!
I will print a boxplot for you now!
Hello from myplot.py!
I will print a bar for you now!
Hello from myplot.py!
I will print a line for you now!

+--------------------------------------------------------------+
| plotting completed. until the next measurement session then! |
+--------------------------------------------------------------+
