Measurement 1/4 complete in 5 second(s).
linux; GNU C++ version 5.4.0 20160609; Boost_105800; UHD_003.009.005-45-g6768a615

linux; GNU C++ version 5.4.0 20160609; Boost_105800; UHD_003.009.005-45-g6768a615

Using Volk machine: avx_64_mmx
-- Opening a USRP2/N-Series device...
Using Volk machine: avx_64_mmx
-- Opening a USRP2/N-Series device...
-- Current recv frame size: 1472 bytes
-- Current send frame size: 1472 bytes
-- Current recv frame size: 1472 bytes
-- Current send frame size: 1472 bytes
Measurement 1/4 complete in 4 second(s).
the 100th message counter is activated.
the 100th message counter is activated.
Measurement 1/4 complete in 3 second(s).
node starts running at 84.5341
node starts running at 84.5398
++++ frame_probe ID: 850 receives a frame at time 84.5787s ++++
INFO: Detected an invalid packet at item 0
INFO: Parser returned #f
++++ frame_probe ID: 860 receives a frame at time 84.6196s ++++
++++ frame_probe ID: 1010 receives a frame at time 84.6269s ++++
++++ frame_probe ID: 890 receives a frame at time 84.6504s ++++
the 100th message counter  has been visited 1 times  
++++ frame_probe ID: 850 receives a frame at time 84.7568s ++++
INFO: Detected an invalid packet at item 96
INFO: Parser returned #f
++++ frame_probe ID: 860 receives a frame at time 84.7975s ++++
++++ frame_probe ID: 1010 receives a frame at time 84.8094s ++++
++++ frame_probe ID: 890 receives a frame at time 84.8328s ++++
the 100th message counter  has been visited 2 times  
++++ frame_probe ID: 850 receives a frame at time 84.9402s ++++
INFO: Detected an invalid packet at item 192
INFO: Parser returned #f
++++ frame_probe ID: 860 receives a frame at time 84.981s ++++
++++ frame_probe ID: 1010 receives a frame at time 84.992s ++++
++++ frame_probe ID: 890 receives a frame at time 85.0156s ++++
the 100th message counter  has been visited 3 times  
++++ frame_probe ID: 850 receives a frame at time 85.1152s ++++
INFO: Detected an invalid packet at item 288
INFO: Parser returned #f
Measurement 1/4 complete in 2 second(s).
++++ frame_probe ID: 860 receives a frame at time 85.1561s ++++
++++ frame_probe ID: 1010 receives a frame at time 85.1651s ++++
++++ frame_probe ID: 890 receives a frame at time 85.1878s ++++
the 100th message counter  has been visited 4 times  
++++ frame_probe ID: 850 receives a frame at time 85.2712s ++++
INFO: Detected an invalid packet at item 384
INFO: Parser returned #f
++++ frame_probe ID: 860 receives a frame at time 85.3123s ++++
++++ frame_probe ID: 1010 receives a frame at time 85.3186s ++++
++++ frame_probe ID: 890 receives a frame at time 85.3422s ++++
the 100th message counter  has been visited 5 times  
++++ frame_probe ID: 850 receives a frame at time 85.4296s ++++
INFO: Detected an invalid packet at item 480
INFO: Parser returned #f
++++ frame_probe ID: 860 receives a frame at time 85.4705s ++++
++++ frame_probe ID: 1010 receives a frame at time 85.4817s ++++
++++ frame_probe ID: 890 receives a frame at time 85.5045s ++++
the 100th message counter  has been visited 6 times  
++++ frame_probe ID: 850 receives a frame at time 85.6147s ++++
INFO: Detected an invalid packet at item 576
INFO: Parser returned #f
++++ frame_probe ID: 860 receives a frame at time 85.6556s ++++
++++ frame_probe ID: 1010 receives a frame at time 85.6642s ++++
++++ frame_probe ID: 890 receives a frame at time 85.6869s ++++
the 100th message counter  has been visited 7 times  
++++ frame_probe ID: 850 receives a frame at time 85.7563s ++++
INFO: Detected an invalid packet at item 672
INFO: Parser returned #f
++++ frame_probe ID: 860 receives a frame at time 85.7972s ++++
++++ frame_probe ID: 1010 receives a frame at time 85.8077s ++++
++++ frame_probe ID: 890 receives a frame at time 85.8312s ++++
the 100th message counter  has been visited 8 times  
++++ frame_probe ID: 850 receives a frame at time 85.9146s ++++
INFO: Detected an invalid packet at item 768
INFO: Parser returned #f
++++ frame_probe ID: 860 receives a frame at time 85.9555s ++++
++++ frame_probe ID: 1010 receives a frame at time 85.9619s ++++
++++ frame_probe ID: 890 receives a frame at time 85.9846s ++++
the 100th message counter  has been visited 9 times  
++++ frame_probe ID: 850 receives a frame at time 86.0711s ++++
INFO: Detected an invalid packet at item 864
INFO: Parser returned #f
++++ frame_probe ID: 860 receives a frame at time 86.1119s ++++
++++ frame_probe ID: 1010 receives a frame at time 86.1152s ++++
++++ frame_probe ID: 890 receives a frame at time 86.1379s ++++
Measurement 1/4 complete in 1 second(s).
the 100th message counter  has been visited 10 times  
++++ frame_probe ID: 850 receives a frame at time 86.2152s ++++
INFO: Detected an invalid packet at item 960
INFO: Parser returned #f
++++ frame_probe ID: 860 receives a frame at time 86.256s ++++
++++ frame_probe ID: 1010 receives a frame at time 86.2595s ++++
++++ frame_probe ID: 890 receives a frame at time 86.2823s ++++
the 100th message counter  has been visited 11 times  
++++ frame_probe ID: 850 receives a frame at time 86.3527s ++++
INFO: Detected an invalid packet at item 1056
INFO: Parser returned #f
++++ frame_probe ID: 860 receives a frame at time 86.3936s ++++
++++ frame_probe ID: 1010 receives a frame at time 86.4028s ++++
++++ frame_probe ID: 890 receives a frame at time 86.4256s ++++
the 100th message counter  has been visited 12 times  
++++ frame_probe ID: 850 receives a frame at time 86.495s ++++
INFO: Detected an invalid packet at item 1152
INFO: Parser returned #f
++++ frame_probe ID: 860 receives a frame at time 86.5358s ++++
++++ frame_probe ID: 1010 receives a frame at time 86.5472s ++++
++++ frame_probe ID: 890 receives a frame at time 86.5699s ++++
the 100th message counter  has been visited 13 times  
++++ frame_probe ID: 850 receives a frame at time 86.6723s ++++
INFO: Detected an invalid packet at item 1248
INFO: Parser returned #f
++++ frame_probe ID: 860 receives a frame at time 86.7132s ++++
++++ frame_probe ID: 1010 receives a frame at time 86.7196s ++++
++++ frame_probe ID: 890 receives a frame at time 86.7424s ++++
the 100th message counter  has been visited 14 times  
++++ frame_probe ID: 850 receives a frame at time 86.8207s ++++
INFO: Detected an invalid packet at item 1344
INFO: Parser returned #f
++++ frame_probe ID: 860 receives a frame at time 86.8616s ++++
++++ frame_probe ID: 1010 receives a frame at time 86.8732s ++++
++++ frame_probe ID: 890 receives a frame at time 86.8966s ++++
the 100th message counter  has been visited 15 times  
++++ frame_probe ID: 850 receives a frame at time 86.995s ++++
INFO: Detected an invalid packet at item 1440
INFO: Parser returned #f
++++ frame_probe ID: 860 receives a frame at time 87.0359s ++++
++++ frame_probe ID: 1010 receives a frame at time 87.0463s ++++
++++ frame_probe ID: 890 receives a frame at time 87.0692s ++++
Measurement 1 raw data directory created /home/inets/0_ba/bachelor_thesis/measurements/debug/data/89/1/.
'/home/inets/source/gr-inets/results/receiver_data_received.txt' -> '/home/inets/0_ba/bachelor_thesis/measurements/debug/data/89/1/receiver_data_received.txt'
'/home/inets/source/gr-inets/results/sender_ack_received.txt' -> '/home/inets/0_ba/bachelor_thesis/measurements/debug/data/89/1/sender_ack_received.txt'
'/home/inets/source/gr-inets/results/sender_bfr_dq.txt' -> '/home/inets/0_ba/bachelor_thesis/measurements/debug/data/89/1/sender_bfr_dq.txt'
'/home/inets/source/gr-inets/results/sender_data_sent.txt' -> '/home/inets/0_ba/bachelor_thesis/measurements/debug/data/89/1/sender_data_sent.txt'
Measurement 1 raw data moved to /home/inets/0_ba/bachelor_thesis/measurements/debug/data/89/1/.

Measurement 2/4 complete in 5 second(s).
linux; GNU C++ version 5.4.0 20160609; Boost_105800; UHD_003.009.005-45-g6768a615
linux; GNU C++ version 5.4.0 20160609; Boost_105800; UHD_003.009.005-45-g6768a615


Using Volk machine: avx_64_mmx
-- Opening a USRP2/N-Series device...
Using Volk machine: avx_64_mmx
-- Opening a USRP2/N-Series device...
-- Current recv frame size: 1472 bytes
-- Current send frame size: 1472 bytes
-- Current recv frame size: 1472 bytes
-- Current send frame size: 1472 bytes
Measurement 2/4 complete in 4 second(s).
the 100th message counter is activated.
the 100th message counter is activated.
Measurement 2/4 complete in 3 second(s).
node starts running at 89.5233
node starts running at 89.5255
++++ frame_probe ID: 850 receives a frame at time 89.8228s ++++
INFO: Detected an invalid packet at item 0
INFO: Parser returned #f
++++ frame_probe ID: 860 receives a frame at time 89.8638s ++++
++++ frame_probe ID: 1010 receives a frame at time 89.8707s ++++
++++ frame_probe ID: 890 receives a frame at time 89.8977s ++++
the 100th message counter  has been visited 1 times  
++++ frame_probe ID: 850 receives a frame at time 90.0004s ++++
INFO: Detected an invalid packet at item 96
INFO: Parser returned #f
++++ frame_probe ID: 860 receives a frame at time 90.0413s ++++
++++ frame_probe ID: 1010 receives a frame at time 90.0531s ++++
++++ frame_probe ID: 890 receives a frame at time 90.0798s ++++
the 100th message counter  has been visited 2 times  
Measurement 2/4 complete in 2 second(s).
++++ frame_probe ID: 850 receives a frame at time 90.1701s ++++
INFO: Detected an invalid packet at item 192
INFO: Parser returned #f
++++ frame_probe ID: 860 receives a frame at time 90.2112s ++++
++++ frame_probe ID: 1010 receives a frame at time 90.2155s ++++
++++ frame_probe ID: 890 receives a frame at time 90.2422s ++++
the 100th message counter  has been visited 3 times  
++++ frame_probe ID: 850 receives a frame at time 90.3206s ++++
INFO: Detected an invalid packet at item 288
INFO: Parser returned #f
++++ frame_probe ID: 860 receives a frame at time 90.3614s ++++
++++ frame_probe ID: 1010 receives a frame at time 90.3699s ++++
++++ frame_probe ID: 890 receives a frame at time 90.3958s ++++
the 100th message counter  has been visited 4 times  
++++ frame_probe ID: 850 receives a frame at time 90.4912s ++++
INFO: Detected an invalid packet at item 384
INFO: Parser returned #f
++++ frame_probe ID: 860 receives a frame at time 90.5322s ++++
++++ frame_probe ID: 1010 receives a frame at time 90.5422s ++++
++++ frame_probe ID: 890 receives a frame at time 90.5691s ++++
the 100th message counter  has been visited 5 times  
++++ frame_probe ID: 850 receives a frame at time 90.6454s ++++
INFO: Detected an invalid packet at item 480
INFO: Parser returned #f
++++ frame_probe ID: 860 receives a frame at time 90.6862s ++++
++++ frame_probe ID: 1010 receives a frame at time 90.6954s ++++
++++ frame_probe ID: 890 receives a frame at time 90.7214s ++++
the 100th message counter  has been visited 6 times  
++++ frame_probe ID: 850 receives a frame at time 90.8377s ++++
INFO: Detected an invalid packet at item 576
INFO: Parser returned #f
++++ frame_probe ID: 860 receives a frame at time 90.8785s ++++
++++ frame_probe ID: 1010 receives a frame at time 90.8879s ++++
++++ frame_probe ID: 890 receives a frame at time 90.9139s ++++
the 100th message counter  has been visited 7 times  
++++ frame_probe ID: 850 receives a frame at time 91.0172s ++++
INFO: Detected an invalid packet at item 672
INFO: Parser returned #f
++++ frame_probe ID: 860 receives a frame at time 91.058s ++++
++++ frame_probe ID: 1010 receives a frame at time 91.0703s ++++
++++ frame_probe ID: 890 receives a frame at time 91.0962s ++++
Measurement 2/4 complete in 1 second(s).
the 100th message counter  has been visited 8 times  
++++ frame_probe ID: 850 receives a frame at time 91.1916s ++++
INFO: Detected an invalid packet at item 768
INFO: Parser returned #f
++++ frame_probe ID: 860 receives a frame at time 91.2324s ++++
++++ frame_probe ID: 1010 receives a frame at time 91.2427s ++++
++++ frame_probe ID: 890 receives a frame at time 91.2685s ++++
the 100th message counter  has been visited 9 times  
++++ frame_probe ID: 850 receives a frame at time 91.3719s ++++
INFO: Detected an invalid packet at item 864
INFO: Parser returned #f
++++ frame_probe ID: 860 receives a frame at time 91.4126s ++++
++++ frame_probe ID: 1010 receives a frame at time 91.4159s ++++
++++ frame_probe ID: 890 receives a frame at time 91.442s ++++
the 100th message counter  has been visited 10 times  
++++ frame_probe ID: 850 receives a frame at time 91.5363s ++++
INFO: Detected an invalid packet at item 960
INFO: Parser returned #f
++++ frame_probe ID: 860 receives a frame at time 91.5771s ++++
++++ frame_probe ID: 1010 receives a frame at time 91.5884s ++++
++++ frame_probe ID: 890 receives a frame at time 91.6143s ++++
the 100th message counter  has been visited 11 times  
++++ frame_probe ID: 850 receives a frame at time 91.7047s ++++
INFO: Detected an invalid packet at item 1056
INFO: Parser returned #f
++++ frame_probe ID: 860 receives a frame at time 91.7457s ++++
++++ frame_probe ID: 1010 receives a frame at time 91.7519s ++++
++++ frame_probe ID: 890 receives a frame at time 91.7778s ++++
the 100th message counter  has been visited 12 times  
++++ frame_probe ID: 850 receives a frame at time 91.8903s ++++
INFO: Detected an invalid packet at item 1152
INFO: Parser returned #f
++++ frame_probe ID: 860 receives a frame at time 91.9313s ++++
++++ frame_probe ID: 1010 receives a frame at time 91.9343s ++++
++++ frame_probe ID: 890 receives a frame at time 91.9604s ++++
the 100th message counter  has been visited 13 times  
++++ frame_probe ID: 850 receives a frame at time 92.0417s ++++
INFO: Detected an invalid packet at item 1248
INFO: Parser returned #f
++++ frame_probe ID: 860 receives a frame at time 92.0825s ++++
++++ frame_probe ID: 1010 receives a frame at time 92.0877s ++++
++++ frame_probe ID: 890 receives a frame at time 92.1134s ++++
Measurement 2 raw data directory created /home/inets/0_ba/bachelor_thesis/measurements/debug/data/89/2/.
'/home/inets/source/gr-inets/results/receiver_data_received.txt' -> '/home/inets/0_ba/bachelor_thesis/measurements/debug/data/89/2/receiver_data_received.txt'
'/home/inets/source/gr-inets/results/sender_ack_received.txt' -> '/home/inets/0_ba/bachelor_thesis/measurements/debug/data/89/2/sender_ack_received.txt'
'/home/inets/source/gr-inets/results/sender_bfr_dq.txt' -> '/home/inets/0_ba/bachelor_thesis/measurements/debug/data/89/2/sender_bfr_dq.txt'
'/home/inets/source/gr-inets/results/sender_data_sent.txt' -> '/home/inets/0_ba/bachelor_thesis/measurements/debug/data/89/2/sender_data_sent.txt'
Measurement 2 raw data moved to /home/inets/0_ba/bachelor_thesis/measurements/debug/data/89/2/.

Measurement 3/4 complete in 5 second(s).
linux; GNU C++ version 5.4.0 20160609; Boost_105800; UHD_003.009.005-45-g6768a615

linux; GNU C++ version 5.4.0 20160609; Boost_105800; UHD_003.009.005-45-g6768a615

Using Volk machine: avx_64_mmx
-- Opening a USRP2/N-Series device...
Using Volk machine: avx_64_mmx
-- Opening a USRP2/N-Series device...
-- Current recv frame size: 1472 bytes
-- Current send frame size: 1472 bytes
-- Current recv frame size: 1472 bytes
-- Current send frame size: 1472 bytes
Measurement 3/4 complete in 4 second(s).
the 100th message counter is activated.
the 100th message counter is activated.
Measurement 3/4 complete in 3 second(s).
node starts running at 94.5195
node starts running at 94.5213
++++ frame_probe ID: 850 receives a frame at time 94.5549s ++++
INFO: Detected an invalid packet at item 0
INFO: Parser returned #f
++++ frame_probe ID: 860 receives a frame at time 94.5963s ++++
++++ frame_probe ID: 1010 receives a frame at time 94.6066s ++++
++++ frame_probe ID: 890 receives a frame at time 94.6338s ++++
the 100th message counter  has been visited 1 times  
++++ frame_probe ID: 850 receives a frame at time 94.7312s ++++
INFO: Detected an invalid packet at item 96
INFO: Parser returned #f
++++ frame_probe ID: 860 receives a frame at time 94.772s ++++
++++ frame_probe ID: 1010 receives a frame at time 94.7798s ++++
++++ frame_probe ID: 890 receives a frame at time 94.8065s ++++
the 100th message counter  has been visited 2 times  
++++ frame_probe ID: 850 receives a frame at time 94.8799s ++++
INFO: Detected an invalid packet at item 192
INFO: Parser returned #f
++++ frame_probe ID: 860 receives a frame at time 94.9207s ++++
++++ frame_probe ID: 1010 receives a frame at time 94.9332s ++++
++++ frame_probe ID: 890 receives a frame at time 94.9599s ++++
the 100th message counter  has been visited 3 times  
++++ frame_probe ID: 850 receives a frame at time 95.0572s ++++
INFO: Detected an invalid packet at item 288
INFO: Parser returned #f
++++ frame_probe ID: 860 receives a frame at time 95.098s ++++
++++ frame_probe ID: 1010 receives a frame at time 95.1055s ++++
++++ frame_probe ID: 890 receives a frame at time 95.1325s ++++
Measurement 3/4 complete in 2 second(s).
the 100th message counter  has been visited 4 times  
++++ frame_probe ID: 850 receives a frame at time 95.2269s ++++
INFO: Detected an invalid packet at item 384
INFO: Parser returned #f
++++ frame_probe ID: 860 receives a frame at time 95.2679s ++++
++++ frame_probe ID: 1010 receives a frame at time 95.279s ++++
++++ frame_probe ID: 890 receives a frame at time 95.3048s ++++
the 100th message counter  has been visited 5 times  
++++ frame_probe ID: 850 receives a frame at time 95.3842s ++++
INFO: Detected an invalid packet at item 480
INFO: Parser returned #f
++++ frame_probe ID: 860 receives a frame at time 95.425s ++++
++++ frame_probe ID: 1010 receives a frame at time 95.4325s ++++
++++ frame_probe ID: 890 receives a frame at time 95.4581s ++++
the 100th message counter  has been visited 6 times  
++++ frame_probe ID: 850 receives a frame at time 95.5275s ++++
INFO: Detected an invalid packet at item 576
INFO: Parser returned #f
++++ frame_probe ID: 860 receives a frame at time 95.5682s ++++
++++ frame_probe ID: 1010 receives a frame at time 95.5765s ++++
++++ frame_probe ID: 890 receives a frame at time 95.6024s ++++
the 100th message counter  has been visited 7 times  
++++ frame_probe ID: 850 receives a frame at time 95.6867s ++++
INFO: Detected an invalid packet at item 672
INFO: Parser returned #f
++++ frame_probe ID: 860 receives a frame at time 95.7277s ++++
++++ frame_probe ID: 1010 receives a frame at time 95.7392s ++++
++++ frame_probe ID: 890 receives a frame at time 95.7658s ++++
the 100th message counter  has been visited 8 times  
++++ frame_probe ID: 850 receives a frame at time 95.8701s ++++
INFO: Detected an invalid packet at item 768
INFO: Parser returned #f
++++ frame_probe ID: 860 receives a frame at time 95.911s ++++
++++ frame_probe ID: 1010 receives a frame at time 95.9214s ++++
++++ frame_probe ID: 890 receives a frame at time 95.948s ++++
the 100th message counter  has been visited 9 times  
++++ frame_probe ID: 850 receives a frame at time 96.0514s ++++
INFO: Detected an invalid packet at item 864
INFO: Parser returned #f
++++ frame_probe ID: 860 receives a frame at time 96.0923s ++++
++++ frame_probe ID: 1010 receives a frame at time 96.1038s ++++
++++ frame_probe ID: 890 receives a frame at time 96.1305s ++++
Measurement 3/4 complete in 1 second(s).
the 100th message counter  has been visited 10 times  
++++ frame_probe ID: 850 receives a frame at time 96.2098s ++++
INFO: Detected an invalid packet at item 960
INFO: Parser returned #f
++++ frame_probe ID: 860 receives a frame at time 96.2506s ++++
++++ frame_probe ID: 1010 receives a frame at time 96.2582s ++++
++++ frame_probe ID: 890 receives a frame at time 96.2839s ++++
the 100th message counter  has been visited 11 times  
++++ frame_probe ID: 850 receives a frame at time 96.3733s ++++
INFO: Detected an invalid packet at item 1056
INFO: Parser returned #f
++++ frame_probe ID: 860 receives a frame at time 96.4141s ++++
++++ frame_probe ID: 1010 receives a frame at time 96.4208s ++++
++++ frame_probe ID: 890 receives a frame at time 96.4473s ++++
the 100th message counter  has been visited 12 times  
++++ frame_probe ID: 850 receives a frame at time 96.5297s ++++
INFO: Detected an invalid packet at item 1152
INFO: Parser returned #f
++++ frame_probe ID: 860 receives a frame at time 96.5706s ++++
++++ frame_probe ID: 1010 receives a frame at time 96.5739s ++++
++++ frame_probe ID: 890 receives a frame at time 96.6007s ++++
the 100th message counter  has been visited 13 times  
++++ frame_probe ID: 850 receives a frame at time 96.6701s ++++
INFO: Detected an invalid packet at item 1248
INFO: Parser returned #f
++++ frame_probe ID: 860 receives a frame at time 96.7109s ++++
++++ frame_probe ID: 1010 receives a frame at time 96.7183s ++++
++++ frame_probe ID: 890 receives a frame at time 96.7449s ++++
the 100th message counter  has been visited 14 times  
++++ frame_probe ID: 850 receives a frame at time 96.8352s ++++
INFO: Detected an invalid packet at item 1344
INFO: Parser returned #f
++++ frame_probe ID: 860 receives a frame at time 96.876s ++++
++++ frame_probe ID: 1010 receives a frame at time 96.8815s ++++
++++ frame_probe ID: 890 receives a frame at time 96.9073s ++++
the 100th message counter  has been visited 15 times  
++++ frame_probe ID: 850 receives a frame at time 96.9787s ++++
INFO: Detected an invalid packet at item 1440
INFO: Parser returned #f
++++ frame_probe ID: 860 receives a frame at time 97.0194s ++++
++++ frame_probe ID: 1010 receives a frame at time 97.0249s ++++
++++ frame_probe ID: 890 receives a frame at time 97.0518s ++++
the 100th message counter  has been visited 16 times  
++++ frame_probe ID: 850 receives a frame at time 97.1601s ++++
Measurement 3 raw data directory created /home/inets/0_ba/bachelor_thesis/measurements/debug/data/89/3/.
'/home/inets/source/gr-inets/results/receiver_data_received.txt' -> '/home/inets/0_ba/bachelor_thesis/measurements/debug/data/89/3/receiver_data_received.txt'
'/home/inets/source/gr-inets/results/sender_ack_received.txt' -> '/home/inets/0_ba/bachelor_thesis/measurements/debug/data/89/3/sender_ack_received.txt'
'/home/inets/source/gr-inets/results/sender_bfr_dq.txt' -> '/home/inets/0_ba/bachelor_thesis/measurements/debug/data/89/3/sender_bfr_dq.txt'
'/home/inets/source/gr-inets/results/sender_data_sent.txt' -> '/home/inets/0_ba/bachelor_thesis/measurements/debug/data/89/3/sender_data_sent.txt'
Measurement 3 raw data moved to /home/inets/0_ba/bachelor_thesis/measurements/debug/data/89/3/.

Measurement 4/4 complete in 5 second(s).
linux; GNU C++ version 5.4.0 20160609; Boost_105800; UHD_003.009.005-45-g6768a615
linux; GNU C++ version 5.4.0 20160609; Boost_105800; UHD_003.009.005-45-g6768a615


Using Volk machine: avx_64_mmx
-- Opening a USRP2/N-Series device...
Using Volk machine: avx_64_mmx
-- Opening a USRP2/N-Series device...
-- Current recv frame size: 1472 bytes
-- Current recv frame size: 1472 bytes
-- Current send frame size: 1472 bytes
-- Current send frame size: 1472 bytes
Measurement 4/4 complete in 4 second(s).
the 100th message counter is activated.
the 100th message counter is activated.
Measurement 4/4 complete in 3 second(s).
node starts running at 99.5438
node starts running at 99.546
++++ frame_probe ID: 850 receives a frame at time 99.6081s ++++
INFO: Detected an invalid packet at item 0
INFO: Parser returned #f
++++ frame_probe ID: 860 receives a frame at time 99.6492s ++++
++++ frame_probe ID: 1010 receives a frame at time 99.6579s ++++
++++ frame_probe ID: 890 receives a frame at time 99.6798s ++++
the 100th message counter  has been visited 1 times  
++++ frame_probe ID: 850 receives a frame at time 99.7493s ++++
INFO: Detected an invalid packet at item 96
INFO: Parser returned #f
++++ frame_probe ID: 860 receives a frame at time 99.7904s ++++
++++ frame_probe ID: 1010 receives a frame at time 99.802s ++++
++++ frame_probe ID: 890 receives a frame at time 99.8242s ++++
the 100th message counter  has been visited 2 times  
++++ frame_probe ID: 850 receives a frame at time 99.9396s ++++
INFO: Detected an invalid packet at item 192
INFO: Parser returned #f
++++ frame_probe ID: 860 receives a frame at time 99.9806s ++++
++++ frame_probe ID: 1010 receives a frame at time 99.9842s ++++
++++ frame_probe ID: 890 receives a frame at time 0.006864s ++++
the 100th message counter  has been visited 3 times  
++++ frame_probe ID: 850 receives a frame at time 0.120294s ++++
INFO: Detected an invalid packet at item 288
INFO: Parser returned #f
++++ frame_probe ID: 860 receives a frame at time 0.161213s ++++
++++ frame_probe ID: 1010 receives a frame at time 0.166831s ++++
Measurement 4/4 complete in 2 second(s).
++++ frame_probe ID: 890 receives a frame at time 0.188788s ++++
the 100th message counter  has been visited 4 times  
++++ frame_probe ID: 850 receives a frame at time 0.267202s ++++
INFO: Detected an invalid packet at item 384
INFO: Parser returned #f
++++ frame_probe ID: 860 receives a frame at time 0.308012s ++++
++++ frame_probe ID: 1010 receives a frame at time 0.319948s ++++
++++ frame_probe ID: 890 receives a frame at time 0.342197s ++++
the 100th message counter  has been visited 5 times  
++++ frame_probe ID: 850 receives a frame at time 0.445547s ++++
INFO: Detected an invalid packet at item 480
INFO: Parser returned #f
++++ frame_probe ID: 860 receives a frame at time 0.486533s ++++
++++ frame_probe ID: 1010 receives a frame at time 0.492526s ++++
++++ frame_probe ID: 890 receives a frame at time 0.514495s ++++
the 100th message counter  has been visited 6 times  
++++ frame_probe ID: 850 receives a frame at time 0.629891s ++++
INFO: Detected an invalid packet at item 576
INFO: Parser returned #f
++++ frame_probe ID: 860 receives a frame at time 0.670981s ++++
++++ frame_probe ID: 1010 receives a frame at time 0.674825s ++++
++++ frame_probe ID: 890 receives a frame at time 0.696905s ++++
the 100th message counter  has been visited 7 times  
++++ frame_probe ID: 850 receives a frame at time 0.777272s ++++
INFO: Detected an invalid packet at item 672
INFO: Parser returned #f
++++ frame_probe ID: 860 receives a frame at time 0.818135s ++++
++++ frame_probe ID: 1010 receives a frame at time 0.829229s ++++
++++ frame_probe ID: 890 receives a frame at time 0.850594s ++++
the 100th message counter  has been visited 8 times  
++++ frame_probe ID: 850 receives a frame at time 0.938907s ++++
INFO: Detected an invalid packet at item 768
INFO: Parser returned #f
++++ frame_probe ID: 860 receives a frame at time 0.979904s ++++
++++ frame_probe ID: 1010 receives a frame at time 0.991517s ++++
++++ frame_probe ID: 890 receives a frame at time 1.01432s ++++
the 100th message counter  has been visited 9 times  
++++ frame_probe ID: 850 receives a frame at time 1.13064s ++++
INFO: Detected an invalid packet at item 864
INFO: Parser returned #f
++++ frame_probe ID: 860 receives a frame at time 1.17185s ++++
Measurement 4/4 complete in 1 second(s).
++++ frame_probe ID: 1010 receives a frame at time 1.18382s ++++
++++ frame_probe ID: 890 receives a frame at time 1.20589s ++++
the 100th message counter  has been visited 10 times  
++++ frame_probe ID: 850 receives a frame at time 1.27421s ++++
INFO: Detected an invalid packet at item 960
INFO: Parser returned #f
++++ frame_probe ID: 860 receives a frame at time 1.31508s ++++
++++ frame_probe ID: 1010 receives a frame at time 1.31825s ++++
++++ frame_probe ID: 890 receives a frame at time 1.34031s ++++
the 100th message counter  has been visited 11 times  
++++ frame_probe ID: 850 receives a frame at time 1.42369s ++++
INFO: Detected an invalid packet at item 1056
INFO: Parser returned #f
++++ frame_probe ID: 860 receives a frame at time 1.46463s ++++
++++ frame_probe ID: 1010 receives a frame at time 1.47156s ++++
++++ frame_probe ID: 890 receives a frame at time 1.49363s ++++
the 100th message counter  has been visited 12 times  
++++ frame_probe ID: 850 receives a frame at time 1.58493s ++++
INFO: Detected an invalid packet at item 1152
INFO: Parser returned #f
++++ frame_probe ID: 860 receives a frame at time 1.62565s ++++
++++ frame_probe ID: 1010 receives a frame at time 1.63513s ++++
++++ frame_probe ID: 890 receives a frame at time 1.65719s ++++
the 100th message counter  has been visited 13 times  
++++ frame_probe ID: 850 receives a frame at time 1.74655s ++++
INFO: Detected an invalid packet at item 1248
INFO: Parser returned #f
++++ frame_probe ID: 860 receives a frame at time 1.78736s ++++
++++ frame_probe ID: 1010 receives a frame at time 1.79829s ++++
++++ frame_probe ID: 890 receives a frame at time 1.81951s ++++
the 100th message counter  has been visited 14 times  
++++ frame_probe ID: 850 receives a frame at time 1.90985s ++++
INFO: Detected an invalid packet at item 1344
INFO: Parser returned #f
++++ frame_probe ID: 860 receives a frame at time 1.9506s ++++
++++ frame_probe ID: 1010 receives a frame at time 1.96159s ++++
++++ frame_probe ID: 890 receives a frame at time 1.98289s ++++
the 100th message counter  has been visited 15 times  
++++ frame_probe ID: 850 receives a frame at time 2.06418s ++++
INFO: Detected an invalid packet at item 1440
INFO: Parser returned #f
++++ frame_probe ID: 860 receives a frame at time 2.10508s ++++
++++ frame_probe ID: 1010 receives a frame at time 2.11511s ++++
++++ frame_probe ID: 890 receives a frame at time 2.13618s ++++
Measurement 4 raw data directory created /home/inets/0_ba/bachelor_thesis/measurements/debug/data/89/4/.
'/home/inets/source/gr-inets/results/receiver_data_received.txt' -> '/home/inets/0_ba/bachelor_thesis/measurements/debug/data/89/4/receiver_data_received.txt'
'/home/inets/source/gr-inets/results/sender_ack_received.txt' -> '/home/inets/0_ba/bachelor_thesis/measurements/debug/data/89/4/sender_ack_received.txt'
'/home/inets/source/gr-inets/results/sender_bfr_dq.txt' -> '/home/inets/0_ba/bachelor_thesis/measurements/debug/data/89/4/sender_bfr_dq.txt'
'/home/inets/source/gr-inets/results/sender_data_sent.txt' -> '/home/inets/0_ba/bachelor_thesis/measurements/debug/data/89/4/sender_data_sent.txt'
Measurement 4 raw data moved to /home/inets/0_ba/bachelor_thesis/measurements/debug/data/89/4/.

Now processing results...
Plotting Python should be: python3 (UBUNTU).

+--------------------------------------------------------------+
| Plotting completed. Until the next measurement session then! |
+--------------------------------------------------------------+
Measurement 1/1 complete in 4 second(s).
linux; GNU C++ version 5.4.0 20160609; Boost_105800; UHD_003.009.005-45-g6768a615
linux; GNU C++ version 5.4.0 20160609; Boost_105800; UHD_003.009.005-45-g6768a615


Using Volk machine: avx_64_mmx
-- Opening a USRP2/N-Series device...
Using Volk machine: avx_64_mmx
-- Opening a USRP2/N-Series device...
-- Current recv frame size: 1472 bytes
-- Current send frame size: 1472 bytes
-- Current recv frame size: 1472 bytes
-- Current send frame size: 1472 bytes
Measurement 1/1 complete in 3 second(s).
the 880th message counter is activated.
the 100th message counter is activated.
the 100th message counter is activated.
Measurement 1/1 complete in 2 second(s).
node starts running at 49.5049
node starts running at 49.5115
++++ frame_probe ID: 850 receives a frame at time 49.6226s ++++
++++ frame_probe ID: 860 receives a frame at time 49.6639s ++++
INFO: Detected an invalid packet at item 0
INFO: Parser returned #f
++++ frame_probe ID: 1010 receives a frame at time 49.6744s ++++
INFO: Detected an invalid packet at item 32
INFO: Parser returned #f
++++ frame_probe ID: 882 receives a frame at time 49.6985s ++++
++++ frame_probe ID: 883 receives a frame at time 49.6985s ++++
++++ frame_probe ID: 890 receives a frame at time 49.6986s ++++
the 100th message counter  has been visited 1 times  
++++ frame_probe ID: 850 receives a frame at time 49.7801s ++++
++++ frame_probe ID: 860 receives a frame at time 49.8209s ++++
++++ frame_probe ID: 1010 receives a frame at time 49.8281s ++++
INFO: Detected an invalid packet at item 96
INFO: Parser returned #f
INFO: Detected an invalid packet at item 128
INFO: Parser returned #f
++++ frame_probe ID: 882 receives a frame at time 49.8529s ++++
++++ frame_probe ID: 883 receives a frame at time 49.8529s ++++
++++ frame_probe ID: 890 receives a frame at time 49.853s ++++
the 100th message counter  has been visited 2 times  
++++ frame_probe ID: 850 receives a frame at time 49.9213s ++++
++++ frame_probe ID: 860 receives a frame at time 49.9622s ++++
INFO: Detected an invalid packet at item 192
INFO: Parser returned #f
++++ frame_probe ID: 1010 receives a frame at time 49.9713s ++++
INFO: Detected an invalid packet at item 224
INFO: Parser returned #f
++++ frame_probe ID: 882 receives a frame at time 49.9959s ++++
++++ frame_probe ID: 883 receives a frame at time 49.996s ++++
++++ frame_probe ID: 890 receives a frame at time 49.9961s ++++
the 100th message counter  has been visited 3 times  
++++ frame_probe ID: 850 receives a frame at time 50.0804s ++++
Measurement 1/1 complete in 1 second(s).
++++ frame_probe ID: 860 receives a frame at time 50.1212s ++++
++++ frame_probe ID: 1010 receives a frame at time 50.1256s ++++
INFO: Detected an invalid packet at item 288
INFO: Parser returned #f
++++ frame_probe ID: 882 receives a frame at time 50.1496s ++++
++++ frame_probe ID: 883 receives a frame at time 50.1496s ++++
++++ frame_probe ID: 890 receives a frame at time 50.1497s ++++
the 100th message counter  has been visited 4 times  
++++ frame_probe ID: 850 receives a frame at time 50.2581s ++++
++++ frame_probe ID: 860 receives a frame at time 50.299s ++++
++++ frame_probe ID: 1010 receives a frame at time 50.3077s ++++
INFO: Detected an invalid packet at item 352
INFO: Parser returned #f
++++ frame_probe ID: 882 receives a frame at time 50.3321s ++++
++++ frame_probe ID: 883 receives a frame at time 50.3321s ++++
++++ frame_probe ID: 890 receives a frame at time 50.3322s ++++
the 100th message counter  has been visited 5 times  
++++ frame_probe ID: 850 receives a frame at time 50.4085s ++++
++++ frame_probe ID: 860 receives a frame at time 50.4493s ++++
INFO: Detected an invalid packet at item 416
INFO: Parser returned #f
++++ frame_probe ID: 1010 receives a frame at time 50.461s ++++
INFO: Detected an invalid packet at item 448
INFO: Parser returned #f
++++ frame_probe ID: 882 receives a frame at time 50.4859s ++++
++++ frame_probe ID: 883 receives a frame at time 50.4859s ++++
++++ frame_probe ID: 890 receives a frame at time 50.486s ++++
the 100th message counter  has been visited 6 times  
++++ frame_probe ID: 850 receives a frame at time 50.5756s ++++
++++ frame_probe ID: 860 receives a frame at time 50.6165s ++++
++++ frame_probe ID: 1010 receives a frame at time 50.6246s ++++
INFO: Detected an invalid packet at item 512
INFO: Parser returned #f
INFO: Detected an invalid packet at item 544
INFO: Parser returned #f
++++ frame_probe ID: 882 receives a frame at time 50.6478s ++++
++++ frame_probe ID: 883 receives a frame at time 50.6479s ++++
++++ frame_probe ID: 890 receives a frame at time 50.6479s ++++
the 100th message counter  has been visited 7 times  
++++ frame_probe ID: 850 receives a frame at time 50.7353s ++++
++++ frame_probe ID: 860 receives a frame at time 50.7762s ++++
INFO: Detected an invalid packet at item 608
INFO: Parser returned #f
++++ frame_probe ID: 1010 receives a frame at time 50.7871s ++++
INFO: Detected an invalid packet at item 640
INFO: Parser returned #f
++++ frame_probe ID: 882 receives a frame at time 50.811s ++++
++++ frame_probe ID: 883 receives a frame at time 50.8111s ++++
++++ frame_probe ID: 890 receives a frame at time 50.8112s ++++
the 100th message counter  has been visited 8 times  
++++ frame_probe ID: 850 receives a frame at time 50.893s ++++
++++ frame_probe ID: 860 receives a frame at time 50.934s ++++
++++ frame_probe ID: 1010 receives a frame at time 50.9404s ++++
INFO: Detected an invalid packet at item 704
INFO: Parser returned #f
INFO: Detected an invalid packet at item 736
INFO: Parser returned #f
++++ frame_probe ID: 882 receives a frame at time 50.9645s ++++
++++ frame_probe ID: 883 receives a frame at time 50.9646s ++++
++++ frame_probe ID: 890 receives a frame at time 50.9647s ++++
the 100th message counter  has been visited 9 times  
++++ frame_probe ID: 850 receives a frame at time 51.052s ++++
++++ frame_probe ID: 860 receives a frame at time 51.0929s ++++
INFO: Detected an invalid packet at item 800
INFO: Parser returned #f
++++ frame_probe ID: 1010 receives a frame at time 51.1036s ++++
Measurement 1 raw data directory created /home/inets/0_ba/bachelor_thesis/measurements/debug/data/89/1/.
'/home/inets/source/gr-inets/results/receiver_data_received.txt' -> '/home/inets/0_ba/bachelor_thesis/measurements/debug/data/89/1/receiver_data_received.txt'
'/home/inets/source/gr-inets/results/sender_ack_received.txt' -> '/home/inets/0_ba/bachelor_thesis/measurements/debug/data/89/1/sender_ack_received.txt'
'/home/inets/source/gr-inets/results/sender_bfr_dq.txt' -> '/home/inets/0_ba/bachelor_thesis/measurements/debug/data/89/1/sender_bfr_dq.txt'
'/home/inets/source/gr-inets/results/sender_data_sent.txt' -> '/home/inets/0_ba/bachelor_thesis/measurements/debug/data/89/1/sender_data_sent.txt'
Measurement 1 raw data moved to /home/inets/0_ba/bachelor_thesis/measurements/debug/data/89/1/.

Now processing results...
Plotting Python should be: python3 (UBUNTU).
Hello from rtt.py!
Hello from variables.py!
Hello from throughput.py!
Hello from variables.py!
[ 10000.]

+--------------------------------------------------------------+
| Plotting completed. Until the next measurement session then! |
+--------------------------------------------------------------+
