measurement 1/2 complete in 4 second(s).
linux; GNU C++ version 5.4.0 20160609; Boost_105800; UHD_003.009.005-45-g6768a615
linux; GNU C++ version 5.4.0 20160609; Boost_105800; UHD_003.009.005-45-g6768a615


Using Volk machine: avx_64_mmx
-- Opening a USRP2/N-Series device...
Using Volk machine: avx_64_mmx
-- Opening a USRP2/N-Series device...
-- Current recv frame size: 1472 bytes
-- Current recv frame size: 1472 bytes
-- Current send frame size: 1472 bytes
-- Current send frame size: 1472 bytes
measurement 1/2 complete in 3 second(s).
develop mode of resend_check ID: 24 is activated.
the 880th message counter is activated.
the 100th message counter is activated.
the 100th message counter is activated.
measurement 1/2 complete in 2 second(s).
node starts running at 2.84226
node starts running at 2.84226
++++ frame_probe ID: 850 receives a frame at time 2.95802s ++++
INFO: Detected an invalid packet at item 0
INFO: Parser returned #f
++++ frame_probe ID: 860 receives a frame at time 2.99978s ++++
measurement 1/2 complete in 1 second(s).
a data frame with index 0 from node: 3 has been transmitted 1th time
++++ frame_probe ID: 850 receives a frame at time 3.13479s ++++
INFO: Detected an invalid packet at item 32
INFO: Parser returned #f
++++ frame_probe ID: 860 receives a frame at time 3.17572s ++++
INFO: Detected an invalid packet at item 0
INFO: Parser returned #f
a data frame with index 0 from node: 3 has been transmitted 2th time
++++ frame_probe ID: 850 receives a frame at time 3.32095s ++++
INFO: Detected an invalid packet at item 64
INFO: Parser returned #f
++++ frame_probe ID: 860 receives a frame at time 3.3618s ++++
INFO: Detected an invalid packet at item 32
INFO: Parser returned #f
a data frame with index 0 from node: 3 has been transmitted 3th time
++++ frame_probe ID: 850 receives a frame at time 3.52178s ++++
++++ frame_probe ID: 860 receives a frame at time 3.56271s ++++
a data frame with index 0 from node: 3 has been transmitted 4th time
++++ frame_probe ID: 850 receives a frame at time 3.73286s ++++
INFO: Detected an invalid packet at item 128
INFO: Parser returned #f
++++ frame_probe ID: 860 receives a frame at time 3.77343s ++++
a data frame with index 0 from node: 3 has been transmitted 5th time
++++ frame_probe ID: 850 receives a frame at time 3.97806s ++++
++++ frame_probe ID: 860 receives a frame at time 4.01864s ++++
measurement 1 raw data directory created /home/inets/0_ba/bachelor_thesis/measurements/debug/data/115/1/.
'/home/inets/source/gr-inets/results/sender_bfr_dq.txt' -> '/home/inets/0_ba/bachelor_thesis/measurements/debug/data/115/1/sender_bfr_dq.txt'
'/home/inets/source/gr-inets/results/sender_data_sent.txt' -> '/home/inets/0_ba/bachelor_thesis/measurements/debug/data/115/1/sender_data_sent.txt'
measurement 1 raw data moved to /home/inets/0_ba/bachelor_thesis/measurements/debug/data/115/1/.

measurement 2/2 complete in 4 second(s).
linux; GNU C++ version 5.4.0 20160609; Boost_105800; UHD_003.009.005-45-g6768a615
linux; GNU C++ version 5.4.0 20160609; Boost_105800; UHD_003.009.005-45-g6768a615


Using Volk machine: avx_64_mmx
-- Opening a USRP2/N-Series device...
Using Volk machine: avx_64_mmx
-- Opening a USRP2/N-Series device...
-- Current recv frame size: 1472 bytes
-- Current send frame size: 1472 bytes
-- Current recv frame size: 1472 bytes
-- Current send frame size: 1472 bytes
measurement 2/2 complete in 3 second(s).
develop mode of resend_check ID: 24 is activated.
the 100th message counter is activated.
the 880th message counter is activated.
the 100th message counter is activated.
measurement 2/2 complete in 2 second(s).
node starts running at 6.42856
node starts running at 6.45047
++++ frame_probe ID: 850 receives a frame at time 6.48982s ++++
++++ frame_probe ID: 860 receives a frame at time 6.53103s ++++
INFO: Detected an invalid packet at item 0
INFO: Parser returned #f
a data frame with index 0 from node: 3 has been transmitted 1th time
++++ frame_probe ID: 850 receives a frame at time 6.66101s ++++
++++ frame_probe ID: 860 receives a frame at time 6.7019s ++++
INFO: Detected an invalid packet at item 32
INFO: Parser returned #f
INFO: Detected an invalid packet at item 64
INFO: Parser returned #f
a data frame with index 0 from node: 3 has been transmitted 2th time
++++ frame_probe ID: 850 receives a frame at time 6.83227s ++++
INFO: Detected an invalid packet at item 64
INFO: Parser returned #f
++++ frame_probe ID: 860 receives a frame at time 6.87325s ++++
INFO: Detected an invalid packet at item 96
INFO: Parser returned #f
a data frame with index 0 from node: 3 has been transmitted 3th time
++++ frame_probe ID: 850 receives a frame at time 7.0187s ++++
INFO: Detected an invalid packet at item 96
INFO: Parser returned #f
++++ frame_probe ID: 860 receives a frame at time 7.05959s ++++
INFO: Detected an invalid packet at item 128
INFO: Parser returned #f
INFO: Detected an invalid packet at item 160
INFO: Parser returned #f
measurement 2/2 complete in 1 second(s).
a data frame with index 0 from node: 3 has been transmitted 4th time
++++ frame_probe ID: 850 receives a frame at time 7.21478s ++++
INFO: Detected an invalid packet at item 128
INFO: Parser returned #f
++++ frame_probe ID: 860 receives a frame at time 7.25603s ++++
INFO: Detected an invalid packet at item 192
INFO: Parser returned #f
INFO: Detected an invalid packet at item 224
INFO: Parser returned #f
a data frame with index 0 from node: 3 has been transmitted 5th time
++++ frame_probe ID: 850 receives a frame at time 7.39609s ++++
INFO: Detected an invalid packet at item 160
INFO: Parser returned #f
++++ frame_probe ID: 860 receives a frame at time 7.43703s ++++
INFO: Detected an invalid packet at item 256
INFO: Parser returned #f
frame: 0 from node: 3 is dropped because its max retransmission counter is reached. 
counter ID 880 results at time 1607.63 is 5
+++++++++ frame_probe ID: 1 +++++++++ ---- data frame detected ---- frame index is:            0;    destination address is:    1;    source address is:         3;    number of transmission is: 6;    reserved field I is:       318;    reserved field II is:      524;    payload length is:           837;    header length is:          11;    address check is:          0;    good frame is:             0;    frame info contains a frame with length 852 bytes: input time_stamp is: 7.39601
++++ frame_probe ID: 850 receives a frame at time 7.65193s ++++
INFO: Detected an invalid packet at item 192
INFO: Parser returned #f
++++ frame_probe ID: 860 receives a frame at time 7.69283s ++++
a data frame with index 1 from node: 3 has been transmitted 1th time
++++ frame_probe ID: 850 receives a frame at time 7.82293s ++++
INFO: Detected an invalid packet at item 224
INFO: Parser returned #f
++++ frame_probe ID: 860 receives a frame at time 7.86384s ++++
INFO: Detected an invalid packet at item 288
INFO: Parser returned #f
a data frame with index 1 from node: 3 has been transmitted 2th time
++++ frame_probe ID: 850 receives a frame at time 7.99396s ++++
++++ frame_probe ID: 860 receives a frame at time 8.03481s ++++
INFO: Detected an invalid packet at item 320
INFO: Parser returned #f
measurement 2 raw data directory created /home/inets/0_ba/bachelor_thesis/measurements/debug/data/115/2/.
'/home/inets/source/gr-inets/results/sender_bfr_dq.txt' -> '/home/inets/0_ba/bachelor_thesis/measurements/debug/data/115/2/sender_bfr_dq.txt'
'/home/inets/source/gr-inets/results/sender_data_sent.txt' -> '/home/inets/0_ba/bachelor_thesis/measurements/debug/data/115/2/sender_data_sent.txt'
'/home/inets/source/gr-inets/results/sender_retransmissions.txt' -> '/home/inets/0_ba/bachelor_thesis/measurements/debug/data/115/2/sender_retransmissions.txt'
measurement 2 raw data moved to /home/inets/0_ba/bachelor_thesis/measurements/debug/data/115/2/.

now processing results...
plotting python should be: python3 (ubuntu).
Hello from rtt.py!
hello from variables.py!
Hello from throughput.py!
hello from variables.py!

+--------------------------------------------------------------+
| plotting completed. until the next measurement session then! |
+--------------------------------------------------------------+
