measurement 1/2 complete in 4 second(s).
linux; GNU C++ version 5.4.0 20160609; Boost_105800; UHD_003.009.005-45-g6768a615
linux; GNU C++ version 5.4.0 20160609; Boost_105800; UHD_003.009.005-45-g6768a615


Using Volk machine: avx_64_mmx
-- Opening a USRP2/N-Series device...
Using Volk machine: avx_64_mmx
-- Opening a USRP2/N-Series device...
-- Current recv frame size: 1472 bytes
-- Current send frame size: 1472 bytes
-- Current recv frame size: 1472 bytes
-- Current send frame size: 1472 bytes
measurement 1/2 complete in 3 second(s).
develop mode of resend_check ID: 24 is activated.
the 880th message counter is activated.
the 100th message counter is activated.
the 100th message counter is activated.
measurement 1/2 complete in 2 second(s).
node starts running at 29.9884
node starts running at 29.9893
++++ frame_probe ID: 850 receives a frame at time 30.0184s ++++
++++ frame_probe ID: 860 receives a frame at time 30.0591s ++++
INFO: Detected an invalid packet at item 0
INFO: Parser returned #f
a data frame with index 0 from node: 3 has been transmitted 1th time
++++ frame_probe ID: 850 receives a frame at time 30.189s ++++
++++ frame_probe ID: 860 receives a frame at time 30.2296s ++++
INFO: Detected an invalid packet at item 32
INFO: Parser returned #f
a data frame with index 0 from node: 3 has been transmitted 2th time
++++ frame_probe ID: 850 receives a frame at time 30.374s ++++
++++ frame_probe ID: 860 receives a frame at time 30.4148s ++++
INFO: Detected an invalid packet at item 64
INFO: Parser returned #f
a data frame with index 0 from node: 3 has been transmitted 3th time
++++ frame_probe ID: 850 receives a frame at time 30.5693s ++++
++++ frame_probe ID: 860 receives a frame at time 30.6101s ++++
INFO: Detected an invalid packet at item 96
INFO: Parser returned #f
measurement 1/2 complete in 1 second(s).
a data frame with index 0 from node: 3 has been transmitted 4th time
++++ frame_probe ID: 850 receives a frame at time 30.7604s ++++
++++ frame_probe ID: 860 receives a frame at time 30.8009s ++++
INFO: Detected an invalid packet at item 128
INFO: Parser returned #f
a data frame with index 0 from node: 3 has been transmitted 5th time
++++ frame_probe ID: 850 receives a frame at time 31.0054s ++++
INFO: Detected an invalid packet at item 160
INFO: Parser returned #f
++++ frame_probe ID: 860 receives a frame at time 31.0463s ++++
INFO: Detected an invalid packet at item 160
INFO: Parser returned #f
frame: 0 from node: 3 is dropped because its max retransmission counter is reached. 
+++++++++ frame_probe ID: 1 +++++++++ ---- data frame detected ---- frame index is:            0;    destination address is:    1;    source address is:         3;    number of transmission is: 6;    reserved field I is:       318;    reserved field II is:      524;    payload length is:           837;    header length is:          11;    address check is:          0;    good frame is:             0;    frame info contains a frame with length 852 bytes: input time_stamp is: 31.0054
counter ID 880 results at time 1731.38 is 5
++++ frame_probe ID: 850 receives a frame at time 31.3959s ++++
INFO: Detected an invalid packet at item 192
INFO: Parser returned #f
++++ frame_probe ID: 860 receives a frame at time 31.4364s ++++
INFO: Detected an invalid packet at item 192
INFO: Parser returned #f
a data frame with index 1 from node: 3 has been transmitted 1th time
++++ frame_probe ID: 850 receives a frame at time 31.5715s ++++
++++ frame_probe ID: 860 receives a frame at time 31.6124s ++++
INFO: Detected an invalid packet at item 224
INFO: Parser returned #f
measurement 1 raw data directory created /home/inets/0_ba/bachelor_thesis/measurements/debug/data/118/1/.
'/home/inets/source/gr-inets/results/sender_bfr_dq.txt' -> '/home/inets/0_ba/bachelor_thesis/measurements/debug/data/118/1/sender_bfr_dq.txt'
'/home/inets/source/gr-inets/results/sender_data_sent.txt' -> '/home/inets/0_ba/bachelor_thesis/measurements/debug/data/118/1/sender_data_sent.txt'
'/home/inets/source/gr-inets/results/sender_retransmissions.txt' -> '/home/inets/0_ba/bachelor_thesis/measurements/debug/data/118/1/sender_retransmissions.txt'
measurement 1 raw data moved to /home/inets/0_ba/bachelor_thesis/measurements/debug/data/118/1/.

measurement 2/2 complete in 4 second(s).
linux; GNU C++ version 5.4.0 20160609; Boost_105800; UHD_003.009.005-45-g6768a615
linux; GNU C++ version 5.4.0 20160609; Boost_105800; UHD_003.009.005-45-g6768a615


Using Volk machine: avx_64_mmx
-- Opening a USRP2/N-Series device...
Using Volk machine: avx_64_mmx
-- Opening a USRP2/N-Series device...
-- Current recv frame size: 1472 bytes
-- Current send frame size: 1472 bytes
-- Current recv frame size: 1472 bytes
-- Current send frame size: 1472 bytes
measurement 2/2 complete in 3 second(s).
develop mode of resend_check ID: 24 is activated.
the 100th message counter is activated.
the 880th message counter is activated.
the 100th message counter is activated.
measurement 2/2 complete in 2 second(s).
node starts running at 34.003
node starts running at 34.006
++++ frame_probe ID: 850 receives a frame at time 34.1359s ++++
++++ frame_probe ID: 860 receives a frame at time 34.1768s ++++
INFO: Detected an invalid packet at item 0
INFO: Parser returned #f
a data frame with index 0 from node: 3 has been transmitted 1th time
++++ frame_probe ID: 850 receives a frame at time 34.3125s ++++
++++ frame_probe ID: 860 receives a frame at time 34.3533s ++++
INFO: Detected an invalid packet at item 32
INFO: Parser returned #f
a data frame with index 0 from node: 3 has been transmitted 2th time
++++ frame_probe ID: 850 receives a frame at time 34.4929s ++++
++++ frame_probe ID: 860 receives a frame at time 34.5335s ++++
INFO: Detected an invalid packet at item 64
INFO: Parser returned #f
a data frame with index 0 from node: 3 has been transmitted 3th time
++++ frame_probe ID: 850 receives a frame at time 34.6688s ++++
measurement 2/2 complete in 1 second(s).
++++ frame_probe ID: 860 receives a frame at time 34.7094s ++++
INFO: Detected an invalid packet at item 96
INFO: Parser returned #f
a data frame with index 0 from node: 3 has been transmitted 4th time
++++ frame_probe ID: 850 receives a frame at time 34.8997s ++++
++++ frame_probe ID: 860 receives a frame at time 34.9403s ++++
a data frame with index 0 from node: 3 has been transmitted 5th time
++++ frame_probe ID: 850 receives a frame at time 35.1003s ++++
++++ frame_probe ID: 860 receives a frame at time 35.1409s ++++
frame: 0 from node: 3 is dropped because its max retransmission counter is reached. 
counter ID 880 results at time +++++++++ frame_probe ID: 1 +++++++++ ---- data frame detected ---- 1735.51 is 5
frame index is:            0;    destination address is:    1;    source address is:         3;    number of transmission is: 6;    reserved field I is:       318;    reserved field II is:      524;    payload length is:           837;    header length is:          11;    address check is:          0;    good frame is:             0;    frame info contains a frame with length 852 bytes: input time_stamp is: 35.1003
++++ frame_probe ID: 850 receives a frame at time 35.526s ++++
++++ frame_probe ID: 860 receives a frame at time 35.5665s ++++
INFO: Detected an invalid packet at item 128
INFO: Parser returned #f
measurement 2 raw data directory created /home/inets/0_ba/bachelor_thesis/measurements/debug/data/118/2/.
'/home/inets/source/gr-inets/results/sender_bfr_dq.txt' -> '/home/inets/0_ba/bachelor_thesis/measurements/debug/data/118/2/sender_bfr_dq.txt'
'/home/inets/source/gr-inets/results/sender_data_sent.txt' -> '/home/inets/0_ba/bachelor_thesis/measurements/debug/data/118/2/sender_data_sent.txt'
'/home/inets/source/gr-inets/results/sender_retransmissions.txt' -> '/home/inets/0_ba/bachelor_thesis/measurements/debug/data/118/2/sender_retransmissions.txt'
measurement 2 raw data moved to /home/inets/0_ba/bachelor_thesis/measurements/debug/data/118/2/.

now processing results...
plotting python should be: python3 (ubuntu).
Hello from rtt.py!
hello from variables.py!
data_sent: 1500381730.018438
data_sent: 1500381730.189024
data_sent: 1500381730.374040
data_sent: 1500381730.569349
data_sent: 1500381730.760370
data_sent: 1500381731.005447
data_sent: 1500381731.395863
data_sent: 1500381731.571498
File /home/inets/0_ba/bachelor_thesis/measurements/debug/data/118/1/sender_ack_received.txt not found.                 Assuming not reached in GR.
retx: [5]
Last data frame wasnt acked (max tries).                         Termintating calculation here.

The resulting RTTs of this single measurement are:
[]


