measurement 1/2 complete in 4 second(s).
linux; GNU C++ version 5.4.0 20160609; Boost_105800; UHD_003.009.005-45-g6768a615
linux; GNU C++ version 5.4.0 20160609; Boost_105800; UHD_003.009.005-45-g6768a615


Using Volk machine: avx_64_mmx
-- Opening a USRP2/N-Series device...
Using Volk machine: avx_64_mmx
-- Opening a USRP2/N-Series device...
-- Current recv frame size: 1472 bytes
-- Current send frame size: 1472 bytes
-- Current recv frame size: 1472 bytes
-- Current send frame size: 1472 bytes
measurement 1/2 complete in 3 second(s).
develop mode of resend_check ID: 24 is activated.
develop mode of resend_check ID: 24 is activated.
the 100th message counter is activated.
the 880th message counter is activated.
the 100th message counter is activated.
measurement 1/2 complete in 2 second(s).
node starts running at 27.7931
node starts running at 27.7975
++++ frame_probe ID: 1050 receives a frame at time 27.9182s ++++
++++ frame_probe ID: 1060 receives a frame at time 27.9592s ++++
++++ frame_probe ID: 882 receives a frame at time 27.9641s ++++
++++ frame_probe ID: 883 receives a frame at time 27.9641s ++++
++++ frame_probe ID: 884 receives a frame at time 27.9641s ++++
++++ frame_probe ID: 890 receives a frame at time 27.9642s ++++
++++ frame_probe ID: 860 receives a frame at time 27.9722s ++++
INFO: Detected an invalid packet at item 32
INFO: Parser returned #f
++++ frame_probe ID: 1082 receives a frame at time 27.9789s ++++
++++ frame_probe ID: 1083 receives a frame at time 27.9789s ++++
++++ frame_probe ID: 1084 receives a frame at time 27.979s ++++
counter ID 880 results at time 227.979 is 0++++ frame_probe ID: 
1090 receives a frame at time 27.979s ++++
++++ frame_probe ID: 882 receives a frame at time 27.9839s ++++
the 100th message counter node3_acked has been visited 1 times  
++++ frame_probe ID: 1050 receives a frame at time 28.1553s ++++
++++ frame_probe ID: 1060 receives a frame at time 28.196s ++++
++++ frame_probe ID: 882 receives a frame at time 28.2048s ++++
++++ frame_probe ID: 883 receives a frame at time 28.2049s ++++
++++ frame_probe ID: 884 receives a frame at time 28.2049s ++++
++++ frame_probe ID: 890 receives a frame at time 28.205s ++++
++++ frame_probe ID: 860 receives a frame at time 28.2132s ++++
INFO: Detected an invalid packet at item 128
INFO: Parser returned #f
++++ frame_probe ID: 1082 receives a frame at time 28.2191s ++++
++++ frame_probe ID: 1083 receives a frame at time 28.2191s ++++
++++ frame_probe ID: 1084 receives a frame at time 28.2191s ++++
counter ID 880 results at time ++++ frame_probe ID: 1090 receives a frame at time 228.219 is 0
28.2192s ++++
++++ frame_probe ID: 882 receives a frame at time 28.2239s ++++
the 100th message counter node3_acked has been visited 2 times  
++++ frame_probe ID: 1050 receives a frame at time 28.2935s ++++
++++ frame_probe ID: 1060 receives a frame at time 28.3343s ++++
++++ frame_probe ID: 882 receives a frame at time 28.3391s ++++
++++ frame_probe ID: 883 receives a frame at time 28.3392s ++++
++++ frame_probe ID: 884 receives a frame at time 28.3392s ++++
++++ frame_probe ID: 890 receives a frame at time 28.3392s ++++
++++ frame_probe ID: 860 receives a frame at time 28.3474s ++++
INFO: Detected an invalid packet at item 224
INFO: Parser returned #f
++++ frame_probe ID: 1082 receives a frame at time 28.3541s ++++
++++ frame_probe ID: 1083 receives a frame at time 28.3541s ++++
++++ frame_probe ID: 1084 receives a frame at time 28.3541s ++++
counter ID 880 results at time ++++ frame_probe ID: 1090 receives a frame at time 228.354 is 0
28.3542s ++++
++++ frame_probe ID: 882 receives a frame at time 28.3584s ++++
measurement 1/2 complete in 1 second(s).
the 100th message counter node3_acked has been visited 3 times  
++++ frame_probe ID: 1050 receives a frame at time 28.4236s ++++
++++ frame_probe ID: 1060 receives a frame at time 28.4642s ++++
++++ frame_probe ID: 882 receives a frame at time 28.4734s ++++
++++ frame_probe ID: 883 receives a frame at time 28.4735s ++++
++++ frame_probe ID: 884 receives a frame at time 28.4735s ++++
++++ frame_probe ID: 890 receives a frame at time 28.4735s ++++
++++ frame_probe ID: 860 receives a frame at time 28.4816s ++++
INFO: Detected an invalid packet at item 320
INFO: Parser returned #f
++++ frame_probe ID: 1082 receives a frame at time 28.4884s ++++
++++ frame_probe ID: 1083 receives a frame at time 28.4884s ++++
++++ frame_probe ID: 1084 receives a frame at time 28.4884s ++++
counter ID 880 results at time ++++ frame_probe ID: 1090 receives a frame at time 228.488 is 28.48850
s ++++
++++ frame_probe ID: 882 receives a frame at time 28.4927s ++++
the 100th message counter node3_acked has been visited 4 times  
++++ frame_probe ID: 1050 receives a frame at time 28.5948s ++++
++++ frame_probe ID: 1060 receives a frame at time 28.6356s ++++
++++ frame_probe ID: 882 receives a frame at time 28.6458s ++++
++++ frame_probe ID: 883 receives a frame at time 28.6459s ++++
++++ frame_probe ID: 884 receives a frame at time 28.646s ++++
++++ frame_probe ID: 890 receives a frame at time 28.646s ++++
++++ frame_probe ID: 860 receives a frame at time 28.6543s ++++
INFO: Detected an invalid packet at item 416
INFO: Parser returned #f
++++ frame_probe ID: 1082 receives a frame at time 28.6609s ++++
++++ frame_probe ID: 1083 receives a frame at time 28.6609s ++++
++++ frame_probe ID: 1084 receives a frame at time 28.6609s ++++
counter ID 880 results at time 228.661 is 0
++++ frame_probe ID: 1090 receives a frame at time 28.661s ++++
++++ frame_probe ID: 882 receives a frame at time 28.6652s ++++
the 100th message counter node3_acked has been visited 5 times  
++++ frame_probe ID: 1050 receives a frame at time 28.7733s ++++
++++ frame_probe ID: 1060 receives a frame at time 28.8144s ++++
++++ frame_probe ID: 882 receives a frame at time 28.8183s ++++
++++ frame_probe ID: 883 receives a frame at time 28.8183s ++++
++++ frame_probe ID: 884 receives a frame at time 28.8183s ++++
++++ frame_probe ID: 890 receives a frame at time 28.8184s ++++
++++ frame_probe ID: 860 receives a frame at time 28.8265s ++++
INFO: Detected an invalid packet at item 512
INFO: Parser returned #f
++++ frame_probe ID: 1082 receives a frame at time 28.8334s ++++
++++ frame_probe ID: 1083 receives a frame at time 28.8334s ++++
++++ frame_probe ID: 1084 receives a frame at time 28.8335s ++++
counter ID 880 results at time ++++ frame_probe ID: 228.8331090 is  receives a frame at time 0
28.8335s ++++
++++ frame_probe ID: 882 receives a frame at time 28.8375s ++++
the 100th message counter node3_acked has been visited 6 times  
++++ frame_probe ID: 1050 receives a frame at time 28.9228s ++++
++++ frame_probe ID: 1060 receives a frame at time 28.9636s ++++
++++ frame_probe ID: 882 receives a frame at time 28.9716s ++++
++++ frame_probe ID: 883 receives a frame at time 28.9717s ++++
++++ frame_probe ID: 884 receives a frame at time 28.9717s ++++
++++ frame_probe ID: 890 receives a frame at time 28.9717s ++++
++++ frame_probe ID: 860 receives a frame at time 28.9799s ++++
INFO: Detected an invalid packet at item 608
INFO: Parser returned #f
++++ frame_probe ID: 1082 receives a frame at time 28.9874s ++++
++++ frame_probe ID: 1083 receives a frame at time 28.9874s ++++
++++ frame_probe ID: 1084 receives a frame at time 28.9875s ++++
counter ID 880 results at time ++++ frame_probe ID: 1090 receives a frame at time 228.988 is 0
28.9875s ++++
++++ frame_probe ID: 882 receives a frame at time 28.9908s ++++
the 100th message counter node3_acked has been visited 7 times  
++++ frame_probe ID: 1050 receives a frame at time 29.0558s ++++
++++ frame_probe ID: 1060 receives a frame at time 29.0964s ++++
++++ frame_probe ID: 882 receives a frame at time 29.1059s ++++
++++ frame_probe ID: 883 receives a frame at time 29.106s ++++
++++ frame_probe ID: 884 receives a frame at time 29.106s ++++
++++ frame_probe ID: 890 receives a frame at time 29.1061s ++++
++++ frame_probe ID: 860 receives a frame at time 29.1142s ++++
INFO: Detected an invalid packet at item 704
INFO: Parser returned #f
INFO: Detected an invalid packet at item 224
INFO: Parser returned #f
++++ frame_probe ID: 882 receives a frame at time 29.1252s ++++
a data frame with index 7 from node: 3 has been transmitted 1th time
++++ frame_probe ID: 1050 receives a frame at time 29.2315s ++++
++++ frame_probe ID: 1060 receives a frame at time 29.2724s ++++
++++ frame_probe ID: 882 receives a frame at time 29.2785s ++++
++++ frame_probe ID: 883 receives a frame at time 29.2785s ++++
++++ frame_probe ID: 884 receives a frame at time 29.2786s ++++
++++ frame_probe ID: 890 receives a frame at time 29.2786s ++++
++++ frame_probe ID: 860 receives a frame at time 29.2868s ++++
INFO: Detected an invalid packet at item 800
INFO: Parser returned #f
++++ frame_probe ID: 1082 receives a frame at time 29.2943s ++++
++++ frame_probe ID: 1083 receives a frame at time 29.2944s ++++
++++ frame_probe ID: 1084 receives a frame at time 29.2944s ++++
counter ID 880 results at time 229.294 is 1
++++ frame_probe ID: 1090 receives a frame at time 29.2944s ++++
++++ frame_probe ID: 882 receives a frame at time 29.2978s ++++
the 100th message counter node3_acked has been visited 8 times  
++++ frame_probe ID: 1050 receives a frame at time 29.3657s ++++
measurement 1 raw data directory created /home/inets/0_ba/bachelor_thesis/measurements/debug/data/178/1/.
'/home/inets/source/gr-inets/results/receiver_ack_sent.txt' -> '/home/inets/0_ba/bachelor_thesis/measurements/debug/data/178/1/receiver_ack_sent.txt'
'/home/inets/source/gr-inets/results/receiver_data_received.txt' -> '/home/inets/0_ba/bachelor_thesis/measurements/debug/data/178/1/receiver_data_received.txt'
'/home/inets/source/gr-inets/results/receiver_frame_anlyzed.txt' -> '/home/inets/0_ba/bachelor_thesis/measurements/debug/data/178/1/receiver_frame_anlyzed.txt'
'/home/inets/source/gr-inets/results/receiver_frame_checked_good.txt' -> '/home/inets/0_ba/bachelor_thesis/measurements/debug/data/178/1/receiver_frame_checked_good.txt'
'/home/inets/source/gr-inets/results/receiver_frame_received.txt' -> '/home/inets/0_ba/bachelor_thesis/measurements/debug/data/178/1/receiver_frame_received.txt'
'/home/inets/source/gr-inets/results/sender_ack_received.txt' -> '/home/inets/0_ba/bachelor_thesis/measurements/debug/data/178/1/sender_ack_received.txt'
'/home/inets/source/gr-inets/results/sender_bfr_dq.txt' -> '/home/inets/0_ba/bachelor_thesis/measurements/debug/data/178/1/sender_bfr_dq.txt'
'/home/inets/source/gr-inets/results/sender_data_sent.txt' -> '/home/inets/0_ba/bachelor_thesis/measurements/debug/data/178/1/sender_data_sent.txt'
'/home/inets/source/gr-inets/results/sender_frame_anlyzed.txt' -> '/home/inets/0_ba/bachelor_thesis/measurements/debug/data/178/1/sender_frame_anlyzed.txt'
'/home/inets/source/gr-inets/results/sender_frame_checked_good.txt' -> '/home/inets/0_ba/bachelor_thesis/measurements/debug/data/178/1/sender_frame_checked_good.txt'
'/home/inets/source/gr-inets/results/sender_frame_received.txt' -> '/home/inets/0_ba/bachelor_thesis/measurements/debug/data/178/1/sender_frame_received.txt'
'/home/inets/source/gr-inets/results/sender_retransmissions.txt' -> '/home/inets/0_ba/bachelor_thesis/measurements/debug/data/178/1/sender_retransmissions.txt'
measurement 1 raw data moved to /home/inets/0_ba/bachelor_thesis/measurements/debug/data/178/1/.

measurement 2/2 complete in 4 second(s).
linux; GNU C++ version 5.4.0 20160609; Boost_105800; UHD_003.009.005-45-g6768a615
linux; GNU C++ version 5.4.0 20160609; Boost_105800; UHD_003.009.005-45-g6768a615


Using Volk machine: avx_64_mmx
-- Opening a USRP2/N-Series device...
Using Volk machine: avx_64_mmx
-- Opening a USRP2/N-Series device...
-- Current recv frame size: 1472 bytes
-- Current send frame size: 1472 bytes
-- Current recv frame size: 1472 bytes
-- Current send frame size: 1472 bytes
measurement 2/2 complete in 3 second(s).
develop mode of resend_check ID: 24 is activated.
develop mode of resend_check ID: 24 is activated.
the 100th message counter is activated.
the 880th message counter is activated.
the 100th message counter is activated.
measurement 2/2 complete in 2 second(s).
node starts running at 31.7444
node starts running at 31.7588
++++ frame_probe ID: 1050 receives a frame at time 31.9005s ++++
++++ frame_probe ID: 1060 receives a frame at time 31.9416s ++++
++++ frame_probe ID: 882 receives a frame at time 31.9469s ++++
++++ frame_probe ID: 884 receives a frame at time ++++ frame_probe ID: 883 receives a frame at time 31.947s ++++
31.947s ++++
++++ frame_probe ID: 890 receives a frame at time 31.9471s ++++
++++ frame_probe ID: 860 receives a frame at time 31.9554s ++++
INFO: Detected an invalid packet at item 32
INFO: Parser returned #f
++++ frame_probe ID: 1082 receives a frame at time 31.9644s ++++
++++ frame_probe ID: 1083 receives a frame at time 31.9644s ++++
++++ frame_probe ID: 1084 receives a frame at time 31.9645s ++++
counter ID 880 results at time ++++ frame_probe ID: 1090 receives a frame at time 231.964 is 0
31.9645s ++++
++++ frame_probe ID: 882 receives a frame at time 31.9662s ++++
the 100th message counter node3_acked has been visited 1 times  
++++ frame_probe ID: 1050 receives a frame at time 32.0809s ++++
++++ frame_probe ID: 1060 receives a frame at time 32.1218s ++++
++++ frame_probe ID: 882 receives a frame at time 32.1292s ++++
++++ frame_probe ID: 883 receives a frame at time 32.1293s ++++
++++ frame_probe ID: 884 receives a frame at time 32.1293s ++++
++++ frame_probe ID: 890 receives a frame at time 32.1294s ++++
++++ frame_probe ID: 860 receives a frame at time 32.1377s ++++
INFO: Detected an invalid packet at item 128
INFO: Parser returned #f
++++ frame_probe ID: 1082 receives a frame at time 32.1467s ++++
++++ frame_probe ID: 1083 receives a frame at time 32.1467s ++++
++++ frame_probe ID: 1084 receives a frame at time 32.1467s ++++
counter ID 880 results at time 232.147++++ frame_probe ID:  is 01090 receives a frame at time 
32.1468s ++++
++++ frame_probe ID: 882 receives a frame at time 32.1485s ++++
the 100th message counter node3_acked has been visited 2 times  
++++ frame_probe ID: 1050 receives a frame at time 32.2182s ++++
++++ frame_probe ID: 1060 receives a frame at time 32.2591s ++++
++++ frame_probe ID: 882 receives a frame at time 32.2636s ++++
++++ frame_probe ID: 883 receives a frame at time 32.2636s ++++
++++ frame_probe ID: 884 receives a frame at time 32.2637s ++++
++++ frame_probe ID: 890 receives a frame at time 32.2637s ++++
++++ frame_probe ID: 860 receives a frame at time 32.272s ++++
INFO: Detected an invalid packet at item 224
INFO: Parser returned #f
++++ frame_probe ID: 1082 receives a frame at time 32.281s ++++
++++ frame_probe ID: 1083 receives a frame at time 32.2811s ++++
++++ frame_probe ID: 1084 receives a frame at time 32.2812s ++++
counter ID 880 results at time 232.281 is 0
++++ frame_probe ID: 1090 receives a frame at time 32.2812s ++++
++++ frame_probe ID: 882 receives a frame at time 32.283s ++++
the 100th message counter node3_acked has been visited 3 times  
++++ frame_probe ID: 1050 receives a frame at time 32.3646s ++++
measurement 2/2 complete in 1 second(s).
++++ frame_probe ID: 1060 receives a frame at time 32.4053s ++++
++++ frame_probe ID: 882 receives a frame at time 32.4178s ++++
++++ frame_probe ID: 883 receives a frame at time 32.4178s ++++
++++ frame_probe ID: 884 receives a frame at time 32.4179s ++++
++++ frame_probe ID: 890 receives a frame at time 32.4179s ++++
++++ frame_probe ID: 860 receives a frame at time 32.4262s ++++
INFO: Detected an invalid packet at item 320
INFO: Parser returned #f
++++ frame_probe ID: 1082 receives a frame at time 32.4351s ++++
++++ frame_probe ID: ++++ frame_probe ID: 10831084 receives a frame at time  receives a frame at time 32.4352s ++++
32.4352s ++++
counter ID 880 results at time ++++ frame_probe ID: 1090 receives a frame at time 232.435 is 0
32.4353s ++++
++++ frame_probe ID: 882 receives a frame at time 32.4371s ++++
the 100th message counter node3_acked has been visited 4 times  
++++ frame_probe ID: 1050 receives a frame at time 32.5056s ++++
++++ frame_probe ID: 1060 receives a frame at time 32.5464s ++++
++++ frame_probe ID: 882 receives a frame at time 32.5521s ++++
++++ frame_probe ID: 883 receives a frame at time 32.5522s ++++
++++ frame_probe ID: 884 receives a frame at time 32.5522s ++++
++++ frame_probe ID: 890 receives a frame at time 32.5523s ++++
++++ frame_probe ID: 860 receives a frame at time 32.5604s ++++
INFO: Detected an invalid packet at item 416
INFO: Parser returned #f
++++ frame_probe ID: 1082 receives a frame at time 32.5695s ++++
++++ frame_probe ID: 1084 receives a frame at time ++++ frame_probe ID: 1083 receives a frame at time 32.5696s ++++
32.5696s ++++
counter ID 880 results at time ++++ frame_probe ID: 1090232.57 is  receives a frame at time 0
32.5696s ++++
++++ frame_probe ID: 882 receives a frame at time 32.5714s ++++
the 100th message counter node3_acked has been visited 5 times  
++++ frame_probe ID: 1050 receives a frame at time 32.6679s ++++
++++ frame_probe ID: 1060 receives a frame at time 32.7087s ++++
++++ frame_probe ID: 882 receives a frame at time 32.7144s ++++
++++ frame_probe ID: 883 receives a frame at time 32.7145s ++++
++++ frame_probe ID: 884 receives a frame at time 32.7145s ++++
++++ frame_probe ID: 890 receives a frame at time 32.7146s ++++
++++ frame_probe ID: 860 receives a frame at time 32.7228s ++++
INFO: Detected an invalid packet at item 512
INFO: Parser returned #f
++++ frame_probe ID: 1082 receives a frame at time 32.7321s ++++
++++ frame_probe ID: 1083 receives a frame at time 32.7322s ++++
++++ frame_probe ID: 1084 receives a frame at time 32.7322s ++++
++++ frame_probe ID: counter ID 1090 receives a frame at time 880 results at time 32.7322s ++++
232.732 is 0
++++ frame_probe ID: 882 receives a frame at time 32.7338s ++++
the 100th message counter node3_acked has been visited 6 times  
++++ frame_probe ID: 1050 receives a frame at time 32.8086s ++++
++++ frame_probe ID: 1060 receives a frame at time 32.8494s ++++
++++ frame_probe ID: 882 receives a frame at time 32.8589s ++++
++++ frame_probe ID: 883 receives a frame at time 32.8589s ++++
++++ frame_probe ID: 884 receives a frame at time 32.859s ++++
++++ frame_probe ID: 890 receives a frame at time 32.859s ++++
++++ frame_probe ID: 860 receives a frame at time 32.8673s ++++
INFO: Detected an invalid packet at item 608
INFO: Parser returned #f
++++ frame_probe ID: 1082 receives a frame at time 32.8762s ++++
++++ frame_probe ID: 1083 receives a frame at time 32.8763s ++++
++++ frame_probe ID: 1084 receives a frame at time 32.8764s ++++
counter ID 880 results at time 232.876++++ frame_probe ID:  is 01090 receives a frame at time 
32.8764s ++++
++++ frame_probe ID: 882 receives a frame at time 32.8781s ++++
the 100th message counter node3_acked has been visited 7 times  
++++ frame_probe ID: 1050 receives a frame at time 32.9488s ++++
++++ frame_probe ID: 1060 receives a frame at time 32.9897s ++++
++++ frame_probe ID: 882 receives a frame at time 32.9933s ++++
++++ frame_probe ID: 883 receives a frame at time 32.9933s ++++
++++ frame_probe ID: 884 receives a frame at time 32.9934s ++++
++++ frame_probe ID: 890 receives a frame at time 32.9934s ++++
++++ frame_probe ID: 860 receives a frame at time 33.0016s ++++
INFO: Detected an invalid packet at item 704
INFO: Parser returned #f
INFO: Detected an invalid packet at item 224
INFO: Parser returned #f
++++ frame_probe ID: 882 receives a frame at time 33.0124s ++++
a data frame with index 7 from node: 3 has been transmitted 1th time
++++ frame_probe ID: 1050 receives a frame at time 33.1197s ++++
++++ frame_probe ID: 1060 receives a frame at time 33.1605s ++++
++++ frame_probe ID: 882 receives a frame at time 33.1656s ++++
++++ frame_probe ID: 883 receives a frame at time 33.1657s ++++
++++ frame_probe ID: 884 receives a frame at time 33.1657s ++++
++++ frame_probe ID: 890 receives a frame at time 33.1658s ++++
++++ frame_probe ID: 860 receives a frame at time 33.1739s ++++
INFO: Detected an invalid packet at item 800
INFO: Parser returned #f
++++ frame_probe ID: 1082 receives a frame at time 33.1839s ++++
++++ frame_probe ID: 1083 receives a frame at time 33.184s ++++
++++ frame_probe ID: 1084 receives a frame at time 33.184s ++++
counter ID 880 results at time ++++ frame_probe ID: 1090 receives a frame at time 233.184 is 1
33.1841s ++++
++++ frame_probe ID: 882 receives a frame at time 33.1849s ++++
the 100th message counter node3_acked has been visited 8 times  
++++ frame_probe ID: 1050 receives a frame at time 33.2625s ++++
++++ frame_probe ID: 1060 receives a frame at time 33.3032s ++++
++++ frame_probe ID: 882 receives a frame at time 33.3099s ++++
++++ frame_probe ID: 883 receives a frame at time 33.3099s ++++
++++ frame_probe ID: 884 receives a frame at time 33.31s ++++
++++ frame_probe ID: 890 receives a frame at time 33.31s ++++
++++ frame_probe ID: 860 receives a frame at time 33.3182s ++++
INFO: Detected an invalid packet at item 896
INFO: Parser returned #f
++++ frame_probe ID: 1082 receives a frame at time 33.3273s ++++
++++ frame_probe ID: 1083 receives a frame at time 33.3274s ++++
++++ frame_probe ID: 1084 receives a frame at time 33.3274s ++++
counter ID 880 results at time 233.327 is 0
++++ frame_probe ID: 1090 receives a frame at time 33.3274s ++++
++++ frame_probe ID: 882 receives a frame at time 33.3291s ++++
the 100th message counter node3_acked has been visited 9 times  
measurement 2 raw data directory created /home/inets/0_ba/bachelor_thesis/measurements/debug/data/178/2/.
'/home/inets/source/gr-inets/results/receiver_ack_sent.txt' -> '/home/inets/0_ba/bachelor_thesis/measurements/debug/data/178/2/receiver_ack_sent.txt'
'/home/inets/source/gr-inets/results/receiver_data_received.txt' -> '/home/inets/0_ba/bachelor_thesis/measurements/debug/data/178/2/receiver_data_received.txt'
'/home/inets/source/gr-inets/results/receiver_frame_anlyzed.txt' -> '/home/inets/0_ba/bachelor_thesis/measurements/debug/data/178/2/receiver_frame_anlyzed.txt'
'/home/inets/source/gr-inets/results/receiver_frame_checked_good.txt' -> '/home/inets/0_ba/bachelor_thesis/measurements/debug/data/178/2/receiver_frame_checked_good.txt'
'/home/inets/source/gr-inets/results/receiver_frame_received.txt' -> '/home/inets/0_ba/bachelor_thesis/measurements/debug/data/178/2/receiver_frame_received.txt'
'/home/inets/source/gr-inets/results/sender_ack_received.txt' -> '/home/inets/0_ba/bachelor_thesis/measurements/debug/data/178/2/sender_ack_received.txt'
'/home/inets/source/gr-inets/results/sender_bfr_dq.txt' -> '/home/inets/0_ba/bachelor_thesis/measurements/debug/data/178/2/sender_bfr_dq.txt'
'/home/inets/source/gr-inets/results/sender_data_sent.txt' -> '/home/inets/0_ba/bachelor_thesis/measurements/debug/data/178/2/sender_data_sent.txt'
'/home/inets/source/gr-inets/results/sender_frame_anlyzed.txt' -> '/home/inets/0_ba/bachelor_thesis/measurements/debug/data/178/2/sender_frame_anlyzed.txt'
'/home/inets/source/gr-inets/results/sender_frame_checked_good.txt' -> '/home/inets/0_ba/bachelor_thesis/measurements/debug/data/178/2/sender_frame_checked_good.txt'
'/home/inets/source/gr-inets/results/sender_frame_received.txt' -> '/home/inets/0_ba/bachelor_thesis/measurements/debug/data/178/2/sender_frame_received.txt'
'/home/inets/source/gr-inets/results/sender_retransmissions.txt' -> '/home/inets/0_ba/bachelor_thesis/measurements/debug/data/178/2/sender_retransmissions.txt'
measurement 2 raw data moved to /home/inets/0_ba/bachelor_thesis/measurements/debug/data/178/2/.

now processing results...
plotting python should be: python3 (ubuntu).
Hello from rtt.py!
hello from variables.py!
data_sent: 1500540227.918215
data_sent: 1500540228.155290
data_sent: 1500540228.293517
data_sent: 1500540228.423574
data_sent: 1500540228.594826
data_sent: 1500540228.773305
data_sent: 1500540228.922837
data_sent: 1500540229.055821
data_sent: 1500540229.231529
data_sent: 1500540229.365746
ack_received: 1500540227.978981
ack_received: 1500540228.219172
ack_received: 1500540228.354209
ack_received: 1500540228.488475
ack_received: 1500540228.660988
ack_received: 1500540228.833503
ack_received: 1500540228.987510
ack_received: 1500540229.294425
retx: [0, 0, 0, 0, 0, 0, 0, 1]

The resulting RTTs of this single measurement are:
[0.06077, 0.06388, 0.06069, 0.0649, 0.06616, 0.0602, 0.06467]



The resulting mean RTT of this single measurement is:
0.06303857142857143


abs. packet loss: 2.0
packet loss in %: 20.0%
data_sent: 1500540231.900498
data_sent: 1500540232.080922
data_sent: 1500540232.218178
data_sent: 1500540232.364595
data_sent: 1500540232.505625
data_sent: 1500540232.667927
data_sent: 1500540232.808602
data_sent: 1500540232.948810
data_sent: 1500540233.119656
data_sent: 1500540233.262456
ack_received: 1500540231.964493
ack_received: 1500540232.146781
ack_received: 1500540232.281240
ack_received: 1500540232.435250
ack_received: 1500540232.569624
ack_received: 1500540232.732236
ack_received: 1500540232.876412
ack_received: 1500540233.184061
ack_received: 1500540233.327449
retx: [0, 0, 0, 0, 0, 0, 0, 1, 0]

The resulting RTTs of this single measurement are:
[0.064, 0.06586, 0.06306, 0.07066, 0.064, 0.06431, 0.06781, 0.06499]



The resulting mean RTT of this single measurement is:
0.06558625000000001


abs. packet loss: 1.0
packet loss in %: 10.0%
[ 0.06303857  0.06558625]
Hello from myplot.py!
I will print a pdf for you now!
Hello from myplot.py!
I will print a pdf for you now!
Hello from myplot.py!
I will print a pdf for you now!
Hello from myplot.py!
I will print a cdf for you now!
<a list of 1 Patch objects>
Hello from myplot.py!
I will print a cdf for you now!
<a list of 1 Patch objects>
Hello from myplot.py!
I will print a cdf for you now!
<a list of 1 Patch objects>
Hello from myplot.py!
I will print a boxplot for you now!
Hello from myplot.py!
I will print a boxplot for you now!
Hello from myplot.py!
I will print a boxplot for you now!
Hello from myplot.py!
I will print a bar for you now!
Hello from myplot.py!
I will print a bar for you now!
Hello from myplot.py!
I will print a bar for you now!
Hello from myplot.py!
I will print a line for you now!
Hello from myplot.py!
I will print a line for you now!
Hello from myplot.py!
I will print a line for you now!
Hello from throughput.py!
hello from variables.py!
ackcount: 8
datacount: 9
ackcount: 9
datacount: 10
[ 8000.  9000.]
Hello from myplot.py!
I will print a pdf for you now!
Hello from myplot.py!
I will print a cdf for you now!
<a list of 1 Patch objects>
Hello from myplot.py!
I will print a boxplot for you now!
Hello from myplot.py!
I will print a bar for you now!
Hello from myplot.py!
I will print a line for you now!

+--------------------------------------------------------------+
| plotting completed. until the next measurement session then! |
+--------------------------------------------------------------+
