Measurement 1/2 complete in 4 second(s).
linux; GNU C++ version 5.4.0 20160609; Boost_105800; UHD_003.009.005-45-g6768a615
linux; GNU C++ version 5.4.0 20160609; Boost_105800; UHD_003.009.005-45-g6768a615


Using Volk machine: avx_64_mmx
-- Opening a USRP2/N-Series device...
Using Volk machine: avx_64_mmx
-- Opening a USRP2/N-Series device...
-- Current recv frame size: 1472 bytes
-- Current send frame size: 1472 bytes
-- Current recv frame size: 1472 bytes
-- Current send frame size: 1472 bytes
Measurement 1/2 complete in 3 second(s).
develop mode of resend_check ID: 24 is activated.
the 880th message counter is activated.
the 100th message counter is activated.
develop_mode of random_filter ID: 1015 is activated.
the 100th message counter is activated.
Measurement 1/2 complete in 2 second(s).
node starts running at 24.2774
node starts running at 24.2838
++++ frame_probe ID: 850 receives a frame at time 24.4553s ++++
++++ frame_probe ID: 860 receives a frame at time 24.4963s ++++
INFO: Detected an invalid packet at item 0
INFO: Parser returned #f
a data frame with index 0 from node: 3 has been transmitted 1th time
 at 7724.61 s
++++ frame_probe ID: 850 receives a frame at time 24.6264s ++++
++++ frame_probe ID: 860 receives a frame at time 24.6672s ++++
INFO: Detected an invalid packet at item 32
INFO: Parser returned #f
INFO: Detected an invalid packet at item 64
INFO: Parser returned #f
a data frame with index 0 from node: 3 has been transmitted 2th time
 at 7724.78 s
++++ frame_probe ID: 850 receives a frame at time 24.8025s ++++
++++ frame_probe ID: 860 receives a frame at time 24.8433s ++++
Measurement 1/2 complete in 1 second(s).
a data frame with index 0 from node: 3 has been transmitted 3th time
 at 7724.99 s
++++ frame_probe ID: 850 receives a frame at time 25.0083s ++++
++++ frame_probe ID: 860 receives a frame at time 25.049s ++++
INFO: Detected an invalid packet at item 96
INFO: Parser returned #f
a data frame with index 0 from node: 3 has been transmitted 4th time
 at 7725.19 s
++++ frame_probe ID: 850 receives a frame at time 25.2089s ++++
++++ frame_probe ID: 860 receives a frame at time 25.2496s ++++
a data frame with index 0 from node: 3 has been transmitted 5th time
 at 7725.44 s
++++ frame_probe ID: 850 receives a frame at time 25.4598s ++++
++++ frame_probe ID: 860 receives a frame at time 25.501s ++++
INFO: Detected an invalid packet at item 128
INFO: Parser returned #f
frame: 0 from node: 3 is dropped because its max retransmission counter is reached. 
 at 7725.78 s
++++ frame_probe ID: 850 receives a frame at time 25.7959s ++++
++++ frame_probe ID: 860 receives a frame at time 25.8366s ++++
INFO: Detected an invalid packet at item 160
INFO: Parser returned #f
Measurement 1 raw data directory created /home/inets/0_ba/bachelor_thesis/measurements/debug/data/105/1/.
'/home/inets/source/gr-inets/results/sender_bfr_dq.txt' -> '/home/inets/0_ba/bachelor_thesis/measurements/debug/data/105/1/sender_bfr_dq.txt'
'/home/inets/source/gr-inets/results/sender_data_sent.txt' -> '/home/inets/0_ba/bachelor_thesis/measurements/debug/data/105/1/sender_data_sent.txt'
Measurement 1 raw data moved to /home/inets/0_ba/bachelor_thesis/measurements/debug/data/105/1/.

Measurement 2/2 complete in 4 second(s).
linux; GNU C++ version 5.4.0 20160609; Boost_105800; UHD_003.009.005-45-g6768a615
linux; GNU C++ version 5.4.0 20160609; Boost_105800; UHD_003.009.005-45-g6768a615


Using Volk machine: avx_64_mmx
-- Opening a USRP2/N-Series device...
Using Volk machine: avx_64_mmx
-- Opening a USRP2/N-Series device...
-- Current recv frame size: 1472 bytes
-- Current recv frame size: 1472 bytes
-- Current send frame size: 1472 bytes
-- Current send frame size: 1472 bytes
Measurement 2/2 complete in 3 second(s).
develop mode of resend_check ID: 24 is activated.
the 880th message counter is activated.
the 100th message counter is activated.
develop_mode of random_filter ID: 1015 is activated.
the 100th message counter is activated.
Measurement 2/2 complete in 2 second(s).
node starts running at 28.2701
node starts running at 28.2775
++++ frame_probe ID: 850 receives a frame at time 28.4867s ++++
INFO: Detected an invalid packet at item 0
INFO: Parser returned #f
++++ frame_probe ID: 860 receives a frame at time 28.5281s ++++
a data frame with index 0 from node: 3 has been transmitted 1th time
 at 7728.64 s
++++ frame_probe ID: 850 receives a frame at time 28.6584s ++++
++++ frame_probe ID: 860 receives a frame at time 28.6993s ++++
a data frame with index 0 from node: 3 has been transmitted 2th time
 at 7728.83 s
++++ frame_probe ID: 850 receives a frame at time 28.8444s ++++
Measurement 2/2 complete in 1 second(s).
++++ frame_probe ID: 860 receives a frame at time 28.8853s ++++
INFO: Detected an invalid packet at item 0
INFO: Parser returned #f
a data frame with index 0 from node: 3 has been transmitted 3th time
 at 7729.02 s
++++ frame_probe ID: 850 receives a frame at time 29.0354s ++++
++++ frame_probe ID: 860 receives a frame at time 29.0762s ++++
a data frame with index 0 from node: 3 has been transmitted 4th time
 at 7729.26 s
++++ frame_probe ID: 850 receives a frame at time 29.2818s ++++
++++ frame_probe ID: 860 receives a frame at time 29.3226s ++++
INFO: Detected an invalid packet at item 32
INFO: Parser returned #f
a data frame with index 0 from node: 3 has been transmitted 5th time
 at 7729.48 s
++++ frame_probe ID: 850 receives a frame at time 29.5024s ++++
++++ frame_probe ID: 860 receives a frame at time 29.5433s ++++
INFO: Detected an invalid packet at item 64
INFO: Parser returned #f
Measurement 2 raw data directory created /home/inets/0_ba/bachelor_thesis/measurements/debug/data/105/2/.
'/home/inets/source/gr-inets/results/sender_bfr_dq.txt' -> '/home/inets/0_ba/bachelor_thesis/measurements/debug/data/105/2/sender_bfr_dq.txt'
'/home/inets/source/gr-inets/results/sender_data_sent.txt' -> '/home/inets/0_ba/bachelor_thesis/measurements/debug/data/105/2/sender_data_sent.txt'
Measurement 2 raw data moved to /home/inets/0_ba/bachelor_thesis/measurements/debug/data/105/2/.

Now processing results...
Plotting Python should be: python3 (UBUNTU).
Hello from rtt.py!
Hello from variables.py!
data_sent: 1500297683.093749
data_sent: 1500297683.269578
data_sent: 1500297683.444940
data_sent: 1500297683.626253
data_sent: 1500297683.856973
data_sent: 1500297684.258212
data_sent: 1500297684.433998
data_sent: 1500297684.604414
data_sent: 1500297684.805164
data_sent: 1500297685.006916
data_sent: 1500297685.268759
data_sent: 1500297685.561401
data_sent: 1500297685.737660
data_sent: 1500297685.924330
data_sent: 1500297686.130593
data_sent: 1500297686.346115
data_sent: 1500297686.567131
data_sent: 1500297686.762847
data_sent: 1500297686.933852
data_sent: 1500297687.105137
data_sent: 1500297687.286632
data_sent: 1500297687.477935
data_sent: 1500297687.718603
data_sent: 1500297688.130700
data_sent: 1500297688.302244
data_sent: 1500297688.489296
data_sent: 1500297688.696162
data_sent: 1500297688.882071
data_sent: 1500297689.083094
data_sent: 1500297689.464347
data_sent: 1500297689.635438
data_sent: 1500297689.806751
data_sent: 1500297689.988259
data_sent: 1500297690.174796
data_sent: 1500297690.420970
data_sent: 1500297690.887360
data_sent: 1500297691.063273
data_sent: 1500297691.234169
data_sent: 1500297691.405926
data_sent: 1500297691.617136
data_sent: 1500297691.909702
data_sent: 1500297692.376210
data_sent: 1500297692.552600
data_sent: 1500297692.723672
data_sent: 1500297692.920712
data_sent: 1500297693.106588
data_sent: 1500297693.353074
data_sent: 1500297693.714549
data_sent: 1500297693.885525
data_sent: 1500297694.061752
data_sent: 1500297694.254228
data_sent: 1500297694.425945
data_sent: 1500297694.746499
data_sent: 1500297695.183235
data_sent: 1500297695.359296
data_sent: 1500297695.545704
data_sent: 1500297695.717027
data_sent: 1500297695.948793
data_sent: 1500297696.195698
data_sent: 1500297696.431946
data_sent: 1500297696.603635
data_sent: 1500297696.775107
data_sent: 1500297696.961925
data_sent: 1500297697.193283
data_sent: 1500297697.459848
data_sent: 1500297697.691275
data_sent: 1500297697.867516
data_sent: 1500297698.054187
data_sent: 1500297698.250832
data_sent: 1500297698.482098
data_sent: 1500297698.697943
data_sent: 1500297698.964270
data_sent: 1500297699.135941
data_sent: 1500297699.307440
data_sent: 1500297699.508688
data_sent: 1500297699.754870
data_sent: 1500297700.061437
data_sent: 1500297700.492867
data_sent: 1500297700.668762
data_sent: 1500297700.839833
data_sent: 1500297701.030868
data_sent: 1500297701.267393
data_sent: 1500297701.498441
data_sent: 1500297701.824329
data_sent: 1500297702.000550
data_sent: 1500297702.181282
data_sent: 1500297702.367436
data_sent: 1500297702.593275
data_sent: 1500297702.769977
data_sent: 1500297703.251758
data_sent: 1500297703.427800
data_sent: 1500297703.603179
data_sent: 1500297703.774254
data_sent: 1500297704.020362
data_sent: 1500297704.196509
data_sent: 1500297704.664094
data_sent: 1500297704.840019
data_sent: 1500297705.026058
data_sent: 1500297705.206609
data_sent: 1500297705.433127
data_sent: 1500297705.639016
data_sent: 1500297706.115475
data_sent: 1500297706.286621
data_sent: 1500297706.467657
data_sent: 1500297706.653955
data_sent: 1500297706.865457
data_sent: 1500297707.096431
data_sent: 1500297707.437522
data_sent: 1500297707.608800
data_sent: 1500297707.785469
data_sent: 1500297707.971789
data_sent: 1500297708.193658
data_sent: 1500297708.425051
data_sent: 1500297708.761209
data_sent: 1500297708.937287
data_sent: 1500297709.112902
data_sent: 1500297709.314374
data_sent: 1500297709.525010
data_sent: 1500297709.806712
data_sent: 1500297710.133231
data_sent: 1500297710.305130
data_sent: 1500297710.476208
data_sent: 1500297710.671700
data_sent: 1500297710.872176
data_sent: 1500297711.073599
data_sent: 1500297711.419215
data_sent: 1500297711.595267
data_sent: 1500297711.776116
data_sent: 1500297711.982672
data_sent: 1500297712.193375
data_sent: 1500297712.449711
data_sent: 1500297712.916418
data_sent: 1500297713.093064
data_sent: 1500297713.273614
data_sent: 1500297713.479835
data_sent: 1500297713.705094
data_sent: 1500297713.946242
data_sent: 1500297714.233070
data_sent: 1500297714.409405
data_sent: 1500297714.586097
data_sent: 1500297714.772816
data_sent: 1500297724.455289
data_sent: 1500297724.626358
data_sent: 1500297724.802452
data_sent: 1500297725.008307
data_sent: 1500297725.208922
data_sent: 1500297725.459830
data_sent: 1500297725.795937
File /home/inets/0_ba/bachelor_thesis/measurements/debug/data/105/1/sender_ack_received.txt not found.                 Assuming not reached in GR.
File /home/inets/0_ba/bachelor_thesis/measurements/debug/data/105/1/sender_retransmissions.txt not found.                 Assuming not reached in GR. Creating data for you...

The resulting RTTs of this single measurement are:
[]


