Measurement 1/2 complete in 4 second(s).
linux; GNU C++ version 5.4.0 20160609; Boost_105800; UHD_003.009.005-45-g6768a615
linux; GNU C++ version 5.4.0 20160609; Boost_105800; UHD_003.009.005-45-g6768a615


Using Volk machine: avx_64_mmx
-- Opening a USRP2/N-Series device...
Using Volk machine: avx_64_mmx
-- Opening a USRP2/N-Series device...
-- Current recv frame size: 1472 bytes
-- Current send frame size: 1472 bytes
-- Current recv frame size: 1472 bytes
-- Current send frame size: 1472 bytes
Measurement 1/2 complete in 3 second(s).
develop_mode of random_filter ID: 1015 is activated.
the 100th message counter is activated.
the 880th message counter is activated.
the 100th message counter is activated.
Measurement 1/2 complete in 2 second(s).
node starts running at 1.22757
node starts running at 1.22808
++++ frame_probe ID: 850 receives a frame at time 1.39208s ++++
++++ frame_probe ID: 860 receives a frame at time 1.43335s ++++
INFO: Detected an invalid packet at item 0
INFO: Parser returned #f
++++ frame_probe ID: 1010 receives a frame at time 1.4417s ++++
generated random number is0.414175 and the threshold is 1. good luck. 
++++ frame_probe ID: 1018 receives a frame at time 1.44178s ++++
INFO: Detected an invalid packet at item 32
INFO: Parser returned #f
++++ frame_probe ID: 882 receives a frame at time 1.46666s ++++
++++ frame_probe ID: 883 receives a frame at time 1.4667s ++++
++++ frame_probe ID: 890 receives a frame at time 1.46677s ++++
the 100th message counter  has been visited 1 times  
++++ frame_probe ID: 850 receives a frame at time 1.54411s ++++
++++ frame_probe ID: 860 receives a frame at time 1.58507s ++++
INFO: Detected an invalid packet at item 96
INFO: Parser returned #f
++++ frame_probe ID: 1010 receives a frame at time 1.59497s ++++
generated random number is0.640294 and the threshold is ++++ frame_probe ID: 1. good luck. 1018 receives a frame at time 
1.59507s ++++
INFO: Detected an invalid packet at item 128
INFO: Parser returned #f
++++ frame_probe ID: 882 receives a frame at time 1.62077s ++++
++++ frame_probe ID: 883 receives a frame at time 1.62082s ++++
++++ frame_probe ID: 890 receives a frame at time 1.62092s ++++
the 100th message counter  has been visited 2 times  
++++ frame_probe ID: 850 receives a frame at time 1.72826s ++++
++++ frame_probe ID: 860 receives a frame at time 1.7689s ++++
INFO: Detected an invalid packet at item 192
INFO: Parser returned #f
INFO: Detected an invalid packet at item 224
INFO: Parser returned #f
Measurement 1/2 complete in 1 second(s).
 at 6301.88 s
++++ frame_probe ID: 850 receives a frame at time 1.8992s ++++
++++ frame_probe ID: 860 receives a frame at time 1.93993s ++++
++++ frame_probe ID: 1010 receives a frame at time 1.94981s ++++
generated random number is++++ frame_probe ID: 1018 receives a frame at time 1.949890.64386s ++++ and the threshold is 
1. good luck. 
INFO: Detected an invalid packet at item 256
INFO: Parser returned #f
++++ frame_probe ID: 882 receives a frame at time 1.97568s ++++
++++ frame_probe ID: 883 receives a frame at time 1.97571s ++++
++++ frame_probe ID: 890 receives a frame at time 1.97577s ++++
the 100th message counter  has been visited 3 times  
++++ frame_probe ID: 850 receives a frame at time 2.0731s ++++
++++ frame_probe ID: 860 receives a frame at time 2.11392s ++++
INFO: Detected an invalid packet at item 320
INFO: Parser returned #f
++++ frame_probe ID: 1010 receives a frame at time 2.12374s ++++
generated random number is++++ frame_probe ID: 1018 receives a frame at time 0.646139 and the threshold is 1. good luck. 
2.12385s ++++
INFO: Detected an invalid packet at item 352
INFO: Parser returned #f
++++ frame_probe ID: 882 receives a frame at time 2.14923s ++++
++++ frame_probe ID: 883 receives a frame at time 2.14928s ++++
++++ frame_probe ID: 890 receives a frame at time 2.14935s ++++
the 100th message counter  has been visited 4 times  
++++ frame_probe ID: 850 receives a frame at time 2.2227s ++++
++++ frame_probe ID: 860 receives a frame at time 2.26354s ++++
INFO: Detected an invalid packet at item 416
INFO: Parser returned #f
INFO: Detected an invalid packet at item 448
INFO: Parser returned #f
 at 6302.38 s
++++ frame_probe ID: 850 receives a frame at time 2.39394s ++++
++++ frame_probe ID: 860 receives a frame at time 2.43501s ++++
INFO: Detected an invalid packet at item 480
INFO: Parser returned #f
 at 6302.55 s
++++ frame_probe ID: 850 receives a frame at time 2.56465s ++++
++++ frame_probe ID: 860 receives a frame at time 2.6059s ++++
INFO: Detected an invalid packet at item 512
INFO: Parser returned #f
++++ frame_probe ID: 1010 receives a frame at time 2.61264s ++++
generated random number is++++ frame_probe ID: 1018 receives a frame at time 0.495598 and the threshold is 2.612741s ++++
. good luck. 
INFO: Detected an invalid packet at item 544
INFO: Parser returned #f
++++ frame_probe ID: 882 receives a frame at time 2.63849s ++++
++++ frame_probe ID: 883 receives a frame at time 2.63854s ++++
++++ frame_probe ID: 890 receives a frame at time 2.63863s ++++
the 100th message counter  has been visited 5 times  
++++ frame_probe ID: 850 receives a frame at time 2.72504s ++++
++++ frame_probe ID: 860 receives a frame at time 2.76588s ++++
INFO: Detected an invalid packet at item 608
INFO: Parser returned #f
++++ frame_probe ID: 1010 receives a frame at time 2.77577s ++++
generated random number is0.0952438 and the threshold is 1. good luck. 
++++ frame_probe ID: 1018 receives a frame at time 2.77585s ++++
INFO: Detected an invalid packet at item 640
INFO: Parser returned #f
++++ frame_probe ID: 882 receives a frame at time 2.80169s ++++
++++ frame_probe ID: 883 receives a frame at time 2.80174s ++++
++++ frame_probe ID: 890 receives a frame at time 2.80181s ++++
Measurement 1 raw data directory created /home/inets/0_ba/bachelor_thesis/measurements/debug/data/98/1/.
'/home/inets/source/gr-inets/results/ack_not_filtered.txt' -> '/home/inets/0_ba/bachelor_thesis/measurements/debug/data/98/1/ack_not_filtered.txt'
'/home/inets/source/gr-inets/results/receiver_data_received.txt' -> '/home/inets/0_ba/bachelor_thesis/measurements/debug/data/98/1/receiver_data_received.txt'
'/home/inets/source/gr-inets/results/sender_ack_received.txt' -> '/home/inets/0_ba/bachelor_thesis/measurements/debug/data/98/1/sender_ack_received.txt'
'/home/inets/source/gr-inets/results/sender_bfr_dq.txt' -> '/home/inets/0_ba/bachelor_thesis/measurements/debug/data/98/1/sender_bfr_dq.txt'
'/home/inets/source/gr-inets/results/sender_data_sent.txt' -> '/home/inets/0_ba/bachelor_thesis/measurements/debug/data/98/1/sender_data_sent.txt'
Measurement 1 raw data moved to /home/inets/0_ba/bachelor_thesis/measurements/debug/data/98/1/.

Measurement 2/2 complete in 4 second(s).
linux; GNU C++ version 5.4.0 20160609; Boost_105800; UHD_003.009.005-45-g6768a615
linux; GNU C++ version 5.4.0 20160609; Boost_105800; UHD_003.009.005-45-g6768a615


Using Volk machine: avx_64_mmx
-- Opening a USRP2/N-Series device...
Using Volk machine: avx_64_mmx
-- Opening a USRP2/N-Series device...
-- Current recv frame size: 1472 bytes
-- Current send frame size: 1472 bytes
-- Current recv frame size: 1472 bytes
-- Current send frame size: 1472 bytes
Measurement 2/2 complete in 3 second(s).
develop_mode of random_filter ID: 1015 is activated.
the 100th message counter is activated.
the 880th message counter is activated.
the 100th message counter is activated.
Measurement 2/2 complete in 2 second(s).
node starts running at 5.24256
node starts running at 5.24496
++++ frame_probe ID: 850 receives a frame at time 5.30484s ++++
++++ frame_probe ID: 860 receives a frame at time 5.34593s ++++
++++ frame_probe ID: 1010 receives a frame at time 5.34924s ++++
generated random number is++++ frame_probe ID: 1018 receives a frame at time 0.791796 and the threshold is 1. good luck. 
5.34933s ++++
INFO: Detected an invalid packet at item 0
INFO: Parser returned #f
++++ frame_probe ID: 882 receives a frame at time 5.37136s ++++
++++ frame_probe ID: 883 receives a frame at time 5.37143s ++++
++++ frame_probe ID: 890 receives a frame at time 5.37151s ++++
the 100th message counter  has been visited 1 times  
++++ frame_probe ID: 850 receives a frame at time 5.44682s ++++
++++ frame_probe ID: 860 receives a frame at time 5.48772s ++++
++++ frame_probe ID: 1010 receives a frame at time 5.49345s ++++
generated random number is++++ frame_probe ID: 1018 receives a frame at time 0.659693 and the threshold is 5.49353s ++++
1. good luck. 
INFO: Detected an invalid packet at item 64
INFO: Parser returned #f
++++ frame_probe ID: 882 receives a frame at time 5.51451s ++++
++++ frame_probe ID: 883 receives a frame at time 5.51456s ++++
++++ frame_probe ID: 890 receives a frame at time 5.51464s ++++
the 100th message counter  has been visited 2 times  
++++ frame_probe ID: 850 receives a frame at time 5.62499s ++++
++++ frame_probe ID: 860 receives a frame at time 5.66578s ++++
++++ frame_probe ID: 1010 receives a frame at time 5.67595s ++++
generated random number is++++ frame_probe ID: 1018 receives a frame at time 5.676030.394166s ++++
 and the threshold is 1. good luck. 
INFO: Detected an invalid packet at item 128
INFO: Parser returned #f
INFO: Detected an invalid packet at item 160
INFO: Parser returned #f
++++ frame_probe ID: 882 receives a frame at time 5.69663s ++++
++++ frame_probe ID: 883 receives a frame at time 5.69669s ++++
++++ frame_probe ID: 890 receives a frame at time 5.69675s ++++
the 100th message counter  has been visited 3 times  
++++ frame_probe ID: 850 receives a frame at time 5.8081s ++++
Measurement 2/2 complete in 1 second(s).
++++ frame_probe ID: 860 receives a frame at time 5.84891s ++++
++++ frame_probe ID: 1010 receives a frame at time 5.85806s ++++
generated random number is0.340085 and the threshold is ++++ frame_probe ID: 1. good luck. 
1018 receives a frame at time 5.85814s ++++
INFO: Detected an invalid packet at item 224
INFO: Parser returned #f
++++ frame_probe ID: 882 receives a frame at time 5.87886s ++++
++++ frame_probe ID: 883 receives a frame at time 5.87889s ++++
++++ frame_probe ID: 890 receives a frame at time 5.87897s ++++
the 100th message counter  has been visited 4 times  
++++ frame_probe ID: 850 receives a frame at time 5.97838s ++++
++++ frame_probe ID: 860 receives a frame at time 6.01947s ++++
INFO: Detected an invalid packet at item 288
INFO: Parser returned #f
++++ frame_probe ID: 1010 receives a frame at time 6.03077s ++++
generated random number is++++ frame_probe ID: 1018 receives a frame at time 0.794766.03086 and the threshold is s ++++
1. good luck. 
INFO: Detected an invalid packet at item 320
INFO: Parser returned #f
++++ frame_probe ID: 882 receives a frame at time 6.05263s ++++
++++ frame_probe ID: 883 receives a frame at time 6.05268s ++++
++++ frame_probe ID: 890 receives a frame at time 6.05275s ++++
the 100th message counter  has been visited 5 times  
++++ frame_probe ID: 850 receives a frame at time 6.17009s ++++
++++ frame_probe ID: 860 receives a frame at time 6.21097s ++++
++++ frame_probe ID: 1010 receives a frame at time 6.22309s ++++
generated random number is++++ frame_probe ID: 1018 receives a frame at time 0.382608 and the threshold is 1. good luck. 
6.22319s ++++
INFO: Detected an invalid packet at item 384
INFO: Parser returned #f
++++ frame_probe ID: 882 receives a frame at time 6.24435s ++++
++++ frame_probe ID: 883 receives a frame at time 6.24439s ++++
++++ frame_probe ID: 890 receives a frame at time 6.2445s ++++
the 100th message counter  has been visited 6 times  
++++ frame_probe ID: 850 receives a frame at time 6.31996s ++++
++++ frame_probe ID: 860 receives a frame at time 6.36087s ++++
++++ frame_probe ID: 1010 receives a frame at time 6.36731s ++++
generated random number is++++ frame_probe ID: 1018 receives a frame at time 0.0294194 and the threshold is 1. good luck. 
6.36739s ++++
INFO: Detected an invalid packet at item 448
INFO: Parser returned #f
++++ frame_probe ID: 882 receives a frame at time 6.38828s ++++
++++ frame_probe ID: 883 receives a frame at time 6.38833s ++++
++++ frame_probe ID: 890 receives a frame at time 6.3884s ++++
the 100th message counter  has been visited 7 times  
++++ frame_probe ID: 850 receives a frame at time 6.47375s ++++
++++ frame_probe ID: 860 receives a frame at time 6.51472s ++++
++++ frame_probe ID: 1010 receives a frame at time 6.52071s ++++
generated random number is++++ frame_probe ID: 1018 receives a frame at time 0.185046 and the threshold is 1. good luck. 6.52079
s ++++
INFO: Detected an invalid packet at item 512
INFO: Parser returned #f
++++ frame_probe ID: 882 receives a frame at time 6.54185s ++++
++++ frame_probe ID: 883 receives a frame at time 6.54188s ++++
++++ frame_probe ID: 890 receives a frame at time 6.54195s ++++
the 100th message counter  has been visited 8 times  
++++ frame_probe ID: 850 receives a frame at time 6.61729s ++++
++++ frame_probe ID: 860 receives a frame at time 6.65815s ++++
++++ frame_probe ID: 1010 receives a frame at time 6.66501s ++++
generated random number is++++ frame_probe ID: 1018 receives a frame at time 0.4985746.6651 and the threshold is s ++++
1. good luck. 
INFO: Detected an invalid packet at item 576
INFO: Parser returned #f
INFO: Detected an invalid packet at item 608
INFO: Parser returned #f
++++ frame_probe ID: 882 receives a frame at time 6.68591s ++++
++++ frame_probe ID: 883 receives a frame at time 6.68596s ++++
++++ frame_probe ID: 890 receives a frame at time 6.68604s ++++
the 100th message counter  has been visited 9 times  
++++ frame_probe ID: 850 receives a frame at time 6.76846s ++++
++++ frame_probe ID: 860 receives a frame at time 6.80948s ++++
++++ frame_probe ID: 1010 receives a frame at time 6.81823s ++++
generated random number is++++ frame_probe ID: 1018 receives a frame at time 0.401335 and the threshold is 1. good luck. 6.81832s ++++

INFO: Detected an invalid packet at item 672
INFO: Parser returned #f
INFO: Detected an invalid packet at item 704
INFO: Parser returned #f
++++ frame_probe ID: 882 receives a frame at time 6.84027s ++++
++++ frame_probe ID: 883 receives a frame at time 6.8403s ++++
++++ frame_probe ID: 890 receives a frame at time 6.84037s ++++
Measurement 2 raw data directory created /home/inets/0_ba/bachelor_thesis/measurements/debug/data/98/2/.
'/home/inets/source/gr-inets/results/ack_not_filtered.txt' -> '/home/inets/0_ba/bachelor_thesis/measurements/debug/data/98/2/ack_not_filtered.txt'
'/home/inets/source/gr-inets/results/receiver_data_received.txt' -> '/home/inets/0_ba/bachelor_thesis/measurements/debug/data/98/2/receiver_data_received.txt'
'/home/inets/source/gr-inets/results/sender_ack_received.txt' -> '/home/inets/0_ba/bachelor_thesis/measurements/debug/data/98/2/sender_ack_received.txt'
'/home/inets/source/gr-inets/results/sender_bfr_dq.txt' -> '/home/inets/0_ba/bachelor_thesis/measurements/debug/data/98/2/sender_bfr_dq.txt'
'/home/inets/source/gr-inets/results/sender_data_sent.txt' -> '/home/inets/0_ba/bachelor_thesis/measurements/debug/data/98/2/sender_data_sent.txt'
Measurement 2 raw data moved to /home/inets/0_ba/bachelor_thesis/measurements/debug/data/98/2/.

Now processing results...
Plotting Python should be: python3 (UBUNTU).
Hello from rtt.py!
Hello from variables.py!
data_sent: 1500296301.392082
data_sent: 1500296301.544112
data_sent: 1500296301.728262
data_sent: 1500296301.899197
data_sent: 1500296302.073096
data_sent: 1500296302.222701
data_sent: 1500296302.393938
data_sent: 1500296302.564646
data_sent: 1500296302.725043
ack_received: 1500296301.466774
ack_received: 1500296301.620919
ack_received: 1500296301.975774
ack_received: 1500296302.149347
ack_received: 1500296302.638626
ack_received: 1500296302.801814
File /home/inets/0_ba/bachelor_thesis/measurements/debug/data/98/1/sender_retransmissions.txt not found.                 Assuming not reached in GR. Creating data for you...

The resulting RTTs of this single measurement are:
[0.07469, 0.07681, 0.24751, 0.25015, 0.56553, 0.57911]



The resulting mean RTT of this single measurement is:
0.29896666666666666


