Measurement 1/3 complete in 15 second(s).
linux; GNU C++ version 5.4.0 20160609; Boost_105800; UHD_003.009.005-45-g6768a615
linux; GNU C++ version 5.4.0 20160609; Boost_105800; UHD_003.009.005-45-g6768a615


Measurement 1/3 complete in 14 second(s).
Using Volk machine: avx_64_mmx
-- Opening a USRP2/N-Series device...
Using Volk machine: avx_64_mmx
-- Opening a USRP2/N-Series device...
-- Current recv frame size: 1472 bytes
-- Current recv frame size: 1472 bytes
-- Current send frame size: 1472 bytes
-- Current send frame size: 1472 bytes
Measurement 1/3 complete in 13 second(s).
develop_mode of random_filter ID: 1015 is activated.
the 1017th message counter is activated.
the 880th message counter is activated.
the 1018th message counter is activated.
the 885th message counter is activated.
the 100th message counter is activated.
the 1080th message counter is activated.
the 100th message counter is activated.
Measurement 1/3 complete in 12 second(s).
node starts running at 98.4974
node starts running at 98.498
++++ frame_probe ID: 850 receives a frame at time 98.5239s ++++
INFO: Detected an invalid packet at item 0
INFO: Parser returned #f
++++ frame_probe ID: 860 receives a frame at time 98.566s ++++
++++ frame_probe ID: 1010 receives a frame at time 98.5758s ++++
generated random number is0.555923 and the threshold is 0.2. bad luck and try next time. 
the 1017th message counter data_frame_filtered has been visited 1 times  
 at 498.683 s
++++ frame_probe ID: 850 receives a frame at time 98.7007s ++++
INFO: Detected an invalid packet at item 64
INFO: Parser returned #f
++++ frame_probe ID: 860 receives a frame at time 98.7414s ++++
++++ frame_probe ID: 1010 receives a frame at time 98.7482s ++++
generated random number is0.374806 and the threshold is 0.2. bad luck and try next time. 
the 1017th message counter data_frame_filtered has been visited 2 times  
 at 498.854 s
++++ frame_probe ID: 850 receives a frame at time 98.8726s ++++
INFO: Detected an invalid packet at item 128
INFO: Parser returned #f
++++ frame_probe ID: 860 receives a frame at time 98.9132s ++++
++++ frame_probe ID: 1010 receives a frame at time 98.9207s ++++
generated random number is0.895151 and the threshold is 0.2. bad luck and try next time. 
the 1017th message counter data_frame_filtered has been visited 3 times  
 at 499.049 s
++++ frame_probe ID: 850 receives a frame at time 99.0676s ++++
INFO: Detected an invalid packet at item 192
INFO: Parser returned #f
++++ frame_probe ID: 860 receives a frame at time 99.1081s ++++
++++ frame_probe ID: 1010 receives a frame at time 99.1131s ++++
generated random number is0.601345 and the threshold is the 0.2. bad luck and try next time. 1017
th message counter data_frame_filtered has been visited 4 times  
 at 499.275 s
Measurement 1/3 complete in 11 second(s).
++++ frame_probe ID: 850 receives a frame at time 99.2928s ++++
INFO: Detected an invalid packet at item 256
INFO: Parser returned #f
++++ frame_probe ID: 860 receives a frame at time 99.3334s ++++
++++ frame_probe ID: 1010 receives a frame at time 99.3435s ++++
generated random number is0.405081 and the threshold is 0.2. bad luck and try next time. 
the 1017th message counter data_frame_filtered has been visited 5 times  
 at 499.51 s
++++ frame_probe ID: 850 receives a frame at time 99.5279s ++++
INFO: Detected an invalid packet at item 320
INFO: Parser returned #f
++++ frame_probe ID: 860 receives a frame at time 99.5685s ++++
++++ frame_probe ID: 1010 receives a frame at time 99.5742s ++++
generated random number is0.646797 and the threshold is 0.2. bad luck and try next time. 
the 1017th message counter data_frame_filtered has been visited 6 times  
 at 499.805 s
++++ frame_probe ID: 850 receives a frame at time 99.8231s ++++
INFO: Detected an invalid packet at item 384
INFO: Parser returned #f
++++ frame_probe ID: 860 receives a frame at time 99.8637s ++++
++++ frame_probe ID: 1010 receives a frame at time 99.8718s ++++
generated random number is0.862235 and the threshold is 0.2. bad luck and try next time. 
the 1017th message counter data_frame_filtered has been visited 7 times  
 at 499.975 s
++++ frame_probe ID: 850 receives a frame at time 99.9933s ++++
INFO: Detected an invalid packet at item 448
INFO: Parser returned #f
++++ frame_probe ID: 860 receives a frame at time 0.033835s ++++
++++ frame_probe ID: 1010 receives a frame at time 0.044131s ++++
generated random number isthe 1017th message counter data_frame_filtered has been visited 8 times  
0.433301 and the threshold is 0.2. bad luck and try next time. 
 at 500.155 s
++++ frame_probe ID: 850 receives a frame at time 0.173459s ++++
INFO: Detected an invalid packet at item 512
INFO: Parser returned #f
++++ frame_probe ID: 860 receives a frame at time 0.214038s ++++
++++ frame_probe ID: 1010 receives a frame at time 0.217503s ++++
generated random number is0.95397 and the threshold is 0.2. bad luck and try next time. 
the 1017th message counter data_frame_filtered has been visited 9 times  
Measurement 1/3 complete in 10 second(s).
 at 500.351 s
++++ frame_probe ID: 850 receives a frame at time 0.369422s ++++
INFO: Detected an invalid packet at item 576
INFO: Parser returned #f
++++ frame_probe ID: 860 receives a frame at time 0.409965s ++++
++++ frame_probe ID: 1010 receives a frame at time 0.418931s ++++
generated random number is0.370363 and the threshold is the 1017th message counter data_frame_filtered has been visited 10 times  
0.2. bad luck and try next time. 
 at 500.551 s
++++ frame_probe ID: 850 receives a frame at time 0.569495s ++++
INFO: Detected an invalid packet at item 640
INFO: Parser returned #f
++++ frame_probe ID: 860 receives a frame at time 0.610031s ++++
++++ frame_probe ID: 1010 receives a frame at time 0.620384s ++++
generated random number is0.21103 and the threshold is the 1017th message counter data_frame_filtered has been visited 11 times  0.2
. bad luck and try next time. 
 at 500.821 s
++++ frame_probe ID: 850 receives a frame at time 0.839515s ++++
INFO: Detected an invalid packet at item 704
INFO: Parser returned #f
++++ frame_probe ID: 860 receives a frame at time 0.88011s ++++
++++ frame_probe ID: 1010 receives a frame at time 0.889018s ++++
generated random number is0.528849 and the threshold is 0.2. bad luck and try next time. 
the 1017th message counter data_frame_filtered has been visited 12 times  
 at 501.141 s
++++ frame_probe ID: 850 receives a frame at time 1.15949s ++++
INFO: Detected an invalid packet at item 768
INFO: Parser returned #f
++++ frame_probe ID: 860 receives a frame at time 1.20005s ++++
++++ frame_probe ID: 1010 receives a frame at time 1.20577s ++++
generated random number is0.259881 and the threshold is 0.2. bad luck and try next time. 
the 1017th message counter data_frame_filtered has been visited 13 times  
Measurement 1/3 complete in 9 second(s).
 at 501.312 s
++++ frame_probe ID: 850 receives a frame at time 1.33033s ++++
INFO: Detected an invalid packet at item 832
INFO: Parser returned #f
++++ frame_probe ID: 860 receives a frame at time 1.37087s ++++
++++ frame_probe ID: 1010 receives a frame at time 1.37903s ++++
generated random number is0.214929 and the threshold is the 0.2. bad luck and try next time. 
1017th message counter data_frame_filtered has been visited 14 times  
 at 501.488 s
++++ frame_probe ID: 850 receives a frame at time 1.50591s ++++
INFO: Detected an invalid packet at item 896
INFO: Parser returned #f
++++ frame_probe ID: 860 receives a frame at time 1.54646s ++++
++++ frame_probe ID: 1010 receives a frame at time 1.55152s ++++
generated random number is0.201082 and the threshold is 0.2. bad luck and try next time. 
the 1017th message counter data_frame_filtered has been visited 15 times  
 at 501.668 s
++++ frame_probe ID: 850 receives a frame at time 1.686s ++++
INFO: Detected an invalid packet at item 960
INFO: Parser returned #f
++++ frame_probe ID: 860 receives a frame at time 1.72675s ++++
++++ frame_probe ID: 1010 receives a frame at time 1.73387s ++++
generated random number is0.649214 and the threshold is 0.2. bad luck and try next time. 
the 1017th message counter data_frame_filtered has been visited 16 times  
 at 501.914 s
++++ frame_probe ID: 850 receives a frame at time 1.93197s ++++
INFO: Detected an invalid packet at item 1024
INFO: Parser returned #f
++++ frame_probe ID: 860 receives a frame at time 1.97262s ++++
++++ frame_probe ID: 1010 receives a frame at time 1.98347s ++++
generated random number is0.917841 and the threshold is the 1017th message counter data_frame_filtered0.2 has been visited 17. bad luck and try next time.  times  

 at 502.199 s
++++ frame_probe ID: 850 receives a frame at time 2.21706s ++++
INFO: Detected an invalid packet at item 1088
INFO: Parser returned #f
++++ frame_probe ID: 860 receives a frame at time 2.25765s ++++
++++ frame_probe ID: 1010 receives a frame at time 2.26204s ++++
generated random number is0.543786 and the threshold is 0.2. bad luck and try next time. 
the 1017th message counter data_frame_filtered has been visited 18 times  
Measurement 1/3 complete in 8 second(s).
 at 502.679 s
++++ frame_probe ID: 850 receives a frame at time 2.69725s ++++
INFO: Detected an invalid packet at item 1152
INFO: Parser returned #f
++++ frame_probe ID: 860 receives a frame at time 2.73777s ++++
++++ frame_probe ID: 1010 receives a frame at time 2.74212s ++++
the 1018th message counter generated random number isdata_frame_not_filtered has been visited 1 times  
0.149819 and the threshold is 0.2. good luck. 
 at 502.854 s
++++ frame_probe ID: 850 receives a frame at time 2.87215s ++++
INFO: Detected an invalid packet at item 1216
INFO: Parser returned #f
++++ frame_probe ID: 860 receives a frame at time 2.9127s ++++
++++ frame_probe ID: 1010 receives a frame at time 2.9246s ++++
generated random number is0.539289 and the threshold is the 0.2. bad luck and try next time. 1017th message counter 
data_frame_filtered has been visited 19 times  
 at 503.039 s
++++ frame_probe ID: 850 receives a frame at time 3.0572s ++++
INFO: Detected an invalid packet at item 1280
INFO: Parser returned #f
++++ frame_probe ID: 860 receives a frame at time 3.09806s ++++
++++ frame_probe ID: 1010 receives a frame at time 3.10696s ++++
generated random number is0.750703 and the threshold is 0.2. bad luck and try next time. 
the 1017th message counter data_frame_filtered has been visited 20 times  
 at 503.225 s
++++ frame_probe ID: 850 receives a frame at time 3.24274s ++++
INFO: Detected an invalid packet at item 1344
INFO: Parser returned #f
Measurement 1/3 complete in 7 second(s).
++++ frame_probe ID: 860 receives a frame at time 3.28327s ++++
++++ frame_probe ID: 1010 receives a frame at time 3.28945s ++++
generated random number is0.458228 and the threshold is 0.2. bad luck and try next time. 
the 1017th message counter data_frame_filtered has been visited 21 times  
 at 503.45 s
++++ frame_probe ID: 850 receives a frame at time 3.46773s ++++
INFO: Detected an invalid packet at item 1408
INFO: Parser returned #f
++++ frame_probe ID: 860 receives a frame at time 3.50849s ++++
++++ frame_probe ID: 1010 receives a frame at time 3.51982s ++++
generated random number is0.308524 and the threshold is 0.2. bad luck and try next time. 
the 1017th message counter data_frame_filtered has been visited 22 times  
 at 503.69 s
++++ frame_probe ID: 850 receives a frame at time 3.70854s ++++
INFO: Detected an invalid packet at item 1472
INFO: Parser returned #f
++++ frame_probe ID: 860 receives a frame at time 3.7491s ++++
++++ frame_probe ID: 1010 receives a frame at time 3.75945s ++++
generated random number isthe 1018th message counter data_frame_not_filtered has been visited 2 times  
0.124991 and the threshold is 0.2. good luck. 
 at 504.131 s
++++ frame_probe ID: 850 receives a frame at time 4.14866s ++++
INFO: Detected an invalid packet at item 1536
INFO: Parser returned #f
++++ frame_probe ID: 860 receives a frame at time 4.18923s ++++
++++ frame_probe ID: 1010 receives a frame at time 4.20145s ++++
generated random number is0.284684 and the threshold is 0.2. bad luck and try next time. 
the 1017th message counter data_frame_filtered has been visited 23 times  
Measurement 1/3 complete in 6 second(s).
 at 504.305 s
++++ frame_probe ID: 850 receives a frame at time 4.32355s ++++
INFO: Detected an invalid packet at item 1600
INFO: Parser returned #f
++++ frame_probe ID: 860 receives a frame at time 4.36433s ++++
++++ frame_probe ID: 1010 receives a frame at time 4.37386s ++++
generated random number isthe 0.513651017th message counter  and the threshold is data_frame_filtered has been visited 24 times  
0.2. bad luck and try next time. 
 at 504.481 s
++++ frame_probe ID: 850 receives a frame at time 4.49899s ++++
INFO: Detected an invalid packet at item 1664
INFO: Parser returned #f
++++ frame_probe ID: 860 receives a frame at time 4.53956s ++++
++++ frame_probe ID: 1010 receives a frame at time 4.54626s ++++
generated random number is0.508672 and the threshold is 0.2. bad luck and try next time. 
the 1017th message counter data_frame_filtered has been visited 25 times  
 at 504.676 s
++++ frame_probe ID: 850 receives a frame at time 4.69427s ++++
INFO: Detected an invalid packet at item 1728
INFO: Parser returned #f
++++ frame_probe ID: 860 receives a frame at time 4.73493s ++++
++++ frame_probe ID: 1010 receives a frame at time 4.73867s ++++
generated random number is0.226173 and the threshold is 0.2. bad luck and try next time. 
the 1017th message counter data_frame_filtered has been visited 26 times  
 at 504.881 s
++++ frame_probe ID: 850 receives a frame at time 4.89923s ++++
INFO: Detected an invalid packet at item 1792
INFO: Parser returned #f
++++ frame_probe ID: 860 receives a frame at time 4.93989s ++++
++++ frame_probe ID: 1010 receives a frame at time 4.95006s ++++
generated random number is0.277511 and the threshold is 0.2. bad luck and try next time. the 
1017th message counter data_frame_filtered has been visited 27 times  
 at 505.082 s
++++ frame_probe ID: 850 receives a frame at time 5.10009s ++++
INFO: Detected an invalid packet at item 1856
INFO: Parser returned #f
++++ frame_probe ID: 860 receives a frame at time 5.14063s ++++
++++ frame_probe ID: 1010 receives a frame at time 5.15159s ++++
generated random number is0.979631 and the threshold is 0.2. bad luck and try next time. 
the 1017th message counter data_frame_filtered has been visited 28 times  
Measurement 1/3 complete in 5 second(s).
 at 505.562 s
++++ frame_probe ID: 850 receives a frame at time 5.5803s ++++
INFO: Detected an invalid packet at item 1920
INFO: Parser returned #f
++++ frame_probe ID: 860 receives a frame at time 5.62099s ++++
++++ frame_probe ID: 1010 receives a frame at time 5.63165s ++++
generated random number is0.544806 and the threshold is the 10170.2th message counter . bad luck and try next time. data_frame_filtered has been visited 29 times 
 
 at 505.738 s
++++ frame_probe ID: 850 receives a frame at time 5.75624s ++++
INFO: Detected an invalid packet at item 1984
INFO: Parser returned #f
++++ frame_probe ID: 860 receives a frame at time 5.7968s ++++
++++ frame_probe ID: 1010 receives a frame at time 5.80404s ++++
generated random number is0.878474 and the threshold is 0.2. bad luck and try next time. 
the 1017th message counter data_frame_filtered has been visited 30 times  
 at 505.914 s
++++ frame_probe ID: 850 receives a frame at time 5.93172s ++++
INFO: Detected an invalid packet at item 2048
INFO: Parser returned #f
++++ frame_probe ID: 860 receives a frame at time 5.97231s ++++
++++ frame_probe ID: 1010 receives a frame at time 5.97742s ++++
generated random number is0.530683 and the threshold is 0.2. bad luck and try next time. 
the 1017th message counter data_frame_filtered has been visited 31 times  
 at 506.089 s
++++ frame_probe ID: 850 receives a frame at time 6.10679s ++++
INFO: Detected an invalid packet at item 2112
INFO: Parser returned #f
++++ frame_probe ID: 860 receives a frame at time 6.14728s ++++
++++ frame_probe ID: 1010 receives a frame at time 6.14979s ++++
generated random number is0.411947 and the threshold is the 0.2. bad luck and try next time. 
1017th message counter data_frame_filtered has been visited 32 times  
 at 506.274 s
Measurement 1/3 complete in 4 second(s).
++++ frame_probe ID: 850 receives a frame at time 6.29196s ++++
INFO: Detected an invalid packet at item 2176
INFO: Parser returned #f
++++ frame_probe ID: 860 receives a frame at time 6.33246s ++++
++++ frame_probe ID: 1010 receives a frame at time 6.34216s ++++
generated random number isthe 1018th message counter data_frame_not_filtered has been visited 3 times  
0.0716259 and the threshold is 0.2. good luck. 
 at 506.514 s
++++ frame_probe ID: 850 receives a frame at time 6.53215s ++++
INFO: Detected an invalid packet at item 2240
INFO: Parser returned #f
++++ frame_probe ID: 860 receives a frame at time 6.57265s ++++
++++ frame_probe ID: 1010 receives a frame at time 6.58173s ++++
generated random number is0.580298 and the threshold is 0.2. bad luck and try next time. 
the 1017th message counter data_frame_filtered has been visited 33 times  
 at 506.904 s
++++ frame_probe ID: 850 receives a frame at time 6.92241s ++++
INFO: Detected an invalid packet at item 2304
INFO: Parser returned #f
++++ frame_probe ID: 860 receives a frame at time 6.96293s ++++
++++ frame_probe ID: 1010 receives a frame at time 6.96563s ++++
generated random number is0.806471 and the threshold is 0.2. bad luck and try next time. 
the 1017th message counter data_frame_filtered has been visited 34 times  
 at 507.074 s
++++ frame_probe ID: 850 receives a frame at time 7.09223s ++++
INFO: Detected an invalid packet at item 2368
INFO: Parser returned #f
++++ frame_probe ID: 860 receives a frame at time 7.13284s ++++
++++ frame_probe ID: 1010 receives a frame at time 7.13895s ++++
generated random number is0.422864 and the threshold is 0.2. bad luck and try next time. 
the 1017th message counter data_frame_filtered has been visited 35 times  
 at 507.254 s
++++ frame_probe ID: 850 receives a frame at time 7.27256s ++++
INFO: Detected an invalid packet at item 2432
INFO: Parser returned #f
Measurement 1/3 complete in 3 second(s).
++++ frame_probe ID: 860 receives a frame at time 7.31313s ++++
++++ frame_probe ID: 1010 receives a frame at time 7.32137s ++++
generated random number isthe 1018th message counter data_frame_not_filtered has been visited 4 times  
0.109829 and the threshold is 0.2. good luck. 
 at 507.425 s
++++ frame_probe ID: 850 receives a frame at time 7.44278s ++++
INFO: Detected an invalid packet at item 2496
INFO: Parser returned #f
++++ frame_probe ID: 860 receives a frame at time 7.48333s ++++
++++ frame_probe ID: 1010 receives a frame at time 7.49377s ++++
generated random number isthe 1018th message counter data_frame_not_filtered has been visited 5 times  
0.0286127 and the threshold is 0.2. good luck. 
 at 507.63 s
++++ frame_probe ID: 850 receives a frame at time 7.64779s ++++
INFO: Detected an invalid packet at item 2560
INFO: Parser returned #f
++++ frame_probe ID: 860 receives a frame at time 7.68835s ++++
++++ frame_probe ID: 1010 receives a frame at time 7.69531s ++++
generated random number is0.80033 and the threshold is 0.2. bad luck and try next time. 
the 1017th message counter data_frame_filtered has been visited 36 times  
 at 507.86 s
++++ frame_probe ID: 850 receives a frame at time 7.87775s ++++
INFO: Detected an invalid packet at item 2624
INFO: Parser returned #f
++++ frame_probe ID: 860 receives a frame at time 7.9183s ++++
++++ frame_probe ID: 1010 receives a frame at time 7.92573s ++++
generated random number is0.987545 and the threshold is 0.2. bad luck and try next time. 
the 1017th message counter data_frame_filtered has been visited 37 times  
 at 508.05 s
++++ frame_probe ID: 850 receives a frame at time 8.06773s ++++
INFO: Detected an invalid packet at item 2688
INFO: Parser returned #f
++++ frame_probe ID: 860 receives a frame at time 8.10827s ++++
++++ frame_probe ID: 1010 receives a frame at time 8.11825s ++++
generated random number is0.820479 and the threshold is 0.2. bad luck and try next time. 
the 1017th message counter data_frame_filtered has been visited 38 times  
 at 508.22 s
++++ frame_probe ID: 850 receives a frame at time 8.23794s ++++
INFO: Detected an invalid packet at item 2752
INFO: Parser returned #f
++++ frame_probe ID: 860 receives a frame at time 8.2785s ++++
++++ frame_probe ID: 1010 receives a frame at time 8.2815s ++++
generated random number is0.878024 and the threshold is 0.2. bad luck and try next time. 
the 1017th message counter data_frame_filtered has been visited 39 times  
Measurement 1/3 complete in 2 second(s).
 at 508.401 s
++++ frame_probe ID: 850 receives a frame at time 8.41883s ++++
INFO: Detected an invalid packet at item 2816
INFO: Parser returned #f
++++ frame_probe ID: 860 receives a frame at time 8.45932s ++++
++++ frame_probe ID: 1010 receives a frame at time 8.463s ++++
generated random number is0.825922 and the threshold is 0.2. bad luck and try next time. 
the 1017th message counter data_frame_filtered has been visited 40 times  
 at 508.571 s
++++ frame_probe ID: 850 receives a frame at time 8.58895s ++++
INFO: Detected an invalid packet at item 2880
INFO: Parser returned #f
++++ frame_probe ID: 860 receives a frame at time 8.62955s ++++
++++ frame_probe ID: 1010 receives a frame at time 8.6363s ++++
generated random number is0.477846 and the threshold is 0.2. bad luck and try next time. 
the 1017th message counter data_frame_filtered has been visited 41 times  
 at 508.806 s
++++ frame_probe ID: 850 receives a frame at time 8.82403s ++++
INFO: Detected an invalid packet at item 2944
INFO: Parser returned #f
++++ frame_probe ID: 860 receives a frame at time 8.86452s ++++
++++ frame_probe ID: 1010 receives a frame at time 8.87593s ++++
generated random number is0.284317 and the threshold is 0.2. bad luck and try next time. 
the 1017th message counter data_frame_filtered has been visited 42 times  
 at 509.016 s
++++ frame_probe ID: 850 receives a frame at time 9.03408s ++++
INFO: Detected an invalid packet at item 3008
INFO: Parser returned #f
++++ frame_probe ID: 860 receives a frame at time 9.07478s ++++
++++ frame_probe ID: 1010 receives a frame at time 9.07831s ++++
generated random number is0.474695 and the threshold is 0.2. bad luck and try next time. 
the 1017th message counter data_frame_filtered has been visited 43 times  
 at 509.206 s
++++ frame_probe ID: 850 receives a frame at time 9.22431s ++++
INFO: Detected an invalid packet at item 3072
INFO: Parser returned #f
++++ frame_probe ID: 860 receives a frame at time 9.2648s ++++
++++ frame_probe ID: 1010 receives a frame at time 9.2698s ++++
generated random number is0.684193 and the threshold is the 1017th message counter data_frame_filtered0.2 has been visited . bad luck and try next time. 44 times 
 
Measurement 1/3 complete in 1 second(s).
 at 509.377 s
++++ frame_probe ID: 850 receives a frame at time 9.39533s ++++
INFO: Detected an invalid packet at item 3136
INFO: Parser returned #f
++++ frame_probe ID: 860 receives a frame at time 9.43591s ++++
++++ frame_probe ID: 1010 receives a frame at time 9.44317s ++++
generated random number is0.46224 and the threshold is 0.2. bad luck and try next time. the 
1017th message counter data_frame_filtered has been visited 45 times  
 at 509.563 s
++++ frame_probe ID: 850 receives a frame at time 9.58106s ++++
INFO: Detected an invalid packet at item 3200
INFO: Parser returned #f
++++ frame_probe ID: 860 receives a frame at time 9.62162s ++++
++++ frame_probe ID: 1010 receives a frame at time 9.62551s ++++
generated random number is0.887643 and the threshold is the 0.2. bad luck and try next time. 
1017th message counter data_frame_filtered has been visited 46 times  
 at 509.738 s
++++ frame_probe ID: 850 receives a frame at time 9.75645s ++++
INFO: Detected an invalid packet at item 3264
INFO: Parser returned #f
++++ frame_probe ID: 860 receives a frame at time 9.79695s ++++
++++ frame_probe ID: 1010 receives a frame at time 9.80713s ++++
generated random number isthe 1018th message counter data_frame_not_filtered has been visited 6 times  
0.0769209 and the threshold is 0.2. good luck. 
 at 509.968 s
++++ frame_probe ID: 850 receives a frame at time 9.98649s ++++
INFO: Detected an invalid packet at item 3328
INFO: Parser returned #f
++++ frame_probe ID: 860 receives a frame at time 10.027s ++++
++++ frame_probe ID: 1010 receives a frame at time 10.0375s ++++
generated random number is0.920605 and the threshold is the 0.21017. bad luck and try next time. th message counter data_frame_filtered has been visited 
47 times  
 at 510.226 s
++++ frame_probe ID: 850 receives a frame at time 10.2436s ++++
INFO: Detected an invalid packet at item 3392
INFO: Parser returned #f
++++ frame_probe ID: 860 receives a frame at time 10.2843s ++++
++++ frame_probe ID: 1010 receives a frame at time 10.2871s ++++
generated random number is0.508083 and the threshold is the 1017th message counter data_frame_filtered has been visited 48 times  0.2
. bad luck and try next time. 
Measurement 1 raw data directory created /home/inets/0_ba/bachelor_thesis/measurements/debug/data/37/1/.
'/home/inets/source/gr-inets/results/receiver_data_received.txt' -> '/home/inets/0_ba/bachelor_thesis/measurements/debug/data/37/1/receiver_data_received.txt'
'/home/inets/source/gr-inets/results/sender_bfr_dq.txt' -> '/home/inets/0_ba/bachelor_thesis/measurements/debug/data/37/1/sender_bfr_dq.txt'
'/home/inets/source/gr-inets/results/sender_data_sent.txt' -> '/home/inets/0_ba/bachelor_thesis/measurements/debug/data/37/1/sender_data_sent.txt'
Measurement 1 raw data moved to /home/inets/0_ba/bachelor_thesis/measurements/debug/data/37/1/.

Measurement 2/3 complete in 15 second(s).
linux; GNU C++ version 5.4.0 20160609; Boost_105800; UHD_003.009.005-45-g6768a615

linux; GNU C++ version 5.4.0 20160609; Boost_105800; UHD_003.009.005-45-g6768a615

Measurement 2/3 complete in 14 second(s).
Using Volk machine: avx_64_mmx
-- Opening a USRP2/N-Series device...
Using Volk machine: avx_64_mmx
-- Opening a USRP2/N-Series device...
-- Current recv frame size: 1472 bytes
-- Current recv frame size: 1472 bytes
-- Current send frame size: 1472 bytes
-- Current send frame size: 1472 bytes
Measurement 2/3 complete in 13 second(s).
develop_mode of random_filter ID: 1015 is activated.
the 1017th message counter is activated.
the 1018th message counter is activated.
the 880th message counter is activated.
the 1080th message counter is activated.
the 885th message counter is activated.
the 100th message counter is activated.
the 100th message counter is activated.
Measurement 2/3 complete in 12 second(s).
node starts running at 13.5112
node starts running at 13.5113
++++ frame_probe ID: 850 receives a frame at time 13.6418s ++++
INFO: Detected an invalid packet at item 0
INFO: Parser returned #f
++++ frame_probe ID: 860 receives a frame at time 13.6829s ++++
++++ frame_probe ID: 1010 receives a frame at time 13.6939s ++++
generated random number isthe 0.559029 and the threshold is 1017th message counter data_frame_filtered has been visited 1 times  
0.2. bad luck and try next time. 
 at 513.794 s
++++ frame_probe ID: 850 receives a frame at time 13.8126s ++++
INFO: Detected an invalid packet at item 64
INFO: Parser returned #f
++++ frame_probe ID: 860 receives a frame at time 13.8532s ++++
++++ frame_probe ID: 1010 receives a frame at time 13.8572s ++++
generated random number is0.356876 and the threshold is 0.2. bad luck and try next time. 
the 1017th message counter data_frame_filtered has been visited 2 times  
 at 513.965 s
++++ frame_probe ID: 850 receives a frame at time 13.9827s ++++
INFO: Detected an invalid packet at item 128
INFO: Parser returned #f
++++ frame_probe ID: 860 receives a frame at time 14.0233s ++++
++++ frame_probe ID: 1010 receives a frame at time 14.0297s ++++
generated random number is0.520132 and the threshold is 0.2. bad luck and try next time. 
the 1017th message counter data_frame_filtered has been visited 3 times  
 at 514.135 s
++++ frame_probe ID: 850 receives a frame at time 14.153s ++++
INFO: Detected an invalid packet at item 192
INFO: Parser returned #f
++++ frame_probe ID: 860 receives a frame at time 14.1937s ++++
++++ frame_probe ID: 1010 receives a frame at time 14.2021s ++++
generated random number is0.800626 and the threshold is the 1017th message counter 0.2data_frame_filtered. bad luck and try next time.  has been visited 
4 times  
Measurement 2/3 complete in 11 second(s).
 at 514.345 s
++++ frame_probe ID: 850 receives a frame at time 14.3632s ++++
INFO: Detected an invalid packet at item 256
INFO: Parser returned #f
++++ frame_probe ID: 860 receives a frame at time 14.4038s ++++
++++ frame_probe ID: 1010 receives a frame at time 14.4135s ++++
generated random number isthe 1018th message counter data_frame_not_filtered has been visited 1 times  
0.119354 and the threshold is 0.2. good luck. 
 at 514.525 s
++++ frame_probe ID: 850 receives a frame at time 14.5437s ++++
INFO: Detected an invalid packet at item 320
INFO: Parser returned #f
++++ frame_probe ID: 860 receives a frame at time 14.5842s ++++
++++ frame_probe ID: 1010 receives a frame at time 14.5959s ++++
generated random number is0.679733 and the threshold is 0.2. bad luck and try next time. 
the 1017th message counter data_frame_filtered has been visited 5 times  
 at 515.001 s
++++ frame_probe ID: 850 receives a frame at time 15.0188s ++++
INFO: Detected an invalid packet at item 384
INFO: Parser returned #f
++++ frame_probe ID: 860 receives a frame at time 15.0593s ++++
++++ frame_probe ID: 1010 receives a frame at time 15.066s ++++
generated random number is0.432377 and the threshold is 0.2. bad luck and try next time. 
the 1017th message counter data_frame_filtered has been visited 6 times  
 at 515.176 s
++++ frame_probe ID: 850 receives a frame at time 15.1944s ++++
INFO: Detected an invalid packet at item 448
INFO: Parser returned #f
++++ frame_probe ID: 860 receives a frame at time 15.2349s ++++
++++ frame_probe ID: 1010 receives a frame at time 15.2386s ++++
generated random number is0.584329 and the threshold is 0.2the . bad luck and try next time. 1017
th message counter data_frame_filtered has been visited 7 times  
Measurement 2/3 complete in 10 second(s).
 at 515.356 s
++++ frame_probe ID: 850 receives a frame at time 15.3744s ++++
INFO: Detected an invalid packet at item 512
INFO: Parser returned #f
++++ frame_probe ID: 860 receives a frame at time 15.415s ++++
++++ frame_probe ID: 1010 receives a frame at time 15.4209s ++++
generated random number is0.252155 and the threshold is 0.2. bad luck and try next time. 
the 1017th message counter data_frame_filtered has been visited 8 times  
 at 515.551 s
++++ frame_probe ID: 850 receives a frame at time 15.5694s ++++
INFO: Detected an invalid packet at item 576
INFO: Parser returned #f
++++ frame_probe ID: 860 receives a frame at time 15.6099s ++++
++++ frame_probe ID: 1010 receives a frame at time 15.6132s ++++
generated random number is0.936485 and the threshold is 0.2. bad luck and try next time. 
the 1017th message counter data_frame_filtered has been visited 9 times  
 at 515.771 s
++++ frame_probe ID: 850 receives a frame at time 15.7896s ++++
INFO: Detected an invalid packet at item 640
INFO: Parser returned #f
++++ frame_probe ID: 860 receives a frame at time 15.8302s ++++
++++ frame_probe ID: 1010 receives a frame at time 15.8337s ++++
generated random number is0.456617 and the threshold is 0.2. bad luck and try next time. 
the 1017th message counter data_frame_filtered has been visited 10 times  
 at 515.996 s
++++ frame_probe ID: 850 receives a frame at time 16.0146s ++++
INFO: Detected an invalid packet at item 704
INFO: Parser returned #f
++++ frame_probe ID: 860 receives a frame at time 16.0551s ++++
++++ frame_probe ID: 1010 receives a frame at time 16.0642s ++++
generated random number is0.0110679 and the threshold is 0.2. good luck. 
the 1018th message counter data_frame_not_filtered has been visited 2 times  
 at 516.316 s
++++ frame_probe ID: 850 receives a frame at time 16.3345s ++++
INFO: Detected an invalid packet at item 768
INFO: Parser returned #f
Measurement 2/3 complete in 9 second(s).
++++ frame_probe ID: 860 receives a frame at time 16.3751s ++++
++++ frame_probe ID: 1010 receives a frame at time 16.3809s ++++
generated random number is0.754792 and the threshold is 0.2. bad luck and try next time. 
the 1017th message counter data_frame_filtered has been visited 11 times  
 at 516.486 s
++++ frame_probe ID: 850 receives a frame at time 16.5045s ++++
INFO: Detected an invalid packet at item 832
INFO: Parser returned #f
++++ frame_probe ID: 860 receives a frame at time 16.5453s ++++
++++ frame_probe ID: 1010 receives a frame at time 16.5534s ++++
generated random number isthe 1018th message counter data_frame_not_filtered has been visited 3 times  
0.12424 and the threshold is 0.2. good luck. 
 at 516.672 s
++++ frame_probe ID: 850 receives a frame at time 16.6904s ++++
INFO: Detected an invalid packet at item 896
INFO: Parser returned #f
++++ frame_probe ID: 860 receives a frame at time 16.7311s ++++
 at 516.842 s
++++ frame_probe ID: 850 receives a frame at time 16.8605s ++++
INFO: Detected an invalid packet at item 960
INFO: Parser returned #f
++++ frame_probe ID: 860 receives a frame at time 16.901s ++++
++++ frame_probe ID: 1010 receives a frame at time 16.9091s ++++
generated random number is0.778871 and the threshold is 0.2. bad luck and try next time. 
the 1017th message counter data_frame_filtered has been visited 12 times  
 at 517.083 s
++++ frame_probe ID: 850 receives a frame at time 17.1007s ++++
INFO: Detected an invalid packet at item 1024
INFO: Parser returned #f
++++ frame_probe ID: 860 receives a frame at time 17.1414s ++++
++++ frame_probe ID: 1010 receives a frame at time 17.1487s ++++
generated random number is0.704548 and the threshold is the 0.2. bad luck and try next time. 1017th message counter data_frame_filtered has been visited 13
 times  
 at 517.288 s
++++ frame_probe ID: 850 receives a frame at time 17.3058s ++++
INFO: Detected an invalid packet at item 1088
INFO: Parser returned #f
++++ frame_probe ID: 860 receives a frame at time 17.3465s ++++
++++ frame_probe ID: 1010 receives a frame at time 17.3501s ++++
generated random number is0.372293 and the threshold is the 0.21017th message counter . bad luck and try next time. data_frame_filtered
 has been visited 14 times  
Measurement 2/3 complete in 8 second(s).
 at 517.479 s
++++ frame_probe ID: 850 receives a frame at time 17.4968s ++++
INFO: Detected an invalid packet at item 1152
INFO: Parser returned #f
++++ frame_probe ID: 860 receives a frame at time 17.5374s ++++
++++ frame_probe ID: 1010 receives a frame at time 17.5425s ++++
generated random number is0.412884 and the threshold is 0.2. bad luck and try next time. 
the 1017th message counter data_frame_filtered has been visited 15 times  
 at 517.649 s
++++ frame_probe ID: 850 receives a frame at time 17.667s ++++
INFO: Detected an invalid packet at item 1216
INFO: Parser returned #f
++++ frame_probe ID: 860 receives a frame at time 17.7076s ++++
++++ frame_probe ID: 1010 receives a frame at time 17.715s ++++
generated random number isthe 1018th message counter data_frame_not_filtered has been visited 4 times  
0.082981 and the threshold is 0.2. good luck. 
 at 517.819 s
++++ frame_probe ID: 850 receives a frame at time 17.837s ++++
INFO: Detected an invalid packet at item 1280
INFO: Parser returned #f
++++ frame_probe ID: 860 receives a frame at time 17.8775s ++++
++++ frame_probe ID: 1010 receives a frame at time 17.8883s ++++
generated random number is0.312107 and the threshold is 0.2. bad luck and try next time. 
the 1017th message counter data_frame_filtered has been visited 16 times  
 at 518.014 s
++++ frame_probe ID: 850 receives a frame at time 18.0319s ++++
INFO: Detected an invalid packet at item 1344
INFO: Parser returned #f
++++ frame_probe ID: 860 receives a frame at time 18.0724s ++++
++++ frame_probe ID: 1010 receives a frame at time 18.0798s ++++
generated random number is0.929414 and the threshold is 0.2. bad luck and try next time. 
the 1017th message counter data_frame_filtered has been visited 17 times  
 at 518.204 s
++++ frame_probe ID: 850 receives a frame at time 18.222s ++++
INFO: Detected an invalid packet at item 1408
INFO: Parser returned #f
++++ frame_probe ID: 860 receives a frame at time 18.2627s ++++
++++ frame_probe ID: 1010 receives a frame at time 18.2722s ++++
generated random number isthe 0.0499915 and the threshold is 1018th message counter data_frame_not_filtered has been visited 5 times  0.2. good luck. 

Measurement 2/3 complete in 7 second(s).
 at 518.419 s
++++ frame_probe ID: 850 receives a frame at time 18.4373s ++++
INFO: Detected an invalid packet at item 1472
INFO: Parser returned #f
++++ frame_probe ID: 860 receives a frame at time 18.4779s ++++
++++ frame_probe ID: 1010 receives a frame at time 18.4837s ++++
generated random number is0.997092 and the threshold is the 0.2. bad luck and try next time. 
1017th message counter data_frame_filtered has been visited 18 times  
 at 518.714 s
++++ frame_probe ID: 850 receives a frame at time 18.7326s ++++
INFO: Detected an invalid packet at item 1536
INFO: Parser returned #f
++++ frame_probe ID: 860 receives a frame at time 18.7731s ++++
++++ frame_probe ID: 1010 receives a frame at time 18.7813s ++++
generated random number is0.351905 and the threshold is the 0.2. bad luck and try next time. 1017th message counter 
data_frame_filtered has been visited 19 times  
 at 518.885 s
++++ frame_probe ID: 850 receives a frame at time 18.9027s ++++
INFO: Detected an invalid packet at item 1600
INFO: Parser returned #f
++++ frame_probe ID: 860 receives a frame at time 18.9433s ++++
++++ frame_probe ID: 1010 receives a frame at time 18.9537s ++++
generated random number is0.712385 and the threshold is 0.2. bad luck and try next time. 
the 1017th message counter data_frame_filtered has been visited 20 times  
 at 519.06 s
++++ frame_probe ID: 850 receives a frame at time 19.0779s ++++
INFO: Detected an invalid packet at item 1664
INFO: Parser returned #f
++++ frame_probe ID: 860 receives a frame at time 19.1185s ++++
++++ frame_probe ID: 1010 receives a frame at time 19.127s ++++
generated random number isthe 1018th message counter data_frame_not_filtered0.166285 has been visited  and the threshold is 6 times  
0.2. good luck. 
 at 519.26 s
++++ frame_probe ID: 850 receives a frame at time 19.2786s ++++
INFO: Detected an invalid packet at item 1728
INFO: Parser returned #f
++++ frame_probe ID: 860 receives a frame at time 19.3192s ++++
++++ frame_probe ID: 1010 receives a frame at time 19.3286s ++++
generated random number is0.491256 and the threshold is the 1017th message counter data_frame_filtered has been visited 21 times 0.2 
. bad luck and try next time. 
Measurement 2/3 complete in 6 second(s).
 at 519.491 s
++++ frame_probe ID: 850 receives a frame at time 19.5088s ++++
INFO: Detected an invalid packet at item 1792
INFO: Parser returned #f
++++ frame_probe ID: 860 receives a frame at time 19.5493s ++++
++++ frame_probe ID: 1010 receives a frame at time 19.559s ++++
generated random number is0.864514 and the threshold is 0.2. bad luck and try next time. 
the 1017th message counter data_frame_filtered has been visited 22 times  
 at 519.741 s
++++ frame_probe ID: 850 receives a frame at time 19.7589s ++++
INFO: Detected an invalid packet at item 1856
INFO: Parser returned #f
++++ frame_probe ID: 860 receives a frame at time 19.7995s ++++
++++ frame_probe ID: 1010 receives a frame at time 19.8087s ++++
generated random number is0.665384 and the threshold is the 1017th message counter data_frame_filtered has been visited 23 times  0.2
. bad luck and try next time. 
 at 519.942 s
++++ frame_probe ID: 850 receives a frame at time 19.9598s ++++
INFO: Detected an invalid packet at item 1920
INFO: Parser returned #f
++++ frame_probe ID: 860 receives a frame at time 20.0003s ++++
++++ frame_probe ID: 1010 receives a frame at time 20.0101s ++++
generated random number is0.287316 and the threshold is 0.2the . bad luck and try next time. 
1017th message counter data_frame_filtered has been visited 24 times  
 at 520.118 s
++++ frame_probe ID: 850 receives a frame at time 20.1358s ++++
INFO: Detected an invalid packet at item 1984
INFO: Parser returned #f
++++ frame_probe ID: 860 receives a frame at time 20.1764s ++++
 at 520.304 s
++++ frame_probe ID: 850 receives a frame at time 20.3218s ++++
INFO: Detected an invalid packet at item 2048
INFO: Parser returned #f
++++ frame_probe ID: 860 receives a frame at time 20.3626s ++++
Measurement 2/3 complete in 5 second(s).
++++ frame_probe ID: 1010 receives a frame at time 20.3741s ++++
generated random number is0.281301 and the threshold is 0.2. bad luck and try next time. 
the 1017th message counter data_frame_filtered has been visited 25 times  
 at 520.494 s
++++ frame_probe ID: 850 receives a frame at time 20.5123s ++++
INFO: Detected an invalid packet at item 2112
INFO: Parser returned #f
++++ frame_probe ID: 860 receives a frame at time 20.5531s ++++
++++ frame_probe ID: 1010 receives a frame at time 20.5566s ++++
generated random number is0.809732 and the threshold is 0.2. bad luck and try next time. 
the 1017th message counter data_frame_filtered has been visited 26 times  
 at 520.69 s
++++ frame_probe ID: 850 receives a frame at time 20.7083s ++++
INFO: Detected an invalid packet at item 2176
INFO: Parser returned #f
++++ frame_probe ID: 860 receives a frame at time 20.749s ++++
++++ frame_probe ID: 1010 receives a frame at time 20.7587s ++++
generated random number isthe 1018th message counter data_frame_not_filtered has been visited 7 times  
0.039076 and the threshold is 0.2. good luck. 
 at 520.866 s
++++ frame_probe ID: 850 receives a frame at time 20.8844s ++++
INFO: Detected an invalid packet at item 2240
INFO: Parser returned #f
++++ frame_probe ID: 860 receives a frame at time 20.925s ++++
++++ frame_probe ID: 1010 receives a frame at time 20.9312s ++++
generated random number is0.465562 and the threshold is 0.2. bad luck and try next time. 
the 1017th message counter data_frame_filtered has been visited 27 times  
 at 521.246 s
++++ frame_probe ID: 850 receives a frame at time 21.2645s ++++
INFO: Detected an invalid packet at item 2304
INFO: Parser returned #f
++++ frame_probe ID: 860 receives a frame at time 21.3052s ++++
++++ frame_probe ID: 1010 receives a frame at time 21.3151s ++++
generated random number is0.809353 and the threshold is the 1017th message counter 0.2data_frame_filtered. bad luck and try next time.  has been visited 
28 times  
Measurement 2/3 complete in 4 second(s).
 at 521.417 s
++++ frame_probe ID: 850 receives a frame at time 21.4347s ++++
INFO: Detected an invalid packet at item 2368
INFO: Parser returned #f
++++ frame_probe ID: 860 receives a frame at time 21.4753s ++++
++++ frame_probe ID: 1010 receives a frame at time 21.4784s ++++
generated random number is0.901471 and the threshold is 0.2. bad luck and try next time. 
the 1017th message counter data_frame_filtered has been visited 29 times  
 at 521.592 s
++++ frame_probe ID: 850 receives a frame at time 21.6101s ++++
INFO: Detected an invalid packet at item 2432
INFO: Parser returned #f
++++ frame_probe ID: 860 receives a frame at time 21.6508s ++++
++++ frame_probe ID: 1010 receives a frame at time 21.6608s ++++
generated random number is0.978872 and the threshold is 0.2. bad luck and try next time. 
the 1017th message counter data_frame_filtered has been visited 30 times  
 at 521.772 s
++++ frame_probe ID: 850 receives a frame at time 21.7904s ++++
INFO: Detected an invalid packet at item 2496
INFO: Parser returned #f
++++ frame_probe ID: 860 receives a frame at time 21.831s ++++
++++ frame_probe ID: 1010 receives a frame at time 21.8435s ++++
generated random number is0.702912 and the threshold is 0.2. bad luck and try next time. 
the 1017th message counter data_frame_filtered has been visited 31 times  
 at 521.978 s
++++ frame_probe ID: 850 receives a frame at time 21.9963s ++++
INFO: Detected an invalid packet at item 2560
INFO: Parser returned #f
++++ frame_probe ID: 860 receives a frame at time 22.0369s ++++
++++ frame_probe ID: 1010 receives a frame at time 22.0446s ++++
generated random number isthe 1018th message counter data_frame_not_filtered has been visited 8 times  
0.162054 and the threshold is 0.2. good luck. 
 at 522.148 s
++++ frame_probe ID: 850 receives a frame at time 22.1663s ++++
INFO: Detected an invalid packet at item 2624
INFO: Parser returned #f
++++ frame_probe ID: 860 receives a frame at time 22.2069s ++++
++++ frame_probe ID: 1010 receives a frame at time 22.2171s ++++
generated random number is0.20415 and the threshold is 0.2. bad luck and try next time. 
the 1017th message counter data_frame_filtered has been visited 32 times  
Measurement 2/3 complete in 3 second(s).
 at 522.443 s
++++ frame_probe ID: 850 receives a frame at time 22.4615s ++++
INFO: Detected an invalid packet at item 2688
INFO: Parser returned #f
++++ frame_probe ID: 860 receives a frame at time 22.5021s ++++
++++ frame_probe ID: 1010 receives a frame at time 22.5057s ++++
generated random number is0.52099 and the threshold is 0.2. bad luck and try next time. 
the 1017th message counter data_frame_filtered has been visited 33 times  
 at 522.614 s
++++ frame_probe ID: 850 receives a frame at time 22.6316s ++++
INFO: Detected an invalid packet at item 2752
INFO: Parser returned #f
++++ frame_probe ID: 860 receives a frame at time 22.6721s ++++
++++ frame_probe ID: 1010 receives a frame at time 22.6781s ++++
generated random number is0.856038 and the threshold is 0.2. bad luck and try next time. 
the 1017th message counter data_frame_filtered has been visited 34 times  
 at 522.784 s
++++ frame_probe ID: 850 receives a frame at time 22.8018s ++++
INFO: Detected an invalid packet at item 2816
INFO: Parser returned #f
++++ frame_probe ID: 860 receives a frame at time 22.8423s ++++
generated random number is++++ frame_probe ID: 1010 receives a frame at time 0.559894 and the threshold is 0.2. bad luck and try next time. 
22.8506s ++++
the 1017th message counter data_frame_filtered has been visited 35 times  
 at 522.954 s
++++ frame_probe ID: 850 receives a frame at time 22.9722s ++++
INFO: Detected an invalid packet at item 2880
INFO: Parser returned #f
++++ frame_probe ID: 860 receives a frame at time 23.0127s ++++
++++ frame_probe ID: 1010 receives a frame at time 23.0239s ++++
generated random number is0.657899 and the threshold is 0.2. bad luck and try next time. 
the 1017th message counter data_frame_filtered has been visited 36 times  
 at 523.129 s
++++ frame_probe ID: 850 receives a frame at time 23.1475s ++++
INFO: Detected an invalid packet at item 2944
INFO: Parser returned #f
++++ frame_probe ID: 860 receives a frame at time 23.1884s ++++
++++ frame_probe ID: 1010 receives a frame at time 23.1963s ++++
generated random number is0.35573 and the threshold is the 0.2. bad luck and try next time. 
1017th message counter data_frame_filtered has been visited 37 times  
Measurement 2/3 complete in 2 second(s).
 at 523.41 s
++++ frame_probe ID: 850 receives a frame at time 23.4279s ++++
INFO: Detected an invalid packet at item 3008
INFO: Parser returned #f
++++ frame_probe ID: 860 receives a frame at time 23.4684s ++++
++++ frame_probe ID: 1010 receives a frame at time 23.474s ++++
generated random number is0.765945 and the threshold is 0.2. bad luck and try next time. 
the 1017th message counter data_frame_filtered has been visited 38 times  
 at 523.765 s
++++ frame_probe ID: 850 receives a frame at time 23.7829s ++++
INFO: Detected an invalid packet at item 3072
INFO: Parser returned #f
++++ frame_probe ID: 860 receives a frame at time 23.8235s ++++
++++ frame_probe ID: 1010 receives a frame at time 23.8297s ++++
generated random number isthe 1018th message counter data_frame_not_filtered has been visited 9 times  
0.0561413 and the threshold is 0.2. good luck. 
 at 523.94 s
++++ frame_probe ID: 850 receives a frame at time 23.9581s ++++
INFO: Detected an invalid packet at item 3136
INFO: Parser returned #f
++++ frame_probe ID: 860 receives a frame at time 23.9986s ++++
++++ frame_probe ID: 1010 receives a frame at time 24.0021s ++++
generated random number is0.861704 and the threshold is the 1017th message counter data_frame_filtered has been visited 390.2 times  . bad luck and try next time. 

 at 524.12 s
++++ frame_probe ID: 850 receives a frame at time 24.1383s ++++
INFO: Detected an invalid packet at item 3200
INFO: Parser returned #f
++++ frame_probe ID: 860 receives a frame at time 24.1788s ++++
++++ frame_probe ID: 1010 receives a frame at time 24.1845s ++++
generated random number is0.819494 and the threshold is 0.2. bad luck and try next time. 
the 1017th message counter data_frame_filtered has been visited 40 times  
 at 524.316 s
++++ frame_probe ID: 850 receives a frame at time 24.3341s ++++
INFO: Detected an invalid packet at item 3264
INFO: Parser returned #f
Measurement 2/3 complete in 1 second(s).
++++ frame_probe ID: 860 receives a frame at time 24.3748s ++++
++++ frame_probe ID: 1010 receives a frame at time 24.386s ++++
generated random number is0.469229 and the threshold is 0.2. bad luck and try next time. 
the 1017th message counter data_frame_filtered has been visited 41 times  
 at 524.526 s
++++ frame_probe ID: 850 receives a frame at time 24.5446s ++++
INFO: Detected an invalid packet at item 3328
INFO: Parser returned #f
++++ frame_probe ID: 860 receives a frame at time 24.5854s ++++
++++ frame_probe ID: 1010 receives a frame at time 24.5877s ++++
generated random number is0.0674913 and the threshold is 0.2. good luck. 
the 1018th message counter data_frame_not_filtered has been visited 10 times  
 at 524.722 s
++++ frame_probe ID: 850 receives a frame at time 24.7401s ++++
INFO: Detected an invalid packet at item 3392
INFO: Parser returned #f
++++ frame_probe ID: 860 receives a frame at time 24.7807s ++++
++++ frame_probe ID: 1010 receives a frame at time 24.789s ++++
generated random number is0.884453 and the threshold is 0.2. bad luck and try next time. 
the 1017th message counter data_frame_filtered has been visited 42 times  
 at 524.932 s
++++ frame_probe ID: 850 receives a frame at time 24.9505s ++++
INFO: Detected an invalid packet at item 3456
INFO: Parser returned #f
++++ frame_probe ID: 860 receives a frame at time 24.9913s ++++
++++ frame_probe ID: 1010 receives a frame at time 25.0004s ++++
generated random number is0.74049 and the threshold is the 0.2. bad luck and try next time. 1017
th message counter data_frame_filtered has been visited 43 times  
 at 525.108 s
++++ frame_probe ID: 850 receives a frame at time 25.1259s ++++
INFO: Detected an invalid packet at item 3520
INFO: Parser returned #f
++++ frame_probe ID: 860 receives a frame at time 25.1665s ++++
++++ frame_probe ID: 1010 receives a frame at time 25.1737s ++++
generated random number is0.25004 and the threshold is 0.2. bad luck and try next time. 
the 1017th message counter data_frame_filtered has been visited 44 times  
 at 525.293 s
++++ frame_probe ID: 850 receives a frame at time 25.311s ++++
INFO: Detected an invalid packet at item 3584
INFO: Parser returned #f
++++ frame_probe ID: 860 receives a frame at time 25.3516s ++++
++++ frame_probe ID: 1010 receives a frame at time 25.3561s ++++
generated random number is0.754118 and the threshold is 0.2. bad luck and try next time. 
the 1017th message counter data_frame_filtered has been visited 45 times  
Measurement 2 raw data directory created /home/inets/0_ba/bachelor_thesis/measurements/debug/data/37/2/.
'/home/inets/source/gr-inets/results/receiver_data_received.txt' -> '/home/inets/0_ba/bachelor_thesis/measurements/debug/data/37/2/receiver_data_received.txt'
'/home/inets/source/gr-inets/results/sender_bfr_dq.txt' -> '/home/inets/0_ba/bachelor_thesis/measurements/debug/data/37/2/sender_bfr_dq.txt'
'/home/inets/source/gr-inets/results/sender_data_sent.txt' -> '/home/inets/0_ba/bachelor_thesis/measurements/debug/data/37/2/sender_data_sent.txt'
Measurement 2 raw data moved to /home/inets/0_ba/bachelor_thesis/measurements/debug/data/37/2/.

Measurement 3/3 complete in 15 second(s).
linux; GNU C++ version 5.4.0 20160609; Boost_105800; UHD_003.009.005-45-g6768a615
linux; GNU C++ version 5.4.0 20160609; Boost_105800; UHD_003.009.005-45-g6768a615


Measurement 3/3 complete in 14 second(s).
Using Volk machine: avx_64_mmx
-- Opening a USRP2/N-Series device...
Using Volk machine: avx_64_mmx
-- Opening a USRP2/N-Series device...
-- Current recv frame size: 1472 bytes
-- Current send frame size: 1472 bytes
-- Current recv frame size: 1472 bytes
-- Current send frame size: 1472 bytes
Measurement 3/3 complete in 13 second(s).
develop_mode of random_filter ID: 1015 is activated.
the 880th message counter is activated.
the 885th message counter is activated.
the 1017th message counter is activated.
the 100th message counter is activated.
the 1018th message counter is activated.
the 1080th message counter is activated.
the 100th message counter is activated.
Measurement 3/3 complete in 12 second(s).
node starts running at 28.5576
node starts running at 28.5579
++++ frame_probe ID: 850 receives a frame at time 28.6114s ++++
INFO: Detected an invalid packet at item 0
INFO: Parser returned #f
++++ frame_probe ID: 860 receives a frame at time 28.6528s ++++
++++ frame_probe ID: 1010 receives a frame at time 28.6564s ++++
generated random number is0.598954 and the threshold is 0.2. bad luck and try next time. 
the 1017th message counter data_frame_filtered has been visited 1 times  
 at 528.769 s
++++ frame_probe ID: 850 receives a frame at time 28.7874s ++++
INFO: Detected an invalid packet at item 64
INFO: Parser returned #f
++++ frame_probe ID: 860 receives a frame at time 28.8279s ++++
++++ frame_probe ID: 1010 receives a frame at time 28.8389s ++++
generated random number is0.190397 and the threshold is 0.2. good luck. 
the 1018th message counter data_frame_not_filtered has been visited 1 times  
 at 528.949 s
++++ frame_probe ID: 850 receives a frame at time 28.9676s ++++
INFO: Detected an invalid packet at item 128
INFO: Parser returned #f
++++ frame_probe ID: 860 receives a frame at time 29.0082s ++++
++++ frame_probe ID: 1010 receives a frame at time 29.0113s ++++
generated random number is0.935343 and the threshold is 0.2. bad luck and try next time. 
the 1017th message counter data_frame_filtered has been visited 2 times  
 at 529.15 s
++++ frame_probe ID: 850 receives a frame at time 29.1677s ++++
INFO: Detected an invalid packet at item 192
INFO: Parser returned #f
++++ frame_probe ID: 860 receives a frame at time 29.2082s ++++
++++ frame_probe ID: 1010 receives a frame at time 29.2127s ++++
generated random number isthe 1018th message counter data_frame_not_filtered has been visited 2 times  
0.0765871 and the threshold is 0.2. good luck. 
Measurement 3/3 complete in 11 second(s).
 at 529.389 s
++++ frame_probe ID: 850 receives a frame at time 29.4076s ++++
INFO: Detected an invalid packet at item 256
INFO: Parser returned #f
++++ frame_probe ID: 860 receives a frame at time 29.4486s ++++
++++ frame_probe ID: 1010 receives a frame at time 29.4532s ++++
generated random number isthe 1018th message counter data_frame_not_filtered has been visited 3 times  
0.0182841 and the threshold is 0.2. good luck. 
 at 529.69 s
++++ frame_probe ID: 850 receives a frame at time 29.7085s ++++
INFO: Detected an invalid packet at item 320
INFO: Parser returned #f
++++ frame_probe ID: 860 receives a frame at time 29.7491s ++++
++++ frame_probe ID: 1010 receives a frame at time 29.76s ++++
generated random number isthe 1018th message counter data_frame_not_filtered has been visited 4 times  
0.07483 and the threshold is 0.2. good luck. 
 at 529.891 s
++++ frame_probe ID: 850 receives a frame at time 29.9089s ++++
INFO: Detected an invalid packet at item 384
INFO: Parser returned #f
++++ frame_probe ID: 860 receives a frame at time 29.9494s ++++
++++ frame_probe ID: 1010 receives a frame at time 29.9524s ++++
generated random number is0.267979 and the threshold is 0.2. bad luck and try next time. 
the 1017th message counter data_frame_filtered has been visited 3 times  
 at 530.061 s
++++ frame_probe ID: 850 receives a frame at time 30.0792s ++++
INFO: Detected an invalid packet at item 448
INFO: Parser returned #f
++++ frame_probe ID: 860 receives a frame at time 30.1198s ++++
++++ frame_probe ID: 1010 receives a frame at time 30.1249s ++++
generated random number isthe 1018th message counter data_frame_not_filtered has been visited 5 times  
0.118047 and the threshold is 0.2. good luck. 
 at 530.241 s
++++ frame_probe ID: 850 receives a frame at time 30.2592s ++++
INFO: Detected an invalid packet at item 512
INFO: Parser returned #f
++++ frame_probe ID: 860 receives a frame at time 30.2997s ++++
++++ frame_probe ID: 1010 receives a frame at time 30.3072s ++++
generated random number is0.771881 and the threshold is 0.2. bad luck and try next time. 
the 1017th message counter data_frame_filtered has been visited 4 times  
Measurement 3/3 complete in 10 second(s).
 at 530.431 s
++++ frame_probe ID: 850 receives a frame at time 30.4491s ++++
INFO: Detected an invalid packet at item 576
INFO: Parser returned #f
++++ frame_probe ID: 860 receives a frame at time 30.4898s ++++
++++ frame_probe ID: 1010 receives a frame at time 30.4997s ++++
generated random number is0.638116 and the threshold is 0.2. bad luck and try next time. 
the 1017th message counter data_frame_filtered has been visited 5 times  
 at 530.606 s
++++ frame_probe ID: 850 receives a frame at time 30.6244s ++++
INFO: Detected an invalid packet at item 640
INFO: Parser returned #f
++++ frame_probe ID: 860 receives a frame at time 30.6648s ++++
++++ frame_probe ID: 1010 receives a frame at time 30.672s ++++
generated random number is0.831455 and the threshold is the 10170.2th message counter . bad luck and try next time. data_frame_filtered
 has been visited 6 times  
 at 530.896 s
++++ frame_probe ID: 850 receives a frame at time 30.9144s ++++
INFO: Detected an invalid packet at item 704
INFO: Parser returned #f
++++ frame_probe ID: 860 receives a frame at time 30.955s ++++
++++ frame_probe ID: 1010 receives a frame at time 30.9606s ++++
generated random number is0.878824 and the threshold is the 1017th message counter data_frame_filtered has been visited 7 times  
0.2. bad luck and try next time. 
 at 531.116 s
++++ frame_probe ID: 850 receives a frame at time 31.1346s ++++
INFO: Detected an invalid packet at item 768
INFO: Parser returned #f
++++ frame_probe ID: 860 receives a frame at time 31.1753s ++++
++++ frame_probe ID: 1010 receives a frame at time 31.1811s ++++
generated random number is0.434663 and the threshold is 0.2. bad luck and try next time. 
the 1017th message counter data_frame_filtered has been visited 8 times  
 at 531.292 s
++++ frame_probe ID: 850 receives a frame at time 31.3103s ++++
INFO: Detected an invalid packet at item 832
INFO: Parser returned #f
++++ frame_probe ID: 860 receives a frame at time 31.3509s ++++
++++ frame_probe ID: 1010 receives a frame at time 31.3535s ++++
generated random number is0.557879 and the threshold is 0.2. bad luck and try next time. 
the 1017th message counter data_frame_filtered has been visited 9 times  
Measurement 3/3 complete in 9 second(s).
 at 531.477 s
++++ frame_probe ID: 850 receives a frame at time 31.4954s ++++
INFO: Detected an invalid packet at item 896
INFO: Parser returned #f
++++ frame_probe ID: 860 receives a frame at time 31.536s ++++
++++ frame_probe ID: 1010 receives a frame at time 31.5459s ++++
generated random number is0.50802 and the threshold is the 10170.2th message counter . bad luck and try next time. data_frame_filtered has been visited 
10 times  
 at 531.658 s
++++ frame_probe ID: 850 receives a frame at time 31.6764s ++++
INFO: Detected an invalid packet at item 960
INFO: Parser returned #f
++++ frame_probe ID: 860 receives a frame at time 31.717s ++++
++++ frame_probe ID: 1010 receives a frame at time 31.7285s ++++
generated random number is0.579329 and the threshold is 0.2. bad luck and try next time. 
the 1017th message counter data_frame_filtered has been visited 11 times  
 at 531.873 s
++++ frame_probe ID: 850 receives a frame at time 31.8914s ++++
INFO: Detected an invalid packet at item 1024
INFO: Parser returned #f
++++ frame_probe ID: 860 receives a frame at time 31.9319s ++++
++++ frame_probe ID: 1010 receives a frame at time 31.9398s ++++
generated random number is0.582861 and the threshold is the 0.21017. bad luck and try next time. th message counter data_frame_filtered
 has been visited 12 times  
 at 532.118 s
++++ frame_probe ID: 850 receives a frame at time 32.1365s ++++
INFO: Detected an invalid packet at item 1088
INFO: Parser returned #f
++++ frame_probe ID: 860 receives a frame at time 32.1772s ++++
++++ frame_probe ID: 1010 receives a frame at time 32.1894s ++++
generated random number is0.327206 and the threshold is 0.2. bad luck and try next time. 
the 1017th message counter data_frame_filtered has been visited 13 times  
Measurement 3/3 complete in 8 second(s).
 at 532.504 s
++++ frame_probe ID: 850 receives a frame at time 32.5219s ++++
INFO: Detected an invalid packet at item 1152
INFO: Parser returned #f
++++ frame_probe ID: 860 receives a frame at time 32.5625s ++++
++++ frame_probe ID: 1010 receives a frame at time 32.5733s ++++
generated random number is0.340928 and the threshold is the 1017th message counter data_frame_filtered has been visited 0.214. bad luck and try next time. 
 times  
 at 532.679 s
++++ frame_probe ID: 850 receives a frame at time 32.6973s ++++
INFO: Detected an invalid packet at item 1216
INFO: Parser returned #f
++++ frame_probe ID: 860 receives a frame at time 32.738s ++++
++++ frame_probe ID: 1010 receives a frame at time 32.7457s ++++
the 1018th message counter generated random number isdata_frame_not_filtered has been visited 6 times  
0.0239141 and the threshold is 0.2. good luck. 
 at 532.855 s
++++ frame_probe ID: 850 receives a frame at time 32.8734s ++++
INFO: Detected an invalid packet at item 1280
INFO: Parser returned #f
++++ frame_probe ID: 860 receives a frame at time 32.914s ++++
++++ frame_probe ID: 1010 receives a frame at time 32.919s ++++
generated random number is0.733968 and the threshold is the 1017th message counter data_frame_filtered has been visited 15 times 0.2 . bad luck and try next time. 

 at 533.035 s
++++ frame_probe ID: 850 receives a frame at time 33.0536s ++++
INFO: Detected an invalid packet at item 1344
INFO: Parser returned #f
++++ frame_probe ID: 860 receives a frame at time 33.0942s ++++
++++ frame_probe ID: 1010 receives a frame at time 33.1014s ++++
generated random number is0.240316 and the threshold is 0.2. bad luck and try next time. 
the 1017th message counter data_frame_filtered has been visited 16 times  
 at 533.216 s
++++ frame_probe ID: 850 receives a frame at time 33.2336s ++++
INFO: Detected an invalid packet at item 1408
INFO: Parser returned #f
++++ frame_probe ID: 860 receives a frame at time 33.2742s ++++
++++ frame_probe ID: 1010 receives a frame at time 33.2838s ++++
generated random number is0.609068 and the threshold is 0.2. bad luck and try next time. 
the 1017th message counter data_frame_filtered has been visited 17 times  
Measurement 3/3 complete in 7 second(s).
 at 533.451 s
++++ frame_probe ID: 850 receives a frame at time 33.4687s ++++
INFO: Detected an invalid packet at item 1472
INFO: Parser returned #f
++++ frame_probe ID: 860 receives a frame at time 33.5094s ++++
++++ frame_probe ID: 1010 receives a frame at time 33.5143s ++++
generated random number is0.278636 and the threshold is 0.2. bad luck and try next time. 
the 1017th message counter data_frame_filtered has been visited 18 times  
 at 533.856 s
++++ frame_probe ID: 850 receives a frame at time 33.874s ++++
INFO: Detected an invalid packet at item 1536
INFO: Parser returned #f
++++ frame_probe ID: 860 receives a frame at time 33.9148s ++++
++++ frame_probe ID: 1010 receives a frame at time 33.9173s ++++
generated random number isthe 1018th message counter data_frame_not_filtered has been visited 7 times  
0.101121 and the threshold is 0.2. good luck. 
 at 534.031 s
++++ frame_probe ID: 850 receives a frame at time 34.0492s ++++
INFO: Detected an invalid packet at item 1600
INFO: Parser returned #f
++++ frame_probe ID: 860 receives a frame at time 34.0898s ++++
++++ frame_probe ID: 1010 receives a frame at time 34.0996s ++++
generated random number is0.590146 and the threshold is 0.2the . bad luck and try next time. 1017
th message counter data_frame_filtered has been visited 19 times  
 at 534.211 s
++++ frame_probe ID: 850 receives a frame at time 34.2295s ++++
INFO: Detected an invalid packet at item 1664
INFO: Parser returned #f
++++ frame_probe ID: 860 receives a frame at time 34.27s ++++
++++ frame_probe ID: 1010 receives a frame at time 34.282s ++++
generated random number is0.353512 and the threshold is 0.2. bad luck and try next time. 
the 1017th message counter data_frame_filtered has been visited 20 times  
Measurement 3/3 complete in 6 second(s).
 at 534.411 s
++++ frame_probe ID: 850 receives a frame at time 34.4294s ++++
INFO: Detected an invalid packet at item 1728
INFO: Parser returned #f
++++ frame_probe ID: 860 receives a frame at time 34.4699s ++++
++++ frame_probe ID: 1010 receives a frame at time 34.4736s ++++
generated random number is0.782605 and the threshold is 0.2. bad luck and try next time. the 
1017th message counter data_frame_filtered has been visited 21 times  
 at 534.637 s
++++ frame_probe ID: 850 receives a frame at time 34.6554s ++++
INFO: Detected an invalid packet at item 1792
INFO: Parser returned #f
++++ frame_probe ID: 860 receives a frame at time 34.6959s ++++
++++ frame_probe ID: 1010 receives a frame at time 34.704s ++++
generated random number is0.80652 and the threshold is the 10170.2th message counter . bad luck and try next time. data_frame_filtered has been visited 
22 times  
 at 534.947 s
++++ frame_probe ID: 850 receives a frame at time 34.9653s ++++
INFO: Detected an invalid packet at item 1856
INFO: Parser returned #f
++++ frame_probe ID: 860 receives a frame at time 35.0058s ++++
++++ frame_probe ID: 1010 receives a frame at time 35.0117s ++++
generated random number is0.413625 and the threshold is the 1017th message counter data_frame_filtered has been visited 23 times  0.2
. bad luck and try next time. 
 at 535.253 s
++++ frame_probe ID: 850 receives a frame at time 35.2711s ++++
INFO: Detected an invalid packet at item 1920
INFO: Parser returned #f
++++ frame_probe ID: 860 receives a frame at time 35.3118s ++++
++++ frame_probe ID: 1010 receives a frame at time 35.3184s ++++
generated random number isthe 1018th message counter data_frame_not_filtered has been visited 8 times  
0.0226931 and the threshold is 0.2. good luck. 
Measurement 3/3 complete in 5 second(s).
 at 535.423 s
++++ frame_probe ID: 850 receives a frame at time 35.4415s ++++
INFO: Detected an invalid packet at item 1984
INFO: Parser returned #f
++++ frame_probe ID: 860 receives a frame at time 35.4821s ++++
++++ frame_probe ID: 1010 receives a frame at time 35.4918s ++++
generated random number isthe 1018th message counter data_frame_not_filtered has been visited 9 times  
0.199137 and the threshold is 0.2. good luck. 
 at 535.599 s
++++ frame_probe ID: 850 receives a frame at time 35.6175s ++++
INFO: Detected an invalid packet at item 2048
INFO: Parser returned #f
++++ frame_probe ID: 860 receives a frame at time 35.658s ++++
++++ frame_probe ID: 1010 receives a frame at time 35.6644s ++++
generated random number is0.839718 and the threshold is 0.2. bad luck and try next time. 
the 1017th message counter data_frame_filtered has been visited 24 times  
 at 535.805 s
++++ frame_probe ID: 850 receives a frame at time 35.8234s ++++
INFO: Detected an invalid packet at item 2112
INFO: Parser returned #f
++++ frame_probe ID: 860 receives a frame at time 35.864s ++++
++++ frame_probe ID: 1010 receives a frame at time 35.8757s ++++
generated random number is0.726871 and the threshold is 0.2. bad luck and try next time. 
the 1017th message counter data_frame_filtered has been visited 25 times  
 at 536.005 s
++++ frame_probe ID: 850 receives a frame at time 36.0235s ++++
INFO: Detected an invalid packet at item 2176
INFO: Parser returned #f
++++ frame_probe ID: 860 receives a frame at time 36.0641s ++++
++++ frame_probe ID: 1010 receives a frame at time 36.0672s ++++
generated random number is0.531128 and the threshold is the 0.2. bad luck and try next time. 1017th message counter 
data_frame_filtered has been visited 26 times  
 at 536.306 s
++++ frame_probe ID: 850 receives a frame at time 36.3237s ++++
INFO: Detected an invalid packet at item 2240
INFO: Parser returned #f
++++ frame_probe ID: 860 receives a frame at time 36.3642s ++++
++++ frame_probe ID: 1010 receives a frame at time 36.3748s ++++
generated random number isthe 10170.908007th message counter  and the threshold is data_frame_filtered has been visited 27 times  
0.2. bad luck and try next time. 
Measurement 3/3 complete in 4 second(s).
 at 536.686 s
++++ frame_probe ID: 850 receives a frame at time 36.7038s ++++
INFO: Detected an invalid packet at item 2304
INFO: Parser returned #f
++++ frame_probe ID: 860 receives a frame at time 36.7444s ++++
++++ frame_probe ID: 1010 receives a frame at time 36.7486s ++++
generated random number is0.336986 and the threshold is 0.2. bad luck and try next time. 
the 1017th message counter data_frame_filtered has been visited 28 times  
 at 536.861 s
++++ frame_probe ID: 850 receives a frame at time 36.8793s ++++
INFO: Detected an invalid packet at item 2368
INFO: Parser returned #f
++++ frame_probe ID: 860 receives a frame at time 36.9198s ++++
++++ frame_probe ID: 1010 receives a frame at time 36.931s ++++
generated random number is0.510296 and the threshold is the 1017th message counter data_frame_filtered has been visited 290.2 times . bad luck and try next time. 
 
 at 537.031 s
++++ frame_probe ID: 850 receives a frame at time 37.0493s ++++
INFO: Detected an invalid packet at item 2432
INFO: Parser returned #f
++++ frame_probe ID: 860 receives a frame at time 37.0898s ++++
++++ frame_probe ID: 1010 receives a frame at time 37.0945s ++++
generated random number is0.923921 and the threshold is the 0.2. bad luck and try next time. 1017
th message counter data_frame_filtered has been visited 30 times  
 at 537.236 s
++++ frame_probe ID: 850 receives a frame at time 37.2542s ++++
INFO: Detected an invalid packet at item 2496
INFO: Parser returned #f
++++ frame_probe ID: 860 receives a frame at time 37.2947s ++++
++++ frame_probe ID: 1010 receives a frame at time 37.3059s ++++
generated random number isthe 1018th message counter data_frame_not_filtered has been visited 10 times  
0.0863943 and the threshold is 0.2. good luck. 
Measurement 3/3 complete in 3 second(s).
 at 537.446 s
++++ frame_probe ID: 850 receives a frame at time 37.4643s ++++
INFO: Detected an invalid packet at item 2560
INFO: Parser returned #f
++++ frame_probe ID: 860 receives a frame at time 37.5048s ++++
++++ frame_probe ID: 1010 receives a frame at time 37.5164s ++++
generated random number is0.652983 and the threshold is 0.2. bad luck and try next time. 
the 1017th message counter data_frame_filtered has been visited 31 times  
 at 537.646 s
++++ frame_probe ID: 850 receives a frame at time 37.6644s ++++
INFO: Detected an invalid packet at item 2624
INFO: Parser returned #f
++++ frame_probe ID: 860 receives a frame at time 37.7051s ++++
++++ frame_probe ID: 1010 receives a frame at time 37.7088s ++++
generated random number is0.676153 and the threshold is 0.2. bad luck and try next time. 
the 1017th message counter data_frame_filtered has been visited 32 times  
 at 537.917 s
++++ frame_probe ID: 850 receives a frame at time 37.9347s ++++
INFO: Detected an invalid packet at item 2688
INFO: Parser returned #f
++++ frame_probe ID: 860 receives a frame at time 37.9753s ++++
++++ frame_probe ID: 1010 receives a frame at time 37.9875s ++++
generated random number isthe 1018th message counter data_frame_not_filtered has been visited 11 times  
0.106406 and the threshold is 0.2. good luck. 
 at 538.092 s
++++ frame_probe ID: 850 receives a frame at time 38.1098s ++++
INFO: Detected an invalid packet at item 2752
INFO: Parser returned #f
++++ frame_probe ID: 860 receives a frame at time 38.1505s ++++
++++ frame_probe ID: 1010 receives a frame at time 38.16s ++++
generated random number is0.588227 and the threshold is 0.2. bad luck and try next time. 
the 1017th message counter data_frame_filtered has been visited 33 times  
 at 538.272 s
++++ frame_probe ID: 850 receives a frame at time 38.29s ++++
INFO: Detected an invalid packet at item 2816
INFO: Parser returned #f
++++ frame_probe ID: 860 receives a frame at time 38.3306s ++++
++++ frame_probe ID: 1010 receives a frame at time 38.3422s ++++
generated random number isthe 1018th message counter data_frame_not_filtered has been visited 12 times  
0.0846781 and the threshold is 0.2. good luck. 
Measurement 3/3 complete in 2 second(s).
 at 538.477 s
++++ frame_probe ID: 850 receives a frame at time 38.4951s ++++
INFO: Detected an invalid packet at item 2880
INFO: Parser returned #f
++++ frame_probe ID: 860 receives a frame at time 38.5356s ++++
++++ frame_probe ID: 1010 receives a frame at time 38.5437s ++++
generated random number is0.702483 and the threshold is 0.2. bad luck and try next time. 
the 1017th message counter data_frame_filtered has been visited 34 times  
 at 538.692 s
++++ frame_probe ID: 850 receives a frame at time 38.71s ++++
INFO: Detected an invalid packet at item 2944
INFO: Parser returned #f
++++ frame_probe ID: 860 receives a frame at time 38.7505s ++++
++++ frame_probe ID: 1010 receives a frame at time 38.7551s ++++
generated random number is0.212779 and the threshold is 0.2. bad luck and try next time. 
the 1017th message counter data_frame_filtered has been visited 35 times  
 at 539.012 s
++++ frame_probe ID: 850 receives a frame at time 39.03s ++++
INFO: Detected an invalid packet at item 3008
INFO: Parser returned #f
++++ frame_probe ID: 860 receives a frame at time 39.0706s ++++
++++ frame_probe ID: 1010 receives a frame at time 39.0819s ++++
generated random number is0.994436 and the threshold is the 0.2. bad luck and try next time. 1017
th message counter data_frame_filtered has been visited 36 times  
 at 539.202 s
++++ frame_probe ID: 850 receives a frame at time 39.2203s ++++
INFO: Detected an invalid packet at item 3072
INFO: Parser returned #f
++++ frame_probe ID: 860 receives a frame at time 39.2609s ++++
++++ frame_probe ID: 1010 receives a frame at time 39.2643s ++++
generated random number is0.598494 and the threshold is 0.2. bad luck and try next time. 
the 1017th message counter data_frame_filtered has been visited 37 times  
 at 539.372 s
++++ frame_probe ID: 850 receives a frame at time 39.3906s ++++
INFO: Detected an invalid packet at item 3136
INFO: Parser returned #f
Measurement 3/3 complete in 1 second(s).
++++ frame_probe ID: 860 receives a frame at time 39.4312s ++++
++++ frame_probe ID: 1010 receives a frame at time 39.4367s ++++
generated random number isthe 1018th message counter data_frame_not_filtered has been visited 13 times  
0.0454442 and the threshold is 0.2. good luck. 
 at 539.548 s
++++ frame_probe ID: 850 receives a frame at time 39.5658s ++++
INFO: Detected an invalid packet at item 3200
INFO: Parser returned #f
++++ frame_probe ID: 860 receives a frame at time 39.6065s ++++
++++ frame_probe ID: 1010 receives a frame at time 39.6101s ++++
generated random number is0.40169 and the threshold is 0.2. bad luck and try next time. 
the 1017th message counter data_frame_filtered has been visited 38 times  
 at 539.743 s
++++ frame_probe ID: 850 receives a frame at time 39.7609s ++++
INFO: Detected an invalid packet at item 3264
INFO: Parser returned #f
++++ frame_probe ID: 860 receives a frame at time 39.8014s ++++
++++ frame_probe ID: 1010 receives a frame at time 39.8115s ++++
the 1018th message counter data_frame_not_filtered has been visited generated random number is14 times  
0.0346296 and the threshold is 0.2. good luck. 
 at 539.954 s
++++ frame_probe ID: 850 receives a frame at time 39.9718s ++++
INFO: Detected an invalid packet at item 3328
INFO: Parser returned #f
++++ frame_probe ID: 860 receives a frame at time 40.0125s ++++
++++ frame_probe ID: 1010 receives a frame at time 40.0221s ++++
generated random number is0.977133 and the threshold is the 0.2. bad luck and try next time. 1017th message counter 
data_frame_filtered has been visited 39 times  
 at 540.139 s
++++ frame_probe ID: 850 receives a frame at time 40.157s ++++
INFO: Detected an invalid packet at item 3392
INFO: Parser returned #f
++++ frame_probe ID: 860 receives a frame at time 40.1976s ++++
++++ frame_probe ID: 1010 receives a frame at time 40.2044s ++++
generated random number is0.455744 and the threshold is 0.2the . bad luck and try next time. 1017
th message counter data_frame_filtered has been visited 40 times  
Measurement 3 raw data directory created /home/inets/0_ba/bachelor_thesis/measurements/debug/data/37/3/.
'/home/inets/source/gr-inets/results/receiver_data_received.txt' -> '/home/inets/0_ba/bachelor_thesis/measurements/debug/data/37/3/receiver_data_received.txt'
'/home/inets/source/gr-inets/results/sender_bfr_dq.txt' -> '/home/inets/0_ba/bachelor_thesis/measurements/debug/data/37/3/sender_bfr_dq.txt'
'/home/inets/source/gr-inets/results/sender_data_sent.txt' -> '/home/inets/0_ba/bachelor_thesis/measurements/debug/data/37/3/sender_data_sent.txt'
Measurement 3 raw data moved to /home/inets/0_ba/bachelor_thesis/measurements/debug/data/37/3/.

Now processing results...
Plotting Python should be: python3 (UBUNTU).
Hello from retransmissions.py!
Hello from variables.py!
File /home/inets/0_ba/bachelor_thesis/measurements/debug/data/37/1/sender_retransmissions.txt not found. Assuming not reached in GR.
File /home/inets/0_ba/bachelor_thesis/measurements/debug/data/37/1/sender_max_retransmissions.txt not found. Assuming not reached in GR.
File /home/inets/0_ba/bachelor_thesis/measurements/debug/data/37/1/receiver_retransmissions.txt not found. Assuming not reached in GR.
File /home/inets/0_ba/bachelor_thesis/measurements/debug/data/37/1/receiver_max_retransmissions.txt not found. Assuming not reached in GR.
File /home/inets/0_ba/bachelor_thesis/measurements/debug/data/37/2/sender_retransmissions.txt not found. Assuming not reached in GR.
File /home/inets/0_ba/bachelor_thesis/measurements/debug/data/37/2/sender_max_retransmissions.txt not found. Assuming not reached in GR.
File /home/inets/0_ba/bachelor_thesis/measurements/debug/data/37/2/receiver_retransmissions.txt not found. Assuming not reached in GR.
File /home/inets/0_ba/bachelor_thesis/measurements/debug/data/37/2/receiver_max_retransmissions.txt not found. Assuming not reached in GR.
File /home/inets/0_ba/bachelor_thesis/measurements/debug/data/37/3/sender_retransmissions.txt not found. Assuming not reached in GR.
File /home/inets/0_ba/bachelor_thesis/measurements/debug/data/37/3/sender_max_retransmissions.txt not found. Assuming not reached in GR.
File /home/inets/0_ba/bachelor_thesis/measurements/debug/data/37/3/receiver_retransmissions.txt not found. Assuming not reached in GR.
File /home/inets/0_ba/bachelor_thesis/measurements/debug/data/37/3/receiver_max_retransmissions.txt not found. Assuming not reached in GR.
0.0
0.0
0.0
Hello from myplot.py!
I will print a pdf for you now!
0.0
0.0
0.0
Hello from myplot.py!
I will print a pdf for you now!
0.0
0.0
0.0
Hello from myplot.py!
I will print a pdf for you now!
0.0
0.0
0.0
Hello from myplot.py!
I will print a pdf for you now!
0.0
0.0
0.0
Hello from myplot.py!
I will print a cdf for you now!
<a list of 1 Patch objects>
0.0
0.0
0.0
Hello from myplot.py!
I will print a cdf for you now!
<a list of 1 Patch objects>
0.0
0.0
0.0
Hello from myplot.py!
I will print a cdf for you now!
<a list of 1 Patch objects>
0.0
0.0
0.0
Hello from myplot.py!
I will print a cdf for you now!
<a list of 1 Patch objects>
0.0
0.0
0.0
Hello from myplot.py!
I will print a boxplot for you now!
0.0
0.0
0.0
Hello from myplot.py!
I will print a boxplot for you now!
0.0
0.0
0.0
Hello from myplot.py!
I will print a boxplot for you now!
0.0
0.0
0.0
Hello from myplot.py!
I will print a boxplot for you now!
0.0
0.0
0.0
Hello from myplot.py!
I will print a bar for you now!
0.0
0.0
0.0
Hello from myplot.py!
I will print a bar for you now!
0.0
0.0
0.0
Hello from myplot.py!
I will print a bar for you now!
0.0
0.0
0.0
Hello from myplot.py!
I will print a bar for you now!

+--------------------------------------------------------------+
| Plotting completed. Until the next measurement session then! |
+--------------------------------------------------------------+
