measurement 1/2 complete in 4 second(s).
linux; GNU C++ version 5.4.0 20160609; Boost_105800; UHD_003.009.005-45-g6768a615
linux; GNU C++ version 5.4.0 20160609; Boost_105800; UHD_003.009.005-45-g6768a615


Using Volk machine: avx_64_mmx
-- Opening a USRP2/N-Series device...
Using Volk machine: avx_64_mmx
-- Opening a USRP2/N-Series device...
-- Current recv frame size: 1472 bytes
-- Current send frame size: 1472 bytes
-- Current recv frame size: 1472 bytes
-- Current send frame size: 1472 bytes
measurement 1/2 complete in 3 second(s).
develop mode of resend_check ID: 24 is activated.
the 880th message counter is activated.
the 100th message counter is activated.
develop_mode of random_filter ID: 1015 is activated.
the 100th message counter is activated.
measurement 1/2 complete in 2 second(s).
node starts running at 9.83575
node starts running at 9.83971
++++ frame_probe ID: 850 receives a frame at time 9.95207s ++++
INFO: Detected an invalid packet at item 0
INFO: Parser returned #f
++++ frame_probe ID: 860 receives a frame at time 9.99271s ++++
* header analysis ID: 7 get the 1th transmission of data frame 0 at time 1.48553e+07 s
++++ frame_probe ID: 1 receives a frame at time 9.99571s ++++
++++ frame_probe ID: 2 receives a frame at time 9.99575s ++++
++++ frame_probe ID: 1010 receives a frame at time 9.99577s ++++
++++ frame_probe ID: generated random number is1018 receives a frame at time 0.968994 and the threshold is 1. good luck. 
9.99586s ++++
INFO: Detected an invalid packet at item 64
INFO: Parser returned #f
INFO: Detected an invalid packet at item 96
INFO: Parser returned #f
INFO: Detected an invalid packet at item 128
INFO: Parser returned #f
INFO: Detected an invalid packet at item 0
INFO: Parser returned #f
a data frame with index 0 from node: 3 has been transmitted 1th time
++++ frame_probe ID: 850 receives a frame at time 10.1225s ++++
INFO: Detected an invalid packet at item 192
INFO: Parser returned #f
++++ frame_probe ID: 860 receives a frame at time 10.163s ++++
* header analysis ID: 7 get the 1th transmission of data frame 0 at time 1.48553e+07 s
++++ frame_probe ID: 1 receives a frame at time 10.1691s ++++
++++ frame_probe ID: 2 receives a frame at time 10.1692s ++++
++++ frame_probe ID: 1010 receives a frame at time 10.1692s ++++
generated random number is++++ frame_probe ID: 1018 receives a frame at time 0.72251 and the threshold is 1. good luck. 
10.1693s ++++
INFO: Detected an invalid packet at item 256
INFO: Parser returned #f
INFO: Detected an invalid packet at item 288
INFO: Parser returned #f
INFO: Detected an invalid packet at item 32
INFO: Parser returned #f
a data frame with index 0 from node: 3 has been transmitted 2th time
++++ frame_probe ID: 850 receives a frame at time 10.2996s ++++
INFO: Detected an invalid packet at item 352
INFO: Parser returned #f
++++ frame_probe ID: 860 receives a frame at time 10.3404s ++++
* header analysis ID: 7 get the 1th transmission of data frame 0 at time 1.48553e+07 s
++++ frame_probe ID: 1 receives a frame at time 10.3519s ++++
++++ frame_probe ID: 2 receives a frame at time 10.3519s ++++
++++ frame_probe ID: 1010 receives a frame at time 10.352s ++++
++++ frame_probe ID: 1018 receives a frame at time generated random number is0.08192410.3521 and the threshold is s ++++
1. good luck. 
INFO: Detected an invalid packet at item 416
INFO: Parser returned #f
INFO: Detected an invalid packet at item 448
INFO: Parser returned #f
INFO: Detected an invalid packet at item 64
INFO: Parser returned #f
measurement 1/2 complete in 1 second(s).
a data frame with index 0 from node: 3 has been transmitted 3th time
++++ frame_probe ID: 850 receives a frame at time 10.5005s ++++
INFO: Detected an invalid packet at item 512
INFO: Parser returned #f
++++ frame_probe ID: 860 receives a frame at time 10.5415s ++++
* header analysis ID: 7 get the 1th transmission of data frame 0 at time 1.48553e+07 s
++++ frame_probe ID: 1 receives a frame at time 10.5534s ++++
++++ frame_probe ID: 2 receives a frame at time 10.5535s ++++
++++ frame_probe ID: 1010 receives a frame at time 10.5535s ++++
generated random number is++++ frame_probe ID: 1018 receives a frame at time 0.583729 and the threshold is 1. good luck. 
10.5536s ++++
INFO: Detected an invalid packet at item 576
INFO: Parser returned #f
INFO: Detected an invalid packet at item 608
INFO: Parser returned #f
INFO: Detected an invalid packet at item 640
INFO: Parser returned #f
INFO: Detected an invalid packet at item 96
INFO: Parser returned #f
a data frame with index 0 from node: 3 has been transmitted 4th time
++++ frame_probe ID: 850 receives a frame at time 10.7018s ++++
INFO: Detected an invalid packet at item 704
INFO: Parser returned #f
++++ frame_probe ID: 860 receives a frame at time 10.7427s ++++
* header analysis ID: 7 get the 1th transmission of data frame 0 at time 1.48553e+07 s
++++ frame_probe ID: 1 receives a frame at time 10.7547s ++++
++++ frame_probe ID: 2 receives a frame at time 10.7548s ++++
++++ frame_probe ID: 1010 receives a frame at time 10.7548s ++++
generated random number is++++ frame_probe ID: 1018 receives a frame at time 0.300432 and the threshold is 10.7549s ++++
1. good luck. 
INFO: Detected an invalid packet at item 768
INFO: Parser returned #f
INFO: Detected an invalid packet at item 800
INFO: Parser returned #f
INFO: Detected an invalid packet at item 128
INFO: Parser returned #f
a data frame with index 0 from node: 3 has been transmitted 5th time
++++ frame_probe ID: 850 receives a frame at time 10.888s ++++
INFO: Detected an invalid packet at item 864
INFO: Parser returned #f
++++ frame_probe ID: 860 receives a frame at time 10.929s ++++
* header analysis ID: 7 get the 1th transmission of data frame 0 at time 1.48553e+07 s
++++ frame_probe ID: 1 receives a frame at time 10.9372s ++++
++++ frame_probe ID: 2 receives a frame at time 10.9372s ++++
++++ frame_probe ID: 1010 receives a frame at time 10.9373s ++++
generated random number is++++ frame_probe ID: 10180.986092 receives a frame at time  and the threshold is 1. good luck. 
10.9373s ++++
INFO: Detected an invalid packet at item 928
INFO: Parser returned #f
INFO: Detected an invalid packet at item 960
INFO: Parser returned #f
INFO: Detected an invalid packet at item 160
INFO: Parser returned #f
frame: 0 from node: 3 is dropped because its max retransmission counter is reached. 
counter ID 880 results at time 5011.17 is 5
++++ frame_probe ID: 850 receives a frame at time 11.1895s ++++
++++ frame_probe ID: 860 receives a frame at time 11.2304s ++++
* header analysis ID: 7 get the 1th transmission of data frame 1 at time 1.48553e+07 s
++++ frame_probe ID: 1 receives a frame at time 11.235s ++++
++++ frame_probe ID: 2 receives a frame at time 11.235s ++++
++++ frame_probe ID: 1010 receives a frame at time 11.2351s ++++
generated random number is++++ frame_probe ID: 1018 receives a frame at time 0.70814 and the threshold is 1. good luck. 
11.2352s ++++
INFO: Detected an invalid packet at item 1056
INFO: Parser returned #f
INFO: Detected an invalid packet at item 1088
INFO: Parser returned #f
INFO: Detected an invalid packet at item 192
INFO: Parser returned #f
a data frame with index 1 from node: 3 has been transmitted 1th time
++++ frame_probe ID: 850 receives a frame at time 11.3655s ++++
INFO: Detected an invalid packet at item 1152
INFO: Parser returned #f
++++ frame_probe ID: 860 receives a frame at time 11.4064s ++++
* header analysis ID: 7 get the 1th transmission of data frame 1 at time 1.48553e+07 s
++++ frame_probe ID: 1 receives a frame at time 11.4174s ++++
++++ frame_probe ID: 2 receives a frame at time 11.4174s ++++
++++ frame_probe ID: 1010 receives a frame at time 11.4175s ++++
generated random number is++++ frame_probe ID: 1018 receives a frame at time 0.221627 and the threshold is 1. good luck. 
11.4176s ++++
measurement 1 raw data directory created /home/inets/0_ba/bachelor_thesis/measurements/debug/data/130/1/.
'/home/inets/source/gr-inets/results/ack_not_filtered.txt' -> '/home/inets/0_ba/bachelor_thesis/measurements/debug/data/130/1/ack_not_filtered.txt'
'/home/inets/source/gr-inets/results/receiver_data_received.txt' -> '/home/inets/0_ba/bachelor_thesis/measurements/debug/data/130/1/receiver_data_received.txt'
'/home/inets/source/gr-inets/results/sender_bfr_dq.txt' -> '/home/inets/0_ba/bachelor_thesis/measurements/debug/data/130/1/sender_bfr_dq.txt'
'/home/inets/source/gr-inets/results/sender_data_sent.txt' -> '/home/inets/0_ba/bachelor_thesis/measurements/debug/data/130/1/sender_data_sent.txt'
'/home/inets/source/gr-inets/results/sender_retransmissions.txt' -> '/home/inets/0_ba/bachelor_thesis/measurements/debug/data/130/1/sender_retransmissions.txt'
measurement 1 raw data moved to /home/inets/0_ba/bachelor_thesis/measurements/debug/data/130/1/.

measurement 2/2 complete in 4 second(s).
linux; GNU C++ version 5.4.0 20160609; Boost_105800; UHD_003.009.005-45-g6768a615
linux; GNU C++ version 5.4.0 20160609; Boost_105800; UHD_003.009.005-45-g6768a615


Using Volk machine: avx_64_mmx
-- Opening a USRP2/N-Series device...
Using Volk machine: avx_64_mmx
-- Opening a USRP2/N-Series device...
-- Current recv frame size: 1472 bytes
-- Current send frame size: 1472 bytes
-- Current recv frame size: 1472 bytes
-- Current send frame size: 1472 bytes
measurement 2/2 complete in 3 second(s).
develop mode of resend_check ID: 24 is activated.
the 880th message counter is activated.
the 100th message counter is activated.
develop_mode of random_filter ID: 1015 is activated.
the 100th message counter is activated.
measurement 2/2 complete in 2 second(s).
node starts running at 13.8073
node starts running at 13.8296
++++ frame_probe ID: 850 receives a frame at time 13.9428s ++++
++++ frame_probe ID: 860 receives a frame at time 13.984s ++++
* header analysis ID: 7 get the 1th transmission of data frame 0 at time 1.48553e+07 s
++++ frame_probe ID: 1 receives a frame at time 13.9921s ++++
++++ frame_probe ID: 2 receives a frame at time 13.9922s ++++
++++ frame_probe ID: 1010 receives a frame at time 13.9922s ++++
generated random number is++++ frame_probe ID: 1018 receives a frame at time 0.344261 and the threshold is 1. good luck. 
13.9923s ++++
INFO: Detected an invalid packet at item 32
INFO: Parser returned #f
INFO: Detected an invalid packet at item 64
INFO: Parser returned #f
INFO: Detected an invalid packet at item 0
INFO: Parser returned #f
a data frame with index 0 from node: 3 has been transmitted 1th time
++++ frame_probe ID: 850 receives a frame at time 14.1188s ++++
INFO: Detected an invalid packet at item 128
INFO: Parser returned #f
++++ frame_probe ID: 860 receives a frame at time 14.1595s ++++
* header analysis ID: 7 get the 1th transmission of data frame 0 at time 1.48553e+07 s
++++ frame_probe ID: 1 receives a frame at time 14.1647s ++++
++++ frame_probe ID: 2 receives a frame at time 14.1648s ++++
++++ frame_probe ID: 1010 receives a frame at time 14.1648s ++++
generated random number is++++ frame_probe ID: 1018 receives a frame at time 0.402451 and the threshold is 1. good luck. 14.1649
s ++++
INFO: Detected an invalid packet at item 192
INFO: Parser returned #f
INFO: Detected an invalid packet at item 224
INFO: Parser returned #f
INFO: Detected an invalid packet at item 256
INFO: Parser returned #f
INFO: Detected an invalid packet at item 32
INFO: Parser returned #f
a data frame with index 0 from node: 3 has been transmitted 2th time
++++ frame_probe ID: 850 receives a frame at time 14.2895s ++++
INFO: Detected an invalid packet at item 320
INFO: Parser returned #f
++++ frame_probe ID: 860 receives a frame at time 14.3303s ++++
* header analysis ID: 7 get the 1th transmission of data frame 0 at time 1.48553e+07 s
++++ frame_probe ID: 1 receives a frame at time 14.3378s ++++
++++ frame_probe ID: 2 receives a frame at time 14.3379s ++++
++++ frame_probe ID: 1010 receives a frame at time 14.3379s ++++
generated random number is++++ frame_probe ID: 0.7564921018 receives a frame at time  and the threshold is 1. good luck. 
14.338s ++++
INFO: Detected an invalid packet at item 384
INFO: Parser returned #f
INFO: Detected an invalid packet at item 416
INFO: Parser returned #f
INFO: Detected an invalid packet at item 64
INFO: Parser returned #f
measurement 2/2 complete in 1 second(s).
a data frame with index 0 from node: 3 has been transmitted 3th time
++++ frame_probe ID: 850 receives a frame at time 14.485s ++++
INFO: Detected an invalid packet at item 480
INFO: Parser returned #f
++++ frame_probe ID: 860 receives a frame at time 14.5258s ++++
* header analysis ID: 7 get the 1th transmission of data frame 0 at time 1.48553e+07 s
++++ frame_probe ID: 1 receives a frame at time 14.5291s ++++
++++ frame_probe ID: 2 receives a frame at time 14.5291s ++++
++++ frame_probe ID: 1010 receives a frame at time 14.5291s ++++
generated random number is++++ frame_probe ID: 1018 receives a frame at time 0.871834 and the threshold is 1. good luck. 
14.5292s ++++
INFO: Detected an invalid packet at item 544
INFO: Parser returned #f
INFO: Detected an invalid packet at item 576
INFO: Parser returned #f
INFO: Detected an invalid packet at item 96
INFO: Parser returned #f
a data frame with index 0 from node: 3 has been transmitted 4th time
++++ frame_probe ID: 850 receives a frame at time 14.6961s ++++
INFO: Detected an invalid packet at item 640
INFO: Parser returned #f
++++ frame_probe ID: 860 receives a frame at time 14.7368s ++++
* header analysis ID: 7 get the 1th transmission of data frame 0 at time 1.48553e+07 s
++++ frame_probe ID: 1 receives a frame at time 14.7407s ++++
++++ frame_probe ID: 2 receives a frame at time 14.7407s ++++
++++ frame_probe ID: 1010 receives a frame at time 14.7407s ++++
generated random number is++++ frame_probe ID: 1018 receives a frame at time 0.509431 and the threshold is 1. good luck. 
14.7408s ++++
INFO: Detected an invalid packet at item 704
INFO: Parser returned #f
INFO: Detected an invalid packet at item 736
INFO: Parser returned #f
INFO: Detected an invalid packet at item 768
INFO: Parser returned #f
INFO: Detected an invalid packet at item 128
INFO: Parser returned #f
a data frame with index 0 from node: 3 has been transmitted 5th time
++++ frame_probe ID: 850 receives a frame at time 15.0114s ++++
INFO: Detected an invalid packet at item 832
INFO: Parser returned #f
++++ frame_probe ID: 860 receives a frame at time 15.0525s ++++
* header analysis ID: 7 get the 1th transmission of data frame 0 at time 1.48553e+07 s
++++ frame_probe ID: 1 receives a frame at time 15.0575s ++++
++++ frame_probe ID: 2 receives a frame at time 15.0576s ++++
++++ frame_probe ID: 1010 receives a frame at time 15.0576s ++++
generated random number is0.190506 and the threshold is 1. good luck. 
++++ frame_probe ID: 1018 receives a frame at time 15.0577s ++++
INFO: Detected an invalid packet at item 896
INFO: Parser returned #f
INFO: Detected an invalid packet at item 928
INFO: Parser returned #f
INFO: Detected an invalid packet at item 960
INFO: Parser returned #f
INFO: Detected an invalid packet at item 160
INFO: Parser returned #f
frame: 0 from node: 3 is dropped because its max retransmission counter is reached. 
counter ID 880 results at time 5015.33 is 5
++++ frame_probe ID: 850 receives a frame at time 15.3471s ++++
INFO: Detected an invalid packet at item 1024
INFO: Parser returned #f
++++ frame_probe ID: 860 receives a frame at time 15.3879s ++++
* header analysis ID: 7 get the 1th transmission of data frame 1 at time 1.48553e+07 s
++++ frame_probe ID: 1 receives a frame at time 15.3932s ++++
++++ frame_probe ID: 2 receives a frame at time 15.3932s ++++
++++ frame_probe ID: 1010 receives a frame at time 15.3933s ++++
generated random number is++++ frame_probe ID: 1018 receives a frame at time 0.0315862 and the threshold is 15.3934s ++++
1. good luck. 
INFO: Detected an invalid packet at item 1088
INFO: Parser returned #f
INFO: Detected an invalid packet at item 1120
INFO: Parser returned #f
INFO: Detected an invalid packet at item 192
INFO: Parser returned #f
measurement 2 raw data directory created /home/inets/0_ba/bachelor_thesis/measurements/debug/data/130/2/.
'/home/inets/source/gr-inets/results/ack_not_filtered.txt' -> '/home/inets/0_ba/bachelor_thesis/measurements/debug/data/130/2/ack_not_filtered.txt'
'/home/inets/source/gr-inets/results/receiver_data_received.txt' -> '/home/inets/0_ba/bachelor_thesis/measurements/debug/data/130/2/receiver_data_received.txt'
'/home/inets/source/gr-inets/results/sender_bfr_dq.txt' -> '/home/inets/0_ba/bachelor_thesis/measurements/debug/data/130/2/sender_bfr_dq.txt'
'/home/inets/source/gr-inets/results/sender_data_sent.txt' -> '/home/inets/0_ba/bachelor_thesis/measurements/debug/data/130/2/sender_data_sent.txt'
'/home/inets/source/gr-inets/results/sender_retransmissions.txt' -> '/home/inets/0_ba/bachelor_thesis/measurements/debug/data/130/2/sender_retransmissions.txt'
measurement 2 raw data moved to /home/inets/0_ba/bachelor_thesis/measurements/debug/data/130/2/.

now processing results...
plotting python should be: python3 (ubuntu).
