Measurement 1/4 complete in 5 second(s).
linux; GNU C++ version 5.4.0 20160609; Boost_105800; UHD_003.009.005-45-g6768a615
linux; GNU C++ version 5.4.0 20160609; Boost_105800; UHD_003.009.005-45-g6768a615


Using Volk machine: avx_64_mmx
-- Opening a USRP2/N-Series device...
Using Volk machine: avx_64_mmx
-- Opening a USRP2/N-Series device...
-- Current recv frame size: 1472 bytes
-- Current send frame size: 1472 bytes
-- Current recv frame size: 1472 bytes
-- Current send frame size: 1472 bytes
Measurement 1/4 complete in 4 second(s).
the 100th message counter is activated.
the 100th message counter is activated.
Measurement 1/4 complete in 3 second(s).
node starts running at 86.0287
node starts running at 86.0351
++++ frame_probe ID: 850 receives a frame at time 86.2146s ++++
INFO: Detected an invalid packet at item 0
INFO: Parser returned #f
++++ frame_probe ID: 860 receives a frame at time 86.2553s ++++
++++ frame_probe ID: 1010 receives a frame at time 86.2583s ++++
++++ frame_probe ID: 890 receives a frame at time 86.2815s ++++
the 100th message counter  has been visited 1 times  
++++ frame_probe ID: 850 receives a frame at time 86.3599s ++++
INFO: Detected an invalid packet at item 96
INFO: Parser returned #f
++++ frame_probe ID: 860 receives a frame at time 86.4007s ++++
++++ frame_probe ID: 1010 receives a frame at time 86.4126s ++++
++++ frame_probe ID: 890 receives a frame at time 86.4353s ++++
the 100th message counter  has been visited 2 times  
++++ frame_probe ID: 850 receives a frame at time 86.5437s ++++
INFO: Detected an invalid packet at item 192
INFO: Parser returned #f
++++ frame_probe ID: 860 receives a frame at time 86.5848s ++++
++++ frame_probe ID: 1010 receives a frame at time 86.5952s ++++
++++ frame_probe ID: 890 receives a frame at time 86.618s ++++
Measurement 1/4 complete in 2 second(s).
the 100th message counter  has been visited 3 times  
++++ frame_probe ID: 850 receives a frame at time 86.6933s ++++
INFO: Detected an invalid packet at item 288
INFO: Parser returned #f
++++ frame_probe ID: 860 receives a frame at time 86.7341s ++++
++++ frame_probe ID: 1010 receives a frame at time 86.7386s ++++
++++ frame_probe ID: 890 receives a frame at time 86.7611s ++++
the 100th message counter  has been visited 4 times  
++++ frame_probe ID: 850 receives a frame at time 86.8525s ++++
INFO: Detected an invalid packet at item 384
INFO: Parser returned #f
++++ frame_probe ID: 860 receives a frame at time 86.8936s ++++
++++ frame_probe ID: 1010 receives a frame at time 86.9019s ++++
++++ frame_probe ID: 890 receives a frame at time 86.9244s ++++
the 100th message counter  has been visited 5 times  
++++ frame_probe ID: 850 receives a frame at time 86.9938s ++++
INFO: Detected an invalid packet at item 480
INFO: Parser returned #f
++++ frame_probe ID: 860 receives a frame at time 87.0349s ++++
++++ frame_probe ID: 1010 receives a frame at time 87.0464s ++++
++++ frame_probe ID: 890 receives a frame at time 87.069s ++++
the 100th message counter  has been visited 6 times  
++++ frame_probe ID: 850 receives a frame at time 87.1553s ++++
INFO: Detected an invalid packet at item 576
INFO: Parser returned #f
++++ frame_probe ID: 860 receives a frame at time 87.1961s ++++
++++ frame_probe ID: 1010 receives a frame at time 87.1994s ++++
++++ frame_probe ID: 890 receives a frame at time 87.2219s ++++
the 100th message counter  has been visited 7 times  
++++ frame_probe ID: 850 receives a frame at time 87.3383s ++++
INFO: Detected an invalid packet at item 672
INFO: Parser returned #f
++++ frame_probe ID: 860 receives a frame at time 87.3792s ++++
++++ frame_probe ID: 1010 receives a frame at time 87.3919s ++++
++++ frame_probe ID: 890 receives a frame at time 87.4144s ++++
the 100th message counter  has been visited 8 times  
++++ frame_probe ID: 850 receives a frame at time 87.4909s ++++
INFO: Detected an invalid packet at item 768
INFO: Parser returned #f
++++ frame_probe ID: 860 receives a frame at time 87.5317s ++++
++++ frame_probe ID: 1010 receives a frame at time 87.5353s ++++
++++ frame_probe ID: 890 receives a frame at time 87.5578s ++++
Measurement 1/4 complete in 1 second(s).
the 100th message counter  has been visited 9 times  
++++ frame_probe ID: 850 receives a frame at time 87.6482s ++++
INFO: Detected an invalid packet at item 864
INFO: Parser returned #f
++++ frame_probe ID: 860 receives a frame at time 87.6892s ++++
++++ frame_probe ID: 1010 receives a frame at time 87.6987s ++++
++++ frame_probe ID: 890 receives a frame at time 87.7212s ++++
the 100th message counter  has been visited 10 times  
++++ frame_probe ID: 850 receives a frame at time 87.7945s ++++
INFO: Detected an invalid packet at item 960
INFO: Parser returned #f
++++ frame_probe ID: 860 receives a frame at time 87.8354s ++++
++++ frame_probe ID: 1010 receives a frame at time 87.8432s ++++
++++ frame_probe ID: 890 receives a frame at time 87.8654s ++++
the 100th message counter  has been visited 11 times  
++++ frame_probe ID: 850 receives a frame at time 87.9448s ++++
INFO: Detected an invalid packet at item 1056
INFO: Parser returned #f
++++ frame_probe ID: 860 receives a frame at time 87.9855s ++++
++++ frame_probe ID: 1010 receives a frame at time 87.9962s ++++
++++ frame_probe ID: 890 receives a frame at time 88.0179s ++++
the 100th message counter  has been visited 12 times  
++++ frame_probe ID: 850 receives a frame at time 88.1283s ++++
INFO: Detected an invalid packet at item 1152
INFO: Parser returned #f
++++ frame_probe ID: 860 receives a frame at time 88.1691s ++++
++++ frame_probe ID: 1010 receives a frame at time 88.1787s ++++
++++ frame_probe ID: 890 receives a frame at time 88.2003s ++++
the 100th message counter  has been visited 13 times  
++++ frame_probe ID: 850 receives a frame at time 88.2728s ++++
INFO: Detected an invalid packet at item 1248
INFO: Parser returned #f
++++ frame_probe ID: 860 receives a frame at time 88.3136s ++++
++++ frame_probe ID: 1010 receives a frame at time 88.3231s ++++
++++ frame_probe ID: 890 receives a frame at time 88.3448s ++++
the 100th message counter  has been visited 14 times  
++++ frame_probe ID: 850 receives a frame at time 88.4611s ++++
INFO: Detected an invalid packet at item 1344
INFO: Parser returned #f
++++ frame_probe ID: 860 receives a frame at time 88.5022s ++++
++++ frame_probe ID: 1010 receives a frame at time 88.5146s ++++
++++ frame_probe ID: 890 receives a frame at time 88.5365s ++++
the 100th message counter  has been visited 15 times  
++++ frame_probe ID: 850 receives a frame at time 88.6169s ++++
Measurement 1 raw data directory created /home/inets/0_ba/bachelor_thesis/measurements/debug/data/2/1/.
'/home/inets/source/gr-inets/results/receiver_data_received.txt' -> '/home/inets/0_ba/bachelor_thesis/measurements/debug/data/2/1/receiver_data_received.txt'
'/home/inets/source/gr-inets/results/sender_ack_received.txt' -> '/home/inets/0_ba/bachelor_thesis/measurements/debug/data/2/1/sender_ack_received.txt'
'/home/inets/source/gr-inets/results/sender_bfr_dq.txt' -> '/home/inets/0_ba/bachelor_thesis/measurements/debug/data/2/1/sender_bfr_dq.txt'
'/home/inets/source/gr-inets/results/sender_data_sent.txt' -> '/home/inets/0_ba/bachelor_thesis/measurements/debug/data/2/1/sender_data_sent.txt'
Measurement 1 raw data moved to /home/inets/0_ba/bachelor_thesis/measurements/debug/data/2/1/.

Measurement 2/4 complete in 5 second(s).
linux; GNU C++ version 5.4.0 20160609; Boost_105800; UHD_003.009.005-45-g6768a615
linux; GNU C++ version 5.4.0 20160609; Boost_105800; UHD_003.009.005-45-g6768a615


Using Volk machine: avx_64_mmx
-- Opening a USRP2/N-Series device...
Using Volk machine: avx_64_mmx
-- Opening a USRP2/N-Series device...
-- Current recv frame size: 1472 bytes
-- Current send frame size: 1472 bytes
-- Current recv frame size: 1472 bytes
-- Current send frame size: 1472 bytes
Measurement 2/4 complete in 4 second(s).
the 100th message counter is activated.
the 100th message counter is activated.
Measurement 2/4 complete in 3 second(s).
node starts running at 91.015
node starts running at 91.0175
++++ frame_probe ID: 850 receives a frame at time 91.0386s ++++
INFO: Detected an invalid packet at item 0
INFO: Parser returned #f
++++ frame_probe ID: 860 receives a frame at time 91.0797s ++++
++++ frame_probe ID: 1010 receives a frame at time 91.0846s ++++
++++ frame_probe ID: 890 receives a frame at time 91.1041s ++++
the 100th message counter  has been visited 1 times  
++++ frame_probe ID: 850 receives a frame at time 91.236s ++++
INFO: Detected an invalid packet at item 96
INFO: Parser returned #f
++++ frame_probe ID: 860 receives a frame at time 91.2774s ++++
++++ frame_probe ID: 1010 receives a frame at time 91.2861s ++++
++++ frame_probe ID: 890 receives a frame at time 91.3053s ++++
the 100th message counter  has been visited 2 times  
++++ frame_probe ID: 850 receives a frame at time 91.4028s ++++
INFO: Detected an invalid packet at item 192
INFO: Parser returned #f
++++ frame_probe ID: 860 receives a frame at time 91.4437s ++++
++++ frame_probe ID: 1010 receives a frame at time 91.4494s ++++
++++ frame_probe ID: 890 receives a frame at time 91.4685s ++++
the 100th message counter  has been visited 3 times  
++++ frame_probe ID: 850 receives a frame at time 91.5408s ++++
INFO: Detected an invalid packet at item 288
INFO: Parser returned #f
++++ frame_probe ID: 860 receives a frame at time 91.5818s ++++
++++ frame_probe ID: 1010 receives a frame at time 91.5937s ++++
++++ frame_probe ID: 890 receives a frame at time 91.6128s ++++
Measurement 2/4 complete in 2 second(s).
the 100th message counter  has been visited 4 times  
++++ frame_probe ID: 850 receives a frame at time 91.7033s ++++
INFO: Detected an invalid packet at item 384
INFO: Parser returned #f
++++ frame_probe ID: 860 receives a frame at time 91.7443s ++++
++++ frame_probe ID: 1010 receives a frame at time 91.7571s ++++
++++ frame_probe ID: 890 receives a frame at time 91.7764s ++++
the 100th message counter  has been visited 5 times  
++++ frame_probe ID: 850 receives a frame at time 91.8577s ++++
INFO: Detected an invalid packet at item 480
INFO: Parser returned #f
++++ frame_probe ID: 860 receives a frame at time 91.8991s ++++
++++ frame_probe ID: 1010 receives a frame at time 91.9104s ++++
++++ frame_probe ID: 890 receives a frame at time 91.9293s ++++
the 100th message counter  has been visited 6 times  
++++ frame_probe ID: 850 receives a frame at time 92.0161s ++++
INFO: Detected an invalid packet at item 576
INFO: Parser returned #f
++++ frame_probe ID: 860 receives a frame at time 92.0571s ++++
++++ frame_probe ID: 1010 receives a frame at time 92.0638s ++++
++++ frame_probe ID: 890 receives a frame at time 92.0829s ++++
the 100th message counter  has been visited 7 times  
++++ frame_probe ID: 850 receives a frame at time 92.1553s ++++
INFO: Detected an invalid packet at item 672
INFO: Parser returned #f
++++ frame_probe ID: 860 receives a frame at time 92.1962s ++++
++++ frame_probe ID: 1010 receives a frame at time 92.2071s ++++
++++ frame_probe ID: 890 receives a frame at time 92.2271s ++++
the 100th message counter  has been visited 8 times  
++++ frame_probe ID: 850 receives a frame at time 92.3425s ++++
INFO: Detected an invalid packet at item 768
INFO: Parser returned #f
++++ frame_probe ID: 860 receives a frame at time 92.3835s ++++
++++ frame_probe ID: 1010 receives a frame at time 92.3896s ++++
++++ frame_probe ID: 890 receives a frame at time 92.4096s ++++
the 100th message counter  has been visited 9 times  
++++ frame_probe ID: 850 receives a frame at time 92.4801s ++++
INFO: Detected an invalid packet at item 864
INFO: Parser returned #f
++++ frame_probe ID: 860 receives a frame at time 92.5209s ++++
++++ frame_probe ID: 1010 receives a frame at time 92.5247s ++++
++++ frame_probe ID: 890 receives a frame at time 92.5439s ++++
the 100th message counter  has been visited 10 times  
Measurement 2/4 complete in 1 second(s).
++++ frame_probe ID: 850 receives a frame at time 92.6475s ++++
INFO: Detected an invalid packet at item 960
INFO: Parser returned #f
++++ frame_probe ID: 860 receives a frame at time 92.6885s ++++
++++ frame_probe ID: 1010 receives a frame at time 92.6971s ++++
++++ frame_probe ID: 890 receives a frame at time 92.7163s ++++
the 100th message counter  has been visited 11 times  
++++ frame_probe ID: 850 receives a frame at time 92.8208s ++++
INFO: Detected an invalid packet at item 1056
INFO: Parser returned #f
++++ frame_probe ID: 860 receives a frame at time 92.862s ++++
++++ frame_probe ID: 1010 receives a frame at time 92.8696s ++++
++++ frame_probe ID: 890 receives a frame at time 92.8895s ++++
the 100th message counter  has been visited 12 times  
++++ frame_probe ID: 850 receives a frame at time 92.9869s ++++
INFO: Detected an invalid packet at item 1152
INFO: Parser returned #f
++++ frame_probe ID: 860 receives a frame at time 93.0278s ++++
++++ frame_probe ID: 1010 receives a frame at time 93.033s ++++
++++ frame_probe ID: 890 receives a frame at time 93.0529s ++++
the 100th message counter  has been visited 13 times  
++++ frame_probe ID: 850 receives a frame at time 93.1492s ++++
INFO: Detected an invalid packet at item 1248
INFO: Parser returned #f
++++ frame_probe ID: 860 receives a frame at time 93.1902s ++++
++++ frame_probe ID: 1010 receives a frame at time 93.1963s ++++
++++ frame_probe ID: 890 receives a frame at time 93.2162s ++++
the 100th message counter  has been visited 14 times  
++++ frame_probe ID: 850 receives a frame at time 93.3215s ++++
INFO: Detected an invalid packet at item 1344
INFO: Parser returned #f
++++ frame_probe ID: 860 receives a frame at time 93.3624s ++++
++++ frame_probe ID: 1010 receives a frame at time 93.3689s ++++
++++ frame_probe ID: 890 receives a frame at time 93.3889s ++++
the 100th message counter  has been visited 15 times  
++++ frame_probe ID: 850 receives a frame at time 93.4693s ++++
INFO: Detected an invalid packet at item 1440
INFO: Parser returned #f
++++ frame_probe ID: 860 receives a frame at time 93.5102s ++++
++++ frame_probe ID: 1010 receives a frame at time 93.5221s ++++
++++ frame_probe ID: 890 receives a frame at time 93.542s ++++
the 100th message counter  has been visited 16 times  
Measurement 2 raw data directory created /home/inets/0_ba/bachelor_thesis/measurements/debug/data/2/2/.
'/home/inets/source/gr-inets/results/receiver_data_received.txt' -> '/home/inets/0_ba/bachelor_thesis/measurements/debug/data/2/2/receiver_data_received.txt'
'/home/inets/source/gr-inets/results/sender_ack_received.txt' -> '/home/inets/0_ba/bachelor_thesis/measurements/debug/data/2/2/sender_ack_received.txt'
'/home/inets/source/gr-inets/results/sender_bfr_dq.txt' -> '/home/inets/0_ba/bachelor_thesis/measurements/debug/data/2/2/sender_bfr_dq.txt'
'/home/inets/source/gr-inets/results/sender_data_sent.txt' -> '/home/inets/0_ba/bachelor_thesis/measurements/debug/data/2/2/sender_data_sent.txt'
Measurement 2 raw data moved to /home/inets/0_ba/bachelor_thesis/measurements/debug/data/2/2/.

Measurement 3/4 complete in 5 second(s).
linux; GNU C++ version 5.4.0 20160609; Boost_105800; UHD_003.009.005-45-g6768a615
linux; GNU C++ version 5.4.0 20160609; Boost_105800; UHD_003.009.005-45-g6768a615


Using Volk machine: avx_64_mmx
-- Opening a USRP2/N-Series device...
Using Volk machine: avx_64_mmx
-- Opening a USRP2/N-Series device...
-- Current recv frame size: 1472 bytes
-- Current send frame size: 1472 bytes
-- Current recv frame size: 1472 bytes
-- Current send frame size: 1472 bytes
Measurement 3/4 complete in 4 second(s).
the 100th message counter is activated.
the 100th message counter is activated.
Measurement 3/4 complete in 3 second(s).
node starts running at 96.0199
node starts running at 96.044
++++ frame_probe ID: 850 receives a frame at time 96.1693s ++++
INFO: Detected an invalid packet at item 0
INFO: Parser returned #f
++++ frame_probe ID: 860 receives a frame at time 96.2104s ++++
++++ frame_probe ID: 1010 receives a frame at time 96.2156s ++++
++++ frame_probe ID: 890 receives a frame at time 96.2353s ++++
the 100th message counter  has been visited 1 times  
++++ frame_probe ID: 850 receives a frame at time 96.327s ++++
INFO: Detected an invalid packet at item 96
INFO: Parser returned #f
++++ frame_probe ID: 860 receives a frame at time 96.3679s ++++
++++ frame_probe ID: 1010 receives a frame at time 96.379s ++++
++++ frame_probe ID: 890 receives a frame at time 96.3982s ++++
the 100th message counter  has been visited 2 times  
++++ frame_probe ID: 850 receives a frame at time 96.4995s ++++
INFO: Detected an invalid packet at item 192
INFO: Parser returned #f
++++ frame_probe ID: 860 receives a frame at time 96.5403s ++++
++++ frame_probe ID: 1010 receives a frame at time 96.5521s ++++
++++ frame_probe ID: 890 receives a frame at time 96.5706s ++++
the 100th message counter  has been visited 3 times  
Measurement 3/4 complete in 2 second(s).
++++ frame_probe ID: 850 receives a frame at time 96.656s ++++
INFO: Detected an invalid packet at item 288
INFO: Parser returned #f
++++ frame_probe ID: 860 receives a frame at time 96.6968s ++++
++++ frame_probe ID: 1010 receives a frame at time 96.7056s ++++
++++ frame_probe ID: 890 receives a frame at time 96.7239s ++++
the 100th message counter  has been visited 4 times  
++++ frame_probe ID: 850 receives a frame at time 96.8013s ++++
INFO: Detected an invalid packet at item 384
INFO: Parser returned #f
++++ frame_probe ID: 860 receives a frame at time 96.8421s ++++
++++ frame_probe ID: 1010 receives a frame at time 96.8497s ++++
++++ frame_probe ID: 890 receives a frame at time 96.8768s ++++
the 100th message counter  has been visited 5 times  
++++ frame_probe ID: 850 receives a frame at time 96.9473s ++++
INFO: Detected an invalid packet at item 480
INFO: Parser returned #f
++++ frame_probe ID: 860 receives a frame at time 96.9882s ++++
++++ frame_probe ID: 1010 receives a frame at time 96.9932s ++++
++++ frame_probe ID: 890 receives a frame at time 97.0117s ++++
the 100th message counter  has been visited 6 times  
++++ frame_probe ID: 850 receives a frame at time 97.113s ++++
INFO: Detected an invalid packet at item 576
INFO: Parser returned #f
++++ frame_probe ID: 860 receives a frame at time 97.1537s ++++
++++ frame_probe ID: 1010 receives a frame at time 97.1565s ++++
++++ frame_probe ID: 890 receives a frame at time 97.1748s ++++
the 100th message counter  has been visited 7 times  
++++ frame_probe ID: 850 receives a frame at time 97.268s ++++
INFO: Detected an invalid packet at item 672
INFO: Parser returned #f
++++ frame_probe ID: 860 receives a frame at time 97.3087s ++++
++++ frame_probe ID: 1010 receives a frame at time 97.3201s ++++
++++ frame_probe ID: 890 receives a frame at time 97.3478s ++++
the 100th message counter  has been visited 8 times  
++++ frame_probe ID: 850 receives a frame at time 97.4561s ++++
INFO: Detected an invalid packet at item 768
INFO: Parser returned #f
++++ frame_probe ID: 860 receives a frame at time 97.4968s ++++
++++ frame_probe ID: 1010 receives a frame at time 97.502s ++++
++++ frame_probe ID: 890 receives a frame at time 97.5217s ++++
the 100th message counter  has been visited 9 times  
++++ frame_probe ID: 850 receives a frame at time 97.6246s ++++
INFO: Detected an invalid packet at item 864
INFO: Parser returned #f
Measurement 3/4 complete in 1 second(s).
++++ frame_probe ID: 860 receives a frame at time 97.6653s ++++
++++ frame_probe ID: 1010 receives a frame at time 97.6746s ++++
++++ frame_probe ID: 890 receives a frame at time 97.694s ++++
the 100th message counter  has been visited 10 times  
++++ frame_probe ID: 850 receives a frame at time 97.7684s ++++
INFO: Detected an invalid packet at item 960
INFO: Parser returned #f
++++ frame_probe ID: 860 receives a frame at time 97.8094s ++++
++++ frame_probe ID: 1010 receives a frame at time 97.8188s ++++
++++ frame_probe ID: 890 receives a frame at time 97.8377s ++++
the 100th message counter  has been visited 11 times  
++++ frame_probe ID: 850 receives a frame at time 97.9321s ++++
INFO: Detected an invalid packet at item 1056
INFO: Parser returned #f
++++ frame_probe ID: 860 receives a frame at time 97.973s ++++
++++ frame_probe ID: 1010 receives a frame at time 97.9824s ++++
++++ frame_probe ID: 890 receives a frame at time 98.0009s ++++
the 100th message counter  has been visited 12 times  
++++ frame_probe ID: 850 receives a frame at time 98.0882s ++++
INFO: Detected an invalid packet at item 1152
INFO: Parser returned #f
++++ frame_probe ID: 860 receives a frame at time 98.129s ++++
++++ frame_probe ID: 1010 receives a frame at time 98.1358s ++++
++++ frame_probe ID: 890 receives a frame at time 98.1543s ++++
the 100th message counter  has been visited 13 times  
++++ frame_probe ID: 850 receives a frame at time 98.2237s ++++
INFO: Detected an invalid packet at item 1248
INFO: Parser returned #f
++++ frame_probe ID: 860 receives a frame at time 98.2645s ++++
++++ frame_probe ID: 1010 receives a frame at time 98.27s ++++
++++ frame_probe ID: 890 receives a frame at time 98.2886s ++++
the 100th message counter  has been visited 14 times  
++++ frame_probe ID: 850 receives a frame at time 98.378s ++++
INFO: Detected an invalid packet at item 1344
INFO: Parser returned #f
++++ frame_probe ID: 860 receives a frame at time 98.4188s ++++
++++ frame_probe ID: 1010 receives a frame at time 98.4232s ++++
++++ frame_probe ID: 890 receives a frame at time 98.4427s ++++
the 100th message counter  has been visited 15 times  
++++ frame_probe ID: 850 receives a frame at time 98.56s ++++
INFO: Detected an invalid packet at item 1440
INFO: Parser returned #f
++++ frame_probe ID: 860 receives a frame at time 98.6007s ++++
++++ frame_probe ID: 1010 receives a frame at time 98.6057s ++++
++++ frame_probe ID: 890 receives a frame at time 98.6252s ++++
Measurement 3 raw data directory created /home/inets/0_ba/bachelor_thesis/measurements/debug/data/2/3/.
'/home/inets/source/gr-inets/results/receiver_data_received.txt' -> '/home/inets/0_ba/bachelor_thesis/measurements/debug/data/2/3/receiver_data_received.txt'
'/home/inets/source/gr-inets/results/sender_ack_received.txt' -> '/home/inets/0_ba/bachelor_thesis/measurements/debug/data/2/3/sender_ack_received.txt'
'/home/inets/source/gr-inets/results/sender_bfr_dq.txt' -> '/home/inets/0_ba/bachelor_thesis/measurements/debug/data/2/3/sender_bfr_dq.txt'
'/home/inets/source/gr-inets/results/sender_data_sent.txt' -> '/home/inets/0_ba/bachelor_thesis/measurements/debug/data/2/3/sender_data_sent.txt'
Measurement 3 raw data moved to /home/inets/0_ba/bachelor_thesis/measurements/debug/data/2/3/.

Measurement 4/4 complete in 5 second(s).
linux; GNU C++ version 5.4.0 20160609; Boost_105800; UHD_003.009.005-45-g6768a615
linux; GNU C++ version 5.4.0 20160609; Boost_105800; UHD_003.009.005-45-g6768a615


Using Volk machine: avx_64_mmx
-- Opening a USRP2/N-Series device...
Using Volk machine: avx_64_mmx
-- Opening a USRP2/N-Series device...
-- Current recv frame size: 1472 bytes
-- Current send frame size: 1472 bytes
-- Current recv frame size: 1472 bytes
-- Current send frame size: 1472 bytes
Measurement 4/4 complete in 4 second(s).
the 100th message counter is activated.
the 100th message counter is activated.
Measurement 4/4 complete in 3 second(s).
node starts running at 1.01394
node starts running at 1.03564
++++ frame_probe ID: 850 receives a frame at time 1.30517s ++++
INFO: Detected an invalid packet at item 0
INFO: Parser returned #f
++++ frame_probe ID: 860 receives a frame at time 1.34641s ++++
++++ frame_probe ID: 1010 receives a frame at time 1.35171s ++++
++++ frame_probe ID: 890 receives a frame at time 1.37906s ++++
the 100th message counter  has been visited 1 times  
++++ frame_probe ID: 850 receives a frame at time 1.4875s ++++
INFO: Detected an invalid packet at item 96
INFO: Parser returned #f
++++ frame_probe ID: 860 receives a frame at time 1.52853s ++++
++++ frame_probe ID: 1010 receives a frame at time 1.53387s ++++
++++ frame_probe ID: 890 receives a frame at time 1.56072s ++++
the 100th message counter  has been visited 2 times  
++++ frame_probe ID: 850 receives a frame at time 1.6521s ++++
Measurement 4/4 complete in 2 second(s).
INFO: Detected an invalid packet at item 192
INFO: Parser returned #f
++++ frame_probe ID: 860 receives a frame at time 1.69296s ++++
++++ frame_probe ID: 1010 receives a frame at time 1.69722s ++++
++++ frame_probe ID: 890 receives a frame at time 1.72365s ++++
the 100th message counter  has been visited 3 times  
++++ frame_probe ID: 850 receives a frame at time 1.79412s ++++
INFO: Detected an invalid packet at item 288
INFO: Parser returned #f
++++ frame_probe ID: 860 receives a frame at time 1.83512s ++++
++++ frame_probe ID: 1010 receives a frame at time 1.84158s ++++
++++ frame_probe ID: 890 receives a frame at time 1.86815s ++++
the 100th message counter  has been visited 4 times  
++++ frame_probe ID: 850 receives a frame at time 1.96149s ++++
INFO: Detected an invalid packet at item 384
INFO: Parser returned #f
++++ frame_probe ID: 860 receives a frame at time 2.00236s ++++
++++ frame_probe ID: 1010 receives a frame at time 2.01401s ++++
++++ frame_probe ID: 890 receives a frame at time 2.04041s ++++
the 100th message counter  has been visited 5 times  
++++ frame_probe ID: 850 receives a frame at time 2.12172s ++++
INFO: Detected an invalid packet at item 480
INFO: Parser returned #f
++++ frame_probe ID: 860 receives a frame at time 2.16254s ++++
++++ frame_probe ID: 1010 receives a frame at time 2.16747s ++++
++++ frame_probe ID: 890 receives a frame at time 2.1937s ++++
the 100th message counter  has been visited 6 times  
++++ frame_probe ID: 850 receives a frame at time 2.29613s ++++
INFO: Detected an invalid packet at item 576
INFO: Parser returned #f
++++ frame_probe ID: 860 receives a frame at time 2.33706s ++++
++++ frame_probe ID: 1010 receives a frame at time 2.34073s ++++
++++ frame_probe ID: 890 receives a frame at time 2.36723s ++++
the 100th message counter  has been visited 7 times  
++++ frame_probe ID: 850 receives a frame at time 2.44556s ++++
INFO: Detected an invalid packet at item 672
INFO: Parser returned #f
++++ frame_probe ID: 860 receives a frame at time 2.48644s ++++
++++ frame_probe ID: 1010 receives a frame at time 2.49399s ++++
++++ frame_probe ID: 890 receives a frame at time 2.52069s ++++
the 100th message counter  has been visited 8 times  
++++ frame_probe ID: 850 receives a frame at time 2.61102s ++++
INFO: Detected an invalid packet at item 768
INFO: Parser returned #f
++++ frame_probe ID: 860 receives a frame at time 2.65183s ++++
Measurement 4/4 complete in 1 second(s).
++++ frame_probe ID: 1010 receives a frame at time 2.65749s ++++
++++ frame_probe ID: 890 receives a frame at time 2.68372s ++++
the 100th message counter  has been visited 9 times  
++++ frame_probe ID: 850 receives a frame at time 2.76806s ++++
INFO: Detected an invalid packet at item 864
INFO: Parser returned #f
++++ frame_probe ID: 860 receives a frame at time 2.80896s ++++
++++ frame_probe ID: 1010 receives a frame at time 2.82069s ++++
++++ frame_probe ID: 890 receives a frame at time 2.84708s ++++
the 100th message counter  has been visited 10 times  
++++ frame_probe ID: 850 receives a frame at time 2.94251s ++++
INFO: Detected an invalid packet at item 960
INFO: Parser returned #f
++++ frame_probe ID: 860 receives a frame at time 2.98336s ++++
++++ frame_probe ID: 1010 receives a frame at time 2.99335s ++++
++++ frame_probe ID: 890 receives a frame at time 3.01965s ++++
the 100th message counter  has been visited 11 times  
++++ frame_probe ID: 850 receives a frame at time 3.13703s ++++
INFO: Detected an invalid packet at item 1056
INFO: Parser returned #f
++++ frame_probe ID: 860 receives a frame at time 3.17784s ++++
++++ frame_probe ID: 1010 receives a frame at time 3.18569s ++++
++++ frame_probe ID: 890 receives a frame at time 3.21193s ++++
the 100th message counter  has been visited 12 times  
++++ frame_probe ID: 850 receives a frame at time 3.29426s ++++
INFO: Detected an invalid packet at item 1152
INFO: Parser returned #f
++++ frame_probe ID: 860 receives a frame at time 3.33509s ++++
++++ frame_probe ID: 1010 receives a frame at time 3.33897s ++++
++++ frame_probe ID: 890 receives a frame at time 3.36524s ++++
the 100th message counter  has been visited 13 times  
++++ frame_probe ID: 850 receives a frame at time 3.45673s ++++
INFO: Detected an invalid packet at item 1248
INFO: Parser returned #f
++++ frame_probe ID: 860 receives a frame at time 3.49744s ++++
++++ frame_probe ID: 1010 receives a frame at time 3.50222s ++++
++++ frame_probe ID: 890 receives a frame at time 3.5287s ++++
the 100th message counter  has been visited 14 times  
++++ frame_probe ID: 850 receives a frame at time 3.60508s ++++
INFO: Detected an invalid packet at item 1344
INFO: Parser returned #f
++++ frame_probe ID: 860 receives a frame at time 3.64583s ++++
++++ frame_probe ID: 1010 receives a frame at time 3.65555s ++++
Measurement 4 raw data directory created /home/inets/0_ba/bachelor_thesis/measurements/debug/data/2/4/.
'/home/inets/source/gr-inets/results/receiver_data_received.txt' -> '/home/inets/0_ba/bachelor_thesis/measurements/debug/data/2/4/receiver_data_received.txt'
'/home/inets/source/gr-inets/results/sender_ack_received.txt' -> '/home/inets/0_ba/bachelor_thesis/measurements/debug/data/2/4/sender_ack_received.txt'
'/home/inets/source/gr-inets/results/sender_bfr_dq.txt' -> '/home/inets/0_ba/bachelor_thesis/measurements/debug/data/2/4/sender_bfr_dq.txt'
'/home/inets/source/gr-inets/results/sender_data_sent.txt' -> '/home/inets/0_ba/bachelor_thesis/measurements/debug/data/2/4/sender_data_sent.txt'
Measurement 4 raw data moved to /home/inets/0_ba/bachelor_thesis/measurements/debug/data/2/4/.

Now processing results...
Plotting Python should be: python3 (UBUNTU).
Hello from throughput.py!
Hello from variables.py!
[ 15000.  16000.  16000.  15000.]
Hello from myplot.py!
I will print a pdf for you now!
Hello from myplot.py!
I will print a cdf for you now!
<a list of 1 Patch objects>
Hello from myplot.py!
I will print a boxplot for you now!
Hello from myplot.py!
I will print a bar for you now!
Hello from rtt.py!
Hello from variables.py!

The resulting mean RTT of this single measurement is:
0.07183133333333333



The resulting mean RTT of this single measurement is:
0.068569375



The resulting mean RTT of this single measurement is:
0.068229375



The resulting mean RTT of this single measurement is:
0.07403785714285716


[ 0.07183133  0.06856938  0.06822937  0.07403786]
Hello from myplot.py!
I will print a pdf for you now!
Hello from myplot.py!
I will print a cdf for you now!
<a list of 1 Patch objects>
Hello from myplot.py!
I will print a boxplot for you now!
Hello from myplot.py!
I will print a bar for you now!

+--------------------------------------------------------------+
| Plotting completed. Until the next measurement session then! |
+--------------------------------------------------------------+
