Measurement 1/3 complete in 5 second(s).
linux; GNU C++ version 5.4.0 20160609; Boost_105800; UHD_003.009.005-45-g6768a615
linux; GNU C++ version 5.4.0 20160609; Boost_105800; UHD_003.009.005-45-g6768a615


Using Volk machine: avx_64_mmx
-- Opening a USRP2/N-Series device...
Using Volk machine: avx_64_mmx
-- Opening a USRP2/N-Series device...
-- Current recv frame size: 1472 bytes
-- Current recv frame size: 1472 bytes
-- Current send frame size: 1472 bytes
-- Current send frame size: 1472 bytes
Measurement 1/3 complete in 4 second(s).
develop_mode of random_filter ID: 1015 is activated.
the 1017th message counter is activated.
the 1018th message counter is activated.
the 1080th message counter is activated.
the 100th message counter is activated.
the 880th message counter is activated.
the 885th message counter is activated.
the 100th message counter is activated.
Measurement 1/3 complete in 3 second(s).
node starts running at 34.6975
node starts running at 34.7057
++++ frame_probe ID: 850 receives a frame at time 34.7618s ++++
++++ frame_probe ID: 860 receives a frame at time 34.8027s ++++
++++ frame_probe ID: 1010 receives a frame at time 34.8058s ++++
generated random number is at 0.802189 and the threshold is 1. good luck. 
7734.81 s
INFO: Detected an invalid packet at item 0
INFO: Parser returned #f
++++ frame_probe ID: 882 receives a frame at time 34.8323s ++++
++++ frame_probe ID: 883 receives a frame at time 34.8323s ++++
++++ frame_probe ID: 890 receives a frame at time 34.8324s ++++
the 100th message counter  has been visited 1 times  
++++ frame_probe ID: 850 receives a frame at time 34.9389s ++++
++++ frame_probe ID: 860 receives a frame at time 34.9797s ++++
INFO: Detected an invalid packet at item 64
INFO: Parser returned #f
++++ frame_probe ID: 1010 receives a frame at time 34.9881s ++++
generated random number is0.583927 and the threshold is  at 1. good luck. 
7734.99 s
++++ frame_probe ID: 882 receives a frame at time 35.0146s ++++
++++ frame_probe ID: 883 receives a frame at time 35.0147s ++++
++++ frame_probe ID: 890 receives a frame at time 35.0147s ++++
the 100th message counter  has been visited 2 times  
++++ frame_probe ID: 850 receives a frame at time 35.126s ++++
++++ frame_probe ID: 860 receives a frame at time 35.1668s ++++
++++ frame_probe ID: 1010 receives a frame at time 35.1708s ++++
generated random number is at 0.475645 and the threshold is 1. good luck. 7735.17
 s
INFO: Detected an invalid packet at item 128
INFO: Parser returned #f
INFO: Detected an invalid packet at item 160
INFO: Parser returned #f
INFO: Detected an invalid packet at item 192
INFO: Parser returned #f
++++ frame_probe ID: 882 receives a frame at time 35.1953s ++++
++++ frame_probe ID: 883 receives a frame at time 35.1954s ++++
++++ frame_probe ID: 890 receives a frame at time 35.1955s ++++
the 100th message counter  has been visited 3 times  
++++ frame_probe ID: 850 receives a frame at time 35.2908s ++++
Measurement 1/3 complete in 2 second(s).
++++ frame_probe ID: 860 receives a frame at time 35.3315s ++++
++++ frame_probe ID: 1010 receives a frame at time 35.3437s ++++
generated random number is at 0.155627 and the threshold is 17735.34. good luck.  s

++++ frame_probe ID: 882 receives a frame at time 35.3684s ++++
++++ frame_probe ID: 883 receives a frame at time 35.3685s ++++
++++ frame_probe ID: 890 receives a frame at time 35.3685s ++++
the 100th message counter  has been visited 4 times  
++++ frame_probe ID: 850 receives a frame at time 35.4388s ++++
++++ frame_probe ID: 860 receives a frame at time 35.4796s ++++
INFO: Detected an invalid packet at item 288
INFO: Parser returned #f
++++ frame_probe ID: 1010 receives a frame at time 35.4872s ++++
generated random number is at 0.316593 and the threshold is 1. good luck. 
7735.49 s
++++ frame_probe ID: 882 receives a frame at time 35.5122s ++++
++++ frame_probe ID: 883 receives a frame at time 35.5122s ++++
++++ frame_probe ID: 890 receives a frame at time 35.5123s ++++
the 100th message counter  has been visited 5 times  
++++ frame_probe ID: 850 receives a frame at time 35.5966s ++++
++++ frame_probe ID: 860 receives a frame at time 35.6372s ++++
++++ frame_probe ID: 1010 receives a frame at time 35.6413s ++++
generated random number is at 0.327321 and the threshold is 1. good luck. 
7735.64 s
INFO: Detected an invalid packet at item 352
INFO: Parser returned #f
++++ frame_probe ID: 882 receives a frame at time 35.666s ++++
++++ frame_probe ID: 883 receives a frame at time 35.6661s ++++
++++ frame_probe ID: 890 receives a frame at time 35.6661s ++++
the 100th message counter  has been visited 6 times  
++++ frame_probe ID: 850 receives a frame at time 35.7604s ++++
++++ frame_probe ID: 860 receives a frame at time 35.8011s ++++
++++ frame_probe ID: 1010 receives a frame at time 35.8046s ++++
generated random number is0.754104 and the threshold is 1. good luck. 
 at 7735.8 s
INFO: Detected an invalid packet at item 416
INFO: Parser returned #f
++++ frame_probe ID: 882 receives a frame at time 35.8286s ++++
++++ frame_probe ID: 883 receives a frame at time 35.8287s ++++
++++ frame_probe ID: 890 receives a frame at time 35.8287s ++++
the 100th message counter  has been visited 7 times  
++++ frame_probe ID: 850 receives a frame at time 35.907s ++++
++++ frame_probe ID: 860 receives a frame at time 35.9477s ++++
++++ frame_probe ID: 1010 receives a frame at time 35.958s ++++
generated random number is0.193679 and the threshold is 1. good luck. 
 at 7735.96 s
++++ frame_probe ID: 882 receives a frame at time 35.9827s ++++
++++ frame_probe ID: 883 receives a frame at time 35.9827s ++++
++++ frame_probe ID: 890 receives a frame at time 35.9828s ++++
the 100th message counter  has been visited 8 times  
++++ frame_probe ID: 850 receives a frame at time 36.0952s ++++
++++ frame_probe ID: 860 receives a frame at time 36.1361s ++++
++++ frame_probe ID: 1010 receives a frame at time 36.1406s ++++
generated random number is at 0.495008 and the threshold is 1. good luck. 
7736.14 s
INFO: Detected an invalid packet at item 512
INFO: Parser returned #f
++++ frame_probe ID: 882 receives a frame at time 36.166s ++++
++++ frame_probe ID: 883 receives a frame at time 36.166s ++++
++++ frame_probe ID: 890 receives a frame at time 36.1661s ++++
the 100th message counter  has been visited 9 times  
++++ frame_probe ID: 850 receives a frame at time 36.2755s ++++
Measurement 1/3 complete in 1 second(s).
++++ frame_probe ID: 860 receives a frame at time 36.3164s ++++
++++ frame_probe ID: 1010 receives a frame at time 36.3231s ++++
generated random number is at 0.852533 and the threshold is 1. good luck. 
7736.32 s
INFO: Detected an invalid packet at item 576
INFO: Parser returned #f
++++ frame_probe ID: 882 receives a frame at time 36.3468s ++++
++++ frame_probe ID: 883 receives a frame at time 36.3469s ++++
++++ frame_probe ID: 890 receives a frame at time 36.347s ++++
the 100th message counter  has been visited 10 times  
++++ frame_probe ID: 850 receives a frame at time 36.4616s ++++
++++ frame_probe ID: 860 receives a frame at time 36.5025s ++++
INFO: Detected an invalid packet at item 640
INFO: Parser returned #f
++++ frame_probe ID: 1010 receives a frame at time 36.5144s ++++
generated random number is0.749605 and the threshold is  at 1. good luck. 
7736.51 s
++++ frame_probe ID: 882 receives a frame at time 36.5393s ++++
++++ frame_probe ID: 883 receives a frame at time 36.5393s ++++
++++ frame_probe ID: 890 receives a frame at time 36.5394s ++++
the 100th message counter  has been visited 11 times  
++++ frame_probe ID: 850 receives a frame at time 36.6527s ++++
++++ frame_probe ID: 860 receives a frame at time 36.6938s ++++
++++ frame_probe ID: 1010 receives a frame at time 36.697s ++++
generated random number is at 0.845674 and the threshold is 1. good luck. 
7736.7 s
++++ frame_probe ID: 882 receives a frame at time 36.7217s ++++
++++ frame_probe ID: 883 receives a frame at time 36.7217s ++++
++++ frame_probe ID: 890 receives a frame at time 36.7218s ++++
the 100th message counter  has been visited 12 times  
++++ frame_probe ID: 850 receives a frame at time 36.8162s ++++
++++ frame_probe ID: 860 receives a frame at time 36.8571s ++++
++++ frame_probe ID: 1010 receives a frame at time 36.8603s ++++
 at generated random number is0.373257 and the threshold is 7736.86 s1. good luck. 

INFO: Detected an invalid packet at item 736
INFO: Parser returned #f
++++ frame_probe ID: 882 receives a frame at time 36.8851s ++++
++++ frame_probe ID: 883 receives a frame at time 36.8852s ++++
++++ frame_probe ID: 890 receives a frame at time 36.8852s ++++
the 100th message counter  has been visited 13 times  
++++ frame_probe ID: 850 receives a frame at time 36.9946s ++++
++++ frame_probe ID: 860 receives a frame at time 37.0354s ++++
++++ frame_probe ID: 1010 receives a frame at time 37.0427s ++++
generated random number is at 0.108744 and the threshold is 7737.04 s1. good luck. 

INFO: Detected an invalid packet at item 800
INFO: Parser returned #f
++++ frame_probe ID: 882 receives a frame at time 37.0665s ++++
++++ frame_probe ID: 883 receives a frame at time 37.0666s ++++
++++ frame_probe ID: 890 receives a frame at time 37.0667s ++++
the 100th message counter  has been visited 14 times  
++++ frame_probe ID: 850 receives a frame at time 37.179s ++++
++++ frame_probe ID: 860 receives a frame at time 37.2199s ++++
++++ frame_probe ID: 1010 receives a frame at time 37.2251s ++++
generated random number is at 0.370356 and the threshold is 1. good luck. 
7737.23 s
INFO: Detected an invalid packet at item 864
INFO: Parser returned #f
++++ frame_probe ID: 882 receives a frame at time 37.2491s ++++
++++ frame_probe ID: 883 receives a frame at time 37.2491s ++++
++++ frame_probe ID: 890 receives a frame at time 37.2491s ++++
Measurement 1 raw data directory created /home/inets/0_ba/bachelor_thesis/measurements/debug/data/58/1/.
'/home/inets/source/gr-inets/results/receiver_data_received.txt' -> '/home/inets/0_ba/bachelor_thesis/measurements/debug/data/58/1/receiver_data_received.txt'
'/home/inets/source/gr-inets/results/sender_ack_received.txt' -> '/home/inets/0_ba/bachelor_thesis/measurements/debug/data/58/1/sender_ack_received.txt'
'/home/inets/source/gr-inets/results/sender_bfr_dq.txt' -> '/home/inets/0_ba/bachelor_thesis/measurements/debug/data/58/1/sender_bfr_dq.txt'
'/home/inets/source/gr-inets/results/sender_data_sent.txt' -> '/home/inets/0_ba/bachelor_thesis/measurements/debug/data/58/1/sender_data_sent.txt'
Measurement 1 raw data moved to /home/inets/0_ba/bachelor_thesis/measurements/debug/data/58/1/.

Measurement 2/3 complete in 5 second(s).
linux; GNU C++ version 5.4.0 20160609; Boost_105800; UHD_003.009.005-45-g6768a615
linux; GNU C++ version 5.4.0 20160609; Boost_105800; UHD_003.009.005-45-g6768a615


Using Volk machine: avx_64_mmx
-- Opening a USRP2/N-Series device...
Using Volk machine: avx_64_mmx
-- Opening a USRP2/N-Series device...
-- Current recv frame size: 1472 bytes
-- Current recv frame size: 1472 bytes
-- Current send frame size: 1472 bytes
-- Current send frame size: 1472 bytes
Measurement 2/3 complete in 4 second(s).
the 880th message counter is activated.
the 885th message counter is activated.
the 100th message counter is activated.
develop_mode of random_filter ID: 1015 is activated.
the 1017th message counter is activated.
the 1018th message counter is activated.
the 1080th message counter is activated.
the 100th message counter is activated.
Measurement 2/3 complete in 3 second(s).
node starts running at 39.6884
node starts running at 39.6948
++++ frame_probe ID: 850 receives a frame at time 39.7806s ++++
++++ frame_probe ID: 860 receives a frame at time 39.8224s ++++
++++ frame_probe ID: 1010 receives a frame at time 39.83s ++++
generated random number is at 0.47414 and the threshold is 7739.83 s1
. good luck. 
++++ frame_probe ID: 882 receives a frame at time 39.8557s ++++
++++ frame_probe ID: 883 receives a frame at time 39.8557s ++++
++++ frame_probe ID: 890 receives a frame at time 39.8558s ++++
the 100th message counter  has been visited 1 times  
++++ frame_probe ID: 850 receives a frame at time 39.9665s ++++
++++ frame_probe ID: 860 receives a frame at time 40.0074s ++++
++++ frame_probe ID: 1010 receives a frame at time 40.0124s ++++
generated random number is0.115101 and the threshold is 1. good luck. 
 at 7740.01 s
++++ frame_probe ID: 882 receives a frame at time 40.0379s ++++
++++ frame_probe ID: 883 receives a frame at time 40.038s ++++
++++ frame_probe ID: 890 receives a frame at time 40.038s ++++
the 100th message counter  has been visited 2 times  
++++ frame_probe ID: 850 receives a frame at time 40.1103s ++++
++++ frame_probe ID: 860 receives a frame at time 40.1511s ++++
++++ frame_probe ID: 1010 receives a frame at time 40.1565s ++++
generated random number is at 0.525178 and the threshold is 17740.16. good luck.  s

++++ frame_probe ID: 882 receives a frame at time 40.1819s ++++
++++ frame_probe ID: 883 receives a frame at time 40.1819s ++++
++++ frame_probe ID: 890 receives a frame at time 40.182s ++++
the 100th message counter  has been visited 3 times  
++++ frame_probe ID: 850 receives a frame at time 40.2953s ++++
Measurement 2/3 complete in 2 second(s).
++++ frame_probe ID: 860 receives a frame at time 40.3359s ++++
INFO: Detected an invalid packet at item 96
INFO: Parser returned #f
++++ frame_probe ID: 1010 receives a frame at time 40.3478s ++++
generated random number is at 0.100797 and the threshold is 7740.35 s
1. good luck. 
++++ frame_probe ID: 882 receives a frame at time 40.3734s ++++
++++ frame_probe ID: 883 receives a frame at time 40.3735s ++++
++++ frame_probe ID: 890 receives a frame at time 40.3736s ++++
the 100th message counter  has been visited 4 times  
++++ frame_probe ID: 850 receives a frame at time 40.4729s ++++
++++ frame_probe ID: 860 receives a frame at time 40.5136s ++++
++++ frame_probe ID: 1010 receives a frame at time 40.5214s ++++
generated random number is at 0.916938 and the threshold is 1. good luck. 
7740.52 s
++++ frame_probe ID: 882 receives a frame at time 40.5469s ++++
++++ frame_probe ID: 883 receives a frame at time 40.547s ++++
++++ frame_probe ID: 890 receives a frame at time 40.547s ++++
the 100th message counter  has been visited 5 times  
++++ frame_probe ID: 850 receives a frame at time 40.6603s ++++
++++ frame_probe ID: 860 receives a frame at time 40.7014s ++++
INFO: Detected an invalid packet at item 192
INFO: Parser returned #f
++++ frame_probe ID: 1010 receives a frame at time 40.713s ++++
generated random number is at 0.570695 and the threshold is 1. good luck. 
7740.71 s
++++ frame_probe ID: 882 receives a frame at time 40.7389s ++++
++++ frame_probe ID: 883 receives a frame at time 40.739s ++++
++++ frame_probe ID: 890 receives a frame at time 40.739s ++++
the 100th message counter  has been visited 6 times  
++++ frame_probe ID: 850 receives a frame at time 40.8394s ++++
++++ frame_probe ID: 860 receives a frame at time 40.8802s ++++
++++ frame_probe ID: 1010 receives a frame at time 40.8861s ++++
generated random number is at 0.566457 and the threshold is 1. good luck. 
7740.89 s
++++ frame_probe ID: 882 receives a frame at time 40.9117s ++++
++++ frame_probe ID: 883 receives a frame at time 40.9118s ++++
++++ frame_probe ID: 890 receives a frame at time 40.9118s ++++
the 100th message counter  has been visited 7 times  
++++ frame_probe ID: 850 receives a frame at time 41.0132s ++++
++++ frame_probe ID: 860 receives a frame at time 41.0541s ++++
++++ frame_probe ID: 1010 receives a frame at time 41.0586s ++++
generated random number is at 0.2331327741.06 and the threshold is  s
1. good luck. 
INFO: Detected an invalid packet at item 288
INFO: Parser returned #f
++++ frame_probe ID: 882 receives a frame at time 41.0839s ++++
++++ frame_probe ID: 883 receives a frame at time 41.084s ++++
++++ frame_probe ID: 890 receives a frame at time 41.084s ++++
the 100th message counter  has been visited 8 times  
++++ frame_probe ID: 850 receives a frame at time 41.1973s ++++
++++ frame_probe ID: 860 receives a frame at time 41.238s ++++
++++ frame_probe ID: 1010 receives a frame at time 41.2408s ++++
generated random number is at 7741.24 s
0.149304 and the threshold is 1. good luck. 
++++ frame_probe ID: 882 receives a frame at time 41.2663s ++++
++++ frame_probe ID: 883 receives a frame at time 41.2664s ++++
++++ frame_probe ID: 890 receives a frame at time 41.2664s ++++
Measurement 2/3 complete in 1 second(s).
the 100th message counter  has been visited 9 times  
++++ frame_probe ID: 850 receives a frame at time 41.3568s ++++
++++ frame_probe ID: 860 receives a frame at time 41.3976s ++++
++++ frame_probe ID: 1010 receives a frame at time 41.4042s ++++
generated random number is at 0.500229 and the threshold is 7741.4 s
1. good luck. 
++++ frame_probe ID: 882 receives a frame at time 41.4298s ++++
++++ frame_probe ID: 883 receives a frame at time 41.4299s ++++
++++ frame_probe ID: 890 receives a frame at time 41.4299s ++++
the 100th message counter  has been visited 10 times  
++++ frame_probe ID: 850 receives a frame at time 41.5122s ++++
++++ frame_probe ID: 860 receives a frame at time 41.553s ++++
++++ frame_probe ID: 1010 receives a frame at time 41.5576s ++++
generated random number is at 0.660604 and the threshold is 7741.56 s
1. good luck. 
++++ frame_probe ID: 882 receives a frame at time 41.5832s ++++
++++ frame_probe ID: 883 receives a frame at time 41.5833s ++++
++++ frame_probe ID: 890 receives a frame at time 41.5833s ++++
the 100th message counter  has been visited 11 times  
++++ frame_probe ID: 850 receives a frame at time 41.6517s ++++
++++ frame_probe ID: 860 receives a frame at time 41.6924s ++++
++++ frame_probe ID: 1010 receives a frame at time 41.7019s ++++
generated random number is at 0.121833 and the threshold is 7741.7 s
1. good luck. 
++++ frame_probe ID: 882 receives a frame at time 41.7275s ++++
++++ frame_probe ID: 883 receives a frame at time 41.7275s ++++
++++ frame_probe ID: 890 receives a frame at time 41.7276s ++++
the 100th message counter  has been visited 12 times  
++++ frame_probe ID: 850 receives a frame at time 41.826s ++++
++++ frame_probe ID: 860 receives a frame at time 41.8668s ++++
INFO: Detected an invalid packet at item 480
INFO: Parser returned #f
++++ frame_probe ID: 1010 receives a frame at time 41.8743s ++++
generated random number is at 0.974973 and the threshold is 7741.87 s
1. good luck. 
++++ frame_probe ID: 882 receives a frame at time 41.8999s ++++
++++ frame_probe ID: 883 receives a frame at time 41.8999s ++++
++++ frame_probe ID: 890 receives a frame at time 41.9s ++++
the 100th message counter  has been visited 13 times  
++++ frame_probe ID: 850 receives a frame at time 41.9743s ++++
++++ frame_probe ID: 860 receives a frame at time 42.0151s ++++
++++ frame_probe ID: 1010 receives a frame at time 42.0186s ++++
generated random number is at 0.56395 and the threshold is 1. good luck. 
7742.02 s
++++ frame_probe ID: 882 receives a frame at time 42.044s ++++
++++ frame_probe ID: 883 receives a frame at time 42.044s ++++
++++ frame_probe ID: 890 receives a frame at time 42.0441s ++++
the 100th message counter  has been visited 14 times  
++++ frame_probe ID: 850 receives a frame at time 42.1344s ++++
++++ frame_probe ID: 860 receives a frame at time 42.1751s ++++
INFO: Detected an invalid packet at item 576
INFO: Parser returned #f
++++ frame_probe ID: 1010 receives a frame at time 42.181s ++++
 at generated random number is7742.18 s
0.134645 and the threshold is 1. good luck. 
++++ frame_probe ID: 882 receives a frame at time 42.2076s ++++
++++ frame_probe ID: 883 receives a frame at time 42.2076s ++++
++++ frame_probe ID: 890 receives a frame at time 42.2077s ++++
the 100th message counter  has been visited 15 times  
++++ frame_probe ID: 850 receives a frame at time 42.282s ++++
Measurement 2 raw data directory created /home/inets/0_ba/bachelor_thesis/measurements/debug/data/58/2/.
'/home/inets/source/gr-inets/results/receiver_data_received.txt' -> '/home/inets/0_ba/bachelor_thesis/measurements/debug/data/58/2/receiver_data_received.txt'
'/home/inets/source/gr-inets/results/sender_ack_received.txt' -> '/home/inets/0_ba/bachelor_thesis/measurements/debug/data/58/2/sender_ack_received.txt'
'/home/inets/source/gr-inets/results/sender_bfr_dq.txt' -> '/home/inets/0_ba/bachelor_thesis/measurements/debug/data/58/2/sender_bfr_dq.txt'
'/home/inets/source/gr-inets/results/sender_data_sent.txt' -> '/home/inets/0_ba/bachelor_thesis/measurements/debug/data/58/2/sender_data_sent.txt'
Measurement 2 raw data moved to /home/inets/0_ba/bachelor_thesis/measurements/debug/data/58/2/.

Measurement 3/3 complete in 5 second(s).
linux; GNU C++ version 5.4.0 20160609; Boost_105800; UHD_003.009.005-45-g6768a615
linux; GNU C++ version 5.4.0 20160609; Boost_105800; UHD_003.009.005-45-g6768a615


Using Volk machine: avx_64_mmx
-- Opening a USRP2/N-Series device...
Using Volk machine: avx_64_mmx
-- Opening a USRP2/N-Series device...
-- Current recv frame size: 1472 bytes
-- Current recv frame size: 1472 bytes
-- Current send frame size: 1472 bytes
-- Current send frame size: 1472 bytes
Measurement 3/3 complete in 4 second(s).
develop_mode of random_filter ID: 1015 is activated.
the 1017th message counter is activated.
the 1018th message counter is activated.
the 1080th message counter is activated.
the 100th message counter is activated.
the 880th message counter is activated.
the 885th message counter is activated.
the 100th message counter is activated.
Measurement 3/3 complete in 3 second(s).
node starts running at 44.6876
node starts running at 44.6949
++++ frame_probe ID: 850 receives a frame at time 44.8452s ++++
++++ frame_probe ID: 860 receives a frame at time 44.8863s ++++
INFO: Detected an invalid packet at item 0
INFO: Parser returned #f
++++ frame_probe ID: 1010 receives a frame at time 44.892s ++++
generated random number is at 0.555988 and the threshold is 1. good luck. 
7744.89 s
++++ frame_probe ID: 882 receives a frame at time 44.9185s ++++
++++ frame_probe ID: 883 receives a frame at time 44.9185s ++++
++++ frame_probe ID: 890 receives a frame at time 44.9186s ++++
the 100th message counter  has been visited 1 times  
++++ frame_probe ID: 850 receives a frame at time 45.0101s ++++
++++ frame_probe ID: 860 receives a frame at time 45.051s ++++
++++ frame_probe ID: 1010 receives a frame at time 45.0554s ++++
generated random number is at 0.138836 and the threshold is 1. good luck. 
7745.06 s
++++ frame_probe ID: 882 receives a frame at time 45.0818s ++++
++++ frame_probe ID: 883 receives a frame at time 45.0819s ++++
++++ frame_probe ID: 890 receives a frame at time 45.0819s ++++
the 100th message counter  has been visited 2 times  
Measurement 3/3 complete in 2 second(s).
++++ frame_probe ID: 850 receives a frame at time 45.5248s ++++
++++ frame_probe ID: 860 receives a frame at time 45.5657s ++++
INFO: Detected an invalid packet at item 96
INFO: Parser returned #f
++++ frame_probe ID: 1010 receives a frame at time 45.5736s ++++
 at generated random number is7745.57 s
0.55887 and the threshold is 1. good luck. 
++++ frame_probe ID: 882 receives a frame at time 45.6002s ++++
++++ frame_probe ID: 883 receives a frame at time 45.6003s ++++
++++ frame_probe ID: 890 receives a frame at time 45.6004s ++++
the 100th message counter  has been visited 3 times  
++++ frame_probe ID: 850 receives a frame at time 45.6689s ++++
++++ frame_probe ID: 860 receives a frame at time 45.7101s ++++
++++ frame_probe ID: 1010 receives a frame at time 45.7179s ++++
generated random number is at 0.1346357745.72 and the threshold is  s
1. good luck. 
++++ frame_probe ID: 882 receives a frame at time 45.7443s ++++
++++ frame_probe ID: 883 receives a frame at time 45.7444s ++++
++++ frame_probe ID: 890 receives a frame at time 45.7445s ++++
the 100th message counter  has been visited 4 times  
++++ frame_probe ID: 850 receives a frame at time 45.8508s ++++
++++ frame_probe ID: 860 receives a frame at time 45.8918s ++++
INFO: Detected an invalid packet at item 192
INFO: Parser returned #f
++++ frame_probe ID: 1010 receives a frame at time 45.9001s ++++
generated random number is at 0.5655447745.9 and the threshold is  s
1. good luck. 
++++ frame_probe ID: 882 receives a frame at time 45.9267s ++++
++++ frame_probe ID: 883 receives a frame at time 45.9267s ++++
++++ frame_probe ID: 890 receives a frame at time 45.9268s ++++
the 100th message counter  has been visited 5 times  
++++ frame_probe ID: 850 receives a frame at time 46.0441s ++++
++++ frame_probe ID: 860 receives a frame at time 46.0852s ++++
INFO: Detected an invalid packet at item 256
INFO: Parser returned #f
++++ frame_probe ID: 1010 receives a frame at time 46.0918s ++++
generated random number is at 7746.09 s0.667966 and the threshold is 
1. good luck. 
++++ frame_probe ID: 882 receives a frame at time 46.1187s ++++
++++ frame_probe ID: 883 receives a frame at time 46.1188s ++++
++++ frame_probe ID: 890 receives a frame at time 46.1188s ++++
the 100th message counter  has been visited 6 times  
++++ frame_probe ID: 850 receives a frame at time 46.2001s ++++
++++ frame_probe ID: 860 receives a frame at time 46.241s ++++
++++ frame_probe ID: 1010 receives a frame at time 46.2453s ++++
generated random number is at 7746.250.909606 s and the threshold is 
1. good luck. 
INFO: Detected an invalid packet at item 320
INFO: Parser returned #f
++++ frame_probe ID: 882 receives a frame at time 46.2717s ++++
++++ frame_probe ID: 883 receives a frame at time 46.2718s ++++
++++ frame_probe ID: 890 receives a frame at time 46.2719s ++++
Measurement 3/3 complete in 1 second(s).
the 100th message counter  has been visited 7 times  
++++ frame_probe ID: 850 receives a frame at time 46.3662s ++++
++++ frame_probe ID: 860 receives a frame at time 46.4073s ++++
INFO: Detected an invalid packet at item 384
INFO: Parser returned #f
++++ frame_probe ID: 1010 receives a frame at time 46.4184s ++++
generated random number is at 0.469949 and the threshold is 7746.42 s
1. good luck. 
++++ frame_probe ID: 882 receives a frame at time 46.4448s ++++
++++ frame_probe ID: 883 receives a frame at time 46.4449s ++++
++++ frame_probe ID: 890 receives a frame at time 46.4449s ++++
the 100th message counter  has been visited 8 times  
++++ frame_probe ID: 850 receives a frame at time 46.5583s ++++
++++ frame_probe ID: 860 receives a frame at time 46.5991s ++++
++++ frame_probe ID: 1010 receives a frame at time 46.6098s ++++
generated random number is at 0.9584487746.61 and the threshold is  s
1. good luck. 
++++ frame_probe ID: 882 receives a frame at time 46.6365s ++++
++++ frame_probe ID: 883 receives a frame at time 46.6365s ++++
++++ frame_probe ID: 890 receives a frame at time 46.6366s ++++
the 100th message counter  has been visited 9 times  
++++ frame_probe ID: 850 receives a frame at time 46.713s ++++
++++ frame_probe ID: 860 receives a frame at time 46.7537s ++++
++++ frame_probe ID: 1010 receives a frame at time 46.7634s ++++
generated random number is at 0.484432 and the threshold is 1. good luck. 
7746.76 s
++++ frame_probe ID: 882 receives a frame at time 46.7898s ++++
++++ frame_probe ID: 883 receives a frame at time 46.7899s ++++
++++ frame_probe ID: 890 receives a frame at time 46.7899s ++++
the 100th message counter  has been visited 10 times  
++++ frame_probe ID: 850 receives a frame at time 46.8782s ++++
++++ frame_probe ID: 860 receives a frame at time 46.919s ++++
++++ frame_probe ID: 1010 receives a frame at time 46.9265s ++++
generated random number is0.735655 and the threshold is  at 1. good luck. 
7746.93 s
++++ frame_probe ID: 882 receives a frame at time 46.9532s ++++
++++ frame_probe ID: 883 receives a frame at time 46.9532s ++++
++++ frame_probe ID: 890 receives a frame at time 46.9533s ++++
the 100th message counter  has been visited 11 times  
++++ frame_probe ID: 850 receives a frame at time 47.0387s ++++
++++ frame_probe ID: 860 receives a frame at time 47.0793s ++++
INFO: Detected an invalid packet at item 544
INFO: Parser returned #f
++++ frame_probe ID: 1010 receives a frame at time 47.0901s ++++
generated random number is0.598582 and the threshold is  at 1. good luck. 
7747.09 s
++++ frame_probe ID: 882 receives a frame at time 47.1166s ++++
++++ frame_probe ID: 883 receives a frame at time 47.1166s ++++
++++ frame_probe ID: 890 receives a frame at time 47.1167s ++++
the 100th message counter  has been visited 12 times  
++++ frame_probe ID: 850 receives a frame at time 47.2041s ++++
++++ frame_probe ID: 860 receives a frame at time 47.2449s ++++
++++ frame_probe ID: 1010 receives a frame at time 47.2531s ++++
generated random number is at 0.440937747.25 and the threshold is  s
1. good luck. 
++++ frame_probe ID: 882 receives a frame at time 47.2798s ++++
++++ frame_probe ID: 883 receives a frame at time 47.2798s ++++
++++ frame_probe ID: 890 receives a frame at time 47.2799s ++++
Measurement 3 raw data directory created /home/inets/0_ba/bachelor_thesis/measurements/debug/data/58/3/.
'/home/inets/source/gr-inets/results/receiver_data_received.txt' -> '/home/inets/0_ba/bachelor_thesis/measurements/debug/data/58/3/receiver_data_received.txt'
'/home/inets/source/gr-inets/results/sender_ack_received.txt' -> '/home/inets/0_ba/bachelor_thesis/measurements/debug/data/58/3/sender_ack_received.txt'
'/home/inets/source/gr-inets/results/sender_bfr_dq.txt' -> '/home/inets/0_ba/bachelor_thesis/measurements/debug/data/58/3/sender_bfr_dq.txt'
'/home/inets/source/gr-inets/results/sender_data_sent.txt' -> '/home/inets/0_ba/bachelor_thesis/measurements/debug/data/58/3/sender_data_sent.txt'
Measurement 3 raw data moved to /home/inets/0_ba/bachelor_thesis/measurements/debug/data/58/3/.

Now processing results...
Plotting Python should be: python3 (UBUNTU).
Hello from rtt.py!
Hello from variables.py!
data_sent: 1499957734.761751
data_sent: 1499957734.938859
data_sent: 1499957735.125978
data_sent: 1499957735.290802
data_sent: 1499957735.438828
data_sent: 1499957735.596575
data_sent: 1499957735.760441
data_sent: 1499957735.907008
data_sent: 1499957736.095154
data_sent: 1499957736.275517
data_sent: 1499957736.461640
data_sent: 1499957736.652710
data_sent: 1499957736.816184
data_sent: 1499957736.994619
data_sent: 1499957737.179045
ack_received: 1499957734.832389
ack_received: 1499957735.014696
ack_received: 1499957735.195464
ack_received: 1499957735.368513
ack_received: 1499957735.512275
ack_received: 1499957735.666142
ack_received: 1499957735.828705
ack_received: 1499957735.982781
ack_received: 1499957736.166078
ack_received: 1499957736.346955
ack_received: 1499957736.539385
ack_received: 1499957736.721805
ack_received: 1499957736.885248
ack_received: 1499957737.066685
ack_received: 1499957737.249148
abs. packet loss: 0.0
packet loss in %: 0.0%

The resulting RTTs of this single measurement are:
[0.07064, 0.07584, 0.06949, 0.07771, 0.07345, 0.06957, 0.06826, 0.07577, 0.07092, 0.07144, 0.07775, 0.0691, 0.06906, 0.07207, 0.0701]



The resulting mean RTT of this single measurement is:
0.072078


data_sent: 1499957739.780625
data_sent: 1499957739.966476
data_sent: 1499957740.110312
data_sent: 1499957740.295300
data_sent: 1499957740.472851
data_sent: 1499957740.660329
data_sent: 1499957740.839403
data_sent: 1499957741.013166
data_sent: 1499957741.197341
data_sent: 1499957741.356807
data_sent: 1499957741.512241
data_sent: 1499957741.651667
data_sent: 1499957741.825980
data_sent: 1499957741.974343
data_sent: 1499957742.134421
data_sent: 1499957742.282012
ack_received: 1499957739.855804
ack_received: 1499957740.038020
ack_received: 1499957740.181960
ack_received: 1499957740.373562
ack_received: 1499957740.547011
ack_received: 1499957740.739050
ack_received: 1499957740.911838
ack_received: 1499957741.084020
ack_received: 1499957741.266426
ack_received: 1499957741.429924
ack_received: 1499957741.583316
ack_received: 1499957741.727590
ack_received: 1499957741.900014
ack_received: 1499957742.044104
ack_received: 1499957742.207668
abs. packet loss: 1.0
packet loss in %: 6.25%

The resulting RTTs of this single measurement are:
[0.07518, 0.07154, 0.07165, 0.07826, 0.07416, 0.07872, 0.07244, 0.07085, 0.06909, 0.07312, 0.07108, 0.07592, 0.07403, 0.06976, 0.07325]



The resulting mean RTT of this single measurement is:
0.07327


data_sent: 1499957744.845184
data_sent: 1499957745.010102
data_sent: 1499957745.524823
data_sent: 1499957745.668889
data_sent: 1499957745.850840
data_sent: 1499957746.044134
data_sent: 1499957746.200149
data_sent: 1499957746.366169
data_sent: 1499957746.558312
data_sent: 1499957746.712953
data_sent: 1499957746.878202
data_sent: 1499957747.038702
data_sent: 1499957747.204092
ack_received: 1499957744.918643
ack_received: 1499957745.081934
ack_received: 1499957745.600357
ack_received: 1499957745.744456
ack_received: 1499957745.926785
ack_received: 1499957746.118842
ack_received: 1499957746.271867
ack_received: 1499957746.444946
ack_received: 1499957746.636593
ack_received: 1499957746.789889
ack_received: 1499957746.953346
ack_received: 1499957747.116662
ack_received: 1499957747.279917
abs. packet loss: 0.0
packet loss in %: 0.0%

The resulting RTTs of this single measurement are:
[0.07346, 0.07183, 0.07553, 0.07557, 0.07594, 0.07471, 0.07172, 0.07878, 0.07828, 0.07694, 0.07514, 0.07796, 0.07582]



The resulting mean RTT of this single measurement is:
0.07551384615384617


[ 0.072078    0.07327     0.07551385]
Hello from myplot.py!
I will print a pdf for you now!
Hello from myplot.py!
I will print a cdf for you now!
<a list of 1 Patch objects>
Hello from myplot.py!
I will print a boxplot for you now!
Hello from myplot.py!
I will print a bar for you now!

+--------------------------------------------------------------+
| Plotting completed. Until the next measurement session then! |
+--------------------------------------------------------------+
