Measurement 1/4 complete in 5 second(s).
linux; GNU C++ version 5.4.0 20160609; Boost_105800; UHD_003.009.005-45-g6768a615
linux; GNU C++ version 5.4.0 20160609; Boost_105800; UHD_003.009.005-45-g6768a615


Measurement 1/4 complete in 4 second(s).
Using Volk machine: avx_64_mmx
-- Opening a USRP2/N-Series device...
Using Volk machine: avx_64_mmx
-- Opening a USRP2/N-Series device...
-- Current recv frame size: 1472 bytes
-- Current recv frame size: 1472 bytes
-- Current send frame size: 1472 bytes
-- Current send frame size: 1472 bytes
Measurement 1/4 complete in 3 second(s).
the 100th message counter is activated.
the 100th message counter is activated.
Measurement 1/4 complete in 2 second(s).
node starts running at 94.7954
node starts running at 94.7962
++++ frame_probe ID: 850 receives a frame at time 94.9354s ++++
INFO: Detected an invalid packet at item 0
INFO: Parser returned #f
++++ frame_probe ID: 860 receives a frame at time 94.9764s ++++
++++ frame_probe ID: 1010 receives a frame at time 94.9836s ++++
++++ frame_probe ID: 890 receives a frame at time 95.0047s ++++
the 100th message counter  has been visited 1 times  
++++ frame_probe ID: 850 receives a frame at time 95.111s ++++
INFO: Detected an invalid packet at item 96
INFO: Parser returned #f
++++ frame_probe ID: 860 receives a frame at time 95.1518s ++++
++++ frame_probe ID: 1010 receives a frame at time 95.156s ++++
++++ frame_probe ID: 890 receives a frame at time 95.1771s ++++
the 100th message counter  has been visited 2 times  
++++ frame_probe ID: 850 receives a frame at time 95.2925s ++++
INFO: Detected an invalid packet at item 192
INFO: Parser returned #f
++++ frame_probe ID: 860 receives a frame at time 95.3331s ++++
++++ frame_probe ID: 1010 receives a frame at time 95.3384s ++++
++++ frame_probe ID: 890 receives a frame at time 95.3596s ++++
the 100th message counter  has been visited 3 times  
++++ frame_probe ID: 850 receives a frame at time 95.454s ++++
INFO: Detected an invalid packet at item 288
INFO: Parser returned #f
++++ frame_probe ID: 860 receives a frame at time 95.4947s ++++
++++ frame_probe ID: 1010 receives a frame at time 95.5017s ++++
++++ frame_probe ID: 890 receives a frame at time 95.5229s ++++
Measurement 1/4 complete in 1 second(s).
the 100th message counter  has been visited 4 times  
++++ frame_probe ID: 850 receives a frame at time 95.6073s ++++
INFO: Detected an invalid packet at item 384
INFO: Parser returned #f
++++ frame_probe ID: 860 receives a frame at time 95.648s ++++
++++ frame_probe ID: 1010 receives a frame at time 95.6551s ++++
++++ frame_probe ID: 890 receives a frame at time 95.6762s ++++
the 100th message counter  has been visited 5 times  
++++ frame_probe ID: 850 receives a frame at time 95.7676s ++++
INFO: Detected an invalid packet at item 480
INFO: Parser returned #f
++++ frame_probe ID: 860 receives a frame at time 95.8083s ++++
++++ frame_probe ID: 1010 receives a frame at time 95.8184s ++++
++++ frame_probe ID: 890 receives a frame at time 95.8396s ++++
the 100th message counter  has been visited 6 times  
++++ frame_probe ID: 850 receives a frame at time 95.939s ++++
INFO: Detected an invalid packet at item 576
INFO: Parser returned #f
++++ frame_probe ID: 860 receives a frame at time 95.9796s ++++
++++ frame_probe ID: 1010 receives a frame at time 95.9908s ++++
++++ frame_probe ID: 890 receives a frame at time 96.012s ++++
the 100th message counter  has been visited 7 times  
++++ frame_probe ID: 850 receives a frame at time 96.1203s ++++
INFO: Detected an invalid packet at item 672
INFO: Parser returned #f
++++ frame_probe ID: 860 receives a frame at time 96.161s ++++
++++ frame_probe ID: 1010 receives a frame at time 96.1642s ++++
++++ frame_probe ID: 890 receives a frame at time 96.1853s ++++
the 100th message counter  has been visited 8 times  
++++ frame_probe ID: 850 receives a frame at time 96.2578s ++++
INFO: Detected an invalid packet at item 768
INFO: Parser returned #f
++++ frame_probe ID: 860 receives a frame at time 96.2985s ++++
++++ frame_probe ID: 1010 receives a frame at time 96.3076s ++++
++++ frame_probe ID: 890 receives a frame at time 96.3296s ++++
the 100th message counter  has been visited 9 times  
++++ frame_probe ID: 850 receives a frame at time 96.428s ++++
INFO: Detected an invalid packet at item 864
INFO: Parser returned #f
++++ frame_probe ID: 860 receives a frame at time 96.4687s ++++
++++ frame_probe ID: 1010 receives a frame at time 96.4809s ++++
++++ frame_probe ID: 890 receives a frame at time 96.502s ++++
Measurement 1 raw data directory created /home/inets/0_ba/bachelor_thesis/measurements/debug/data/8/1/.
'/home/inets/source/gr-inets/results/receiver_data_received.txt' -> '/home/inets/0_ba/bachelor_thesis/measurements/debug/data/8/1/receiver_data_received.txt'
'/home/inets/source/gr-inets/results/sender_ack_received.txt' -> '/home/inets/0_ba/bachelor_thesis/measurements/debug/data/8/1/sender_ack_received.txt'
'/home/inets/source/gr-inets/results/sender_bfr_dq.txt' -> '/home/inets/0_ba/bachelor_thesis/measurements/debug/data/8/1/sender_bfr_dq.txt'
'/home/inets/source/gr-inets/results/sender_data_sent.txt' -> '/home/inets/0_ba/bachelor_thesis/measurements/debug/data/8/1/sender_data_sent.txt'
Measurement 1 raw data moved to /home/inets/0_ba/bachelor_thesis/measurements/debug/data/8/1/.

Measurement 2/4 complete in 5 second(s).
linux; GNU C++ version 5.4.0 20160609; Boost_105800; UHD_003.009.005-45-g6768a615
linux; GNU C++ version 5.4.0 20160609; Boost_105800; UHD_003.009.005-45-g6768a615


Using Volk machine: avx_64_mmx
-- Opening a USRP2/N-Series device...
Using Volk machine: avx_64_mmx
-- Opening a USRP2/N-Series device...
-- Current recv frame size: 1472 bytes
-- Current recv frame size: 1472 bytes
-- Current send frame size: 1472 bytes
-- Current send frame size: 1472 bytes
Measurement 2/4 complete in 4 second(s).
the 100th message counter is activated.
the 100th message counter is activated.
protocol = csma two way handshake echo sifs = 1ms echo difs = 5ms echo backoff = 2ms echo nodes = 2 echo timer = 300ms echo repetions = 5 export timer=300 export measurement_repetitions=5 measurement_scripts=( csma_80211_IV.py csma_80211_V.py ) plot_scripts=( rtt_2.py throughput.py ) ################################################# # first specify sender and then receiver output # ################################################# export throughput_data_files="receiver_data_received.txt,sender_ack_received.txt" export rtt_data_files="sender_bfr_dq.txt,sender_ack_received.txt" export rtt_mode="frame_delay" export retxs_data_files="sender_retransmissions.txt,sender_max_retransmissions.txt" export retxs2_data_files="receiver_retransmissions.txt,receiver_max_retransmissions.txt" export plot_type="pdf,cdf,boxplot,bar,line" export show_plot_after_measurement=0
measurement 1/5 complete in 300 second(s).
measurement 1/5 complete in 299 second(s).
measurement 1/5 complete in 298 second(s).
measurement 1/5 complete in 297 second(s).
measurement 1/5 complete in 296 second(s).
