measurement 1/2 complete in 5 second(s).
linux; GNU C++ version 5.4.0 20160609; Boost_105800; UHD_003.009.005-45-g6768a615

linux; GNU C++ version 5.4.0 20160609; Boost_105800; UHD_003.009.005-45-g6768a615

Using Volk machine: avx_64_mmx
-- Opening a USRP2/N-Series device...
Using Volk machine: avx_64_mmx
-- Opening a USRP2/N-Series device...
-- Current recv frame size: 1472 bytes
-- Current send frame size: 1472 bytes
-- Current recv frame size: 1472 bytes
-- Current send frame size: 1472 bytes
measurement 1/2 complete in 4 second(s).
develop mode of resend_check ID: 24 is activated.
develop mode of resend_check ID: 24 is activated.
the 880th message counter is activated.
the 100th message counter is activated.
the 100th message counter is activated.
measurement 1/2 complete in 3 second(s).
node starts running at 64.95
node starts running at 64.9521
++++ frame_probe ID: 1050 receives a frame at time 65.0476s ++++
++++ frame_probe ID: 1060 receives a frame at time 65.0887s ++++
++++ frame_probe ID: 882 receives a frame at time 65.0994s ++++
++++ frame_probe ID: 883 receives a frame at time 65.0995s ++++
++++ frame_probe ID: 884 receives a frame at time 65.0995s ++++
++++ frame_probe ID: 890 receives a frame at time 65.0996s ++++
++++ frame_probe ID: 860 receives a frame at time 65.1149s ++++
++++ frame_probe ID: 882 receives a frame at time 65.1186s ++++
++++ frame_probe ID: 1082 receives a frame at time 65.1259s ++++
++++ frame_probe ID: 1083 receives a frame at time 65.126s ++++
++++ frame_probe ID: 1085 receives a frame at time 65.126s ++++
a data frame with index 0 from node: 3 has been transmitted 1th time
++++ frame_probe ID: 1050 receives a frame at time 65.2237s ++++
++++ frame_probe ID: 1060 receives a frame at time 65.2645s ++++
++++ frame_probe ID: 882 receives a frame at time 65.2719s ++++
++++ frame_probe ID: 883 receives a frame at time 65.2719s ++++
++++ frame_probe ID: 884 receives a frame at time 65.2719s ++++
++++ frame_probe ID: 890 receives a frame at time 65.272s ++++
++++ frame_probe ID: 860 receives a frame at time 65.2872s ++++
++++ frame_probe ID: 882 receives a frame at time 65.291s ++++
++++ frame_probe ID: 1082 receives a frame at time 65.2983s ++++
++++ frame_probe ID: 1083 receives a frame at time 65.2983s ++++
++++ frame_probe ID: 1084 receives a frame at time 65.2983s ++++
counter ID 880 results at time 6565.3 is 1
++++ frame_probe ID: 1090 receives a frame at time 65.2984s ++++
the 100th message counter node3_acked has been visited 1 times  
++++ frame_probe ID: 1050 receives a frame at time 65.3857s ++++
++++ frame_probe ID: 1060 receives a frame at time 65.4269s ++++
++++ frame_probe ID: 882 receives a frame at time 65.435s ++++
++++ frame_probe ID: 883 receives a frame at time 65.435s ++++
++++ frame_probe ID: 884 receives a frame at time 65.4351s ++++
++++ frame_probe ID: 890 receives a frame at time 65.4352s ++++
++++ frame_probe ID: 860 receives a frame at time 65.4506s ++++
++++ frame_probe ID: 882 receives a frame at time 65.4543s ++++
++++ frame_probe ID: 1082 receives a frame at time 65.4615s ++++
++++ frame_probe ID: 1083 receives a frame at time 65.4615s ++++
++++ frame_probe ID: 1084 receives a frame at time 65.4616s ++++
counter ID 880 results at time 6565.46 is 0
++++ frame_probe ID: 1090 receives a frame at time 65.4616s ++++
the 100th message counter node3_acked has been visited 2 times  
++++ frame_probe ID: 1050 receives a frame at time 65.537s ++++
measurement 1/2 complete in 2 second(s).
++++ frame_probe ID: 1060 receives a frame at time 65.5778s ++++
++++ frame_probe ID: 882 receives a frame at time 65.5882s ++++
++++ frame_probe ID: 883 receives a frame at time 65.5883s ++++
++++ frame_probe ID: 884 receives a frame at time 65.5883s ++++
++++ frame_probe ID: 890 receives a frame at time 65.5884s ++++
++++ frame_probe ID: 860 receives a frame at time 65.6035s ++++
++++ frame_probe ID: 882 receives a frame at time 65.6076s ++++
++++ frame_probe ID: 1082 receives a frame at time 65.6148s ++++
++++ frame_probe ID: 1083 receives a frame at time 65.6148s ++++
++++ frame_probe ID: 1084 receives a frame at time 65.6149s ++++
counter ID 880 results at time 6565.61 is 0
++++ frame_probe ID: 1090 receives a frame at time 65.6149s ++++
the 100th message counter node3_acked has been visited 3 times  
++++ frame_probe ID: 1050 receives a frame at time 65.7083s ++++
++++ frame_probe ID: 1060 receives a frame at time 65.7492s ++++
++++ frame_probe ID: 882 receives a frame at time 65.7618s ++++
++++ frame_probe ID: 883 receives a frame at time 65.7618s ++++
++++ frame_probe ID: 884 receives a frame at time 65.7619s ++++
++++ frame_probe ID: 890 receives a frame at time 65.7619s ++++
++++ frame_probe ID: 860 receives a frame at time 65.777s ++++
++++ frame_probe ID: 882 receives a frame at time 65.7809s ++++
++++ frame_probe ID: 1082 receives a frame at time 65.7873s ++++
++++ frame_probe ID: 1083 receives a frame at time 65.7874s ++++
++++ frame_probe ID: 1085 receives a frame at time 65.7874s ++++
a data frame with index 3 from node: 3 has been transmitted 1th time
++++ frame_probe ID: 1050 receives a frame at time 65.884s ++++
++++ frame_probe ID: 1060 receives a frame at time 65.9247s ++++
++++ frame_probe ID: 882 receives a frame at time 65.9341s ++++
++++ frame_probe ID: 883 receives a frame at time 65.9342s ++++
++++ frame_probe ID: 884 receives a frame at time 65.9342s ++++
++++ frame_probe ID: 890 receives a frame at time 65.9343s ++++
++++ frame_probe ID: 860 receives a frame at time 65.9494s ++++
++++ frame_probe ID: 882 receives a frame at time 65.9535s ++++
INFO: Detected an invalid packet at item 160
INFO: Parser returned #f
a data frame with index 3 from node: 3 has been transmitted 2th time
++++ frame_probe ID: 1050 receives a frame at time 66.0595s ++++
++++ frame_probe ID: 1060 receives a frame at time 66.1003s ++++
++++ frame_probe ID: 882 receives a frame at time 66.1066s ++++
++++ frame_probe ID: 883 receives a frame at time 66.1067s ++++
++++ frame_probe ID: 884 receives a frame at time 66.1067s ++++
++++ frame_probe ID: 890 receives a frame at time 66.1067s ++++
++++ frame_probe ID: 860 receives a frame at time 66.122s ++++
++++ frame_probe ID: 882 receives a frame at time 66.1258s ++++
++++ frame_probe ID: 1082 receives a frame at time 66.1331s ++++
++++ frame_probe ID: 1083 receives a frame at time 66.1331s ++++
++++ frame_probe ID: 1085 receives a frame at time 66.1331s ++++
a data frame with index 3 from node: 3 has been transmitted 3th time
++++ frame_probe ID: 1050 receives a frame at time 66.2351s ++++
++++ frame_probe ID: 1060 receives a frame at time 66.276s ++++
++++ frame_probe ID: 882 receives a frame at time 66.2799s ++++
++++ frame_probe ID: 883 receives a frame at time 66.28s ++++
++++ frame_probe ID: 884 receives a frame at time 66.28s ++++
++++ frame_probe ID: 890 receives a frame at time 66.28s ++++
++++ frame_probe ID: 860 receives a frame at time 66.2952s ++++
++++ frame_probe ID: 882 receives a frame at time 66.2993s ++++
INFO: Detected an invalid packet at item 224
INFO: Parser returned #f
a data frame with index 3 from node: 3 has been transmitted 4th time
++++ frame_probe ID: 1050 receives a frame at time 66.4361s ++++
++++ frame_probe ID: 1060 receives a frame at time 66.477s ++++
++++ frame_probe ID: 882 receives a frame at time 66.4813s ++++
++++ frame_probe ID: 883 receives a frame at time 66.4813s ++++
++++ frame_probe ID: 884 receives a frame at time 66.4814s ++++
++++ frame_probe ID: 890 receives a frame at time 66.4814s ++++
++++ frame_probe ID: 860 receives a frame at time 66.4966s ++++
++++ frame_probe ID: 882 receives a frame at time 66.5008s ++++
++++ frame_probe ID: 1082 receives a frame at time 66.508s ++++
++++ frame_probe ID: 1083 receives a frame at time 66.5081s ++++
++++ frame_probe ID: 1085 receives a frame at time 66.5081s ++++
measurement 1/2 complete in 1 second(s).
a data frame with index 3 from node: 3 has been transmitted 5th time
++++ frame_probe ID: 1050 receives a frame at time 66.6418s ++++
++++ frame_probe ID: 1060 receives a frame at time 66.6826s ++++
++++ frame_probe ID: 882 receives a frame at time 66.6918s ++++
++++ frame_probe ID: 883 receives a frame at time 66.6919s ++++
++++ frame_probe ID: 884 receives a frame at time 66.6919s ++++
++++ frame_probe ID: 890 receives a frame at time 66.6919s ++++
++++ frame_probe ID: 860 receives a frame at time 66.7072s ++++
++++ frame_probe ID: 882 receives a frame at time 66.7122s ++++
INFO: Detected an invalid packet at item 288
INFO: Parser returned #f
frame: 3 from node: 3 is dropped because its max retransmission counter is reached. 
counter ID 880 results at time 6566.91 is 5
++++ frame_probe ID: 1050 receives a frame at time 66.9323s ++++
++++ frame_probe ID: 1060 receives a frame at time 66.9731s ++++
++++ frame_probe ID: 882 receives a frame at time 66.9805s ++++
++++ frame_probe ID: 883 receives a frame at time 66.9805s ++++
++++ frame_probe ID: 884 receives a frame at time 66.9806s ++++
++++ frame_probe ID: 890 receives a frame at time 66.9806s ++++
++++ frame_probe ID: 860 receives a frame at time 66.9958s ++++
++++ frame_probe ID: 882 receives a frame at time 66.9999s ++++
++++ frame_probe ID: 1082 receives a frame at time 67.0062s ++++
++++ frame_probe ID: 1083 receives a frame at time 67.0062s ++++
++++ frame_probe ID: 1084 receives a frame at time 67.0062s ++++
counter ID 880 results at time ++++ frame_probe ID: 1090 receives a frame at time 6567.01 is 1
67.0063s ++++
the 100th message counter node3_acked has been visited 4 times  
++++ frame_probe ID: 1050 receives a frame at time 67.0956s ++++
++++ frame_probe ID: 1060 receives a frame at time 67.1363s ++++
++++ frame_probe ID: 882 receives a frame at time 67.1438s ++++
++++ frame_probe ID: 883 receives a frame at time 67.1438s ++++
++++ frame_probe ID: 884 receives a frame at time 67.1439s ++++
++++ frame_probe ID: 890 receives a frame at time 67.1439s ++++
++++ frame_probe ID: 860 receives a frame at time 67.159s ++++
++++ frame_probe ID: 882 receives a frame at time 67.1633s ++++
++++ frame_probe ID: 1082 receives a frame at time 67.1695s ++++
++++ frame_probe ID: 1083 receives a frame at time 67.1695s ++++
++++ frame_probe ID: 1085 receives a frame at time 67.1696s ++++
a data frame with index 5 from node: 3 has been transmitted 1th time
++++ frame_probe ID: 1050 receives a frame at time 67.2714s ++++
++++ frame_probe ID: 1060 receives a frame at time 67.3125s ++++
++++ frame_probe ID: 882 receives a frame at time 67.3161s ++++
++++ frame_probe ID: 883 receives a frame at time 67.3161s ++++
++++ frame_probe ID: 884 receives a frame at time 67.3162s ++++
++++ frame_probe ID: 890 receives a frame at time 67.3163s ++++
++++ frame_probe ID: 860 receives a frame at time 67.3314s ++++
++++ frame_probe ID: 882 receives a frame at time 67.3355s ++++
++++ frame_probe ID: 1082 receives a frame at time 67.3428s ++++
++++ frame_probe ID: 1083 receives a frame at time 67.3429s ++++
++++ frame_probe ID: 1084 receives a frame at time 67.3429s ++++
counter ID 880 results at time 6567.34 is 1
++++ frame_probe ID: 1090 receives a frame at time 67.343s ++++
the 100th message counter node3_acked has been visited 5 times  
++++ frame_probe ID: 1050 receives a frame at time 67.412s ++++
++++ frame_probe ID: 1060 receives a frame at time 67.4528s ++++
++++ frame_probe ID: 882 receives a frame at time 67.4605s ++++
++++ frame_probe ID: 883 receives a frame at time 67.4605s ++++
++++ frame_probe ID: 884 receives a frame at time 67.4606s ++++
++++ frame_probe ID: 890 receives a frame at time 67.4606s ++++
++++ frame_probe ID: 860 receives a frame at time 67.4757s ++++
++++ frame_probe ID: 882 receives a frame at time 67.4798s ++++
++++ frame_probe ID: 1082 receives a frame at time 67.4868s ++++
++++ frame_probe ID: 1083 receives a frame at time 67.4869s ++++
++++ frame_probe ID: 1084 receives a frame at time 67.4869s ++++
counter ID 880 results at time 6567.49 is 0
++++ frame_probe ID: 1090 receives a frame at time 67.4869s ++++
the 100th message counter node3_acked has been visited 6 times  
measurement 1 raw data directory created /home/inets/0_ba/bachelor_thesis/measurements/debug/data/164/1/.
'/home/inets/source/gr-inets/results/receiver_ack_sent.txt' -> '/home/inets/0_ba/bachelor_thesis/measurements/debug/data/164/1/receiver_ack_sent.txt'
'/home/inets/source/gr-inets/results/receiver_data_received.txt' -> '/home/inets/0_ba/bachelor_thesis/measurements/debug/data/164/1/receiver_data_received.txt'
'/home/inets/source/gr-inets/results/receiver_frame_anlyzed.txt' -> '/home/inets/0_ba/bachelor_thesis/measurements/debug/data/164/1/receiver_frame_anlyzed.txt'
'/home/inets/source/gr-inets/results/receiver_frame_checked_good.txt' -> '/home/inets/0_ba/bachelor_thesis/measurements/debug/data/164/1/receiver_frame_checked_good.txt'
'/home/inets/source/gr-inets/results/receiver_frame_received.txt' -> '/home/inets/0_ba/bachelor_thesis/measurements/debug/data/164/1/receiver_frame_received.txt'
'/home/inets/source/gr-inets/results/sender_ack_received.txt' -> '/home/inets/0_ba/bachelor_thesis/measurements/debug/data/164/1/sender_ack_received.txt'
'/home/inets/source/gr-inets/results/sender_bfr_dq.txt' -> '/home/inets/0_ba/bachelor_thesis/measurements/debug/data/164/1/sender_bfr_dq.txt'
'/home/inets/source/gr-inets/results/sender_data_sent.txt' -> '/home/inets/0_ba/bachelor_thesis/measurements/debug/data/164/1/sender_data_sent.txt'
'/home/inets/source/gr-inets/results/sender_frame_anlyzed.txt' -> '/home/inets/0_ba/bachelor_thesis/measurements/debug/data/164/1/sender_frame_anlyzed.txt'
'/home/inets/source/gr-inets/results/sender_frame_checked_bad.txt' -> '/home/inets/0_ba/bachelor_thesis/measurements/debug/data/164/1/sender_frame_checked_bad.txt'
'/home/inets/source/gr-inets/results/sender_frame_checked_good.txt' -> '/home/inets/0_ba/bachelor_thesis/measurements/debug/data/164/1/sender_frame_checked_good.txt'
'/home/inets/source/gr-inets/results/sender_frame_received.txt' -> '/home/inets/0_ba/bachelor_thesis/measurements/debug/data/164/1/sender_frame_received.txt'
'/home/inets/source/gr-inets/results/sender_retransmissions.txt' -> '/home/inets/0_ba/bachelor_thesis/measurements/debug/data/164/1/sender_retransmissions.txt'
measurement 1 raw data moved to /home/inets/0_ba/bachelor_thesis/measurements/debug/data/164/1/.

measurement 2/2 complete in 5 second(s).
linux; GNU C++ version 5.4.0 20160609; Boost_105800; UHD_003.009.005-45-g6768a615
linux; GNU C++ version 5.4.0 20160609; Boost_105800; UHD_003.009.005-45-g6768a615


Using Volk machine: avx_64_mmx
-- Opening a USRP2/N-Series device...
Using Volk machine: avx_64_mmx
-- Opening a USRP2/N-Series device...
-- Current recv frame size: 1472 bytes
-- Current send frame size: 1472 bytes
-- Current recv frame size: 1472 bytes
-- Current send frame size: 1472 bytes
measurement 2/2 complete in 4 second(s).
develop mode of resend_check ID: 24 is activated.
develop mode of resend_check ID: 24 is activated.
the 100th message counter is activated.
the 880th message counter is activated.
the 100th message counter is activated.
measurement 2/2 complete in 3 second(s).
node starts running at 69.9238
node starts running at 69.9433
++++ frame_probe ID: 1050 receives a frame at time 69.9915s ++++
++++ frame_probe ID: 1060 receives a frame at time 70.0325s ++++
++++ frame_probe ID: 882 receives a frame at time 70.0404s ++++
++++ frame_probe ID: 883 receives a frame at time 70.0405s ++++
++++ frame_probe ID: 884 receives a frame at time 70.0405s ++++
++++ frame_probe ID: 890 receives a frame at time 70.0406s ++++
++++ frame_probe ID: 860 receives a frame at time 70.0562s ++++
++++ frame_probe ID: 882 receives a frame at time 70.0595s ++++
++++ frame_probe ID: 1082 receives a frame at time 70.0624s ++++
++++ frame_probe ID: 1083 receives a frame at time 70.0625s ++++
++++ frame_probe ID: 1084 receives a frame at time 70.0625s ++++
counter ID 880 results at time 6570.06 is 0
++++ frame_probe ID: 1090 receives a frame at time 70.0626s ++++
the 100th message counter node3_acked has been visited 1 times  
++++ frame_probe ID: 1050 receives a frame at time 70.172s ++++
++++ frame_probe ID: 1060 receives a frame at time 70.2128s ++++
++++ frame_probe ID: 882 receives a frame at time 70.2224s ++++
++++ frame_probe ID: 883 receives a frame at time 70.2225s ++++
++++ frame_probe ID: 884 receives a frame at time 70.2225s ++++
++++ frame_probe ID: 890 receives a frame at time 70.2226s ++++
++++ frame_probe ID: 860 receives a frame at time 70.2378s ++++
++++ frame_probe ID: 882 receives a frame at time 70.2417s ++++
++++ frame_probe ID: 1082 receives a frame at time 70.2446s ++++
++++ frame_probe ID: 1083 receives a frame at time 70.2446s ++++
++++ frame_probe ID: 1084 receives a frame at time 70.2446s ++++
counter ID 880 results at time ++++ frame_probe ID: 1090 receives a frame at time 6570.24 is 0
70.2447s ++++
the 100th message counter node3_acked has been visited 2 times  
++++ frame_probe ID: 1050 receives a frame at time 70.314s ++++
++++ frame_probe ID: 1060 receives a frame at time 70.3549s ++++
++++ frame_probe ID: 882 receives a frame at time 70.3665s ++++
++++ frame_probe ID: 883 receives a frame at time 70.3666s ++++
++++ frame_probe ID: 884 receives a frame at time 70.3667s ++++
++++ frame_probe ID: 890 receives a frame at time 70.3667s ++++
++++ frame_probe ID: 860 receives a frame at time 70.3819s ++++
++++ frame_probe ID: 882 receives a frame at time 70.386s ++++
++++ frame_probe ID: 1082 receives a frame at time 70.3889s ++++
++++ frame_probe ID: 1083 receives a frame at time 70.389s ++++
++++ frame_probe ID: 1085 receives a frame at time 70.389s ++++
a data frame with index 2 from node: 3 has been transmitted 1th time
++++ frame_probe ID: 1050 receives a frame at time 70.4896s ++++
++++ frame_probe ID: 1060 receives a frame at time 70.5305s ++++
++++ frame_probe ID: 882 receives a frame at time 70.5391s ++++
++++ frame_probe ID: 883 receives a frame at time 70.5391s ++++
++++ frame_probe ID: 884 receives a frame at time 70.5392s ++++
++++ frame_probe ID: 890 receives a frame at time 70.5392s ++++
++++ frame_probe ID: 860 receives a frame at time 70.5544s ++++
++++ frame_probe ID: 882 receives a frame at time 70.5584s ++++
++++ frame_probe ID: 1082 receives a frame at time 70.5614s ++++
++++ frame_probe ID: 1083 receives a frame at time 70.5614s ++++
++++ frame_probe ID: 1085 receives a frame at time 70.5614s ++++
measurement 2/2 complete in 2 second(s).
a data frame with index 2 from node: 3 has been transmitted 2th time
++++ frame_probe ID: 1050 receives a frame at time 70.6653s ++++
++++ frame_probe ID: 1060 receives a frame at time 70.7062s ++++
++++ frame_probe ID: 882 receives a frame at time 70.7115s ++++
++++ frame_probe ID: 883 receives a frame at time 70.7115s ++++
++++ frame_probe ID: 884 receives a frame at time 70.7116s ++++
++++ frame_probe ID: 890 receives a frame at time 70.7116s ++++
++++ frame_probe ID: 860 receives a frame at time 70.7269s ++++
++++ frame_probe ID: 882 receives a frame at time 70.7317s ++++
INFO: Detected an invalid packet at item 128
INFO: Parser returned #f
a data frame with index 2 from node: 3 has been transmitted 3th time
++++ frame_probe ID: 1050 receives a frame at time 70.8665s ++++
++++ frame_probe ID: 1060 receives a frame at time 70.9073s ++++
++++ frame_probe ID: 882 receives a frame at time 70.9138s ++++
++++ frame_probe ID: 883 receives a frame at time 70.9139s ++++
++++ frame_probe ID: 884 receives a frame at time 70.9139s ++++
++++ frame_probe ID: 890 receives a frame at time 70.9139s ++++
++++ frame_probe ID: 860 receives a frame at time 70.9291s ++++
++++ frame_probe ID: 882 receives a frame at time 70.9332s ++++
++++ frame_probe ID: 1082 receives a frame at time 70.9363s ++++
++++ frame_probe ID: 1083 receives a frame at time 70.9363s ++++
++++ frame_probe ID: 1084 receives a frame at time 70.9363s ++++
counter ID 880 results at time ++++ frame_probe ID: 1090 receives a frame at time 6570.94 is 3
70.9364s ++++
the 100th message counter node3_acked has been visited 3 times  
++++ frame_probe ID: 1050 receives a frame at time 71.0338s ++++
++++ frame_probe ID: 1060 receives a frame at time 71.0744s ++++
++++ frame_probe ID: 882 receives a frame at time 71.0862s ++++
++++ frame_probe ID: 883 receives a frame at time 71.0863s ++++
++++ frame_probe ID: 884 receives a frame at time 71.0863s ++++
++++ frame_probe ID: 890 receives a frame at time 71.0864s ++++
++++ frame_probe ID: 860 receives a frame at time 71.1016s ++++
++++ frame_probe ID: 882 receives a frame at time 71.1056s ++++
++++ frame_probe ID: 1082 receives a frame at time 71.1086s ++++
++++ frame_probe ID: 1083 receives a frame at time 71.1087s ++++
++++ frame_probe ID: 1084 receives a frame at time 71.1087s ++++
counter ID 880 results at time ++++ frame_probe ID: 1090 receives a frame at time 6571.11 is 0
71.1088s ++++
the 100th message counter node3_acked has been visited 4 times  
++++ frame_probe ID: 1050 receives a frame at time 71.1962s ++++
++++ frame_probe ID: 1060 receives a frame at time 71.2369s ++++
++++ frame_probe ID: 882 receives a frame at time 71.2395s ++++
++++ frame_probe ID: 883 receives a frame at time 71.2396s ++++
++++ frame_probe ID: 884 receives a frame at time 71.2396s ++++
++++ frame_probe ID: 890 receives a frame at time 71.2396s ++++
++++ frame_probe ID: 860 receives a frame at time 71.2548s ++++
++++ frame_probe ID: 882 receives a frame at time 71.2589s ++++
INFO: Detected an invalid packet at item 224
INFO: Parser returned #f
a data frame with index 4 from node: 3 has been transmitted 1th time
++++ frame_probe ID: 1050 receives a frame at time 71.3715s ++++
++++ frame_probe ID: 1060 receives a frame at time 71.4125s ++++
++++ frame_probe ID: 882 receives a frame at time 71.422s ++++
++++ frame_probe ID: 883 receives a frame at time 71.4221s ++++
++++ frame_probe ID: 884 receives a frame at time 71.4222s ++++
++++ frame_probe ID: 890 receives a frame at time 71.4222s ++++
++++ frame_probe ID: 860 receives a frame at time 71.4373s ++++
++++ frame_probe ID: 882 receives a frame at time 71.4416s ++++
++++ frame_probe ID: 1082 receives a frame at time 71.4443s ++++
++++ frame_probe ID: 1083 receives a frame at time 71.4443s ++++
++++ frame_probe ID: 1084 receives a frame at time 71.4444s ++++
counter ID 880 results at time 6571.44 is 1
++++ frame_probe ID: 1090 receives a frame at time 71.4444s ++++
the 100th message counter node3_acked has been visited 5 times  
++++ frame_probe ID: 1050 receives a frame at time 71.5457s ++++
measurement 2/2 complete in 1 second(s).
++++ frame_probe ID: 1060 receives a frame at time 71.5867s ++++
++++ frame_probe ID: 882 receives a frame at time 71.5955s ++++
++++ frame_probe ID: 883 receives a frame at time 71.5956s ++++
++++ frame_probe ID: 884 receives a frame at time 71.5956s ++++
++++ frame_probe ID: 890 receives a frame at time 71.5956s ++++
++++ frame_probe ID: 860 receives a frame at time 71.6108s ++++
++++ frame_probe ID: 882 receives a frame at time 71.6147s ++++
++++ frame_probe ID: 1082 receives a frame at time 71.6177s ++++
++++ frame_probe ID: 1084 receives a frame at time 71.6178s ++++
++++ frame_probe ID: 1083 receives a frame at time 71.6178s ++++
counter ID 880 results at time 6571.62 is 0
++++ frame_probe ID: 1090 receives a frame at time 71.6178s ++++
the 100th message counter node3_acked has been visited 6 times  
++++ frame_probe ID: 1050 receives a frame at time 71.7193s ++++
++++ frame_probe ID: 1060 receives a frame at time 71.7604s ++++
++++ frame_probe ID: 882 receives a frame at time 71.7677s ++++
++++ frame_probe ID: 883 receives a frame at time 71.7677s ++++
++++ frame_probe ID: 884 receives a frame at time 71.7678s ++++
++++ frame_probe ID: 890 receives a frame at time 71.7678s ++++
++++ frame_probe ID: 860 receives a frame at time 71.7831s ++++
++++ frame_probe ID: 882 receives a frame at time 71.7879s ++++
++++ frame_probe ID: 1082 receives a frame at time 71.79s ++++
++++ frame_probe ID: 1083 receives a frame at time 71.79s ++++
++++ frame_probe ID: 1084 receives a frame at time 71.79s ++++
counter ID 880 results at time ++++ frame_probe ID: 1090 receives a frame at time 6571.79 is 0
71.7901s ++++
the 100th message counter node3_acked has been visited 7 times  
++++ frame_probe ID: 1050 receives a frame at time 71.9015s ++++
++++ frame_probe ID: 1060 receives a frame at time 71.9423s ++++
++++ frame_probe ID: 882 receives a frame at time 71.9502s ++++
++++ frame_probe ID: 883 receives a frame at time 71.9502s ++++
++++ frame_probe ID: 884 receives a frame at time 71.9503s ++++
++++ frame_probe ID: 890 receives a frame at time 71.9504s ++++
++++ frame_probe ID: 860 receives a frame at time 71.9655s ++++
++++ frame_probe ID: 882 receives a frame at time 71.9696s ++++
++++ frame_probe ID: 1082 receives a frame at time 71.9726s ++++
++++ frame_probe ID: 1083 receives a frame at time 71.9727s ++++
++++ frame_probe ID: 1084 receives a frame at time 71.9727s ++++
counter ID 880 results at time 6571.97 is 0
++++ frame_probe ID: 1090 receives a frame at time 71.9728s ++++
the 100th message counter node3_acked has been visited 8 times  
++++ frame_probe ID: 1050 receives a frame at time 72.0511s ++++
++++ frame_probe ID: 1060 receives a frame at time 72.0921s ++++
++++ frame_probe ID: 882 receives a frame at time 72.1038s ++++
++++ frame_probe ID: ++++ frame_probe ID: 883 receives a frame at time 884 receives a frame at time 72.1038s ++++
72.1038s ++++
++++ frame_probe ID: 890 receives a frame at time 72.1039s ++++
++++ frame_probe ID: 860 receives a frame at time 72.1192s ++++
++++ frame_probe ID: 882 receives a frame at time 72.123s ++++
++++ frame_probe ID: 1082 receives a frame at time 72.126s ++++
++++ frame_probe ID: 1083 receives a frame at time 72.126s ++++
++++ frame_probe ID: 1084 receives a frame at time 72.1261s ++++
counter ID 880 results at time 6572.13 is 0
++++ frame_probe ID: 1090 receives a frame at time 72.1262s ++++
the 100th message counter node3_acked has been visited 9 times  
++++ frame_probe ID: 1050 receives a frame at time 72.2335s ++++
++++ frame_probe ID: 1060 receives a frame at time 72.2743s ++++
++++ frame_probe ID: 882 receives a frame at time 72.286s ++++
++++ frame_probe ID: 883 receives a frame at time ++++ frame_probe ID: 72.2861s ++++
884 receives a frame at time 72.2861s ++++
++++ frame_probe ID: 890 receives a frame at time 72.2862s ++++
++++ frame_probe ID: 860 receives a frame at time 72.3013s ++++
++++ frame_probe ID: 882 receives a frame at time 72.3054s ++++
INFO: Detected an invalid packet at item 416
INFO: Parser returned #f
a data frame with index 9 from node: 3 has been transmitted 1th time
++++ frame_probe ID: 1050 receives a frame at time 72.4097s ++++
++++ frame_probe ID: 1060 receives a frame at time 72.4505s ++++
++++ frame_probe ID: 882 receives a frame at time 72.4593s ++++
++++ frame_probe ID: 883 receives a frame at time 72.4594s ++++
++++ frame_probe ID: 884 receives a frame at time 72.4594s ++++
++++ frame_probe ID: 890 receives a frame at time 72.4594s ++++
++++ frame_probe ID: 860 receives a frame at time 72.4746s ++++
++++ frame_probe ID: 882 receives a frame at time 72.4786s ++++
++++ frame_probe ID: 1082 receives a frame at time 72.4816s ++++
++++ frame_probe ID: 1083 receives a frame at time 72.4817s ++++
++++ frame_probe ID: 1084 receives a frame at time 72.4817s ++++
counter ID 880 results at time ++++ frame_probe ID: 1090 receives a frame at time 6572.48 is 1
72.4817s ++++
the 100th message counter node3_acked has been visited 10 times  
measurement 2 raw data directory created /home/inets/0_ba/bachelor_thesis/measurements/debug/data/164/2/.
'/home/inets/source/gr-inets/results/receiver_ack_sent.txt' -> '/home/inets/0_ba/bachelor_thesis/measurements/debug/data/164/2/receiver_ack_sent.txt'
'/home/inets/source/gr-inets/results/receiver_data_received.txt' -> '/home/inets/0_ba/bachelor_thesis/measurements/debug/data/164/2/receiver_data_received.txt'
'/home/inets/source/gr-inets/results/receiver_frame_anlyzed.txt' -> '/home/inets/0_ba/bachelor_thesis/measurements/debug/data/164/2/receiver_frame_anlyzed.txt'
'/home/inets/source/gr-inets/results/receiver_frame_checked_good.txt' -> '/home/inets/0_ba/bachelor_thesis/measurements/debug/data/164/2/receiver_frame_checked_good.txt'
'/home/inets/source/gr-inets/results/receiver_frame_received.txt' -> '/home/inets/0_ba/bachelor_thesis/measurements/debug/data/164/2/receiver_frame_received.txt'
'/home/inets/source/gr-inets/results/sender_ack_received.txt' -> '/home/inets/0_ba/bachelor_thesis/measurements/debug/data/164/2/sender_ack_received.txt'
'/home/inets/source/gr-inets/results/sender_bfr_dq.txt' -> '/home/inets/0_ba/bachelor_thesis/measurements/debug/data/164/2/sender_bfr_dq.txt'
'/home/inets/source/gr-inets/results/sender_data_sent.txt' -> '/home/inets/0_ba/bachelor_thesis/measurements/debug/data/164/2/sender_data_sent.txt'
'/home/inets/source/gr-inets/results/sender_frame_anlyzed.txt' -> '/home/inets/0_ba/bachelor_thesis/measurements/debug/data/164/2/sender_frame_anlyzed.txt'
'/home/inets/source/gr-inets/results/sender_frame_checked_bad.txt' -> '/home/inets/0_ba/bachelor_thesis/measurements/debug/data/164/2/sender_frame_checked_bad.txt'
'/home/inets/source/gr-inets/results/sender_frame_checked_good.txt' -> '/home/inets/0_ba/bachelor_thesis/measurements/debug/data/164/2/sender_frame_checked_good.txt'
'/home/inets/source/gr-inets/results/sender_frame_received.txt' -> '/home/inets/0_ba/bachelor_thesis/measurements/debug/data/164/2/sender_frame_received.txt'
'/home/inets/source/gr-inets/results/sender_retransmissions.txt' -> '/home/inets/0_ba/bachelor_thesis/measurements/debug/data/164/2/sender_retransmissions.txt'
measurement 2 raw data moved to /home/inets/0_ba/bachelor_thesis/measurements/debug/data/164/2/.

now processing results...
plotting python should be: python3 (ubuntu).
Hello from rtt.py!
hello from variables.py!
data_sent: 1500396565.047624
data_sent: 1500396565.223702
data_sent: 1500396565.385740
data_sent: 1500396565.536999
data_sent: 1500396565.708331
data_sent: 1500396565.883988
data_sent: 1500396566.059483
data_sent: 1500396566.235145
data_sent: 1500396566.436080
data_sent: 1500396566.641834
data_sent: 1500396566.932262
data_sent: 1500396567.095631
data_sent: 1500396567.271439
data_sent: 1500396567.411995
ack_received: 1500396565.298391
ack_received: 1500396565.461614
ack_received: 1500396565.614905
ack_received: 1500396567.006288
ack_received: 1500396567.342985
ack_received: 1500396567.486941
retx: [1, 0, 0, 5, 1, 1, 0]
Last data frame wasnt acked (max tries).                         Termintating calculation here.

The resulting RTTs of this single measurement are:
[0.07587, 0.07791]



The resulting mean RTT of this single measurement is:
0.07689


abs. packet loss: 8.0
packet loss in %: 57.14%
data_sent: 1500396569.991456
data_sent: 1500396570.172009
data_sent: 1500396570.314037
data_sent: 1500396570.489626
data_sent: 1500396570.665293
data_sent: 1500396570.866522
data_sent: 1500396571.033770
data_sent: 1500396571.196213
data_sent: 1500396571.371461
data_sent: 1500396571.545684
data_sent: 1500396571.719262
data_sent: 1500396571.901479
data_sent: 1500396572.051120
data_sent: 1500396572.233502
data_sent: 1500396572.409702
ack_received: 1500396570.062582
ack_received: 1500396570.244683
ack_received: 1500396570.936398
ack_received: 1500396571.108752
ack_received: 1500396571.444415
ack_received: 1500396571.617835
ack_received: 1500396571.790080
ack_received: 1500396571.972795
ack_received: 1500396572.126177
ack_received: 1500396572.481732
retx: [0, 0, 3, 0, 1, 0, 0, 0, 0, 1]

The resulting RTTs of this single measurement are:
[0.07113, 0.07267, 0.07498, 0.07215, 0.07082, 0.07132, 0.07506]



The resulting mean RTT of this single measurement is:
0.07259


abs. packet loss: 5.0
packet loss in %: 33.33%
[ 0.07689  0.07259]
Hello from myplot.py!
I will print a pdf for you now!
Hello from myplot.py!
I will print a pdf for you now!
Hello from myplot.py!
I will print a pdf for you now!
Hello from myplot.py!
I will print a cdf for you now!
<a list of 1 Patch objects>
Hello from myplot.py!
I will print a cdf for you now!
<a list of 1 Patch objects>
Hello from myplot.py!
I will print a cdf for you now!
<a list of 1 Patch objects>
Hello from myplot.py!
I will print a boxplot for you now!
Hello from myplot.py!
I will print a boxplot for you now!
Hello from myplot.py!
I will print a boxplot for you now!
Hello from myplot.py!
I will print a bar for you now!
Hello from myplot.py!
I will print a bar for you now!
Hello from myplot.py!
I will print a bar for you now!
Hello from myplot.py!
I will print a line for you now!
Hello from myplot.py!
I will print a line for you now!
Hello from myplot.py!
I will print a line for you now!
Hello from throughput.py!
hello from variables.py!
ackcount: 6
datacount: 14
ackcount: 10
datacount: 15
[  6000.  10000.]
Hello from myplot.py!
I will print a pdf for you now!
Hello from myplot.py!
I will print a cdf for you now!
<a list of 1 Patch objects>
Hello from myplot.py!
I will print a boxplot for you now!
Hello from myplot.py!
I will print a bar for you now!
Hello from myplot.py!
I will print a line for you now!

+--------------------------------------------------------------+
| plotting completed. until the next measurement session then! |
+--------------------------------------------------------------+
