Measurement 1/1 complete in 4 second(s).
linux; GNU C++ version 5.4.0 20160609; Boost_105800; UHD_003.009.005-45-g6768a615
linux; GNU C++ version 5.4.0 20160609; Boost_105800; UHD_003.009.005-45-g6768a615


Using Volk machine: avx_64_mmx
-- Opening a USRP2/N-Series device...
Using Volk machine: avx_64_mmx
-- Opening a USRP2/N-Series device...
-- Current recv frame size: 1472 bytes
-- Current send frame size: 1472 bytes
-- Current recv frame size: 1472 bytes
-- Current send frame size: 1472 bytes
Measurement 1/1 complete in 3 second(s).
the 100th message counter is activated.
the 880th message counter is activated.
the 100th message counter is activated.
Measurement 1/1 complete in 2 second(s).
node starts running at 72.5936
node starts running at 72.5977
++++ frame_probe ID: 850 receives a frame at time 72.8193s ++++
++++ frame_probe ID: 860 receives a frame at time 72.8602s ++++
INFO: Detected an invalid packet at item 0
INFO: Parser returned #f
++++ frame_probe ID: 1010 receives a frame at time 72.8721s ++++
INFO: Detected an invalid packet at item 32
INFO: Parser returned #f
++++ frame_probe ID: 882 receives a frame at time 72.8986s ++++
++++ frame_probe ID: 883 receives a frame at time 72.8986s ++++
++++ frame_probe ID: 890 receives a frame at time 72.8986s ++++
the 100th message counter  has been visited 1 times  
++++ frame_probe ID: 850 receives a frame at time 72.9709s ++++
++++ frame_probe ID: 860 receives a frame at time 73.0117s ++++
++++ frame_probe ID: 1010 receives a frame at time 73.0154s ++++
INFO: Detected an invalid packet at item 96
INFO: Parser returned #f
++++ frame_probe ID: 882 receives a frame at time 73.0423s ++++
++++ frame_probe ID: 883 receives a frame at time 73.0423s ++++
++++ frame_probe ID: 890 receives a frame at time 73.0424s ++++
the 100th message counter  has been visited 2 times  
++++ frame_probe ID: 850 receives a frame at time 73.1537s ++++
Measurement 1/1 complete in 1 second(s).
++++ frame_probe ID: 860 receives a frame at time 73.1945s ++++
++++ frame_probe ID: 1010 receives a frame at time 73.198s ++++
INFO: Detected an invalid packet at item 160
INFO: Parser returned #f
++++ frame_probe ID: 882 receives a frame at time 73.2242s ++++
++++ frame_probe ID: 883 receives a frame at time 73.2242s ++++
++++ frame_probe ID: 890 receives a frame at time 73.2243s ++++
the 100th message counter  has been visited 3 times  
++++ frame_probe ID: 850 receives a frame at time 73.3117s ++++
++++ frame_probe ID: 860 receives a frame at time 73.3527s ++++
++++ frame_probe ID: 1010 receives a frame at time 73.3608s ++++
INFO: Detected an invalid packet at item 224
INFO: Parser returned #f
++++ frame_probe ID: 882 receives a frame at time 73.3876s ++++
++++ frame_probe ID: 883 receives a frame at time 73.3876s ++++
++++ frame_probe ID: 890 receives a frame at time 73.3877s ++++
the 100th message counter  has been visited 4 times  
++++ frame_probe ID: 850 receives a frame at time 73.5053s ++++
++++ frame_probe ID: 860 receives a frame at time 73.546s ++++
++++ frame_probe ID: 1010 receives a frame at time 73.5535s ++++
INFO: Detected an invalid packet at item 288
INFO: Parser returned #f
++++ frame_probe ID: 882 receives a frame at time 73.5792s ++++
++++ frame_probe ID: 883 receives a frame at time 73.5793s ++++
++++ frame_probe ID: 890 receives a frame at time 73.5793s ++++
the 100th message counter  has been visited 5 times  
++++ frame_probe ID: 850 receives a frame at time 73.6797s ++++
++++ frame_probe ID: 860 receives a frame at time 73.7208s ++++
++++ frame_probe ID: 1010 receives a frame at time 73.7261s ++++
INFO: Detected an invalid packet at item 352
INFO: Parser returned #f
++++ frame_probe ID: 882 receives a frame at time 73.7516s ++++
++++ frame_probe ID: 883 receives a frame at time 73.7517s ++++
++++ frame_probe ID: 890 receives a frame at time 73.7517s ++++
the 100th message counter  has been visited 6 times  
++++ frame_probe ID: 850 receives a frame at time 73.8301s ++++
++++ frame_probe ID: 860 receives a frame at time 73.8708s ++++
++++ frame_probe ID: 1010 receives a frame at time 73.88s ++++
INFO: Detected an invalid packet at item 416
INFO: Parser returned #f
++++ frame_probe ID: 882 receives a frame at time 73.905s ++++
++++ frame_probe ID: 883 receives a frame at time 73.9051s ++++
++++ frame_probe ID: 890 receives a frame at time 73.9051s ++++
the 100th message counter  has been visited 7 times  
++++ frame_probe ID: 850 receives a frame at time 74.0074s ++++
++++ frame_probe ID: 860 receives a frame at time 74.0484s ++++
++++ frame_probe ID: 1010 receives a frame at time 74.0526s ++++
++++ frame_probe ID: 882 receives a frame at time 74.0783s ++++
++++ frame_probe ID: 883 receives a frame at time 74.0783s ++++
++++ frame_probe ID: 890 receives a frame at time 74.0784s ++++
the 100th message counter  has been visited 8 times  
++++ frame_probe ID: 850 receives a frame at time 74.1878s ++++
Measurement 1 raw data directory created /home/inets/0_ba/bachelor_thesis/measurements/debug/data/90/1/.
'/home/inets/source/gr-inets/results/receiver_data_received.txt' -> '/home/inets/0_ba/bachelor_thesis/measurements/debug/data/90/1/receiver_data_received.txt'
'/home/inets/source/gr-inets/results/sender_ack_received.txt' -> '/home/inets/0_ba/bachelor_thesis/measurements/debug/data/90/1/sender_ack_received.txt'
'/home/inets/source/gr-inets/results/sender_bfr_dq.txt' -> '/home/inets/0_ba/bachelor_thesis/measurements/debug/data/90/1/sender_bfr_dq.txt'
'/home/inets/source/gr-inets/results/sender_data_sent.txt' -> '/home/inets/0_ba/bachelor_thesis/measurements/debug/data/90/1/sender_data_sent.txt'
Measurement 1 raw data moved to /home/inets/0_ba/bachelor_thesis/measurements/debug/data/90/1/.

Now processing results...
Plotting Python should be: python3 (UBUNTU).
Hello from rtt.py!
Hello from variables.py!
Hello from throughput.py!
Hello from variables.py!
[ 8000.]

+--------------------------------------------------------------+
| Plotting completed. Until the next measurement session then! |
+--------------------------------------------------------------+
