measurement 1/2 complete in 5 second(s).
linux; GNU C++ version 5.4.0 20160609; Boost_105800; UHD_003.009.005-45-g6768a615

linux; GNU C++ version 5.4.0 20160609; Boost_105800; UHD_003.009.005-45-g6768a615

Using Volk machine: avx_64_mmx
-- Opening a USRP2/N-Series device...
Using Volk machine: avx_64_mmx
-- Opening a USRP2/N-Series device...
-- Current recv frame size: 1472 bytes
-- Current send frame size: 1472 bytes
-- Current recv frame size: 1472 bytes
-- Current send frame size: 1472 bytes
measurement 1/2 complete in 4 second(s).
develop mode of resend_check ID: 24 is activated.
develop mode of resend_check ID: 24 is activated.
the 100th message counter is activated.
the 880th message counter is activated.
the 100th message counter is activated.
measurement 1/2 complete in 3 second(s).
node starts running at 41.1947
node starts running at 41.2114
++++ frame_probe ID: 1050 receives a frame at time 41.2403s ++++
++++ frame_probe ID: 1060 receives a frame at time 41.2809s ++++
++++ frame_probe ID: 882 receives a frame at time 41.2901s ++++
++++ frame_probe ID: 883 receives a frame at time 41.2902s ++++
++++ frame_probe ID: 884 receives a frame at time 41.2902s ++++
++++ frame_probe ID: 890 receives a frame at time 41.2902s ++++
++++ frame_probe ID: 860 receives a frame at time 41.3052s ++++
++++ frame_probe ID: 882 receives a frame at time 41.3094s ++++
INFO: Detected an invalid packet at item 0
INFO: Parser returned #f
a data frame with index 0 from node: 3 has been transmitted 1th time
++++ frame_probe ID: 1050 receives a frame at time 41.4107s ++++
++++ frame_probe ID: 1060 receives a frame at time 41.4512s ++++
++++ frame_probe ID: 882 receives a frame at time 41.4626s ++++
++++ frame_probe ID: 883 receives a frame at time 41.4626s ++++
++++ frame_probe ID: 884 receives a frame at time 41.4626s ++++
++++ frame_probe ID: 890 receives a frame at time 41.4627s ++++
++++ frame_probe ID: 860 receives a frame at time 41.4777s ++++
++++ frame_probe ID: 882 receives a frame at time 41.4818s ++++
++++ frame_probe ID: ++++ frame_probe ID: 10831082 receives a frame at time  receives a frame at time 41.4883s ++++
41.4883s ++++
counter ID 880 results at time ++++ frame_probe ID: 1084 receives a frame at time 7041.49 is 1
41.4884s ++++
++++ frame_probe ID: 1090 receives a frame at time 41.4884s ++++
the 100th message counter node3_acked has been visited 1 times  
++++ frame_probe ID: 1050 receives a frame at time 41.5728s ++++
++++ frame_probe ID: 1060 receives a frame at time 41.6133s ++++
++++ frame_probe ID: 882 receives a frame at time 41.6159s ++++
++++ frame_probe ID: 883 receives a frame at time 41.616s ++++
++++ frame_probe ID: 884 receives a frame at time 41.616s ++++
++++ frame_probe ID: 890 receives a frame at time 41.616s ++++
++++ frame_probe ID: 860 receives a frame at time 41.631s ++++
++++ frame_probe ID: 882 receives a frame at time 41.6361s ++++
++++ frame_probe ID: 1082 receives a frame at time 41.6417s ++++
++++ frame_probe ID: 1085 receives a frame at time 41.6417s ++++
++++ frame_probe ID: 1083 receives a frame at time 41.6418s ++++
a data frame with index 1 from node: 3 has been transmitted 1th time
++++ frame_probe ID: 1050 receives a frame at time 41.7476s ++++
measurement 1/2 complete in 2 second(s).
++++ frame_probe ID: 1060 receives a frame at time 41.7882s ++++
++++ frame_probe ID: 882 receives a frame at time 41.7983s ++++
++++ frame_probe ID: 883 receives a frame at time 41.7984s ++++
++++ frame_probe ID: 884 receives a frame at time 41.7984s ++++
++++ frame_probe ID: 890 receives a frame at time 41.7984s ++++
++++ frame_probe ID: 860 receives a frame at time 41.8134s ++++
++++ frame_probe ID: 882 receives a frame at time 41.8185s ++++
++++ frame_probe ID: 1082 receives a frame at time 41.8241s ++++
++++ frame_probe ID: ++++ frame_probe ID: 1083 receives a frame at time 1084 receives a frame at time 41.8241s ++++
41.8241s ++++
counter ID 880 results at time ++++ frame_probe ID: 1090 receives a frame at time 7041.82 is 1
41.8242s ++++
the 100th message counter node3_acked has been visited 2 times  
++++ frame_probe ID: 1050 receives a frame at time 41.9225s ++++
++++ frame_probe ID: 1060 receives a frame at time 41.963s ++++
++++ frame_probe ID: 882 receives a frame at time 41.9716s ++++
++++ frame_probe ID: 883 receives a frame at time 41.9717s ++++
++++ frame_probe ID: 884 receives a frame at time 41.9717s ++++
++++ frame_probe ID: 890 receives a frame at time 41.9718s ++++
++++ frame_probe ID: 860 receives a frame at time 41.9867s ++++
++++ frame_probe ID: 882 receives a frame at time 41.9909s ++++
++++ frame_probe ID: 1082 receives a frame at time 41.9974s ++++
++++ frame_probe ID: 1083 receives a frame at time 41.9974s ++++
++++ frame_probe ID: 1084 receives a frame at time 41.9974s ++++
++++ frame_probe ID: 1090 receives a frame at time 41.9975s ++++
counter ID 880 results at time 7042 is 0
the 100th message counter node3_acked has been visited 3 times  
++++ frame_probe ID: 1050 receives a frame at time 42.1087s ++++
++++ frame_probe ID: 1060 receives a frame at time 42.1492s ++++
++++ frame_probe ID: 882 receives a frame at time 42.1541s ++++
++++ frame_probe ID: 883 receives a frame at time 42.1541s ++++
++++ frame_probe ID: 884 receives a frame at time 42.1541s ++++
++++ frame_probe ID: 890 receives a frame at time 42.1542s ++++
++++ frame_probe ID: 860 receives a frame at time 42.1691s ++++
++++ frame_probe ID: 882 receives a frame at time 42.1733s ++++
INFO: Detected an invalid packet at item 160
INFO: Parser returned #f
a data frame with index 3 from node: 3 has been transmitted 1th time
++++ frame_probe ID: 1050 receives a frame at time 42.2788s ++++
++++ frame_probe ID: 1060 receives a frame at time 42.3194s ++++
++++ frame_probe ID: 882 receives a frame at time 42.3265s ++++
++++ frame_probe ID: 883 receives a frame at time 42.3265s ++++
++++ frame_probe ID: 884 receives a frame at time 42.3266s ++++
++++ frame_probe ID: 890 receives a frame at time 42.3266s ++++
++++ frame_probe ID: 860 receives a frame at time 42.3416s ++++
++++ frame_probe ID: 882 receives a frame at time 42.3458s ++++
++++ frame_probe ID: 1083 receives a frame at time ++++ frame_probe ID: 1082 receives a frame at time 42.352342.3523s ++++s ++++

++++ frame_probe ID: 1085 receives a frame at time 42.3524s ++++
a data frame with index 3 from node: 3 has been transmitted 2th time
++++ frame_probe ID: 1050 receives a frame at time 42.464s ++++
++++ frame_probe ID: 1060 receives a frame at time 42.5046s ++++
++++ frame_probe ID: 882 receives a frame at time 42.5089s ++++
++++ frame_probe ID: 883 receives a frame at time 42.5089s ++++
++++ frame_probe ID: 884 receives a frame at time 42.509s ++++
++++ frame_probe ID: 890 receives a frame at time 42.509s ++++
++++ frame_probe ID: 860 receives a frame at time 42.524s ++++
++++ frame_probe ID: 882 receives a frame at time 42.5282s ++++
++++ frame_probe ID: 1082 receives a frame at time 42.5346s ++++
++++ frame_probe ID: 1083 receives a frame at time 42.5347s ++++
++++ frame_probe ID: 1085 receives a frame at time 42.5347s ++++
a data frame with index 3 from node: 3 has been transmitted 3th time
++++ frame_probe ID: 1050 receives a frame at time 42.6492s ++++
++++ frame_probe ID: 1060 receives a frame at time 42.6897s ++++
++++ frame_probe ID: 882 receives a frame at time 42.7013s ++++
++++ frame_probe ID: 883 receives a frame at time 42.7013s ++++
++++ frame_probe ID: 884 receives a frame at time 42.7013s ++++
++++ frame_probe ID: 890 receives a frame at time 42.7013s ++++
++++ frame_probe ID: 860 receives a frame at time 42.7162s ++++
++++ frame_probe ID: 882 receives a frame at time 42.7208s ++++
++++ frame_probe ID: 1082 receives a frame at time 42.7264s ++++
++++ frame_probe ID: 1083 receives a frame at time 42.7264s ++++
++++ frame_probe ID: 1085 receives a frame at time 42.7264s ++++
measurement 1/2 complete in 1 second(s).
a data frame with index 3 from node: 3 has been transmitted 4th time
++++ frame_probe ID: 1050 receives a frame at time 42.8351s ++++
++++ frame_probe ID: 1060 receives a frame at time 42.8756s ++++
++++ frame_probe ID: 882 receives a frame at time 42.8837s ++++
++++ frame_probe ID: 883 receives a frame at time 42.8838s ++++
++++ frame_probe ID: 884 receives a frame at time 42.8838s ++++
++++ frame_probe ID: 890 receives a frame at time 42.8838s ++++
++++ frame_probe ID: 860 receives a frame at time 42.8988s ++++
++++ frame_probe ID: 882 receives a frame at time 42.903s ++++
++++ frame_probe ID: 1082 receives a frame at time 42.9086s ++++
++++ frame_probe ID: 1083 receives a frame at time 42.9086s ++++
++++ frame_probe ID: 1084 receives a frame at time 42.9086s ++++
counter ID 880 results at time 7042.91 is 4
++++ frame_probe ID: 1090 receives a frame at time 42.9087s ++++
the 100th message counter node3_acked has been visited 4 times  
++++ frame_probe ID: 1050 receives a frame at time 43.024s ++++
++++ frame_probe ID: 1060 receives a frame at time 43.0645s ++++
++++ frame_probe ID: 882 receives a frame at time 43.0756s ++++
++++ frame_probe ID: 883 receives a frame at time 43.0756s ++++
++++ frame_probe ID: 884 receives a frame at time 43.0757s ++++
++++ frame_probe ID: 890 receives a frame at time 43.0757s ++++
++++ frame_probe ID: 860 receives a frame at time 43.0908s ++++
++++ frame_probe ID: 882 receives a frame at time 43.0958s ++++
++++ frame_probe ID: 1082 receives a frame at time 43.1014s ++++
++++ frame_probe ID: 1083 receives a frame at time 43.1014s ++++
++++ frame_probe ID: 1084 receives a frame at time 43.1014s ++++
counter ID 880 results at time 7043.1 is 0
++++ frame_probe ID: 1090 receives a frame at time 43.1015s ++++
the 100th message counter node3_acked has been visited 5 times  
++++ frame_probe ID: 1050 receives a frame at time 43.201s ++++
++++ frame_probe ID: 1060 receives a frame at time 43.2417s ++++
++++ frame_probe ID: 882 receives a frame at time 43.2488s ++++
++++ frame_probe ID: 883 receives a frame at time 43.2488s ++++
++++ frame_probe ID: 884 receives a frame at time 43.2489s ++++
++++ frame_probe ID: 890 receives a frame at time 43.2489s ++++
++++ frame_probe ID: 860 receives a frame at time 43.264s ++++
++++ frame_probe ID: 882 receives a frame at time 43.2682s ++++
++++ frame_probe ID: 1082 receives a frame at time 43.2737s ++++
++++ frame_probe ID: 1083 receives a frame at time 43.2737s ++++
++++ frame_probe ID: 1084 receives a frame at time 43.2737s ++++
counter ID 880 results at time ++++ frame_probe ID: 10907043.27 receives a frame at time  is 0
43.2738s ++++
the 100th message counter node3_acked has been visited 6 times  
++++ frame_probe ID: 1050 receives a frame at time 43.3602s ++++
++++ frame_probe ID: 1060 receives a frame at time 43.4015s ++++
++++ frame_probe ID: 882 receives a frame at time 43.4125s ++++
++++ frame_probe ID: 883 receives a frame at time 43.4125s ++++
++++ frame_probe ID: 884 receives a frame at time 43.4126s ++++
++++ frame_probe ID: 890 receives a frame at time 43.4126s ++++
++++ frame_probe ID: 860 receives a frame at time 43.4278s ++++
++++ frame_probe ID: 882 receives a frame at time 43.4319s ++++
++++ frame_probe ID: 1082 receives a frame at time 43.4374s ++++
++++ frame_probe ID: 1083 receives a frame at time 43.4374s ++++
++++ frame_probe ID: 1084 receives a frame at time 43.4374s ++++
counter ID 880 results at time ++++ frame_probe ID: 7043.441090 receives a frame at time  is 0
43.4375s ++++
the 100th message counter node3_acked has been visited 7 times  
++++ frame_probe ID: 1050 receives a frame at time 43.5252s ++++
++++ frame_probe ID: 1060 receives a frame at time 43.566s ++++
++++ frame_probe ID: 882 receives a frame at time 43.5747s ++++
++++ frame_probe ID: 883 receives a frame at time 43.5748s ++++
++++ frame_probe ID: 884 receives a frame at time 43.5749s ++++
++++ frame_probe ID: 890 receives a frame at time 43.5749s ++++
++++ frame_probe ID: 860 receives a frame at time 43.59s ++++
++++ frame_probe ID: 882 receives a frame at time 43.595s ++++
++++ frame_probe ID: 1082 receives a frame at time 43.6006s ++++
++++ frame_probe ID: 1083 receives a frame at time 43.6006s ++++
++++ frame_probe ID: 1084 receives a frame at time 43.6006s ++++
counter ID 880 results at time ++++ frame_probe ID: 7043.6 is 10900 receives a frame at time 
43.6007s ++++
the 100th message counter node3_acked has been visited 8 times  
++++ frame_probe ID: 1050 receives a frame at time 43.708s ++++
++++ frame_probe ID: 1060 receives a frame at time 43.7489s ++++
++++ frame_probe ID: 882 receives a frame at time 43.7573s ++++
++++ frame_probe ID: 883 receives a frame at time 43.7573s ++++
++++ frame_probe ID: 884 receives a frame at time 43.7574s ++++
++++ frame_probe ID: 890 receives a frame at time 43.7574s ++++
measurement 1 raw data directory created /home/inets/0_ba/bachelor_thesis/measurements/debug/data/167/1/.
'/home/inets/source/gr-inets/results/receiver_ack_sent.txt' -> '/home/inets/0_ba/bachelor_thesis/measurements/debug/data/167/1/receiver_ack_sent.txt'
'/home/inets/source/gr-inets/results/receiver_data_received.txt' -> '/home/inets/0_ba/bachelor_thesis/measurements/debug/data/167/1/receiver_data_received.txt'
'/home/inets/source/gr-inets/results/receiver_frame_anlyzed.txt' -> '/home/inets/0_ba/bachelor_thesis/measurements/debug/data/167/1/receiver_frame_anlyzed.txt'
'/home/inets/source/gr-inets/results/receiver_frame_checked_good.txt' -> '/home/inets/0_ba/bachelor_thesis/measurements/debug/data/167/1/receiver_frame_checked_good.txt'
'/home/inets/source/gr-inets/results/receiver_frame_received.txt' -> '/home/inets/0_ba/bachelor_thesis/measurements/debug/data/167/1/receiver_frame_received.txt'
'/home/inets/source/gr-inets/results/sender_ack_received.txt' -> '/home/inets/0_ba/bachelor_thesis/measurements/debug/data/167/1/sender_ack_received.txt'
'/home/inets/source/gr-inets/results/sender_bfr_dq.txt' -> '/home/inets/0_ba/bachelor_thesis/measurements/debug/data/167/1/sender_bfr_dq.txt'
'/home/inets/source/gr-inets/results/sender_data_sent.txt' -> '/home/inets/0_ba/bachelor_thesis/measurements/debug/data/167/1/sender_data_sent.txt'
'/home/inets/source/gr-inets/results/sender_frame_anlyzed.txt' -> '/home/inets/0_ba/bachelor_thesis/measurements/debug/data/167/1/sender_frame_anlyzed.txt'
'/home/inets/source/gr-inets/results/sender_frame_checked_bad.txt' -> '/home/inets/0_ba/bachelor_thesis/measurements/debug/data/167/1/sender_frame_checked_bad.txt'
'/home/inets/source/gr-inets/results/sender_frame_checked_good.txt' -> '/home/inets/0_ba/bachelor_thesis/measurements/debug/data/167/1/sender_frame_checked_good.txt'
'/home/inets/source/gr-inets/results/sender_frame_received.txt' -> '/home/inets/0_ba/bachelor_thesis/measurements/debug/data/167/1/sender_frame_received.txt'
'/home/inets/source/gr-inets/results/sender_retransmissions.txt' -> '/home/inets/0_ba/bachelor_thesis/measurements/debug/data/167/1/sender_retransmissions.txt'
measurement 1 raw data moved to /home/inets/0_ba/bachelor_thesis/measurements/debug/data/167/1/.

measurement 2/2 complete in 5 second(s).
linux; GNU C++ version 5.4.0 20160609; Boost_105800; UHD_003.009.005-45-g6768a615
linux; GNU C++ version 5.4.0 20160609; Boost_105800; UHD_003.009.005-45-g6768a615


Using Volk machine: avx_64_mmx
-- Opening a USRP2/N-Series device...
Using Volk machine: avx_64_mmx
-- Opening a USRP2/N-Series device...
-- Current recv frame size: 1472 bytes
-- Current send frame size: 1472 bytes
-- Current recv frame size: 1472 bytes
-- Current send frame size: 1472 bytes
measurement 2/2 complete in 4 second(s).
develop mode of resend_check ID: 24 is activated.
develop mode of resend_check ID: 24 is activated.
the 100th message counter is activated.
the 880th message counter is activated.
the 100th message counter is activated.
measurement 2/2 complete in 3 second(s).
node starts running at 46.1395
node starts running at 46.1407
++++ frame_probe ID: 1050 receives a frame at time 46.323s ++++
++++ frame_probe ID: 1060 receives a frame at time 46.364s ++++
++++ frame_probe ID: 882 receives a frame at time 46.373s ++++
++++ frame_probe ID: 883 receives a frame at time 46.373s ++++
++++ frame_probe ID: 884 receives a frame at time 46.3731s ++++
++++ frame_probe ID: 890 receives a frame at time 46.3731s ++++
++++ frame_probe ID: 860 receives a frame at time 46.3886s ++++
++++ frame_probe ID: 882 receives a frame at time 46.3922s ++++
++++ frame_probe ID: 1082 receives a frame at time 46.3934s ++++
++++ frame_probe ID: 1083 receives a frame at time 46.3935s ++++
++++ frame_probe ID: 1084 receives a frame at time counter ID 880 results at time 7046.39 is 0
46.3935++++ frame_probe ID: 1090 receives a frame at time 46.3936s ++++
s ++++
the 100th message counter node3_acked has been visited 1 times  
++++ frame_probe ID: 1050 receives a frame at time 46.4789s ++++
++++ frame_probe ID: 1060 receives a frame at time 46.52s ++++
++++ frame_probe ID: 882 receives a frame at time 46.5262s ++++
++++ frame_probe ID: 883 receives a frame at time 46.5263s ++++
++++ frame_probe ID: 884 receives a frame at time 46.5263s ++++
++++ frame_probe ID: 890 receives a frame at time 46.5264s ++++
++++ frame_probe ID: 860 receives a frame at time 46.5415s ++++
++++ frame_probe ID: 882 receives a frame at time 46.5453s ++++
INFO: Detected an invalid packet at item 32
INFO: Parser returned #f
a data frame with index 1 from node: 3 has been transmitted 1th time
++++ frame_probe ID: 1050 receives a frame at time 46.6548s ++++
++++ frame_probe ID: 1060 receives a frame at time 46.6957s ++++
++++ frame_probe ID: 882 receives a frame at time 46.6994s ++++
++++ frame_probe ID: 883 receives a frame at time 46.6995s ++++
++++ frame_probe ID: 884 receives a frame at time 46.6996s ++++
++++ frame_probe ID: 890 receives a frame at time 46.6996s ++++
++++ frame_probe ID: 860 receives a frame at time 46.7148s ++++
++++ frame_probe ID: 882 receives a frame at time 46.7187s ++++
++++ frame_probe ID: 1082 receives a frame at time 46.7198s ++++
++++ frame_probe ID: 1083 receives a frame at time 46.7199s ++++
++++ frame_probe ID: 1085 receives a frame at time 46.7199s ++++
measurement 2/2 complete in 2 second(s).
a data frame with index 1 from node: 3 has been transmitted 2th time
++++ frame_probe ID: 1050 receives a frame at time 46.8302s ++++
++++ frame_probe ID: 1060 receives a frame at time 46.871s ++++
++++ frame_probe ID: 882 receives a frame at time 46.8823s ++++
++++ frame_probe ID: 883 receives a frame at time 46.8823s ++++
++++ frame_probe ID: 884 receives a frame at time 46.8824s ++++
++++ frame_probe ID: 890 receives a frame at time 46.8824s ++++
++++ frame_probe ID: 860 receives a frame at time 46.8977s ++++
++++ frame_probe ID: 882 receives a frame at time 46.9011s ++++
INFO: Detected an invalid packet at item 96
INFO: Parser returned #f
a data frame with index 1 from node: 3 has been transmitted 3th time
++++ frame_probe ID: 1050 receives a frame at time 47.026s ++++
++++ frame_probe ID: 1060 receives a frame at time 47.0668s ++++
++++ frame_probe ID: 882 receives a frame at time 47.0733s ++++
++++ frame_probe ID: 883 receives a frame at time 47.0733s ++++
++++ frame_probe ID: 884 receives a frame at time 47.0733s ++++
++++ frame_probe ID: 890 receives a frame at time 47.0734s ++++
++++ frame_probe ID: 860 receives a frame at time 47.0885s ++++
++++ frame_probe ID: 882 receives a frame at time 47.0928s ++++
++++ frame_probe ID: 1082 receives a frame at time 47.0935s ++++
++++ frame_probe ID: 1084 receives a frame at time ++++ frame_probe ID: 47.0936s ++++1083
 receives a frame at time 47.0936s ++++
counter ID 880 results at time ++++ frame_probe ID: 1090 receives a frame at time 7047.09 is 3
47.0936s ++++
the 100th message counter node3_acked has been visited 2 times  
++++ frame_probe ID: 1050 receives a frame at time 47.193s ++++
++++ frame_probe ID: 1060 receives a frame at time 47.2338s ++++
++++ frame_probe ID: 882 receives a frame at time 47.2457s ++++
++++ frame_probe ID: 883 receives a frame at time 47.2457s ++++
++++ frame_probe ID: 884 receives a frame at time 47.2458s ++++
++++ frame_probe ID: 890 receives a frame at time 47.2458s ++++
++++ frame_probe ID: 860 receives a frame at time 47.261s ++++
++++ frame_probe ID: 882 receives a frame at time 47.265s ++++
++++ frame_probe ID: 1082 receives a frame at time 47.2669s ++++
++++ frame_probe ID: 1083 receives a frame at time 47.2669s ++++
++++ frame_probe ID: 1085 receives a frame at time 47.2669s ++++
a data frame with index 2 from node: 3 has been transmitted 1th time
++++ frame_probe ID: 1050 receives a frame at time 47.3638s ++++
++++ frame_probe ID: 1060 receives a frame at time 47.4046s ++++
++++ frame_probe ID: 882 receives a frame at time 47.4091s ++++
++++ frame_probe ID: 883 receives a frame at time 47.4091s ++++
++++ frame_probe ID: 884 receives a frame at time 47.4092s ++++
++++ frame_probe ID: 890 receives a frame at time 47.4092s ++++
++++ frame_probe ID: 860 receives a frame at time 47.4245s ++++
++++ frame_probe ID: 882 receives a frame at time 47.4286s ++++
++++ frame_probe ID: 1082 receives a frame at time 47.4303s ++++
++++ frame_probe ID: 1083 receives a frame at time 47.4304s ++++
++++ frame_probe ID: 1085 receives a frame at time 47.4304s ++++
a data frame with index 2 from node: 3 has been transmitted 2th time
++++ frame_probe ID: 1050 receives a frame at time 47.5346s ++++
++++ frame_probe ID: 1060 receives a frame at time 47.5755s ++++
++++ frame_probe ID: 882 receives a frame at time 47.5817s ++++
++++ frame_probe ID: 883 receives a frame at time 47.5817s ++++
++++ frame_probe ID: 884 receives a frame at time 47.5818s ++++
++++ frame_probe ID: 890 receives a frame at time 47.5818s ++++
++++ frame_probe ID: 860 receives a frame at time 47.597s ++++
++++ frame_probe ID: 882 receives a frame at time 47.6019s ++++
++++ frame_probe ID: 1082 receives a frame at time 47.6029s ++++
++++ frame_probe ID: 1083 receives a frame at time 47.6029s ++++
++++ frame_probe ID: 1084 receives a frame at time 47.6029s ++++
counter ID 880 results at time 7047.6 is 2
++++ frame_probe ID: 1090 receives a frame at time 47.603s ++++
the 100th message counter node3_acked has been visited 3 times  
++++ frame_probe ID: 1050 receives a frame at time 47.7074s ++++
++++ frame_probe ID: 1060 receives a frame at time 47.7484s ++++
++++ frame_probe ID: 882 receives a frame at time 47.7548s ++++
++++ frame_probe ID: 883 receives a frame at time 47.7549s ++++
++++ frame_probe ID: 884 receives a frame at time 47.7549s ++++
++++ frame_probe ID: 890 receives a frame at time 47.755s ++++
measurement 2/2 complete in 1 second(s).
++++ frame_probe ID: 860 receives a frame at time 47.7701s ++++
++++ frame_probe ID: 882 receives a frame at time 47.7741s ++++
++++ frame_probe ID: 1082 receives a frame at time 47.7751s ++++
++++ frame_probe ID: 1083 receives a frame at time 47.7752s ++++
++++ frame_probe ID: 1084 receives a frame at time 47.7752s ++++
counter ID 880 results at time ++++ frame_probe ID: 1090 receives a frame at time 47.77527047.78s ++++ is 
0
the 100th message counter node3_acked has been visited 4 times  
++++ frame_probe ID: 1050 receives a frame at time 47.8446s ++++
++++ frame_probe ID: 1060 receives a frame at time 47.8855s ++++
++++ frame_probe ID: 882 receives a frame at time 47.889s ++++
++++ frame_probe ID: 883 receives a frame at time 47.889s ++++
++++ frame_probe ID: 884 receives a frame at time 47.8891s ++++
++++ frame_probe ID: 890 receives a frame at time 47.8891s ++++
++++ frame_probe ID: 860 receives a frame at time 47.9042s ++++
++++ frame_probe ID: 882 receives a frame at time 47.9083s ++++
++++ frame_probe ID: 1082 receives a frame at time 47.9093s ++++
++++ frame_probe ID: 1083 receives a frame at time 47.9093s ++++
++++ frame_probe ID: 1085 receives a frame at time 47.9094s ++++
a data frame with index 4 from node: 3 has been transmitted 1th time
++++ frame_probe ID: 1050 receives a frame at time 48.0153s ++++
++++ frame_probe ID: 1060 receives a frame at time 48.0563s ++++
++++ frame_probe ID: 882 receives a frame at time 48.0616s ++++
++++ frame_probe ID: 883 receives a frame at time 48.0617s ++++
++++ frame_probe ID: 884 receives a frame at time 48.0617s ++++
++++ frame_probe ID: 890 receives a frame at time 48.0618s ++++
++++ frame_probe ID: 860 receives a frame at time 48.0769s ++++
++++ frame_probe ID: 882 receives a frame at time 48.0818s ++++
++++ frame_probe ID: 1082 receives a frame at time 48.0829s ++++
++++ frame_probe ID: 1083 receives a frame at time 48.0831s ++++
++++ frame_probe ID: 1085 receives a frame at time 48.0831s ++++
a data frame with index 4 from node: 3 has been transmitted 2th time
++++ frame_probe ID: 1050 receives a frame at time 48.1911s ++++
++++ frame_probe ID: 1060 receives a frame at time 48.2319s ++++
++++ frame_probe ID: 882 receives a frame at time 48.244s ++++
++++ frame_probe ID: 883 receives a frame at time 48.244s ++++
++++ frame_probe ID: 884 receives a frame at time 48.2441s ++++
++++ frame_probe ID: 890 receives a frame at time 48.2441s ++++
++++ frame_probe ID: 860 receives a frame at time 48.2592s ++++
++++ frame_probe ID: 882 receives a frame at time 48.2643s ++++
INFO: Detected an invalid packet at item 352
INFO: Parser returned #f
a data frame with index 4 from node: 3 has been transmitted 3th time
++++ frame_probe ID: 1050 receives a frame at time 48.3769s ++++
++++ frame_probe ID: 1060 receives a frame at time 48.4178s ++++
++++ frame_probe ID: 882 receives a frame at time 48.4268s ++++
++++ frame_probe ID: 883 receives a frame at time 48.4268s ++++
++++ frame_probe ID: 884 receives a frame at time 48.4268s ++++
++++ frame_probe ID: 890 receives a frame at time 48.4269s ++++
++++ frame_probe ID: 860 receives a frame at time 48.4421s ++++
++++ frame_probe ID: 882 receives a frame at time 48.4464s ++++
INFO: Detected an invalid packet at item 384
INFO: Parser returned #f
a data frame with index 4 from node: 3 has been transmitted 4th time
++++ frame_probe ID: 1050 receives a frame at time 48.5924s ++++
++++ frame_probe ID: 1060 receives a frame at time 48.6333s ++++
++++ frame_probe ID: 882 receives a frame at time 48.6378s ++++
++++ frame_probe ID: 883 receives a frame at time 48.6379s ++++
++++ frame_probe ID: 884 receives a frame at time 48.6379s ++++
++++ frame_probe ID: 890 receives a frame at time 48.638s ++++
++++ frame_probe ID: 860 receives a frame at time 48.6531s ++++
++++ frame_probe ID: 882 receives a frame at time 48.6572s ++++
++++ frame_probe ID: 1082 receives a frame at time 48.6591s ++++
++++ frame_probe ID: 1083 receives a frame at time 48.6591s ++++
++++ frame_probe ID: 1084 receives a frame at time 48.6592s ++++
counter ID 880 results at time 7048.66 is 4
++++ frame_probe ID: 1090 receives a frame at time 48.6592s ++++
the 100th message counter node3_acked has been visited 5 times  
++++ frame_probe ID: 1050 receives a frame at time 48.7615s ++++
measurement 2 raw data directory created /home/inets/0_ba/bachelor_thesis/measurements/debug/data/167/2/.
'/home/inets/source/gr-inets/results/receiver_ack_sent.txt' -> '/home/inets/0_ba/bachelor_thesis/measurements/debug/data/167/2/receiver_ack_sent.txt'
'/home/inets/source/gr-inets/results/receiver_data_received.txt' -> '/home/inets/0_ba/bachelor_thesis/measurements/debug/data/167/2/receiver_data_received.txt'
'/home/inets/source/gr-inets/results/receiver_frame_anlyzed.txt' -> '/home/inets/0_ba/bachelor_thesis/measurements/debug/data/167/2/receiver_frame_anlyzed.txt'
'/home/inets/source/gr-inets/results/receiver_frame_checked_good.txt' -> '/home/inets/0_ba/bachelor_thesis/measurements/debug/data/167/2/receiver_frame_checked_good.txt'
'/home/inets/source/gr-inets/results/receiver_frame_received.txt' -> '/home/inets/0_ba/bachelor_thesis/measurements/debug/data/167/2/receiver_frame_received.txt'
'/home/inets/source/gr-inets/results/sender_ack_received.txt' -> '/home/inets/0_ba/bachelor_thesis/measurements/debug/data/167/2/sender_ack_received.txt'
'/home/inets/source/gr-inets/results/sender_bfr_dq.txt' -> '/home/inets/0_ba/bachelor_thesis/measurements/debug/data/167/2/sender_bfr_dq.txt'
'/home/inets/source/gr-inets/results/sender_data_sent.txt' -> '/home/inets/0_ba/bachelor_thesis/measurements/debug/data/167/2/sender_data_sent.txt'
'/home/inets/source/gr-inets/results/sender_frame_anlyzed.txt' -> '/home/inets/0_ba/bachelor_thesis/measurements/debug/data/167/2/sender_frame_anlyzed.txt'
'/home/inets/source/gr-inets/results/sender_frame_checked_bad.txt' -> '/home/inets/0_ba/bachelor_thesis/measurements/debug/data/167/2/sender_frame_checked_bad.txt'
'/home/inets/source/gr-inets/results/sender_frame_checked_good.txt' -> '/home/inets/0_ba/bachelor_thesis/measurements/debug/data/167/2/sender_frame_checked_good.txt'
'/home/inets/source/gr-inets/results/sender_frame_received.txt' -> '/home/inets/0_ba/bachelor_thesis/measurements/debug/data/167/2/sender_frame_received.txt'
'/home/inets/source/gr-inets/results/sender_retransmissions.txt' -> '/home/inets/0_ba/bachelor_thesis/measurements/debug/data/167/2/sender_retransmissions.txt'
measurement 2 raw data moved to /home/inets/0_ba/bachelor_thesis/measurements/debug/data/167/2/.

now processing results...
plotting python should be: python3 (ubuntu).
Hello from rtt.py!
hello from variables.py!
data_sent: 1500397041.240318
data_sent: 1500397041.410694
data_sent: 1500397041.572754
data_sent: 1500397041.747621
data_sent: 1500397041.922536
data_sent: 1500397042.108686
data_sent: 1500397042.278801
data_sent: 1500397042.464008
data_sent: 1500397042.649166
data_sent: 1500397042.835103
data_sent: 1500397043.023978
data_sent: 1500397043.200979
data_sent: 1500397043.360170
data_sent: 1500397043.525185
data_sent: 1500397043.708042
ack_received: 1500397041.488410
ack_received: 1500397041.824166
ack_received: 1500397041.997467
ack_received: 1500397042.908660
ack_received: 1500397043.101486
ack_received: 1500397043.273780
ack_received: 1500397043.437497
ack_received: 1500397043.600687
retx: [1, 1, 0, 4, 0, 0, 0, 0]

The resulting RTTs of this single measurement are:
[0.07493, 0.07751, 0.0728, 0.07733, 0.0755]



The resulting mean RTT of this single measurement is:
0.075614


abs. packet loss: 7.0
packet loss in %: 46.67%
data_sent: 1500397046.323018
data_sent: 1500397046.478882
data_sent: 1500397046.654791
data_sent: 1500397046.830198
data_sent: 1500397047.025951
data_sent: 1500397047.193015
data_sent: 1500397047.363808
data_sent: 1500397047.534617
data_sent: 1500397047.707375
data_sent: 1500397047.844634
data_sent: 1500397048.015287
data_sent: 1500397048.191127
data_sent: 1500397048.376881
data_sent: 1500397048.592374
data_sent: 1500397048.761514
ack_received: 1500397046.393560
ack_received: 1500397047.093625
ack_received: 1500397047.602983
ack_received: 1500397047.775240
ack_received: 1500397048.659197
retx: [0, 3, 2, 0, 4]

The resulting RTTs of this single measurement are:
[0.07054, 0.06786]



The resulting mean RTT of this single measurement is:
0.06920000000000001


abs. packet loss: 10.0
packet loss in %: 66.67%
[ 0.075614  0.0692  ]
Hello from myplot.py!
I will print a pdf for you now!
Hello from myplot.py!
I will print a pdf for you now!
Hello from myplot.py!
I will print a pdf for you now!
Hello from myplot.py!
I will print a cdf for you now!
<a list of 1 Patch objects>
Hello from myplot.py!
I will print a cdf for you now!
<a list of 1 Patch objects>
Hello from myplot.py!
I will print a cdf for you now!
<a list of 1 Patch objects>
Hello from myplot.py!
I will print a boxplot for you now!
Hello from myplot.py!
I will print a boxplot for you now!
Hello from myplot.py!
I will print a boxplot for you now!
Hello from myplot.py!
I will print a bar for you now!
Hello from throughput.py!
hello from variables.py!
ackcount: 8
datacount: 15
ackcount: 5
datacount: 14
[ 8000.  5000.]
Hello from myplot.py!
I will print a pdf for you now!
Hello from myplot.py!
I will print a cdf for you now!
<a list of 1 Patch objects>
Hello from myplot.py!
I will print a boxplot for you now!
Hello from myplot.py!
I will print a bar for you now!

+--------------------------------------------------------------+
| plotting completed. until the next measurement session then! |
+--------------------------------------------------------------+
