Measurement 1/3 complete in 5 second(s).
linux; GNU C++ version 5.4.0 20160609; Boost_105800; UHD_003.009.005-45-g6768a615

linux; GNU C++ version 5.4.0 20160609; Boost_105800; UHD_003.009.005-45-g6768a615

Measurement 1/3 complete in 4 second(s).
Using Volk machine: avx_64_mmx
-- Opening a USRP2/N-Series device...
Using Volk machine: avx_64_mmx
-- Opening a USRP2/N-Series device...
-- Current recv frame size: 1472 bytes
-- Current recv frame size: 1472 bytes
-- Current send frame size: 1472 bytes
-- Current send frame size: 1472 bytes
Measurement 1/3 complete in 3 second(s).
develop_mode of random_filter ID: 1015 is activated.
the 1017th message counter is activated.
the 880th message counter is activated.
the 885th message counter is activated.
the 1018th message counter is activated.
the 100th message counter is activated.
the 1080th message counter is activated.
the 100th message counter is activated.
Measurement 1/3 complete in 2 second(s).
node starts running at 34.9367
node starts running at 34.937
++++ frame_probe ID: 850 receives a frame at time 35.0244s ++++
INFO: Detected an invalid packet at item 0
INFO: Parser returned #f
++++ frame_probe ID: 860 receives a frame at time 35.0658s ++++
++++ frame_probe ID: 1010 receives a frame at time 35.0697s ++++
generated random number is0.357424 and the threshold is 0.2. bad luck and try next time. 
the 1017th message counter data_frame_filtered has been visited 1 times  
 at 135.183 s
++++ frame_probe ID: 850 receives a frame at time 35.2006s ++++
INFO: Detected an invalid packet at item 64
INFO: Parser returned #f
Measurement 1/3 complete in 1 second(s).
++++ frame_probe ID: 860 receives a frame at time 35.2412s ++++
++++ frame_probe ID: 1010 receives a frame at time 35.2519s ++++
generated random number isthe 1018th message counter data_frame_not_filtered has been visited 1 times  
0.195796 and the threshold is 0.2. good luck. 
 at 135.358 s
++++ frame_probe ID: 850 receives a frame at time 35.3756s ++++
INFO: Detected an invalid packet at item 128
INFO: Parser returned #f
++++ frame_probe ID: 860 receives a frame at time 35.4163s ++++
++++ frame_probe ID: 1010 receives a frame at time 35.4244s ++++
generated random number is0.0755376 and the threshold is 0.2. good luck. 
the 1018th message counter data_frame_not_filtered has been visited 2 times  
 at 135.538 s
++++ frame_probe ID: 850 receives a frame at time 35.5559s ++++
INFO: Detected an invalid packet at item 192
INFO: Parser returned #f
++++ frame_probe ID: 860 receives a frame at time 35.5965s ++++
++++ frame_probe ID: 1010 receives a frame at time 35.6068s ++++
generated random number is0.620455 and the threshold is 0.2. bad luck and try next time. 
the 1017th message counter data_frame_filtered has been visited 2 times  
 at 135.728 s
++++ frame_probe ID: 850 receives a frame at time 35.7464s ++++
INFO: Detected an invalid packet at item 256
INFO: Parser returned #f
++++ frame_probe ID: 860 receives a frame at time 35.787s ++++
++++ frame_probe ID: 1010 receives a frame at time 35.7992s ++++
generated random number is0.455768 and the threshold is 0.2. bad luck and try next time. 
the 1017th message counter data_frame_filtered has been visited 3 times  
 at 135.939 s
++++ frame_probe ID: 850 receives a frame at time 35.9566s ++++
INFO: Detected an invalid packet at item 320
INFO: Parser returned #f
++++ frame_probe ID: 860 receives a frame at time 35.9974s ++++
++++ frame_probe ID: 1010 receives a frame at time 36.0005s ++++
generated random number is0.869618 and the threshold is 0.2. bad luck and try next time. 
the 1017th message counter data_frame_filtered has been visited 4 times  
 at 136.19 s
++++ frame_probe ID: 850 receives a frame at time 36.2078s ++++
Measurement 1 raw data directory created /home/inets/0_ba/bachelor_thesis/measurements/debug/data/35/1/.
'/home/inets/source/gr-inets/results/receiver_data_received.txt' -> '/home/inets/0_ba/bachelor_thesis/measurements/debug/data/35/1/receiver_data_received.txt'
'/home/inets/source/gr-inets/results/sender_bfr_dq.txt' -> '/home/inets/0_ba/bachelor_thesis/measurements/debug/data/35/1/sender_bfr_dq.txt'
'/home/inets/source/gr-inets/results/sender_data_sent.txt' -> '/home/inets/0_ba/bachelor_thesis/measurements/debug/data/35/1/sender_data_sent.txt'
Measurement 1 raw data moved to /home/inets/0_ba/bachelor_thesis/measurements/debug/data/35/1/.

Measurement 2/3 complete in 5 second(s).
linux; GNU C++ version 5.4.0 20160609; Boost_105800; UHD_003.009.005-45-g6768a615

linux; GNU C++ version 5.4.0 20160609; Boost_105800; UHD_003.009.005-45-g6768a615

Measurement 2/3 complete in 4 second(s).
Using Volk machine: avx_64_mmx
-- Opening a USRP2/N-Series device...
Using Volk machine: avx_64_mmx
-- Opening a USRP2/N-Series device...
-- Current recv frame size: 1472 bytes
-- Current recv frame size: 1472 bytes
-- Current send frame size: 1472 bytes
-- Current send frame size: 1472 bytes
Measurement 2/3 complete in 3 second(s).
develop_mode of random_filter ID: 1015 is activated.
the 880th message counter is activated.
the 885th message counter is activated.
the 1017th message counter is activated.
the 100th message counter is activated.
the 1018th message counter is activated.
the 1080th message counter is activated.
the 100th message counter is activated.
Measurement 2/3 complete in 2 second(s).
node starts running at 39.8692
node starts running at 39.8693
++++ frame_probe ID: 850 receives a frame at time 39.9389s ++++
INFO: Detected an invalid packet at item 0
INFO: Parser returned #f
++++ frame_probe ID: 860 receives a frame at time 39.9809s ++++
++++ frame_probe ID: 1010 receives a frame at time 39.9875s ++++
generated random number isthe 1017th message counter data_frame_filtered has been visited 1 times  0.869158
 and the threshold is 0.2. bad luck and try next time. 
 at 140.093 s
++++ frame_probe ID: 850 receives a frame at time 40.1109s ++++
INFO: Detected an invalid packet at item 64
INFO: Parser returned #f
++++ frame_probe ID: 860 receives a frame at time 40.1518s ++++
++++ frame_probe ID: 1010 receives a frame at time 40.1598s ++++
generated random number is0.636565 and the threshold is 0.2. bad luck and try next time. 
the 1017th message counter data_frame_filtered has been visited 2 times  
 at 140.278 s
++++ frame_probe ID: 850 receives a frame at time 40.2965s ++++
INFO: Detected an invalid packet at item 128
INFO: Parser returned #f
++++ frame_probe ID: 860 receives a frame at time 40.3372s ++++
++++ frame_probe ID: 1010 receives a frame at time 40.3419s ++++
generated random number is0.555575 and the threshold is 0.2. bad luck and try next time. 
the 1017th message counter data_frame_filtered has been visited 3 times  
 at 140.464 s
++++ frame_probe ID: 850 receives a frame at time 40.4819s ++++
INFO: Detected an invalid packet at item 192
INFO: Parser returned #f
Measurement 2/3 complete in 1 second(s).
++++ frame_probe ID: 860 receives a frame at time 40.5226s ++++
++++ frame_probe ID: 1010 receives a frame at time 40.5343s ++++
generated random number is0.376836 and the threshold is 0.2. bad luck and try next time. 
the 1017th message counter data_frame_filtered has been visited 4 times  
 at 140.639 s
++++ frame_probe ID: 850 receives a frame at time 40.6572s ++++
INFO: Detected an invalid packet at item 256
INFO: Parser returned #f
++++ frame_probe ID: 860 receives a frame at time 40.6978s ++++
++++ frame_probe ID: 1010 receives a frame at time 40.707s ++++
generated random number is0.373167 and the threshold is the 0.2. bad luck and try next time. 
1017th message counter data_frame_filtered has been visited 5 times  
 at 140.815 s
++++ frame_probe ID: 850 receives a frame at time 40.8327s ++++
INFO: Detected an invalid packet at item 320
INFO: Parser returned #f
++++ frame_probe ID: 860 receives a frame at time 40.8734s ++++
++++ frame_probe ID: 1010 receives a frame at time 40.879s ++++
generated random number is0.417486 and the threshold is 0.2. bad luck and try next time. 
the 1017th message counter data_frame_filtered has been visited 6 times  
 at 141.265 s
++++ frame_probe ID: 850 receives a frame at time 41.2836s ++++
INFO: Detected an invalid packet at item 384
INFO: Parser returned #f
++++ frame_probe ID: 860 receives a frame at time 41.3242s ++++
++++ frame_probe ID: 1010 receives a frame at time 41.3301s ++++
the generated random number is1018th message counter data_frame_not_filtered has been visited 1 times  
0.14825 and the threshold is 0.2. good luck. 
 at 141.436 s
++++ frame_probe ID: 850 receives a frame at time 41.4543s ++++
INFO: Detected an invalid packet at item 448
INFO: Parser returned #f
++++ frame_probe ID: 860 receives a frame at time 41.4951s ++++
++++ frame_probe ID: 1010 receives a frame at time 41.5026s ++++
generated random number is0.222859 and the threshold is 0.2the . bad luck and try next time. 
1017th message counter data_frame_filtered has been visited 7 times  
Measurement 2 raw data directory created /home/inets/0_ba/bachelor_thesis/measurements/debug/data/35/2/.
'/home/inets/source/gr-inets/results/receiver_data_received.txt' -> '/home/inets/0_ba/bachelor_thesis/measurements/debug/data/35/2/receiver_data_received.txt'
'/home/inets/source/gr-inets/results/sender_bfr_dq.txt' -> '/home/inets/0_ba/bachelor_thesis/measurements/debug/data/35/2/sender_bfr_dq.txt'
'/home/inets/source/gr-inets/results/sender_data_sent.txt' -> '/home/inets/0_ba/bachelor_thesis/measurements/debug/data/35/2/sender_data_sent.txt'
Measurement 2 raw data moved to /home/inets/0_ba/bachelor_thesis/measurements/debug/data/35/2/.

Measurement 3/3 complete in 5 second(s).
linux; GNU C++ version 5.4.0 20160609; Boost_105800; UHD_003.009.005-45-g6768a615

linux; GNU C++ version 5.4.0 20160609; Boost_105800; UHD_003.009.005-45-g6768a615

Measurement 3/3 complete in 4 second(s).
Using Volk machine: avx_64_mmx
-- Opening a USRP2/N-Series device...
Using Volk machine: avx_64_mmx
-- Opening a USRP2/N-Series device...
-- Current recv frame size: 1472 bytes
-- Current send frame size: 1472 bytes
-- Current recv frame size: 1472 bytes
-- Current send frame size: 1472 bytes
Measurement 3/3 complete in 3 second(s).
develop_mode of random_filter ID: 1015 is activated.
the 1017th message counter is activated.
the 880th message counter is activated.
the 885th message counter is activated.
the 1018th message counter is activated.
the 100th message counter is activated.
the 1080th message counter is activated.
the 100th message counter is activated.
Measurement 3/3 complete in 2 second(s).
node starts running at 44.699
node starts running at 44.6992
++++ frame_probe ID: 850 receives a frame at time 44.7752s ++++
INFO: Detected an invalid packet at item 0
INFO: Parser returned #f
++++ frame_probe ID: 860 receives a frame at time 44.816s ++++
++++ frame_probe ID: 1010 receives a frame at time 44.8222s ++++
generated random number is0.238843 and the threshold is the 1017th message counter data_frame_filtered has been visited 0.21. bad luck and try next time.  times 
 
 at 144.928 s
++++ frame_probe ID: 850 receives a frame at time 44.9458s ++++
INFO: Detected an invalid packet at item 64
INFO: Parser returned #f
++++ frame_probe ID: 860 receives a frame at time 44.9864s ++++
++++ frame_probe ID: 1010 receives a frame at time 44.9946s ++++
generated random number is0.806028 and the threshold is the 1017th message counter data_frame_filtered has been visited 2 times  0.2
. bad luck and try next time. 
 at 145.113 s
++++ frame_probe ID: 850 receives a frame at time 45.1312s ++++
INFO: Detected an invalid packet at item 128
INFO: Parser returned #f
++++ frame_probe ID: 860 receives a frame at time 45.1719s ++++
++++ frame_probe ID: 1010 receives a frame at time 45.1772s ++++
generated random number is0.435044 and the threshold is 0.2. bad luck and try next time. 
the 1017th message counter data_frame_filtered has been visited 3 times  
 at 145.288 s
++++ frame_probe ID: 850 receives a frame at time 45.3065s ++++
INFO: Detected an invalid packet at item 192
INFO: Parser returned #f
++++ frame_probe ID: 860 receives a frame at time 45.3472s ++++
++++ frame_probe ID: 1010 receives a frame at time 45.3503s ++++
generated random number is0.407463 and the threshold is 0.2. bad luck and try next time. 
the 1017th message counter data_frame_filtered has been visited 4 times  
 at 145.479 s
++++ frame_probe ID: 850 receives a frame at time 45.4967s ++++
INFO: Detected an invalid packet at item 256
INFO: Parser returned #f
Measurement 3/3 complete in 1 second(s).
++++ frame_probe ID: 860 receives a frame at time 45.5373s ++++
++++ frame_probe ID: 1010 receives a frame at time 45.5419s ++++
generated random number isthe 0.634355 and the threshold is 1017th message counter data_frame_filtered has been visited 5 times  
0.2. bad luck and try next time. 
 at 145.804 s
++++ frame_probe ID: 850 receives a frame at time 45.8222s ++++
INFO: Detected an invalid packet at item 320
INFO: Parser returned #f
++++ frame_probe ID: 860 receives a frame at time 45.8631s ++++
++++ frame_probe ID: 1010 receives a frame at time 45.8686s ++++
generated random number isthe 1018th message counter data_frame_not_filtered has been visited 1 times  
0.104792 and the threshold is 0.2. good luck. 
 at 145.989 s
++++ frame_probe ID: 850 receives a frame at time 46.0077s ++++
INFO: Detected an invalid packet at item 384
INFO: Parser returned #f
++++ frame_probe ID: 860 receives a frame at time 46.0484s ++++
++++ frame_probe ID: 1010 receives a frame at time 46.0602s ++++
generated random number is0.846771 and the threshold is 0.2. bad luck and try next time. 
the 1017th message counter data_frame_filtered has been visited 6 times  
 at 146.166 s
++++ frame_probe ID: 850 receives a frame at time 46.1838s ++++
INFO: Detected an invalid packet at item 448
INFO: Parser returned #f
++++ frame_probe ID: 860 receives a frame at time 46.2244s ++++
++++ frame_probe ID: 1010 receives a frame at time 46.2333s ++++
generated random number isthe 1017th message counter 0.972762data_frame_filtered and the threshold is  has been visited 7 times  
0.2. bad luck and try next time. 
 at 146.351 s
++++ frame_probe ID: 850 receives a frame at time 46.3691s ++++
INFO: Detected an invalid packet at item 512
INFO: Parser returned #f
++++ frame_probe ID: 860 receives a frame at time 46.4098s ++++
++++ frame_probe ID: 1010 receives a frame at time 46.4157s ++++
generated random number is0.567148 and the threshold is the 1017th message counter data_frame_filtered has been visited 8 times  
0.2. bad luck and try next time. 
Measurement 3 raw data directory created /home/inets/0_ba/bachelor_thesis/measurements/debug/data/35/3/.
'/home/inets/source/gr-inets/results/receiver_data_received.txt' -> '/home/inets/0_ba/bachelor_thesis/measurements/debug/data/35/3/receiver_data_received.txt'
'/home/inets/source/gr-inets/results/sender_bfr_dq.txt' -> '/home/inets/0_ba/bachelor_thesis/measurements/debug/data/35/3/sender_bfr_dq.txt'
'/home/inets/source/gr-inets/results/sender_data_sent.txt' -> '/home/inets/0_ba/bachelor_thesis/measurements/debug/data/35/3/sender_data_sent.txt'
Measurement 3 raw data moved to /home/inets/0_ba/bachelor_thesis/measurements/debug/data/35/3/.

Now processing results...
Plotting Python should be: python3 (UBUNTU).
Hello from retransmissions.py!
Hello from variables.py!
File /home/inets/0_ba/bachelor_thesis/measurements/debug/data/35/1/sender_retransmissions.txt not found. Assuming not reached in GR.
File /home/inets/0_ba/bachelor_thesis/measurements/debug/data/35/1/sender_max_retransmissions.txt not found. Assuming not reached in GR.
File /home/inets/0_ba/bachelor_thesis/measurements/debug/data/35/1/invalid_file.txt not found. Assuming not reached in GR.
File /home/inets/0_ba/bachelor_thesis/measurements/debug/data/35/1/invalid_file_2.txt not found. Assuming not reached in GR.
File /home/inets/0_ba/bachelor_thesis/measurements/debug/data/35/2/sender_retransmissions.txt not found. Assuming not reached in GR.
File /home/inets/0_ba/bachelor_thesis/measurements/debug/data/35/2/sender_max_retransmissions.txt not found. Assuming not reached in GR.
File /home/inets/0_ba/bachelor_thesis/measurements/debug/data/35/2/invalid_file.txt not found. Assuming not reached in GR.
File /home/inets/0_ba/bachelor_thesis/measurements/debug/data/35/2/invalid_file_2.txt not found. Assuming not reached in GR.
File /home/inets/0_ba/bachelor_thesis/measurements/debug/data/35/3/sender_retransmissions.txt not found. Assuming not reached in GR.
File /home/inets/0_ba/bachelor_thesis/measurements/debug/data/35/3/sender_max_retransmissions.txt not found. Assuming not reached in GR.
File /home/inets/0_ba/bachelor_thesis/measurements/debug/data/35/3/invalid_file.txt not found. Assuming not reached in GR.
File /home/inets/0_ba/bachelor_thesis/measurements/debug/data/35/3/invalid_file_2.txt not found. Assuming not reached in GR.
0.0
0.0
0.0
Hello from myplot.py!
I will print a pdf for you now!
0.0
0.0
0.0
Hello from myplot.py!
I will print a pdf for you now!
0.0
0.0
0.0
Hello from myplot.py!
I will print a pdf for you now!
0.0
0.0
0.0
Hello from myplot.py!
I will print a pdf for you now!
0.0
0.0
0.0
Hello from myplot.py!
I will print a cdf for you now!
<a list of 1 Patch objects>
0.0
0.0
0.0
Hello from myplot.py!
I will print a cdf for you now!
<a list of 1 Patch objects>
0.0
0.0
0.0
Hello from myplot.py!
I will print a cdf for you now!
<a list of 1 Patch objects>
0.0
0.0
0.0
Hello from myplot.py!
I will print a cdf for you now!
<a list of 1 Patch objects>
0.0
0.0
0.0
Hello from myplot.py!
I will print a boxplot for you now!
0.0
0.0
0.0
Hello from myplot.py!
I will print a boxplot for you now!
0.0
0.0
0.0
Hello from myplot.py!
I will print a boxplot for you now!
0.0
0.0
0.0
Hello from myplot.py!
I will print a boxplot for you now!
0.0
0.0
0.0
Hello from myplot.py!
I will print a bar for you now!
0.0
0.0
0.0
Hello from myplot.py!
I will print a bar for you now!
0.0
0.0
0.0
Hello from myplot.py!
I will print a bar for you now!
0.0
0.0
0.0
Hello from myplot.py!
I will print a bar for you now!

+--------------------------------------------------------------+
| Plotting completed. Until the next measurement session then! |
+--------------------------------------------------------------+
