Measurement 1/4 complete in 5 second(s).
linux; GNU C++ version 5.4.0 20160609; Boost_105800; UHD_003.009.005-45-g6768a615

linux; GNU C++ version 5.4.0 20160609; Boost_105800; UHD_003.009.005-45-g6768a615

Using Volk machine: avx_64_mmx
-- Opening a USRP2/N-Series device...
Using Volk machine: avx_64_mmx
-- Opening a USRP2/N-Series device...
-- Current recv frame size: 1472 bytes
-- Current send frame size: 1472 bytes
-- Current recv frame size: 1472 bytes
-- Current send frame size: 1472 bytes
Measurement 1/4 complete in 4 second(s).
the 100th message counter is activated.
the 100th message counter is activated.
Measurement 1/4 complete in 3 second(s).
node starts running at 8.35319
node starts running at 8.35653
++++ frame_probe ID: 850 receives a frame at time 8.40368s ++++
INFO: Detected an invalid packet at item 0
INFO: Parser returned #f
++++ frame_probe ID: 860 receives a frame at time 8.44474s ++++
++++ frame_probe ID: 1010 receives a frame at time 8.44836s ++++
++++ frame_probe ID: 890 receives a frame at time 8.4748s ++++
the 100th message counter  has been visited 1 times  
++++ frame_probe ID: 850 receives a frame at time 8.58313s ++++
INFO: Detected an invalid packet at item 96
INFO: Parser returned #f
++++ frame_probe ID: 860 receives a frame at time 8.62425s ++++
++++ frame_probe ID: 1010 receives a frame at time 8.63072s ++++
++++ frame_probe ID: 890 receives a frame at time 8.65711s ++++
the 100th message counter  has been visited 2 times  
++++ frame_probe ID: 850 receives a frame at time 8.76144s ++++
INFO: Detected an invalid packet at item 192
INFO: Parser returned #f
++++ frame_probe ID: 860 receives a frame at time 8.80228s ++++
++++ frame_probe ID: 1010 receives a frame at time 8.81305s ++++
++++ frame_probe ID: 890 receives a frame at time 8.83949s ++++
the 100th message counter  has been visited 3 times  
Measurement 1/4 complete in 2 second(s).
++++ frame_probe ID: 850 receives a frame at time 8.95383s ++++
INFO: Detected an invalid packet at item 288
INFO: Parser returned #f
++++ frame_probe ID: 860 receives a frame at time 8.99465s ++++
++++ frame_probe ID: 1010 receives a frame at time 9.00447s ++++
++++ frame_probe ID: 890 receives a frame at time 9.03114s ++++
the 100th message counter  has been visited 4 times  
++++ frame_probe ID: 850 receives a frame at time 9.10257s ++++
INFO: Detected an invalid packet at item 384
INFO: Parser returned #f
++++ frame_probe ID: 860 receives a frame at time 9.14363s ++++
++++ frame_probe ID: 1010 receives a frame at time 9.14881s ++++
++++ frame_probe ID: 890 receives a frame at time 9.17542s ++++
the 100th message counter  has been visited 5 times  
++++ frame_probe ID: 850 receives a frame at time 9.26376s ++++
INFO: Detected an invalid packet at item 480
INFO: Parser returned #f
++++ frame_probe ID: 860 receives a frame at time 9.30451s ++++
++++ frame_probe ID: 1010 receives a frame at time 9.31199s ++++
++++ frame_probe ID: 890 receives a frame at time 9.33868s ++++
the 100th message counter  has been visited 6 times  
++++ frame_probe ID: 850 receives a frame at time 9.40697s ++++
INFO: Detected an invalid packet at item 576
INFO: Parser returned #f
++++ frame_probe ID: 860 receives a frame at time 9.44802s ++++
++++ frame_probe ID: 1010 receives a frame at time 9.4563s ++++
++++ frame_probe ID: 890 receives a frame at time 9.482s ++++
the 100th message counter  has been visited 7 times  
++++ frame_probe ID: 850 receives a frame at time 9.55741s ++++
INFO: Detected an invalid packet at item 672
INFO: Parser returned #f
++++ frame_probe ID: 860 receives a frame at time 9.5984s ++++
++++ frame_probe ID: 1010 receives a frame at time 9.60976s ++++
++++ frame_probe ID: 890 receives a frame at time 9.63644s ++++
the 100th message counter  has been visited 8 times  
++++ frame_probe ID: 850 receives a frame at time 9.71676s ++++
INFO: Detected an invalid packet at item 768
INFO: Parser returned #f
++++ frame_probe ID: 860 receives a frame at time 9.75747s ++++
++++ frame_probe ID: 1010 receives a frame at time 9.7631s ++++
++++ frame_probe ID: 890 receives a frame at time 9.78951s ++++
the 100th message counter  has been visited 9 times  
++++ frame_probe ID: 850 receives a frame at time 9.87187s ++++
INFO: Detected an invalid packet at item 864
INFO: Parser returned #f
++++ frame_probe ID: 860 receives a frame at time 9.91283s ++++
++++ frame_probe ID: 1010 receives a frame at time 9.91647s ++++
++++ frame_probe ID: 890 receives a frame at time 9.943s ++++
Measurement 1/4 complete in 1 second(s).
the 100th message counter  has been visited 10 times  
++++ frame_probe ID: 850 receives a frame at time 10.0283s ++++
INFO: Detected an invalid packet at item 960
INFO: Parser returned #f
++++ frame_probe ID: 860 receives a frame at time 10.0691s ++++
++++ frame_probe ID: 1010 receives a frame at time 10.0798s ++++
++++ frame_probe ID: 890 receives a frame at time 10.1061s ++++
the 100th message counter  has been visited 11 times  
++++ frame_probe ID: 850 receives a frame at time 10.1874s ++++
INFO: Detected an invalid packet at item 1056
INFO: Parser returned #f
++++ frame_probe ID: 860 receives a frame at time 10.2281s ++++
++++ frame_probe ID: 1010 receives a frame at time 10.2332s ++++
++++ frame_probe ID: 890 receives a frame at time 10.2599s ++++
the 100th message counter  has been visited 12 times  
++++ frame_probe ID: 850 receives a frame at time 10.3613s ++++
INFO: Detected an invalid packet at item 1152
INFO: Parser returned #f
++++ frame_probe ID: 860 receives a frame at time 10.4023s ++++
++++ frame_probe ID: 1010 receives a frame at time 10.4067s ++++
++++ frame_probe ID: 890 receives a frame at time 10.4324s ++++
the 100th message counter  has been visited 13 times  
++++ frame_probe ID: 850 receives a frame at time 10.5217s ++++
INFO: Detected an invalid packet at item 1248
INFO: Parser returned #f
++++ frame_probe ID: 860 receives a frame at time 10.5624s ++++
++++ frame_probe ID: 1010 receives a frame at time 10.57s ++++
++++ frame_probe ID: 890 receives a frame at time 10.5957s ++++
the 100th message counter  has been visited 14 times  
++++ frame_probe ID: 850 receives a frame at time 10.704s ++++
INFO: Detected an invalid packet at item 1344
INFO: Parser returned #f
++++ frame_probe ID: 860 receives a frame at time 10.7448s ++++
++++ frame_probe ID: 1010 receives a frame at time 10.7523s ++++
++++ frame_probe ID: 890 receives a frame at time 10.7782s ++++
the 100th message counter  has been visited 15 times  
++++ frame_probe ID: 850 receives a frame at time 10.8585s ++++
INFO: Detected an invalid packet at item 1440
INFO: Parser returned #f
++++ frame_probe ID: 860 receives a frame at time 10.8992s ++++
++++ frame_probe ID: 1010 receives a frame at time 10.9056s ++++
++++ frame_probe ID: 890 receives a frame at time 10.9312s ++++
Measurement 1 raw data directory created /home/inets/0_ba/bachelor_thesis/measurements/debug/data/3/1/.
'/home/inets/source/gr-inets/results/receiver_data_received.txt' -> '/home/inets/0_ba/bachelor_thesis/measurements/debug/data/3/1/receiver_data_received.txt'
'/home/inets/source/gr-inets/results/sender_ack_received.txt' -> '/home/inets/0_ba/bachelor_thesis/measurements/debug/data/3/1/sender_ack_received.txt'
'/home/inets/source/gr-inets/results/sender_bfr_dq.txt' -> '/home/inets/0_ba/bachelor_thesis/measurements/debug/data/3/1/sender_bfr_dq.txt'
'/home/inets/source/gr-inets/results/sender_data_sent.txt' -> '/home/inets/0_ba/bachelor_thesis/measurements/debug/data/3/1/sender_data_sent.txt'
Measurement 1 raw data moved to /home/inets/0_ba/bachelor_thesis/measurements/debug/data/3/1/.

Measurement 2/4 complete in 5 second(s).
linux; GNU C++ version 5.4.0 20160609; Boost_105800; UHD_003.009.005-45-g6768a615
linux; GNU C++ version 5.4.0 20160609; Boost_105800; UHD_003.009.005-45-g6768a615


Using Volk machine: avx_64_mmx
-- Opening a USRP2/N-Series device...
Using Volk machine: avx_64_mmx
-- Opening a USRP2/N-Series device...
-- Current recv frame size: 1472 bytes
-- Current send frame size: 1472 bytes
-- Current recv frame size: 1472 bytes
-- Current send frame size: 1472 bytes
Measurement 2/4 complete in 4 second(s).
the 100th message counter is activated.
the 100th message counter is activated.
Measurement 2/4 complete in 3 second(s).
node starts running at 13.3289
node starts running at 13.3295
++++ frame_probe ID: 850 receives a frame at time 13.4101s ++++
INFO: Detected an invalid packet at item 0
INFO: Parser returned #f
++++ frame_probe ID: 860 receives a frame at time 13.4512s ++++
++++ frame_probe ID: 1010 receives a frame at time 13.455s ++++
++++ frame_probe ID: 890 receives a frame at time 13.4771s ++++
the 100th message counter  has been visited 1 times  
++++ frame_probe ID: 850 receives a frame at time 13.5554s ++++
INFO: Detected an invalid packet at item 96
INFO: Parser returned #f
++++ frame_probe ID: 860 receives a frame at time 13.5962s ++++
++++ frame_probe ID: 1010 receives a frame at time 13.6081s ++++
++++ frame_probe ID: 890 receives a frame at time 13.6302s ++++
the 100th message counter  has been visited 2 times  
++++ frame_probe ID: 850 receives a frame at time 13.7195s ++++
INFO: Detected an invalid packet at item 192
INFO: Parser returned #f
++++ frame_probe ID: 860 receives a frame at time 13.7603s ++++
++++ frame_probe ID: 1010 receives a frame at time 13.7716s ++++
++++ frame_probe ID: 890 receives a frame at time 13.7938s ++++
the 100th message counter  has been visited 3 times  
++++ frame_probe ID: 850 receives a frame at time 13.8942s ++++
INFO: Detected an invalid packet at item 288
INFO: Parser returned #f
++++ frame_probe ID: 860 receives a frame at time 13.9351s ++++
++++ frame_probe ID: 1010 receives a frame at time 13.9443s ++++
Measurement 2/4 complete in 2 second(s).
++++ frame_probe ID: 890 receives a frame at time 13.9662s ++++
the 100th message counter  has been visited 4 times  
++++ frame_probe ID: 850 receives a frame at time 14.2452s ++++
INFO: Detected an invalid packet at item 384
INFO: Parser returned #f
++++ frame_probe ID: 860 receives a frame at time 14.2859s ++++
++++ frame_probe ID: 1010 receives a frame at time 14.29s ++++
++++ frame_probe ID: 890 receives a frame at time 14.3119s ++++
the 100th message counter  has been visited 5 times  
++++ frame_probe ID: 850 receives a frame at time 14.4002s ++++
INFO: Detected an invalid packet at item 480
INFO: Parser returned #f
++++ frame_probe ID: 860 receives a frame at time 14.4409s ++++
++++ frame_probe ID: 1010 receives a frame at time 14.4533s ++++
++++ frame_probe ID: 890 receives a frame at time 14.4752s ++++
the 100th message counter  has been visited 6 times  
++++ frame_probe ID: 850 receives a frame at time 14.5915s ++++
INFO: Detected an invalid packet at item 576
INFO: Parser returned #f
++++ frame_probe ID: 860 receives a frame at time 14.6322s ++++
++++ frame_probe ID: 1010 receives a frame at time 14.6354s ++++
++++ frame_probe ID: 890 receives a frame at time 14.6576s ++++
the 100th message counter  has been visited 7 times  
++++ frame_probe ID: 850 receives a frame at time 14.7371s ++++
INFO: Detected an invalid packet at item 672
INFO: Parser returned #f
++++ frame_probe ID: 860 receives a frame at time 14.7778s ++++
++++ frame_probe ID: 1010 receives a frame at time 14.7887s ++++
++++ frame_probe ID: 890 receives a frame at time 14.8109s ++++
the 100th message counter  has been visited 8 times  
++++ frame_probe ID: 850 receives a frame at time 14.9213s ++++
INFO: Detected an invalid packet at item 768
INFO: Parser returned #f
++++ frame_probe ID: 860 receives a frame at time 14.962s ++++
Measurement 2/4 complete in 1 second(s).
++++ frame_probe ID: 1010 receives a frame at time 14.9712s ++++
++++ frame_probe ID: 890 receives a frame at time 14.9932s ++++
the 100th message counter  has been visited 9 times  
++++ frame_probe ID: 850 receives a frame at time 15.1086s ++++
INFO: Detected an invalid packet at item 864
INFO: Parser returned #f
++++ frame_probe ID: 860 receives a frame at time 15.1492s ++++
++++ frame_probe ID: 1010 receives a frame at time 15.154s ++++
++++ frame_probe ID: 890 receives a frame at time 15.1755s ++++
the 100th message counter  has been visited 10 times  
++++ frame_probe ID: 850 receives a frame at time 15.2548s ++++
INFO: Detected an invalid packet at item 960
INFO: Parser returned #f
++++ frame_probe ID: 860 receives a frame at time 15.2955s ++++
++++ frame_probe ID: 1010 receives a frame at time 15.3071s ++++
++++ frame_probe ID: 890 receives a frame at time 15.329s ++++
the 100th message counter  has been visited 11 times  
++++ frame_probe ID: 850 receives a frame at time 15.4223s ++++
INFO: Detected an invalid packet at item 1056
INFO: Parser returned #f
++++ frame_probe ID: 860 receives a frame at time 15.463s ++++
++++ frame_probe ID: 1010 receives a frame at time 15.4703s ++++
++++ frame_probe ID: 890 receives a frame at time 15.4923s ++++
the 100th message counter  has been visited 12 times  
++++ frame_probe ID: 850 receives a frame at time 15.5635s ++++
INFO: Detected an invalid packet at item 1152
INFO: Parser returned #f
++++ frame_probe ID: 860 receives a frame at time 15.6042s ++++
++++ frame_probe ID: 1010 receives a frame at time 15.6147s ++++
++++ frame_probe ID: 890 receives a frame at time 15.6367s ++++
the 100th message counter  has been visited 13 times  
++++ frame_probe ID: 850 receives a frame at time 15.749s ++++
INFO: Detected an invalid packet at item 1248
INFO: Parser returned #f
++++ frame_probe ID: 860 receives a frame at time 15.7897s ++++
++++ frame_probe ID: 1010 receives a frame at time 15.7971s ++++
++++ frame_probe ID: 890 receives a frame at time 15.8192s ++++
the 100th message counter  has been visited 14 times  
++++ frame_probe ID: 850 receives a frame at time 15.8935s ++++
INFO: Detected an invalid packet at item 1344
INFO: Parser returned #f
++++ frame_probe ID: 860 receives a frame at time 15.9343s ++++
++++ frame_probe ID: 1010 receives a frame at time 15.9406s ++++
++++ frame_probe ID: 890 receives a frame at time 15.9634s ++++
Measurement 2 raw data directory created /home/inets/0_ba/bachelor_thesis/measurements/debug/data/3/2/.
'/home/inets/source/gr-inets/results/receiver_data_received.txt' -> '/home/inets/0_ba/bachelor_thesis/measurements/debug/data/3/2/receiver_data_received.txt'
'/home/inets/source/gr-inets/results/sender_ack_received.txt' -> '/home/inets/0_ba/bachelor_thesis/measurements/debug/data/3/2/sender_ack_received.txt'
'/home/inets/source/gr-inets/results/sender_bfr_dq.txt' -> '/home/inets/0_ba/bachelor_thesis/measurements/debug/data/3/2/sender_bfr_dq.txt'
'/home/inets/source/gr-inets/results/sender_data_sent.txt' -> '/home/inets/0_ba/bachelor_thesis/measurements/debug/data/3/2/sender_data_sent.txt'
Measurement 2 raw data moved to /home/inets/0_ba/bachelor_thesis/measurements/debug/data/3/2/.

Measurement 3/4 complete in 5 second(s).
linux; GNU C++ version 5.4.0 20160609; Boost_105800; UHD_003.009.005-45-g6768a615
linux; GNU C++ version 5.4.0 20160609; Boost_105800; UHD_003.009.005-45-g6768a615


Using Volk machine: avx_64_mmx
-- Opening a USRP2/N-Series device...
Using Volk machine: avx_64_mmx
-- Opening a USRP2/N-Series device...
-- Current recv frame size: 1472 bytes
-- Current recv frame size: 1472 bytes
-- Current send frame size: 1472 bytes
-- Current send frame size: 1472 bytes
Measurement 3/4 complete in 4 second(s).
the 100th message counter is activated.
the 100th message counter is activated.
Measurement 3/4 complete in 3 second(s).
node starts running at 18.3513
node starts running at 18.3605
++++ frame_probe ID: 850 receives a frame at time 18.389s ++++
INFO: Detected an invalid packet at item 0
INFO: Parser returned #f
++++ frame_probe ID: 860 receives a frame at time 18.4301s ++++
++++ frame_probe ID: 1010 receives a frame at time 18.4366s ++++
++++ frame_probe ID: 890 receives a frame at time 18.4562s ++++
the 100th message counter  has been visited 1 times  
++++ frame_probe ID: 850 receives a frame at time 18.5396s ++++
INFO: Detected an invalid packet at item 96
INFO: Parser returned #f
++++ frame_probe ID: 860 receives a frame at time 18.5805s ++++
++++ frame_probe ID: 1010 receives a frame at time 18.5906s ++++
++++ frame_probe ID: 890 receives a frame at time 18.6097s ++++
the 100th message counter  has been visited 2 times  
++++ frame_probe ID: 850 receives a frame at time 18.7242s ++++
INFO: Detected an invalid packet at item 192
INFO: Parser returned #f
++++ frame_probe ID: 860 receives a frame at time 18.7654s ++++
++++ frame_probe ID: 1010 receives a frame at time 18.7721s ++++
++++ frame_probe ID: 890 receives a frame at time 18.792s ++++
the 100th message counter  has been visited 3 times  
++++ frame_probe ID: 850 receives a frame at time 18.8914s ++++
INFO: Detected an invalid packet at item 288
INFO: Parser returned #f
++++ frame_probe ID: 860 receives a frame at time 18.9323s ++++
++++ frame_probe ID: 1010 receives a frame at time 18.9447s ++++
++++ frame_probe ID: 890 receives a frame at time 18.9645s ++++
Measurement 3/4 complete in 2 second(s).
the 100th message counter  has been visited 4 times  
++++ frame_probe ID: 850 receives a frame at time 19.0648s ++++
INFO: Detected an invalid packet at item 384
INFO: Parser returned #f
++++ frame_probe ID: 860 receives a frame at time 19.1056s ++++
++++ frame_probe ID: 1010 receives a frame at time 19.1179s ++++
++++ frame_probe ID: 890 receives a frame at time 19.1368s ++++
the 100th message counter  has been visited 5 times  
++++ frame_probe ID: 850 receives a frame at time 19.2212s ++++
INFO: Detected an invalid packet at item 480
INFO: Parser returned #f
++++ frame_probe ID: 860 receives a frame at time 19.2621s ++++
++++ frame_probe ID: 1010 receives a frame at time 19.2715s ++++
++++ frame_probe ID: 890 receives a frame at time 19.2913s ++++
the 100th message counter  has been visited 6 times  
++++ frame_probe ID: 850 receives a frame at time 19.3797s ++++
INFO: Detected an invalid packet at item 576
INFO: Parser returned #f
++++ frame_probe ID: 860 receives a frame at time 19.4207s ++++
++++ frame_probe ID: 1010 receives a frame at time 19.4247s ++++
++++ frame_probe ID: 890 receives a frame at time 19.4446s ++++
the 100th message counter  has been visited 7 times  
++++ frame_probe ID: 850 receives a frame at time 19.532s ++++
INFO: Detected an invalid packet at item 672
INFO: Parser returned #f
++++ frame_probe ID: 860 receives a frame at time 19.5727s ++++
++++ frame_probe ID: 1010 receives a frame at time 19.5783s ++++
++++ frame_probe ID: 890 receives a frame at time 19.5978s ++++
the 100th message counter  has been visited 8 times  
++++ frame_probe ID: 850 receives a frame at time 19.6692s ++++
INFO: Detected an invalid packet at item 768
INFO: Parser returned #f
++++ frame_probe ID: 860 receives a frame at time 19.7102s ++++
++++ frame_probe ID: 1010 receives a frame at time 19.7223s ++++
++++ frame_probe ID: 890 receives a frame at time 19.7423s ++++
the 100th message counter  has been visited 9 times  
++++ frame_probe ID: 850 receives a frame at time 19.8216s ++++
INFO: Detected an invalid packet at item 864
INFO: Parser returned #f
++++ frame_probe ID: 860 receives a frame at time 19.8626s ++++
++++ frame_probe ID: 1010 receives a frame at time 19.8666s ++++
++++ frame_probe ID: 890 receives a frame at time 19.8855s ++++
the 100th message counter  has been visited 10 times  
++++ frame_probe ID: 850 receives a frame at time 19.9699s ++++
Measurement 3/4 complete in 1 second(s).
INFO: Detected an invalid packet at item 960
INFO: Parser returned #f
++++ frame_probe ID: 860 receives a frame at time 20.011s ++++
++++ frame_probe ID: 1010 receives a frame at time 20.02s ++++
++++ frame_probe ID: 890 receives a frame at time 20.0392s ++++
the 100th message counter  has been visited 11 times  
++++ frame_probe ID: 850 receives a frame at time 20.1186s ++++
INFO: Detected an invalid packet at item 1056
INFO: Parser returned #f
++++ frame_probe ID: 860 receives a frame at time 20.1594s ++++
++++ frame_probe ID: 1010 receives a frame at time 20.1642s ++++
++++ frame_probe ID: 890 receives a frame at time 20.1833s ++++
the 100th message counter  has been visited 12 times  
++++ frame_probe ID: 850 receives a frame at time 20.2797s ++++
INFO: Detected an invalid packet at item 1152
INFO: Parser returned #f
++++ frame_probe ID: 860 receives a frame at time 20.3204s ++++
++++ frame_probe ID: 1010 receives a frame at time 20.3269s ++++
++++ frame_probe ID: 890 receives a frame at time 20.3469s ++++
the 100th message counter  has been visited 13 times  
++++ frame_probe ID: 850 receives a frame at time 20.4173s ++++
INFO: Detected an invalid packet at item 1248
INFO: Parser returned #f
++++ frame_probe ID: 860 receives a frame at time 20.4582s ++++
++++ frame_probe ID: 1010 receives a frame at time 20.461s ++++
++++ frame_probe ID: 890 receives a frame at time 20.4809s ++++
the 100th message counter  has been visited 14 times  
++++ frame_probe ID: 850 receives a frame at time 20.5492s ++++
INFO: Detected an invalid packet at item 1344
INFO: Parser returned #f
++++ frame_probe ID: 860 receives a frame at time 20.5903s ++++
++++ frame_probe ID: 1010 receives a frame at time 20.5954s ++++
++++ frame_probe ID: 890 receives a frame at time 20.6153s ++++
the 100th message counter  has been visited 15 times  
++++ frame_probe ID: 850 receives a frame at time 20.7297s ++++
INFO: Detected an invalid packet at item 1440
INFO: Parser returned #f
++++ frame_probe ID: 860 receives a frame at time 20.7706s ++++
++++ frame_probe ID: 1010 receives a frame at time 20.7778s ++++
++++ frame_probe ID: 890 receives a frame at time 20.7977s ++++
the 100th message counter  has been visited 16 times  
++++ frame_probe ID: 850 receives a frame at time 20.877s ++++
INFO: Detected an invalid packet at item 1536
INFO: Parser returned #f
++++ frame_probe ID: 860 receives a frame at time 20.9179s ++++
++++ frame_probe ID: 1010 receives a frame at time 20.9221s ++++
++++ frame_probe ID: 890 receives a frame at time 20.942s ++++
Measurement 3 raw data directory created /home/inets/0_ba/bachelor_thesis/measurements/debug/data/3/3/.
'/home/inets/source/gr-inets/results/receiver_data_received.txt' -> '/home/inets/0_ba/bachelor_thesis/measurements/debug/data/3/3/receiver_data_received.txt'
'/home/inets/source/gr-inets/results/sender_ack_received.txt' -> '/home/inets/0_ba/bachelor_thesis/measurements/debug/data/3/3/sender_ack_received.txt'
'/home/inets/source/gr-inets/results/sender_bfr_dq.txt' -> '/home/inets/0_ba/bachelor_thesis/measurements/debug/data/3/3/sender_bfr_dq.txt'
'/home/inets/source/gr-inets/results/sender_data_sent.txt' -> '/home/inets/0_ba/bachelor_thesis/measurements/debug/data/3/3/sender_data_sent.txt'
Measurement 3 raw data moved to /home/inets/0_ba/bachelor_thesis/measurements/debug/data/3/3/.

Measurement 4/4 complete in 5 second(s).
linux; GNU C++ version 5.4.0 20160609; Boost_105800; UHD_003.009.005-45-g6768a615
linux; GNU C++ version 5.4.0 20160609; Boost_105800; UHD_003.009.005-45-g6768a615


Using Volk machine: avx_64_mmx
-- Opening a USRP2/N-Series device...
Using Volk machine: avx_64_mmx
-- Opening a USRP2/N-Series device...
-- Current recv frame size: 1472 bytes
-- Current send frame size: 1472 bytes
-- Current recv frame size: 1472 bytes
-- Current send frame size: 1472 bytes
Measurement 4/4 complete in 4 second(s).
the 100th message counter is activated.
the 100th message counter is activated.
Measurement 4/4 complete in 3 second(s).
node starts running at 23.3607
node starts running at 23.37
++++ frame_probe ID: 850 receives a frame at time 23.4268s ++++
INFO: Detected an invalid packet at item 0
INFO: Parser returned #f
++++ frame_probe ID: 860 receives a frame at time 23.4678s ++++
++++ frame_probe ID: 1010 receives a frame at time 23.4784s ++++
++++ frame_probe ID: 890 receives a frame at time 23.5061s ++++
the 100th message counter  has been visited 1 times  
++++ frame_probe ID: 850 receives a frame at time 23.5795s ++++
INFO: Detected an invalid packet at item 96
INFO: Parser returned #f
++++ frame_probe ID: 860 receives a frame at time 23.6203s ++++
++++ frame_probe ID: 1010 receives a frame at time 23.6325s ++++
++++ frame_probe ID: 890 receives a frame at time 23.6589s ++++
the 100th message counter  has been visited 2 times  
++++ frame_probe ID: 850 receives a frame at time 23.7562s ++++
INFO: Detected an invalid packet at item 192
INFO: Parser returned #f
++++ frame_probe ID: 860 receives a frame at time 23.7969s ++++
++++ frame_probe ID: 1010 receives a frame at time 23.8047s ++++
++++ frame_probe ID: 890 receives a frame at time 23.832s ++++
the 100th message counter  has been visited 3 times  
++++ frame_probe ID: 850 receives a frame at time 23.9393s ++++
INFO: Detected an invalid packet at item 288
INFO: Parser returned #f
++++ frame_probe ID: 860 receives a frame at time 23.98s ++++
Measurement 4/4 complete in 2 second(s).
++++ frame_probe ID: 1010 receives a frame at time 23.9873s ++++
++++ frame_probe ID: 890 receives a frame at time 24.0139s ++++
the 100th message counter  has been visited 4 times  
++++ frame_probe ID: 850 receives a frame at time 24.1083s ++++
INFO: Detected an invalid packet at item 384
INFO: Parser returned #f
++++ frame_probe ID: 860 receives a frame at time 24.1491s ++++
++++ frame_probe ID: 1010 receives a frame at time 24.1597s ++++
++++ frame_probe ID: 890 receives a frame at time 24.1864s ++++
the 100th message counter  has been visited 5 times  
++++ frame_probe ID: 850 receives a frame at time 24.548s ++++
INFO: Detected an invalid packet at item 480
INFO: Parser returned #f
++++ frame_probe ID: 860 receives a frame at time 24.5889s ++++
++++ frame_probe ID: 1010 receives a frame at time 24.5917s ++++
++++ frame_probe ID: 890 receives a frame at time 24.6183s ++++
the 100th message counter  has been visited 6 times  
++++ frame_probe ID: 850 receives a frame at time 24.7097s ++++
INFO: Detected an invalid packet at item 576
INFO: Parser returned #f
++++ frame_probe ID: 860 receives a frame at time 24.7505s ++++
++++ frame_probe ID: 1010 receives a frame at time 24.7551s ++++
++++ frame_probe ID: 890 receives a frame at time 24.7817s ++++
the 100th message counter  has been visited 7 times  
++++ frame_probe ID: 850 receives a frame at time 24.8821s ++++
INFO: Detected an invalid packet at item 672
INFO: Parser returned #f
++++ frame_probe ID: 860 receives a frame at time 24.9228s ++++
++++ frame_probe ID: 1010 receives a frame at time 24.9284s ++++
++++ frame_probe ID: 890 receives a frame at time 24.9541s ++++
Measurement 4/4 complete in 1 second(s).
the 100th message counter  has been visited 8 times  
++++ frame_probe ID: 850 receives a frame at time 25.0464s ++++
INFO: Detected an invalid packet at item 768
INFO: Parser returned #f
++++ frame_probe ID: 860 receives a frame at time 25.0871s ++++
++++ frame_probe ID: 1010 receives a frame at time 25.0918s ++++
++++ frame_probe ID: 890 receives a frame at time 25.1174s ++++
the 100th message counter  has been visited 9 times  
++++ frame_probe ID: 850 receives a frame at time 25.1858s ++++
INFO: Detected an invalid packet at item 864
INFO: Parser returned #f
++++ frame_probe ID: 860 receives a frame at time 25.2265s ++++
++++ frame_probe ID: 1010 receives a frame at time 25.2351s ++++
++++ frame_probe ID: 890 receives a frame at time 25.2616s ++++
the 100th message counter  has been visited 10 times  
++++ frame_probe ID: 850 receives a frame at time 25.3549s ++++
INFO: Detected an invalid packet at item 960
INFO: Parser returned #f
++++ frame_probe ID: 860 receives a frame at time 25.3956s ++++
++++ frame_probe ID: 1010 receives a frame at time 25.3986s ++++
++++ frame_probe ID: 890 receives a frame at time 25.4251s ++++
the 100th message counter  has been visited 11 times  
++++ frame_probe ID: 850 receives a frame at time 25.5096s ++++
INFO: Detected an invalid packet at item 1056
INFO: Parser returned #f
++++ frame_probe ID: 860 receives a frame at time 25.5503s ++++
++++ frame_probe ID: 1010 receives a frame at time 25.5618s ++++
++++ frame_probe ID: 890 receives a frame at time 25.5884s ++++
the 100th message counter  has been visited 12 times  
++++ frame_probe ID: 850 receives a frame at time 25.6997s ++++
INFO: Detected an invalid packet at item 1152
INFO: Parser returned #f
++++ frame_probe ID: 860 receives a frame at time 25.7405s ++++
++++ frame_probe ID: 1010 receives a frame at time 25.7441s ++++
++++ frame_probe ID: 890 receives a frame at time 25.7707s ++++
the 100th message counter  has been visited 13 times  
++++ frame_probe ID: 850 receives a frame at time 25.843s ++++
INFO: Detected an invalid packet at item 1248
INFO: Parser returned #f
++++ frame_probe ID: 860 receives a frame at time 25.8838s ++++
++++ frame_probe ID: 1010 receives a frame at time 25.8884s ++++
++++ frame_probe ID: 890 receives a frame at time 25.914s ++++
Measurement 4 raw data directory created /home/inets/0_ba/bachelor_thesis/measurements/debug/data/3/4/.
'/home/inets/source/gr-inets/results/receiver_data_received.txt' -> '/home/inets/0_ba/bachelor_thesis/measurements/debug/data/3/4/receiver_data_received.txt'
'/home/inets/source/gr-inets/results/sender_ack_received.txt' -> '/home/inets/0_ba/bachelor_thesis/measurements/debug/data/3/4/sender_ack_received.txt'
'/home/inets/source/gr-inets/results/sender_bfr_dq.txt' -> '/home/inets/0_ba/bachelor_thesis/measurements/debug/data/3/4/sender_bfr_dq.txt'
'/home/inets/source/gr-inets/results/sender_data_sent.txt' -> '/home/inets/0_ba/bachelor_thesis/measurements/debug/data/3/4/sender_data_sent.txt'
Measurement 4 raw data moved to /home/inets/0_ba/bachelor_thesis/measurements/debug/data/3/4/.

Now processing results...
Plotting Python should be: python3 (UBUNTU).
Hello from throughput.py!
Hello from variables.py!
[ 16000.  15000.  17000.  14000.]
Hello from myplot.py!
I will print a pdf for you now!
Hello from myplot.py!
I will print a cdf for you now!
<a list of 1 Patch objects>
Hello from myplot.py!
I will print a boxplot for you now!
Hello from myplot.py!
I will print a bar for you now!
Hello from rtt.py!
Hello from variables.py!

The resulting mean RTT of this single measurement is:
0.07427875



The resulting mean RTT of this single measurement is:
0.07105333333333333



The resulting mean RTT of this single measurement is:
0.06776411764705882



The resulting mean RTT of this single measurement is:
0.07423857142857142


[ 0.07427875  0.07105333  0.06776412  0.07423857]
Hello from myplot.py!
I will print a pdf for you now!
Hello from myplot.py!
I will print a cdf for you now!
<a list of 1 Patch objects>
Hello from myplot.py!
I will print a boxplot for you now!
Hello from myplot.py!
I will print a bar for you now!

+--------------------------------------------------------------+
| Plotting completed. Until the next measurement session then! |
+--------------------------------------------------------------+
