Measurement 1/4 complete in 5 second(s).
linux; GNU C++ version 5.4.0 20160609; Boost_105800; UHD_003.009.005-45-g6768a615
linux; GNU C++ version 5.4.0 20160609; Boost_105800; UHD_003.009.005-45-g6768a615


Using Volk machine: avx_64_mmx
-- Opening a USRP2/N-Series device...
Using Volk machine: avx_64_mmx
-- Opening a USRP2/N-Series device...
-- Current recv frame size: 1472 bytes
-- Current send frame size: 1472 bytes
-- Current recv frame size: 1472 bytes
-- Current send frame size: 1472 bytes
Measurement 1/4 complete in 4 second(s).
the 100th message counter is activated.
the 100th message counter is activated.
Measurement 1/4 complete in 3 second(s).
node starts running at 74.2407
node starts running at 74.2427
++++ frame_probe ID: 850 receives a frame at time 74.4128s ++++
INFO: Detected an invalid packet at item 0
INFO: Parser returned #f
++++ frame_probe ID: 860 receives a frame at time 74.4539s ++++
++++ frame_probe ID: 1010 receives a frame at time 74.464s ++++
INFO: Detected an invalid packet at item 32
INFO: Parser returned #f
++++ frame_probe ID: 890 receives a frame at time 74.4905s ++++
the 100th message counter  has been visited 1 times  
++++ frame_probe ID: 850 receives a frame at time 74.5889s ++++
INFO: Detected an invalid packet at item 96
INFO: Parser returned #f
++++ frame_probe ID: 860 receives a frame at time 74.6297s ++++
++++ frame_probe ID: 1010 receives a frame at time 74.6374s ++++
INFO: Detected an invalid packet at item 128
INFO: Parser returned #f
++++ frame_probe ID: 890 receives a frame at time 74.6638s ++++
the 100th message counter  has been visited 2 times  
++++ frame_probe ID: 850 receives a frame at time 74.7501s ++++
INFO: Detected an invalid packet at item 192
INFO: Parser returned #f
++++ frame_probe ID: 860 receives a frame at time 74.7909s ++++
++++ frame_probe ID: 1010 receives a frame at time 74.8005s ++++
++++ frame_probe ID: 890 receives a frame at time 74.8262s ++++
Measurement 1/4 complete in 2 second(s).
the 100th message counter  has been visited 3 times  
++++ frame_probe ID: 850 receives a frame at time 74.9236s ++++
INFO: Detected an invalid packet at item 288
INFO: Parser returned #f
++++ frame_probe ID: 860 receives a frame at time 74.9643s ++++
++++ frame_probe ID: 1010 receives a frame at time 74.9728s ++++
INFO: Detected an invalid packet at item 288
INFO: Parser returned #f
++++ frame_probe ID: 890 receives a frame at time 74.9992s ++++
the 100th message counter  has been visited 4 times  
++++ frame_probe ID: 850 receives a frame at time 75.1117s ++++
INFO: Detected an invalid packet at item 384
INFO: Parser returned #f
++++ frame_probe ID: 860 receives a frame at time 75.1525s ++++
++++ frame_probe ID: 1010 receives a frame at time 75.1553s ++++
++++ frame_probe ID: 890 receives a frame at time 75.1818s ++++
the 100th message counter  has been visited 5 times  
++++ frame_probe ID: 850 receives a frame at time 75.2752s ++++
INFO: Detected an invalid packet at item 480
INFO: Parser returned #f
++++ frame_probe ID: 860 receives a frame at time 75.3162s ++++
++++ frame_probe ID: 1010 receives a frame at time 75.3279s ++++
INFO: Detected an invalid packet at item 448
INFO: Parser returned #f
++++ frame_probe ID: 890 receives a frame at time 75.3542s ++++
the 100th message counter  has been visited 6 times  
++++ frame_probe ID: 850 receives a frame at time 75.4275s ++++
INFO: Detected an invalid packet at item 576
INFO: Parser returned #f
++++ frame_probe ID: 860 receives a frame at time 75.4682s ++++
++++ frame_probe ID: 1010 receives a frame at time 75.472s ++++
INFO: Detected an invalid packet at item 544
INFO: Parser returned #f
++++ frame_probe ID: 890 receives a frame at time 75.4987s ++++
the 100th message counter  has been visited 7 times  
++++ frame_probe ID: 850 receives a frame at time 75.5741s ++++
INFO: Detected an invalid packet at item 672
INFO: Parser returned #f
++++ frame_probe ID: 860 receives a frame at time 75.6151s ++++
++++ frame_probe ID: 1010 receives a frame at time 75.6257s ++++
INFO: Detected an invalid packet at item 640
INFO: Parser returned #f
++++ frame_probe ID: 890 receives a frame at time 75.6521s ++++
the 100th message counter  has been visited 8 times  
++++ frame_probe ID: 850 receives a frame at time 75.7614s ++++
INFO: Detected an invalid packet at item 768
INFO: Parser returned #f
++++ frame_probe ID: 860 receives a frame at time 75.8021s ++++
++++ frame_probe ID: 1010 receives a frame at time 75.8078s ++++
INFO: Detected an invalid packet at item 736
INFO: Parser returned #f
++++ frame_probe ID: 890 receives a frame at time 75.8342s ++++
Measurement 1/4 complete in 1 second(s).
the 100th message counter  has been visited 9 times  
++++ frame_probe ID: 850 receives a frame at time 75.9235s ++++
INFO: Detected an invalid packet at item 864
INFO: Parser returned #f
++++ frame_probe ID: 860 receives a frame at time 75.9643s ++++
++++ frame_probe ID: 1010 receives a frame at time 75.971s ++++
INFO: Detected an invalid packet at item 832
INFO: Parser returned #f
++++ frame_probe ID: 890 receives a frame at time 75.9967s ++++
the 100th message counter  has been visited 10 times  
++++ frame_probe ID: 850 receives a frame at time 76.0769s ++++
INFO: Detected an invalid packet at item 960
INFO: Parser returned #f
++++ frame_probe ID: 860 receives a frame at time 76.1176s ++++
++++ frame_probe ID: 1010 receives a frame at time 76.1244s ++++
INFO: Detected an invalid packet at item 928
INFO: Parser returned #f
++++ frame_probe ID: 890 receives a frame at time 76.1508s ++++
the 100th message counter  has been visited 11 times  
++++ frame_probe ID: 850 receives a frame at time 76.2501s ++++
INFO: Detected an invalid packet at item 1056
INFO: Parser returned #f
++++ frame_probe ID: 860 receives a frame at time 76.2909s ++++
++++ frame_probe ID: 1010 receives a frame at time 76.2969s ++++
++++ frame_probe ID: 890 receives a frame at time 76.3235s ++++
the 100th message counter  has been visited 12 times  
++++ frame_probe ID: 850 receives a frame at time 76.4349s ++++
INFO: Detected an invalid packet at item 1152
INFO: Parser returned #f
++++ frame_probe ID: 860 receives a frame at time 76.4758s ++++
++++ frame_probe ID: 1010 receives a frame at time 76.4794s ++++
++++ frame_probe ID: 890 receives a frame at time 76.506s ++++
the 100th message counter  has been visited 13 times  
++++ frame_probe ID: 850 receives a frame at time 76.6055s ++++
INFO: Detected an invalid packet at item 1248
INFO: Parser returned #f
++++ frame_probe ID: 860 receives a frame at time 76.6464s ++++
++++ frame_probe ID: 1010 receives a frame at time 76.6529s ++++
++++ frame_probe ID: 890 receives a frame at time 76.6783s ++++
the 100th message counter  has been visited 14 times  
++++ frame_probe ID: 850 receives a frame at time 76.7517s ++++
INFO: Detected an invalid packet at item 1344
INFO: Parser returned #f
++++ frame_probe ID: 860 receives a frame at time 76.7925s ++++
++++ frame_probe ID: 1010 receives a frame at time 76.7961s ++++
++++ frame_probe ID: 890 receives a frame at time 76.8225s ++++
Measurement 1 raw data directory created /home/inets/0_ba/bachelor_thesis/measurements/debug/data/56/1/.
'/home/inets/source/gr-inets/results/receiver_data_received.txt' -> '/home/inets/0_ba/bachelor_thesis/measurements/debug/data/56/1/receiver_data_received.txt'
'/home/inets/source/gr-inets/results/sender_ack_received.txt' -> '/home/inets/0_ba/bachelor_thesis/measurements/debug/data/56/1/sender_ack_received.txt'
'/home/inets/source/gr-inets/results/sender_bfr_dq.txt' -> '/home/inets/0_ba/bachelor_thesis/measurements/debug/data/56/1/sender_bfr_dq.txt'
'/home/inets/source/gr-inets/results/sender_data_sent.txt' -> '/home/inets/0_ba/bachelor_thesis/measurements/debug/data/56/1/sender_data_sent.txt'
Measurement 1 raw data moved to /home/inets/0_ba/bachelor_thesis/measurements/debug/data/56/1/.

Measurement 2/4 complete in 5 second(s).
linux; GNU C++ version 5.4.0 20160609; Boost_105800; UHD_003.009.005-45-g6768a615
linux; GNU C++ version 5.4.0 20160609; Boost_105800; UHD_003.009.005-45-g6768a615


Using Volk machine: avx_64_mmx
-- Opening a USRP2/N-Series device...
Using Volk machine: avx_64_mmx
-- Opening a USRP2/N-Series device...
-- Current recv frame size: 1472 bytes
-- Current send frame size: 1472 bytes
-- Current recv frame size: 1472 bytes
-- Current send frame size: 1472 bytes
Measurement 2/4 complete in 4 second(s).
the 100th message counter is activated.
the 100th message counter is activated.
Measurement 2/4 complete in 3 second(s).
node starts running at 79.1965
node starts running at 79.203
++++ frame_probe ID: 850 receives a frame at time 79.6662s ++++
INFO: Detected an invalid packet at item 0
INFO: Parser returned #f
++++ frame_probe ID: 860 receives a frame at time 79.7073s ++++
++++ frame_probe ID: 1010 receives a frame at time 79.7189s ++++
INFO: Detected an invalid packet at item 32
INFO: Parser returned #f
++++ frame_probe ID: 890 receives a frame at time 79.7418s ++++
the 100th message counter  has been visited 1 times  
++++ frame_probe ID: 850 receives a frame at time 79.8403s ++++
INFO: Detected an invalid packet at item 96
INFO: Parser returned #f
Measurement 2/4 complete in 2 second(s).
++++ frame_probe ID: 860 receives a frame at time 79.8813s ++++
++++ frame_probe ID: 1010 receives a frame at time 79.8911s ++++
++++ frame_probe ID: 890 receives a frame at time 79.9147s ++++
the 100th message counter  has been visited 2 times  
++++ frame_probe ID: 850 receives a frame at time 80.0201s ++++
INFO: Detected an invalid packet at item 192
INFO: Parser returned #f
++++ frame_probe ID: 860 receives a frame at time 80.0609s ++++
++++ frame_probe ID: 1010 receives a frame at time 80.0642s ++++
INFO: Detected an invalid packet at item 192
INFO: Parser returned #f
++++ frame_probe ID: 890 receives a frame at time 80.0871s ++++
the 100th message counter  has been visited 3 times  
++++ frame_probe ID: 850 receives a frame at time 80.1576s ++++
INFO: Detected an invalid packet at item 288
INFO: Parser returned #f
++++ frame_probe ID: 860 receives a frame at time 80.1983s ++++
++++ frame_probe ID: 1010 receives a frame at time 80.2078s ++++
INFO: Detected an invalid packet at item 288
INFO: Parser returned #f
++++ frame_probe ID: 890 receives a frame at time 80.2303s ++++
the 100th message counter  has been visited 4 times  
++++ frame_probe ID: 850 receives a frame at time 80.3037s ++++
INFO: Detected an invalid packet at item 384
INFO: Parser returned #f
++++ frame_probe ID: 860 receives a frame at time 80.3444s ++++
++++ frame_probe ID: 1010 receives a frame at time 80.3517s ++++
++++ frame_probe ID: 890 receives a frame at time 80.3745s ++++
the 100th message counter  has been visited 5 times  
++++ frame_probe ID: 850 receives a frame at time 80.4537s ++++
INFO: Detected an invalid packet at item 480
INFO: Parser returned #f
++++ frame_probe ID: 860 receives a frame at time 80.4945s ++++
++++ frame_probe ID: 1010 receives a frame at time 80.5056s ++++
++++ frame_probe ID: 890 receives a frame at time 80.528s ++++
the 100th message counter  has been visited 6 times  
++++ frame_probe ID: 850 receives a frame at time 80.6314s ++++
INFO: Detected an invalid packet at item 576
INFO: Parser returned #f
++++ frame_probe ID: 860 receives a frame at time 80.6725s ++++
++++ frame_probe ID: 1010 receives a frame at time 80.6786s ++++
++++ frame_probe ID: 890 receives a frame at time 80.7016s ++++
the 100th message counter  has been visited 7 times  
++++ frame_probe ID: 850 receives a frame at time 80.7999s ++++
INFO: Detected an invalid packet at item 672
INFO: Parser returned #f
++++ frame_probe ID: 860 receives a frame at time 80.8409s ++++
++++ frame_probe ID: 1010 receives a frame at time 80.851s ++++
Measurement 2/4 complete in 1 second(s).
INFO: Detected an invalid packet at item 576
INFO: Parser returned #f
++++ frame_probe ID: 890 receives a frame at time 80.874s ++++
the 100th message counter  has been visited 8 times  
++++ frame_probe ID: 850 receives a frame at time 80.9683s ++++
INFO: Detected an invalid packet at item 768
INFO: Parser returned #f
++++ frame_probe ID: 860 receives a frame at time 81.0093s ++++
++++ frame_probe ID: 1010 receives a frame at time 81.0142s ++++
INFO: Detected an invalid packet at item 672
INFO: Parser returned #f
++++ frame_probe ID: 890 receives a frame at time 81.0372s ++++
the 100th message counter  has been visited 9 times  
++++ frame_probe ID: 850 receives a frame at time 81.1085s ++++
INFO: Detected an invalid packet at item 864
INFO: Parser returned #f
++++ frame_probe ID: 860 receives a frame at time 81.1492s ++++
++++ frame_probe ID: 1010 receives a frame at time 81.1588s ++++
INFO: Detected an invalid packet at item 768
INFO: Parser returned #f
++++ frame_probe ID: 890 receives a frame at time 81.1815s ++++
the 100th message counter  has been visited 10 times  
++++ frame_probe ID: 850 receives a frame at time 81.2648s ++++
INFO: Detected an invalid packet at item 960
INFO: Parser returned #f
++++ frame_probe ID: 860 receives a frame at time 81.3055s ++++
++++ frame_probe ID: 1010 receives a frame at time 81.312s ++++
INFO: Detected an invalid packet at item 864
INFO: Parser returned #f
++++ frame_probe ID: 890 receives a frame at time 81.3347s ++++
the 100th message counter  has been visited 11 times  
++++ frame_probe ID: 850 receives a frame at time 81.4441s ++++
INFO: Detected an invalid packet at item 1056
INFO: Parser returned #f
++++ frame_probe ID: 860 receives a frame at time 81.4853s ++++
++++ frame_probe ID: 1010 receives a frame at time 81.4946s ++++
INFO: Detected an invalid packet at item 960
INFO: Parser returned #f
++++ frame_probe ID: 890 receives a frame at time 81.5172s ++++
the 100th message counter  has been visited 12 times  
++++ frame_probe ID: 850 receives a frame at time 81.6295s ++++
INFO: Detected an invalid packet at item 1152
INFO: Parser returned #f
++++ frame_probe ID: 860 receives a frame at time 81.6704s ++++
++++ frame_probe ID: 1010 receives a frame at time 81.6767s ++++
INFO: Detected an invalid packet at item 1056
INFO: Parser returned #f
++++ frame_probe ID: 890 receives a frame at time 81.6998s ++++
the 100th message counter  has been visited 13 times  
++++ frame_probe ID: 850 receives a frame at time 81.8144s ++++
INFO: Detected an invalid packet at item 1248
INFO: Parser returned #f
Measurement 2 raw data directory created /home/inets/0_ba/bachelor_thesis/measurements/debug/data/56/2/.
'/home/inets/source/gr-inets/results/receiver_data_received.txt' -> '/home/inets/0_ba/bachelor_thesis/measurements/debug/data/56/2/receiver_data_received.txt'
'/home/inets/source/gr-inets/results/sender_ack_received.txt' -> '/home/inets/0_ba/bachelor_thesis/measurements/debug/data/56/2/sender_ack_received.txt'
'/home/inets/source/gr-inets/results/sender_bfr_dq.txt' -> '/home/inets/0_ba/bachelor_thesis/measurements/debug/data/56/2/sender_bfr_dq.txt'
'/home/inets/source/gr-inets/results/sender_data_sent.txt' -> '/home/inets/0_ba/bachelor_thesis/measurements/debug/data/56/2/sender_data_sent.txt'
Measurement 2 raw data moved to /home/inets/0_ba/bachelor_thesis/measurements/debug/data/56/2/.

Measurement 3/4 complete in 5 second(s).
linux; GNU C++ version 5.4.0 20160609; Boost_105800; UHD_003.009.005-45-g6768a615

linux; GNU C++ version 5.4.0 20160609; Boost_105800; UHD_003.009.005-45-g6768a615

Using Volk machine: avx_64_mmx
-- Opening a USRP2/N-Series device...
Using Volk machine: avx_64_mmx
-- Opening a USRP2/N-Series device...
-- Current recv frame size: 1472 bytes
-- Current send frame size: 1472 bytes
-- Current recv frame size: 1472 bytes
-- Current send frame size: 1472 bytes
Measurement 3/4 complete in 4 second(s).
the 100th message counter is activated.
the 100th message counter is activated.
Measurement 3/4 complete in 3 second(s).
node starts running at 84.2744
node starts running at 84.2782
++++ frame_probe ID: 850 receives a frame at time 84.3194s ++++
INFO: Detected an invalid packet at item 0
INFO: Parser returned #f
++++ frame_probe ID: 860 receives a frame at time 84.3604s ++++
++++ frame_probe ID: 1010 receives a frame at time 84.3717s ++++
++++ frame_probe ID: 890 receives a frame at time 84.3964s ++++
the 100th message counter  has been visited 1 times  
++++ frame_probe ID: 850 receives a frame at time 84.4858s ++++
INFO: Detected an invalid packet at item 96
INFO: Parser returned #f
++++ frame_probe ID: 860 receives a frame at time 84.5268s ++++
++++ frame_probe ID: 1010 receives a frame at time 84.535s ++++
INFO: Detected an invalid packet at item 96
INFO: Parser returned #f
++++ frame_probe ID: 890 receives a frame at time 84.5595s ++++
the 100th message counter  has been visited 2 times  
++++ frame_probe ID: 850 receives a frame at time 84.6531s ++++
INFO: Detected an invalid packet at item 192
INFO: Parser returned #f
++++ frame_probe ID: 860 receives a frame at time 84.694s ++++
++++ frame_probe ID: 1010 receives a frame at time 84.6973s ++++
INFO: Detected an invalid packet at item 192
INFO: Parser returned #f
++++ frame_probe ID: 890 receives a frame at time 84.7219s ++++
the 100th message counter  has been visited 3 times  
++++ frame_probe ID: 850 receives a frame at time 84.7972s ++++
INFO: Detected an invalid packet at item 288
INFO: Parser returned #f
++++ frame_probe ID: 860 receives a frame at time 84.8381s ++++
++++ frame_probe ID: 1010 receives a frame at time 84.8417s ++++
INFO: Detected an invalid packet at item 288
INFO: Parser returned #f
Measurement 3/4 complete in 2 second(s).
++++ frame_probe ID: 890 receives a frame at time 84.8661s ++++
the 100th message counter  has been visited 4 times  
++++ frame_probe ID: 850 receives a frame at time 84.9485s ++++
INFO: Detected an invalid packet at item 384
INFO: Parser returned #f
++++ frame_probe ID: 860 receives a frame at time 84.9895s ++++
++++ frame_probe ID: 1010 receives a frame at time 84.9954s ++++
INFO: Detected an invalid packet at item 384
INFO: Parser returned #f
++++ frame_probe ID: 890 receives a frame at time 85.0196s ++++
the 100th message counter  has been visited 5 times  
++++ frame_probe ID: 850 receives a frame at time 85.097s ++++
INFO: Detected an invalid packet at item 480
INFO: Parser returned #f
++++ frame_probe ID: 860 receives a frame at time 85.1377s ++++
++++ frame_probe ID: 1010 receives a frame at time 85.1491s ++++
++++ frame_probe ID: 890 receives a frame at time 85.1728s ++++
the 100th message counter  has been visited 6 times  
++++ frame_probe ID: 850 receives a frame at time 85.2502s ++++
INFO: Detected an invalid packet at item 576
INFO: Parser returned #f
++++ frame_probe ID: 860 receives a frame at time 85.2909s ++++
++++ frame_probe ID: 1010 receives a frame at time 85.3029s ++++
INFO: Detected an invalid packet at item 544
INFO: Parser returned #f
++++ frame_probe ID: 890 receives a frame at time 85.3264s ++++
the 100th message counter  has been visited 7 times  
++++ frame_probe ID: 850 receives a frame at time 85.4157s ++++
INFO: Detected an invalid packet at item 672
INFO: Parser returned #f
++++ frame_probe ID: 860 receives a frame at time 85.4566s ++++
++++ frame_probe ID: 1010 receives a frame at time 85.466s ++++
INFO: Detected an invalid packet at item 640
INFO: Parser returned #f
++++ frame_probe ID: 890 receives a frame at time 85.4898s ++++
the 100th message counter  has been visited 8 times  
++++ frame_probe ID: 850 receives a frame at time 85.5651s ++++
INFO: Detected an invalid packet at item 768
INFO: Parser returned #f
++++ frame_probe ID: 860 receives a frame at time 85.606s ++++
++++ frame_probe ID: 1010 receives a frame at time 85.6094s ++++
INFO: Detected an invalid packet at item 736
INFO: Parser returned #f
++++ frame_probe ID: 890 receives a frame at time 85.634s ++++
the 100th message counter  has been visited 9 times  
++++ frame_probe ID: 850 receives a frame at time 85.7187s ++++
INFO: Detected an invalid packet at item 864
INFO: Parser returned #f
++++ frame_probe ID: 860 receives a frame at time 85.7597s ++++
++++ frame_probe ID: 1010 receives a frame at time 85.7637s ++++
INFO: Detected an invalid packet at item 832
INFO: Parser returned #f
++++ frame_probe ID: 890 receives a frame at time 85.7874s ++++
Measurement 3/4 complete in 1 second(s).
the 100th message counter  has been visited 10 times  
++++ frame_probe ID: 850 receives a frame at time 85.8921s ++++
INFO: Detected an invalid packet at item 960
INFO: Parser returned #f
++++ frame_probe ID: 860 receives a frame at time 85.9332s ++++
++++ frame_probe ID: 1010 receives a frame at time 85.936s ++++
INFO: Detected an invalid packet at item 928
INFO: Parser returned #f
++++ frame_probe ID: 890 receives a frame at time 85.9597s ++++
the 100th message counter  has been visited 11 times  
++++ frame_probe ID: 850 receives a frame at time 86.0651s ++++
INFO: Detected an invalid packet at item 1056
INFO: Parser returned #f
++++ frame_probe ID: 860 receives a frame at time 86.106s ++++
++++ frame_probe ID: 1010 receives a frame at time 86.1095s ++++
INFO: Detected an invalid packet at item 1024
INFO: Parser returned #f
++++ frame_probe ID: 890 receives a frame at time 86.133s ++++
the 100th message counter  has been visited 12 times  
++++ frame_probe ID: 850 receives a frame at time 86.2393s ++++
INFO: Detected an invalid packet at item 1152
INFO: Parser returned #f
++++ frame_probe ID: 860 receives a frame at time 86.2801s ++++
++++ frame_probe ID: 1010 receives a frame at time 86.2918s ++++
INFO: Detected an invalid packet at item 1120
INFO: Parser returned #f
++++ frame_probe ID: 890 receives a frame at time 86.3155s ++++
the 100th message counter  has been visited 13 times  
++++ frame_probe ID: 850 receives a frame at time 86.3998s ++++
INFO: Detected an invalid packet at item 1248
INFO: Parser returned #f
++++ frame_probe ID: 860 receives a frame at time 86.4406s ++++
++++ frame_probe ID: 1010 receives a frame at time 86.4454s ++++
++++ frame_probe ID: 890 receives a frame at time 86.4689s ++++
the 100th message counter  has been visited 14 times  
++++ frame_probe ID: 850 receives a frame at time 86.5604s ++++
INFO: Detected an invalid packet at item 1344
INFO: Parser returned #f
++++ frame_probe ID: 860 receives a frame at time 86.6012s ++++
++++ frame_probe ID: 1010 receives a frame at time 86.6076s ++++
INFO: Detected an invalid packet at item 1280
INFO: Parser returned #f
++++ frame_probe ID: 890 receives a frame at time 86.6321s ++++
the 100th message counter  has been visited 15 times  
++++ frame_probe ID: 850 receives a frame at time 86.7425s ++++
INFO: Detected an invalid packet at item 1440
INFO: Parser returned #f
++++ frame_probe ID: 860 receives a frame at time 86.7836s ++++
++++ frame_probe ID: 1010 receives a frame at time 86.7902s ++++
INFO: Detected an invalid packet at item 1376
INFO: Parser returned #f
++++ frame_probe ID: 890 receives a frame at time 86.8146s ++++
Measurement 3 raw data directory created /home/inets/0_ba/bachelor_thesis/measurements/debug/data/56/3/.
'/home/inets/source/gr-inets/results/receiver_data_received.txt' -> '/home/inets/0_ba/bachelor_thesis/measurements/debug/data/56/3/receiver_data_received.txt'
'/home/inets/source/gr-inets/results/sender_ack_received.txt' -> '/home/inets/0_ba/bachelor_thesis/measurements/debug/data/56/3/sender_ack_received.txt'
'/home/inets/source/gr-inets/results/sender_bfr_dq.txt' -> '/home/inets/0_ba/bachelor_thesis/measurements/debug/data/56/3/sender_bfr_dq.txt'
'/home/inets/source/gr-inets/results/sender_data_sent.txt' -> '/home/inets/0_ba/bachelor_thesis/measurements/debug/data/56/3/sender_data_sent.txt'
Measurement 3 raw data moved to /home/inets/0_ba/bachelor_thesis/measurements/debug/data/56/3/.

Measurement 4/4 complete in 5 second(s).
linux; GNU C++ version 5.4.0 20160609; Boost_105800; UHD_003.009.005-45-g6768a615
linux; GNU C++ version 5.4.0 20160609; Boost_105800; UHD_003.009.005-45-g6768a615


Using Volk machine: avx_64_mmx
-- Opening a USRP2/N-Series device...
Using Volk machine: avx_64_mmx
-- Opening a USRP2/N-Series device...
-- Current recv frame size: 1472 bytes
-- Current send frame size: 1472 bytes
-- Current recv frame size: 1472 bytes
-- Current send frame size: 1472 bytes
Measurement 4/4 complete in 4 second(s).
the 100th message counter is activated.
the 100th message counter is activated.
Measurement 4/4 complete in 3 second(s).
node starts running at 89.2583
node starts running at 89.2601
++++ frame_probe ID: 850 receives a frame at time 89.3281s ++++
INFO: Detected an invalid packet at item 0
INFO: Parser returned #f
++++ frame_probe ID: 860 receives a frame at time 89.3692s ++++
++++ frame_probe ID: 1010 receives a frame at time 89.3749s ++++
++++ frame_probe ID: 890 receives a frame at time 89.3943s ++++
INFO: Detected an invalid packet at item 32
INFO: Parser returned #f
the 100th message counter  has been visited 1 times  
++++ frame_probe ID: 850 receives a frame at time 89.4801s ++++
INFO: Detected an invalid packet at item 96
INFO: Parser returned #f
++++ frame_probe ID: 860 receives a frame at time 89.5209s ++++
++++ frame_probe ID: 1010 receives a frame at time 89.528s ++++
++++ frame_probe ID: 890 receives a frame at time 89.5475s ++++
the 100th message counter  has been visited 2 times  
++++ frame_probe ID: 850 receives a frame at time 89.6538s ++++
INFO: Detected an invalid packet at item 192
INFO: Parser returned #f
++++ frame_probe ID: 860 receives a frame at time 89.6945s ++++
++++ frame_probe ID: 1010 receives a frame at time 89.7003s ++++
++++ frame_probe ID: 890 receives a frame at time 89.7206s ++++
INFO: Detected an invalid packet at item 192
INFO: Parser returned #f
the 100th message counter  has been visited 3 times  
Measurement 4/4 complete in 2 second(s).
++++ frame_probe ID: 850 receives a frame at time 89.954s ++++
INFO: Detected an invalid packet at item 288
INFO: Parser returned #f
++++ frame_probe ID: 860 receives a frame at time 89.9948s ++++
++++ frame_probe ID: 1010 receives a frame at time 89.9981s ++++
INFO: Detected an invalid packet at item 288
INFO: Parser returned #f
++++ frame_probe ID: 890 receives a frame at time 90.0192s ++++
the 100th message counter  has been visited 4 times  
++++ frame_probe ID: 850 receives a frame at time 90.0995s ++++
INFO: Detected an invalid packet at item 384
INFO: Parser returned #f
++++ frame_probe ID: 860 receives a frame at time 90.1403s ++++
++++ frame_probe ID: 1010 receives a frame at time 90.1522s ++++
++++ frame_probe ID: 890 receives a frame at time 90.171s ++++
INFO: Detected an invalid packet at item 384
INFO: Parser returned #f
the 100th message counter  has been visited 5 times  
++++ frame_probe ID: 850 receives a frame at time 90.2475s ++++
INFO: Detected an invalid packet at item 480
INFO: Parser returned #f
++++ frame_probe ID: 860 receives a frame at time 90.2883s ++++
++++ frame_probe ID: 1010 receives a frame at time 90.2957s ++++
++++ frame_probe ID: 890 receives a frame at time 90.3152s ++++
the 100th message counter  has been visited 6 times  
++++ frame_probe ID: 850 receives a frame at time 90.4035s ++++
INFO: Detected an invalid packet at item 576
INFO: Parser returned #f
++++ frame_probe ID: 860 receives a frame at time 90.4442s ++++
++++ frame_probe ID: 1010 receives a frame at time 90.4499s ++++
++++ frame_probe ID: 890 receives a frame at time 90.4684s ++++
INFO: Detected an invalid packet at item 544
INFO: Parser returned #f
the 100th message counter  has been visited 7 times  
++++ frame_probe ID: 850 receives a frame at time 90.5447s ++++
INFO: Detected an invalid packet at item 672
INFO: Parser returned #f
++++ frame_probe ID: 860 receives a frame at time 90.5855s ++++
++++ frame_probe ID: 1010 receives a frame at time 90.5934s ++++
++++ frame_probe ID: 890 receives a frame at time 90.6128s ++++
the 100th message counter  has been visited 8 times  
++++ frame_probe ID: 850 receives a frame at time 90.7162s ++++
INFO: Detected an invalid packet at item 768
INFO: Parser returned #f
++++ frame_probe ID: 860 receives a frame at time 90.7569s ++++
++++ frame_probe ID: 1010 receives a frame at time 90.7668s ++++
++++ frame_probe ID: 890 receives a frame at time 90.7852s ++++
Measurement 4/4 complete in 1 second(s).
the 100th message counter  has been visited 9 times  
++++ frame_probe ID: 850 receives a frame at time 90.8986s ++++
INFO: Detected an invalid packet at item 864
INFO: Parser returned #f
++++ frame_probe ID: 860 receives a frame at time 90.9396s ++++
++++ frame_probe ID: 1010 receives a frame at time 90.9493s ++++
++++ frame_probe ID: 890 receives a frame at time 90.9676s ++++
INFO: Detected an invalid packet at item 768
INFO: Parser returned #f
the 100th message counter  has been visited 10 times  
++++ frame_probe ID: 850 receives a frame at time 91.0801s ++++
INFO: Detected an invalid packet at item 960
INFO: Parser returned #f
++++ frame_probe ID: 860 receives a frame at time 91.1209s ++++
++++ frame_probe ID: 1010 receives a frame at time 91.132s ++++
++++ frame_probe ID: 890 receives a frame at time 91.1502s ++++
INFO: Detected an invalid packet at item 864
INFO: Parser returned #f
the 100th message counter  has been visited 11 times  
++++ frame_probe ID: 850 receives a frame at time 91.2505s ++++
INFO: Detected an invalid packet at item 1056
INFO: Parser returned #f
++++ frame_probe ID: 860 receives a frame at time 91.2913s ++++
++++ frame_probe ID: 1010 receives a frame at time 91.294s ++++
++++ frame_probe ID: 890 receives a frame at time 91.3132s ++++
INFO: Detected an invalid packet at item 960
INFO: Parser returned #f
the 100th message counter  has been visited 12 times  
++++ frame_probe ID: 850 receives a frame at time 91.3926s ++++
INFO: Detected an invalid packet at item 1152
INFO: Parser returned #f
++++ frame_probe ID: 860 receives a frame at time 91.4333s ++++
++++ frame_probe ID: 1010 receives a frame at time 91.4384s ++++
++++ frame_probe ID: 890 receives a frame at time 91.4577s ++++
INFO: Detected an invalid packet at item 1056
INFO: Parser returned #f
the 100th message counter  has been visited 13 times  
++++ frame_probe ID: 850 receives a frame at time 91.5471s ++++
INFO: Detected an invalid packet at item 1248
INFO: Parser returned #f
++++ frame_probe ID: 860 receives a frame at time 91.588s ++++
++++ frame_probe ID: 1010 receives a frame at time 91.592s ++++
++++ frame_probe ID: 890 receives a frame at time 91.6109s ++++
INFO: Detected an invalid packet at item 1152
INFO: Parser returned #f
the 100th message counter  has been visited 14 times  
++++ frame_probe ID: 850 receives a frame at time 91.7242s ++++
INFO: Detected an invalid packet at item 1344
INFO: Parser returned #f
++++ frame_probe ID: 860 receives a frame at time 91.7649s ++++
++++ frame_probe ID: 1010 receives a frame at time 91.7741s ++++
++++ frame_probe ID: 890 receives a frame at time 91.7934s ++++
Measurement 4 raw data directory created /home/inets/0_ba/bachelor_thesis/measurements/debug/data/56/4/.
'/home/inets/source/gr-inets/results/receiver_data_received.txt' -> '/home/inets/0_ba/bachelor_thesis/measurements/debug/data/56/4/receiver_data_received.txt'
'/home/inets/source/gr-inets/results/sender_ack_received.txt' -> '/home/inets/0_ba/bachelor_thesis/measurements/debug/data/56/4/sender_ack_received.txt'
'/home/inets/source/gr-inets/results/sender_bfr_dq.txt' -> '/home/inets/0_ba/bachelor_thesis/measurements/debug/data/56/4/sender_bfr_dq.txt'
'/home/inets/source/gr-inets/results/sender_data_sent.txt' -> '/home/inets/0_ba/bachelor_thesis/measurements/debug/data/56/4/sender_data_sent.txt'
Measurement 4 raw data moved to /home/inets/0_ba/bachelor_thesis/measurements/debug/data/56/4/.

Now processing results...
Plotting Python should be: python3 (UBUNTU).
Hello from throughput.py!
Hello from variables.py!
[ 15000.  13000.  16000.  15000.]
Hello from myplot.py!
I will print a pdf for you now!
Hello from myplot.py!
I will print a cdf for you now!
<a list of 1 Patch objects>
Hello from myplot.py!
I will print a boxplot for you now!
Hello from rtt.py!
Hello from variables.py!

The resulting mean RTT of this single measurement is:
0.07404866666666668



The resulting mean RTT of this single measurement is:
0.0718630769230769



The resulting mean RTT of this single measurement is:
0.07174312499999999



The resulting mean RTT of this single measurement is:
0.06712199999999999


[ 0.07404867  0.07186308  0.07174312  0.067122  ]
Hello from myplot.py!
I will print a pdf for you now!
Hello from myplot.py!
I will print a cdf for you now!
<a list of 1 Patch objects>
Hello from myplot.py!
I will print a boxplot for you now!

+--------------------------------------------------------------+
| Plotting completed. Until the next measurement session then! |
+--------------------------------------------------------------+
Measurement 1/3 complete in 5 second(s).
linux; GNU C++ version 5.4.0 20160609; Boost_105800; UHD_003.009.005-45-g6768a615
linux; GNU C++ version 5.4.0 20160609; Boost_105800; UHD_003.009.005-45-g6768a615


Using Volk machine: avx_64_mmx
-- Opening a USRP2/N-Series device...
Using Volk machine: avx_64_mmx
-- Opening a USRP2/N-Series device...
-- Current recv frame size: 1472 bytes
-- Current send frame size: 1472 bytes
-- Current recv frame size: 1472 bytes
-- Current send frame size: 1472 bytes
Measurement 1/3 complete in 4 second(s).
the 880th message counter is activated.
the 885th message counter is activated.
the 100th message counter is activated.
develop_mode of random_filter ID: 1015 is activated.
the 1017th message counter is activated.
the 1018th message counter is activated.
the 1080th message counter is activated.
the 100th message counter is activated.
Measurement 1/3 complete in 3 second(s).
node starts running at 44.8941
node starts running at 44.9038
++++ frame_probe ID: 850 receives a frame at time 45.2349s ++++
++++ frame_probe ID: 860 receives a frame at time 45.2762s ++++
INFO: Detected an invalid packet at item 0
INFO: Parser returned #f
++++ frame_probe ID: 1010 receives a frame at time 45.287s ++++
 at generated random number is6345.29 s
0.908196 and the threshold is 1. good luck. 
++++ frame_probe ID: 882 receives a frame at time 45.3061s ++++
++++ frame_probe ID: 883 receives a frame at time 45.3062s ++++
++++ frame_probe ID: 890 receives a frame at time 45.3063s ++++
the 100th message counter  has been visited 1 times  
++++ frame_probe ID: 850 receives a frame at time 45.3757s ++++
++++ frame_probe ID: 860 receives a frame at time 45.4164s ++++
INFO: Detected an invalid packet at item 64
INFO: Parser returned #f
++++ frame_probe ID: 1010 receives a frame at time 45.4215s ++++
generated random number is at 0.183031 and the threshold is 1. good luck. 
6345.42 s
++++ frame_probe ID: 882 receives a frame at time 45.4405s ++++
++++ frame_probe ID: 883 receives a frame at time 45.4406s ++++
++++ frame_probe ID: 890 receives a frame at time 45.4406s ++++
Measurement 1/3 complete in 2 second(s).
the 100th message counter  has been visited 2 times  
++++ frame_probe ID: 850 receives a frame at time 45.5269s ++++
++++ frame_probe ID: 860 receives a frame at time 45.5677s ++++
INFO: Detected an invalid packet at item 128
INFO: Parser returned #f
++++ frame_probe ID: 1010 receives a frame at time 45.5746s ++++
generated random number is at 0.948493 and the threshold is 1. good luck. 
6345.57 s
++++ frame_probe ID: 882 receives a frame at time 45.5937s ++++
++++ frame_probe ID: 883 receives a frame at time 45.5938s ++++
++++ frame_probe ID: 890 receives a frame at time 45.5939s ++++
the 100th message counter  has been visited 3 times  
++++ frame_probe ID: 850 receives a frame at time 45.6722s ++++
++++ frame_probe ID: 860 receives a frame at time 45.713s ++++
++++ frame_probe ID: 1010 receives a frame at time 45.719s ++++
generated random number is at 0.401785 and the threshold is 1. good luck. 
6345.72 s
INFO: Detected an invalid packet at item 192
INFO: Parser returned #f
++++ frame_probe ID: 882 receives a frame at time 45.738s ++++
++++ frame_probe ID: 883 receives a frame at time 45.738s ++++
++++ frame_probe ID: 890 receives a frame at time 45.7381s ++++
the 100th message counter  has been visited 4 times  
++++ frame_probe ID: 850 receives a frame at time 45.8415s ++++
++++ frame_probe ID: 860 receives a frame at time 45.8823s ++++
INFO: Detected an invalid packet at item 256
INFO: Parser returned #f
++++ frame_probe ID: 1010 receives a frame at time 45.8923s ++++
generated random number is at 0.2008576345.89 s and the threshold is 
1. good luck. 
++++ frame_probe ID: 882 receives a frame at time 45.9106s ++++
++++ frame_probe ID: 883 receives a frame at time 45.9106s ++++
++++ frame_probe ID: 890 receives a frame at time 45.9107s ++++
the 100th message counter  has been visited 5 times  
++++ frame_probe ID: 850 receives a frame at time 45.9831s ++++
++++ frame_probe ID: 860 receives a frame at time 46.0239s ++++
++++ frame_probe ID: 1010 receives a frame at time 46.0355s ++++
generated random number is at 0.906771 and the threshold is 6346.04 s
1. good luck. 
++++ frame_probe ID: 882 receives a frame at time 46.0549s ++++
++++ frame_probe ID: 883 receives a frame at time 46.0549s ++++
++++ frame_probe ID: 890 receives a frame at time 46.055s ++++
the 100th message counter  has been visited 6 times  
++++ frame_probe ID: 850 receives a frame at time 46.1663s ++++
++++ frame_probe ID: 860 receives a frame at time 46.2074s ++++
INFO: Detected an invalid packet at item 352
INFO: Parser returned #f
++++ frame_probe ID: 1010 receives a frame at time 46.2182s ++++
generated random number is at 0.241968 and the threshold is 1. good luck. 
6346.22 s
++++ frame_probe ID: 882 receives a frame at time 46.2375s ++++
++++ frame_probe ID: 883 receives a frame at time 46.2375s ++++
++++ frame_probe ID: 890 receives a frame at time 46.2376s ++++
the 100th message counter  has been visited 7 times  
++++ frame_probe ID: 850 receives a frame at time 46.3179s ++++
++++ frame_probe ID: 860 receives a frame at time 46.3587s ++++
INFO: Detected an invalid packet at item 416
INFO: Parser returned #f
++++ frame_probe ID: 1010 receives a frame at time 46.3623s ++++
generated random number is at 0.32703 and the threshold is 1. good luck. 
6346.36 s
++++ frame_probe ID: 882 receives a frame at time 46.3815s ++++
++++ frame_probe ID: 883 receives a frame at time 46.3815s ++++
++++ frame_probe ID: 890 receives a frame at time 46.3816s ++++
the 100th message counter  has been visited 8 times  
++++ frame_probe ID: 850 receives a frame at time 46.4569s ++++
Measurement 1/3 complete in 1 second(s).
++++ frame_probe ID: 860 receives a frame at time 46.4977s ++++
++++ frame_probe ID: 1010 receives a frame at time 46.5064s ++++
generated random number is at 0.471333 and the threshold is 1. good luck. 
6346.51 s
++++ frame_probe ID: 882 receives a frame at time 46.5258s ++++
++++ frame_probe ID: 883 receives a frame at time 46.5259s ++++
++++ frame_probe ID: 890 receives a frame at time 46.5259s ++++
the 100th message counter  has been visited 9 times  
++++ frame_probe ID: 850 receives a frame at time 46.6192s ++++
++++ frame_probe ID: 860 receives a frame at time 46.6599s ++++
INFO: Detected an invalid packet at item 512
INFO: Parser returned #f
++++ frame_probe ID: 1010 receives a frame at time 46.669s ++++
generated random number is at 0.995229 and the threshold is 1. good luck. 
6346.67 s
++++ frame_probe ID: 882 receives a frame at time 46.6882s ++++
++++ frame_probe ID: 883 receives a frame at time 46.6882s ++++
++++ frame_probe ID: 890 receives a frame at time 46.6883s ++++
the 100th message counter  has been visited 10 times  
++++ frame_probe ID: 850 receives a frame at time 46.7895s ++++
++++ frame_probe ID: 860 receives a frame at time 46.8304s ++++
INFO: Detected an invalid packet at item 576
INFO: Parser returned #f
++++ frame_probe ID: 1010 receives a frame at time 46.8423s ++++
generated random number is at 0.982868 and the threshold is 1. good luck. 
6346.84 s
++++ frame_probe ID: 882 receives a frame at time 46.8618s ++++
++++ frame_probe ID: 883 receives a frame at time 46.8618s ++++
++++ frame_probe ID: 890 receives a frame at time 46.8619s ++++
the 100th message counter  has been visited 11 times  
++++ frame_probe ID: 850 receives a frame at time 46.9432s ++++
++++ frame_probe ID: 860 receives a frame at time 46.9839s ++++
++++ frame_probe ID: 1010 receives a frame at time 46.9956s ++++
generated random number is at 0.494252 and the threshold is 1. good luck. 
6347 s
++++ frame_probe ID: 882 receives a frame at time 47.0148s ++++
++++ frame_probe ID: 883 receives a frame at time 47.0148s ++++
++++ frame_probe ID: 890 receives a frame at time 47.0149s ++++
the 100th message counter  has been visited 12 times  
++++ frame_probe ID: 850 receives a frame at time 47.1272s ++++
++++ frame_probe ID: 860 receives a frame at time 47.168s ++++
INFO: Detected an invalid packet at item 672
INFO: Parser returned #f
++++ frame_probe ID: 1010 receives a frame at time 47.1781s ++++
generated random number is at 0.383042 and the threshold is 1. good luck. 
6347.18 s
++++ frame_probe ID: 882 receives a frame at time 47.1972s ++++
++++ frame_probe ID: 883 receives a frame at time 47.1973s ++++
++++ frame_probe ID: 890 receives a frame at time 47.1973s ++++
the 100th message counter  has been visited 13 times  
++++ frame_probe ID: 850 receives a frame at time 47.3006s ++++
++++ frame_probe ID: 860 receives a frame at time 47.3414s ++++
INFO: Detected an invalid packet at item 736
INFO: Parser returned #f
++++ frame_probe ID: 1010 receives a frame at time 47.3515s ++++
generated random number is at 0.795319 and the threshold is 1. good luck. 
6347.35 s
++++ frame_probe ID: 882 receives a frame at time 47.3707s ++++
++++ frame_probe ID: 883 receives a frame at time 47.3707s ++++
++++ frame_probe ID: 890 receives a frame at time 47.3708s ++++
the 100th message counter  has been visited 14 times  
++++ frame_probe ID: 850 receives a frame at time 47.4391s ++++
++++ frame_probe ID: 860 receives a frame at time 47.4799s ++++
INFO: Detected an invalid packet at item 800
INFO: Parser returned #f
++++ frame_probe ID: 1010 receives a frame at time 47.4857s ++++
generated random number is at 0.976021 and the threshold is 6347.491 s. good luck. 

Measurement 1 raw data directory created /home/inets/0_ba/bachelor_thesis/measurements/debug/data/56/1/.
'/home/inets/source/gr-inets/results/receiver_data_received.txt' -> '/home/inets/0_ba/bachelor_thesis/measurements/debug/data/56/1/receiver_data_received.txt'
'/home/inets/source/gr-inets/results/sender_ack_received.txt' -> '/home/inets/0_ba/bachelor_thesis/measurements/debug/data/56/1/sender_ack_received.txt'
'/home/inets/source/gr-inets/results/sender_bfr_dq.txt' -> '/home/inets/0_ba/bachelor_thesis/measurements/debug/data/56/1/sender_bfr_dq.txt'
'/home/inets/source/gr-inets/results/sender_data_sent.txt' -> '/home/inets/0_ba/bachelor_thesis/measurements/debug/data/56/1/sender_data_sent.txt'
Measurement 1 raw data moved to /home/inets/0_ba/bachelor_thesis/measurements/debug/data/56/1/.

Measurement 2/3 complete in 5 second(s).
linux; GNU C++ version 5.4.0 20160609; Boost_105800; UHD_003.009.005-45-g6768a615
linux; GNU C++ version 5.4.0 20160609; Boost_105800; UHD_003.009.005-45-g6768a615


Using Volk machine: avx_64_mmx
-- Opening a USRP2/N-Series device...
Using Volk machine: avx_64_mmx
-- Opening a USRP2/N-Series device...
-- Current recv frame size: 1472 bytes
-- Current send frame size: 1472 bytes
-- Current recv frame size: 1472 bytes
-- Current send frame size: 1472 bytes
Measurement 2/3 complete in 4 second(s).
develop_mode of random_filter ID: 1015 is activated.
the 1017th message counter is activated.
the 1018th message counter is activated.
the 1080th message counter is activated.
the 100th message counter is activated.
the 880th message counter is activated.
the 885th message counter is activated.
the 100th message counter is activated.
Measurement 2/3 complete in 3 second(s).
node starts running at 49.8409
node starts running at 49.8611
++++ frame_probe ID: 850 receives a frame at time 49.8985s ++++
++++ frame_probe ID: 860 receives a frame at time 49.9394s ++++
++++ frame_probe ID: 1010 receives a frame at time 49.9453s ++++
 at generated random number is0.00613216 and the threshold is 6349.95 s
1. good luck. 
INFO: Detected an invalid packet at item 0
INFO: Parser returned #f
++++ frame_probe ID: 882 receives a frame at time 49.9674s ++++
++++ frame_probe ID: 883 receives a frame at time 49.9674s ++++
++++ frame_probe ID: 890 receives a frame at time 49.9675s ++++
the 100th message counter  has been visited 1 times  
++++ frame_probe ID: 850 receives a frame at time 50.0458s ++++
++++ frame_probe ID: 860 receives a frame at time 50.0866s ++++
++++ frame_probe ID: 1010 receives a frame at time 50.0899s ++++
generated random number is0.784312 and the threshold is 1. good luck. 
 at 6350.09 s
INFO: Detected an invalid packet at item 64
INFO: Parser returned #f
INFO: Detected an invalid packet at item 96
INFO: Parser returned #f
 at 6350.2 s
++++ frame_probe ID: 850 receives a frame at time 50.2165s ++++
++++ frame_probe ID: 860 receives a frame at time 50.2572s ++++
++++ frame_probe ID: 1010 receives a frame at time 50.2623s ++++
generated random number is at 0.972425 and the threshold is 1. good luck. 
6350.26 s
++++ frame_probe ID: 882 receives a frame at time 50.2849s ++++
++++ frame_probe ID: 883 receives a frame at time 50.285s ++++
++++ frame_probe ID: 890 receives a frame at time 50.285s ++++
the 100th message counter  has been visited 2 times  
++++ frame_probe ID: 850 receives a frame at time 50.3543s ++++
++++ frame_probe ID: 860 receives a frame at time 50.3951s ++++
++++ frame_probe ID: 1010 receives a frame at time 50.4063s ++++
generated random number is at 0.8217166350.41 and the threshold is  s
1. good luck. 
++++ frame_probe ID: 882 receives a frame at time 50.4286s ++++
++++ frame_probe ID: 883 receives a frame at time 50.4286s ++++
++++ frame_probe ID: 890 receives a frame at time 50.4287s ++++
Measurement 2/3 complete in 2 second(s).
the 100th message counter  has been visited 3 times  
++++ frame_probe ID: 850 receives a frame at time 50.529s ++++
++++ frame_probe ID: 860 receives a frame at time 50.5699s ++++
++++ frame_probe ID: 1010 receives a frame at time 50.5799s ++++
generated random number is at 6350.580.203463 s and the threshold is 
1. good luck. 
++++ frame_probe ID: 882 receives a frame at time 50.6017s ++++
++++ frame_probe ID: 883 receives a frame at time 50.6018s ++++
++++ frame_probe ID: 890 receives a frame at time 50.6019s ++++
the 100th message counter  has been visited 4 times  
++++ frame_probe ID: 850 receives a frame at time 50.7031s ++++
++++ frame_probe ID: 860 receives a frame at time 50.7438s ++++
++++ frame_probe ID: 1010 receives a frame at time 50.752s ++++
generated random number is at 0.4345236350.75 and the threshold is  s
1. good luck. 
INFO: Detected an invalid packet at item 224
INFO: Parser returned #f
++++ frame_probe ID: 882 receives a frame at time 50.7739s ++++
++++ frame_probe ID: 883 receives a frame at time 50.774s ++++
++++ frame_probe ID: 890 receives a frame at time 50.774s ++++
the 100th message counter  has been visited 5 times  
++++ frame_probe ID: 850 receives a frame at time 50.8573s ++++
++++ frame_probe ID: 860 receives a frame at time 50.8983s ++++
++++ frame_probe ID: 1010 receives a frame at time 50.9055s ++++
generated random number is at 0.200398 and the threshold is 1. good luck. 
6350.91 s
INFO: Detected an invalid packet at item 288
INFO: Parser returned #f
++++ frame_probe ID: 882 receives a frame at time 50.9275s ++++
++++ frame_probe ID: 883 receives a frame at time 50.9276s ++++
++++ frame_probe ID: 890 receives a frame at time 50.9276s ++++
the 100th message counter  has been visited 6 times  
++++ frame_probe ID: 850 receives a frame at time 51.044s ++++
++++ frame_probe ID: 860 receives a frame at time 51.0848s ++++
++++ frame_probe ID: 1010 receives a frame at time 51.088s ++++
generated random number is at 0.542018 and the threshold is 6351.09 s
1. good luck. 
INFO: Detected an invalid packet at item 352
INFO: Parser returned #f
++++ frame_probe ID: 882 receives a frame at time 51.1099s ++++
++++ frame_probe ID: 883 receives a frame at time 51.11s ++++
 at 6351.2 s
++++ frame_probe ID: 850 receives a frame at time 51.2148s ++++
++++ frame_probe ID: 860 receives a frame at time 51.2557s ++++
++++ frame_probe ID: 1010 receives a frame at time 51.2613s ++++
generated random number is at 0.342361 and the threshold is 1. good luck. 
6351.26 s
++++ frame_probe ID: 882 receives a frame at time 51.2834s ++++
++++ frame_probe ID: 883 receives a frame at time 51.2834s ++++
++++ frame_probe ID: 890 receives a frame at time 51.2835s ++++
the 100th message counter  has been visited 7 times  
++++ frame_probe ID: 850 receives a frame at time 51.3818s ++++
++++ frame_probe ID: 860 receives a frame at time 51.4226s ++++
INFO: Detected an invalid packet at item 448
INFO: Parser returned #f
++++ frame_probe ID: 1010 receives a frame at time 51.4337s ++++
generated random number is at 0.991491 and the threshold is 1. good luck. 
6351.43 s
++++ frame_probe ID: 882 receives a frame at time 51.4556s ++++
++++ frame_probe ID: 883 receives a frame at time 51.4556s ++++
++++ frame_probe ID: 890 receives a frame at time 51.4557s ++++
Measurement 2/3 complete in 1 second(s).
the 100th message counter  has been visited 8 times  
++++ frame_probe ID: 850 receives a frame at time 51.573s ++++
++++ frame_probe ID: 860 receives a frame at time 51.6137s ++++
++++ frame_probe ID: 1010 receives a frame at time 51.626s ++++
generated random number is at 0.855696 and the threshold is 1. good luck. 
6351.63 s
++++ frame_probe ID: 882 receives a frame at time 51.6479s ++++
++++ frame_probe ID: 883 receives a frame at time 51.648s ++++
++++ frame_probe ID: 890 receives a frame at time 51.648s ++++
the 100th message counter  has been visited 9 times  
++++ frame_probe ID: 850 receives a frame at time 51.7344s ++++
++++ frame_probe ID: 860 receives a frame at time 51.7752s ++++
++++ frame_probe ID: 1010 receives a frame at time 51.7794s ++++
generated random number is at 0.431472 and the threshold is 1. good luck. 
6351.78 s
++++ frame_probe ID: 882 receives a frame at time 51.8014s ++++
++++ frame_probe ID: 883 receives a frame at time 51.8014s ++++
++++ frame_probe ID: 890 receives a frame at time 51.8015s ++++
the 100th message counter  has been visited 10 times  
++++ frame_probe ID: 850 receives a frame at time 51.9089s ++++
++++ frame_probe ID: 860 receives a frame at time 51.9496s ++++
++++ frame_probe ID: 1010 receives a frame at time 51.962s ++++
 at generated random number is6351.96 s0.564617
 and the threshold is 1. good luck. 
++++ frame_probe ID: 882 receives a frame at time 51.9839s ++++
++++ frame_probe ID: 883 receives a frame at time 51.984s ++++
++++ frame_probe ID: 890 receives a frame at time 51.984s ++++
the 100th message counter  has been visited 11 times  
++++ frame_probe ID: 850 receives a frame at time 52.0664s ++++
++++ frame_probe ID: 860 receives a frame at time 52.1074s ++++
++++ frame_probe ID: 1010 receives a frame at time 52.1153s ++++
generated random number is at 0.267306 and the threshold is 1. good luck. 
6352.12 s
INFO: Detected an invalid packet at item 608
INFO: Parser returned #f
++++ frame_probe ID: 882 receives a frame at time 52.1371s ++++
++++ frame_probe ID: 883 receives a frame at time 52.1372s ++++
++++ frame_probe ID: 890 receives a frame at time 52.1373s ++++
the 100th message counter  has been visited 12 times  
++++ frame_probe ID: 850 receives a frame at time 52.2296s ++++
++++ frame_probe ID: 860 receives a frame at time 52.2706s ++++
++++ frame_probe ID: 1010 receives a frame at time 52.2786s ++++
generated random number is at 0.66096 and the threshold is 1. good luck. 
6352.28 s
INFO: Detected an invalid packet at item 672
INFO: Parser returned #f
++++ frame_probe ID: 882 receives a frame at time 52.3009s ++++
++++ frame_probe ID: 883 receives a frame at time 52.3009s ++++
++++ frame_probe ID: 890 receives a frame at time 52.301s ++++
the 100th message counter  has been visited 13 times  
++++ frame_probe ID: 850 receives a frame at time 52.3865s ++++
++++ frame_probe ID: 860 receives a frame at time 52.4272s ++++
++++ frame_probe ID: 1010 receives a frame at time 52.4319s ++++
generated random number is0.227722 and the threshold is  at 1. good luck. 
6352.43 s
INFO: Detected an invalid packet at item 736
INFO: Parser returned #f
++++ frame_probe ID: 882 receives a frame at time 52.455s ++++
++++ frame_probe ID: 883 receives a frame at time 52.4551s ++++
Measurement 2 raw data directory created /home/inets/0_ba/bachelor_thesis/measurements/debug/data/56/2/.
'/home/inets/source/gr-inets/results/receiver_data_received.txt' -> '/home/inets/0_ba/bachelor_thesis/measurements/debug/data/56/2/receiver_data_received.txt'
'/home/inets/source/gr-inets/results/sender_ack_received.txt' -> '/home/inets/0_ba/bachelor_thesis/measurements/debug/data/56/2/sender_ack_received.txt'
'/home/inets/source/gr-inets/results/sender_bfr_dq.txt' -> '/home/inets/0_ba/bachelor_thesis/measurements/debug/data/56/2/sender_bfr_dq.txt'
'/home/inets/source/gr-inets/results/sender_data_sent.txt' -> '/home/inets/0_ba/bachelor_thesis/measurements/debug/data/56/2/sender_data_sent.txt'
Measurement 2 raw data moved to /home/inets/0_ba/bachelor_thesis/measurements/debug/data/56/2/.

Measurement 3/3 complete in 5 second(s).
linux; GNU C++ version 5.4.0 20160609; Boost_105800; UHD_003.009.005-45-g6768a615
linux; GNU C++ version 5.4.0 20160609; Boost_105800; UHD_003.009.005-45-g6768a615


Using Volk machine: avx_64_mmx
-- Opening a USRP2/N-Series device...
Using Volk machine: avx_64_mmx
-- Opening a USRP2/N-Series device...
-- Current recv frame size: 1472 bytes
-- Current send frame size: 1472 bytes
-- Current recv frame size: 1472 bytes
-- Current send frame size: 1472 bytes
Measurement 3/3 complete in 4 second(s).
the 880th message counter is activated.
the 885th message counter is activated.
the 100th message counter is activated.
develop_mode of random_filter ID: 1015 is activated.
the 1017th message counter is activated.
the 1018th message counter is activated.
the 1080th message counter is activated.
the 100th message counter is activated.
Measurement 3/3 complete in 3 second(s).
node starts running at 54.8642
node starts running at 54.8733
++++ frame_probe ID: 850 receives a frame at time 55.0904s ++++
++++ frame_probe ID: 860 receives a frame at time 55.1315s ++++
++++ frame_probe ID: 1010 receives a frame at time 55.136s ++++
generated random number is at 0.326724 and the threshold is 6355.14 s
1. good luck. 
INFO: Detected an invalid packet at item 0
INFO: Parser returned #f
INFO: Detected an invalid packet at item 32
INFO: Parser returned #f
 at 6355.24 s
++++ frame_probe ID: 850 receives a frame at time 55.2617s ++++
++++ frame_probe ID: 860 receives a frame at time 55.3024s ++++
++++ frame_probe ID: 1010 receives a frame at time 55.3082s ++++
 at generated random number is6355.31 s
0.843764 and the threshold is 1. good luck. 
INFO: Detected an invalid packet at item 64
INFO: Parser returned #f
 at 6355.42 s
++++ frame_probe ID: 850 receives a frame at time 55.4373s ++++
++++ frame_probe ID: 860 receives a frame at time 55.4782s ++++
++++ frame_probe ID: 1010 receives a frame at time 55.4907s ++++
generated random number is0.746295 and the threshold is 1. good luck. 
 at 6355.49 s
Measurement 3/3 complete in 2 second(s).
++++ frame_probe ID: 882 receives a frame at time 55.5162s ++++
++++ frame_probe ID: 883 receives a frame at time 55.5163s ++++
++++ frame_probe ID: 890 receives a frame at time 55.5163s ++++
the 100th message counter  has been visited 1 times  
++++ frame_probe ID: 850 receives a frame at time 55.5957s ++++
++++ frame_probe ID: 860 receives a frame at time 55.6367s ++++
INFO: Detected an invalid packet at item 128
INFO: Parser returned #f
++++ frame_probe ID: 1010 receives a frame at time 55.6441s ++++
generated random number is at 0.0018525 and the threshold is 1. good luck. 
6355.64 s
++++ frame_probe ID: 882 receives a frame at time 55.6708s ++++
++++ frame_probe ID: 883 receives a frame at time 55.6708s ++++
 at 6355.75 s
++++ frame_probe ID: 850 receives a frame at time 55.7717s ++++
++++ frame_probe ID: 860 receives a frame at time 55.8126s ++++
++++ frame_probe ID: 1010 receives a frame at time 55.8176s ++++
generated random number is at 0.750831 and the threshold is 6355.82 s
1. good luck. 
INFO: Detected an invalid packet at item 192
INFO: Parser returned #f
 at 6355.93 s
++++ frame_probe ID: 850 receives a frame at time 55.9524s ++++
++++ frame_probe ID: 860 receives a frame at time 55.9932s ++++
++++ frame_probe ID: 1010 receives a frame at time 55.9999s ++++
generated random number is at 6356 s
0.311894 and the threshold is 1. good luck. 
INFO: Detected an invalid packet at item 224
INFO: Parser returned #f
++++ frame_probe ID: 882 receives a frame at time 56.0255s ++++
 at 6356.12 s
++++ frame_probe ID: 850 receives a frame at time 56.1332s ++++
++++ frame_probe ID: 860 receives a frame at time 56.1741s ++++
++++ frame_probe ID: 1010 receives a frame at time 56.1822s ++++
generated random number is at 6356.180.517548 s and the threshold is 
1. good luck. 
++++ frame_probe ID: 882 receives a frame at time 56.2079s ++++
++++ frame_probe ID: 883 receives a frame at time 56.2079s ++++
 at 6356.33 s
++++ frame_probe ID: 850 receives a frame at time 56.3441s ++++
++++ frame_probe ID: 860 receives a frame at time 56.3849s ++++
INFO: Detected an invalid packet at item 320
INFO: Parser returned #f
++++ frame_probe ID: 1010 receives a frame at time 56.3932s ++++
 at generated random number is6356.39 s
0.106229 and the threshold is 1. good luck. 
++++ frame_probe ID: 882 receives a frame at time 56.4192s ++++
++++ frame_probe ID: 883 receives a frame at time 56.4192s ++++
++++ frame_probe ID: 890 receives a frame at time 56.4193s ++++
Measurement 3/3 complete in 1 second(s).
the 100th message counter  has been visited 2 times  
++++ frame_probe ID: 850 receives a frame at time 56.5236s ++++
++++ frame_probe ID: 860 receives a frame at time 56.5645s ++++
++++ frame_probe ID: 1010 receives a frame at time 56.5752s ++++
generated random number is at 0.8619716356.58 and the threshold is  s
1. good luck. 
++++ frame_probe ID: 882 receives a frame at time 56.6016s ++++
++++ frame_probe ID: 883 receives a frame at time 56.6017s ++++
++++ frame_probe ID: 890 receives a frame at time 56.6018s ++++
the 100th message counter  has been visited 3 times  
++++ frame_probe ID: 850 receives a frame at time 56.6891s ++++
++++ frame_probe ID: 860 receives a frame at time 56.7303s ++++
INFO: Detected an invalid packet at item 416
INFO: Parser returned #f
++++ frame_probe ID: 1010 receives a frame at time 56.7383s ++++
 at generated random number is0.418179 and the threshold is 1. good luck. 
6356.74 s
++++ frame_probe ID: 882 receives a frame at time 56.7649s ++++
++++ frame_probe ID: 883 receives a frame at time 56.765s ++++
++++ frame_probe ID: 890 receives a frame at time 56.7651s ++++
the 100th message counter  has been visited 4 times  
++++ frame_probe ID: 850 receives a frame at time 56.8455s ++++
++++ frame_probe ID: 860 receives a frame at time 56.8863s ++++
INFO: Detected an invalid packet at item 480
INFO: Parser returned #f
++++ frame_probe ID: 1010 receives a frame at time 56.8919s ++++
generated random number is at 0.268392 and the threshold is 6356.89 s
1. good luck. 
++++ frame_probe ID: 882 receives a frame at time 56.9183s ++++
++++ frame_probe ID: 883 receives a frame at time 56.9184s ++++
 at 6357 s
++++ frame_probe ID: 850 receives a frame at time 57.0214s ++++
++++ frame_probe ID: 860 receives a frame at time 57.0622s ++++
++++ frame_probe ID: 1010 receives a frame at time 57.0742s ++++
generated random number is at 0.0390591 and the threshold is 6357.07 s1
. good luck. 
++++ frame_probe ID: 882 receives a frame at time 57.1006s ++++
++++ frame_probe ID: 883 receives a frame at time 57.1006s ++++
++++ frame_probe ID: 890 receives a frame at time 57.1006s ++++
the 100th message counter  has been visited 5 times  
++++ frame_probe ID: 850 receives a frame at time 57.182s ++++
++++ frame_probe ID: 860 receives a frame at time 57.2228s ++++
++++ frame_probe ID: 1010 receives a frame at time 57.2286s ++++
generated random number is0.485327 and the threshold is  at 1. good luck. 
6357.23 s
INFO: Detected an invalid packet at item 576
INFO: Parser returned #f
INFO: Detected an invalid packet at item 608
INFO: Parser returned #f
 at 6357.33 s
++++ frame_probe ID: 850 receives a frame at time 57.3527s ++++
++++ frame_probe ID: 860 receives a frame at time 57.3937s ++++
INFO: Detected an invalid packet at item 640
INFO: Parser returned #f
++++ frame_probe ID: 1010 receives a frame at time 57.401s ++++
generated random number is at 0.1501166357.4 and the threshold is  s
1. good luck. 
INFO: Detected an invalid packet at item 672
INFO: Parser returned #f
Measurement 3 raw data directory created /home/inets/0_ba/bachelor_thesis/measurements/debug/data/56/3/.
'/home/inets/source/gr-inets/results/receiver_data_received.txt' -> '/home/inets/0_ba/bachelor_thesis/measurements/debug/data/56/3/receiver_data_received.txt'
'/home/inets/source/gr-inets/results/sender_ack_received.txt' -> '/home/inets/0_ba/bachelor_thesis/measurements/debug/data/56/3/sender_ack_received.txt'
'/home/inets/source/gr-inets/results/sender_bfr_dq.txt' -> '/home/inets/0_ba/bachelor_thesis/measurements/debug/data/56/3/sender_bfr_dq.txt'
'/home/inets/source/gr-inets/results/sender_data_sent.txt' -> '/home/inets/0_ba/bachelor_thesis/measurements/debug/data/56/3/sender_data_sent.txt'
Measurement 3 raw data moved to /home/inets/0_ba/bachelor_thesis/measurements/debug/data/56/3/.

Now processing results...
Plotting Python should be: python3 (UBUNTU).
Hello from rtt.py!
Hello from variables.py!
data_sent: 1499956345.234935
data_sent: 1499956345.375699
data_sent: 1499956345.526911
data_sent: 1499956345.672232
data_sent: 1499956345.841467
data_sent: 1499956345.983117
data_sent: 1499956346.166274
data_sent: 1499956346.317925
data_sent: 1499956346.456911
data_sent: 1499956346.619193
data_sent: 1499956346.789488
data_sent: 1499956346.943178
data_sent: 1499956347.127162
data_sent: 1499956347.300649
data_sent: 1499956347.439096
ack_received: 1499956345.306258
ack_received: 1499956345.440588
ack_received: 1499956345.593874
ack_received: 1499956345.738080
ack_received: 1499956345.910711
ack_received: 1499956346.054984
ack_received: 1499956346.237584
ack_received: 1499956346.381609
ack_received: 1499956346.525915
ack_received: 1499956346.688261
ack_received: 1499956346.861871
ack_received: 1499956347.014892
ack_received: 1499956347.197327
ack_received: 1499956347.370785
abs. packet loss: 1.0
packet loss in %: 6.67%

The resulting RTTs of this single measurement are:
[0.07132, 0.06489, 0.06696, 0.06585, 0.06924, 0.07187, 0.07131, 0.06368, 0.069, 0.06907, 0.07238, 0.07171, 0.07016, 0.07014]



The resulting mean RTT of this single measurement is:
0.06911285714285714


data_sent: 1499956349.898530
data_sent: 1499956350.045782
data_sent: 1499956350.216467
data_sent: 1499956350.354326
data_sent: 1499956350.528986
data_sent: 1499956350.703132
data_sent: 1499956350.857348
data_sent: 1499956351.044021
data_sent: 1499956351.214801
data_sent: 1499956351.381808
data_sent: 1499956351.573004
data_sent: 1499956351.734368
data_sent: 1499956351.908862
data_sent: 1499956352.066356
data_sent: 1499956352.229624
data_sent: 1499956352.386504
ack_received: 1499956349.967510
ack_received: 1499956350.285007
ack_received: 1499956350.428684
ack_received: 1499956350.601871
ack_received: 1499956350.774037
ack_received: 1499956350.927650
ack_received: 1499956351.283462
ack_received: 1499956351.455692
ack_received: 1499956351.648036
ack_received: 1499956351.801481
ack_received: 1499956351.984028
ack_received: 1499956352.137293
ack_received: 1499956352.301000
abs. packet loss: 3.0
packet loss in %: 18.75%

The resulting RTTs of this single measurement are:
[0.06898, 0.23922, 0.21222, 0.24755, 0.24505, 0.22452, 0.42611, 0.41167, 0.43323, 0.41967, 0.41102, 0.40293, 0.39214]



The resulting mean RTT of this single measurement is:
0.31802384615384616


data_sent: 1499956355.090363
data_sent: 1499956355.261705
data_sent: 1499956355.437328
data_sent: 1499956355.595719
data_sent: 1499956355.771695
data_sent: 1499956355.952397
data_sent: 1499956356.133240
data_sent: 1499956356.344069
data_sent: 1499956356.523649
data_sent: 1499956356.689127
data_sent: 1499956356.845479
data_sent: 1499956357.021428
data_sent: 1499956357.181983
data_sent: 1499956357.352735
ack_received: 1499956355.516349
ack_received: 1499956356.419260
ack_received: 1499956356.601753
ack_received: 1499956356.765061
ack_received: 1499956357.100645
abs. packet loss: 9.0
packet loss in %: 64.29%

The resulting RTTs of this single measurement are:
[0.42599, 1.15756, 1.16442, 1.16934, 1.32895]



The resulting mean RTT of this single measurement is:
1.0492519999999999


[ 0.06911286  0.31802385  1.049252  ]
Hello from myplot.py!
I will print a pdf for you now!
Hello from myplot.py!
I will print a cdf for you now!
<a list of 1 Patch objects>
Hello from myplot.py!
I will print a boxplot for you now!
Hello from myplot.py!
I will print a bar for you now!

+--------------------------------------------------------------+
| Plotting completed. Until the next measurement session then! |
+--------------------------------------------------------------+
