Measurement 1/8 complete in 4 second(s).
linux; GNU C++ version 5.4.0 20160609; Boost_105800; UHD_003.009.005-45-g6768a615
linux; GNU C++ version 5.4.0 20160609; Boost_105800; UHD_003.009.005-45-g6768a615


Using Volk machine: avx_64_mmx
-- Opening a USRP2/N-Series device...
Using Volk machine: avx_64_mmx
-- Opening a USRP2/N-Series device...
-- Current recv frame size: 1472 bytes
-- Current send frame size: 1472 bytes
-- Current recv frame size: 1472 bytes
-- Current send frame size: 1472 bytes
Measurement 1/8 complete in 3 second(s).
the 880th message counter is activated.
the 885th message counter is activated.
the 100th message counter is activated.
the 100th message counter is activated.
Measurement 1/8 complete in 2 second(s).
node starts running at 28.9376
node starts running at 28.9382
++++ frame_probe ID: 850 receives a frame at time 29.1186s ++++
++++ frame_probe ID: 860 receives a frame at time 29.1598s ++++
++++ frame_probe ID: 1010 receives a frame at time 29.1689s ++++
INFO: Detected an invalid packet at item 0
INFO: Parser returned #f
++++ frame_probe ID: 882 receives a frame at time 29.1907s ++++
++++ frame_probe ID: 883 receives a frame at time 29.1908s ++++
++++ frame_probe ID: 890 receives a frame at time 29.1908s ++++
the 100th message counter  has been visited 1 times  
++++ frame_probe ID: 850 receives a frame at time 29.2882s ++++
++++ frame_probe ID: 860 receives a frame at time 29.329s ++++
++++ frame_probe ID: 1010 receives a frame at time 29.3413s ++++
++++ frame_probe ID: 882 receives a frame at time 29.3639s ++++
++++ frame_probe ID: 883 receives a frame at time 29.3639s ++++
++++ frame_probe ID: 890 receives a frame at time 29.364s ++++
the 100th message counter  has been visited 2 times  
++++ frame_probe ID: 850 receives a frame at time 29.4453s ++++
++++ frame_probe ID: 860 receives a frame at time 29.4863s ++++
++++ frame_probe ID: 1010 receives a frame at time 29.4955s ++++
++++ frame_probe ID: 882 receives a frame at time 29.5172s ++++
++++ frame_probe ID: 883 receives a frame at time 29.5172s ++++
++++ frame_probe ID: 890 receives a frame at time 29.5172s ++++
Measurement 1/8 complete in 1 second(s).
the 100th message counter  has been visited 3 times  
++++ frame_probe ID: 850 receives a frame at time 29.6106s ++++
++++ frame_probe ID: 860 receives a frame at time 29.6514s ++++
++++ frame_probe ID: 1010 receives a frame at time 29.6583s ++++
INFO: Detected an invalid packet at item 128
INFO: Parser returned #f
INFO: Detected an invalid packet at item 160
INFO: Parser returned #f
 at 8429.77 s
++++ frame_probe ID: 850 receives a frame at time 29.7865s ++++
++++ frame_probe ID: 860 receives a frame at time 29.8274s ++++
++++ frame_probe ID: 1010 receives a frame at time 29.8306s ++++
++++ frame_probe ID: 882 receives a frame at time 29.8531s ++++
++++ frame_probe ID: 883 receives a frame at time 29.8531s ++++
++++ frame_probe ID: 890 receives a frame at time 29.8532s ++++
the 100th message counter  has been visited 4 times  
++++ frame_probe ID: 850 receives a frame at time 29.9265s ++++
++++ frame_probe ID: 860 receives a frame at time 29.9673s ++++
++++ frame_probe ID: 1010 receives a frame at time 29.9745s ++++
INFO: Detected an invalid packet at item 224
INFO: Parser returned #f
++++ frame_probe ID: 882 receives a frame at time 29.9974s ++++
++++ frame_probe ID: 883 receives a frame at time 29.9974s ++++
++++ frame_probe ID: 890 receives a frame at time 29.9975s ++++
the 100th message counter  has been visited 5 times  
++++ frame_probe ID: 850 receives a frame at time 30.0689s ++++
++++ frame_probe ID: 860 receives a frame at time 30.1099s ++++
++++ frame_probe ID: 1010 receives a frame at time 30.1188s ++++
++++ frame_probe ID: 882 receives a frame at time 30.1416s ++++
++++ frame_probe ID: 883 receives a frame at time 30.1417s ++++
 at 8430.23 s
++++ frame_probe ID: 850 receives a frame at time 30.2451s ++++
++++ frame_probe ID: 860 receives a frame at time 30.286s ++++
++++ frame_probe ID: 1010 receives a frame at time 30.2915s ++++
INFO: Detected an invalid packet at item 320
INFO: Parser returned #f
INFO: Detected an invalid packet at item 352
INFO: Parser returned #f
 at 8430.41 s
++++ frame_probe ID: 850 receives a frame at time 30.4264s ++++
++++ frame_probe ID: 860 receives a frame at time 30.4674s ++++
++++ frame_probe ID: 1010 receives a frame at time 30.4737s ++++
INFO: Detected an invalid packet at item 384
INFO: Parser returned #f
++++ frame_probe ID: 882 receives a frame at time 30.4965s ++++
++++ frame_probe ID: 883 receives a frame at time 30.4966s ++++
++++ frame_probe ID: 890 receives a frame at time 30.4967s ++++
Measurement 1 raw data directory created /home/inets/0_ba/bachelor_thesis/measurements/debug/data/79/1/.
'/home/inets/source/gr-inets/results/receiver_data_received.txt' -> '/home/inets/0_ba/bachelor_thesis/measurements/debug/data/79/1/receiver_data_received.txt'
'/home/inets/source/gr-inets/results/sender_ack_received.txt' -> '/home/inets/0_ba/bachelor_thesis/measurements/debug/data/79/1/sender_ack_received.txt'
'/home/inets/source/gr-inets/results/sender_bfr_dq.txt' -> '/home/inets/0_ba/bachelor_thesis/measurements/debug/data/79/1/sender_bfr_dq.txt'
'/home/inets/source/gr-inets/results/sender_data_sent.txt' -> '/home/inets/0_ba/bachelor_thesis/measurements/debug/data/79/1/sender_data_sent.txt'
Measurement 1 raw data moved to /home/inets/0_ba/bachelor_thesis/measurements/debug/data/79/1/.

Measurement 2/8 complete in 4 second(s).
linux; GNU C++ version 5.4.0 20160609; Boost_105800; UHD_003.009.005-45-g6768a615
linux; GNU C++ version 5.4.0 20160609; Boost_105800; UHD_003.009.005-45-g6768a615


Using Volk machine: avx_64_mmx
-- Opening a USRP2/N-Series device...
Using Volk machine: avx_64_mmx
-- Opening a USRP2/N-Series device...
-- Current recv frame size: 1472 bytes
-- Current recv frame size: 1472 bytes
-- Current send frame size: 1472 bytes
-- Current send frame size: 1472 bytes
Measurement 2/8 complete in 3 second(s).
the 880th message counter is activated.
the 100th message counter is activated.
the 885th message counter is activated.
the 100th message counter is activated.
Measurement 2/8 complete in 2 second(s).
node starts running at 32.923
node starts running at 32.9231
++++ frame_probe ID: 850 receives a frame at time 33.1421s ++++
++++ frame_probe ID: 860 receives a frame at time 33.1837s ++++
++++ frame_probe ID: 1010 receives a frame at time 33.1915s ++++
++++ frame_probe ID: 882 receives a frame at time 33.2111s ++++
++++ frame_probe ID: 883 receives a frame at time 33.2111s ++++
++++ frame_probe ID: 890 receives a frame at time 33.2112s ++++
the 100th message counter  has been visited 1 times  
++++ frame_probe ID: 850 receives a frame at time 33.2937s ++++
++++ frame_probe ID: 860 receives a frame at time 33.3347s ++++
++++ frame_probe ID: 1010 receives a frame at time 33.3446s ++++
INFO: Detected an invalid packet at item 32
INFO: Parser returned #f
++++ frame_probe ID: 882 receives a frame at time 33.365s ++++
++++ frame_probe ID: 883 receives a frame at time 33.365s ++++
++++ frame_probe ID: 890 receives a frame at time 33.3651s ++++
the 100th message counter  has been visited 2 times  
++++ frame_probe ID: 850 receives a frame at time 33.4365s ++++
++++ frame_probe ID: 860 receives a frame at time 33.4772s ++++
INFO: Detected an invalid packet at item 96
INFO: Parser returned #f
++++ frame_probe ID: 1010 receives a frame at time 33.4888s ++++
++++ frame_probe ID: 882 receives a frame at time 33.5081s ++++
++++ frame_probe ID: 883 receives a frame at time 33.5082s ++++
++++ frame_probe ID: 890 receives a frame at time 33.5082s ++++
Measurement 2/8 complete in 1 second(s).
the 100th message counter  has been visited 3 times  
++++ frame_probe ID: 850 receives a frame at time 33.6006s ++++
++++ frame_probe ID: 860 receives a frame at time 33.6414s ++++
INFO: Detected an invalid packet at item 160
++++ frame_probe ID: 1010 receives a frame at time 33.6521s ++++
INFO: Parser returned #f
++++ frame_probe ID: 882 receives a frame at time 33.6715s ++++
++++ frame_probe ID: 883 receives a frame at time 33.6715s ++++
++++ frame_probe ID: 890 receives a frame at time 33.6716s ++++
the 100th message counter  has been visited 4 times  
++++ frame_probe ID: 850 receives a frame at time 33.7609s ++++
++++ frame_probe ID: 860 receives a frame at time 33.8018s ++++
++++ frame_probe ID: 1010 receives a frame at time 33.8054s ++++
++++ frame_probe ID: 882 receives a frame at time 33.825s ++++
++++ frame_probe ID: 883 receives a frame at time 33.825s ++++
++++ frame_probe ID: 890 receives a frame at time 33.8251s ++++
the 100th message counter  has been visited 5 times  
++++ frame_probe ID: 850 receives a frame at time 33.9245s ++++
++++ frame_probe ID: 860 receives a frame at time 33.9655s ++++
++++ frame_probe ID: 1010 receives a frame at time 33.9687s ++++
INFO: Detected an invalid packet at item 256
INFO: Parser returned #f
++++ frame_probe ID: 882 receives a frame at time 33.9885s ++++
++++ frame_probe ID: 883 receives a frame at time 33.9885s ++++
++++ frame_probe ID: 890 receives a frame at time 33.9886s ++++
the 100th message counter  has been visited 6 times  
++++ frame_probe ID: 850 receives a frame at time 34.0581s ++++
++++ frame_probe ID: 860 receives a frame at time 34.099s ++++
++++ frame_probe ID: 1010 receives a frame at time 34.103s ++++
INFO: Detected an invalid packet at item 320
INFO: Parser returned #f
INFO: Detected an invalid packet at item 352
INFO: Parser returned #f
 at 8434.22 s
++++ frame_probe ID: 850 receives a frame at time 34.234s ++++
++++ frame_probe ID: 860 receives a frame at time 34.2749s ++++
INFO: Detected an invalid packet at item 384
++++ frame_probe ID: 1010 receives a frame at time 34.2856s ++++
INFO: Parser returned #f
++++ frame_probe ID: 882 receives a frame at time 34.3051s ++++
++++ frame_probe ID: 883 receives a frame at time 34.3052s ++++
++++ frame_probe ID: 890 receives a frame at time 34.3053s ++++
the 100th message counter  has been visited 7 times  
++++ frame_probe ID: 850 receives a frame at time 34.4137s ++++
++++ frame_probe ID: 860 receives a frame at time 34.4547s ++++
INFO: Detected an invalid packet at item 448
++++ frame_probe ID: 1010 receives a frame at time 34.4589s ++++
INFO: Parser returned #f
++++ frame_probe ID: 882 receives a frame at time 34.4784s ++++
++++ frame_probe ID: 883 receives a frame at time 34.4785s ++++
++++ frame_probe ID: 890 receives a frame at time 34.4786s ++++
the 100th message counter  has been visited 8 times  
Measurement 2 raw data directory created /home/inets/0_ba/bachelor_thesis/measurements/debug/data/79/2/.
'/home/inets/source/gr-inets/results/receiver_data_received.txt' -> '/home/inets/0_ba/bachelor_thesis/measurements/debug/data/79/2/receiver_data_received.txt'
'/home/inets/source/gr-inets/results/sender_ack_received.txt' -> '/home/inets/0_ba/bachelor_thesis/measurements/debug/data/79/2/sender_ack_received.txt'
'/home/inets/source/gr-inets/results/sender_bfr_dq.txt' -> '/home/inets/0_ba/bachelor_thesis/measurements/debug/data/79/2/sender_bfr_dq.txt'
'/home/inets/source/gr-inets/results/sender_data_sent.txt' -> '/home/inets/0_ba/bachelor_thesis/measurements/debug/data/79/2/sender_data_sent.txt'
Measurement 2 raw data moved to /home/inets/0_ba/bachelor_thesis/measurements/debug/data/79/2/.

Measurement 3/8 complete in 4 second(s).
linux; GNU C++ version 5.4.0 20160609; Boost_105800; UHD_003.009.005-45-g6768a615
linux; GNU C++ version 5.4.0 20160609; Boost_105800; UHD_003.009.005-45-g6768a615


Using Volk machine: avx_64_mmx
-- Opening a USRP2/N-Series device...
Using Volk machine: avx_64_mmx
-- Opening a USRP2/N-Series device...
-- Current recv frame size: 1472 bytes
-- Current send frame size: 1472 bytes
-- Current recv frame size: 1472 bytes
-- Current send frame size: 1472 bytes
Measurement 3/8 complete in 3 second(s).
the 100th message counter is activated.
the 880th message counter is activated.
the 885th message counter is activated.
the 100th message counter is activated.
Measurement 3/8 complete in 2 second(s).
node starts running at 36.9132
node starts running at 36.9272
++++ frame_probe ID: 850 receives a frame at time 37.0027s ++++
++++ frame_probe ID: 860 receives a frame at time 37.0442s ++++
++++ frame_probe ID: 1010 receives a frame at time 37.047s ++++
INFO: Detected an invalid packet at item 0
INFO: Parser returned #f
++++ frame_probe ID: 882 receives a frame at time 37.074s ++++
++++ frame_probe ID: 883 receives a frame at time 37.0741s ++++
 at 8437.16 s
++++ frame_probe ID: 850 receives a frame at time 37.1793s ++++
++++ frame_probe ID: 860 receives a frame at time 37.2204s ++++
INFO: Detected an invalid packet at item 64
INFO: Parser returned #f
INFO: Detected an invalid packet at item 96
INFO: Parser returned #f
++++ frame_probe ID: 1010 receives a frame at time 37.2292s ++++
++++ frame_probe ID: 882 receives a frame at time 37.2566s ++++
++++ frame_probe ID: 883 receives a frame at time 37.2566s ++++
++++ frame_probe ID: 890 receives a frame at time 37.2567s ++++
the 100th message counter  has been visited 1 times  
++++ frame_probe ID: 850 receives a frame at time 37.326s ++++
++++ frame_probe ID: 860 receives a frame at time 37.367s ++++
INFO: Detected an invalid packet at item 160
INFO: Parser returned #f
++++ frame_probe ID: 1010 receives a frame at time 37.3734s ++++
++++ frame_probe ID: 882 receives a frame at time 37.3997s ++++
++++ frame_probe ID: 883 receives a frame at time 37.3997s ++++
 at 8437.48 s
++++ frame_probe ID: 850 receives a frame at time 37.4969s ++++
++++ frame_probe ID: 860 receives a frame at time 37.538s ++++
++++ frame_probe ID: 1010 receives a frame at time 37.546s ++++
Measurement 3/8 complete in 1 second(s).
++++ frame_probe ID: 882 receives a frame at time 37.5731s ++++
++++ frame_probe ID: 883 receives a frame at time 37.5732s ++++
 at 8437.66 s
++++ frame_probe ID: 850 receives a frame at time 37.6827s ++++
++++ frame_probe ID: 860 receives a frame at time 37.7236s ++++
++++ frame_probe ID: 1010 receives a frame at time 37.7282s ++++
INFO: Detected an invalid packet at item 256
INFO: Parser returned #f
++++ frame_probe ID: 882 receives a frame at time 37.7545s ++++
++++ frame_probe ID: 883 receives a frame at time 37.7545s ++++
++++ frame_probe ID: 890 receives a frame at time 37.7546s ++++
the 100th message counter  has been visited 2 times  
++++ frame_probe ID: 850 receives a frame at time 37.87s ++++
++++ frame_probe ID: 860 receives a frame at time 37.9109s ++++
INFO: Detected an invalid packet at item 320
INFO: Parser returned #f
++++ frame_probe ID: 1010 receives a frame at time 37.9208s ++++
++++ frame_probe ID: 882 receives a frame at time 37.947s ++++
++++ frame_probe ID: 883 receives a frame at time 37.947s ++++
++++ frame_probe ID: 890 receives a frame at time 37.9471s ++++
the 100th message counter  has been visited 3 times  
++++ frame_probe ID: 850 receives a frame at time 38.0335s ++++
++++ frame_probe ID: 860 receives a frame at time 38.0744s ++++
++++ frame_probe ID: 1010 receives a frame at time 38.084s ++++
++++ frame_probe ID: 882 receives a frame at time 38.1103s ++++
++++ frame_probe ID: 883 receives a frame at time 38.1103s ++++
++++ frame_probe ID: 890 receives a frame at time 38.1104s ++++
the 100th message counter  has been visited 4 times  
++++ frame_probe ID: 850 receives a frame at time 38.2127s ++++
++++ frame_probe ID: 860 receives a frame at time 38.2537s ++++
++++ frame_probe ID: 1010 receives a frame at time 38.2664s ++++
++++ frame_probe ID: 882 receives a frame at time 38.2928s ++++
++++ frame_probe ID: 883 receives a frame at time 38.2929s ++++
++++ frame_probe ID: 890 receives a frame at time 38.293s ++++
the 100th message counter  has been visited 5 times  
++++ frame_probe ID: 850 receives a frame at time 38.3655s ++++
++++ frame_probe ID: 860 receives a frame at time 38.4064s ++++
++++ frame_probe ID: 1010 receives a frame at time 38.4098s ++++
++++ frame_probe ID: 882 receives a frame at time 38.4363s ++++
++++ frame_probe ID: 883 receives a frame at time 38.4363s ++++
++++ frame_probe ID: 890 receives a frame at time 38.4365s ++++
the 100th message counter  has been visited 6 times  
++++ frame_probe ID: 850 receives a frame at time 38.5519s ++++
Measurement 3 raw data directory created /home/inets/0_ba/bachelor_thesis/measurements/debug/data/79/3/.
'/home/inets/source/gr-inets/results/receiver_data_received.txt' -> '/home/inets/0_ba/bachelor_thesis/measurements/debug/data/79/3/receiver_data_received.txt'
'/home/inets/source/gr-inets/results/sender_ack_received.txt' -> '/home/inets/0_ba/bachelor_thesis/measurements/debug/data/79/3/sender_ack_received.txt'
'/home/inets/source/gr-inets/results/sender_bfr_dq.txt' -> '/home/inets/0_ba/bachelor_thesis/measurements/debug/data/79/3/sender_bfr_dq.txt'
'/home/inets/source/gr-inets/results/sender_data_sent.txt' -> '/home/inets/0_ba/bachelor_thesis/measurements/debug/data/79/3/sender_data_sent.txt'
Measurement 3 raw data moved to /home/inets/0_ba/bachelor_thesis/measurements/debug/data/79/3/.

Measurement 4/8 complete in 4 second(s).
linux; GNU C++ version 5.4.0 20160609; Boost_105800; UHD_003.009.005-45-g6768a615
linux; GNU C++ version 5.4.0 20160609; Boost_105800; UHD_003.009.005-45-g6768a615


Using Volk machine: avx_64_mmx
-- Opening a USRP2/N-Series device...
Using Volk machine: avx_64_mmx
-- Opening a USRP2/N-Series device...
-- Current recv frame size: 1472 bytes
-- Current recv frame size: 1472 bytes
-- Current send frame size: 1472 bytes
-- Current send frame size: 1472 bytes
Measurement 4/8 complete in 3 second(s).
the 100th message counter is activated.
the 880th message counter is activated.
the 885th message counter is activated.
the 100th message counter is activated.
Measurement 4/8 complete in 2 second(s).
node starts running at 40.9436
node starts running at 40.9573
Measurement 4/8 complete in 1 second(s).
++++ frame_probe ID: 850 receives a frame at time 41.7154s ++++
++++ frame_probe ID: 860 receives a frame at time 41.7564s ++++
INFO: Detected an invalid packet at item 0
INFO: Parser returned #f
++++ frame_probe ID: 1010 receives a frame at time 41.7687s ++++
++++ frame_probe ID: 882 receives a frame at time 41.7957s ++++
++++ frame_probe ID: 883 receives a frame at time 41.7958s ++++
++++ frame_probe ID: 890 receives a frame at time 41.7959s ++++
the 100th message counter  has been visited 1 times  
++++ frame_probe ID: 850 receives a frame at time 41.9073s ++++
++++ frame_probe ID: 860 receives a frame at time 41.9483s ++++
INFO: Detected an invalid packet at item 64
INFO: Parser returned #f
++++ frame_probe ID: 1010 receives a frame at time 41.9599s ++++
++++ frame_probe ID: 882 receives a frame at time 41.9874s ++++
++++ frame_probe ID: 883 receives a frame at time 41.9875s ++++
++++ frame_probe ID: 890 receives a frame at time 41.9876s ++++
the 100th message counter  has been visited 2 times  
++++ frame_probe ID: 850 receives a frame at time 42.0749s ++++
++++ frame_probe ID: 860 receives a frame at time 42.1158s ++++
++++ frame_probe ID: 1010 receives a frame at time 42.1232s ++++
++++ frame_probe ID: 882 receives a frame at time 42.1497s ++++
++++ frame_probe ID: 883 receives a frame at time 42.1498s ++++
++++ frame_probe ID: 890 receives a frame at time 42.1499s ++++
the 100th message counter  has been visited 3 times  
++++ frame_probe ID: 850 receives a frame at time 42.2243s ++++
++++ frame_probe ID: 860 receives a frame at time 42.2651s ++++
INFO: Detected an invalid packet at item 160
INFO: Parser returned #f
++++ frame_probe ID: 1010 receives a frame at time 42.2766s ++++
++++ frame_probe ID: 882 receives a frame at time 42.3043s ++++
++++ frame_probe ID: 883 receives a frame at time 42.3044s ++++
++++ frame_probe ID: 890 receives a frame at time 42.3045s ++++
the 100th message counter  has been visited 4 times  
++++ frame_probe ID: 850 receives a frame at time 42.4059s ++++
++++ frame_probe ID: 860 receives a frame at time 42.447s ++++
++++ frame_probe ID: 1010 receives a frame at time 42.459s ++++
++++ frame_probe ID: 882 receives a frame at time 42.4866s ++++
++++ frame_probe ID: 883 receives a frame at time 42.4867s ++++
++++ frame_probe ID: 890 receives a frame at time 42.4867s ++++
Measurement 4 raw data directory created /home/inets/0_ba/bachelor_thesis/measurements/debug/data/79/4/.
'/home/inets/source/gr-inets/results/receiver_data_received.txt' -> '/home/inets/0_ba/bachelor_thesis/measurements/debug/data/79/4/receiver_data_received.txt'
'/home/inets/source/gr-inets/results/sender_ack_received.txt' -> '/home/inets/0_ba/bachelor_thesis/measurements/debug/data/79/4/sender_ack_received.txt'
'/home/inets/source/gr-inets/results/sender_bfr_dq.txt' -> '/home/inets/0_ba/bachelor_thesis/measurements/debug/data/79/4/sender_bfr_dq.txt'
'/home/inets/source/gr-inets/results/sender_data_sent.txt' -> '/home/inets/0_ba/bachelor_thesis/measurements/debug/data/79/4/sender_data_sent.txt'
Measurement 4 raw data moved to /home/inets/0_ba/bachelor_thesis/measurements/debug/data/79/4/.

Measurement 5/8 complete in 4 second(s).
linux; GNU C++ version 5.4.0 20160609; Boost_105800; UHD_003.009.005-45-g6768a615
linux; GNU C++ version 5.4.0 20160609; Boost_105800; UHD_003.009.005-45-g6768a615


Using Volk machine: avx_64_mmx
-- Opening a USRP2/N-Series device...
Using Volk machine: avx_64_mmx
-- Opening a USRP2/N-Series device...
-- Current recv frame size: 1472 bytes
-- Current send frame size: 1472 bytes
-- Current recv frame size: 1472 bytes
-- Current send frame size: 1472 bytes
Measurement 5/8 complete in 3 second(s).
the 100th message counter is activated.
the 880th message counter is activated.
the 885th message counter is activated.
the 100th message counter is activated.
Measurement 5/8 complete in 2 second(s).
node starts running at 44.9584
node starts running at 44.9771
++++ frame_probe ID: 850 receives a frame at time 45.0027s ++++
++++ frame_probe ID: 860 receives a frame at time 45.0437s ++++
INFO: Detected an invalid packet at item 0
INFO: Parser returned #f
++++ frame_probe ID: 1010 receives a frame at time 45.0549s ++++
++++ frame_probe ID: 882 receives a frame at time 45.0816s ++++
++++ frame_probe ID: 883 receives a frame at time 45.0816s ++++
++++ frame_probe ID: 890 receives a frame at time 45.0817s ++++
the 100th message counter  has been visited 1 times  
++++ frame_probe ID: 850 receives a frame at time 45.171s ++++
++++ frame_probe ID: 860 receives a frame at time 45.2119s ++++
++++ frame_probe ID: 1010 receives a frame at time 45.2179s ++++
++++ frame_probe ID: 882 receives a frame at time 45.2449s ++++
++++ frame_probe ID: 883 receives a frame at time 45.245s ++++
++++ frame_probe ID: 890 receives a frame at time 45.245s ++++
the 100th message counter  has been visited 2 times  
++++ frame_probe ID: 850 receives a frame at time 45.3363s ++++
++++ frame_probe ID: 860 receives a frame at time 45.3772s ++++
INFO: Detected an invalid packet at item 96
INFO: Parser returned #f
++++ frame_probe ID: 1010 receives a frame at time 45.3803s ++++
INFO: Detected an invalid packet at item 128
INFO: Parser returned #f
 at 8445.49 s
++++ frame_probe ID: 850 receives a frame at time 45.5119s ++++
++++ frame_probe ID: 860 receives a frame at time 45.5526s ++++
INFO: Detected an invalid packet at item 160
INFO: Parser returned #f
++++ frame_probe ID: 1010 receives a frame at time 45.5628s ++++
Measurement 5/8 complete in 1 second(s).
++++ frame_probe ID: 882 receives a frame at time 45.582s ++++
++++ frame_probe ID: 883 receives a frame at time 45.582s ++++
++++ frame_probe ID: 890 receives a frame at time 45.5821s ++++
the 100th message counter  has been visited 3 times  
++++ frame_probe ID: 850 receives a frame at time 45.6515s ++++
++++ frame_probe ID: 860 receives a frame at time 45.6921s ++++
INFO: Detected an invalid packet at item 224
INFO: Parser returned #f
++++ frame_probe ID: 1010 receives a frame at time 45.6979s ++++
++++ frame_probe ID: 882 receives a frame at time 45.7249s ++++
++++ frame_probe ID: 883 receives a frame at time 45.7249s ++++
++++ frame_probe ID: 890 receives a frame at time 45.725s ++++
the 100th message counter  has been visited 4 times  
++++ frame_probe ID: 850 receives a frame at time 45.8277s ++++
++++ frame_probe ID: 860 receives a frame at time 45.8685s ++++
++++ frame_probe ID: 1010 receives a frame at time 45.8804s ++++
++++ frame_probe ID: 882 receives a frame at time 45.9073s ++++
++++ frame_probe ID: 883 receives a frame at time 45.9074s ++++
++++ frame_probe ID: 890 receives a frame at time 45.9075s ++++
the 100th message counter  has been visited 5 times  
++++ frame_probe ID: 850 receives a frame at time 45.9877s ++++
++++ frame_probe ID: 860 receives a frame at time 46.0285s ++++
++++ frame_probe ID: 1010 receives a frame at time 46.0337s ++++
++++ frame_probe ID: 882 receives a frame at time 46.0619s ++++
++++ frame_probe ID: 883 receives a frame at time 46.0619s ++++
++++ frame_probe ID: 890 receives a frame at time 46.062s ++++
the 100th message counter  has been visited 6 times  
++++ frame_probe ID: 850 receives a frame at time 46.1763s ++++
++++ frame_probe ID: 860 receives a frame at time 46.2171s ++++
++++ frame_probe ID: 1010 receives a frame at time 46.2253s ++++
++++ frame_probe ID: 882 receives a frame at time 46.2447s ++++
++++ frame_probe ID: 883 receives a frame at time 46.2448s ++++
++++ frame_probe ID: 890 receives a frame at time 46.2448s ++++
the 100th message counter  has been visited 7 times  
++++ frame_probe ID: 850 receives a frame at time 46.3352s ++++
++++ frame_probe ID: 860 receives a frame at time 46.3762s ++++
++++ frame_probe ID: 1010 receives a frame at time 46.3794s ++++
INFO: Detected an invalid packet at item 384
INFO: Parser returned #f
++++ frame_probe ID: 882 receives a frame at time 46.3977s ++++
++++ frame_probe ID: 883 receives a frame at time 46.3977s ++++
++++ frame_probe ID: 890 receives a frame at time 46.3978s ++++
the 100th message counter  has been visited 8 times  
++++ frame_probe ID: 850 receives a frame at time 46.4842s ++++
++++ frame_probe ID: 860 receives a frame at time 46.525s ++++
++++ frame_probe ID: 1010 receives a frame at time 46.5328s ++++
++++ frame_probe ID: 882 receives a frame at time 46.5512s ++++
++++ frame_probe ID: 883 receives a frame at time 46.5512s ++++
++++ frame_probe ID: 890 receives a frame at time 46.5513s ++++
Measurement 5 raw data directory created /home/inets/0_ba/bachelor_thesis/measurements/debug/data/79/5/.
'/home/inets/source/gr-inets/results/receiver_data_received.txt' -> '/home/inets/0_ba/bachelor_thesis/measurements/debug/data/79/5/receiver_data_received.txt'
'/home/inets/source/gr-inets/results/sender_ack_received.txt' -> '/home/inets/0_ba/bachelor_thesis/measurements/debug/data/79/5/sender_ack_received.txt'
'/home/inets/source/gr-inets/results/sender_bfr_dq.txt' -> '/home/inets/0_ba/bachelor_thesis/measurements/debug/data/79/5/sender_bfr_dq.txt'
'/home/inets/source/gr-inets/results/sender_data_sent.txt' -> '/home/inets/0_ba/bachelor_thesis/measurements/debug/data/79/5/sender_data_sent.txt'
Measurement 5 raw data moved to /home/inets/0_ba/bachelor_thesis/measurements/debug/data/79/5/.

Measurement 6/8 complete in 4 second(s).
linux; GNU C++ version 5.4.0 20160609; Boost_105800; UHD_003.009.005-45-g6768a615
linux; GNU C++ version 5.4.0 20160609; Boost_105800; UHD_003.009.005-45-g6768a615


Using Volk machine: avx_64_mmx
-- Opening a USRP2/N-Series device...
Using Volk machine: avx_64_mmx
-- Opening a USRP2/N-Series device...
-- Current recv frame size: 1472 bytes
-- Current recv frame size: 1472 bytes
-- Current send frame size: 1472 bytes
-- Current send frame size: 1472 bytes
Measurement 6/8 complete in 3 second(s).
the 880th message counter is activated.
the 885th message counter is activated.
the 100th message counter is activated.
the 100th message counter is activated.
Measurement 6/8 complete in 2 second(s).
node starts running at 48.9569
node starts running at 48.9576
++++ frame_probe ID: 850 receives a frame at time 49.0772s ++++
++++ frame_probe ID: 860 receives a frame at time 49.1187s ++++
INFO: Detected an invalid packet at item 0
INFO: Parser returned #f
++++ frame_probe ID: 1010 receives a frame at time 49.1305s ++++
++++ frame_probe ID: 882 receives a frame at time 49.1495s ++++
++++ frame_probe ID: 883 receives a frame at time 49.1496s ++++
++++ frame_probe ID: 890 receives a frame at time 49.1497s ++++
the 100th message counter  has been visited 1 times  
++++ frame_probe ID: 850 receives a frame at time 49.2601s ++++
++++ frame_probe ID: 860 receives a frame at time 49.3009s ++++
INFO: Detected an invalid packet at item 64
INFO: Parser returned #f
++++ frame_probe ID: 1010 receives a frame at time 49.3126s ++++
++++ frame_probe ID: 882 receives a frame at time 49.3318s ++++
++++ frame_probe ID: 883 receives a frame at time 49.3319s ++++
++++ frame_probe ID: 890 receives a frame at time 49.3319s ++++
the 100th message counter  has been visited 2 times  
++++ frame_probe ID: 850 receives a frame at time 49.4023s ++++
++++ frame_probe ID: 860 receives a frame at time 49.4431s ++++
++++ frame_probe ID: 1010 receives a frame at time 49.4478s ++++
++++ frame_probe ID: 882 receives a frame at time 49.4749s ++++
++++ frame_probe ID: 883 receives a frame at time 49.475s ++++
 at 8449.56 s
++++ frame_probe ID: 850 receives a frame at time 49.5736s ++++
Measurement 6/8 complete in 1 second(s).
++++ frame_probe ID: 860 receives a frame at time 49.6144s ++++
INFO: Detected an invalid packet at item 160
INFO: Parser returned #f
++++ frame_probe ID: 1010 receives a frame at time 49.6203s ++++
INFO: Detected an invalid packet at item 192
INFO: Parser returned #f
 at 8449.74 s
++++ frame_probe ID: 850 receives a frame at time 49.7541s ++++
++++ frame_probe ID: 860 receives a frame at time 49.7949s ++++
INFO: Detected an invalid packet at item 224
INFO: Parser returned #f
++++ frame_probe ID: 1010 receives a frame at time 49.8028s ++++
INFO: Detected an invalid packet at item 256
INFO: Parser returned #f
 at 8449.93 s
++++ frame_probe ID: 850 receives a frame at time 49.9449s ++++
++++ frame_probe ID: 860 receives a frame at time 49.9858s ++++
INFO: Detected an invalid packet at item 288
INFO: Parser returned #f
++++ frame_probe ID: 1010 receives a frame at time 49.9952s ++++
++++ frame_probe ID: 882 receives a frame at time 50.022s ++++
++++ frame_probe ID: 883 receives a frame at time 50.0221s ++++
++++ frame_probe ID: 890 receives a frame at time 50.0222s ++++
the 100th message counter  has been visited 3 times  
++++ frame_probe ID: 850 receives a frame at time 50.0978s ++++
++++ frame_probe ID: 860 receives a frame at time 50.1388s ++++
++++ frame_probe ID: 1010 receives a frame at time 50.1489s ++++
++++ frame_probe ID: 882 receives a frame at time 50.1763s ++++
++++ frame_probe ID: 883 receives a frame at time 50.1764s ++++
++++ frame_probe ID: 890 receives a frame at time 50.1764s ++++
the 100th message counter  has been visited 4 times  
++++ frame_probe ID: 850 receives a frame at time 50.2738s ++++
++++ frame_probe ID: 860 receives a frame at time 50.3147s ++++
++++ frame_probe ID: 1010 receives a frame at time 50.321s ++++
++++ frame_probe ID: 882 receives a frame at time 50.3402s ++++
++++ frame_probe ID: 883 receives a frame at time 50.3403s ++++
 at 8450.43 s
++++ frame_probe ID: 850 receives a frame at time 50.4446s ++++
++++ frame_probe ID: 860 receives a frame at time 50.4858s ++++
INFO: Detected an invalid packet at item 416
INFO: Parser returned #f
++++ frame_probe ID: 1010 receives a frame at time 50.4944s ++++
++++ frame_probe ID: 882 receives a frame at time 50.5222s ++++
++++ frame_probe ID: 883 receives a frame at time 50.5223s ++++
++++ frame_probe ID: 890 receives a frame at time 50.5223s ++++
the 100th message counter  has been visited 5 times  
Measurement 6 raw data directory created /home/inets/0_ba/bachelor_thesis/measurements/debug/data/79/6/.
'/home/inets/source/gr-inets/results/receiver_data_received.txt' -> '/home/inets/0_ba/bachelor_thesis/measurements/debug/data/79/6/receiver_data_received.txt'
'/home/inets/source/gr-inets/results/sender_ack_received.txt' -> '/home/inets/0_ba/bachelor_thesis/measurements/debug/data/79/6/sender_ack_received.txt'
'/home/inets/source/gr-inets/results/sender_bfr_dq.txt' -> '/home/inets/0_ba/bachelor_thesis/measurements/debug/data/79/6/sender_bfr_dq.txt'
'/home/inets/source/gr-inets/results/sender_data_sent.txt' -> '/home/inets/0_ba/bachelor_thesis/measurements/debug/data/79/6/sender_data_sent.txt'
Measurement 6 raw data moved to /home/inets/0_ba/bachelor_thesis/measurements/debug/data/79/6/.

Measurement 7/8 complete in 4 second(s).
linux; GNU C++ version 5.4.0 20160609; Boost_105800; UHD_003.009.005-45-g6768a615
linux; GNU C++ version 5.4.0 20160609; Boost_105800; UHD_003.009.005-45-g6768a615


Using Volk machine: avx_64_mmx
-- Opening a USRP2/N-Series device...
Using Volk machine: avx_64_mmx
-- Opening a USRP2/N-Series device...
-- Current recv frame size: 1472 bytes
-- Current send frame size: 1472 bytes
-- Current recv frame size: 1472 bytes
-- Current send frame size: 1472 bytes
Measurement 7/8 complete in 3 second(s).
the 100th message counter is activated.
the 880th message counter is activated.
the 885th message counter is activated.
the 100th message counter is activated.
Measurement 7/8 complete in 2 second(s).
node starts running at 52.9599
node starts running at 52.9763
++++ frame_probe ID: 850 receives a frame at time 53.0174s ++++
++++ frame_probe ID: 860 receives a frame at time 53.0587s ++++
++++ frame_probe ID: 1010 receives a frame at time 53.0665s ++++
++++ frame_probe ID: 882 receives a frame at time 53.0853s ++++
++++ frame_probe ID: 883 receives a frame at time 53.0853s ++++
++++ frame_probe ID: 890 receives a frame at time 53.0854s ++++
the 100th message counter  has been visited 1 times  
++++ frame_probe ID: 850 receives a frame at time 53.1978s ++++
++++ frame_probe ID: 860 receives a frame at time 53.2388s ++++
++++ frame_probe ID: 1010 receives a frame at time 53.2489s ++++
++++ frame_probe ID: 882 receives a frame at time 53.2682s ++++
++++ frame_probe ID: 883 receives a frame at time 53.2682s ++++
++++ frame_probe ID: 890 receives a frame at time 53.2684s ++++
the 100th message counter  has been visited 2 times  
++++ frame_probe ID: 850 receives a frame at time 53.3798s ++++
++++ frame_probe ID: 860 receives a frame at time 53.4209s ++++
++++ frame_probe ID: 1010 receives a frame at time 53.4312s ++++
++++ frame_probe ID: 882 receives a frame at time 53.4504s ++++
++++ frame_probe ID: 883 receives a frame at time 53.4504s ++++
++++ frame_probe ID: 890 receives a frame at time 53.4505s ++++
the 100th message counter  has been visited 3 times  
++++ frame_probe ID: 850 receives a frame at time 53.5359s ++++
++++ frame_probe ID: 860 receives a frame at time 53.5768s ++++
INFO: Detected an invalid packet at item 96
INFO: Parser returned #f
++++ frame_probe ID: 1010 receives a frame at time 53.5855s ++++
Measurement 7/8 complete in 1 second(s).
++++ frame_probe ID: 882 receives a frame at time 53.6127s ++++
++++ frame_probe ID: 883 receives a frame at time 53.6128s ++++
++++ frame_probe ID: 890 receives a frame at time 53.6129s ++++
the 100th message counter  has been visited 4 times  
++++ frame_probe ID: 850 receives a frame at time 53.7096s ++++
++++ frame_probe ID: 860 receives a frame at time 53.7504s ++++
++++ frame_probe ID: 1010 receives a frame at time 53.7579s ++++
++++ frame_probe ID: 882 receives a frame at time 53.7769s ++++
++++ frame_probe ID: 883 receives a frame at time 53.777s ++++
++++ frame_probe ID: 890 receives a frame at time 53.7771s ++++
the 100th message counter  has been visited 5 times  
++++ frame_probe ID: 850 receives a frame at time 53.8856s ++++
++++ frame_probe ID: 860 receives a frame at time 53.9265s ++++
++++ frame_probe ID: 1010 receives a frame at time 53.9304s ++++
INFO: Detected an invalid packet at item 192
INFO: Parser returned #f
++++ frame_probe ID: 882 receives a frame at time 53.9502s ++++
++++ frame_probe ID: 883 receives a frame at time 53.9503s ++++
++++ frame_probe ID: 890 receives a frame at time 53.9504s ++++
the 100th message counter  has been visited 6 times  
++++ frame_probe ID: 850 receives a frame at time 54.0258s ++++
++++ frame_probe ID: 860 receives a frame at time 54.0668s ++++
++++ frame_probe ID: 1010 receives a frame at time 54.0745s ++++
++++ frame_probe ID: 882 receives a frame at time 54.094s ++++
++++ frame_probe ID: 883 receives a frame at time 54.0941s ++++
++++ frame_probe ID: 890 receives a frame at time 54.0942s ++++
the 100th message counter  has been visited 7 times  
++++ frame_probe ID: 850 receives a frame at time 54.1865s ++++
++++ frame_probe ID: 860 receives a frame at time 54.2274s ++++
INFO: Detected an invalid packet at item 288
INFO: Parser returned #f
++++ frame_probe ID: 1010 receives a frame at time 54.2378s ++++
INFO: Detected an invalid packet at item 320
INFO: Parser returned #f
 at 8454.34 s
++++ frame_probe ID: 850 receives a frame at time 54.3576s ++++
++++ frame_probe ID: 860 receives a frame at time 54.3985s ++++
++++ frame_probe ID: 1010 receives a frame at time 54.4107s ++++
++++ frame_probe ID: 882 receives a frame at time 54.4302s ++++
++++ frame_probe ID: 883 receives a frame at time 54.4302s ++++
++++ frame_probe ID: 890 receives a frame at time 54.4303s ++++
the 100th message counter  has been visited 8 times  
++++ frame_probe ID: 850 receives a frame at time 54.5167s ++++
++++ frame_probe ID: 860 receives a frame at time 54.5575s ++++
++++ frame_probe ID: 1010 receives a frame at time 54.5639s ++++
++++ frame_probe ID: 882 receives a frame at time 54.5841s ++++
++++ frame_probe ID: 883 receives a frame at time 54.5841s ++++
++++ frame_probe ID: 890 receives a frame at time 54.5842s ++++
Measurement 7 raw data directory created /home/inets/0_ba/bachelor_thesis/measurements/debug/data/79/7/.
'/home/inets/source/gr-inets/results/receiver_data_received.txt' -> '/home/inets/0_ba/bachelor_thesis/measurements/debug/data/79/7/receiver_data_received.txt'
'/home/inets/source/gr-inets/results/sender_ack_received.txt' -> '/home/inets/0_ba/bachelor_thesis/measurements/debug/data/79/7/sender_ack_received.txt'
'/home/inets/source/gr-inets/results/sender_bfr_dq.txt' -> '/home/inets/0_ba/bachelor_thesis/measurements/debug/data/79/7/sender_bfr_dq.txt'
'/home/inets/source/gr-inets/results/sender_data_sent.txt' -> '/home/inets/0_ba/bachelor_thesis/measurements/debug/data/79/7/sender_data_sent.txt'
Measurement 7 raw data moved to /home/inets/0_ba/bachelor_thesis/measurements/debug/data/79/7/.

Measurement 8/8 complete in 4 second(s).
linux; GNU C++ version 5.4.0 20160609; Boost_105800; UHD_003.009.005-45-g6768a615
linux; GNU C++ version 5.4.0 20160609; Boost_105800; UHD_003.009.005-45-g6768a615


Using Volk machine: avx_64_mmx
-- Opening a USRP2/N-Series device...
Using Volk machine: avx_64_mmx
-- Opening a USRP2/N-Series device...
-- Current recv frame size: 1472 bytes
-- Current recv frame size: 1472 bytes
-- Current send frame size: 1472 bytes
-- Current send frame size: 1472 bytes
Measurement 8/8 complete in 3 second(s).
the 100th message counter is activated.
the 880th message counter is activated.
the 885th message counter is activated.
the 100th message counter is activated.
Measurement 8/8 complete in 2 second(s).
node starts running at 56.9806
node starts running at 56.9939
++++ frame_probe ID: 850 receives a frame at time 57.1573s ++++
++++ frame_probe ID: 860 receives a frame at time 57.1985s ++++
++++ frame_probe ID: 1010 receives a frame at time 57.2107s ++++
++++ frame_probe ID: 882 receives a frame at time 57.2358s ++++
++++ frame_probe ID: 883 receives a frame at time 57.2359s ++++
++++ frame_probe ID: 890 receives a frame at time 57.236s ++++
the 100th message counter  has been visited 1 times  
++++ frame_probe ID: 850 receives a frame at time 57.3463s ++++
++++ frame_probe ID: 860 receives a frame at time 57.3878s ++++
++++ frame_probe ID: 1010 receives a frame at time 57.3929s ++++
++++ frame_probe ID: 882 receives a frame at time 57.4183s ++++
++++ frame_probe ID: 883 receives a frame at time 57.4184s ++++
 at 8457.5 s
++++ frame_probe ID: 850 receives a frame at time 57.5178s ++++
++++ frame_probe ID: 860 receives a frame at time 57.5587s ++++
++++ frame_probe ID: 1010 receives a frame at time 57.5653s ++++
INFO: Detected an invalid packet at item 64
INFO: Parser returned #f
INFO: Detected an invalid packet at item 96
INFO: Parser returned #f
Measurement 8/8 complete in 1 second(s).
 at 8457.67 s
++++ frame_probe ID: 850 receives a frame at time 57.6886s ++++
++++ frame_probe ID: 860 receives a frame at time 57.7294s ++++
INFO: Detected an invalid packet at item 128
INFO: Parser returned #f
++++ frame_probe ID: 1010 receives a frame at time 57.7379s ++++
++++ frame_probe ID: 882 receives a frame at time 57.7631s ++++
++++ frame_probe ID: 883 receives a frame at time 57.7631s ++++
++++ frame_probe ID: 890 receives a frame at time 57.7632s ++++
the 100th message counter  has been visited 2 times  
++++ frame_probe ID: 850 receives a frame at time 57.8356s ++++
++++ frame_probe ID: 860 receives a frame at time 57.8767s ++++
++++ frame_probe ID: 1010 receives a frame at time 57.8821s ++++
INFO: Detected an invalid packet at item 192
INFO: Parser returned #f
++++ frame_probe ID: 882 receives a frame at time 57.9074s ++++
++++ frame_probe ID: 883 receives a frame at time 57.9074s ++++
++++ frame_probe ID: 890 receives a frame at time 57.9075s ++++
the 100th message counter  has been visited 3 times  
++++ frame_probe ID: 850 receives a frame at time 58.0049s ++++
++++ frame_probe ID: 860 receives a frame at time 58.0458s ++++
INFO: Detected an invalid packet at item 256
INFO: Parser returned #f
++++ frame_probe ID: 1010 receives a frame at time 58.0545s ++++
++++ frame_probe ID: 882 receives a frame at time 58.0799s ++++
++++ frame_probe ID: 883 receives a frame at time 58.08s ++++
++++ frame_probe ID: 890 receives a frame at time 58.0801s ++++
the 100th message counter  has been visited 4 times  
++++ frame_probe ID: 850 receives a frame at time 58.1485s ++++
++++ frame_probe ID: 860 receives a frame at time 58.1894s ++++
INFO: Detected an invalid packet at item 320
INFO: Parser returned #f
++++ frame_probe ID: 1010 receives a frame at time 58.1988s ++++
++++ frame_probe ID: 882 receives a frame at time 58.218s ++++
++++ frame_probe ID: 883 receives a frame at time 58.218s ++++
++++ frame_probe ID: 890 receives a frame at time 58.2181s ++++
the 100th message counter  has been visited 5 times  
++++ frame_probe ID: 850 receives a frame at time 58.3324s ++++
++++ frame_probe ID: 860 receives a frame at time 58.3733s ++++
++++ frame_probe ID: 1010 receives a frame at time 58.3812s ++++
++++ frame_probe ID: 882 receives a frame at time 58.4001s ++++
++++ frame_probe ID: 883 receives a frame at time 58.4001s ++++
++++ frame_probe ID: 890 receives a frame at time 58.4002s ++++
the 100th message counter  has been visited 6 times  
++++ frame_probe ID: 850 receives a frame at time 58.4846s ++++
++++ frame_probe ID: 860 receives a frame at time 58.5256s ++++
INFO: Detected an invalid packet at item 416
INFO: Parser returned #f
++++ frame_probe ID: 1010 receives a frame at time 58.5347s ++++
++++ frame_probe ID: 882 receives a frame at time 58.5544s ++++
++++ frame_probe ID: 883 receives a frame at time 58.5544s ++++
++++ frame_probe ID: 890 receives a frame at time 58.5545s ++++
Measurement 8 raw data directory created /home/inets/0_ba/bachelor_thesis/measurements/debug/data/79/8/.
'/home/inets/source/gr-inets/results/receiver_data_received.txt' -> '/home/inets/0_ba/bachelor_thesis/measurements/debug/data/79/8/receiver_data_received.txt'
'/home/inets/source/gr-inets/results/sender_ack_received.txt' -> '/home/inets/0_ba/bachelor_thesis/measurements/debug/data/79/8/sender_ack_received.txt'
'/home/inets/source/gr-inets/results/sender_bfr_dq.txt' -> '/home/inets/0_ba/bachelor_thesis/measurements/debug/data/79/8/sender_bfr_dq.txt'
'/home/inets/source/gr-inets/results/sender_data_sent.txt' -> '/home/inets/0_ba/bachelor_thesis/measurements/debug/data/79/8/sender_data_sent.txt'
Measurement 8 raw data moved to /home/inets/0_ba/bachelor_thesis/measurements/debug/data/79/8/.

Now processing results...
Plotting Python should be: python3 (UBUNTU).
Hello from rtt.py!
Hello from variables.py!
data_sent: 1499968429.118568
data_sent: 1499968429.288188
data_sent: 1499968429.445322
data_sent: 1499968429.610625
data_sent: 1499968429.786457
data_sent: 1499968429.926501
data_sent: 1499968430.068885
data_sent: 1499968430.245061
data_sent: 1499968430.426405
ack_received: 1499968429.190846
ack_received: 1499968429.363993
ack_received: 1499968429.517246
ack_received: 1499968429.853183
ack_received: 1499968429.997512
ack_received: 1499968430.496683
abs. packet loss: 3.0
packet loss in %: 33.33%

The resulting RTTs of this single measurement are:
[0.07228, 0.0758, 0.07192, 0.24256, 0.21106, 0.57018]



The resulting mean RTT of this single measurement is:
0.2073


data_sent: 1499968433.142079
data_sent: 1499968433.293661
data_sent: 1499968433.436465
data_sent: 1499968433.600625
data_sent: 1499968433.760931
data_sent: 1499968433.924459
data_sent: 1499968434.058051
data_sent: 1499968434.233967
data_sent: 1499968434.413655
ack_received: 1499968433.211210
ack_received: 1499968433.365120
ack_received: 1499968433.508238
ack_received: 1499968433.671575
ack_received: 1499968433.825075
ack_received: 1499968433.988629
ack_received: 1499968434.305267
ack_received: 1499968434.478565
abs. packet loss: 1.0
packet loss in %: 11.11%

The resulting RTTs of this single measurement are:
[0.06913, 0.07146, 0.07177, 0.07095, 0.06414, 0.06417, 0.24722, 0.2446]



The resulting mean RTT of this single measurement is:
0.11293000000000002


data_sent: 1499968437.002745
data_sent: 1499968437.179350
data_sent: 1499968437.326027
data_sent: 1499968437.496888
data_sent: 1499968437.682693
data_sent: 1499968437.869968
data_sent: 1499968438.033479
data_sent: 1499968438.212745
data_sent: 1499968438.365454
data_sent: 1499968438.551896
ack_received: 1499968437.256675
ack_received: 1499968437.754582
ack_received: 1499968437.947111
ack_received: 1499968438.110376
ack_received: 1499968438.293005
ack_received: 1499968438.436467
abs. packet loss: 4.0
packet loss in %: 40.0%

The resulting RTTs of this single measurement are:
[0.25393, 0.57523, 0.62108, 0.61349, 0.61031, 0.5665]



The resulting mean RTT of this single measurement is:
0.5400900000000001


data_sent: 1499968441.715417
data_sent: 1499968441.907343
data_sent: 1499968442.074916
data_sent: 1499968442.224261
data_sent: 1499968442.405898
ack_received: 1499968441.795905
ack_received: 1499968441.987559
ack_received: 1499968442.149884
ack_received: 1499968442.304457
ack_received: 1499968442.486728
abs. packet loss: 0.0
packet loss in %: 0.0%

The resulting RTTs of this single measurement are:
[0.08049, 0.08022, 0.07497, 0.0802, 0.08083]



The resulting mean RTT of this single measurement is:
0.079342


data_sent: 1499968445.002749
data_sent: 1499968445.171042
data_sent: 1499968445.336320
data_sent: 1499968445.511867
data_sent: 1499968445.651477
data_sent: 1499968445.827665
data_sent: 1499968445.987739
data_sent: 1499968446.176276
data_sent: 1499968446.335235
data_sent: 1499968446.484238
ack_received: 1499968445.081694
ack_received: 1499968445.245026
ack_received: 1499968445.582067
ack_received: 1499968445.725016
ack_received: 1499968445.907457
ack_received: 1499968446.061968
ack_received: 1499968446.244845
ack_received: 1499968446.397776
ack_received: 1499968446.551281
abs. packet loss: 1.0
packet loss in %: 10.0%

The resulting RTTs of this single measurement are:
[0.07894, 0.07398, 0.24575, 0.21315, 0.25598, 0.2343, 0.25711, 0.2215, 0.21605]



The resulting mean RTT of this single measurement is:
0.19964


data_sent: 1499968449.077166
data_sent: 1499968449.260076
data_sent: 1499968449.402254
data_sent: 1499968449.573570
data_sent: 1499968449.754132
data_sent: 1499968449.944946
data_sent: 1499968450.097827
data_sent: 1499968450.273802
data_sent: 1499968450.444596
ack_received: 1499968449.149731
ack_received: 1499968449.331918
ack_received: 1499968450.022194
ack_received: 1499968450.176445
ack_received: 1499968450.522332
abs. packet loss: 4.0
packet loss in %: 44.44%

The resulting RTTs of this single measurement are:
[0.07256, 0.07184, 0.61994, 0.60287, 0.7682]



The resulting mean RTT of this single measurement is:
0.4270820000000001


data_sent: 1499968453.017404
data_sent: 1499968453.197827
data_sent: 1499968453.379789
data_sent: 1499968453.535876
data_sent: 1499968453.709554
data_sent: 1499968453.885607
data_sent: 1499968454.025774
data_sent: 1499968454.186522
data_sent: 1499968454.357633
data_sent: 1499968454.516658
ack_received: 1499968453.085437
ack_received: 1499968453.268386
ack_received: 1499968453.450503
ack_received: 1499968453.612923
ack_received: 1499968453.777141
ack_received: 1499968453.950363
ack_received: 1499968454.094157
ack_received: 1499968454.430306
ack_received: 1499968454.584204
abs. packet loss: 1.0
packet loss in %: 10.0%

The resulting RTTs of this single measurement are:
[0.06803, 0.07056, 0.07071, 0.07705, 0.06759, 0.06476, 0.06838, 0.24378, 0.22657]



The resulting mean RTT of this single measurement is:
0.1063811111111111


data_sent: 1499968457.157336
data_sent: 1499968457.346317
data_sent: 1499968457.517803
data_sent: 1499968457.688556
data_sent: 1499968457.835586
data_sent: 1499968458.004864
data_sent: 1499968458.148514
data_sent: 1499968458.332416
data_sent: 1499968458.484606
ack_received: 1499968457.235994
ack_received: 1499968457.763207
ack_received: 1499968457.907462
ack_received: 1499968458.080131
ack_received: 1499968458.218118
ack_received: 1499968458.400196
ack_received: 1499968458.554514
abs. packet loss: 2.0
packet loss in %: 22.22%

The resulting RTTs of this single measurement are:
[0.07866, 0.41689, 0.38966, 0.39158, 0.38253, 0.39533, 0.406]



The resulting mean RTT of this single measurement is:
0.3515214285714286


[ 0.2073      0.11293     0.54009     0.079342    0.19964     0.427082
  0.10638111  0.35152143]
Hello from myplot.py!
I will print a pdf for you now!
Hello from myplot.py!
I will print a cdf for you now!
<a list of 1 Patch objects>
Hello from myplot.py!
I will print a boxplot for you now!
Hello from myplot.py!
I will print a bar for you now!
Hello from throughput.py!
Hello from variables.py!
[  9000.   9000.   9000.   5000.  10000.   9000.  10000.   9000.]
Hello from myplot.py!
I will print a pdf for you now!
Hello from myplot.py!
I will print a cdf for you now!
<a list of 1 Patch objects>
Hello from myplot.py!
I will print a boxplot for you now!
Hello from myplot.py!
I will print a bar for you now!

+--------------------------------------------------------------+
| Plotting completed. Until the next measurement session then! |
+--------------------------------------------------------------+
