Measurement 1/2 complete in 4 second(s).
linux; GNU C++ version 5.4.0 20160609; Boost_105800; UHD_003.009.005-45-g6768a615

linux; GNU C++ version 5.4.0 20160609; Boost_105800; UHD_003.009.005-45-g6768a615

Using Volk machine: avx_64_mmx
-- Opening a USRP2/N-Series device...
Using Volk machine: avx_64_mmx
-- Opening a USRP2/N-Series device...
-- Current recv frame size: 1472 bytes
-- Current send frame size: 1472 bytes
-- Current recv frame size: 1472 bytes
-- Current send frame size: 1472 bytes
Measurement 1/2 complete in 3 second(s).
develop mode of resend_check ID: 24 is activated.
the 100th message counter is activated.
the 880th message counter is activated.
the 100th message counter is activated.
Measurement 1/2 complete in 2 second(s).
node starts running at 73.1252
node starts running at 73.1272
++++ frame_probe ID: 850 receives a frame at time 73.1826s ++++
++++ frame_probe ID: 860 receives a frame at time 73.2233s ++++
a data frame with index 0 from node: 3 has been transmitted 1th time
++++ frame_probe ID: 850 receives a frame at time 73.3528s ++++
++++ frame_probe ID: 860 receives a frame at time 73.3934s ++++
INFO: Detected an invalid packet at item 0
INFO: Parser returned #f
INFO: Detected an invalid packet at item 32
INFO: Parser returned #f
++++ frame_probe ID: 1010 receives a frame at time 73.3985s ++++
+++++++++ frame_probe ID: 882 +++++++++Input mac frame has length: 15

+++++++++ frame_probe ID: 883 +++++++++ ---- ack frame detected ---- frame index is:            0;    destination address is:    3;    source address is:         1;    number of transmission is: 1;    reserved field I is:       318;    reserved field II is:      524;    payload length is:           0;    header length is:          11;    address check is:          0;    good frame is:             0;    analysis time is:             1.5003e+09;    frame info contains a frame with length 15 bytes: 
counter ID 880 results at time 9673.42 is 1
++++ frame_probe ID: 890 receives a frame at time 73.417s ++++
the 100th message counter  has been visited 1 times  
++++ frame_probe ID: 850 receives a frame at time 73.5282s ++++
++++ frame_probe ID: 860 receives a frame at time 73.5688s ++++
INFO: Detected an invalid packet at item 96
INFO: Parser returned #f
INFO: Detected an invalid packet at item 128
INFO: Parser returned #f
a data frame with index 1 from node: 3 has been transmitted 1th time
++++ frame_probe ID: 850 receives a frame at time 73.699s ++++
++++ frame_probe ID: 860 receives a frame at time 73.7395s ++++
INFO: Detected an invalid packet at item 160
INFO: Parser returned #f
INFO: Detected an invalid packet at item 192
INFO: Parser returned #f
Measurement 1/2 complete in 1 second(s).
a data frame with index 1 from node: 3 has been transmitted 2th time
++++ frame_probe ID: 850 receives a frame at time 73.874s ++++
++++ frame_probe ID: 860 receives a frame at time 73.9146s ++++
INFO: Detected an invalid packet at item 224
INFO: Parser returned #f
INFO: Detected an invalid packet at item 256
INFO: Parser returned #f
++++ frame_probe ID: 1010 receives a frame at time 73.9267s ++++
INFO: Detected an invalid packet at item 288
INFO: Parser returned #f
+++++++++ frame_probe ID: 882 +++++++++Input mac frame has length: 15

+++++++++ frame_probe ID: 883 +++++++++ ---- ack frame detected ---- frame index is:            1;    destination address is:    3;    source address is:         1;    number of transmission is: 1;    reserved field I is:       318;    reserved field II is:      524;    payload length is:           0;    header length is:          11;    address check is:          0;    good frame is:             0;    analysis time is:             1.5003e+09;    frame info contains a frame with length 15 bytes: 
counter ID 880 results at time ++++ frame_probe ID: 890 receives a frame at time 9673.94 is 2
73.9445s ++++
the 100th message counter  has been visited 2 times  
++++ frame_probe ID: 850 receives a frame at time 74.0377s ++++
++++ frame_probe ID: 860 receives a frame at time 74.0838s ++++
INFO: Detected an invalid packet at item 352
INFO: Parser returned #f
a data frame with index 2 from node: 3 has been transmitted 1th time
++++ frame_probe ID: 850 receives a frame at time 74.2135s ++++
++++ frame_probe ID: 860 receives a frame at time 74.2541s ++++
INFO: Detected an invalid packet at item 384
INFO: Parser returned #f
++++ frame_probe ID: 1010 receives a frame at time 74.2626s ++++
INFO: Detected an invalid packet at item 416
INFO: Parser returned #f
+++++++++ frame_probe ID: 882 +++++++++Input mac frame has length: 15

+++++++++ frame_probe ID: 883 +++++++++ ---- ack frame detected ---- frame index is:            2;    destination address is:    3;    source address is:         1;    number of transmission is: 1;    reserved field I is:       318;    reserved field II is:      524;    payload length is:           0;    header length is:          11;    address check is:          0;    good frame is:             0;    analysis time is:             1.5003e+09;    frame info contains a frame with length 15 bytes: 
counter ID 880 results at time 9674.28 is 1
++++ frame_probe ID: 890 receives a frame at time 74.282s ++++
the 100th message counter  has been visited 3 times  
++++ frame_probe ID: 850 receives a frame at time 74.3783s ++++
++++ frame_probe ID: 860 receives a frame at time 74.4195s ++++
INFO: Detected an invalid packet at item 480
INFO: Parser returned #f
++++ frame_probe ID: 1010 receives a frame at time 74.4258s ++++
INFO: Detected an invalid packet at item 512
INFO: Parser returned #f
+++++++++ frame_probe ID: 882 +++++++++Input mac frame has length: 15

+++++++++ frame_probe ID: 883 +++++++++ ---- ack frame detected ---- frame index is:            3;    destination address is:    3;    source address is:         1;    number of transmission is: 1;    reserved field I is:       318;    reserved field II is:      524;    payload length is:           0;    header length is:          11;    address check is:          0;    good frame is:             0;    analysis time is:             1.5003e+09;    frame info contains a frame with length 15 bytes: 
counter ID 880 results at time 9674.45 is 0
++++ frame_probe ID: 890 receives a frame at time 74.4513s ++++
the 100th message counter  has been visited 4 times  
++++ frame_probe ID: 850 receives a frame at time 74.5517s ++++
++++ frame_probe ID: 860 receives a frame at time 74.5926s ++++
INFO: Detected an invalid packet at item 576
INFO: Parser returned #f
a data frame with index 4 from node: 3 has been transmitted 1th time
++++ frame_probe ID: 850 receives a frame at time 74.7274s ++++
++++ frame_probe ID: 860 receives a frame at time 74.7685s ++++
++++ frame_probe ID: 1010 receives a frame at time 74.7707s ++++
INFO: Detected an invalid packet at item 608
INFO: Parser returned #f
INFO: Detected an invalid packet at item 640
INFO: Parser returned #f
+++++++++ frame_probe ID: 882 +++++++++Input mac frame has length: 15

+++++++++ frame_probe ID: 883 +++++++++ ---- ack frame detected ---- frame index is:            4;    destination address is:    3;    source address is:         1;    number of transmission is: 1;    reserved field I is:       318;    reserved field II is:      524;    payload length is:           0;    header length is:          11;    address check is:          0;    good frame is:             0;    analysis time is:             1.5003e+09;    frame info contains a frame with length 15 bytes: 
counter ID 880 results at time 9674.79 is 1
++++ frame_probe ID: 890 receives a frame at time 74.7891s ++++
Measurement 1 raw data directory created /home/inets/0_ba/bachelor_thesis/measurements/debug/data/109/1/.
'/home/inets/source/gr-inets/results/receiver_data_received.txt' -> '/home/inets/0_ba/bachelor_thesis/measurements/debug/data/109/1/receiver_data_received.txt'
'/home/inets/source/gr-inets/results/sender_ack_received.txt' -> '/home/inets/0_ba/bachelor_thesis/measurements/debug/data/109/1/sender_ack_received.txt'
'/home/inets/source/gr-inets/results/sender_bfr_dq.txt' -> '/home/inets/0_ba/bachelor_thesis/measurements/debug/data/109/1/sender_bfr_dq.txt'
'/home/inets/source/gr-inets/results/sender_data_sent.txt' -> '/home/inets/0_ba/bachelor_thesis/measurements/debug/data/109/1/sender_data_sent.txt'
'/home/inets/source/gr-inets/results/sender_retransmissions.txt' -> '/home/inets/0_ba/bachelor_thesis/measurements/debug/data/109/1/sender_retransmissions.txt'
Measurement 1 raw data moved to /home/inets/0_ba/bachelor_thesis/measurements/debug/data/109/1/.

Measurement 2/2 complete in 4 second(s).
linux; GNU C++ version 5.4.0 20160609; Boost_105800; UHD_003.009.005-45-g6768a615

linux; GNU C++ version 5.4.0 20160609; Boost_105800; UHD_003.009.005-45-g6768a615

Using Volk machine: avx_64_mmx
-- Opening a USRP2/N-Series device...
Using Volk machine: avx_64_mmx
-- Opening a USRP2/N-Series device...
-- Current recv frame size: 1472 bytes
-- Current send frame size: 1472 bytes
-- Current recv frame size: 1472 bytes
-- Current send frame size: 1472 bytes
Measurement 2/2 complete in 3 second(s).
develop mode of resend_check ID: 24 is activated.
the 100th message counter is activated.
the 880th message counter is activated.
the 100th message counter is activated.
Measurement 2/2 complete in 2 second(s).
node starts running at 77.116
node starts running at 77.1274
++++ frame_probe ID: 850 receives a frame at time 77.3587s ++++
++++ frame_probe ID: 1010 receives a frame at time 77.4028s ++++
++++ frame_probe ID: 860 receives a frame at time 77.4053s ++++
+++++++++ frame_probe ID: 882 +++++++++Input mac frame has length: 15

+++++++++ frame_probe ID: 883 +++++++++ ---- ack frame detected ---- frame index is:            0;    destination address is:    3;    source address is:         1;    number of transmission is: 1;    reserved field I is:       318;    reserved field II is:      524;    payload length is:           0;    header length is:          11;    address check is:          0;    good frame is:             0;    analysis time is:             1.5003e+09;    frame info contains a frame with length 15 bytes: 
counter ID 880 results at time ++++ frame_probe ID: 8909677.43 receives a frame at time  is 0
77.4303s ++++
the 100th message counter  has been visited 1 times  
++++ frame_probe ID: 850 receives a frame at time 77.5266s ++++
++++ frame_probe ID: 860 receives a frame at time 77.5672s ++++
INFO: Detected an invalid packet at item 32
INFO: Parser returned #f
a data frame with index 1 from node: 3 has been transmitted 1th time
++++ frame_probe ID: 850 receives a frame at time 77.7036s ++++
++++ frame_probe ID: 1010 receives a frame at time 77.7486s ++++
++++ frame_probe ID: 860 receives a frame at time 77.7495s ++++
INFO: Detected an invalid packet at item 64
INFO: Parser returned #f
+++++++++ frame_probe ID: 882 +++++++++Input mac frame has length: 15

+++++++++ frame_probe ID: 883 +++++++++ ---- ack frame detected ---- frame index is:            1;    destination address is:    3;    source address is:         1;    number of transmission is: 1;    reserved field I is:       318;    reserved field II is:      524;    payload length is:           0;    header length is:          11;    address check is:          0;    good frame is:             0;    analysis time is:             1.5003e+09;    frame info contains a frame with length 15 bytes: 
counter ID 880 results at time 9677.78 is 1
++++ frame_probe ID: 890 receives a frame at time 77.7755s ++++
Measurement 2/2 complete in 1 second(s).
the 100th message counter  has been visited 2 times  
++++ frame_probe ID: 850 receives a frame at time 77.8918s ++++
++++ frame_probe ID: 860 receives a frame at time 77.9323s ++++
INFO: Detected an invalid packet at item 128
INFO: Parser returned #f
++++ frame_probe ID: 1010 receives a frame at time 77.941s ++++
INFO: Detected an invalid packet at item 160
INFO: Parser returned #f
+++++++++ frame_probe ID: 882 +++++++++Input mac frame has length: 15

+++++++++ frame_probe ID: 883 +++++++++ ---- ack frame detected ---- frame index is:            2;    destination address is:    3;    source address is:         1;    number of transmission is: 1;    reserved field I is:       318;    reserved field II is:      524;    payload length is:           0;    header length is:          11;    address check is:          0;    good frame is:             0;    analysis time is:             1.5003e+09;    frame info contains a frame with length 15 bytes: 
counter ID 880 results at time ++++ frame_probe ID: 890 receives a frame at time 9677.97 is 0
77.9675s ++++
the 100th message counter  has been visited 3 times  
++++ frame_probe ID: 850 receives a frame at time 78.0538s ++++
++++ frame_probe ID: 860 receives a frame at time 78.1004s ++++
++++ frame_probe ID: 1010 receives a frame at time 78.1069s ++++
INFO: Detected an invalid packet at item 224
INFO: Parser returned #f
+++++++++ frame_probe ID: 882 +++++++++Input mac frame has length: 15

+++++++++ frame_probe ID: 883 +++++++++ ---- ack frame detected ---- frame index is:            3;    destination address is:    3;    source address is:         1;    number of transmission is: 1;    reserved field I is:       318;    reserved field II is:      524;    payload length is:           0;    header length is:          11;    address check is:          0;    good frame is:             0;    analysis time is:             1.5003e+09;    frame info contains a frame with length 15 bytes: 
++++ frame_probe ID: 890 receives a frame at time 78.1312s ++++
counter ID 880 results at time 9678.13 is 0
the 100th message counter  has been visited 4 times  
++++ frame_probe ID: 850 receives a frame at time 78.2115s ++++
++++ frame_probe ID: 860 receives a frame at time 78.2521s ++++
++++ frame_probe ID: 1010 receives a frame at time 78.2578s ++++
INFO: Detected an invalid packet at item 288
INFO: Parser returned #f
+++++++++ frame_probe ID: 882 +++++++++Input mac frame has length: 15

+++++++++ frame_probe ID: 883 +++++++++ ---- ack frame detected ---- frame index is:            4;    destination address is:    3;    source address is:         1;    number of transmission is: 1;    reserved field I is:       318;    reserved field II is:      524;    payload length is:           0;    header length is:          11;    address check is:          0;    good frame is:             0;    analysis time is:             1.5003e+09;    frame info contains a frame with length 15 bytes: 
++++ frame_probe ID: 890 receives a frame at time 78.2842s ++++
counter ID 880 results at time 9678.28 is 0
the 100th message counter  has been visited 5 times  
++++ frame_probe ID: 850 receives a frame at time 78.3665s ++++
++++ frame_probe ID: 860 receives a frame at time 78.4125s ++++
a data frame with index 5 from node: 3 has been transmitted 1th time
++++ frame_probe ID: 850 receives a frame at time 78.5421s ++++
++++ frame_probe ID: 860 receives a frame at time 78.583s ++++
++++ frame_probe ID: 1010 receives a frame at time 78.5935s ++++
INFO: Detected an invalid packet at item 352
INFO: Parser returned #f
+++++++++ frame_probe ID: 882 +++++++++Input mac frame has length: 15

+++++++++ frame_probe ID: 883 +++++++++ ---- ack frame detected ---- frame index is:            5;    destination address is:    3;    source address is:         1;    number of transmission is: 1;    reserved field I is:       318;    reserved field II is:      524;    payload length is:           0;    header length is:          11;    address check is:          0;    good frame is:             0;    analysis time is:             1.5003e+09;    frame info contains a frame with length 15 bytes: 
counter ID 880 results at time 9678.62 is 1
++++ frame_probe ID: 890 receives a frame at time 78.6207s ++++
the 100th message counter  has been visited 6 times  
++++ frame_probe ID: 850 receives a frame at time 78.738s ++++
++++ frame_probe ID: 860 receives a frame at time 78.7785s ++++
INFO: Detected an invalid packet at item 416
INFO: Parser returned #f
Measurement 2 raw data directory created /home/inets/0_ba/bachelor_thesis/measurements/debug/data/109/2/.
'/home/inets/source/gr-inets/results/receiver_data_received.txt' -> '/home/inets/0_ba/bachelor_thesis/measurements/debug/data/109/2/receiver_data_received.txt'
'/home/inets/source/gr-inets/results/sender_ack_received.txt' -> '/home/inets/0_ba/bachelor_thesis/measurements/debug/data/109/2/sender_ack_received.txt'
'/home/inets/source/gr-inets/results/sender_bfr_dq.txt' -> '/home/inets/0_ba/bachelor_thesis/measurements/debug/data/109/2/sender_bfr_dq.txt'
'/home/inets/source/gr-inets/results/sender_data_sent.txt' -> '/home/inets/0_ba/bachelor_thesis/measurements/debug/data/109/2/sender_data_sent.txt'
'/home/inets/source/gr-inets/results/sender_retransmissions.txt' -> '/home/inets/0_ba/bachelor_thesis/measurements/debug/data/109/2/sender_retransmissions.txt'
Measurement 2 raw data moved to /home/inets/0_ba/bachelor_thesis/measurements/debug/data/109/2/.

Now processing results...
Plotting Python should be: python3 (UBUNTU).
Hello from rtt.py!
Hello from variables.py!
data_sent: 1500299673.182605
data_sent: 1500299673.352828
data_sent: 1500299673.528226
data_sent: 1500299673.698995
data_sent: 1500299673.873977
data_sent: 1500299674.037741
data_sent: 1500299674.213503
data_sent: 1500299674.378260
data_sent: 1500299674.551659
data_sent: 1500299674.727353
ack_received: 1500299673.417016
ack_received: 1500299673.944468
ack_received: 1500299674.282018
ack_received: 1500299674.451323
ack_received: 1500299674.789080
