measurement 1/2 complete in 4 second(s).
linux; GNU C++ version 5.4.0 20160609; Boost_105800; UHD_003.009.005-45-g6768a615

linux; GNU C++ version 5.4.0 20160609; Boost_105800; UHD_003.009.005-45-g6768a615

Using Volk machine: avx_64_mmx
-- Opening a USRP2/N-Series device...
Using Volk machine: avx_64_mmx
-- Opening a USRP2/N-Series device...
-- Current recv frame size: 1472 bytes
-- Current send frame size: 1472 bytes
-- Current recv frame size: 1472 bytes
-- Current send frame size: 1472 bytes
measurement 1/2 complete in 3 second(s).
develop mode of resend_check ID: 24 is activated.
develop_mode of random_filter ID: 1015 is activated.
the 100th message counter is activated.
the 880th message counter is activated.
the 100th message counter is activated.
measurement 1/2 complete in 2 second(s).
node starts running at 66.175
node starts running at 66.1751
++++ frame_probe ID: 850 receives a frame at time 66.3045s ++++
++++ frame_probe ID: 860 receives a frame at time 66.3456s ++++
* header analysis ID: 7 get the 1th transmission of data frame 0 at time 1.48554e+07 s
++++ frame_probe ID: 1 receives a frame at time 66.3508s ++++
++++ frame_probe ID: 2 receives a frame at time 66.3508s ++++
++++ frame_probe ID: 1010 receives a frame at time 66.3509s ++++
generated random number is++++ frame_probe ID: 1018 receives a frame at time 0.871656 and the threshold is 1. good luck. 
66.3509s ++++
INFO: Detected an invalid packet at item 0
INFO: Parser returned #f
INFO: Detected an invalid packet at item 32
INFO: Parser returned #f
INFO: Detected an invalid packet at item 64
INFO: Parser returned #f
a data frame with index 0 from node: 3 has been transmitted 1th time
++++ frame_probe ID: 850 receives a frame at time 66.4753s ++++
INFO: Detected an invalid packet at item 128
INFO: Parser returned #f
++++ frame_probe ID: 860 receives a frame at time 66.5161s ++++
* header analysis ID: 7 get the 1th transmission of data frame 0 at time 1.48554e+07 s
++++ frame_probe ID: 1 receives a frame at time 66.5238s ++++
++++ frame_probe ID: 2 receives a frame at time 66.5238s ++++
++++ frame_probe ID: 1010 receives a frame at time 66.5239s ++++
generated random number is++++ frame_probe ID: 1018 receives a frame at time 66.52390.560781s ++++ and the threshold is 
1. good luck. 
INFO: Detected an invalid packet at item 32
INFO: Parser returned #f
INFO: Detected an invalid packet at item 192
INFO: Parser returned #f
INFO: Detected an invalid packet at item 224
INFO: Parser returned #f
a data frame with index 0 from node: 3 has been transmitted 2th time
++++ frame_probe ID: 850 receives a frame at time 66.6562s ++++
INFO: Detected an invalid packet at item 288
INFO: Parser returned #f
++++ frame_probe ID: 860 receives a frame at time 66.6971s ++++
* header analysis ID: 7 get the 1th transmission of data frame 0 at time 1.48554e+07 s
++++ frame_probe ID: 1 receives a frame at time 66.7064s ++++
++++ frame_probe ID: 2 receives a frame at time 66.7064s ++++
++++ frame_probe ID: 1010 receives a frame at time 66.7064s ++++
generated random number is++++ frame_probe ID: 1018 receives a frame at time 66.70650.049851s ++++ and the threshold is 
1. good luck. 
INFO: Detected an invalid packet at item 64
INFO: Parser returned #f
INFO: Detected an invalid packet at item 352
INFO: Parser returned #f
INFO: Detected an invalid packet at item 384
INFO: Parser returned #f
INFO: Detected an invalid packet at item 416
INFO: Parser returned #f
measurement 1/2 complete in 1 second(s).
a data frame with index 0 from node: 3 has been transmitted 3th time
++++ frame_probe ID: 850 receives a frame at time 66.8424s ++++
++++ frame_probe ID: 860 receives a frame at time 66.8832s ++++
* header analysis ID: 7 get the 1th transmission of data frame 0 at time 1.48554e+07 s
++++ frame_probe ID: 1 receives a frame at time 66.8888s ++++
++++ frame_probe ID: 2 receives a frame at time 66.8888s ++++
++++ frame_probe ID: 1010 receives a frame at time 66.8889s ++++
generated random number is++++ frame_probe ID: 1018 receives a frame at time 0.925876 and the threshold is 1. good luck. 
66.8889s ++++
INFO: Detected an invalid packet at item 96
INFO: Parser returned #f
INFO: Detected an invalid packet at item 512
INFO: Parser returned #f
INFO: Detected an invalid packet at item 544
INFO: Parser returned #f
a data frame with index 0 from node: 3 has been transmitted 4th time
++++ frame_probe ID: 850 receives a frame at time 67.0379s ++++
INFO: Detected an invalid packet at item 608
INFO: Parser returned #f
++++ frame_probe ID: 860 receives a frame at time 67.0786s ++++
* header analysis ID: 7 get the 1th transmission of data frame 0 at time 1.48554e+07 s
++++ frame_probe ID: 1 receives a frame at time 67.0902s ++++
++++ frame_probe ID: 2 receives a frame at time 67.0903s ++++
++++ frame_probe ID: 1010 receives a frame at time 67.0903s ++++
generated random number is0.0435775 and the threshold is 1. good luck. ++++ frame_probe ID: 
1018 receives a frame at time 67.0904s ++++
INFO: Detected an invalid packet at item 128
INFO: Parser returned #f
INFO: Detected an invalid packet at item 672
INFO: Parser returned #f
INFO: Detected an invalid packet at item 704
INFO: Parser returned #f
a data frame with index 0 from node: 3 has been transmitted 5th time
++++ frame_probe ID: 850 receives a frame at time 67.2232s ++++
INFO: Detected an invalid packet at item 768
INFO: Parser returned #f
++++ frame_probe ID: 860 receives a frame at time 67.2641s ++++
* header analysis ID: 7 get the 1th transmission of data frame 0 at time 1.48554e+07 s
++++ frame_probe ID: 1 receives a frame at time 67.2726s ++++
++++ frame_probe ID: 2 receives a frame at time 67.2726s ++++
++++ frame_probe ID: 1010 receives a frame at time 67.2727s ++++
generated random number is++++ frame_probe ID: 1018 receives a frame at time 0.529719 and the threshold is 1. good luck. 
67.2727s ++++
INFO: Detected an invalid packet at item 160
INFO: Parser returned #f
INFO: Detected an invalid packet at item 832
INFO: Parser returned #f
INFO: Detected an invalid packet at item 864
INFO: Parser returned #f
frame: 0 from node: 3 is dropped because its max retransmission counter is reached. 
counter ID 880 results at time 5667.57 is 5
++++ frame_probe ID: 850 receives a frame at time 67.5845s ++++
++++ frame_probe ID: 860 receives a frame at time 67.6252s ++++
* header analysis ID: 7 get the 1th transmission of data frame 1 at time 1.48554e+07 s
++++ frame_probe ID: 1 receives a frame at time 67.6373s ++++
++++ frame_probe ID: 2 receives a frame at time 67.6375s ++++
++++ frame_probe ID: 1010 receives a frame at time 67.6375s ++++
generated random number is++++ frame_probe ID: 1018 receives a frame at time 0.335697 and the threshold is 1. good luck. 
67.6376s ++++
INFO: Detected an invalid packet at item 192
INFO: Parser returned #f
INFO: Detected an invalid packet at item 960
INFO: Parser returned #f
INFO: Detected an invalid packet at item 992
INFO: Parser returned #f
INFO: Detected an invalid packet at item 1024
INFO: Parser returned #f
a data frame with index 1 from node: 3 has been transmitted 1th time
++++ frame_probe ID: 850 receives a frame at time 67.7549s ++++
INFO: Detected an invalid packet at item 1088
INFO: Parser returned #f
measurement 1 raw data directory created /home/inets/0_ba/bachelor_thesis/measurements/debug/data/134/1/.
'/home/inets/source/gr-inets/results/ack_not_filtered.txt' -> '/home/inets/0_ba/bachelor_thesis/measurements/debug/data/134/1/ack_not_filtered.txt'
'/home/inets/source/gr-inets/results/receiver_data_received.txt' -> '/home/inets/0_ba/bachelor_thesis/measurements/debug/data/134/1/receiver_data_received.txt'
'/home/inets/source/gr-inets/results/sender_bfr_dq.txt' -> '/home/inets/0_ba/bachelor_thesis/measurements/debug/data/134/1/sender_bfr_dq.txt'
'/home/inets/source/gr-inets/results/sender_data_sent.txt' -> '/home/inets/0_ba/bachelor_thesis/measurements/debug/data/134/1/sender_data_sent.txt'
'/home/inets/source/gr-inets/results/sender_retransmissions.txt' -> '/home/inets/0_ba/bachelor_thesis/measurements/debug/data/134/1/sender_retransmissions.txt'
measurement 1 raw data moved to /home/inets/0_ba/bachelor_thesis/measurements/debug/data/134/1/.

measurement 2/2 complete in 4 second(s).
linux; GNU C++ version 5.4.0 20160609; Boost_105800; UHD_003.009.005-45-g6768a615
linux; GNU C++ version 5.4.0 20160609; Boost_105800; UHD_003.009.005-45-g6768a615


Using Volk machine: avx_64_mmx
-- Opening a USRP2/N-Series device...
Using Volk machine: avx_64_mmx
-- Opening a USRP2/N-Series device...
-- Current recv frame size: 1472 bytes
-- Current send frame size: 1472 bytes
-- Current recv frame size: 1472 bytes
-- Current send frame size: 1472 bytes
measurement 2/2 complete in 3 second(s).
develop mode of resend_check ID: 24 is activated.
develop_mode of random_filter ID: 1015 is activated.
the 100th message counter is activated.
the 880th message counter is activated.
the 100th message counter is activated.
measurement 2/2 complete in 2 second(s).
node starts running at 70.162
node starts running at 70.1639
++++ frame_probe ID: 850 receives a frame at time 70.2092s ++++
INFO: Detected an invalid packet at item 0
INFO: Parser returned #f
++++ frame_probe ID: 860 receives a frame at time 70.2503s ++++
* header analysis ID: 7 get the 1th transmission of data frame 0 at time 1.48554e+07 s
++++ frame_probe ID: 1 receives a frame at time 70.2591s ++++
++++ frame_probe ID: 2 receives a frame at time 70.2591s ++++
++++ frame_probe ID: 1010 receives a frame at time 70.2592s ++++
generated random number is++++ frame_probe ID: 1018 receives a frame at time 0.951924 and the threshold is 1. good luck. 
70.2592s ++++
INFO: Detected an invalid packet at item 64
INFO: Parser returned #f
INFO: Detected an invalid packet at item 96
INFO: Parser returned #f
INFO: Detected an invalid packet at item 0
INFO: Parser returned #f
a data frame with index 0 from node: 3 has been transmitted 1th time
++++ frame_probe ID: 850 receives a frame at time 70.3848s ++++
++++ frame_probe ID: 860 receives a frame at time 70.4257s ++++
* header analysis ID: 7 get the 1th transmission of data frame 0 at time 1.48554e+07 s
++++ frame_probe ID: 1 receives a frame at time 70.4314s ++++
++++ frame_probe ID: 2 receives a frame at time 70.4314s ++++
++++ frame_probe ID: 1010 receives a frame at time 70.4314s ++++
generated random number is++++ frame_probe ID: 1018 receives a frame at time 0.971385 and the threshold is 1. good luck. 
70.4315s ++++
INFO: Detected an invalid packet at item 192
INFO: Parser returned #f
INFO: Detected an invalid packet at item 224
INFO: Parser returned #f
INFO: Detected an invalid packet at item 32
INFO: Parser returned #f
a data frame with index 0 from node: 3 has been transmitted 2th time
++++ frame_probe ID: 850 receives a frame at time 70.5707s ++++
INFO: Detected an invalid packet at item 288
INFO: Parser returned #f
++++ frame_probe ID: 860 receives a frame at time 70.6115s ++++
* header analysis ID: 7 get the 1th transmission of data frame 0 at time 1.48554e+07 s
++++ frame_probe ID: 1 receives a frame at time 70.6237s ++++
a data frame with index 0 from node: 3 has been transmitted 3th time
++++ frame_probe ID: 850 receives a frame at time 70.7465s ++++
++++ frame_probe ID: 860 receives a frame at time 70.7875s ++++
* header analysis ID: 7 get the 1th transmission of data frame 0 at time 1.48554e+07 s
++++ frame_probe ID: 1 receives a frame at time 70.7963s ++++
++++ frame_probe ID: 2 receives a frame at time 70.7963s ++++
++++ frame_probe ID: 1010 receives a frame at time 70.7964s ++++
generated random number is++++ frame_probe ID: 10180.312772 receives a frame at time  and the threshold is 1. good luck. 
70.7964s ++++
measurement 2/2 complete in 1 second(s).
INFO: Detected an invalid packet at item 384
INFO: Parser returned #f
INFO: Detected an invalid packet at item 416
INFO: Parser returned #f
INFO: Detected an invalid packet at item 448
INFO: Parser returned #f
INFO: Detected an invalid packet at item 64
INFO: Parser returned #f
a data frame with index 0 from node: 3 has been transmitted 4th time
++++ frame_probe ID: 850 receives a frame at time 70.9877s ++++
INFO: Detected an invalid packet at item 512
INFO: Parser returned #f
++++ frame_probe ID: 860 receives a frame at time 71.0286s ++++
* header analysis ID: 7 get the 1th transmission of data frame 0 at time 1.48554e+07 s
++++ frame_probe ID: 1 receives a frame at time 71.0367s ++++
++++ frame_probe ID: 2 receives a frame at time 71.0368s ++++
++++ frame_probe ID: 1010 receives a frame at time 71.0368s ++++
generated random number is++++ frame_probe ID: 1018 receives a frame at time 0.00241077 and the threshold is 1. good luck. 
71.0369s ++++
INFO: Detected an invalid packet at item 576
INFO: Parser returned #f
INFO: Detected an invalid packet at item 608
INFO: Parser returned #f
INFO: Detected an invalid packet at item 640
INFO: Parser returned #f
INFO: Detected an invalid packet at item 96
INFO: Parser returned #f
a data frame with index 0 from node: 3 has been transmitted 5th time
++++ frame_probe ID: 850 receives a frame at time 71.3031s ++++
INFO: Detected an invalid packet at item 704
INFO: Parser returned #f
++++ frame_probe ID: 860 receives a frame at time 71.344s ++++
* header analysis ID: 7 get the 1th transmission of data frame 0 at time 1.48554e+07 s
++++ frame_probe ID: 1 receives a frame at time 71.3533s ++++
++++ frame_probe ID: 2 receives a frame at time 71.3533s ++++
++++ frame_probe ID: 1010 receives a frame at time 71.3533s ++++
generated random number is++++ frame_probe ID: 1018 receives a frame at time 0.905428 and the threshold is 1. good luck. 
71.3534s ++++
INFO: Detected an invalid packet at item 768
INFO: Parser returned #f
INFO: Detected an invalid packet at item 800
INFO: Parser returned #f
INFO: Detected an invalid packet at item 128
INFO: Parser returned #f
frame: 0 from node: 3 is dropped because its max retransmission counter is reached. 
counter ID 880 results at time 5671.67 is 5
++++ frame_probe ID: 850 receives a frame at time 71.6838s ++++
++++ frame_probe ID: 860 receives a frame at time 71.7246s ++++
* header analysis ID: 7 get the 1th transmission of data frame 1 at time 1.48554e+07 s
++++ frame_probe ID: 1 receives a frame at time 71.7274s ++++
++++ frame_probe ID: 2 receives a frame at time 71.7275s ++++
++++ frame_probe ID: 1010 receives a frame at time 71.7275s ++++
generated random number is++++ frame_probe ID: 1018 receives a frame at time 0.827966 and the threshold is 71.7276s ++++
1. good luck. 
INFO: Detected an invalid packet at item 896
INFO: Parser returned #f
INFO: Detected an invalid packet at item 928
INFO: Parser returned #f
+++++++++ frame_probe ID: 882 +++++++++Input mac frame has length: 15

+++++++++ frame_probe ID: 883 +++++++++ ---- ack frame detected ---- frame index is:            1;    destination address is:    3;    source address is:         1;    number of transmission is: 1;    reserved field I is:       22312;    reserved field II is:      21593;    payload length is:           21845;    header length is:          11;    address check is:          0;    good frame is:             0;    analysis time is:             1.50039e+09;    frame info contains a frame with length 15 bytes: 
measurement 2 raw data directory created /home/inets/0_ba/bachelor_thesis/measurements/debug/data/134/2/.
'/home/inets/source/gr-inets/results/ack_not_filtered.txt' -> '/home/inets/0_ba/bachelor_thesis/measurements/debug/data/134/2/ack_not_filtered.txt'
'/home/inets/source/gr-inets/results/receiver_data_received.txt' -> '/home/inets/0_ba/bachelor_thesis/measurements/debug/data/134/2/receiver_data_received.txt'
'/home/inets/source/gr-inets/results/sender_bfr_dq.txt' -> '/home/inets/0_ba/bachelor_thesis/measurements/debug/data/134/2/sender_bfr_dq.txt'
'/home/inets/source/gr-inets/results/sender_data_sent.txt' -> '/home/inets/0_ba/bachelor_thesis/measurements/debug/data/134/2/sender_data_sent.txt'
'/home/inets/source/gr-inets/results/sender_retransmissions.txt' -> '/home/inets/0_ba/bachelor_thesis/measurements/debug/data/134/2/sender_retransmissions.txt'
measurement 2 raw data moved to /home/inets/0_ba/bachelor_thesis/measurements/debug/data/134/2/.

now processing results...
plotting python should be: python3 (ubuntu).
Hello from throughput.py!
hello from variables.py!
Ack file not found. Probably zero throughput
0
7
Ack file not found. Probably zero throughput
0
6
[ 7000.  6000.]
Hello from myplot.py!
I will print a pdf for you now!
Hello from myplot.py!
I will print a cdf for you now!
<a list of 1 Patch objects>
Hello from myplot.py!
I will print a boxplot for you now!
Hello from myplot.py!
I will print a bar for you now!
Hello from myplot.py!
I will print a line for you now!
Hello from rtt.py!
hello from variables.py!
data_sent: 1500385666.304517
data_sent: 1500385666.475293
data_sent: 1500385666.656169
data_sent: 1500385666.842400
data_sent: 1500385667.037852
data_sent: 1500385667.223181
data_sent: 1500385667.584499
data_sent: 1500385667.754902
File /home/inets/0_ba/bachelor_thesis/measurements/debug/data/134/1/sender_ack_received.txt not found.                 Assuming not reached in GR.
retx: [5]
Last data frame wasnt acked (max tries).                         Termintating calculation here.

The resulting RTTs of this single measurement are:
[]



The resulting mean RTT of this single measurement is:
100


abs. packet loss: 8.0
packet loss in %: 100.0%
data_sent: 1500385670.209218
data_sent: 1500385670.384824
data_sent: 1500385670.570672
data_sent: 1500385670.746538
data_sent: 1500385670.987676
data_sent: 1500385671.303072
data_sent: 1500385671.683838
File /home/inets/0_ba/bachelor_thesis/measurements/debug/data/134/2/sender_ack_received.txt not found.                 Assuming not reached in GR.
retx: [5]
Last data frame wasnt acked (max tries).                         Termintating calculation here.

The resulting RTTs of this single measurement are:
[]



The resulting mean RTT of this single measurement is:
100


abs. packet loss: 7.0
packet loss in %: 100.0%
[ 100.  100.]
Hello from myplot.py!
I will print a pdf for you now!
Hello from myplot.py!
I will print a cdf for you now!
<a list of 1 Patch objects>
Hello from myplot.py!
I will print a boxplot for you now!
Hello from myplot.py!
I will print a bar for you now!
Hello from myplot.py!
I will print a line for you now!

+--------------------------------------------------------------+
| plotting completed. until the next measurement session then! |
+--------------------------------------------------------------+
