Measurement 1/4 complete in 5 second(s).
linux; GNU C++ version 5.4.0 20160609; Boost_105800; UHD_003.009.005-45-g6768a615
linux; GNU C++ version 5.4.0 20160609; Boost_105800; UHD_003.009.005-45-g6768a615


Using Volk machine: avx_64_mmx
-- Opening a USRP2/N-Series device...
Using Volk machine: avx_64_mmx
-- Opening a USRP2/N-Series device...
-- Current recv frame size: 1472 bytes
-- Current recv frame size: 1472 bytes
-- Current send frame size: 1472 bytes
-- Current send frame size: 1472 bytes
Measurement 1/4 complete in 4 second(s).
the 100th message counter is activated.
the 100th message counter is activated.
Measurement 1/4 complete in 3 second(s).
node starts running at 19.9166
node starts running at 19.9361
++++ frame_probe ID: 850 receives a frame at time 20.0156s ++++
INFO: Detected an invalid packet at item 0
INFO: Parser returned #f
++++ frame_probe ID: 860 receives a frame at time 20.0564s ++++
++++ frame_probe ID: 1010 receives a frame at time 20.0618s ++++
++++ frame_probe ID: 890 receives a frame at time 20.0854s ++++
the 100th message counter  has been visited 1 times  
++++ frame_probe ID: 850 receives a frame at time 20.18s ++++
INFO: Detected an invalid packet at item 96
INFO: Parser returned #f
++++ frame_probe ID: 860 receives a frame at time 20.2208s ++++
++++ frame_probe ID: 1010 receives a frame at time 20.2251s ++++
++++ frame_probe ID: 890 receives a frame at time 20.2488s ++++
the 100th message counter  has been visited 2 times  
++++ frame_probe ID: 850 receives a frame at time 20.3433s ++++
INFO: Detected an invalid packet at item 192
INFO: Parser returned #f
++++ frame_probe ID: 860 receives a frame at time 20.3839s ++++
++++ frame_probe ID: 1010 receives a frame at time 20.3884s ++++
++++ frame_probe ID: 890 receives a frame at time 20.4121s ++++
Measurement 1/4 complete in 2 second(s).
the 100th message counter  has been visited 3 times  
++++ frame_probe ID: 850 receives a frame at time 20.5075s ++++
INFO: Detected an invalid packet at item 288
INFO: Parser returned #f
++++ frame_probe ID: 860 receives a frame at time 20.5481s ++++
++++ frame_probe ID: 1010 receives a frame at time 20.5518s ++++
++++ frame_probe ID: 890 receives a frame at time 20.5745s ++++
the 100th message counter  has been visited 4 times  
++++ frame_probe ID: 850 receives a frame at time 20.689s ++++
INFO: Detected an invalid packet at item 384
INFO: Parser returned #f
++++ frame_probe ID: 860 receives a frame at time 20.7296s ++++
++++ frame_probe ID: 1010 receives a frame at time 20.7341s ++++
++++ frame_probe ID: 890 receives a frame at time 20.7569s ++++
the 100th message counter  has been visited 5 times  
++++ frame_probe ID: 850 receives a frame at time 20.8293s ++++
INFO: Detected an invalid packet at item 480
INFO: Parser returned #f
++++ frame_probe ID: 860 receives a frame at time 20.87s ++++
++++ frame_probe ID: 1010 receives a frame at time 20.8776s ++++
++++ frame_probe ID: 890 receives a frame at time 20.9012s ++++
the 100th message counter  has been visited 6 times  
++++ frame_probe ID: 850 receives a frame at time 21.0107s ++++
INFO: Detected an invalid packet at item 576
INFO: Parser returned #f
++++ frame_probe ID: 860 receives a frame at time 21.0513s ++++
++++ frame_probe ID: 1010 receives a frame at time 21.0599s ++++
++++ frame_probe ID: 890 receives a frame at time 21.0836s ++++
the 100th message counter  has been visited 7 times  
++++ frame_probe ID: 850 receives a frame at time 21.193s ++++
INFO: Detected an invalid packet at item 672
INFO: Parser returned #f
++++ frame_probe ID: 860 receives a frame at time 21.2337s ++++
++++ frame_probe ID: 1010 receives a frame at time 21.2424s ++++
++++ frame_probe ID: 890 receives a frame at time 21.2661s ++++
the 100th message counter  has been visited 8 times  
++++ frame_probe ID: 850 receives a frame at time 21.3395s ++++
INFO: Detected an invalid packet at item 768
INFO: Parser returned #f
++++ frame_probe ID: 860 receives a frame at time 21.3801s ++++
++++ frame_probe ID: 1010 receives a frame at time 21.3857s ++++
++++ frame_probe ID: 890 receives a frame at time 21.4094s ++++
Measurement 1/4 complete in 1 second(s).
the 100th message counter  has been visited 9 times  
++++ frame_probe ID: 850 receives a frame at time 21.5129s ++++
INFO: Detected an invalid packet at item 864
INFO: Parser returned #f
++++ frame_probe ID: 860 receives a frame at time 21.5535s ++++
++++ frame_probe ID: 1010 receives a frame at time 21.5591s ++++
++++ frame_probe ID: 890 receives a frame at time 21.5827s ++++
the 100th message counter  has been visited 10 times  
++++ frame_probe ID: 850 receives a frame at time 21.7001s ++++
INFO: Detected an invalid packet at item 960
INFO: Parser returned #f
++++ frame_probe ID: 860 receives a frame at time 21.7408s ++++
++++ frame_probe ID: 1010 receives a frame at time 21.7506s ++++
++++ frame_probe ID: 890 receives a frame at time 21.7743s ++++
the 100th message counter  has been visited 11 times  
++++ frame_probe ID: 850 receives a frame at time 21.8678s ++++
INFO: Detected an invalid packet at item 1056
INFO: Parser returned #f
++++ frame_probe ID: 860 receives a frame at time 21.9084s ++++
++++ frame_probe ID: 1010 receives a frame at time 21.9139s ++++
++++ frame_probe ID: 890 receives a frame at time 21.9376s ++++
the 100th message counter  has been visited 12 times  
++++ frame_probe ID: 850 receives a frame at time 22.0301s ++++
INFO: Detected an invalid packet at item 1152
INFO: Parser returned #f
++++ frame_probe ID: 860 receives a frame at time 22.0707s ++++
++++ frame_probe ID: 1010 receives a frame at time 22.0763s ++++
++++ frame_probe ID: 890 receives a frame at time 22.1009s ++++
the 100th message counter  has been visited 13 times  
++++ frame_probe ID: 850 receives a frame at time 22.2164s ++++
INFO: Detected an invalid packet at item 1248
INFO: Parser returned #f
++++ frame_probe ID: 860 receives a frame at time 22.2572s ++++
++++ frame_probe ID: 1010 receives a frame at time 22.2687s ++++
++++ frame_probe ID: 890 receives a frame at time 22.2933s ++++
the 100th message counter  has been visited 14 times  
++++ frame_probe ID: 850 receives a frame at time 22.4038s ++++
INFO: Detected an invalid packet at item 1344
INFO: Parser returned #f
++++ frame_probe ID: 860 receives a frame at time 22.4444s ++++
++++ frame_probe ID: 1010 receives a frame at time 22.4512s ++++
++++ frame_probe ID: 890 receives a frame at time 22.4757s ++++
Measurement 1 raw data directory created /home/inets/0_ba/bachelor_thesis/measurements/debug/data/11/1/.
'/home/inets/source/gr-inets/results/receiver_data_received.txt' -> '/home/inets/0_ba/bachelor_thesis/measurements/debug/data/11/1/receiver_data_received.txt'
'/home/inets/source/gr-inets/results/sender_ack_received.txt' -> '/home/inets/0_ba/bachelor_thesis/measurements/debug/data/11/1/sender_ack_received.txt'
'/home/inets/source/gr-inets/results/sender_bfr_dq.txt' -> '/home/inets/0_ba/bachelor_thesis/measurements/debug/data/11/1/sender_bfr_dq.txt'
'/home/inets/source/gr-inets/results/sender_data_sent.txt' -> '/home/inets/0_ba/bachelor_thesis/measurements/debug/data/11/1/sender_data_sent.txt'
Measurement 1 raw data moved to /home/inets/0_ba/bachelor_thesis/measurements/debug/data/11/1/.

Measurement 2/4 complete in 5 second(s).
linux; GNU C++ version 5.4.0 20160609; Boost_105800; UHD_003.009.005-45-g6768a615
linux; GNU C++ version 5.4.0 20160609; Boost_105800; UHD_003.009.005-45-g6768a615


Using Volk machine: avx_64_mmx
-- Opening a USRP2/N-Series device...
Using Volk machine: avx_64_mmx
-- Opening a USRP2/N-Series device...
-- Current recv frame size: 1472 bytes
-- Current recv frame size: 1472 bytes
-- Current send frame size: 1472 bytes
-- Current send frame size: 1472 bytes
Measurement 2/4 complete in 4 second(s).
the 100th message counter is activated.
the 100th message counter is activated.
Measurement 2/4 complete in 3 second(s).
node starts running at 24.9342
node starts running at 24.946
++++ frame_probe ID: 850 receives a frame at time 24.9831s ++++
INFO: Detected an invalid packet at item 0
INFO: Parser returned #f
++++ frame_probe ID: 860 receives a frame at time 25.0239s ++++
++++ frame_probe ID: 1010 receives a frame at time 25.0351s ++++
++++ frame_probe ID: 890 receives a frame at time 25.0624s ++++
the 100th message counter  has been visited 1 times  
++++ frame_probe ID: 850 receives a frame at time 25.3136s ++++
INFO: Detected an invalid packet at item 96
INFO: Parser returned #f
++++ frame_probe ID: 860 receives a frame at time 25.3543s ++++
++++ frame_probe ID: 1010 receives a frame at time 25.3619s ++++
++++ frame_probe ID: 890 receives a frame at time 25.3883s ++++
the 100th message counter  has been visited 2 times  
Measurement 2/4 complete in 2 second(s).
++++ frame_probe ID: 850 receives a frame at time 25.5008s ++++
INFO: Detected an invalid packet at item 192
INFO: Parser returned #f
++++ frame_probe ID: 860 receives a frame at time 25.5416s ++++
++++ frame_probe ID: 1010 receives a frame at time 25.5443s ++++
++++ frame_probe ID: 890 receives a frame at time 25.5708s ++++
the 100th message counter  has been visited 3 times  
++++ frame_probe ID: 850 receives a frame at time 25.6533s ++++
INFO: Detected an invalid packet at item 288
INFO: Parser returned #f
++++ frame_probe ID: 860 receives a frame at time 25.694s ++++
++++ frame_probe ID: 1010 receives a frame at time 25.6979s ++++
++++ frame_probe ID: 890 receives a frame at time 25.7246s ++++
the 100th message counter  has been visited 4 times  
++++ frame_probe ID: 850 receives a frame at time 25.806s ++++
INFO: Detected an invalid packet at item 384
INFO: Parser returned #f
++++ frame_probe ID: 860 receives a frame at time 25.8468s ++++
++++ frame_probe ID: 1010 receives a frame at time 25.851s ++++
++++ frame_probe ID: 890 receives a frame at time 25.8783s ++++
the 100th message counter  has been visited 5 times  
++++ frame_probe ID: 850 receives a frame at time 25.9918s ++++
INFO: Detected an invalid packet at item 480
INFO: Parser returned #f
++++ frame_probe ID: 860 receives a frame at time 26.0324s ++++
++++ frame_probe ID: 1010 receives a frame at time 26.0434s ++++
++++ frame_probe ID: 890 receives a frame at time 26.0788s ++++
the 100th message counter  has been visited 6 times  
++++ frame_probe ID: 850 receives a frame at time 26.1872s ++++
INFO: Detected an invalid packet at item 576
INFO: Parser returned #f
++++ frame_probe ID: 860 receives a frame at time 26.2279s ++++
++++ frame_probe ID: 1010 receives a frame at time 26.2358s ++++
++++ frame_probe ID: 890 receives a frame at time 26.2616s ++++
the 100th message counter  has been visited 7 times  
++++ frame_probe ID: 850 receives a frame at time 26.342s ++++
INFO: Detected an invalid packet at item 672
INFO: Parser returned #f
++++ frame_probe ID: 860 receives a frame at time 26.3827s ++++
++++ frame_probe ID: 1010 receives a frame at time 26.3892s ++++
++++ frame_probe ID: 890 receives a frame at time 26.4151s ++++
the 100th message counter  has been visited 8 times  
Measurement 2/4 complete in 1 second(s).
++++ frame_probe ID: 850 receives a frame at time 26.4944s ++++
INFO: Detected an invalid packet at item 768
INFO: Parser returned #f
++++ frame_probe ID: 860 receives a frame at time 26.5351s ++++
++++ frame_probe ID: 1010 receives a frame at time 26.5425s ++++
++++ frame_probe ID: 890 receives a frame at time 26.5684s ++++
the 100th message counter  has been visited 9 times  
++++ frame_probe ID: 850 receives a frame at time 26.6477s ++++
INFO: Detected an invalid packet at item 864
INFO: Parser returned #f
++++ frame_probe ID: 860 receives a frame at time 26.6883s ++++
++++ frame_probe ID: 1010 receives a frame at time 26.6959s ++++
++++ frame_probe ID: 890 receives a frame at time 26.7217s ++++
the 100th message counter  has been visited 10 times  
++++ frame_probe ID: 850 receives a frame at time 26.8011s ++++
INFO: Detected an invalid packet at item 960
INFO: Parser returned #f
++++ frame_probe ID: 860 receives a frame at time 26.8418s ++++
++++ frame_probe ID: 1010 receives a frame at time 26.8492s ++++
++++ frame_probe ID: 890 receives a frame at time 26.8752s ++++
the 100th message counter  has been visited 11 times  
++++ frame_probe ID: 850 receives a frame at time 26.9855s ++++
INFO: Detected an invalid packet at item 1056
INFO: Parser returned #f
++++ frame_probe ID: 860 receives a frame at time 27.0261s ++++
++++ frame_probe ID: 1010 receives a frame at time 27.0316s ++++
++++ frame_probe ID: 890 receives a frame at time 27.0575s ++++
the 100th message counter  has been visited 12 times  
++++ frame_probe ID: 850 receives a frame at time 27.1638s ++++
INFO: Detected an invalid packet at item 1152
INFO: Parser returned #f
++++ frame_probe ID: 860 receives a frame at time 27.2045s ++++
++++ frame_probe ID: 1010 receives a frame at time 27.2141s ++++
++++ frame_probe ID: 890 receives a frame at time 27.2399s ++++
the 100th message counter  has been visited 13 times  
++++ frame_probe ID: 850 receives a frame at time 27.3253s ++++
INFO: Detected an invalid packet at item 1248
INFO: Parser returned #f
++++ frame_probe ID: 860 receives a frame at time 27.3659s ++++
++++ frame_probe ID: 1010 receives a frame at time 27.3774s ++++
++++ frame_probe ID: 890 receives a frame at time 27.4024s ++++
Measurement 2 raw data directory created /home/inets/0_ba/bachelor_thesis/measurements/debug/data/11/2/.
'/home/inets/source/gr-inets/results/receiver_data_received.txt' -> '/home/inets/0_ba/bachelor_thesis/measurements/debug/data/11/2/receiver_data_received.txt'
'/home/inets/source/gr-inets/results/sender_ack_received.txt' -> '/home/inets/0_ba/bachelor_thesis/measurements/debug/data/11/2/sender_ack_received.txt'
'/home/inets/source/gr-inets/results/sender_bfr_dq.txt' -> '/home/inets/0_ba/bachelor_thesis/measurements/debug/data/11/2/sender_bfr_dq.txt'
'/home/inets/source/gr-inets/results/sender_data_sent.txt' -> '/home/inets/0_ba/bachelor_thesis/measurements/debug/data/11/2/sender_data_sent.txt'
Measurement 2 raw data moved to /home/inets/0_ba/bachelor_thesis/measurements/debug/data/11/2/.

Measurement 3/4 complete in 5 second(s).
linux; GNU C++ version 5.4.0 20160609; Boost_105800; UHD_003.009.005-45-g6768a615

linux; GNU C++ version 5.4.0 20160609; Boost_105800; UHD_003.009.005-45-g6768a615

Using Volk machine: avx_64_mmx
-- Opening a USRP2/N-Series device...
Using Volk machine: avx_64_mmx
-- Opening a USRP2/N-Series device...
-- Current recv frame size: 1472 bytes
-- Current send frame size: 1472 bytes
-- Current recv frame size: 1472 bytes
-- Current send frame size: 1472 bytes
Measurement 3/4 complete in 4 second(s).
the 100th message counter is activated.
the 100th message counter is activated.
Measurement 3/4 complete in 3 second(s).
node starts running at 29.9124
node starts running at 29.9309
++++ frame_probe ID: 850 receives a frame at time 29.9935s ++++
INFO: Detected an invalid packet at item 0
INFO: Parser returned #f
++++ frame_probe ID: 860 receives a frame at time 30.0343s ++++
++++ frame_probe ID: 1010 receives a frame at time 30.037s ++++
++++ frame_probe ID: 890 receives a frame at time 30.0564s ++++
the 100th message counter  has been visited 1 times  
++++ frame_probe ID: 850 receives a frame at time 30.1428s ++++
INFO: Detected an invalid packet at item 96
INFO: Parser returned #f
++++ frame_probe ID: 860 receives a frame at time 30.1835s ++++
++++ frame_probe ID: 1010 receives a frame at time 30.1912s ++++
++++ frame_probe ID: 890 receives a frame at time 30.2109s ++++
the 100th message counter  has been visited 2 times  
++++ frame_probe ID: 850 receives a frame at time 30.3173s ++++
INFO: Detected an invalid packet at item 192
INFO: Parser returned #f
++++ frame_probe ID: 860 receives a frame at time 30.358s ++++
++++ frame_probe ID: 1010 receives a frame at time 30.3638s ++++
++++ frame_probe ID: 890 receives a frame at time 30.3833s ++++
the 100th message counter  has been visited 3 times  
++++ frame_probe ID: 850 receives a frame at time 30.4727s ++++
INFO: Detected an invalid packet at item 288
INFO: Parser returned #f
Measurement 3/4 complete in 2 second(s).
++++ frame_probe ID: 860 receives a frame at time 30.5133s ++++
++++ frame_probe ID: 1010 receives a frame at time 30.5171s ++++
++++ frame_probe ID: 890 receives a frame at time 30.5366s ++++
the 100th message counter  has been visited 4 times  
++++ frame_probe ID: 850 receives a frame at time 30.623s ++++
INFO: Detected an invalid packet at item 384
INFO: Parser returned #f
++++ frame_probe ID: 860 receives a frame at time 30.6638s ++++
++++ frame_probe ID: 1010 receives a frame at time 30.6713s ++++
++++ frame_probe ID: 890 receives a frame at time 30.6911s ++++
the 100th message counter  has been visited 5 times  
++++ frame_probe ID: 850 receives a frame at time 30.8085s ++++
INFO: Detected an invalid packet at item 480
INFO: Parser returned #f
++++ frame_probe ID: 860 receives a frame at time 30.8491s ++++
++++ frame_probe ID: 1010 receives a frame at time 30.8536s ++++
++++ frame_probe ID: 890 receives a frame at time 30.8732s ++++
the 100th message counter  has been visited 6 times  
++++ frame_probe ID: 850 receives a frame at time 30.9526s ++++
INFO: Detected an invalid packet at item 576
INFO: Parser returned #f
++++ frame_probe ID: 860 receives a frame at time 30.9932s ++++
++++ frame_probe ID: 1010 receives a frame at time 30.997s ++++
++++ frame_probe ID: 890 receives a frame at time 31.0166s ++++
the 100th message counter  has been visited 7 times  
++++ frame_probe ID: 850 receives a frame at time 31.099s ++++
INFO: Detected an invalid packet at item 672
INFO: Parser returned #f
++++ frame_probe ID: 860 receives a frame at time 31.1396s ++++
++++ frame_probe ID: 1010 receives a frame at time 31.1505s ++++
++++ frame_probe ID: 890 receives a frame at time 31.1701s ++++
the 100th message counter  has been visited 8 times  
++++ frame_probe ID: 850 receives a frame at time 31.2766s ++++
INFO: Detected an invalid packet at item 768
INFO: Parser returned #f
++++ frame_probe ID: 860 receives a frame at time 31.3173s ++++
++++ frame_probe ID: 1010 receives a frame at time 31.3238s ++++
++++ frame_probe ID: 890 receives a frame at time 31.3434s ++++
the 100th message counter  has been visited 9 times  
++++ frame_probe ID: 850 receives a frame at time 31.4598s ++++
INFO: Detected an invalid packet at item 864
INFO: Parser returned #f
Measurement 3/4 complete in 1 second(s).
++++ frame_probe ID: 860 receives a frame at time 31.5004s ++++
++++ frame_probe ID: 1010 receives a frame at time 31.5061s ++++
++++ frame_probe ID: 890 receives a frame at time 31.5249s ++++
the 100th message counter  has been visited 10 times  
++++ frame_probe ID: 850 receives a frame at time 31.6303s ++++
INFO: Detected an invalid packet at item 960
INFO: Parser returned #f
++++ frame_probe ID: 860 receives a frame at time 31.671s ++++
++++ frame_probe ID: 1010 receives a frame at time 31.6787s ++++
++++ frame_probe ID: 890 receives a frame at time 31.6982s ++++
the 100th message counter  has been visited 11 times  
++++ frame_probe ID: 850 receives a frame at time 31.7748s ++++
INFO: Detected an invalid packet at item 1056
INFO: Parser returned #f
++++ frame_probe ID: 860 receives a frame at time 31.8154s ++++
++++ frame_probe ID: 1010 receives a frame at time 31.8229s ++++
++++ frame_probe ID: 890 receives a frame at time 31.8424s ++++
the 100th message counter  has been visited 12 times  
++++ frame_probe ID: 850 receives a frame at time 31.9259s ++++
INFO: Detected an invalid packet at item 1152
INFO: Parser returned #f
++++ frame_probe ID: 860 receives a frame at time 31.9666s ++++
++++ frame_probe ID: 1010 receives a frame at time 31.9764s ++++
++++ frame_probe ID: 890 receives a frame at time 31.996s ++++
the 100th message counter  has been visited 13 times  
++++ frame_probe ID: 850 receives a frame at time 32.1123s ++++
INFO: Detected an invalid packet at item 1248
INFO: Parser returned #f
++++ frame_probe ID: 860 receives a frame at time 32.153s ++++
++++ frame_probe ID: 1010 receives a frame at time 32.1588s ++++
++++ frame_probe ID: 890 receives a frame at time 32.1782s ++++
the 100th message counter  has been visited 14 times  
++++ frame_probe ID: 850 receives a frame at time 32.2716s ++++
INFO: Detected an invalid packet at item 1344
INFO: Parser returned #f
++++ frame_probe ID: 860 receives a frame at time 32.3123s ++++
++++ frame_probe ID: 1010 receives a frame at time 32.3221s ++++
++++ frame_probe ID: 890 receives a frame at time 32.3416s ++++
the 100th message counter  has been visited 15 times  
++++ frame_probe ID: 850 receives a frame at time 32.4331s ++++
INFO: Detected an invalid packet at item 1440
INFO: Parser returned #f
++++ frame_probe ID: 860 receives a frame at time 32.4737s ++++
++++ frame_probe ID: 1010 receives a frame at time 32.4853s ++++
Measurement 3 raw data directory created /home/inets/0_ba/bachelor_thesis/measurements/debug/data/11/3/.
'/home/inets/source/gr-inets/results/receiver_data_received.txt' -> '/home/inets/0_ba/bachelor_thesis/measurements/debug/data/11/3/receiver_data_received.txt'
'/home/inets/source/gr-inets/results/sender_ack_received.txt' -> '/home/inets/0_ba/bachelor_thesis/measurements/debug/data/11/3/sender_ack_received.txt'
'/home/inets/source/gr-inets/results/sender_bfr_dq.txt' -> '/home/inets/0_ba/bachelor_thesis/measurements/debug/data/11/3/sender_bfr_dq.txt'
'/home/inets/source/gr-inets/results/sender_data_sent.txt' -> '/home/inets/0_ba/bachelor_thesis/measurements/debug/data/11/3/sender_data_sent.txt'
Measurement 3 raw data moved to /home/inets/0_ba/bachelor_thesis/measurements/debug/data/11/3/.

Measurement 4/4 complete in 5 second(s).
linux; GNU C++ version 5.4.0 20160609; Boost_105800; UHD_003.009.005-45-g6768a615

linux; GNU C++ version 5.4.0 20160609; Boost_105800; UHD_003.009.005-45-g6768a615

Using Volk machine: avx_64_mmx
-- Opening a USRP2/N-Series device...
Using Volk machine: avx_64_mmx
-- Opening a USRP2/N-Series device...
-- Current recv frame size: 1472 bytes
-- Current send frame size: 1472 bytes
-- Current recv frame size: 1472 bytes
-- Current send frame size: 1472 bytes
Measurement 4/4 complete in 4 second(s).
the 100th message counter is activated.
the 100th message counter is activated.
Measurement 4/4 complete in 3 second(s).
node starts running at 35.0196
node starts running at 35.0556
++++ frame_probe ID: 850 receives a frame at time 35.2449s ++++
INFO: Detected an invalid packet at item 0
INFO: Parser returned #f
++++ frame_probe ID: 860 receives a frame at time 35.2857s ++++
++++ frame_probe ID: 1010 receives a frame at time 35.2884s ++++
++++ frame_probe ID: 890 receives a frame at time 35.3082s ++++
the 100th message counter  has been visited 1 times  
++++ frame_probe ID: 850 receives a frame at time 35.4982s ++++
Measurement 4/4 complete in 2 second(s).
INFO: Detected an invalid packet at item 96
INFO: Parser returned #f
++++ frame_probe ID: 860 receives a frame at time 35.539s ++++
++++ frame_probe ID: 1010 receives a frame at time 35.5479s ++++
++++ frame_probe ID: 890 receives a frame at time 35.5669s ++++
the 100th message counter  has been visited 2 times  
++++ frame_probe ID: 850 receives a frame at time 35.6784s ++++
INFO: Detected an invalid packet at item 192
INFO: Parser returned #f
++++ frame_probe ID: 860 receives a frame at time 35.7191s ++++
++++ frame_probe ID: 1010 receives a frame at time 35.7302s ++++
++++ frame_probe ID: 890 receives a frame at time 35.7494s ++++
the 100th message counter  has been visited 3 times  
++++ frame_probe ID: 850 receives a frame at time 35.8618s ++++
INFO: Detected an invalid packet at item 288
INFO: Parser returned #f
++++ frame_probe ID: 860 receives a frame at time 35.9025s ++++
++++ frame_probe ID: 1010 receives a frame at time 35.9127s ++++
++++ frame_probe ID: 890 receives a frame at time 35.9317s ++++
the 100th message counter  has been visited 4 times  
++++ frame_probe ID: 850 receives a frame at time 36.0312s ++++
INFO: Detected an invalid packet at item 384
INFO: Parser returned #f
++++ frame_probe ID: 860 receives a frame at time 36.0719s ++++
++++ frame_probe ID: 1010 receives a frame at time 36.076s ++++
++++ frame_probe ID: 890 receives a frame at time 36.0951s ++++
the 100th message counter  has been visited 5 times  
++++ frame_probe ID: 850 receives a frame at time 36.1707s ++++
INFO: Detected an invalid packet at item 480
INFO: Parser returned #f
++++ frame_probe ID: 860 receives a frame at time 36.2114s ++++
++++ frame_probe ID: 1010 receives a frame at time 36.2194s ++++
++++ frame_probe ID: 890 receives a frame at time 36.2394s ++++
the 100th message counter  has been visited 6 times  
++++ frame_probe ID: 850 receives a frame at time 36.3528s ++++
INFO: Detected an invalid packet at item 576
INFO: Parser returned #f
++++ frame_probe ID: 860 receives a frame at time 36.3935s ++++
++++ frame_probe ID: 1010 receives a frame at time 36.4018s ++++
++++ frame_probe ID: 890 receives a frame at time 36.4217s ++++
Measurement 4/4 complete in 1 second(s).
the 100th message counter  has been visited 7 times  
++++ frame_probe ID: 850 receives a frame at time 36.5372s ++++
INFO: Detected an invalid packet at item 672
INFO: Parser returned #f
++++ frame_probe ID: 860 receives a frame at time 36.5779s ++++
++++ frame_probe ID: 1010 receives a frame at time 36.5842s ++++
++++ frame_probe ID: 890 receives a frame at time 36.6042s ++++
the 100th message counter  has been visited 8 times  
++++ frame_probe ID: 850 receives a frame at time 36.6756s ++++
INFO: Detected an invalid packet at item 768
INFO: Parser returned #f
++++ frame_probe ID: 860 receives a frame at time 36.7164s ++++
++++ frame_probe ID: 1010 receives a frame at time 36.7186s ++++
++++ frame_probe ID: 890 receives a frame at time 36.7387s ++++
the 100th message counter  has been visited 9 times  
++++ frame_probe ID: 850 receives a frame at time 36.8281s ++++
INFO: Detected an invalid packet at item 864
INFO: Parser returned #f
++++ frame_probe ID: 860 receives a frame at time 36.8688s ++++
++++ frame_probe ID: 1010 receives a frame at time 36.8728s ++++
++++ frame_probe ID: 890 receives a frame at time 36.8919s ++++
the 100th message counter  has been visited 10 times  
++++ frame_probe ID: 850 receives a frame at time 36.9744s ++++
INFO: Detected an invalid packet at item 960
INFO: Parser returned #f
++++ frame_probe ID: 860 receives a frame at time 37.0151s ++++
++++ frame_probe ID: 1010 receives a frame at time 37.0262s ++++
++++ frame_probe ID: 890 receives a frame at time 37.0452s ++++
the 100th message counter  has been visited 11 times  
++++ frame_probe ID: 850 receives a frame at time 37.1627s ++++
INFO: Detected an invalid packet at item 1056
INFO: Parser returned #f
++++ frame_probe ID: 860 receives a frame at time 37.2033s ++++
++++ frame_probe ID: 1010 receives a frame at time 37.2086s ++++
++++ frame_probe ID: 890 receives a frame at time 37.2276s ++++
the 100th message counter  has been visited 12 times  
++++ frame_probe ID: 850 receives a frame at time 37.2971s ++++
INFO: Detected an invalid packet at item 1152
INFO: Parser returned #f
++++ frame_probe ID: 860 receives a frame at time 37.3379s ++++
++++ frame_probe ID: 1010 receives a frame at time 37.3429s ++++
++++ frame_probe ID: 890 receives a frame at time 37.3629s ++++
the 100th message counter  has been visited 13 times  
++++ frame_probe ID: 850 receives a frame at time 37.4662s ++++
INFO: Detected an invalid packet at item 1248
INFO: Parser returned #f
Measurement 4 raw data directory created /home/inets/0_ba/bachelor_thesis/measurements/debug/data/11/4/.
'/home/inets/source/gr-inets/results/receiver_data_received.txt' -> '/home/inets/0_ba/bachelor_thesis/measurements/debug/data/11/4/receiver_data_received.txt'
'/home/inets/source/gr-inets/results/sender_ack_received.txt' -> '/home/inets/0_ba/bachelor_thesis/measurements/debug/data/11/4/sender_ack_received.txt'
'/home/inets/source/gr-inets/results/sender_bfr_dq.txt' -> '/home/inets/0_ba/bachelor_thesis/measurements/debug/data/11/4/sender_bfr_dq.txt'
'/home/inets/source/gr-inets/results/sender_data_sent.txt' -> '/home/inets/0_ba/bachelor_thesis/measurements/debug/data/11/4/sender_data_sent.txt'
Measurement 4 raw data moved to /home/inets/0_ba/bachelor_thesis/measurements/debug/data/11/4/.

Now processing results...
Plotting Python should be: python3 (UBUNTU).
Hello from throughput.py!
Hello from variables.py!
[ 15000.  14000.  16000.  13000.]
Hello from myplot.py!
I will print a pdf for you now!
Hello from myplot.py!
I will print a cdf for you now!
<a list of 1 Patch objects>
Hello from myplot.py!
I will print a boxplot for you now!
Hello from myplot.py!
I will print a bar for you now!
Hello from rtt.py!
Hello from variables.py!

The resulting mean RTT of this single measurement is:
0.070908



The resulting mean RTT of this single measurement is:
0.07493499999999999



The resulting mean RTT of this single measurement is:
0.06681066666666666



The resulting mean RTT of this single measurement is:
0.06691


[ 0.070908    0.074935    0.06681067  0.06691   ]
Hello from myplot.py!
I will print a pdf for you now!
Hello from myplot.py!
I will print a cdf for you now!
<a list of 1 Patch objects>
Hello from myplot.py!
I will print a boxplot for you now!
Hello from myplot.py!
I will print a bar for you now!

+--------------------------------------------------------------+
| Plotting completed. Until the next measurement session then! |
+--------------------------------------------------------------+
