measurement 1/2 complete in 10 second(s).
linux; GNU C++ version 5.4.0 20160609; Boost_105800; UHD_003.009.005-45-g6768a615
linux; GNU C++ version 5.4.0 20160609; Boost_105800; UHD_003.009.005-45-g6768a615


Using Volk machine: avx_64_mmx
-- Opening a USRP2/N-Series device...
Using Volk machine: avx_64_mmx
-- Opening a USRP2/N-Series device...
-- Current recv frame size: 1472 bytes
-- Current send frame size: 1472 bytes
-- Current recv frame size: 1472 bytes
-- Current send frame size: 1472 bytes
measurement 1/2 complete in 9 second(s).
develop mode of resend_check ID: 24 is activated.
the 880th message counter is activated.
the 100th message counter is activated.
the 100th message counter is activated.
measurement 1/2 complete in 8 second(s).
node starts running at 19.3662
node starts running at 19.3686
++++ frame_probe ID: 850 receives a frame at time 19.4286s ++++
++++ frame_probe ID: 860 receives a frame at time 19.4711s ++++
INFO: Detected an invalid packet at item 0
INFO: Parser returned #f
a data frame with index 0 from node: 3 has been transmitted 1th time
++++ frame_probe ID: 850 receives a frame at time 19.6015s ++++
++++ frame_probe ID: 860 receives a frame at time 19.6421s ++++
INFO: Detected an invalid packet at item 32
INFO: Parser returned #f
a data frame with index 0 from node: 3 has been transmitted 2th time
++++ frame_probe ID: 850 receives a frame at time 19.7774s ++++
++++ frame_probe ID: 860 receives a frame at time 19.8179s ++++
INFO: Detected an invalid packet at item 64
INFO: Parser returned #f
a data frame with index 0 from node: 3 has been transmitted 3th time
++++ frame_probe ID: 850 receives a frame at time 19.9478s ++++
++++ frame_probe ID: 860 receives a frame at time 19.9883s ++++
INFO: Detected an invalid packet at item 96
INFO: Parser returned #f
measurement 1/2 complete in 7 second(s).
a data frame with index 0 from node: 3 has been transmitted 4th time
++++ frame_probe ID: 850 receives a frame at time 20.1578s ++++
++++ frame_probe ID: 860 receives a frame at time 20.1983s ++++
INFO: Detected an invalid packet at item 128
INFO: Parser returned #f
a data frame with index 0 from node: 3 has been transmitted 5th time
++++ frame_probe ID: 850 receives a frame at time 20.3729s ++++
++++ frame_probe ID: 860 receives a frame at time 20.4134s ++++
INFO: Detected an invalid packet at item 160
INFO: Parser returned #f
frame: 0 from node: 3 is dropped because its max retransmission counter is reached. 
counter ID 880 results at time 1820.61 is 5
+++++++++ frame_probe ID: 1 +++++++++ ---- data frame detected ---- frame index is:            0;    destination address is:    1;    source address is:         3;    number of transmission is: 6;    reserved field I is:       318;    reserved field II is:      524;    payload length is:           837;    header length is:          11;    address check is:          0;    good frame is:             0;    frame info contains a frame with length 852 bytes: input time_stamp is: 20.3728
++++ frame_probe ID: 850 receives a frame at time 20.6231s ++++
++++ frame_probe ID: 860 receives a frame at time 20.6636s ++++
a data frame with index 1 from node: 3 has been transmitted 1th time
++++ frame_probe ID: 850 receives a frame at time 20.7934s ++++
++++ frame_probe ID: 860 receives a frame at time 20.834s ++++
INFO: Detected an invalid packet at item 192
INFO: Parser returned #f
a data frame with index 1 from node: 3 has been transmitted 2th time
++++ frame_probe ID: 850 receives a frame at time 20.9636s ++++
INFO: Detected an invalid packet at item 256
INFO: Parser returned #f
++++ frame_probe ID: 860 receives a frame at time 21.0041s ++++
measurement 1/2 complete in 6 second(s).
a data frame with index 1 from node: 3 has been transmitted 3th time
++++ frame_probe ID: 850 receives a frame at time 21.1544s ++++
++++ frame_probe ID: 860 receives a frame at time 21.195s ++++
INFO: Detected an invalid packet at item 224
INFO: Parser returned #f
a data frame with index 1 from node: 3 has been transmitted 4th time
++++ frame_probe ID: 850 receives a frame at time 21.3345s ++++
++++ frame_probe ID: 860 receives a frame at time 21.375s ++++
a data frame with index 1 from node: 3 has been transmitted 5th time
++++ frame_probe ID: 850 receives a frame at time 21.5396s ++++
++++ frame_probe ID: 860 receives a frame at time 21.5801s ++++
INFO: Detected an invalid packet at item 256
INFO: Parser returned #f
frame: 1 from node: 3 is dropped because its max retransmission counter is reached. 
counter ID 880 results at time +++++++++ frame_probe ID: 1 +++++++++1821.97 is 6
 ---- data frame detected ---- frame index is:            1;    destination address is:    1;    source address is:         3;    number of transmission is: 6;    reserved field I is:       318;    reserved field II is:      524;    payload length is:           837;    header length is:          11;    address check is:          0;    good frame is:             0;    frame info contains a frame with length 852 bytes: input time_stamp is: 21.5395
++++ frame_probe ID: 850 receives a frame at time 21.9901s ++++
measurement 1/2 complete in 5 second(s).
++++ frame_probe ID: 860 receives a frame at time 22.0306s ++++
a data frame with index 2 from node: 3 has been transmitted 1th time
++++ frame_probe ID: 850 receives a frame at time 22.1652s ++++
INFO: Detected an invalid packet at item 416
INFO: Parser returned #f
++++ frame_probe ID: 860 receives a frame at time 22.2057s ++++
INFO: Detected an invalid packet at item 288
INFO: Parser returned #f
a data frame with index 2 from node: 3 has been transmitted 2th time
++++ frame_probe ID: 850 receives a frame at time 22.3404s ++++
++++ frame_probe ID: 860 receives a frame at time 22.3812s ++++
INFO: Detected an invalid packet at item 320
INFO: Parser returned #f
a data frame with index 2 from node: 3 has been transmitted 3th time
++++ frame_probe ID: 850 receives a frame at time 22.541s ++++
INFO: Detected an invalid packet at item 480
INFO: Parser returned #f
++++ frame_probe ID: 860 receives a frame at time 22.5819s ++++
INFO: Detected an invalid packet at item 352
INFO: Parser returned #f
a data frame with index 2 from node: 3 has been transmitted 4th time
++++ frame_probe ID: 850 receives a frame at time 22.7271s ++++
++++ frame_probe ID: 860 receives a frame at time 22.7676s ++++
INFO: Detected an invalid packet at item 384
INFO: Parser returned #f
a data frame with index 2 from node: 3 has been transmitted 5th time
++++ frame_probe ID: 850 receives a frame at time 22.9021s ++++
++++ frame_probe ID: 860 receives a frame at time 22.9426s ++++
INFO: Detected an invalid packet at item 416
INFO: Parser returned #f
measurement 1/2 complete in 4 second(s).
frame: 2 from node: 3 is dropped because its max retransmission counter is reached. 
counter ID 880 results at time 1823.07 is 6
+++++++++ frame_probe ID: 1 +++++++++ ---- data frame detected ---- frame index is:            2;    destination address is:    1;    source address is:         3;    number of transmission is: 6;    reserved field I is:       318;    reserved field II is:      524;    payload length is:           837;    header length is:          11;    address check is:          0;    good frame is:             0;    frame info contains a frame with length 852 bytes: input time_stamp is: 22.902
++++ frame_probe ID: 850 receives a frame at time 23.0871s ++++
++++ frame_probe ID: 860 receives a frame at time 23.1276s ++++
INFO: Detected an invalid packet at item 448
INFO: Parser returned #f
a data frame with index 3 from node: 3 has been transmitted 1th time
++++ frame_probe ID: 850 receives a frame at time 23.2571s ++++
INFO: Detected an invalid packet at item 608
INFO: Parser returned #f
++++ frame_probe ID: 860 receives a frame at time 23.2976s ++++
a data frame with index 3 from node: 3 has been transmitted 2th time
++++ frame_probe ID: 850 receives a frame at time 23.4423s ++++
++++ frame_probe ID: 860 receives a frame at time 23.4829s ++++
a data frame with index 3 from node: 3 has been transmitted 3th time
++++ frame_probe ID: 850 receives a frame at time 23.6325s ++++
++++ frame_probe ID: 860 receives a frame at time 23.673s ++++
INFO: Detected an invalid packet at item 480
INFO: Parser returned #f
a data frame with index 3 from node: 3 has been transmitted 4th time
++++ frame_probe ID: 850 receives a frame at time 23.838s ++++
INFO: Detected an invalid packet at item 704
INFO: Parser returned #f
++++ frame_probe ID: 860 receives a frame at time 23.8785s ++++
INFO: Detected an invalid packet at item 512
INFO: Parser returned #f
a data frame with index 3 from node: 3 has been transmitted 5th time
measurement 1/2 complete in 3 second(s).
++++ frame_probe ID: 850 receives a frame at time 24.018s ++++
++++ frame_probe ID: 860 receives a frame at time 24.0585s ++++
frame: 3 from node: 3 is dropped because its max retransmission counter is reached. 
counter ID 880 results at time +++++++++ frame_probe ID: 1 +++++++++1824.3 is 6
 ---- data frame detected ---- frame index is:            3;    destination address is:    1;    source address is:         3;    number of transmission is: 6;    reserved field I is:       318;    reserved field II is:      524;    payload length is:           837;    header length is:          11;    address check is:          0;    good frame is:             0;    frame info contains a frame with length 852 bytes: input time_stamp is: 24.0179
++++ frame_probe ID: 850 receives a frame at time 24.3185s ++++
INFO: Detected an invalid packet at item 768
INFO: Parser returned #f
++++ frame_probe ID: 860 receives a frame at time 24.3591s ++++
a data frame with index 4 from node: 3 has been transmitted 1th time
++++ frame_probe ID: 850 receives a frame at time 24.4887s ++++
INFO: Detected an invalid packet at item 800
INFO: Parser returned #f
++++ frame_probe ID: 860 receives a frame at time 24.5292s ++++
INFO: Detected an invalid packet at item 544
INFO: Parser returned #f
a data frame with index 4 from node: 3 has been transmitted 2th time
++++ frame_probe ID: 850 receives a frame at time 24.669s ++++
++++ frame_probe ID: 860 receives a frame at time 24.7095s ++++
INFO: Detected an invalid packet at item 576
INFO: Parser returned #f
a data frame with index 4 from node: 3 has been transmitted 3th time
++++ frame_probe ID: 850 receives a frame at time 24.8543s ++++
++++ frame_probe ID: 860 receives a frame at time 24.8948s ++++
measurement 1/2 complete in 2 second(s).
a data frame with index 4 from node: 3 has been transmitted 4th time
++++ frame_probe ID: 850 receives a frame at time 25.0497s ++++
INFO: Detected an invalid packet at item 896
INFO: Parser returned #f
++++ frame_probe ID: 860 receives a frame at time 25.0906s ++++
INFO: Detected an invalid packet at item 608
INFO: Parser returned #f
a data frame with index 4 from node: 3 has been transmitted 5th time
++++ frame_probe ID: 850 receives a frame at time 25.2405s ++++
++++ frame_probe ID: 860 receives a frame at time 25.2811s ++++
frame: 4 from node: 3 is dropped because its max retransmission counter is reached. 
counter ID 880 results at time 1825.47 is 6
+++++++++ frame_probe ID: 1 +++++++++ ---- data frame detected ---- frame index is:            4;    destination address is:    1;    source address is:         3;    number of transmission is: 6;    reserved field I is:       318;    reserved field II is:      524;    payload length is:           837;    header length is:          11;    address check is:          0;    good frame is:             0;    frame info contains a frame with length 852 bytes: input time_stamp is: 25.2404
++++ frame_probe ID: 850 receives a frame at time 25.4858s ++++
INFO: Detected an invalid packet at item 960
INFO: Parser returned #f
++++ frame_probe ID: 860 receives a frame at time 25.5264s ++++
INFO: Detected an invalid packet at item 640
INFO: Parser returned #f
a data frame with index 5 from node: 3 has been transmitted 1th time
++++ frame_probe ID: 850 receives a frame at time 25.6564s ++++
++++ frame_probe ID: 860 receives a frame at time 25.697s ++++
a data frame with index 5 from node: 3 has been transmitted 2th time
++++ frame_probe ID: 850 receives a frame at time 25.8269s ++++
INFO: Detected an invalid packet at item 1024
INFO: Parser returned #f
++++ frame_probe ID: 860 receives a frame at time 25.8676s ++++
a data frame with index 5 from node: 3 has been transmitted 3th time
++++ frame_probe ID: 850 receives a frame at time 26.0124s ++++
measurement 1/2 complete in 1 second(s).
++++ frame_probe ID: 860 receives a frame at time 26.053s ++++
a data frame with index 5 from node: 3 has been transmitted 4th time
++++ frame_probe ID: 850 receives a frame at time 26.2579s ++++
++++ frame_probe ID: 860 receives a frame at time 26.2985s ++++
INFO: Detected an invalid packet at item 672
INFO: Parser returned #f
a data frame with index 5 from node: 3 has been transmitted 5th time
++++ frame_probe ID: 850 receives a frame at time 26.4332s ++++
INFO: Detected an invalid packet at item 1120
INFO: Parser returned #f
++++ frame_probe ID: 860 receives a frame at time 26.4739s ++++
INFO: Detected an invalid packet at item 704
INFO: Parser returned #f
frame: 5 from node: 3 is dropped because its max retransmission counter is reached. 
counter ID 880 results at time 1826.82 is 6
+++++++++ frame_probe ID: 1 +++++++++ ---- data frame detected ---- frame index is:            5;    destination address is:    1;    source address is:         3;    number of transmission is: 6;    reserved field I is:       318;    reserved field II is:      524;    payload length is:           837;    header length is:          11;    address check is:          0;    good frame is:             0;    frame info contains a frame with length 852 bytes: input time_stamp is: 26.4332
++++ frame_probe ID: 850 receives a frame at time 26.8335s ++++
INFO: Detected an invalid packet at item 1152
INFO: Parser returned #f
++++ frame_probe ID: 860 receives a frame at time 26.874s ++++
INFO: Detected an invalid packet at item 736
INFO: Parser returned #f
INFO: Detected an invalid packet at item 768
INFO: Parser returned #f
a data frame with index 6 from node: 3 has been transmitted 1th time
++++ frame_probe ID: 850 receives a frame at time 27.0039s ++++
measurement 1 raw data directory created /home/inets/0_ba/bachelor_thesis/measurements/debug/data/119/1/.
'/home/inets/source/gr-inets/results/sender_bfr_dq.txt' -> '/home/inets/0_ba/bachelor_thesis/measurements/debug/data/119/1/sender_bfr_dq.txt'
'/home/inets/source/gr-inets/results/sender_data_sent.txt' -> '/home/inets/0_ba/bachelor_thesis/measurements/debug/data/119/1/sender_data_sent.txt'
'/home/inets/source/gr-inets/results/sender_retransmissions.txt' -> '/home/inets/0_ba/bachelor_thesis/measurements/debug/data/119/1/sender_retransmissions.txt'
measurement 1 raw data moved to /home/inets/0_ba/bachelor_thesis/measurements/debug/data/119/1/.

measurement 2/2 complete in 10 second(s).
linux; GNU C++ version 5.4.0 20160609; Boost_105800; UHD_003.009.005-45-g6768a615
linux; GNU C++ version 5.4.0 20160609; Boost_105800; UHD_003.009.005-45-g6768a615


Using Volk machine: avx_64_mmx
-- Opening a USRP2/N-Series device...
Using Volk machine: avx_64_mmx
-- Opening a USRP2/N-Series device...
-- Current recv frame size: 1472 bytes
-- Current recv frame size: 1472 bytes
-- Current send frame size: 1472 bytes
-- Current send frame size: 1472 bytes
measurement 2/2 complete in 9 second(s).
develop mode of resend_check ID: 24 is activated.
the 880th message counter is activated.
the 100th message counter is activated.
the 100th message counter is activated.
measurement 2/2 complete in 8 second(s).
node starts running at 29.3534
node starts running at 29.3539
++++ frame_probe ID: 850 receives a frame at time 29.4034s ++++
INFO: Detected an invalid packet at item 0
INFO: Parser returned #f
++++ frame_probe ID: 860 receives a frame at time 29.4441s ++++
INFO: Detected an invalid packet at item 0
INFO: Parser returned #f
a data frame with index 0 from node: 3 has been transmitted 1th time
++++ frame_probe ID: 850 receives a frame at time 29.5736s ++++
INFO: Detected an invalid packet at item 32
INFO: Parser returned #f
++++ frame_probe ID: 860 receives a frame at time 29.6141s ++++
INFO: Detected an invalid packet at item 32
INFO: Parser returned #f
a data frame with index 0 from node: 3 has been transmitted 2th time
++++ frame_probe ID: 850 receives a frame at time 29.7489s ++++
++++ frame_probe ID: 860 receives a frame at time 29.7894s ++++
a data frame with index 0 from node: 3 has been transmitted 3th time
++++ frame_probe ID: 850 receives a frame at time 29.9291s ++++
++++ frame_probe ID: 860 receives a frame at time 29.9696s ++++
INFO: Detected an invalid packet at item 64
INFO: Parser returned #f
measurement 2/2 complete in 7 second(s).
a data frame with index 0 from node: 3 has been transmitted 4th time
++++ frame_probe ID: 850 receives a frame at time 30.1142s ++++
INFO: Detected an invalid packet at item 128
INFO: Parser returned #f
++++ frame_probe ID: 860 receives a frame at time 30.1548s ++++
INFO: Detected an invalid packet at item 96
INFO: Parser returned #f
a data frame with index 0 from node: 3 has been transmitted 5th time
++++ frame_probe ID: 850 receives a frame at time 30.3643s ++++
++++ frame_probe ID: 860 receives a frame at time 30.405s ++++
INFO: Detected an invalid packet at item 128
INFO: Parser returned #f
frame: 0 from node: 3 is dropped because its max retransmission counter is reached. 
+++++++++ frame_probe ID: 1 +++++++++ ---- data frame detected ---- frame index is:            0;    destination address is:    1;    source address is:         3;    number of transmission is: 6;    reserved field I is:       318;    reserved field II is:      524;    payload length is:           837;    header length is:          11;    address check is:          0;    good frame is:             0;    frame info contains a frame with length 852 bytes: input time_stamp is: 30.3643
counter ID 880 results at time 1830.76 is 5
++++ frame_probe ID: 850 receives a frame at time 30.7798s ++++
++++ frame_probe ID: 860 receives a frame at time 30.8203s ++++
INFO: Detected an invalid packet at item 160
INFO: Parser returned #f
INFO: Detected an invalid packet at item 192
INFO: Parser returned #f
a data frame with index 1 from node: 3 has been transmitted 1th time
++++ frame_probe ID: 850 receives a frame at time 30.9501s ++++
INFO: Detected an invalid packet at item 224
INFO: Parser returned #f
++++ frame_probe ID: 860 receives a frame at time 30.9906s ++++
measurement 2/2 complete in 6 second(s).
a data frame with index 1 from node: 3 has been transmitted 2th time
++++ frame_probe ID: 850 receives a frame at time 31.1301s ++++
INFO: Detected an invalid packet at item 256
INFO: Parser returned #f
++++ frame_probe ID: 860 receives a frame at time 31.1706s ++++
INFO: Detected an invalid packet at item 224
INFO: Parser returned #f
a data frame with index 1 from node: 3 has been transmitted 3th time
++++ frame_probe ID: 850 receives a frame at time 31.3353s ++++
++++ frame_probe ID: 860 receives a frame at time 31.3759s ++++
a data frame with index 1 from node: 3 has been transmitted 4th time
++++ frame_probe ID: 850 receives a frame at time 31.5156s ++++
INFO: Detected an invalid packet at item 320
INFO: Parser returned #f
++++ frame_probe ID: 860 receives a frame at time 31.5562s ++++
a data frame with index 1 from node: 3 has been transmitted 5th time
++++ frame_probe ID: 850 receives a frame at time 31.8307s ++++
++++ frame_probe ID: 860 receives a frame at time 31.8713s ++++
INFO: Detected an invalid packet at item 256
INFO: Parser returned #f
frame: 1 from node: 3 is dropped because its max retransmission counter is reached. 
counter ID 880 results at time 1831.99 is 6
+++++++++ frame_probe ID: 1 +++++++++ ---- data frame detected ---- frame index is:            1;    destination address is:    1;    source address is:         3;    number of transmission is: 6;    reserved field I is:       318;    reserved field II is:      524;    payload length is:           837;    header length is:          11;    address check is:          0;    good frame is:             0;    frame info contains a frame with length 852 bytes: input time_stamp is: 31.8307
++++ frame_probe ID: 850 receives a frame at time 32.011s ++++
measurement 2/2 complete in 5 second(s).
++++ frame_probe ID: 860 receives a frame at time 32.0516s ++++
INFO: Detected an invalid packet at item 288
INFO: Parser returned #f
a data frame with index 2 from node: 3 has been transmitted 1th time
++++ frame_probe ID: 850 receives a frame at time 32.1863s ++++
++++ frame_probe ID: 860 receives a frame at time 32.2269s ++++
INFO: Detected an invalid packet at item 320
INFO: Parser returned #f
a data frame with index 2 from node: 3 has been transmitted 2th time
++++ frame_probe ID: 850 receives a frame at time 32.3615s ++++
++++ frame_probe ID: 860 receives a frame at time 32.402s ++++
a data frame with index 2 from node: 3 has been transmitted 3th time
++++ frame_probe ID: 850 receives a frame at time 32.5616s ++++
INFO: Detected an invalid packet at item 480
INFO: Parser returned #f
++++ frame_probe ID: 860 receives a frame at time 32.6022s ++++
INFO: Detected an invalid packet at item 352
INFO: Parser returned #f
a data frame with index 2 from node: 3 has been transmitted 4th time
++++ frame_probe ID: 850 receives a frame at time 32.8019s ++++
INFO: Detected an invalid packet at item 512
INFO: Parser returned #f
++++ frame_probe ID: 860 receives a frame at time 32.8424s ++++
INFO: Detected an invalid packet at item 384
INFO: Parser returned #f
a data frame with index 2 from node: 3 has been transmitted 5th time
++++ frame_probe ID: 850 receives a frame at time 33.0169s ++++
measurement 2/2 complete in 4 second(s).
INFO: Detected an invalid packet at item 544
INFO: Parser returned #f
++++ frame_probe ID: 860 receives a frame at time 33.0575s ++++
INFO: Detected an invalid packet at item 416
INFO: Parser returned #f
frame: 2 from node: 3 is dropped because its max retransmission counter is reached. 
counter ID 880 results at time 1833.28 is 6
+++++++++ frame_probe ID: 1 +++++++++ ---- data frame detected ---- frame index is:            2;    destination address is:    1;    source address is:         3;    number of transmission is: 6;    reserved field I is:       318;    reserved field II is:      524;    payload length is:           837;    header length is:          11;    address check is:          0;    good frame is:             0;    frame info contains a frame with length 852 bytes: input time_stamp is: 33.0169
++++ frame_probe ID: 850 receives a frame at time 33.2973s ++++
++++ frame_probe ID: 860 receives a frame at time 33.3378s ++++
a data frame with index 3 from node: 3 has been transmitted 1th time
++++ frame_probe ID: 850 receives a frame at time 33.4675s ++++
++++ frame_probe ID: 860 receives a frame at time 33.508s ++++
INFO: Detected an invalid packet at item 448
INFO: Parser returned #f
a data frame with index 3 from node: 3 has been transmitted 2th time
++++ frame_probe ID: 850 receives a frame at time 33.6426s ++++
++++ frame_probe ID: 860 receives a frame at time 33.6831s ++++
INFO: Detected an invalid packet at item 480
INFO: Parser returned #f
a data frame with index 3 from node: 3 has been transmitted 3th time
++++ frame_probe ID: 850 receives a frame at time 33.8377s ++++
++++ frame_probe ID: 860 receives a frame at time 33.8782s ++++
INFO: Detected an invalid packet at item 512
INFO: Parser returned #f
measurement 2/2 complete in 3 second(s).
a data frame with index 3 from node: 3 has been transmitted 4th time
++++ frame_probe ID: 850 receives a frame at time 34.0728s ++++
++++ frame_probe ID: 860 receives a frame at time 34.1133s ++++
INFO: Detected an invalid packet at item 544
INFO: Parser returned #f
a data frame with index 3 from node: 3 has been transmitted 5th time
++++ frame_probe ID: 850 receives a frame at time 34.2679s ++++
++++ frame_probe ID: 860 receives a frame at time 34.3084s ++++
INFO: Detected an invalid packet at item 576
INFO: Parser returned #f
frame: 3 from node: 3 is dropped because its max retransmission counter is reached. 
counter ID 880 results at time +++++++++ frame_probe ID: 1 +++++++++ ---- data frame detected ---- 1834.57 is 6
frame index is:            3;    destination address is:    1;    source address is:         3;    number of transmission is: 6;    reserved field I is:       318;    reserved field II is:      524;    payload length is:           837;    header length is:          11;    address check is:          0;    good frame is:             0;    frame info contains a frame with length 852 bytes: input time_stamp is: 34.2678
++++ frame_probe ID: 850 receives a frame at time 34.5831s ++++
++++ frame_probe ID: 860 receives a frame at time 34.6236s ++++
a data frame with index 4 from node: 3 has been transmitted 1th time
++++ frame_probe ID: 850 receives a frame at time 34.7584s ++++
++++ frame_probe ID: 860 receives a frame at time 34.799s ++++
a data frame with index 4 from node: 3 has been transmitted 2th time
++++ frame_probe ID: 850 receives a frame at time 34.9289s ++++
++++ frame_probe ID: 860 receives a frame at time 34.9694s ++++
INFO: Detected an invalid packet at item 608
INFO: Parser returned #f
measurement 2/2 complete in 2 second(s).
a data frame with index 4 from node: 3 has been transmitted 3th time
++++ frame_probe ID: 850 receives a frame at time 35.1191s ++++
++++ frame_probe ID: 860 receives a frame at time 35.1596s ++++
INFO: Detected an invalid packet at item 640
INFO: Parser returned #f
a data frame with index 4 from node: 3 has been transmitted 4th time
++++ frame_probe ID: 850 receives a frame at time 35.3492s ++++
++++ frame_probe ID: 860 receives a frame at time 35.3898s ++++
INFO: Detected an invalid packet at item 672
INFO: Parser returned #f
a data frame with index 4 from node: 3 has been transmitted 5th time
++++ frame_probe ID: 850 receives a frame at time 35.6395s ++++
INFO: Detected an invalid packet at item 928
INFO: Parser returned #f
++++ frame_probe ID: 860 receives a frame at time 35.6801s ++++
INFO: Detected an invalid packet at item 704
INFO: Parser returned #f
frame: 4 from node: 3 is dropped because its max retransmission counter is reached. 
counter ID 880 results at time +++++++++ frame_probe ID: 1836.011 is 6 +++++++++
 ---- data frame detected ---- frame index is:            4;    destination address is:    1;    source address is:         3;    number of transmission is: 6;    reserved field I is:       318;    reserved field II is:      524;    payload length is:           837;    header length is:          11;    address check is:          0;    good frame is:             0;    frame info contains a frame with length 852 bytes: input time_stamp is: 35.6395
measurement 2/2 complete in 1 second(s).
++++ frame_probe ID: 850 receives a frame at time 36.0297s ++++
++++ frame_probe ID: 860 receives a frame at time 36.0704s ++++
INFO: Detected an invalid packet at item 736
INFO: Parser returned #f
INFO: Detected an invalid packet at item 768
INFO: Parser returned #f
a data frame with index 5 from node: 3 has been transmitted 1th time
++++ frame_probe ID: 850 receives a frame at time 36.2049s ++++
++++ frame_probe ID: 860 receives a frame at time 36.2455s ++++
a data frame with index 5 from node: 3 has been transmitted 2th time
++++ frame_probe ID: 850 receives a frame at time 36.375s ++++
++++ frame_probe ID: 860 receives a frame at time 36.4155s ++++
INFO: Detected an invalid packet at item 800
INFO: Parser returned #f
INFO: Detected an invalid packet at item 832
INFO: Parser returned #f
a data frame with index 5 from node: 3 has been transmitted 3th time
++++ frame_probe ID: 850 receives a frame at time 36.5605s ++++
++++ frame_probe ID: 860 receives a frame at time 36.6011s ++++
INFO: Detected an invalid packet at item 864
INFO: Parser returned #f
a data frame with index 5 from node: 3 has been transmitted 4th time
++++ frame_probe ID: 850 receives a frame at time 36.7505s ++++
++++ frame_probe ID: 860 receives a frame at time 36.791s ++++
INFO: Detected an invalid packet at item 896
INFO: Parser returned #f
a data frame with index 5 from node: 3 has been transmitted 5th time
++++ frame_probe ID: 850 receives a frame at time 36.9855s ++++
++++ frame_probe ID: 860 receives a frame at time 37.026s ++++
measurement 2 raw data directory created /home/inets/0_ba/bachelor_thesis/measurements/debug/data/119/2/.
'/home/inets/source/gr-inets/results/sender_bfr_dq.txt' -> '/home/inets/0_ba/bachelor_thesis/measurements/debug/data/119/2/sender_bfr_dq.txt'
'/home/inets/source/gr-inets/results/sender_data_sent.txt' -> '/home/inets/0_ba/bachelor_thesis/measurements/debug/data/119/2/sender_data_sent.txt'
'/home/inets/source/gr-inets/results/sender_retransmissions.txt' -> '/home/inets/0_ba/bachelor_thesis/measurements/debug/data/119/2/sender_retransmissions.txt'
measurement 2 raw data moved to /home/inets/0_ba/bachelor_thesis/measurements/debug/data/119/2/.

now processing results...
plotting python should be: python3 (ubuntu).
Hello from rtt.py!
hello from variables.py!
data_sent: 1500381819.428615
data_sent: 1500381819.601468
data_sent: 1500381819.777351
data_sent: 1500381819.947807
data_sent: 1500381820.157802
data_sent: 1500381820.372914
data_sent: 1500381820.623121
data_sent: 1500381820.793396
data_sent: 1500381820.963621
data_sent: 1500381821.154400
data_sent: 1500381821.334512
data_sent: 1500381821.539574
data_sent: 1500381821.990113
data_sent: 1500381822.165208
data_sent: 1500381822.340401
data_sent: 1500381822.541017
data_sent: 1500381822.727126
data_sent: 1500381822.902057
data_sent: 1500381823.087070
data_sent: 1500381823.257098
data_sent: 1500381823.442292
data_sent: 1500381823.632512
data_sent: 1500381823.837960
data_sent: 1500381824.017963
data_sent: 1500381824.318458
data_sent: 1500381824.488717
data_sent: 1500381824.668958
data_sent: 1500381824.854349
data_sent: 1500381825.049714
data_sent: 1500381825.240475
data_sent: 1500381825.485850
data_sent: 1500381825.656447
data_sent: 1500381825.826945
data_sent: 1500381826.012432
data_sent: 1500381826.257901
data_sent: 1500381826.433208
data_sent: 1500381826.833478
data_sent: 1500381827.003938
File /home/inets/0_ba/bachelor_thesis/measurements/debug/data/119/1/sender_ack_received.txt not found.                 Assuming not reached in GR.
retx: [5, 6, 6, 6, 6, 6]
Last data frame wasnt acked (max tries).                         Termintating calculation here.
Last data frame wasnt acked (max tries).                         Termintating calculation here.
Last data frame wasnt acked (max tries).                         Termintating calculation here.
Last data frame wasnt acked (max tries).                         Termintating calculation here.
Last data frame wasnt acked (max tries).                         Termintating calculation here.
Last data frame wasnt acked (max tries).                         Termintating calculation here.

The resulting RTTs of this single measurement are:
[]


