Measurement 1/2 complete in 4 second(s).
linux; GNU C++ version 5.4.0 20160609; Boost_105800; UHD_003.009.005-45-g6768a615
linux; GNU C++ version 5.4.0 20160609; Boost_105800; UHD_003.009.005-45-g6768a615


Using Volk machine: avx_64_mmx
-- Opening a USRP2/N-Series device...
Using Volk machine: avx_64_mmx
-- Opening a USRP2/N-Series device...
-- Current recv frame size: 1472 bytes
-- Current recv frame size: 1472 bytes
-- Current send frame size: 1472 bytes
-- Current send frame size: 1472 bytes
Measurement 1/2 complete in 3 second(s).
the 880th message counter is activated.
the 885th message counter is activated.
the 100th message counter is activated.
the 100th message counter is activated.
Measurement 1/2 complete in 2 second(s).
node starts running at 93.481
node starts running at 93.4917
Measurement 1/2 complete in 1 second(s).
Measurement 1 raw data directory created /home/inets/0_ba/bachelor_thesis/measurements/debug/data/76/1/.
Measurement 1 raw data moved to /home/inets/0_ba/bachelor_thesis/measurements/debug/data/76/1/.

Measurement 2/2 complete in 4 second(s).
linux; GNU C++ version 5.4.0 20160609; Boost_105800; UHD_003.009.005-45-g6768a615
linux; GNU C++ version 5.4.0 20160609; Boost_105800; UHD_003.009.005-45-g6768a615


Using Volk machine: avx_64_mmx
-- Opening a USRP2/N-Series device...
Using Volk machine: avx_64_mmx
-- Opening a USRP2/N-Series device...
-- Current recv frame size: 1472 bytes
-- Current send frame size: 1472 bytes
-- Current recv frame size: 1472 bytes
-- Current send frame size: 1472 bytes
Measurement 2/2 complete in 3 second(s).
the 880th message counter is activated.
the 885th message counter is activated.
the 100th message counter is activated.
the 100th message counter is activated.
Measurement 2/2 complete in 2 second(s).
node starts running at 97.4868
node starts running at 97.4993
++++ frame_probe ID: 850 receives a frame at time 97.5377s ++++
++++ frame_probe ID: 860 receives a frame at time 97.5787s ++++
++++ frame_probe ID: 1010 receives a frame at time 97.5862s ++++
++++ frame_probe ID: 882 receives a frame at time 97.6136s ++++
++++ frame_probe ID: 883 receives a frame at time 97.6137s ++++
 at 7697.7 s
++++ frame_probe ID: 850 receives a frame at time 97.7136s ++++
++++ frame_probe ID: 860 receives a frame at time 97.7545s ++++
++++ frame_probe ID: 1010 receives a frame at time 97.7592s ++++
++++ frame_probe ID: 882 receives a frame at time 97.7861s ++++
++++ frame_probe ID: 883 receives a frame at time 97.7861s ++++
 at 7697.88 s
++++ frame_probe ID: 850 receives a frame at time 97.8993s ++++
++++ frame_probe ID: 860 receives a frame at time 97.9401s ++++
INFO: Detected an invalid packet at item 64
INFO: Parser returned #f
++++ frame_probe ID: 1010 receives a frame at time 97.9509s ++++
INFO: Detected an invalid packet at item 96
INFO: Parser returned #f
 at 7698.08 s
Measurement 2/2 complete in 1 second(s).
++++ frame_probe ID: 850 receives a frame at time 98.1s ++++
++++ frame_probe ID: 860 receives a frame at time 98.1409s ++++
INFO: Detected an invalid packet at item 128
INFO: Parser returned #f
++++ frame_probe ID: 1010 receives a frame at time 98.1521s ++++
++++ frame_probe ID: 882 receives a frame at time 98.1787s ++++
++++ frame_probe ID: 883 receives a frame at time 98.1788s ++++
++++ frame_probe ID: 890 receives a frame at time 98.1789s ++++
the 100th message counter  has been visited 1 times  
++++ frame_probe ID: 850 receives a frame at time 98.2913s ++++
++++ frame_probe ID: 860 receives a frame at time 98.3321s ++++
++++ frame_probe ID: 1010 receives a frame at time 98.3446s ++++
INFO: Detected an invalid packet at item 192
INFO: Parser returned #f
 at 7698.45 s
++++ frame_probe ID: 850 receives a frame at time 98.4667s ++++
++++ frame_probe ID: 860 receives a frame at time 98.5074s ++++
INFO: Detected an invalid packet at item 224
INFO: Parser returned #f
++++ frame_probe ID: 1010 receives a frame at time 98.517s ++++
++++ frame_probe ID: 882 receives a frame at time 98.5436s ++++
++++ frame_probe ID: 883 receives a frame at time 98.5436s ++++
 at 7698.62 s
++++ frame_probe ID: 850 receives a frame at time 98.643s ++++
++++ frame_probe ID: 860 receives a frame at time 98.6838s ++++
++++ frame_probe ID: 1010 receives a frame at time 98.6902s ++++
++++ frame_probe ID: 882 receives a frame at time 98.717s ++++
++++ frame_probe ID: 883 receives a frame at time 98.717s ++++
 at 7698.81 s
++++ frame_probe ID: 850 receives a frame at time 98.8283s ++++
++++ frame_probe ID: 860 receives a frame at time 98.8691s ++++
++++ frame_probe ID: 1010 receives a frame at time 98.8729s ++++
++++ frame_probe ID: 882 receives a frame at time 98.8993s ++++
++++ frame_probe ID: 883 receives a frame at time 98.8994s ++++
 at 7699.02 s
++++ frame_probe ID: 850 receives a frame at time 99.034s ++++
++++ frame_probe ID: 860 receives a frame at time 99.0749s ++++
INFO: Detected an invalid packet at item 352
INFO: Parser returned #f
++++ frame_probe ID: 1010 receives a frame at time 99.0832s ++++
Measurement 2 raw data directory created /home/inets/0_ba/bachelor_thesis/measurements/debug/data/76/2/.
'/home/inets/source/gr-inets/results/receiver_data_received.txt' -> '/home/inets/0_ba/bachelor_thesis/measurements/debug/data/76/2/receiver_data_received.txt'
'/home/inets/source/gr-inets/results/sender_ack_received.txt' -> '/home/inets/0_ba/bachelor_thesis/measurements/debug/data/76/2/sender_ack_received.txt'
'/home/inets/source/gr-inets/results/sender_bfr_dq.txt' -> '/home/inets/0_ba/bachelor_thesis/measurements/debug/data/76/2/sender_bfr_dq.txt'
'/home/inets/source/gr-inets/results/sender_data_sent.txt' -> '/home/inets/0_ba/bachelor_thesis/measurements/debug/data/76/2/sender_data_sent.txt'
Measurement 2 raw data moved to /home/inets/0_ba/bachelor_thesis/measurements/debug/data/76/2/.

Now processing results...
Plotting Python should be: python3 (UBUNTU).
Hello from rtt.py!
Hello from variables.py!
File /home/inets/0_ba/bachelor_thesis/measurements/debug/data/76/1/sender_bfr_dq.txt not found. Assuming not reached in GR.
File /home/inets/0_ba/bachelor_thesis/measurements/debug/data/76/1/sender_ack_received.txt not found. Assuming not reached in GR.
Hello from throughput.py!
Hello from variables.py!
Data file not found. Probably zero throughput.
[    0.  9000.]
Hello from myplot.py!
I will print a pdf for you now!
Hello from myplot.py!
I will print a cdf for you now!
<a list of 1 Patch objects>
Hello from myplot.py!
I will print a boxplot for you now!
Hello from myplot.py!
I will print a bar for you now!

+--------------------------------------------------------------+
| Plotting completed. Until the next measurement session then! |
+--------------------------------------------------------------+
