Measurement 1/2 complete in 4 second(s).
linux; GNU C++ version 5.4.0 20160609; Boost_105800; UHD_003.009.005-45-g6768a615
linux; GNU C++ version 5.4.0 20160609; Boost_105800; UHD_003.009.005-45-g6768a615


Using Volk machine: avx_64_mmx
-- Opening a USRP2/N-Series device...
Using Volk machine: avx_64_mmx
-- Opening a USRP2/N-Series device...
-- Current recv frame size: 1472 bytes
-- Current recv frame size: 1472 bytes
-- Current send frame size: 1472 bytes
-- Current send frame size: 1472 bytes
Measurement 1/2 complete in 3 second(s).
develop mode of resend_check ID: 24 is activated.
the 880th message counter is activated.
the 100th message counter is activated.
the 100th message counter is activated.
Measurement 1/2 complete in 2 second(s).
node starts running at 2.03564
node starts running at 2.03578
++++ frame_probe ID: 850 receives a frame at time 2.12215s ++++
++++ frame_probe ID: 860 receives a frame at time 2.16315s ++++
INFO: Detected an invalid packet at item 0
INFO: Parser returned #f
a data frame with index 0 from node: 3 has been transmitted 1th time
 at 8202.28 s
++++ frame_probe ID: 850 receives a frame at time 2.2933s ++++
++++ frame_probe ID: 860 receives a frame at time 2.33421s ++++
INFO: Detected an invalid packet at item 32
INFO: Parser returned #f
a data frame with index 0 from node: 3 has been transmitted 2th time
 at 8202.45 s
++++ frame_probe ID: 850 receives a frame at time 2.46913s ++++
++++ frame_probe ID: 860 receives a frame at time 2.5098s ++++
++++ frame_probe ID: 1010 receives a frame at time 2.51458s ++++
INFO: Detected an invalid packet at item 64
INFO: Parser returned #f
+++++++++ frame_probe ID: 882 +++++++++Input mac frame has length: 15

+++++++++ frame_probe ID: 883 +++++++++ ---- ack frame detected ---- frame index is:            0;    destination address is:    3;    source address is:         1;    number of transmission is: 1;    reserved field I is:       318;    reserved field II is:      524;    payload length is:           0;    header length is:          11;    address check is:          0;    good frame is:             0;    analysis time is:             1.5003e+09;    frame info contains a frame with length 15 bytes: 
++++ frame_probe ID: 890 receives a frame at time 2.53407s ++++
the 100th message counter  has been visited 1 times  
++++ frame_probe ID: 850 receives a frame at time 2.62446s ++++
Measurement 1/2 complete in 1 second(s).
++++ frame_probe ID: 860 receives a frame at time 2.66517s ++++
++++ frame_probe ID: 1010 receives a frame at time 2.66798s ++++
INFO: Detected an invalid packet at item 128
INFO: Parser returned #f
+++++++++ frame_probe ID: 882 +++++++++Input mac frame has length: 15

+++++++++ frame_probe ID: 883 +++++++++ ---- ack frame detected ---- frame index is:            1;    destination address is:    3;    source address is:         1;    number of transmission is: 1;    reserved field I is:       318;    reserved field II is:      524;    payload length is:           0;    header length is:          11;    address check is:          0;    good frame is:             0;    analysis time is:             1.5003e+09;    frame info contains a frame with length 15 bytes: 
++++ frame_probe ID: 890 receives a frame at time 2.68828s ++++
the 100th message counter  has been visited 2 times  
++++ frame_probe ID: 850 receives a frame at time 2.7828s ++++
++++ frame_probe ID: 860 receives a frame at time 2.82338s ++++
++++ frame_probe ID: 1010 receives a frame at time 2.83139s ++++
INFO: Detected an invalid packet at item 192
INFO: Parser returned #f
INFO: Detected an invalid packet at item 224
INFO: Parser returned #f
INFO: Detected an invalid packet at item 256
INFO: Parser returned #f
+++++++++ frame_probe ID: 882 +++++++++Input mac frame has length: 15

+++++++++ frame_probe ID: 883 +++++++++ ---- ack frame detected ---- frame index is:            2;    destination address is:    3;    source address is:         1;    number of transmission is: 1;    reserved field I is:       318;    reserved field II is:      524;    payload length is:           0;    header length is:          11;    address check is:          0;    good frame is:             0;    analysis time is:             1.5003e+09;    frame info contains a frame with length 15 bytes: 
++++ frame_probe ID: 890 receives a frame at time 2.85191s ++++
the 100th message counter  has been visited 3 times  
++++ frame_probe ID: 850 receives a frame at time 2.95744s ++++
++++ frame_probe ID: 860 receives a frame at time 2.9983s ++++
a data frame with index 3 from node: 3 has been transmitted 1th time
 at 8203.11 s
++++ frame_probe ID: 850 receives a frame at time 3.12805s ++++
++++ frame_probe ID: 860 receives a frame at time 3.16899s ++++
++++ frame_probe ID: 1010 receives a frame at time 3.17695s ++++
INFO: Detected an invalid packet at item 320
INFO: Parser returned #f
+++++++++ frame_probe ID: 882 +++++++++Input mac frame has length: 15

+++++++++ frame_probe ID: 883 +++++++++ ---- ack frame detected ---- frame index is:            3;    destination address is:    3;    source address is:         1;    number of transmission is: 1;    reserved field I is:       318;    reserved field II is:      524;    payload length is:           0;    header length is:          11;    address check is:          0;    good frame is:             0;    analysis time is:             1.5003e+09;    frame info contains a frame with length 15 bytes: 
++++ frame_probe ID: 890 receives a frame at time 3.19686s ++++
the 100th message counter  has been visited 4 times  
++++ frame_probe ID: 850 receives a frame at time 3.29526s ++++
++++ frame_probe ID: 860 receives a frame at time 3.33603s ++++
INFO: Detected an invalid packet at item 384
INFO: Parser returned #f
a data frame with index 4 from node: 3 has been transmitted 1th time
 at 8203.45 s
++++ frame_probe ID: 850 receives a frame at time 3.46606s ++++
++++ frame_probe ID: 860 receives a frame at time 3.50675s ++++
INFO: Detected an invalid packet at item 416
INFO: Parser returned #f
a data frame with index 4 from node: 3 has been transmitted 2th time
 at 8203.62 s
Measurement 1 raw data directory created /home/inets/0_ba/bachelor_thesis/measurements/debug/data/107/1/.
'/home/inets/source/gr-inets/results/receiver_data_received.txt' -> '/home/inets/0_ba/bachelor_thesis/measurements/debug/data/107/1/receiver_data_received.txt'
'/home/inets/source/gr-inets/results/sender_ack_received.txt' -> '/home/inets/0_ba/bachelor_thesis/measurements/debug/data/107/1/sender_ack_received.txt'
'/home/inets/source/gr-inets/results/sender_bfr_dq.txt' -> '/home/inets/0_ba/bachelor_thesis/measurements/debug/data/107/1/sender_bfr_dq.txt'
'/home/inets/source/gr-inets/results/sender_data_sent.txt' -> '/home/inets/0_ba/bachelor_thesis/measurements/debug/data/107/1/sender_data_sent.txt'
Measurement 1 raw data moved to /home/inets/0_ba/bachelor_thesis/measurements/debug/data/107/1/.

Measurement 2/2 complete in 4 second(s).
linux; GNU C++ version 5.4.0 20160609; Boost_105800; UHD_003.009.005-45-g6768a615
linux; GNU C++ version 5.4.0 20160609; Boost_105800; UHD_003.009.005-45-g6768a615


Using Volk machine: avx_64_mmx
-- Opening a USRP2/N-Series device...
Using Volk machine: avx_64_mmx
-- Opening a USRP2/N-Series device...
-- Current recv frame size: 1472 bytes
-- Current send frame size: 1472 bytes
-- Current recv frame size: 1472 bytes
-- Current send frame size: 1472 bytes
Measurement 2/2 complete in 3 second(s).
develop mode of resend_check ID: 24 is activated.
the 100th message counter is activated.
the 880th message counter is activated.
the 100th message counter is activated.
Measurement 2/2 complete in 2 second(s).
node starts running at 6.0007
node starts running at 6.02341
++++ frame_probe ID: 850 receives a frame at time 6.0475s ++++
++++ frame_probe ID: 860 receives a frame at time 6.08887s ++++
INFO: Detected an invalid packet at item 0
INFO: Parser returned #f
++++ frame_probe ID: 1010 receives a frame at time 6.09705s ++++
INFO: Detected an invalid packet at item 32
INFO: Parser returned #f
+++++++++ frame_probe ID: 882 +++++++++Input mac frame has length: 15

+++++++++ frame_probe ID: 883 +++++++++ ---- ack frame detected ---- frame index is:            0;    destination address is:    3;    source address is:         1;    number of transmission is: 1;    reserved field I is:       318;    reserved field II is:      524;    payload length is:           0;    header length is:          11;    address check is:          0;    good frame is:             0;    analysis time is:             1.5003e+09;    frame info contains a frame with length 15 bytes: 
++++ frame_probe ID: 890 receives a frame at time 6.12314s ++++
the 100th message counter  has been visited 1 times  
++++ frame_probe ID: 850 receives a frame at time 6.28303s ++++
++++ frame_probe ID: 860 receives a frame at time 6.32396s ++++
INFO: Detected an invalid packet at item 96
INFO: Parser returned #f
a data frame with index 1 from node: 3 has been transmitted 1th time
 at 8206.44 s
++++ frame_probe ID: 850 receives a frame at time 6.45892s ++++
++++ frame_probe ID: 860 receives a frame at time 6.49972s ++++
INFO: Detected an invalid packet at item 128
INFO: Parser returned #f
INFO: Detected an invalid packet at item 160
INFO: Parser returned #f
a data frame with index 1 from node: 3 has been transmitted 2th time
 at 8206.62 s
++++ frame_probe ID: 850 receives a frame at time 6.63495s ++++
Measurement 2/2 complete in 1 second(s).
++++ frame_probe ID: 860 receives a frame at time 6.6762s ++++
a data frame with index 1 from node: 3 has been transmitted 3th time
 at 8206.79 s
++++ frame_probe ID: 850 receives a frame at time 6.8114s ++++
++++ frame_probe ID: 860 receives a frame at time 6.85223s ++++
INFO: Detected an invalid packet at item 192
INFO: Parser returned #f
INFO: Detected an invalid packet at item 224
INFO: Parser returned #f
a data frame with index 1 from node: 3 has been transmitted 4th time
 at 8206.99 s
++++ frame_probe ID: 850 receives a frame at time 7.01232s ++++
++++ frame_probe ID: 860 receives a frame at time 7.05343s ++++
INFO: Detected an invalid packet at item 256
INFO: Parser returned #f
a data frame with index 1 from node: 3 has been transmitted 5th time
 at 8207.24 s
++++ frame_probe ID: 850 receives a frame at time 7.25836s ++++
++++ frame_probe ID: 860 receives a frame at time 7.29929s ++++
INFO: Detected an invalid packet at item 288
INFO: Parser returned #f
frame: 1 from node: 3 is dropped because its max retransmission counter is reached. 
 at 8207.5 s
++++ frame_probe ID: 850 receives a frame at time 7.51389s ++++
++++ frame_probe ID: 860 receives a frame at time 7.5547s ++++
INFO: Detected an invalid packet at item 320
INFO: Parser returned #f
++++ frame_probe ID: 1010 receives a frame at time 7.5653s ++++
INFO: Detected an invalid packet at item 352
INFO: Parser returned #f
+++++++++ frame_probe ID: 882 +++++++++Input mac frame has length: 15

+++++++++ frame_probe ID: 883 +++++++++ ---- ack frame detected ---- frame index is:            2;    destination address is:    3;    source address is:         1;    number of transmission is: 1;    reserved field I is:       318;    reserved field II is:      524;    payload length is:           0;    header length is:          11;    address check is:          0;    good frame is:             0;    analysis time is:             1.5003e+09;    frame info contains a frame with length 15 bytes: 
++++ frame_probe ID: 890 receives a frame at time 7.59111s ++++
Measurement 2 raw data directory created /home/inets/0_ba/bachelor_thesis/measurements/debug/data/107/2/.
'/home/inets/source/gr-inets/results/receiver_data_received.txt' -> '/home/inets/0_ba/bachelor_thesis/measurements/debug/data/107/2/receiver_data_received.txt'
'/home/inets/source/gr-inets/results/sender_ack_received.txt' -> '/home/inets/0_ba/bachelor_thesis/measurements/debug/data/107/2/sender_ack_received.txt'
'/home/inets/source/gr-inets/results/sender_bfr_dq.txt' -> '/home/inets/0_ba/bachelor_thesis/measurements/debug/data/107/2/sender_bfr_dq.txt'
'/home/inets/source/gr-inets/results/sender_data_sent.txt' -> '/home/inets/0_ba/bachelor_thesis/measurements/debug/data/107/2/sender_data_sent.txt'
Measurement 2 raw data moved to /home/inets/0_ba/bachelor_thesis/measurements/debug/data/107/2/.

Now processing results...
Plotting Python should be: python3 (UBUNTU).
Hello from rtt.py!
Hello from variables.py!
data_sent: 1500298202.122149
data_sent: 1500298202.293300
data_sent: 1500298202.469131
data_sent: 1500298202.624459
data_sent: 1500298202.782802
data_sent: 1500298202.957440
data_sent: 1500298203.128055
data_sent: 1500298203.295264
data_sent: 1500298203.466063
ack_received: 1500298202.534069
ack_received: 1500298202.688276
ack_received: 1500298202.851911
ack_received: 1500298203.196864
File /home/inets/0_ba/bachelor_thesis/measurements/debug/data/107/1/sender_retransmissions.txt not found.                 Assuming not reached in GR. Creating data for you...

The resulting RTTs of this single measurement are:
[0.41192, 0.39498, 0.38278, 0.5724]



The resulting mean RTT of this single measurement is:
0.44052


