Measurement 1/3 complete in 5 second(s).
linux; GNU C++ version 5.4.0 20160609; Boost_105800; UHD_003.009.005-45-g6768a615

linux; GNU C++ version 5.4.0 20160609; Boost_105800; UHD_003.009.005-45-g6768a615

Using Volk machine: avx_64_mmx
-- Opening a USRP2/N-Series device...
Using Volk machine: avx_64_mmx
-- Opening a USRP2/N-Series device...
-- Current recv frame size: 1472 bytes
-- Current send frame size: 1472 bytes
-- Current recv frame size: 1472 bytes
-- Current send frame size: 1472 bytes
Measurement 1/3 complete in 4 second(s).
the 100th message counter is activated.
the 100th message counter is activated.
Measurement 1/3 complete in 3 second(s).
node starts running at 62.1236
node starts running at 62.1558
++++ frame_probe ID: 850 receives a frame at time 62.3275s ++++
INFO: Detected an invalid packet at item 0
INFO: Parser returned #f
++++ frame_probe ID: 860 receives a frame at time 62.3683s ++++
++++ frame_probe ID: 1010 receives a frame at time 62.3749s ++++
++++ frame_probe ID: 890 receives a frame at time 62.4007s ++++
the 100th message counter  has been visited 1 times  
++++ frame_probe ID: 850 receives a frame at time 62.4851s ++++
INFO: Detected an invalid packet at item 96
INFO: Parser returned #f
++++ frame_probe ID: 860 receives a frame at time 62.5258s ++++
++++ frame_probe ID: 1010 receives a frame at time 62.5283s ++++
++++ frame_probe ID: 890 receives a frame at time 62.554s ++++
the 100th message counter  has been visited 2 times  
++++ frame_probe ID: 850 receives a frame at time 62.6224s ++++
INFO: Detected an invalid packet at item 192
INFO: Parser returned #f
++++ frame_probe ID: 860 receives a frame at time 62.6631s ++++
++++ frame_probe ID: 1010 receives a frame at time 62.6726s ++++
++++ frame_probe ID: 890 receives a frame at time 62.6974s ++++
Measurement 1/3 complete in 2 second(s).
the 100th message counter  has been visited 3 times  
++++ frame_probe ID: 850 receives a frame at time 62.8008s ++++
INFO: Detected an invalid packet at item 288
INFO: Parser returned #f
++++ frame_probe ID: 860 receives a frame at time 62.8415s ++++
++++ frame_probe ID: 1010 receives a frame at time 62.845s ++++
++++ frame_probe ID: 890 receives a frame at time 62.8707s ++++
the 100th message counter  has been visited 4 times  
++++ frame_probe ID: 850 receives a frame at time 62.9762s ++++
INFO: Detected an invalid packet at item 384
INFO: Parser returned #f
++++ frame_probe ID: 860 receives a frame at time 63.0168s ++++
++++ frame_probe ID: 1010 receives a frame at time 63.0274s ++++
++++ frame_probe ID: 890 receives a frame at time 63.0531s ++++
the 100th message counter  has been visited 5 times  
++++ frame_probe ID: 850 receives a frame at time 63.1405s ++++
INFO: Detected an invalid packet at item 480
INFO: Parser returned #f
++++ frame_probe ID: 860 receives a frame at time 63.1812s ++++
++++ frame_probe ID: 1010 receives a frame at time 63.1907s ++++
++++ frame_probe ID: 890 receives a frame at time 63.2165s ++++
the 100th message counter  has been visited 6 times  
++++ frame_probe ID: 850 receives a frame at time 63.3019s ++++
INFO: Detected an invalid packet at item 576
INFO: Parser returned #f
++++ frame_probe ID: 860 receives a frame at time 63.3426s ++++
++++ frame_probe ID: 1010 receives a frame at time 63.354s ++++
++++ frame_probe ID: 890 receives a frame at time 63.3799s ++++
the 100th message counter  has been visited 7 times  
++++ frame_probe ID: 850 receives a frame at time 63.4603s ++++
INFO: Detected an invalid packet at item 672
INFO: Parser returned #f
++++ frame_probe ID: 860 receives a frame at time 63.501s ++++
++++ frame_probe ID: 1010 receives a frame at time 63.5075s ++++
++++ frame_probe ID: 890 receives a frame at time 63.5332s ++++
the 100th message counter  has been visited 8 times  
++++ frame_probe ID: 850 receives a frame at time 63.6488s ++++
INFO: Detected an invalid packet at item 768
INFO: Parser returned #f
++++ frame_probe ID: 860 receives a frame at time 63.6894s ++++
++++ frame_probe ID: 1010 receives a frame at time 63.6999s ++++
Measurement 1/3 complete in 1 second(s).
++++ frame_probe ID: 890 receives a frame at time 63.7247s ++++
the 100th message counter  has been visited 9 times  
++++ frame_probe ID: 850 receives a frame at time 63.7982s ++++
INFO: Detected an invalid packet at item 864
INFO: Parser returned #f
++++ frame_probe ID: 860 receives a frame at time 63.839s ++++
++++ frame_probe ID: 1010 receives a frame at time 63.8441s ++++
++++ frame_probe ID: 890 receives a frame at time 63.8681s ++++
the 100th message counter  has been visited 10 times  
++++ frame_probe ID: 850 receives a frame at time 63.9666s ++++
INFO: Detected an invalid packet at item 960
INFO: Parser returned #f
++++ frame_probe ID: 860 receives a frame at time 64.0072s ++++
++++ frame_probe ID: 1010 receives a frame at time 64.0166s ++++
++++ frame_probe ID: 890 receives a frame at time 64.0414s ++++
the 100th message counter  has been visited 11 times  
++++ frame_probe ID: 850 receives a frame at time 64.1249s ++++
INFO: Detected an invalid packet at item 1056
INFO: Parser returned #f
++++ frame_probe ID: 860 receives a frame at time 64.1656s ++++
++++ frame_probe ID: 1010 receives a frame at time 64.1699s ++++
++++ frame_probe ID: 890 receives a frame at time 64.1948s ++++
the 100th message counter  has been visited 12 times  
++++ frame_probe ID: 850 receives a frame at time 64.2802s ++++
INFO: Detected an invalid packet at item 1152
INFO: Parser returned #f
++++ frame_probe ID: 860 receives a frame at time 64.3209s ++++
++++ frame_probe ID: 1010 receives a frame at time 64.3242s ++++
++++ frame_probe ID: 890 receives a frame at time 64.3482s ++++
the 100th message counter  has been visited 13 times  
++++ frame_probe ID: 850 receives a frame at time 64.4497s ++++
INFO: Detected an invalid packet at item 1248
INFO: Parser returned #f
++++ frame_probe ID: 860 receives a frame at time 64.4903s ++++
++++ frame_probe ID: 1010 receives a frame at time 64.4966s ++++
++++ frame_probe ID: 890 receives a frame at time 64.5215s ++++
the 100th message counter  has been visited 14 times  
++++ frame_probe ID: 850 receives a frame at time 64.6319s ++++
INFO: Detected an invalid packet at item 1344
INFO: Parser returned #f
++++ frame_probe ID: 860 receives a frame at time 64.6726s ++++
++++ frame_probe ID: 1010 receives a frame at time 64.6782s ++++
++++ frame_probe ID: 890 receives a frame at time 64.7039s ++++
Measurement 1 raw data directory created /home/inets/0_ba/bachelor_thesis/measurements/debug/data/27/1/.
'/home/inets/source/gr-inets/results/receiver_data_received.txt' -> '/home/inets/0_ba/bachelor_thesis/measurements/debug/data/27/1/receiver_data_received.txt'
'/home/inets/source/gr-inets/results/sender_ack_received.txt' -> '/home/inets/0_ba/bachelor_thesis/measurements/debug/data/27/1/sender_ack_received.txt'
'/home/inets/source/gr-inets/results/sender_bfr_dq.txt' -> '/home/inets/0_ba/bachelor_thesis/measurements/debug/data/27/1/sender_bfr_dq.txt'
'/home/inets/source/gr-inets/results/sender_data_sent.txt' -> '/home/inets/0_ba/bachelor_thesis/measurements/debug/data/27/1/sender_data_sent.txt'
Measurement 1 raw data moved to /home/inets/0_ba/bachelor_thesis/measurements/debug/data/27/1/.

Measurement 2/3 complete in 5 second(s).
