Measurement 1/3 complete in 5 second(s).
linux; GNU C++ version 5.4.0 20160609; Boost_105800; UHD_003.009.005-45-g6768a615

linux; GNU C++ version 5.4.0 20160609; Boost_105800; UHD_003.009.005-45-g6768a615

Using Volk machine: avx_64_mmx
-- Opening a USRP2/N-Series device...
Using Volk machine: avx_64_mmx
-- Opening a USRP2/N-Series device...
-- Current recv frame size: 1472 bytes
-- Current send frame size: 1472 bytes
-- Current recv frame size: 1472 bytes
-- Current send frame size: 1472 bytes
Measurement 1/3 complete in 4 second(s).
the 100th message counter is activated.
the 100th message counter is activated.
Measurement 1/3 complete in 3 second(s).
node starts running at 88.3061
node starts running at 88.3299
++++ frame_probe ID: 850 receives a frame at time 88.3916s ++++
INFO: Detected an invalid packet at item 0
INFO: Parser returned #f
++++ frame_probe ID: 860 receives a frame at time 88.4326s ++++
++++ frame_probe ID: 1010 receives a frame at time 88.4402s ++++
++++ frame_probe ID: 890 receives a frame at time 88.4636s ++++
the 100th message counter  has been visited 1 times  
++++ frame_probe ID: 850 receives a frame at time 88.555s ++++
INFO: Detected an invalid packet at item 96
INFO: Parser returned #f
++++ frame_probe ID: 860 receives a frame at time 88.5958s ++++
++++ frame_probe ID: 1010 receives a frame at time 88.6035s ++++
++++ frame_probe ID: 890 receives a frame at time 88.627s ++++
the 100th message counter  has been visited 2 times  
++++ frame_probe ID: 850 receives a frame at time 88.7404s ++++
INFO: Detected an invalid packet at item 192
INFO: Parser returned #f
++++ frame_probe ID: 860 receives a frame at time 88.781s ++++
++++ frame_probe ID: 1010 receives a frame at time 88.7859s ++++
++++ frame_probe ID: 890 receives a frame at time 88.8094s ++++
Measurement 1/3 complete in 2 second(s).
the 100th message counter  has been visited 3 times  
++++ frame_probe ID: 850 receives a frame at time 88.9258s ++++
INFO: Detected an invalid packet at item 288
INFO: Parser returned #f
++++ frame_probe ID: 860 receives a frame at time 88.9665s ++++
++++ frame_probe ID: 1010 receives a frame at time 88.9783s ++++
++++ frame_probe ID: 890 receives a frame at time 89.0017s ++++
the 100th message counter  has been visited 4 times  
++++ frame_probe ID: 850 receives a frame at time 89.0982s ++++
INFO: Detected an invalid packet at item 384
INFO: Parser returned #f
++++ frame_probe ID: 860 receives a frame at time 89.1389s ++++
++++ frame_probe ID: 1010 receives a frame at time 89.1507s ++++
++++ frame_probe ID: 890 receives a frame at time 89.1741s ++++
the 100th message counter  has been visited 5 times  
++++ frame_probe ID: 850 receives a frame at time 89.2916s ++++
INFO: Detected an invalid packet at item 480
INFO: Parser returned #f
++++ frame_probe ID: 860 receives a frame at time 89.3322s ++++
++++ frame_probe ID: 1010 receives a frame at time 89.3431s ++++
++++ frame_probe ID: 890 receives a frame at time 89.3656s ++++
the 100th message counter  has been visited 6 times  
++++ frame_probe ID: 850 receives a frame at time 89.455s ++++
INFO: Detected an invalid packet at item 576
INFO: Parser returned #f
++++ frame_probe ID: 860 receives a frame at time 89.4957s ++++
++++ frame_probe ID: 1010 receives a frame at time 89.5064s ++++
++++ frame_probe ID: 890 receives a frame at time 89.529s ++++
the 100th message counter  has been visited 7 times  
++++ frame_probe ID: 850 receives a frame at time 89.6004s ++++
INFO: Detected an invalid packet at item 672
INFO: Parser returned #f
++++ frame_probe ID: 860 receives a frame at time 89.6411s ++++
++++ frame_probe ID: 1010 receives a frame at time 89.6499s ++++
++++ frame_probe ID: 890 receives a frame at time 89.6733s ++++
the 100th message counter  has been visited 8 times  
++++ frame_probe ID: 850 receives a frame at time 89.7627s ++++
INFO: Detected an invalid packet at item 768
INFO: Parser returned #f
++++ frame_probe ID: 860 receives a frame at time 89.8034s ++++
++++ frame_probe ID: 1010 receives a frame at time 89.8132s ++++
++++ frame_probe ID: 890 receives a frame at time 89.8366s ++++
Measurement 1/3 complete in 1 second(s).
the 100th message counter  has been visited 9 times  
++++ frame_probe ID: 850 receives a frame at time 89.944s ++++
INFO: Detected an invalid packet at item 864
INFO: Parser returned #f
++++ frame_probe ID: 860 receives a frame at time 89.9846s ++++
++++ frame_probe ID: 1010 receives a frame at time 89.9956s ++++
++++ frame_probe ID: 890 receives a frame at time 90.019s ++++
the 100th message counter  has been visited 10 times  
++++ frame_probe ID: 850 receives a frame at time 90.1064s ++++
INFO: Detected an invalid packet at item 960
INFO: Parser returned #f
++++ frame_probe ID: 860 receives a frame at time 90.1471s ++++
++++ frame_probe ID: 1010 receives a frame at time 90.159s ++++
++++ frame_probe ID: 890 receives a frame at time 90.1823s ++++
the 100th message counter  has been visited 11 times  
++++ frame_probe ID: 850 receives a frame at time 90.2538s ++++
INFO: Detected an invalid packet at item 1056
INFO: Parser returned #f
++++ frame_probe ID: 860 receives a frame at time 90.2944s ++++
++++ frame_probe ID: 1010 receives a frame at time 90.3033s ++++
++++ frame_probe ID: 890 receives a frame at time 90.3258s ++++
the 100th message counter  has been visited 12 times  
++++ frame_probe ID: 850 receives a frame at time 90.4402s ++++
INFO: Detected an invalid packet at item 1152
INFO: Parser returned #f
++++ frame_probe ID: 860 receives a frame at time 90.4809s ++++
++++ frame_probe ID: 1010 receives a frame at time 90.4856s ++++
++++ frame_probe ID: 890 receives a frame at time 90.5082s ++++
the 100th message counter  has been visited 13 times  
++++ frame_probe ID: 850 receives a frame at time 90.5786s ++++
INFO: Detected an invalid packet at item 1248
INFO: Parser returned #f
++++ frame_probe ID: 860 receives a frame at time 90.6193s ++++
++++ frame_probe ID: 1010 receives a frame at time 90.629s ++++
++++ frame_probe ID: 890 receives a frame at time 90.6524s ++++
the 100th message counter  has been visited 14 times  
++++ frame_probe ID: 850 receives a frame at time 90.7369s ++++
INFO: Detected an invalid packet at item 1344
INFO: Parser returned #f
++++ frame_probe ID: 860 receives a frame at time 90.7775s ++++
++++ frame_probe ID: 1010 receives a frame at time 90.7833s ++++
++++ frame_probe ID: 890 receives a frame at time 90.8058s ++++
the 100th message counter  has been visited 15 times  
++++ frame_probe ID: 850 receives a frame at time 90.9022s ++++
Measurement 1 raw data directory created /home/inets/0_ba/bachelor_thesis/measurements/debug/data/20/1/.
'/home/inets/source/gr-inets/results/receiver_data_received.txt' -> '/home/inets/0_ba/bachelor_thesis/measurements/debug/data/20/1/receiver_data_received.txt'
'/home/inets/source/gr-inets/results/sender_ack_received.txt' -> '/home/inets/0_ba/bachelor_thesis/measurements/debug/data/20/1/sender_ack_received.txt'
'/home/inets/source/gr-inets/results/sender_bfr_dq.txt' -> '/home/inets/0_ba/bachelor_thesis/measurements/debug/data/20/1/sender_bfr_dq.txt'
'/home/inets/source/gr-inets/results/sender_data_sent.txt' -> '/home/inets/0_ba/bachelor_thesis/measurements/debug/data/20/1/sender_data_sent.txt'
Measurement 1 raw data moved to /home/inets/0_ba/bachelor_thesis/measurements/debug/data/20/1/.

Measurement 2/3 complete in 5 second(s).
linux; GNU C++ version 5.4.0 20160609; Boost_105800; UHD_003.009.005-45-g6768a615
linux; GNU C++ version 5.4.0 20160609; Boost_105800; UHD_003.009.005-45-g6768a615


Using Volk machine: avx_64_mmx
-- Opening a USRP2/N-Series device...
Using Volk machine: avx_64_mmx
-- Opening a USRP2/N-Series device...
-- Current recv frame size: 1472 bytes
-- Current send frame size: 1472 bytes
-- Current recv frame size: 1472 bytes
-- Current send frame size: 1472 bytes
Measurement 2/3 complete in 4 second(s).
the 100th message counter is activated.
the 100th message counter is activated.
Measurement 2/3 complete in 3 second(s).
node starts running at 93.3252
node starts running at 93.3382
++++ frame_probe ID: 850 receives a frame at time 93.3816s ++++
INFO: Detected an invalid packet at item 0
INFO: Parser returned #f
++++ frame_probe ID: 860 receives a frame at time 93.4226s ++++
++++ frame_probe ID: 1010 receives a frame at time 93.4264s ++++
++++ frame_probe ID: 890 receives a frame at time 93.4502s ++++
the 100th message counter  has been visited 1 times  
++++ frame_probe ID: 850 receives a frame at time 93.5656s ++++
INFO: Detected an invalid packet at item 96
INFO: Parser returned #f
++++ frame_probe ID: 860 receives a frame at time 93.6064s ++++
++++ frame_probe ID: 1010 receives a frame at time 93.6179s ++++
++++ frame_probe ID: 890 receives a frame at time 93.6426s ++++
the 100th message counter  has been visited 2 times  
++++ frame_probe ID: 850 receives a frame at time 93.731s ++++
INFO: Detected an invalid packet at item 192
INFO: Parser returned #f
++++ frame_probe ID: 860 receives a frame at time 93.7717s ++++
++++ frame_probe ID: 1010 receives a frame at time 93.7812s ++++
++++ frame_probe ID: 890 receives a frame at time 93.8051s ++++
the 100th message counter  has been visited 3 times  
++++ frame_probe ID: 850 receives a frame at time 93.9084s ++++
Measurement 2/3 complete in 2 second(s).
INFO: Detected an invalid packet at item 288
INFO: Parser returned #f
++++ frame_probe ID: 860 receives a frame at time 93.9491s ++++
++++ frame_probe ID: 1010 receives a frame at time 93.9545s ++++
++++ frame_probe ID: 890 receives a frame at time 93.9784s ++++
the 100th message counter  has been visited 4 times  
++++ frame_probe ID: 850 receives a frame at time 94.0909s ++++
INFO: Detected an invalid packet at item 384
INFO: Parser returned #f
++++ frame_probe ID: 860 receives a frame at time 94.1317s ++++
++++ frame_probe ID: 1010 receives a frame at time 94.1369s ++++
++++ frame_probe ID: 890 receives a frame at time 94.1608s ++++
the 100th message counter  has been visited 5 times  
++++ frame_probe ID: 850 receives a frame at time 94.2492s ++++
INFO: Detected an invalid packet at item 480
INFO: Parser returned #f
++++ frame_probe ID: 860 receives a frame at time 94.29s ++++
++++ frame_probe ID: 1010 receives a frame at time 94.2994s ++++
++++ frame_probe ID: 890 receives a frame at time 94.3241s ++++
the 100th message counter  has been visited 6 times  
++++ frame_probe ID: 850 receives a frame at time 94.4376s ++++
INFO: Detected an invalid packet at item 576
INFO: Parser returned #f
++++ frame_probe ID: 860 receives a frame at time 94.4784s ++++
++++ frame_probe ID: 1010 receives a frame at time 94.4818s ++++
++++ frame_probe ID: 890 receives a frame at time 94.5066s ++++
the 100th message counter  has been visited 7 times  
++++ frame_probe ID: 850 receives a frame at time 94.599s ++++
INFO: Detected an invalid packet at item 672
INFO: Parser returned #f
++++ frame_probe ID: 860 receives a frame at time 94.6399s ++++
++++ frame_probe ID: 1010 receives a frame at time 94.6451s ++++
++++ frame_probe ID: 890 receives a frame at time 94.669s ++++
the 100th message counter  has been visited 8 times  
++++ frame_probe ID: 850 receives a frame at time 94.7504s ++++
INFO: Detected an invalid packet at item 768
INFO: Parser returned #f
++++ frame_probe ID: 860 receives a frame at time 94.7913s ++++
++++ frame_probe ID: 1010 receives a frame at time 94.7994s ++++
++++ frame_probe ID: 890 receives a frame at time 94.8233s ++++
the 100th message counter  has been visited 9 times  
++++ frame_probe ID: 850 receives a frame at time 94.9097s ++++
Measurement 2/3 complete in 1 second(s).
INFO: Detected an invalid packet at item 864
INFO: Parser returned #f
++++ frame_probe ID: 860 receives a frame at time 94.9503s ++++
++++ frame_probe ID: 1010 receives a frame at time 94.9619s ++++
++++ frame_probe ID: 890 receives a frame at time 94.9866s ++++
the 100th message counter  has been visited 10 times  
++++ frame_probe ID: 850 receives a frame at time 95.1s ++++
INFO: Detected an invalid packet at item 960
INFO: Parser returned #f
++++ frame_probe ID: 860 receives a frame at time 95.1409s ++++
++++ frame_probe ID: 1010 receives a frame at time 95.1443s ++++
++++ frame_probe ID: 890 receives a frame at time 95.169s ++++
the 100th message counter  has been visited 11 times  
++++ frame_probe ID: 850 receives a frame at time 95.2545s ++++
INFO: Detected an invalid packet at item 1056
INFO: Parser returned #f
++++ frame_probe ID: 860 receives a frame at time 95.2952s ++++
++++ frame_probe ID: 1010 receives a frame at time 95.2986s ++++
++++ frame_probe ID: 890 receives a frame at time 95.3224s ++++
the 100th message counter  has been visited 12 times  
++++ frame_probe ID: 850 receives a frame at time 95.4137s ++++
INFO: Detected an invalid packet at item 1152
INFO: Parser returned #f
++++ frame_probe ID: 860 receives a frame at time 95.4543s ++++
++++ frame_probe ID: 1010 receives a frame at time 95.461s ++++
++++ frame_probe ID: 890 receives a frame at time 95.4857s ++++
the 100th message counter  has been visited 13 times  
++++ frame_probe ID: 850 receives a frame at time 95.6021s ++++
INFO: Detected an invalid packet at item 1248
INFO: Parser returned #f
++++ frame_probe ID: 860 receives a frame at time 95.6427s ++++
++++ frame_probe ID: 1010 receives a frame at time 95.6534s ++++
++++ frame_probe ID: 890 receives a frame at time 95.6772s ++++
the 100th message counter  has been visited 14 times  
++++ frame_probe ID: 850 receives a frame at time 95.7876s ++++
INFO: Detected an invalid packet at item 1344
INFO: Parser returned #f
++++ frame_probe ID: 860 receives a frame at time 95.8283s ++++
++++ frame_probe ID: 1010 receives a frame at time 95.8358s ++++
++++ frame_probe ID: 890 receives a frame at time 95.8596s ++++
Measurement 2 raw data directory created /home/inets/0_ba/bachelor_thesis/measurements/debug/data/20/2/.
'/home/inets/source/gr-inets/results/receiver_data_received.txt' -> '/home/inets/0_ba/bachelor_thesis/measurements/debug/data/20/2/receiver_data_received.txt'
'/home/inets/source/gr-inets/results/sender_ack_received.txt' -> '/home/inets/0_ba/bachelor_thesis/measurements/debug/data/20/2/sender_ack_received.txt'
'/home/inets/source/gr-inets/results/sender_bfr_dq.txt' -> '/home/inets/0_ba/bachelor_thesis/measurements/debug/data/20/2/sender_bfr_dq.txt'
'/home/inets/source/gr-inets/results/sender_data_sent.txt' -> '/home/inets/0_ba/bachelor_thesis/measurements/debug/data/20/2/sender_data_sent.txt'
Measurement 2 raw data moved to /home/inets/0_ba/bachelor_thesis/measurements/debug/data/20/2/.

Measurement 3/3 complete in 5 second(s).
linux; GNU C++ version 5.4.0 20160609; Boost_105800; UHD_003.009.005-45-g6768a615
linux; GNU C++ version 5.4.0 20160609; Boost_105800; UHD_003.009.005-45-g6768a615


Using Volk machine: avx_64_mmx
-- Opening a USRP2/N-Series device...
Using Volk machine: avx_64_mmx
-- Opening a USRP2/N-Series device...
-- Current recv frame size: 1472 bytes
-- Current send frame size: 1472 bytes
-- Current recv frame size: 1472 bytes
-- Current send frame size: 1472 bytes
Measurement 3/3 complete in 4 second(s).
the 100th message counter is activated.
the 100th message counter is activated.
Measurement 3/3 complete in 3 second(s).
node starts running at 98.3569
node starts running at 98.3603
++++ frame_probe ID: 850 receives a frame at time 98.4308s ++++
INFO: Detected an invalid packet at item 0
INFO: Parser returned #f
++++ frame_probe ID: 860 receives a frame at time 98.4717s ++++
++++ frame_probe ID: 1010 receives a frame at time 98.4827s ++++
++++ frame_probe ID: 890 receives a frame at time 98.5045s ++++
the 100th message counter  has been visited 1 times  
++++ frame_probe ID: 850 receives a frame at time 98.597s ++++
INFO: Detected an invalid packet at item 96
INFO: Parser returned #f
++++ frame_probe ID: 860 receives a frame at time 98.6378s ++++
++++ frame_probe ID: 1010 receives a frame at time 98.6452s ++++
++++ frame_probe ID: 890 receives a frame at time 98.6679s ++++
the 100th message counter  has been visited 2 times  
++++ frame_probe ID: 850 receives a frame at time 98.7453s ++++
INFO: Detected an invalid packet at item 192
INFO: Parser returned #f
++++ frame_probe ID: 860 receives a frame at time 98.7863s ++++
++++ frame_probe ID: 1010 receives a frame at time 98.7895s ++++
++++ frame_probe ID: 890 receives a frame at time 98.8114s ++++
the 100th message counter  has been visited 3 times  
++++ frame_probe ID: 850 receives a frame at time 98.8938s ++++
INFO: Detected an invalid packet at item 288
INFO: Parser returned #f
Measurement 3/3 complete in 2 second(s).
++++ frame_probe ID: 860 receives a frame at time 98.9347s ++++
++++ frame_probe ID: 1010 receives a frame at time 98.9428s ++++
++++ frame_probe ID: 890 receives a frame at time 98.9656s ++++
the 100th message counter  has been visited 4 times  
++++ frame_probe ID: 850 receives a frame at time 99.0439s ++++
INFO: Detected an invalid packet at item 384
INFO: Parser returned #f
++++ frame_probe ID: 860 receives a frame at time 99.0846s ++++
++++ frame_probe ID: 1010 receives a frame at time 99.0871s ++++
++++ frame_probe ID: 890 receives a frame at time 99.1089s ++++
the 100th message counter  has been visited 5 times  
++++ frame_probe ID: 850 receives a frame at time 99.2164s ++++
INFO: Detected an invalid packet at item 480
INFO: Parser returned #f
++++ frame_probe ID: 860 receives a frame at time 99.2571s ++++
++++ frame_probe ID: 1010 receives a frame at time 99.2595s ++++
++++ frame_probe ID: 890 receives a frame at time 99.2823s ++++
the 100th message counter  has been visited 6 times  
++++ frame_probe ID: 850 receives a frame at time 99.3506s ++++
INFO: Detected an invalid packet at item 576
INFO: Parser returned #f
++++ frame_probe ID: 860 receives a frame at time 99.3913s ++++
++++ frame_probe ID: 1010 receives a frame at time 99.3939s ++++
++++ frame_probe ID: 890 receives a frame at time 99.4166s ++++
the 100th message counter  has been visited 7 times  
++++ frame_probe ID: 850 receives a frame at time 99.518s ++++
INFO: Detected an invalid packet at item 672
INFO: Parser returned #f
++++ frame_probe ID: 860 receives a frame at time 99.5587s ++++
++++ frame_probe ID: 1010 receives a frame at time 99.5672s ++++
++++ frame_probe ID: 890 receives a frame at time 99.589s ++++
the 100th message counter  has been visited 8 times  
++++ frame_probe ID: 850 receives a frame at time 99.6905s ++++
INFO: Detected an invalid packet at item 768
INFO: Parser returned #f
++++ frame_probe ID: 860 receives a frame at time 99.7313s ++++
++++ frame_probe ID: 1010 receives a frame at time 99.7396s ++++
++++ frame_probe ID: 890 receives a frame at time 99.7624s ++++
the 100th message counter  has been visited 9 times  
++++ frame_probe ID: 850 receives a frame at time 99.8368s ++++
INFO: Detected an invalid packet at item 864
INFO: Parser returned #f
++++ frame_probe ID: 860 receives a frame at time 99.8776s ++++
++++ frame_probe ID: 1010 receives a frame at time 99.8838s ++++
++++ frame_probe ID: 890 receives a frame at time 99.9057s ++++
Measurement 3/3 complete in 1 second(s).
the 100th message counter  has been visited 10 times  
++++ frame_probe ID: 850 receives a frame at time 99.9911s ++++
INFO: Detected an invalid packet at item 960
INFO: Parser returned #f
++++ frame_probe ID: 860 receives a frame at time 0.031773s ++++
++++ frame_probe ID: 1010 receives a frame at time 0.037245s ++++
++++ frame_probe ID: 890 receives a frame at time 0.060072s ++++
the 100th message counter  has been visited 11 times  
++++ frame_probe ID: 850 receives a frame at time 0.157448s ++++
INFO: Detected an invalid packet at item 1056
INFO: Parser returned #f
++++ frame_probe ID: 860 receives a frame at time 0.198241s ++++
++++ frame_probe ID: 1010 receives a frame at time 0.20966s ++++
++++ frame_probe ID: 890 receives a frame at time 0.232415s ++++
the 100th message counter  has been visited 12 times  
++++ frame_probe ID: 850 receives a frame at time 0.323827s ++++
INFO: Detected an invalid packet at item 1152
INFO: Parser returned #f
++++ frame_probe ID: 860 receives a frame at time 0.364739s ++++
++++ frame_probe ID: 1010 receives a frame at time 0.373007s ++++
++++ frame_probe ID: 890 receives a frame at time 0.395824s ++++
the 100th message counter  has been visited 13 times  
++++ frame_probe ID: 850 receives a frame at time 0.490306s ++++
INFO: Detected an invalid packet at item 1248
INFO: Parser returned #f
++++ frame_probe ID: 860 receives a frame at time 0.531008s ++++
++++ frame_probe ID: 1010 receives a frame at time 0.536328s ++++
++++ frame_probe ID: 890 receives a frame at time 0.559157s ++++
the 100th message counter  has been visited 14 times  
++++ frame_probe ID: 850 receives a frame at time 0.65061s ++++
INFO: Detected an invalid packet at item 1344
INFO: Parser returned #f
++++ frame_probe ID: 860 receives a frame at time 0.691295s ++++
++++ frame_probe ID: 1010 receives a frame at time 0.699719s ++++
++++ frame_probe ID: 890 receives a frame at time 0.722456s ++++
the 100th message counter  has been visited 15 times  
++++ frame_probe ID: 850 receives a frame at time 0.822868s ++++
INFO: Detected an invalid packet at item 1440
INFO: Parser returned #f
++++ frame_probe ID: 860 receives a frame at time 0.863761s ++++
++++ frame_probe ID: 1010 receives a frame at time 0.872141s ++++
++++ frame_probe ID: 890 receives a frame at time 0.894887s ++++
Measurement 3 raw data directory created /home/inets/0_ba/bachelor_thesis/measurements/debug/data/20/3/.
'/home/inets/source/gr-inets/results/receiver_data_received.txt' -> '/home/inets/0_ba/bachelor_thesis/measurements/debug/data/20/3/receiver_data_received.txt'
'/home/inets/source/gr-inets/results/sender_ack_received.txt' -> '/home/inets/0_ba/bachelor_thesis/measurements/debug/data/20/3/sender_ack_received.txt'
'/home/inets/source/gr-inets/results/sender_bfr_dq.txt' -> '/home/inets/0_ba/bachelor_thesis/measurements/debug/data/20/3/sender_bfr_dq.txt'
'/home/inets/source/gr-inets/results/sender_data_sent.txt' -> '/home/inets/0_ba/bachelor_thesis/measurements/debug/data/20/3/sender_data_sent.txt'
Measurement 3 raw data moved to /home/inets/0_ba/bachelor_thesis/measurements/debug/data/20/3/.

Now processing results...
Plotting Python should be: python3 (UBUNTU).
Hello from retransmissions.py!
Hello from variables.py!

+--------------------------------------------------------------+
| Plotting completed. Until the next measurement session then! |
+--------------------------------------------------------------+
