Measurement 1/2 complete in 4 second(s).
linux; GNU C++ version 5.4.0 20160609; Boost_105800; UHD_003.009.005-45-g6768a615
linux; GNU C++ version 5.4.0 20160609; Boost_105800; UHD_003.009.005-45-g6768a615


Using Volk machine: avx_64_mmx
-- Opening a USRP2/N-Series device...
Using Volk machine: avx_64_mmx
-- Opening a USRP2/N-Series device...
-- Current recv frame size: 1472 bytes
-- Current send frame size: 1472 bytes
-- Current recv frame size: 1472 bytes
-- Current send frame size: 1472 bytes
Measurement 1/2 complete in 3 second(s).
develop_mode of random_filter ID: 1015 is activated.
the 100th message counter is activated.
the 880th message counter is activated.
the 100th message counter is activated.
Measurement 1/2 complete in 2 second(s).
node starts running at 25.733
node starts running at 25.7341
++++ frame_probe ID: 850 receives a frame at time 25.7956s ++++
++++ frame_probe ID: 860 receives a frame at time 25.8368s ++++
INFO: Detected an invalid packet at item 0
INFO: Parser returned #f
++++ frame_probe ID: 1010 receives a frame at time 25.8478s ++++
generated random number is++++ frame_probe ID: 1018 receives a frame at time 0.813258 and the threshold is 1. good luck. 
25.8479s ++++
INFO: Detected an invalid packet at item 32
INFO: Parser returned #f
++++ frame_probe ID: 882 receives a frame at time 25.8785s ++++
++++ frame_probe ID: 883 receives a frame at time 25.8786s ++++
++++ frame_probe ID: 890 receives a frame at time 25.8786s ++++
the 100th message counter  has been visited 1 times  
++++ frame_probe ID: 850 receives a frame at time 25.974s ++++
++++ frame_probe ID: 860 receives a frame at time 26.0149s ++++
++++ frame_probe ID: 1010 receives a frame at time 26.0201s ++++
generated random number is++++ frame_probe ID: 1018 receives a frame at time 0.748302 and the threshold is 1. good luck. 26.0201
s ++++
INFO: Detected an invalid packet at item 96
INFO: Parser returned #f
++++ frame_probe ID: 882 receives a frame at time 26.0439s ++++
++++ frame_probe ID: 883 receives a frame at time 26.044s ++++
++++ frame_probe ID: 890 receives a frame at time 26.044s ++++
the 100th message counter  has been visited 2 times  
++++ frame_probe ID: 850 receives a frame at time 26.1574s ++++
++++ frame_probe ID: 860 receives a frame at time 26.1982s ++++
++++ frame_probe ID: 1010 receives a frame at time 26.2022s ++++
++++ frame_probe ID: 1018 receives a frame at time generated random number is0.1733626.2023 and the threshold is s ++++
1. good luck. 
INFO: Detected an invalid packet at item 160
INFO: Parser returned #f
++++ frame_probe ID: 882 receives a frame at time 26.2262s ++++
++++ frame_probe ID: 883 receives a frame at time 26.2262s ++++
++++ frame_probe ID: 890 receives a frame at time 26.2263s ++++
the 100th message counter  has been visited 3 times  
++++ frame_probe ID: 850 receives a frame at time 26.3416s ++++
Measurement 1/2 complete in 1 second(s).
++++ frame_probe ID: 860 receives a frame at time 26.3824s ++++
INFO: Detected an invalid packet at item 224
INFO: Parser returned #f
INFO: Detected an invalid packet at item 256
INFO: Parser returned #f
++++ frame_probe ID: 1010 receives a frame at time 26.3947s ++++
generated random number is++++ frame_probe ID: 1018 receives a frame at time 0.79589726.3948 and the threshold is s ++++
1. good luck. 
INFO: Detected an invalid packet at item 288
INFO: Parser returned #f
++++ frame_probe ID: 882 receives a frame at time 26.4182s ++++
++++ frame_probe ID: 883 receives a frame at time 26.4182s ++++
++++ frame_probe ID: 890 receives a frame at time 26.4183s ++++
the 100th message counter  has been visited 4 times  
++++ frame_probe ID: 850 receives a frame at time 26.5046s ++++
++++ frame_probe ID: 860 receives a frame at time 26.5453s ++++
++++ frame_probe ID: 1010 receives a frame at time 26.5481s ++++
generated random number is0.59931 and the threshold is 1. good luck. 
++++ frame_probe ID: 1018 receives a frame at time 26.5482s ++++
INFO: Detected an invalid packet at item 352
INFO: Parser returned #f
INFO: Detected an invalid packet at item 384
INFO: Parser returned #f
++++ frame_probe ID: 882 receives a frame at time 26.5717s ++++
++++ frame_probe ID: 883 receives a frame at time 26.5717s ++++
++++ frame_probe ID: 890 receives a frame at time 26.5718s ++++
the 100th message counter  has been visited 5 times  
++++ frame_probe ID: 850 receives a frame at time 26.6542s ++++
++++ frame_probe ID: 860 receives a frame at time 26.6949s ++++
++++ frame_probe ID: 1010 receives a frame at time 26.7016s ++++
generated random number is++++ frame_probe ID: 1018 receives a frame at time 0.115121 and the threshold is 126.7017. good luck. 
s ++++
INFO: Detected an invalid packet at item 448
INFO: Parser returned #f
++++ frame_probe ID: 882 receives a frame at time 26.725s ++++
++++ frame_probe ID: 883 receives a frame at time 26.725s ++++
++++ frame_probe ID: 890 receives a frame at time 26.725s ++++
the 100th message counter  has been visited 6 times  
++++ frame_probe ID: 850 receives a frame at time 26.8374s ++++
++++ frame_probe ID: 860 receives a frame at time 26.8781s ++++
++++ frame_probe ID: 1010 receives a frame at time 26.884s ++++
generated random number is++++ frame_probe ID: 1018 receives a frame at time 0.389621 and the threshold is 1. good luck. 
26.8841s ++++
INFO: Detected an invalid packet at item 512
INFO: Parser returned #f
++++ frame_probe ID: 882 receives a frame at time 26.9073s ++++
++++ frame_probe ID: 883 receives a frame at time 26.9073s ++++
++++ frame_probe ID: 890 receives a frame at time 26.9074s ++++
the 100th message counter  has been visited 7 times  
++++ frame_probe ID: 850 receives a frame at time 27.0118s ++++
++++ frame_probe ID: 860 receives a frame at time 27.0526s ++++
++++ frame_probe ID: 1010 receives a frame at time 27.0564s ++++
generated random number is++++ frame_probe ID: 0.3202631018 receives a frame at time  and the threshold is 1. good luck. 
27.0565s ++++
INFO: Detected an invalid packet at item 576
INFO: Parser returned #f
++++ frame_probe ID: 882 receives a frame at time 27.0798s ++++
++++ frame_probe ID: 883 receives a frame at time 27.0798s ++++
++++ frame_probe ID: 890 receives a frame at time 27.0799s ++++
the 100th message counter  has been visited 8 times  
++++ frame_probe ID: 850 receives a frame at time 27.1762s ++++
++++ frame_probe ID: 860 receives a frame at time 27.217s ++++
INFO: Detected an invalid packet at item 640
INFO: Parser returned #f
++++ frame_probe ID: 1010 receives a frame at time 27.2295s ++++
generated random number is++++ frame_probe ID: 1018 receives a frame at time 0.241662 and the threshold is 127.2296. good luck. s ++++

INFO: Detected an invalid packet at item 672
INFO: Parser returned #f
++++ frame_probe ID: 882 receives a frame at time 27.253s ++++
++++ frame_probe ID: 883 receives a frame at time 27.253s ++++
++++ frame_probe ID: 890 receives a frame at time 27.2531s ++++
the 100th message counter  has been visited 9 times  
++++ frame_probe ID: 850 receives a frame at time 27.3215s ++++
Measurement 1 raw data directory created /home/inets/0_ba/bachelor_thesis/measurements/debug/data/97/1/.
'/home/inets/source/gr-inets/results/ack_not_filtered.txt' -> '/home/inets/0_ba/bachelor_thesis/measurements/debug/data/97/1/ack_not_filtered.txt'
'/home/inets/source/gr-inets/results/receiver_data_received.txt' -> '/home/inets/0_ba/bachelor_thesis/measurements/debug/data/97/1/receiver_data_received.txt'
'/home/inets/source/gr-inets/results/sender_ack_received.txt' -> '/home/inets/0_ba/bachelor_thesis/measurements/debug/data/97/1/sender_ack_received.txt'
'/home/inets/source/gr-inets/results/sender_bfr_dq.txt' -> '/home/inets/0_ba/bachelor_thesis/measurements/debug/data/97/1/sender_bfr_dq.txt'
'/home/inets/source/gr-inets/results/sender_data_sent.txt' -> '/home/inets/0_ba/bachelor_thesis/measurements/debug/data/97/1/sender_data_sent.txt'
Measurement 1 raw data moved to /home/inets/0_ba/bachelor_thesis/measurements/debug/data/97/1/.

Measurement 2/2 complete in 4 second(s).
linux; GNU C++ version 5.4.0 20160609; Boost_105800; UHD_003.009.005-45-g6768a615
linux; GNU C++ version 5.4.0 20160609; Boost_105800; UHD_003.009.005-45-g6768a615


Using Volk machine: avx_64_mmx
-- Opening a USRP2/N-Series device...
Using Volk machine: avx_64_mmx
-- Opening a USRP2/N-Series device...
-- Current recv frame size: 1472 bytes
-- Current recv frame size: 1472 bytes
-- Current send frame size: 1472 bytes
-- Current send frame size: 1472 bytes
Measurement 2/2 complete in 3 second(s).
develop_mode of random_filter ID: 1015 is activated.
the 100th message counter is activated.
the 880th message counter is activated.
the 100th message counter is activated.
Measurement 2/2 complete in 2 second(s).
node starts running at 29.7207
node starts running at 29.7357
++++ frame_probe ID: 850 receives a frame at time 29.9922s ++++
++++ frame_probe ID: 860 receives a frame at time 30.0333s ++++
++++ frame_probe ID: 1010 receives a frame at time 30.0374s ++++
generated random number is0.528574 and the threshold is ++++ frame_probe ID: 1. good luck. 
1018 receives a frame at time 30.0376s ++++
INFO: Detected an invalid packet at item 0
INFO: Parser returned #f
++++ frame_probe ID: 882 receives a frame at time 30.0608s ++++
++++ frame_probe ID: 883 receives a frame at time 30.0609s ++++
++++ frame_probe ID: 890 receives a frame at time 30.0609s ++++
the 100th message counter  has been visited 1 times  
++++ frame_probe ID: 850 receives a frame at time 30.1903s ++++
++++ frame_probe ID: 860 receives a frame at time 30.2313s ++++
++++ frame_probe ID: 1010 receives a frame at time 30.2389s ++++
generated random number is0.0919512 and the threshold is 1. good luck. 
++++ frame_probe ID: 1018 receives a frame at time 30.2389s ++++
INFO: Detected an invalid packet at item 64
INFO: Parser returned #f
++++ frame_probe ID: 882 receives a frame at time 30.262s ++++
++++ frame_probe ID: 883 receives a frame at time 30.2621s ++++
++++ frame_probe ID: 890 receives a frame at time 30.2621s ++++
the 100th message counter  has been visited 2 times  
Measurement 2/2 complete in 1 second(s).
++++ frame_probe ID: 850 receives a frame at time 30.3719s ++++
++++ frame_probe ID: 860 receives a frame at time 30.4128s ++++
++++ frame_probe ID: 1010 receives a frame at time 30.4213s ++++
generated random number is++++ frame_probe ID: 1018 receives a frame at time 0.958623 and the threshold is 1. good luck. 
30.4214s ++++
INFO: Detected an invalid packet at item 128
INFO: Parser returned #f
INFO: Detected an invalid packet at item 160
INFO: Parser returned #f
++++ frame_probe ID: 882 receives a frame at time 30.4452s ++++
++++ frame_probe ID: 883 receives a frame at time 30.4452s ++++
++++ frame_probe ID: 890 receives a frame at time 30.4453s ++++
the 100th message counter  has been visited 3 times  
++++ frame_probe ID: 850 receives a frame at time 30.5496s ++++
++++ frame_probe ID: 860 receives a frame at time 30.5904s ++++
++++ frame_probe ID: 1010 receives a frame at time 30.5946s ++++
generated random number is++++ frame_probe ID: 1018 receives a frame at time 0.714874 and the threshold is 1. good luck. 30.5946
s ++++
INFO: Detected an invalid packet at item 224
INFO: Parser returned #f
++++ frame_probe ID: 882 receives a frame at time 30.6161s ++++
++++ frame_probe ID: 883 receives a frame at time 30.6162s ++++
++++ frame_probe ID: 890 receives a frame at time 30.6162s ++++
the 100th message counter  has been visited 4 times  
++++ frame_probe ID: 850 receives a frame at time 30.6966s ++++
++++ frame_probe ID: 860 receives a frame at time 30.7374s ++++
INFO: Detected an invalid packet at item 288
INFO: Parser returned #f
++++ frame_probe ID: 1010 receives a frame at time 30.7482s ++++
generated random number is++++ frame_probe ID: 0.59143 and the threshold is 1018 receives a frame at time 1. good luck. 
30.7483s ++++
INFO: Detected an invalid packet at item 320
INFO: Parser returned #f
INFO: Detected an invalid packet at item 352
INFO: Parser returned #f
++++ frame_probe ID: 882 receives a frame at time 30.771s ++++
++++ frame_probe ID: 883 receives a frame at time 30.771s ++++
++++ frame_probe ID: 890 receives a frame at time 30.7711s ++++
the 100th message counter  has been visited 5 times  
++++ frame_probe ID: 850 receives a frame at time 30.8865s ++++
++++ frame_probe ID: 860 receives a frame at time 30.9272s ++++
++++ frame_probe ID: 1010 receives a frame at time 30.9306s ++++
generated random number is++++ frame_probe ID: 10180.908318 receives a frame at time  and the threshold is 1. good luck. 
30.9307s ++++
++++ frame_probe ID: 882 receives a frame at time 30.9529s ++++
++++ frame_probe ID: 883 receives a frame at time 30.953s ++++
++++ frame_probe ID: 890 receives a frame at time 30.953s ++++
the 100th message counter  has been visited 6 times  
++++ frame_probe ID: 850 receives a frame at time 31.0413s ++++
++++ frame_probe ID: 860 receives a frame at time 31.0822s ++++
++++ frame_probe ID: 1010 receives a frame at time 31.0938s ++++
generated random number is0.903743 and the threshold is 1. good luck. 
++++ frame_probe ID: 1018 receives a frame at time 31.0939s ++++
INFO: Detected an invalid packet at item 448
INFO: Parser returned #f
++++ frame_probe ID: 882 receives a frame at time 31.1172s ++++
++++ frame_probe ID: 883 receives a frame at time 31.1172s ++++
++++ frame_probe ID: 890 receives a frame at time 31.1173s ++++
the 100th message counter  has been visited 7 times  
++++ frame_probe ID: 850 receives a frame at time 31.2276s ++++
++++ frame_probe ID: 860 receives a frame at time 31.2686s ++++
++++ frame_probe ID: 1010 receives a frame at time 31.2761s ++++
generated random number is++++ frame_probe ID: 1018 receives a frame at time 0.61599 and the threshold is 31.2762s ++++
1. good luck. 
INFO: Detected an invalid packet at item 512
INFO: Parser returned #f
++++ frame_probe ID: 882 receives a frame at time 31.2991s ++++
++++ frame_probe ID: 883 receives a frame at time 31.2991s ++++
++++ frame_probe ID: 890 receives a frame at time 31.2992s ++++
Measurement 2 raw data directory created /home/inets/0_ba/bachelor_thesis/measurements/debug/data/97/2/.
'/home/inets/source/gr-inets/results/ack_not_filtered.txt' -> '/home/inets/0_ba/bachelor_thesis/measurements/debug/data/97/2/ack_not_filtered.txt'
'/home/inets/source/gr-inets/results/receiver_data_received.txt' -> '/home/inets/0_ba/bachelor_thesis/measurements/debug/data/97/2/receiver_data_received.txt'
'/home/inets/source/gr-inets/results/sender_ack_received.txt' -> '/home/inets/0_ba/bachelor_thesis/measurements/debug/data/97/2/sender_ack_received.txt'
'/home/inets/source/gr-inets/results/sender_bfr_dq.txt' -> '/home/inets/0_ba/bachelor_thesis/measurements/debug/data/97/2/sender_bfr_dq.txt'
'/home/inets/source/gr-inets/results/sender_data_sent.txt' -> '/home/inets/0_ba/bachelor_thesis/measurements/debug/data/97/2/sender_data_sent.txt'
Measurement 2 raw data moved to /home/inets/0_ba/bachelor_thesis/measurements/debug/data/97/2/.

Now processing results...
Plotting Python should be: python3 (UBUNTU).
Hello from rtt.py!
Hello from variables.py!
data_sent: 1500296125.795576
data_sent: 1500296125.974031
data_sent: 1500296126.157377
data_sent: 1500296126.341584
data_sent: 1500296126.504610
data_sent: 1500296126.654199
data_sent: 1500296126.837372
data_sent: 1500296127.011755
data_sent: 1500296127.176213
data_sent: 1500296127.321497
ack_received: 1500296125.878648
ack_received: 1500296126.044050
ack_received: 1500296126.226299
ack_received: 1500296126.418255
ack_received: 1500296126.571793
ack_received: 1500296126.725045
ack_received: 1500296126.907393
ack_received: 1500296127.079900
ack_received: 1500296127.253115
File /home/inets/0_ba/bachelor_thesis/measurements/debug/data/97/1/sender_retransmissions.txt not found.                 Assuming not reached in GR. Creating data for you...
