Measurement 1/3 complete in 5 second(s).
linux; GNU C++ version 5.4.0 20160609; Boost_105800; UHD_003.009.005-45-g6768a615
linux; GNU C++ version 5.4.0 20160609; Boost_105800; UHD_003.009.005-45-g6768a615


Measurement 1/3 complete in 4 second(s).
Using Volk machine: avx_64_mmx
-- Opening a USRP2/N-Series device...
Using Volk machine: avx_64_mmx
-- Opening a USRP2/N-Series device...
-- Current recv frame size: 1472 bytes
-- Current recv frame size: 1472 bytes
-- Current send frame size: 1472 bytes
-- Current send frame size: 1472 bytes
develop_mode of random_filter ID: 1015 is activated.
the 1017th message counter is activated.
the 880th message counter is activated.
the 1018th message counter is activated.
the 885th message counter is activated.
the 100th message counter is activated.
the 1080th message counter is activated.
the 100th message counter is activated.
Measurement 1/3 complete in 3 second(s).
node starts running at 81.8632
node starts running at 81.8639
Measurement 1/3 complete in 2 second(s).
++++ frame_probe ID: 850 receives a frame at time 82.0658s ++++
INFO: Detected an invalid packet at item 0
INFO: Parser returned #f
++++ frame_probe ID: 860 receives a frame at time 82.1067s ++++
++++ frame_probe ID: 1010 receives a frame at time 82.1127s ++++
generated random number is0.0717857 and the threshold is 0.2. good luck. 
the 1018th message counter data_frame_not_filtered has been visited 1 times  
 at 9682.22 s
++++ frame_probe ID: 850 receives a frame at time 82.2364s ++++
INFO: Detected an invalid packet at item 64
INFO: Parser returned #f
++++ frame_probe ID: 860 receives a frame at time 82.2771s ++++
++++ frame_probe ID: 1010 receives a frame at time 82.2852s ++++
generated random number is0.830198 and the threshold is 0.2. bad luck and try next time. 
the 1017th message counter data_frame_filtered has been visited 1 times  
 at 9682.39 s
++++ frame_probe ID: 850 receives a frame at time 82.4066s ++++
INFO: Detected an invalid packet at item 128
INFO: Parser returned #f
++++ frame_probe ID: 860 receives a frame at time 82.4473s ++++
++++ frame_probe ID: 1010 receives a frame at time 82.4585s ++++
generated random number is0.343311 and the threshold is 0.2. bad luck and try next time. 
the 1017th message counter data_frame_filtered has been visited 2 times  
 at 9682.56 s
++++ frame_probe ID: 850 receives a frame at time 82.5821s ++++
INFO: Detected an invalid packet at item 192
INFO: Parser returned #f
++++ frame_probe ID: 860 receives a frame at time 82.6227s ++++
++++ frame_probe ID: 1010 receives a frame at time 82.6309s ++++
generated random number is0.230394 and the threshold is the 0.21017. bad luck and try next time. th message counter 
data_frame_filtered has been visited 3 times  
 at 9682.74 s
++++ frame_probe ID: 850 receives a frame at time 82.7573s ++++
INFO: Detected an invalid packet at item 256
INFO: Parser returned #f
++++ frame_probe ID: 860 receives a frame at time 82.7979s ++++
++++ frame_probe ID: 1010 receives a frame at time 82.8033s ++++
generated random number isthe 1017th message counter data_frame_filtered has been visited 4 times  
0.215652 and the threshold is 0.2. bad luck and try next time. 
 at 9682.96 s
++++ frame_probe ID: 850 receives a frame at time 82.9823s ++++
INFO: Detected an invalid packet at item 320
INFO: Parser returned #f
Measurement 1/3 complete in 1 second(s).
++++ frame_probe ID: 860 receives a frame at time 83.0228s ++++
++++ frame_probe ID: 1010 receives a frame at time 83.0338s ++++
generated random number is0.982715 and the threshold is 0.2. bad luck and try next time. 
the 1017th message counter data_frame_filtered has been visited 5 times  
 at 9683.15 s
++++ frame_probe ID: 850 receives a frame at time 83.1673s ++++
INFO: Detected an invalid packet at item 384
INFO: Parser returned #f
++++ frame_probe ID: 860 receives a frame at time 83.2078s ++++
++++ frame_probe ID: 1010 receives a frame at time 83.2162s ++++
generated random number isthe 1017th message counter data_frame_filtered has been visited 6 times  0.40259 and the threshold is 
0.2. bad luck and try next time. 
 at 9683.32 s
++++ frame_probe ID: 850 receives a frame at time 83.3424s ++++
INFO: Detected an invalid packet at item 448
INFO: Parser returned #f
++++ frame_probe ID: 860 receives a frame at time 83.383s ++++
++++ frame_probe ID: 1010 receives a frame at time 83.3886s ++++
generated random number is0.958894 and the threshold is 0.2. bad luck and try next time. 
the 1017th message counter data_frame_filtered has been visited 7 times  
 at 9683.51 s
++++ frame_probe ID: 850 receives a frame at time 83.5276s ++++
INFO: Detected an invalid packet at item 512
INFO: Parser returned #f
++++ frame_probe ID: 860 receives a frame at time 83.5681s ++++
++++ frame_probe ID: 1010 receives a frame at time 83.571s ++++
generated random number isthe 1018th message counter data_frame_not_filtered has been visited 2 times  
0.143119 and the threshold is 0.2. good luck. 
 at 9683.7 s
++++ frame_probe ID: 850 receives a frame at time 83.7226s ++++
INFO: Detected an invalid packet at item 576
INFO: Parser returned #f
++++ frame_probe ID: 860 receives a frame at time 83.7631s ++++
++++ frame_probe ID: 1010 receives a frame at time 83.7725s ++++
the 1017th message counter data_frame_filtered has been visited 8generated random number is times  
0.665671 and the threshold is 0.2. bad luck and try next time. 
 at 9683.93 s
++++ frame_probe ID: 850 receives a frame at time 83.9526s ++++
INFO: Detected an invalid packet at item 640
INFO: Parser returned #f
++++ frame_probe ID: 860 receives a frame at time 83.9931s ++++
++++ frame_probe ID: 1010 receives a frame at time 84.003s ++++
generated random number isthe 1018th message counter data_frame_not_filtered has been visited 3 times  
0.111044 and the threshold is 0.2. good luck. 
Measurement 1 raw data directory created /home/inets/0_ba/bachelor_thesis/measurements/debug/data/33/1/.
'/home/inets/source/gr-inets/results/receiver_data_received.txt' -> '/home/inets/0_ba/bachelor_thesis/measurements/debug/data/33/1/receiver_data_received.txt'
'/home/inets/source/gr-inets/results/sender_bfr_dq.txt' -> '/home/inets/0_ba/bachelor_thesis/measurements/debug/data/33/1/sender_bfr_dq.txt'
'/home/inets/source/gr-inets/results/sender_data_sent.txt' -> '/home/inets/0_ba/bachelor_thesis/measurements/debug/data/33/1/sender_data_sent.txt'
Measurement 1 raw data moved to /home/inets/0_ba/bachelor_thesis/measurements/debug/data/33/1/.

Measurement 2/3 complete in 5 second(s).
linux; GNU C++ version 5.4.0 20160609; Boost_105800; UHD_003.009.005-45-g6768a615
linux; GNU C++ version 5.4.0 20160609; Boost_105800; UHD_003.009.005-45-g6768a615


Using Volk machine: avx_64_mmx
-- Opening a USRP2/N-Series device...
Using Volk machine: avx_64_mmx
-- Opening a USRP2/N-Series device...
-- Current recv frame size: 1472 bytes
-- Current recv frame size: 1472 bytes
-- Current send frame size: 1472 bytes
-- Current send frame size: 1472 bytes
Measurement 2/3 complete in 4 second(s).
the 880th message counter is activated.
the 885th message counter is activated.
the 100th message counter is activated.
develop_mode of random_filter ID: 1015 is activated.
the 1017th message counter is activated.
the 1018th message counter is activated.
the 1080th message counter is activated.
the 100th message counter is activated.
Measurement 2/3 complete in 3 second(s).
node starts running at 86.4524
node starts running at 86.4626
++++ frame_probe ID: 850 receives a frame at time 86.4765s ++++
INFO: Detected an invalid packet at item 0
INFO: Parser returned #f
++++ frame_probe ID: 860 receives a frame at time 86.5171s ++++
++++ frame_probe ID: 1010 receives a frame at time 86.5286s ++++
generated random number is0.626218 and the threshold is 0.2. bad luck and try next time. 
the 1017th message counter data_frame_filtered has been visited 1 times  
 at 9686.63 s
++++ frame_probe ID: 850 receives a frame at time 86.6467s ++++
INFO: Detected an invalid packet at item 64
INFO: Parser returned #f
++++ frame_probe ID: 860 receives a frame at time 86.6873s ++++
++++ frame_probe ID: 1010 receives a frame at time 86.692s ++++
generated random number is0.428537 and the threshold is 0.2. bad luck and try next time. 
the 1017th message counter data_frame_filtered has been visited 2 times  
 at 9686.8 s
++++ frame_probe ID: 850 receives a frame at time 86.8168s ++++
INFO: Detected an invalid packet at item 128
INFO: Parser returned #f
++++ frame_probe ID: 860 receives a frame at time 86.8573s ++++
++++ frame_probe ID: 1010 receives a frame at time 86.8643s ++++
generated random number is0.263449 and the threshold is 0.2. bad luck and try next time. 
the 1017th message counter data_frame_filtered has been visited 3 times  
 at 9686.97 s
++++ frame_probe ID: 850 receives a frame at time 86.9875s ++++
INFO: Detected an invalid packet at item 192
INFO: Parser returned #f
Measurement 2/3 complete in 2 second(s).
++++ frame_probe ID: 860 receives a frame at time 87.0281s ++++
++++ frame_probe ID: 1010 receives a frame at time 87.0377s ++++
generated random number isthe 1017th message counter 0.228261data_frame_filtered has been visited  and the threshold is 4 times  
0.2. bad luck and try next time. 
 at 9687.17 s
++++ frame_probe ID: 850 receives a frame at time 87.1924s ++++
INFO: Detected an invalid packet at item 256
INFO: Parser returned #f
++++ frame_probe ID: 860 receives a frame at time 87.2329s ++++
++++ frame_probe ID: 1010 receives a frame at time 87.2392s ++++
generated random number is0.356426 and the threshold is 0.2. bad luck and try next time. 
the 1017th message counter data_frame_filtered has been visited 5 times  
 at 9687.35 s
++++ frame_probe ID: 850 receives a frame at time 87.3724s ++++
INFO: Detected an invalid packet at item 320
INFO: Parser returned #f
++++ frame_probe ID: 860 receives a frame at time 87.413s ++++
++++ frame_probe ID: 1010 receives a frame at time 87.4215s ++++
generated random number isthe 1018th message counter data_frame_not_filtered has been visited 1 times  
0.0147401 and the threshold is 0.2. good luck. 
 at 9687.6 s
++++ frame_probe ID: 850 receives a frame at time 87.6225s ++++
INFO: Detected an invalid packet at item 384
INFO: Parser returned #f
++++ frame_probe ID: 860 receives a frame at time 87.6631s ++++
++++ frame_probe ID: 1010 receives a frame at time 87.6711s ++++
generated random number isthe 1018th message counter data_frame_not_filtered has been visited 2 times  
0.163467 and the threshold is 0.2. good luck. 
 at 9687.78 s
++++ frame_probe ID: 850 receives a frame at time 87.7985s ++++
INFO: Detected an invalid packet at item 448
INFO: Parser returned #f
++++ frame_probe ID: 860 receives a frame at time 87.839s ++++
++++ frame_probe ID: 1010 receives a frame at time 87.8435s ++++
generated random number is0.567958 and the threshold is the 1017th message counter 0.2data_frame_filtered. bad luck and try next time.  has been visited 6 times 
 
 at 9687.97 s
++++ frame_probe ID: 850 receives a frame at time 87.9843s ++++
INFO: Detected an invalid packet at item 512
INFO: Parser returned #f
Measurement 2/3 complete in 1 second(s).
++++ frame_probe ID: 860 receives a frame at time 88.0248s ++++
++++ frame_probe ID: 1010 receives a frame at time 88.0359s ++++
generated random number isthe 1018th message counter data_frame_not_filtered has been visited 3 times  
0.125422 and the threshold is 0.2. good luck. 
 at 9688.14 s
++++ frame_probe ID: 850 receives a frame at time 88.1593s ++++
INFO: Detected an invalid packet at item 576
INFO: Parser returned #f
++++ frame_probe ID: 860 receives a frame at time 88.1998s ++++
++++ frame_probe ID: 1010 receives a frame at time 88.2083s ++++
generated random number is0.719384 and the threshold is 0.2. bad luck and try next time. 
the 1017th message counter data_frame_filtered has been visited 7 times  
 at 9688.33 s
++++ frame_probe ID: 850 receives a frame at time 88.3443s ++++
INFO: Detected an invalid packet at item 640
INFO: Parser returned #f
++++ frame_probe ID: 860 receives a frame at time 88.3848s ++++
++++ frame_probe ID: 1010 receives a frame at time 88.3908s ++++
generated random number is0.799104 and the threshold is 0.2. bad luck and try next time. 
the 1017th message counter data_frame_filtered has been visited 8 times  
 at 9688.57 s
++++ frame_probe ID: 850 receives a frame at time 88.5891s ++++
INFO: Detected an invalid packet at item 704
INFO: Parser returned #f
++++ frame_probe ID: 860 receives a frame at time 88.6296s ++++
++++ frame_probe ID: 1010 receives a frame at time 88.6403s ++++
generated random number is0.676789 and the threshold is 0.2. bad luck and try next time. 
the 1017th message counter data_frame_filtered has been visited 9 times  
 at 9688.99 s
++++ frame_probe ID: 850 receives a frame at time 89.0091s ++++
INFO: Detected an invalid packet at item 768
INFO: Parser returned #f
Measurement 2 raw data directory created /home/inets/0_ba/bachelor_thesis/measurements/debug/data/33/2/.
'/home/inets/source/gr-inets/results/receiver_data_received.txt' -> '/home/inets/0_ba/bachelor_thesis/measurements/debug/data/33/2/receiver_data_received.txt'
'/home/inets/source/gr-inets/results/sender_bfr_dq.txt' -> '/home/inets/0_ba/bachelor_thesis/measurements/debug/data/33/2/sender_bfr_dq.txt'
'/home/inets/source/gr-inets/results/sender_data_sent.txt' -> '/home/inets/0_ba/bachelor_thesis/measurements/debug/data/33/2/sender_data_sent.txt'
Measurement 2 raw data moved to /home/inets/0_ba/bachelor_thesis/measurements/debug/data/33/2/.

Measurement 3/3 complete in 5 second(s).
linux; GNU C++ version 5.4.0 20160609; Boost_105800; UHD_003.009.005-45-g6768a615
linux; GNU C++ version 5.4.0 20160609; Boost_105800; UHD_003.009.005-45-g6768a615


Using Volk machine: avx_64_mmx
-- Opening a USRP2/N-Series device...
Using Volk machine: avx_64_mmx
-- Opening a USRP2/N-Series device...
-- Current recv frame size: 1472 bytes
-- Current send frame size: 1472 bytes
-- Current recv frame size: 1472 bytes
-- Current send frame size: 1472 bytes
Measurement 3/3 complete in 4 second(s).
develop_mode of random_filter ID: 1015 is activated.
the 1017th message counter is activated.
the 1018th message counter is activated.
the 1080th message counter is activated.
the 100th message counter is activated.
the 880th message counter is activated.
the 885th message counter is activated.
the 100th message counter is activated.
Measurement 3/3 complete in 3 second(s).
node starts running at 91.3587
node starts running at 91.371
++++ frame_probe ID: 850 receives a frame at time 91.4206s ++++
INFO: Detected an invalid packet at item 0
INFO: Parser returned #f
++++ frame_probe ID: 860 receives a frame at time 91.4612s ++++
++++ frame_probe ID: 1010 receives a frame at time generated random number is91.4733s ++++
0.783044 and the threshold is the 0.2. bad luck and try next time. 
1017th message counter data_frame_filtered has been visited 1 times  
 at 9691.57 s
++++ frame_probe ID: 850 receives a frame at time 91.5907s ++++
INFO: Detected an invalid packet at item 64
INFO: Parser returned #f
++++ frame_probe ID: 860 receives a frame at time 91.6315s ++++
++++ frame_probe ID: 1010 receives a frame at time 91.6366s ++++
generated random number is0.228807 and the threshold is 0.2. bad luck and try next time. the 
1017th message counter data_frame_filtered has been visited 2 times  
 at 9691.76 s
++++ frame_probe ID: 850 receives a frame at time 91.7762s ++++
INFO: Detected an invalid packet at item 128
INFO: Parser returned #f
++++ frame_probe ID: 860 receives a frame at time 91.8167s ++++
++++ frame_probe ID: 1010 receives a frame at time 91.828s ++++
generated random number isthe 1017th message counter data_frame_filtered has been visited 3 times  
0.409895 and the threshold is 0.2. bad luck and try next time. 
 at 9691.96 s
++++ frame_probe ID: 850 receives a frame at time 91.9811s ++++
INFO: Detected an invalid packet at item 192
INFO: Parser returned #f
++++ frame_probe ID: 860 receives a frame at time 92.0216s ++++
Measurement 3/3 complete in 2 second(s).
++++ frame_probe ID: 1010 receives a frame at time 92.0304s ++++
generated random number isthe 1017th message counter data_frame_filtered has been visited 4 times  
0.761957 and the threshold is 0.2. bad luck and try next time. 
 at 9692.19 s
++++ frame_probe ID: 850 receives a frame at time 92.2111s ++++
INFO: Detected an invalid packet at item 256
INFO: Parser returned #f
++++ frame_probe ID: 860 receives a frame at time 92.2516s ++++
++++ frame_probe ID: 1010 receives a frame at time 92.26s ++++
generated random number isthe 1018th message counter data_frame_not_filtered has been visited 1 times  
0.0628266 and the threshold is 0.2. good luck. 
 at 9692.43 s
++++ frame_probe ID: 850 receives a frame at time 92.4463s ++++
INFO: Detected an invalid packet at item 320
INFO: Parser returned #f
++++ frame_probe ID: 860 receives a frame at time 92.4868s ++++
++++ frame_probe ID: 1010 receives a frame at time 92.4905s ++++
generated random number is0.680022 and the threshold is 0.2. bad luck and try next time. 
the 1017th message counter data_frame_filtered has been visited 5 times  
 at 9692.77 s
++++ frame_probe ID: 850 receives a frame at time 92.7863s ++++
INFO: Detected an invalid packet at item 384
INFO: Parser returned #f
++++ frame_probe ID: 860 receives a frame at time 92.8269s ++++
++++ frame_probe ID: 1010 receives a frame at time 92.8362s ++++
generated random number is0.739406 and the threshold is 0.2. bad luck and try next time. 
the 1017th message counter data_frame_filtered has been visited 6 times  
 at 9692.94 s
++++ frame_probe ID: 850 receives a frame at time 92.9567s ++++
INFO: Detected an invalid packet at item 448
INFO: Parser returned #f
++++ frame_probe ID: 860 receives a frame at time 92.9972s ++++
++++ frame_probe ID: 1010 receives a frame at time 92.9996s ++++
generated random number isthe 1017th message counter data_frame_filtered has been visited 7 times  
0.368798 and the threshold is 0.2. bad luck and try next time. 
Measurement 3/3 complete in 1 second(s).
 at 9693.12 s
++++ frame_probe ID: 850 receives a frame at time 93.1369s ++++
INFO: Detected an invalid packet at item 512
INFO: Parser returned #f
++++ frame_probe ID: 860 receives a frame at time 93.1774s ++++
++++ frame_probe ID: 1010 receives a frame at time 93.182s ++++
generated random number is0.628121 and the threshold is the 0.21017. bad luck and try next time. th message counter data_frame_filtered
 has been visited 8 times  
 at 9693.3 s
++++ frame_probe ID: 850 receives a frame at time 93.317s ++++
INFO: Detected an invalid packet at item 576
INFO: Parser returned #f
++++ frame_probe ID: 860 receives a frame at time 93.3575s ++++
++++ frame_probe ID: 1010 receives a frame at time 93.3644s ++++
generated random number isthe 1018th message counter data_frame_not_filtered has been visited 2 times  
0.0544025 and the threshold is 0.2. good luck. 
 at 9693.5 s
++++ frame_probe ID: 850 receives a frame at time 93.5218s ++++
INFO: Detected an invalid packet at item 640
INFO: Parser returned #f
++++ frame_probe ID: 860 receives a frame at time 93.5623s ++++
++++ frame_probe ID: 1010 receives a frame at time 93.5659s ++++
generated random number is0.356859 and the threshold is 0.2. bad luck and try next time. 
the 1017th message counter data_frame_filtered has been visited 9 times  
 at 9693.77 s
++++ frame_probe ID: 850 receives a frame at time 93.7918s ++++
INFO: Detected an invalid packet at item 704
INFO: Parser returned #f
++++ frame_probe ID: 860 receives a frame at time 93.8323s ++++
++++ frame_probe ID: 1010 receives a frame at time 93.8345s ++++
generated random number is0.366396 and the threshold is 0.2. bad luck and try next time. 
the 1017th message counter data_frame_filtered has been visited 10 times  
Measurement 3 raw data directory created /home/inets/0_ba/bachelor_thesis/measurements/debug/data/33/3/.
'/home/inets/source/gr-inets/results/receiver_data_received.txt' -> '/home/inets/0_ba/bachelor_thesis/measurements/debug/data/33/3/receiver_data_received.txt'
'/home/inets/source/gr-inets/results/sender_bfr_dq.txt' -> '/home/inets/0_ba/bachelor_thesis/measurements/debug/data/33/3/sender_bfr_dq.txt'
'/home/inets/source/gr-inets/results/sender_data_sent.txt' -> '/home/inets/0_ba/bachelor_thesis/measurements/debug/data/33/3/sender_data_sent.txt'
Measurement 3 raw data moved to /home/inets/0_ba/bachelor_thesis/measurements/debug/data/33/3/.

Now processing results...
Plotting Python should be: python3 (UBUNTU).
Hello from retransmissions.py!
Hello from variables.py!
File /home/inets/0_ba/bachelor_thesis/measurements/debug/data/33/1/sender_retransmissions.txt not found. Assuming not reached in GR.
File /home/inets/0_ba/bachelor_thesis/measurements/debug/data/33/1/sender_max_retransmissions.txt not found. Assuming not reached in GR.
File /home/inets/0_ba/bachelor_thesis/measurements/debug/data/33/1/invalid_file.txt not found. Assuming not reached in GR.
File /home/inets/0_ba/bachelor_thesis/measurements/debug/data/33/1/invalid_file_2.txt not found. Assuming not reached in GR.
File /home/inets/0_ba/bachelor_thesis/measurements/debug/data/33/2/sender_retransmissions.txt not found. Assuming not reached in GR.
File /home/inets/0_ba/bachelor_thesis/measurements/debug/data/33/2/sender_max_retransmissions.txt not found. Assuming not reached in GR.
File /home/inets/0_ba/bachelor_thesis/measurements/debug/data/33/2/invalid_file.txt not found. Assuming not reached in GR.
File /home/inets/0_ba/bachelor_thesis/measurements/debug/data/33/2/invalid_file_2.txt not found. Assuming not reached in GR.
File /home/inets/0_ba/bachelor_thesis/measurements/debug/data/33/3/sender_retransmissions.txt not found. Assuming not reached in GR.
File /home/inets/0_ba/bachelor_thesis/measurements/debug/data/33/3/sender_max_retransmissions.txt not found. Assuming not reached in GR.
File /home/inets/0_ba/bachelor_thesis/measurements/debug/data/33/3/invalid_file.txt not found. Assuming not reached in GR.
File /home/inets/0_ba/bachelor_thesis/measurements/debug/data/33/3/invalid_file_2.txt not found. Assuming not reached in GR.
0.0
0.0
0.0
Hello from myplot.py!
I will print a pdf for you now!
0.0
0.0
0.0
Hello from myplot.py!
I will print a pdf for you now!
0.0
0.0
0.0
Hello from myplot.py!
I will print a pdf for you now!
0.0
0.0
0.0
Hello from myplot.py!
I will print a pdf for you now!
0.0
0.0
0.0
Hello from myplot.py!
I will print a cdf for you now!
<a list of 1 Patch objects>
0.0
0.0
0.0
Hello from myplot.py!
I will print a cdf for you now!
<a list of 1 Patch objects>
0.0
0.0
0.0
Hello from myplot.py!
I will print a cdf for you now!
<a list of 1 Patch objects>
0.0
0.0
0.0
Hello from myplot.py!
I will print a cdf for you now!
<a list of 1 Patch objects>
0.0
0.0
0.0
Hello from myplot.py!
I will print a boxplot for you now!
0.0
0.0
0.0
Hello from myplot.py!
I will print a boxplot for you now!
0.0
0.0
0.0
Hello from myplot.py!
I will print a boxplot for you now!
0.0
0.0
0.0
Hello from myplot.py!
I will print a boxplot for you now!
0.0
0.0
0.0
Hello from myplot.py!
I will print a bar for you now!
0.0
0.0
0.0
Hello from myplot.py!
I will print a bar for you now!
0.0
0.0
0.0
Hello from myplot.py!
I will print a bar for you now!
0.0
0.0
0.0
Hello from myplot.py!
I will print a bar for you now!

+--------------------------------------------------------------+
| Plotting completed. Until the next measurement session then! |
+--------------------------------------------------------------+
