Measurement 1/2 complete in 4 second(s).
linux; GNU C++ version 5.4.0 20160609; Boost_105800; UHD_003.009.005-45-g6768a615

linux; GNU C++ version 5.4.0 20160609; Boost_105800; UHD_003.009.005-45-g6768a615

Using Volk machine: avx_64_mmx
-- Opening a USRP2/N-Series device...
Using Volk machine: avx_64_mmx
-- Opening a USRP2/N-Series device...
-- Current recv frame size: 1472 bytes
-- Current send frame size: 1472 bytes
-- Current recv frame size: 1472 bytes
-- Current send frame size: 1472 bytes
Measurement 1/2 complete in 3 second(s).
develop mode of resend_check ID: 24 is activated.
the 880th message counter is activated.
the 100th message counter is activated.
the 100th message counter is activated.
Measurement 1/2 complete in 2 second(s).
node starts running at 10.9444
node starts running at 10.9506
++++ frame_probe ID: 850 receives a frame at time 10.9875s ++++
++++ frame_probe ID: 860 receives a frame at time 11.0286s ++++
INFO: Detected an invalid packet at item 0
INFO: Parser returned #f
INFO: Detected an invalid packet at item 32
INFO: Parser returned #f
++++ frame_probe ID: 1010 receives a frame at time 11.036s ++++
+++++++++ frame_probe ID: 882 +++++++++Input mac frame has length: 15

+++++++++ frame_probe ID: 883 +++++++++ ---- ack frame detected ---- frame index is:            0;    destination address is:    3;    source address is:         1;    number of transmission is: 1;    reserved field I is:       318;    reserved field II is:      524;    payload length is:           0;    header length is:          11;    address check is:          0;    good frame is:             0;    analysis time is:             1.5003e+09;    frame info contains a frame with length 15 bytes: 
++++ frame_probe ID: 890 receives a frame at time 11.063counter ID s ++++880
 results at time 9811.06 is 0
the 100th message counter  has been visited 1 times  
++++ frame_probe ID: 850 receives a frame at time 11.1443s ++++
++++ frame_probe ID: 860 receives a frame at time 11.1851s ++++
++++ frame_probe ID: 1010 receives a frame at time 11.1892s ++++
INFO: Detected an invalid packet at item 96
INFO: Parser returned #f
+++++++++ frame_probe ID: 882 +++++++++Input mac frame has length: 15

+++++++++ frame_probe ID: 883 +++++++++ ---- ack frame detected ---- frame index is:            1;    destination address is:    3;    source address is:         1;    number of transmission is: 1;    reserved field I is:       318;    reserved field II is:      524;    payload length is:           0;    header length is:          11;    address check is:          0;    good frame is:             0;    analysis time is:             1.5003e+09;    frame info contains a frame with length 15 bytes: 
counter ID 880 results at time 9811.22 is 0
++++ frame_probe ID: 890 receives a frame at time 11.2155s ++++
the 100th message counter  has been visited 2 times  
++++ frame_probe ID: 850 receives a frame at time 11.292s ++++
++++ frame_probe ID: 860 receives a frame at time 11.3329s ++++
INFO: Detected an invalid packet at item 160
INFO: Parser returned #f
a data frame with index 2 from node: 3 has been transmitted 1th time
++++ frame_probe ID: 850 receives a frame at time 11.4628s ++++
++++ frame_probe ID: 860 receives a frame at time 11.5036s ++++
Measurement 1/2 complete in 1 second(s).
a data frame with index 2 from node: 3 has been transmitted 2th time
++++ frame_probe ID: 850 receives a frame at time 11.6435s ++++
++++ frame_probe ID: 860 receives a frame at time 11.6844s ++++
INFO: Detected an invalid packet at item 192
INFO: Parser returned #f
a data frame with index 2 from node: 3 has been transmitted 3th time
++++ frame_probe ID: 850 receives a frame at time 11.8192s ++++
++++ frame_probe ID: 860 receives a frame at time 11.8601s ++++
++++ frame_probe ID: 1010 receives a frame at time 11.8717s ++++
INFO: Detected an invalid packet at item 224
INFO: Parser returned #f
+++++++++ frame_probe ID: 882 +++++++++Input mac frame has length: 15

+++++++++ frame_probe ID: 883 +++++++++ ---- ack frame detected ---- frame index is:            2;    destination address is:    3;    source address is:         1;    number of transmission is: 1;    reserved field I is:       318;    reserved field II is:      524;    payload length is:           0;    header length is:          11;    address check is:          0;    good frame is:             0;    analysis time is:             1.5003e+09;    frame info contains a frame with length 15 bytes: 
counter ID 880 results at time ++++ frame_probe ID: 890 receives a frame at time 9811.9 is 3
11.8977s ++++
the 100th message counter  has been visited 3 times  
++++ frame_probe ID: 850 receives a frame at time 11.9812s ++++
++++ frame_probe ID: 1010 receives a frame at time 12.0251s ++++
++++ frame_probe ID: 860 receives a frame at time 12.0271s ++++
+++++++++ frame_probe ID: 882 +++++++++Input mac frame has length: 15

+++++++++ frame_probe ID: 883 +++++++++ ---- ack frame detected ---- frame index is:            3;    destination address is:    3;    source address is:         1;    number of transmission is: 1;    reserved field I is:       318;    reserved field II is:      524;    payload length is:           0;    header length is:          11;    address check is:          0;    good frame is:             0;    analysis time is:             1.5003e+09;    frame info contains a frame with length 15 bytes: 
++++ frame_probe ID: 890 receives a frame at time counter ID 880 results at time 12.051s ++++
9812.05 is 0
the 100th message counter  has been visited 4 times  
++++ frame_probe ID: 850 receives a frame at time 12.1565s ++++
++++ frame_probe ID: 860 receives a frame at time 12.1974s ++++
INFO: Detected an invalid packet at item 320
INFO: Parser returned #f
++++ frame_probe ID: 1010 receives a frame at time 12.2075s ++++
INFO: Detected an invalid packet at item 352
INFO: Parser returned #f
+++++++++ frame_probe ID: 882 +++++++++Input mac frame has length: 15

+++++++++ frame_probe ID: 883 +++++++++ ---- ack frame detected ---- frame index is:            4;    destination address is:    3;    source address is:         1;    number of transmission is: 1;    reserved field I is:       318;    reserved field II is:      524;    payload length is:           0;    header length is:          11;    address check is:          0;    good frame is:             0;    analysis time is:             1.5003e+09;    frame info contains a frame with length 15 bytes: 
counter ID 880 results at time 9812.23 is 0
++++ frame_probe ID: 890 receives a frame at time 12.2334s ++++
the 100th message counter  has been visited 5 times  
++++ frame_probe ID: 850 receives a frame at time 12.3149s ++++
++++ frame_probe ID: 860 receives a frame at time 12.363s ++++
++++ frame_probe ID: 1010 receives a frame at time 12.3707s ++++
+++++++++ frame_probe ID: 882 +++++++++Input mac frame has length: 15

+++++++++ frame_probe ID: 883 +++++++++ ---- ack frame detected ---- frame index is:            5;    destination address is:    3;    source address is:         1;    number of transmission is: 1;    reserved field I is:       318;    reserved field II is:      524;    payload length is:           0;    header length is:          11;    address check is:          0;    good frame is:             0;    analysis time is:             1.5003e+09;    frame info contains a frame with length 15 bytes: 
counter ID 880 results at time 9812.4++++ frame_probe ID:  is 0890
 receives a frame at time 12.3971s ++++
the 100th message counter  has been visited 6 times  
++++ frame_probe ID: 850 receives a frame at time 12.4812s ++++
++++ frame_probe ID: 860 receives a frame at time 12.5223s ++++
INFO: Detected an invalid packet at item 448
INFO: Parser returned #f
INFO: Detected an invalid packet at item 480
INFO: Parser returned #f
Measurement 1 raw data directory created /home/inets/0_ba/bachelor_thesis/measurements/debug/data/111/1/.
'/home/inets/source/gr-inets/results/receiver_data_received.txt' -> '/home/inets/0_ba/bachelor_thesis/measurements/debug/data/111/1/receiver_data_received.txt'
'/home/inets/source/gr-inets/results/sender_ack_received.txt' -> '/home/inets/0_ba/bachelor_thesis/measurements/debug/data/111/1/sender_ack_received.txt'
'/home/inets/source/gr-inets/results/sender_bfr_dq.txt' -> '/home/inets/0_ba/bachelor_thesis/measurements/debug/data/111/1/sender_bfr_dq.txt'
'/home/inets/source/gr-inets/results/sender_data_sent.txt' -> '/home/inets/0_ba/bachelor_thesis/measurements/debug/data/111/1/sender_data_sent.txt'
'/home/inets/source/gr-inets/results/sender_retransmissions.txt' -> '/home/inets/0_ba/bachelor_thesis/measurements/debug/data/111/1/sender_retransmissions.txt'
Measurement 1 raw data moved to /home/inets/0_ba/bachelor_thesis/measurements/debug/data/111/1/.

Measurement 2/2 complete in 4 second(s).
linux; GNU C++ version 5.4.0 20160609; Boost_105800; UHD_003.009.005-45-g6768a615
linux; GNU C++ version 5.4.0 20160609; Boost_105800; UHD_003.009.005-45-g6768a615


Using Volk machine: avx_64_mmx
-- Opening a USRP2/N-Series device...
Using Volk machine: avx_64_mmx
-- Opening a USRP2/N-Series device...
-- Current recv frame size: 1472 bytes
-- Current send frame size: 1472 bytes
-- Current recv frame size: 1472 bytes
-- Current send frame size: 1472 bytes
Measurement 2/2 complete in 3 second(s).
develop mode of resend_check ID: 24 is activated.
the 100th message counter is activated.
the 880th message counter is activated.
the 100th message counter is activated.
Measurement 2/2 complete in 2 second(s).
node starts running at 14.9254
node starts running at 14.9275
++++ frame_probe ID: 850 receives a frame at time 15.0991s ++++
++++ frame_probe ID: 860 receives a frame at time 15.14s ++++
a data frame with index 0 from node: 3 has been transmitted 1th time
++++ frame_probe ID: 850 receives a frame at time 15.2753s ++++
++++ frame_probe ID: 860 receives a frame at time 15.3162s ++++
INFO: Detected an invalid packet at item 0
INFO: Parser returned #f
INFO: Detected an invalid packet at item 32
INFO: Parser returned #f
++++ frame_probe ID: 1010 receives a frame at time 15.3223s ++++
INFO: Detected an invalid packet at item 64
INFO: Parser returned #f
+++++++++ frame_probe ID: +++++++++ frame_probe ID: 882 +++++++++883 +++++++++Input mac frame has length: 15
 ---- ack frame detected ---- 
frame index is:            0;    destination address is:    3;    source address is:         1;    number of transmission is: 1;    reserved field I is:       318;    reserved field II is:      524;    payload length is:           0;    header length is:          11;    address check is:          0;    good frame is:             0;    analysis time is:             1.5003e+09;    frame info contains a frame with length 15 bytes: 
counter ID 880 results at time 9815.35 is 1++++ frame_probe ID: 
890 receives a frame at time 15.3487s ++++
the 100th message counter  has been visited 1 times  
++++ frame_probe ID: 850 receives a frame at time 15.4652s ++++
INFO: Detected an invalid packet at item 96
INFO: Parser returned #f
++++ frame_probe ID: 860 receives a frame at time 15.5062s ++++
INFO: Detected an invalid packet at item 128
INFO: Parser returned #f
Measurement 2/2 complete in 1 second(s).
a data frame with index 1 from node: 3 has been transmitted 1th time
++++ frame_probe ID: 850 receives a frame at time 15.6359s ++++
++++ frame_probe ID: 860 receives a frame at time 15.6767s ++++
++++ frame_probe ID: 1010 receives a frame at time 15.6873s ++++
INFO: Detected an invalid packet at item 160
INFO: Parser returned #f
+++++++++ frame_probe ID: 882 +++++++++Input mac frame has length: 15

+++++++++ frame_probe ID: 883 +++++++++ ---- ack frame detected ---- frame index is:            1;    destination address is:    3;    source address is:         1;    number of transmission is: 1;    reserved field I is:       318;    reserved field II is:      524;    payload length is:           0;    header length is:          11;    address check is:          0;    good frame is:             0;    analysis time is:             1.5003e+09;    frame info contains a frame with length 15 bytes: 
counter ID 880 results at time ++++ frame_probe ID: 9815.71 is 8901 receives a frame at time 
15.7135s ++++
the 100th message counter  has been visited 2 times  
++++ frame_probe ID: 850 receives a frame at time 15.7918s ++++
++++ frame_probe ID: 860 receives a frame at time 15.8327s ++++
INFO: Detected an invalid packet at item 224
INFO: Parser returned #f
++++ frame_probe ID: 1010 receives a frame at time 15.8404s ++++
INFO: Detected an invalid packet at item 256
INFO: Parser returned #f
+++++++++ frame_probe ID: 882 +++++++++Input mac frame has length: 15

+++++++++ frame_probe ID: 883 +++++++++ ---- ack frame detected ---- frame index is:            2;    destination address is:    3;    source address is:         1;    number of transmission is: 1;    reserved field I is:       318;    reserved field II is:      524;    payload length is:           0;    header length is:          11;    address check is:          0;    good frame is:             0;    analysis time is:             1.5003e+09;    frame info contains a frame with length 15 bytes: 
counter ID 880 results at time ++++ frame_probe ID: 890 receives a frame at time 9815.87 is 0
15.8671s ++++
the 100th message counter  has been visited 3 times  
++++ frame_probe ID: 850 receives a frame at time 15.9745s ++++
++++ frame_probe ID: 860 receives a frame at time 16.0153s ++++
INFO: Detected an invalid packet at item 320
INFO: Parser returned #f
a data frame with index 3 from node: 3 has been transmitted 1th time
++++ frame_probe ID: 850 receives a frame at time 16.1499s ++++
++++ frame_probe ID: 860 receives a frame at time 16.1907s ++++
a data frame with index 3 from node: 3 has been transmitted 2th time
++++ frame_probe ID: 850 receives a frame at time 16.3361s ++++
++++ frame_probe ID: 860 receives a frame at time 16.3773s ++++
a data frame with index 3 from node: 3 has been transmitted 3th time
++++ frame_probe ID: 850 receives a frame at time 16.5269s ++++
++++ frame_probe ID: 860 receives a frame at time 16.5678s ++++
Measurement 2 raw data directory created /home/inets/0_ba/bachelor_thesis/measurements/debug/data/111/2/.
'/home/inets/source/gr-inets/results/receiver_data_received.txt' -> '/home/inets/0_ba/bachelor_thesis/measurements/debug/data/111/2/receiver_data_received.txt'
'/home/inets/source/gr-inets/results/sender_ack_received.txt' -> '/home/inets/0_ba/bachelor_thesis/measurements/debug/data/111/2/sender_ack_received.txt'
'/home/inets/source/gr-inets/results/sender_bfr_dq.txt' -> '/home/inets/0_ba/bachelor_thesis/measurements/debug/data/111/2/sender_bfr_dq.txt'
'/home/inets/source/gr-inets/results/sender_data_sent.txt' -> '/home/inets/0_ba/bachelor_thesis/measurements/debug/data/111/2/sender_data_sent.txt'
'/home/inets/source/gr-inets/results/sender_retransmissions.txt' -> '/home/inets/0_ba/bachelor_thesis/measurements/debug/data/111/2/sender_retransmissions.txt'
Measurement 2 raw data moved to /home/inets/0_ba/bachelor_thesis/measurements/debug/data/111/2/.

Now processing results...
Plotting Python should be: python3 (UBUNTU).
Hello from rtt.py!
Hello from variables.py!
data_sent: 1500299810.987473
data_sent: 1500299811.144258
data_sent: 1500299811.292045
data_sent: 1500299811.462836
data_sent: 1500299811.643534
data_sent: 1500299811.819183
data_sent: 1500299811.981154
data_sent: 1500299812.156461
data_sent: 1500299812.314900
data_sent: 1500299812.481164
ack_received: 1500299811.062951
ack_received: 1500299811.215541
ack_received: 1500299811.897732
ack_received: 1500299812.051033
ack_received: 1500299812.233435
ack_received: 1500299812.397135
retx: [0, 0, 3, 0, 0, 0]

The resulting RTTs of this single measurement are:
[0.07548, 0.07128, 0.06988, 0.07697, 0.08224]



The resulting mean RTT of this single measurement is:
0.07516999999999999


