Measurement 1/3 complete in 5 second(s).
linux; GNU C++ version 5.4.0 20160609; Boost_105800; UHD_003.009.005-45-g6768a615
linux; GNU C++ version 5.4.0 20160609; Boost_105800; UHD_003.009.005-45-g6768a615


Using Volk machine: avx_64_mmx
-- Opening a USRP2/N-Series device...
Using Volk machine: avx_64_mmx
-- Opening a USRP2/N-Series device...
-- Current recv frame size: 1472 bytes
-- Current recv frame size: 1472 bytes
-- Current send frame size: 1472 bytes
-- Current send frame size: 1472 bytes
Measurement 1/3 complete in 4 second(s).
the 100th message counter is activated.
the 100th message counter is activated.
Measurement 1/3 complete in 3 second(s).
node starts running at 44.3683
node starts running at 44.3717
++++ frame_probe ID: 850 receives a frame at time 44.6149s ++++
INFO: Detected an invalid packet at item 0
INFO: Parser returned #f
++++ frame_probe ID: 860 receives a frame at time 44.6558s ++++
++++ frame_probe ID: 1010 receives a frame at time 44.665s ++++
++++ frame_probe ID: 890 receives a frame at time 44.691s ++++
the 100th message counter  has been visited 1 times  
++++ frame_probe ID: 850 receives a frame at time 44.7876s ++++
INFO: Detected an invalid packet at item 96
INFO: Parser returned #f
++++ frame_probe ID: 860 receives a frame at time 44.8282s ++++
++++ frame_probe ID: 1010 receives a frame at time 44.8373s ++++
++++ frame_probe ID: 890 receives a frame at time 44.8633s ++++
the 100th message counter  has been visited 2 times  
Measurement 1/3 complete in 2 second(s).
++++ frame_probe ID: 850 receives a frame at time 44.9507s ++++
INFO: Detected an invalid packet at item 192
INFO: Parser returned #f
++++ frame_probe ID: 860 receives a frame at time 44.9914s ++++
++++ frame_probe ID: 1010 receives a frame at time 45.0006s ++++
++++ frame_probe ID: 890 receives a frame at time 45.0267s ++++
the 100th message counter  has been visited 3 times  
++++ frame_probe ID: 850 receives a frame at time 45.1181s ++++
INFO: Detected an invalid packet at item 288
INFO: Parser returned #f
++++ frame_probe ID: 860 receives a frame at time 45.1588s ++++
++++ frame_probe ID: 1010 receives a frame at time 45.164s ++++
++++ frame_probe ID: 890 receives a frame at time 45.19s ++++
the 100th message counter  has been visited 4 times  
++++ frame_probe ID: 850 receives a frame at time 45.2705s ++++
INFO: Detected an invalid packet at item 384
INFO: Parser returned #f
++++ frame_probe ID: 860 receives a frame at time 45.3111s ++++
++++ frame_probe ID: 1010 receives a frame at time 45.3174s ++++
++++ frame_probe ID: 890 receives a frame at time 45.3434s ++++
the 100th message counter  has been visited 5 times  
++++ frame_probe ID: 850 receives a frame at time 45.4478s ++++
INFO: Detected an invalid packet at item 480
INFO: Parser returned #f
++++ frame_probe ID: 860 receives a frame at time 45.4886s ++++
++++ frame_probe ID: 1010 receives a frame at time 45.4998s ++++
++++ frame_probe ID: 890 receives a frame at time 45.5258s ++++
the 100th message counter  has been visited 6 times  
++++ frame_probe ID: 850 receives a frame at time 45.6413s ++++
INFO: Detected an invalid packet at item 576
INFO: Parser returned #f
++++ frame_probe ID: 860 receives a frame at time 45.682s ++++
++++ frame_probe ID: 1010 receives a frame at time 45.6913s ++++
++++ frame_probe ID: 890 receives a frame at time 45.7173s ++++
the 100th message counter  has been visited 7 times  
++++ frame_probe ID: 850 receives a frame at time 45.7957s ++++
INFO: Detected an invalid packet at item 672
INFO: Parser returned #f
++++ frame_probe ID: 860 receives a frame at time 45.8363s ++++
++++ frame_probe ID: 1010 receives a frame at time 45.8455s ++++
++++ frame_probe ID: 890 receives a frame at time 45.8707s ++++
Measurement 1/3 complete in 1 second(s).
the 100th message counter  has been visited 8 times  
++++ frame_probe ID: 850 receives a frame at time 45.9861s ++++
INFO: Detected an invalid packet at item 768
INFO: Parser returned #f
++++ frame_probe ID: 860 receives a frame at time 46.0269s ++++
++++ frame_probe ID: 1010 receives a frame at time 46.037s ++++
++++ frame_probe ID: 890 receives a frame at time 46.0631s ++++
the 100th message counter  has been visited 9 times  
++++ frame_probe ID: 850 receives a frame at time 46.1604s ++++
INFO: Detected an invalid packet at item 864
INFO: Parser returned #f
++++ frame_probe ID: 860 receives a frame at time 46.2012s ++++
++++ frame_probe ID: 1010 receives a frame at time 46.2104s ++++
++++ frame_probe ID: 890 receives a frame at time 46.2355s ++++
the 100th message counter  has been visited 10 times  
++++ frame_probe ID: 850 receives a frame at time 46.323s ++++
INFO: Detected an invalid packet at item 960
INFO: Parser returned #f
++++ frame_probe ID: 860 receives a frame at time 46.3636s ++++
++++ frame_probe ID: 1010 receives a frame at time 46.3728s ++++
++++ frame_probe ID: 890 receives a frame at time 46.3989s ++++
the 100th message counter  has been visited 11 times  
++++ frame_probe ID: 850 receives a frame at time 46.4943s ++++
INFO: Detected an invalid packet at item 1056
INFO: Parser returned #f
++++ frame_probe ID: 860 receives a frame at time 46.535s ++++
++++ frame_probe ID: 1010 receives a frame at time 46.5461s ++++
++++ frame_probe ID: 890 receives a frame at time 46.5713s ++++
the 100th message counter  has been visited 12 times  
++++ frame_probe ID: 850 receives a frame at time 46.6778s ++++
INFO: Detected an invalid packet at item 1152
INFO: Parser returned #f
++++ frame_probe ID: 860 receives a frame at time 46.7186s ++++
++++ frame_probe ID: 1010 receives a frame at time 46.7285s ++++
++++ frame_probe ID: 890 receives a frame at time 46.7537s ++++
the 100th message counter  has been visited 13 times  
++++ frame_probe ID: 850 receives a frame at time 46.8472s ++++
INFO: Detected an invalid packet at item 1248
INFO: Parser returned #f
++++ frame_probe ID: 860 receives a frame at time 46.8881s ++++
++++ frame_probe ID: 1010 receives a frame at time 46.8919s ++++
++++ frame_probe ID: 890 receives a frame at time 46.917s ++++
Measurement 1 raw data directory created /home/inets/0_ba/bachelor_thesis/measurements/debug/data/29/1/.
'/home/inets/source/gr-inets/results/receiver_data_received.txt' -> '/home/inets/0_ba/bachelor_thesis/measurements/debug/data/29/1/receiver_data_received.txt'
'/home/inets/source/gr-inets/results/sender_ack_received.txt' -> '/home/inets/0_ba/bachelor_thesis/measurements/debug/data/29/1/sender_ack_received.txt'
'/home/inets/source/gr-inets/results/sender_bfr_dq.txt' -> '/home/inets/0_ba/bachelor_thesis/measurements/debug/data/29/1/sender_bfr_dq.txt'
'/home/inets/source/gr-inets/results/sender_data_sent.txt' -> '/home/inets/0_ba/bachelor_thesis/measurements/debug/data/29/1/sender_data_sent.txt'
Measurement 1 raw data moved to /home/inets/0_ba/bachelor_thesis/measurements/debug/data/29/1/.

Measurement 2/3 complete in 5 second(s).
linux; GNU C++ version 5.4.0 20160609; Boost_105800; UHD_003.009.005-45-g6768a615
linux; GNU C++ version 5.4.0 20160609; Boost_105800; UHD_003.009.005-45-g6768a615


Using Volk machine: avx_64_mmx
-- Opening a USRP2/N-Series device...
Using Volk machine: avx_64_mmx
-- Opening a USRP2/N-Series device...
-- Current recv frame size: 1472 bytes
-- Current send frame size: 1472 bytes
-- Current recv frame size: 1472 bytes
-- Current send frame size: 1472 bytes
Measurement 2/3 complete in 4 second(s).
the 100th message counter is activated.
the 100th message counter is activated.
Measurement 2/3 complete in 3 second(s).
node starts running at 49.3837
node starts running at 49.3991
++++ frame_probe ID: 850 receives a frame at time 49.4969s ++++
INFO: Detected an invalid packet at item 0
INFO: Parser returned #f
++++ frame_probe ID: 860 receives a frame at time 49.5377s ++++
++++ frame_probe ID: 1010 receives a frame at time 49.548s ++++
++++ frame_probe ID: 890 receives a frame at time 49.5679s ++++
the 100th message counter  has been visited 1 times  
++++ frame_probe ID: 850 receives a frame at time 49.6403s ++++
INFO: Detected an invalid packet at item 96
INFO: Parser returned #f
++++ frame_probe ID: 860 receives a frame at time 49.6811s ++++
++++ frame_probe ID: 1010 receives a frame at time 49.6923s ++++
++++ frame_probe ID: 890 receives a frame at time 49.7122s ++++
the 100th message counter  has been visited 2 times  
++++ frame_probe ID: 850 receives a frame at time 49.8256s ++++
INFO: Detected an invalid packet at item 192
INFO: Parser returned #f
++++ frame_probe ID: 860 receives a frame at time 49.8666s ++++
++++ frame_probe ID: 1010 receives a frame at time 49.8748s ++++
++++ frame_probe ID: 890 receives a frame at time 49.8946s ++++
Measurement 2/3 complete in 2 second(s).
the 100th message counter  has been visited 3 times  
++++ frame_probe ID: 850 receives a frame at time 49.983s ++++
INFO: Detected an invalid packet at item 288
INFO: Parser returned #f
++++ frame_probe ID: 860 receives a frame at time 50.0237s ++++
++++ frame_probe ID: 1010 receives a frame at time 50.0281s ++++
++++ frame_probe ID: 890 receives a frame at time 50.0479s ++++
the 100th message counter  has been visited 4 times  
++++ frame_probe ID: 850 receives a frame at time 50.1183s ++++
INFO: Detected an invalid packet at item 384
INFO: Parser returned #f
++++ frame_probe ID: 860 receives a frame at time 50.159s ++++
++++ frame_probe ID: 1010 receives a frame at time 50.1623s ++++
++++ frame_probe ID: 890 receives a frame at time 50.1823s ++++
the 100th message counter  has been visited 5 times  
++++ frame_probe ID: 850 receives a frame at time 50.2846s ++++
INFO: Detected an invalid packet at item 480
INFO: Parser returned #f
++++ frame_probe ID: 860 receives a frame at time 50.3253s ++++
++++ frame_probe ID: 1010 receives a frame at time 50.3357s ++++
++++ frame_probe ID: 890 receives a frame at time 50.3548s ++++
the 100th message counter  has been visited 6 times  
++++ frame_probe ID: 850 receives a frame at time 50.4662s ++++
INFO: Detected an invalid packet at item 576
INFO: Parser returned #f
++++ frame_probe ID: 860 receives a frame at time 50.5071s ++++
++++ frame_probe ID: 1010 receives a frame at time 50.5181s ++++
++++ frame_probe ID: 890 receives a frame at time 50.5372s ++++
the 100th message counter  has been visited 7 times  
++++ frame_probe ID: 850 receives a frame at time 50.6517s ++++
INFO: Detected an invalid packet at item 672
INFO: Parser returned #f
++++ frame_probe ID: 860 receives a frame at time 50.6924s ++++
++++ frame_probe ID: 1010 receives a frame at time 50.7005s ++++
++++ frame_probe ID: 890 receives a frame at time 50.7196s ++++
the 100th message counter  has been visited 8 times  
++++ frame_probe ID: 850 receives a frame at time 50.7961s ++++
INFO: Detected an invalid packet at item 768
INFO: Parser returned #f
++++ frame_probe ID: 860 receives a frame at time 50.8368s ++++
++++ frame_probe ID: 1010 receives a frame at time 50.8439s ++++
++++ frame_probe ID: 890 receives a frame at time 50.8641s ++++
the 100th message counter  has been visited 9 times  
++++ frame_probe ID: 850 receives a frame at time 50.9535s ++++
Measurement 2/3 complete in 1 second(s).
INFO: Detected an invalid packet at item 864
INFO: Parser returned #f
++++ frame_probe ID: 860 receives a frame at time 50.9944s ++++
++++ frame_probe ID: 1010 receives a frame at time 50.9981s ++++
++++ frame_probe ID: 890 receives a frame at time 51.0174s ++++
the 100th message counter  has been visited 10 times  
++++ frame_probe ID: 850 receives a frame at time 51.0888s ++++
INFO: Detected an invalid packet at item 960
INFO: Parser returned #f
++++ frame_probe ID: 860 receives a frame at time 51.1295s ++++
++++ frame_probe ID: 1010 receives a frame at time 51.1325s ++++
++++ frame_probe ID: 890 receives a frame at time 51.1516s ++++
the 100th message counter  has been visited 11 times  
++++ frame_probe ID: 850 receives a frame at time 51.247s ++++
INFO: Detected an invalid packet at item 1056
INFO: Parser returned #f
++++ frame_probe ID: 860 receives a frame at time 51.2879s ++++
++++ frame_probe ID: 1010 receives a frame at time 51.2958s ++++
++++ frame_probe ID: 890 receives a frame at time 51.3149s ++++
the 100th message counter  has been visited 12 times  
++++ frame_probe ID: 850 receives a frame at time 51.4273s ++++
INFO: Detected an invalid packet at item 1152
INFO: Parser returned #f
++++ frame_probe ID: 860 receives a frame at time 51.4679s ++++
++++ frame_probe ID: 1010 receives a frame at time 51.4782s ++++
++++ frame_probe ID: 890 receives a frame at time 51.4973s ++++
the 100th message counter  has been visited 13 times  
++++ frame_probe ID: 850 receives a frame at time 51.6068s ++++
INFO: Detected an invalid packet at item 1248
INFO: Parser returned #f
++++ frame_probe ID: 860 receives a frame at time 51.6475s ++++
++++ frame_probe ID: 1010 receives a frame at time 51.6507s ++++
++++ frame_probe ID: 890 receives a frame at time 51.6697s ++++
the 100th message counter  has been visited 14 times  
++++ frame_probe ID: 850 receives a frame at time 51.7832s ++++
INFO: Detected an invalid packet at item 1344
INFO: Parser returned #f
++++ frame_probe ID: 860 receives a frame at time 51.8238s ++++
++++ frame_probe ID: 1010 receives a frame at time 51.8331s ++++
++++ frame_probe ID: 890 receives a frame at time 51.8523s ++++
the 100th message counter  has been visited 15 times  
Measurement 2 raw data directory created /home/inets/0_ba/bachelor_thesis/measurements/debug/data/29/2/.
'/home/inets/source/gr-inets/results/receiver_data_received.txt' -> '/home/inets/0_ba/bachelor_thesis/measurements/debug/data/29/2/receiver_data_received.txt'
'/home/inets/source/gr-inets/results/sender_ack_received.txt' -> '/home/inets/0_ba/bachelor_thesis/measurements/debug/data/29/2/sender_ack_received.txt'
'/home/inets/source/gr-inets/results/sender_bfr_dq.txt' -> '/home/inets/0_ba/bachelor_thesis/measurements/debug/data/29/2/sender_bfr_dq.txt'
'/home/inets/source/gr-inets/results/sender_data_sent.txt' -> '/home/inets/0_ba/bachelor_thesis/measurements/debug/data/29/2/sender_data_sent.txt'
Measurement 2 raw data moved to /home/inets/0_ba/bachelor_thesis/measurements/debug/data/29/2/.

Measurement 3/3 complete in 5 second(s).
linux; GNU C++ version 5.4.0 20160609; Boost_105800; UHD_003.009.005-45-g6768a615
linux; GNU C++ version 5.4.0 20160609; Boost_105800; UHD_003.009.005-45-g6768a615


Using Volk machine: avx_64_mmx
-- Opening a USRP2/N-Series device...
Using Volk machine: avx_64_mmx
-- Opening a USRP2/N-Series device...
-- Current recv frame size: 1472 bytes
-- Current send frame size: 1472 bytes
-- Current recv frame size: 1472 bytes
-- Current send frame size: 1472 bytes
Measurement 3/3 complete in 4 second(s).
the 100th message counter is activated.
the 100th message counter is activated.
Measurement 3/3 complete in 3 second(s).
node starts running at 54.3987
node starts running at 54.4011
++++ frame_probe ID: 850 receives a frame at time 54.4577s ++++
INFO: Detected an invalid packet at item 0
INFO: Parser returned #f
++++ frame_probe ID: 860 receives a frame at time 54.4986s ++++
++++ frame_probe ID: 1010 receives a frame at time 54.5024s ++++
++++ frame_probe ID: 890 receives a frame at time 54.5292s ++++
the 100th message counter  has been visited 1 times  
++++ frame_probe ID: 850 receives a frame at time 54.6425s ++++
INFO: Detected an invalid packet at item 96
INFO: Parser returned #f
++++ frame_probe ID: 860 receives a frame at time 54.6832s ++++
++++ frame_probe ID: 1010 receives a frame at time 54.6948s ++++
++++ frame_probe ID: 890 receives a frame at time 54.7209s ++++
the 100th message counter  has been visited 2 times  
++++ frame_probe ID: 850 receives a frame at time 54.7993s ++++
INFO: Detected an invalid packet at item 192
INFO: Parser returned #f
++++ frame_probe ID: 860 receives a frame at time 54.8401s ++++
++++ frame_probe ID: 1010 receives a frame at time 54.8482s ++++
++++ frame_probe ID: 890 receives a frame at time 54.8744s ++++
the 100th message counter  has been visited 3 times  
++++ frame_probe ID: 850 receives a frame at time 54.9588s ++++
Measurement 3/3 complete in 2 second(s).
INFO: Detected an invalid packet at item 288
INFO: Parser returned #f
++++ frame_probe ID: 860 receives a frame at time 54.9995s ++++
++++ frame_probe ID: 1010 receives a frame at time 55.0115s ++++
++++ frame_probe ID: 890 receives a frame at time 55.0377s ++++
the 100th message counter  has been visited 4 times  
++++ frame_probe ID: 850 receives a frame at time 55.1121s ++++
INFO: Detected an invalid packet at item 384
INFO: Parser returned #f
++++ frame_probe ID: 860 receives a frame at time 55.1528s ++++
++++ frame_probe ID: 1010 receives a frame at time 55.1558s ++++
++++ frame_probe ID: 890 receives a frame at time 55.182s ++++
the 100th message counter  has been visited 5 times  
++++ frame_probe ID: 850 receives a frame at time 55.2694s ++++
INFO: Detected an invalid packet at item 480
INFO: Parser returned #f
++++ frame_probe ID: 860 receives a frame at time 55.3101s ++++
++++ frame_probe ID: 1010 receives a frame at time 55.3192s ++++
++++ frame_probe ID: 890 receives a frame at time 55.3444s ++++
the 100th message counter  has been visited 6 times  
++++ frame_probe ID: 850 receives a frame at time 55.4389s ++++
INFO: Detected an invalid packet at item 576
INFO: Parser returned #f
++++ frame_probe ID: 860 receives a frame at time 55.4797s ++++
++++ frame_probe ID: 1010 receives a frame at time 55.4916s ++++
++++ frame_probe ID: 890 receives a frame at time 55.5177s ++++
the 100th message counter  has been visited 7 times  
++++ frame_probe ID: 850 receives a frame at time 55.6091s ++++
INFO: Detected an invalid packet at item 672
INFO: Parser returned #f
++++ frame_probe ID: 860 receives a frame at time 55.6498s ++++
++++ frame_probe ID: 1010 receives a frame at time 55.6549s ++++
++++ frame_probe ID: 890 receives a frame at time 55.6811s ++++
the 100th message counter  has been visited 8 times  
++++ frame_probe ID: 850 receives a frame at time 55.7815s ++++
INFO: Detected an invalid packet at item 768
INFO: Parser returned #f
++++ frame_probe ID: 860 receives a frame at time 55.8222s ++++
++++ frame_probe ID: 1010 receives a frame at time 55.8274s ++++
++++ frame_probe ID: 890 receives a frame at time 55.8535s ++++
the 100th message counter  has been visited 9 times  
++++ frame_probe ID: 850 receives a frame at time 55.9599s ++++
INFO: Detected an invalid packet at item 864
INFO: Parser returned #f
Measurement 3/3 complete in 1 second(s).
++++ frame_probe ID: 860 receives a frame at time 56.0006s ++++
++++ frame_probe ID: 1010 receives a frame at time 56.0098s ++++
++++ frame_probe ID: 890 receives a frame at time 56.036s ++++
the 100th message counter  has been visited 10 times  
++++ frame_probe ID: 850 receives a frame at time 56.1204s ++++
INFO: Detected an invalid packet at item 960
INFO: Parser returned #f
++++ frame_probe ID: 860 receives a frame at time 56.1611s ++++
++++ frame_probe ID: 1010 receives a frame at time 56.1731s ++++
++++ frame_probe ID: 890 receives a frame at time 56.1994s ++++
the 100th message counter  has been visited 11 times  
++++ frame_probe ID: 850 receives a frame at time 56.2678s ++++
INFO: Detected an invalid packet at item 1056
INFO: Parser returned #f
++++ frame_probe ID: 860 receives a frame at time 56.3086s ++++
++++ frame_probe ID: 1010 receives a frame at time 56.3174s ++++
++++ frame_probe ID: 890 receives a frame at time 56.3427s ++++
the 100th message counter  has been visited 12 times  
++++ frame_probe ID: 850 receives a frame at time 56.4171s ++++
INFO: Detected an invalid packet at item 1152
INFO: Parser returned #f
++++ frame_probe ID: 860 receives a frame at time 56.458s ++++
++++ frame_probe ID: 1010 receives a frame at time 56.4608s ++++
++++ frame_probe ID: 890 receives a frame at time 56.487s ++++
the 100th message counter  has been visited 13 times  
++++ frame_probe ID: 850 receives a frame at time 56.6024s ++++
INFO: Detected an invalid packet at item 1248
INFO: Parser returned #f
++++ frame_probe ID: 860 receives a frame at time 56.6432s ++++
++++ frame_probe ID: 1010 receives a frame at time 56.6532s ++++
++++ frame_probe ID: 890 receives a frame at time 56.6784s ++++
the 100th message counter  has been visited 14 times  
++++ frame_probe ID: 850 receives a frame at time 56.7569s ++++
INFO: Detected an invalid packet at item 1344
INFO: Parser returned #f
++++ frame_probe ID: 860 receives a frame at time 56.7975s ++++
++++ frame_probe ID: 1010 receives a frame at time 56.8066s ++++
++++ frame_probe ID: 890 receives a frame at time 56.8327s ++++
the 100th message counter  has been visited 15 times  
++++ frame_probe ID: 850 receives a frame at time 56.9052s ++++
INFO: Detected an invalid packet at item 1440
INFO: Parser returned #f
++++ frame_probe ID: 860 receives a frame at time 56.9461s ++++
++++ frame_probe ID: 1010 receives a frame at time 56.9509s ++++
Measurement 3 raw data directory created /home/inets/0_ba/bachelor_thesis/measurements/debug/data/29/3/.
'/home/inets/source/gr-inets/results/receiver_data_received.txt' -> '/home/inets/0_ba/bachelor_thesis/measurements/debug/data/29/3/receiver_data_received.txt'
'/home/inets/source/gr-inets/results/sender_ack_received.txt' -> '/home/inets/0_ba/bachelor_thesis/measurements/debug/data/29/3/sender_ack_received.txt'
'/home/inets/source/gr-inets/results/sender_bfr_dq.txt' -> '/home/inets/0_ba/bachelor_thesis/measurements/debug/data/29/3/sender_bfr_dq.txt'
'/home/inets/source/gr-inets/results/sender_data_sent.txt' -> '/home/inets/0_ba/bachelor_thesis/measurements/debug/data/29/3/sender_data_sent.txt'
Measurement 3 raw data moved to /home/inets/0_ba/bachelor_thesis/measurements/debug/data/29/3/.

Now processing results...
Plotting Python should be: python3 (UBUNTU).
Hello from retransmissions.py!
Hello from variables.py!
0
1
2
3
0
1
2
3
0
1
2
3
5.0
5.0
0.0

+--------------------------------------------------------------+
| Plotting completed. Until the next measurement session then! |
+--------------------------------------------------------------+
