measurement 1/2 complete in 5 second(s).
linux; GNU C++ version 5.4.0 20160609; Boost_105800; UHD_003.009.005-45-g6768a615
linux; GNU C++ version 5.4.0 20160609; Boost_105800; UHD_003.009.005-45-g6768a615


Using Volk machine: avx_64_mmx
-- Opening a USRP2/N-Series device...
Using Volk machine: avx_64_mmx
-- Opening a USRP2/N-Series device...
-- Current recv frame size: 1472 bytes
-- Current send frame size: 1472 bytes
-- Current recv frame size: 1472 bytes
-- Current send frame size: 1472 bytes
measurement 1/2 complete in 4 second(s).
develop mode of resend_check ID: 24 is activated.
develop mode of resend_check ID: 24 is activated.
the 880th message counter is activated.
the 100th message counter is activated.
the 100th message counter is activated.
measurement 1/2 complete in 3 second(s).
node starts running at 95.7255
node starts running at 95.7263
++++ frame_probe ID: 1050 receives a frame at time 95.9794s ++++
++++ frame_probe ID: 1060 receives a frame at time 96.0205s ++++
++++ frame_probe ID: 882 receives a frame at time 96.0262s ++++
++++ frame_probe ID: 883 receives a frame at time 96.0263s ++++
++++ frame_probe ID: 884 receives a frame at time 96.0264s ++++
++++ frame_probe ID: 890 receives a frame at time 96.0265s ++++
++++ frame_probe ID: 860 receives a frame at time 96.0418s ++++
++++ frame_probe ID: 882 receives a frame at time 96.0454s ++++
++++ frame_probe ID: 1082 receives a frame at time 96.0455s ++++
++++ frame_probe ID: 1083 receives a frame at time 96.0456s ++++
++++ frame_probe ID: 1085 receives a frame at time 96.0456s ++++
a data frame with index 0 from node: 3 has been transmitted 1th time
++++ frame_probe ID: 1050 receives a frame at time 96.1503s ++++
++++ frame_probe ID: 1060 receives a frame at time 96.191s ++++
++++ frame_probe ID: 882 receives a frame at time 96.1984s ++++
++++ frame_probe ID: 883 receives a frame at time 96.1984s ++++
++++ frame_probe ID: 884 receives a frame at time 96.1985s ++++
++++ frame_probe ID: 890 receives a frame at time 96.1985s ++++
++++ frame_probe ID: 860 receives a frame at time 96.2137s ++++
++++ frame_probe ID: 882 receives a frame at time 96.2186s ++++
++++ frame_probe ID: 1082 receives a frame at time 96.2188s ++++
++++ frame_probe ID: 1083 receives a frame at time 96.2188s ++++
++++ frame_probe ID: 1084 receives a frame at time 96.2189s ++++
counter ID 880 results at time 7196.22 is 1
++++ frame_probe ID: 1090 receives a frame at time 96.2189s ++++
the 100th message counter node3_acked has been visited 1 times  
++++ frame_probe ID: 1050 receives a frame at time 96.3132s ++++
measurement 1/2 complete in 2 second(s).
++++ frame_probe ID: 1060 receives a frame at time 96.3539s ++++
++++ frame_probe ID: 882 receives a frame at time 96.3618s ++++
++++ frame_probe ID: 883 receives a frame at time 96.3618s ++++
++++ frame_probe ID: 884 receives a frame at time 96.3618s ++++
++++ frame_probe ID: 890 receives a frame at time 96.3619s ++++
++++ frame_probe ID: 860 receives a frame at time 96.3769s ++++
++++ frame_probe ID: 882 receives a frame at time 96.381s ++++
++++ frame_probe ID: 1082 receives a frame at time 96.3811s ++++
++++ frame_probe ID: 1083 receives a frame at time 96.3811s ++++
++++ frame_probe ID: 1084 receives a frame at time 96.3812s ++++
counter ID 880 results at time ++++ frame_probe ID: 7196.381090 is 0 receives a frame at time 
96.3812s ++++
the 100th message counter node3_acked has been visited 2 times  
++++ frame_probe ID: 1050 receives a frame at time 96.5915s ++++
++++ frame_probe ID: 1060 receives a frame at time 96.6321s ++++
++++ frame_probe ID: 882 receives a frame at time 96.6402s ++++
++++ frame_probe ID: 883 receives a frame at time 96.6403s ++++
++++ frame_probe ID: 884 receives a frame at time 96.6403s ++++
++++ frame_probe ID: 890 receives a frame at time 96.6403s ++++
++++ frame_probe ID: 860 receives a frame at time 96.6556s ++++
++++ frame_probe ID: 882 receives a frame at time 96.6596s ++++
++++ frame_probe ID: 1082 receives a frame at time 96.6597s ++++
++++ frame_probe ID: 1083 receives a frame at time 96.6597s ++++
++++ frame_probe ID: 1084 receives a frame at time 96.6598s ++++
counter ID 880 results at time 7196.66 is 0
++++ frame_probe ID: 1090 receives a frame at time 96.6598s ++++
the 100th message counter node3_acked has been visited 3 times  
++++ frame_probe ID: 1050 receives a frame at time 96.8696s ++++
++++ frame_probe ID: 1060 receives a frame at time 96.9104s ++++
++++ frame_probe ID: 882 receives a frame at time 96.919s ++++
++++ frame_probe ID: 883 receives a frame at time 96.919s ++++
++++ frame_probe ID: 884 receives a frame at time 96.9191s ++++
++++ frame_probe ID: 890 receives a frame at time 96.9191s ++++
++++ frame_probe ID: 860 receives a frame at time 96.9343s ++++
++++ frame_probe ID: 882 receives a frame at time 96.9385s ++++
++++ frame_probe ID: 1082 receives a frame at time 96.9385s ++++
++++ frame_probe ID: 1083 receives a frame at time 96.9387s ++++
++++ frame_probe ID: 1085 receives a frame at time 96.9387s ++++
a data frame with index 3 from node: 3 has been transmitted 1th time
++++ frame_probe ID: 1050 receives a frame at time 97.0404s ++++
++++ frame_probe ID: 1060 receives a frame at time 97.0813s ++++
++++ frame_probe ID: 882 receives a frame at time 97.0915s ++++
++++ frame_probe ID: 883 receives a frame at time 97.0915s ++++
++++ frame_probe ID: 884 receives a frame at time 97.0916s ++++
++++ frame_probe ID: 890 receives a frame at time 97.0916s ++++
++++ frame_probe ID: 860 receives a frame at time 97.1068s ++++
++++ frame_probe ID: 882 receives a frame at time 97.1107s ++++
++++ frame_probe ID: 1082 receives a frame at time 97.1108s ++++
++++ frame_probe ID: 1083 receives a frame at time 97.1109s ++++
++++ frame_probe ID: 1084 receives a frame at time 97.1109s ++++
counter ID 880 results at time ++++ frame_probe ID: 1090 receives a frame at time 7197.11 is 1
97.1109s ++++
the 100th message counter node3_acked has been visited 4 times  
++++ frame_probe ID: 1050 receives a frame at time 97.2214s ++++
++++ frame_probe ID: 1060 receives a frame at time 97.2623s ++++
++++ frame_probe ID: 882 receives a frame at time 97.2739s ++++
++++ frame_probe ID: 883 receives a frame at time 97.274s ++++
++++ frame_probe ID: 884 receives a frame at time 97.274s ++++
++++ frame_probe ID: 890 receives a frame at time 97.2741s ++++
++++ frame_probe ID: 860 receives a frame at time 97.2892s ++++
++++ frame_probe ID: 882 receives a frame at time 97.2935s ++++
++++ frame_probe ID: 1082 receives a frame at time 97.2935s ++++
++++ frame_probe ID: 1083 receives a frame at time 97.2936s ++++
++++ frame_probe ID: 1085 receives a frame at time 97.2936s ++++
measurement 1/2 complete in 1 second(s).
a data frame with index 4 from node: 3 has been transmitted 1th time
++++ frame_probe ID: 1050 receives a frame at time 97.3972s ++++
++++ frame_probe ID: 1060 receives a frame at time 97.438s ++++
++++ frame_probe ID: 882 receives a frame at time 97.4471s ++++
++++ frame_probe ID: 883 receives a frame at time 97.4471s ++++
++++ frame_probe ID: 884 receives a frame at time 97.4472s ++++
++++ frame_probe ID: 890 receives a frame at time 97.4472s ++++
++++ frame_probe ID: 860 receives a frame at time 97.4625s ++++
++++ frame_probe ID: 882 receives a frame at time 97.4665s ++++
++++ frame_probe ID: 1082 receives a frame at time 97.4667s ++++
++++ frame_probe ID: 1083 receives a frame at time 97.4667s ++++
++++ frame_probe ID: 1084 receives a frame at time 97.4667s ++++
counter ID 880 results at time 7197.47 is 1
++++ frame_probe ID: 1090 receives a frame at time 97.4668s ++++
the 100th message counter node3_acked has been visited 5 times  
++++ frame_probe ID: 1050 receives a frame at time 97.5352s ++++
++++ frame_probe ID: 1060 receives a frame at time 97.5759s ++++
++++ frame_probe ID: 882 receives a frame at time 97.5814s ++++
++++ frame_probe ID: 883 receives a frame at time 97.5814s ++++
++++ frame_probe ID: 884 receives a frame at time 97.5815s ++++
++++ frame_probe ID: 890 receives a frame at time 97.5815s ++++
++++ frame_probe ID: 860 receives a frame at time 97.5966s ++++
++++ frame_probe ID: 882 receives a frame at time 97.6008s ++++
++++ frame_probe ID: 1082 receives a frame at time 97.6009s ++++
++++ frame_probe ID: 1083 receives a frame at time 97.6009s ++++
++++ frame_probe ID: 1085 receives a frame at time 97.6009s ++++
a data frame with index 5 from node: 3 has been transmitted 1th time
++++ frame_probe ID: 1050 receives a frame at time 97.7057s ++++
++++ frame_probe ID: 1060 receives a frame at time 97.7466s ++++
++++ frame_probe ID: 882 receives a frame at time 97.7539s ++++
++++ frame_probe ID: 883 receives a frame at time 97.754s ++++
++++ frame_probe ID: 884 receives a frame at time 97.7541s ++++
++++ frame_probe ID: 890 receives a frame at time 97.7541s ++++
++++ frame_probe ID: 860 receives a frame at time 97.7705s ++++
++++ frame_probe ID: 882 receives a frame at time 97.7734s ++++
++++ frame_probe ID: 1082 receives a frame at time 97.7734s ++++
++++ frame_probe ID: 1083 receives a frame at time 97.7735s ++++
++++ frame_probe ID: 1084 receives a frame at time 97.7735s ++++
counter ID 880 results at time 7197.77 is 1
++++ frame_probe ID: 1090 receives a frame at time 97.7736s ++++
the 100th message counter node3_acked has been visited 6 times  
++++ frame_probe ID: 1050 receives a frame at time 97.87s ++++
++++ frame_probe ID: 1060 receives a frame at time 97.9108s ++++
++++ frame_probe ID: 882 receives a frame at time 97.9171s ++++
++++ frame_probe ID: 883 receives a frame at time 97.9171s ++++
++++ frame_probe ID: 884 receives a frame at time 97.9172s ++++
++++ frame_probe ID: 890 receives a frame at time 97.9172s ++++
++++ frame_probe ID: 860 receives a frame at time 97.9324s ++++
++++ frame_probe ID: 882 receives a frame at time 97.9366s ++++
++++ frame_probe ID: 1082 receives a frame at time 97.9366s ++++
++++ frame_probe ID: 1083 receives a frame at time 97.9367s ++++
++++ frame_probe ID: 1085 receives a frame at time 97.9367s ++++
a data frame with index 6 from node: 3 has been transmitted 1th time
++++ frame_probe ID: 1050 receives a frame at time 98.0455s ++++
++++ frame_probe ID: 1060 receives a frame at time 98.0862s ++++
++++ frame_probe ID: 882 receives a frame at time 98.0897s ++++
++++ frame_probe ID: 883 receives a frame at time 98.0897s ++++
++++ frame_probe ID: 884 receives a frame at time 98.0898s ++++
++++ frame_probe ID: 890 receives a frame at time 98.0898s ++++
++++ frame_probe ID: 860 receives a frame at time 98.1048s ++++
++++ frame_probe ID: 882 receives a frame at time 98.1088s ++++
++++ frame_probe ID: 1082 receives a frame at time 98.1089s ++++
++++ frame_probe ID: 1083 receives a frame at time 98.1089s ++++
++++ frame_probe ID: 1085 receives a frame at time 98.109s ++++
a data frame with index 6 from node: 3 has been transmitted 2th time
++++ frame_probe ID: 1050 receives a frame at time 98.221s ++++
++++ frame_probe ID: 1060 receives a frame at time 98.2616s ++++
++++ frame_probe ID: 882 receives a frame at time 98.272s ++++
++++ frame_probe ID: 883 receives a frame at time 98.272s ++++
++++ frame_probe ID: 884 receives a frame at time 98.2721s ++++
++++ frame_probe ID: 890 receives a frame at time 98.2721s ++++
++++ frame_probe ID: 860 receives a frame at time 98.2872s ++++
++++ frame_probe ID: 882 receives a frame at time 98.2913s ++++
++++ frame_probe ID: 1082 receives a frame at time 98.2914s ++++
++++ frame_probe ID: 1083 receives a frame at time 98.2914s ++++
++++ frame_probe ID: 1084 receives a frame at time 98.2915s ++++
counter ID 880 results at time ++++ frame_probe ID: 1090 receives a frame at time 7198.29 is 2
98.2915s ++++
measurement 1 raw data directory created /home/inets/0_ba/bachelor_thesis/measurements/debug/data/168/1/.
'/home/inets/source/gr-inets/results/receiver_ack_sent.txt' -> '/home/inets/0_ba/bachelor_thesis/measurements/debug/data/168/1/receiver_ack_sent.txt'
'/home/inets/source/gr-inets/results/receiver_data_received.txt' -> '/home/inets/0_ba/bachelor_thesis/measurements/debug/data/168/1/receiver_data_received.txt'
'/home/inets/source/gr-inets/results/receiver_frame_anlyzed.txt' -> '/home/inets/0_ba/bachelor_thesis/measurements/debug/data/168/1/receiver_frame_anlyzed.txt'
'/home/inets/source/gr-inets/results/receiver_frame_checked_good.txt' -> '/home/inets/0_ba/bachelor_thesis/measurements/debug/data/168/1/receiver_frame_checked_good.txt'
'/home/inets/source/gr-inets/results/receiver_frame_received.txt' -> '/home/inets/0_ba/bachelor_thesis/measurements/debug/data/168/1/receiver_frame_received.txt'
'/home/inets/source/gr-inets/results/sender_ack_received.txt' -> '/home/inets/0_ba/bachelor_thesis/measurements/debug/data/168/1/sender_ack_received.txt'
'/home/inets/source/gr-inets/results/sender_bfr_dq.txt' -> '/home/inets/0_ba/bachelor_thesis/measurements/debug/data/168/1/sender_bfr_dq.txt'
'/home/inets/source/gr-inets/results/sender_data_sent.txt' -> '/home/inets/0_ba/bachelor_thesis/measurements/debug/data/168/1/sender_data_sent.txt'
'/home/inets/source/gr-inets/results/sender_frame_anlyzed.txt' -> '/home/inets/0_ba/bachelor_thesis/measurements/debug/data/168/1/sender_frame_anlyzed.txt'
'/home/inets/source/gr-inets/results/sender_frame_checked_bad.txt' -> '/home/inets/0_ba/bachelor_thesis/measurements/debug/data/168/1/sender_frame_checked_bad.txt'
'/home/inets/source/gr-inets/results/sender_frame_checked_good.txt' -> '/home/inets/0_ba/bachelor_thesis/measurements/debug/data/168/1/sender_frame_checked_good.txt'
'/home/inets/source/gr-inets/results/sender_frame_received.txt' -> '/home/inets/0_ba/bachelor_thesis/measurements/debug/data/168/1/sender_frame_received.txt'
'/home/inets/source/gr-inets/results/sender_retransmissions.txt' -> '/home/inets/0_ba/bachelor_thesis/measurements/debug/data/168/1/sender_retransmissions.txt'
measurement 1 raw data moved to /home/inets/0_ba/bachelor_thesis/measurements/debug/data/168/1/.

measurement 2/2 complete in 5 second(s).
linux; GNU C++ version 5.4.0 20160609; Boost_105800; UHD_003.009.005-45-g6768a615
linux; GNU C++ version 5.4.0 20160609; Boost_105800; UHD_003.009.005-45-g6768a615


Using Volk machine: avx_64_mmx
-- Opening a USRP2/N-Series device...
Using Volk machine: avx_64_mmx
-- Opening a USRP2/N-Series device...
-- Current recv frame size: 1472 bytes
-- Current send frame size: 1472 bytes
-- Current recv frame size: 1472 bytes
-- Current send frame size: 1472 bytes
measurement 2/2 complete in 4 second(s).
develop mode of resend_check ID: 24 is activated.
develop mode of resend_check ID: 24 is activated.
the 880th message counter is activated.
the 100th message counter is activated.
the 100th message counter is activated.
measurement 2/2 complete in 3 second(s).
node starts running at 0.699545
node starts running at 0.713663
++++ frame_probe ID: 1050 receives a frame at time 0.81545s ++++
++++ frame_probe ID: 1060 receives a frame at time 0.856727s ++++
++++ frame_probe ID: 882 receives a frame at time 0.866316s ++++
++++ frame_probe ID: 883 receives a frame at time 0.866405s ++++
++++ frame_probe ID: 884 receives a frame at time 0.866507s ++++
++++ frame_probe ID: 890 receives a frame at time 0.866524s ++++
++++ frame_probe ID: 860 receives a frame at time 0.882095s ++++
++++ frame_probe ID: 882 receives a frame at time 0.885489s ++++
++++ frame_probe ID: 1082 receives a frame at time 0.891631s ++++
++++ frame_probe ID: 1085 receives a frame at time ++++ frame_probe ID: 1083 receives a frame at time 0.891734s ++++
0.891748s ++++
a data frame with index 0 from node: 3 has been transmitted 1th time
++++ frame_probe ID: 1050 receives a frame at time 0.986523s ++++
++++ frame_probe ID: 1060 receives a frame at time 1.02737s ++++
++++ frame_probe ID: 882 receives a frame at time 1.03934s ++++
++++ frame_probe ID: 883 receives a frame at time 1.03941s ++++
++++ frame_probe ID: 884 receives a frame at time 1.03946s ++++
++++ frame_probe ID: 890 receives a frame at time 1.03948s ++++
++++ frame_probe ID: 860 receives a frame at time 1.05484s ++++
++++ frame_probe ID: 882 receives a frame at time 1.05881s ++++
++++ frame_probe ID: 1082 receives a frame at time 1.06403s ++++
++++ frame_probe ID: 1084 receives a frame at time ++++ frame_probe ID: 1083 receives a frame at time 1.064121.06411s ++++
s ++++
counter ID 880 results at time 7201.06 is 1
++++ frame_probe ID: 1090 receives a frame at time 1.06418s ++++
the 100th message counter node3_acked has been visited 1 times  
++++ frame_probe ID: 1050 receives a frame at time 1.1766s ++++
++++ frame_probe ID: 1060 receives a frame at time 1.21754s ++++
++++ frame_probe ID: 882 receives a frame at time 1.22166s ++++
++++ frame_probe ID: 883 receives a frame at time 1.22171s ++++
++++ frame_probe ID: 884 receives a frame at time 1.22175s ++++
++++ frame_probe ID: 890 receives a frame at time 1.22179s ++++
++++ frame_probe ID: 860 receives a frame at time 1.23705s ++++
++++ frame_probe ID: 882 receives a frame at time 1.24114s ++++
++++ frame_probe ID: 1082 receives a frame at time 1.24628s ++++
++++ frame_probe ID: 1083 receives a frame at time 1.24636s ++++
++++ frame_probe ID: 1085 receives a frame at time 1.24639s ++++
a data frame with index 1 from node: 3 has been transmitted 1th time
++++ frame_probe ID: 1050 receives a frame at time 1.35234s ++++
measurement 2/2 complete in 2 second(s).
++++ frame_probe ID: 1060 receives a frame at time 1.39311s ++++
++++ frame_probe ID: 882 receives a frame at time 1.40409s ++++
++++ frame_probe ID: 883 receives a frame at time 1.40414s ++++
++++ frame_probe ID: 884 receives a frame at time 1.40418s ++++
++++ frame_probe ID: 890 receives a frame at time 1.40421s ++++
++++ frame_probe ID: 860 receives a frame at time 1.41946s ++++
++++ frame_probe ID: 882 receives a frame at time 1.42342s ++++
++++ frame_probe ID: 1082 receives a frame at time 1.42874s ++++
++++ frame_probe ID: 1083 receives a frame at time 1.42881s ++++
++++ frame_probe ID: 1085 receives a frame at time 1.42883s ++++
a data frame with index 1 from node: 3 has been transmitted 2th time
++++ frame_probe ID: 1050 receives a frame at time 1.53792s ++++
++++ frame_probe ID: 1060 receives a frame at time 1.57877s ++++
++++ frame_probe ID: 882 receives a frame at time 1.58658s ++++
++++ frame_probe ID: 883 receives a frame at time 1.58663s ++++
++++ frame_probe ID: 884 receives a frame at time 1.58666s ++++
++++ frame_probe ID: 890 receives a frame at time 1.5867s ++++
++++ frame_probe ID: 860 receives a frame at time 1.60194s ++++
++++ frame_probe ID: 882 receives a frame at time 1.60601s ++++
++++ frame_probe ID: 1082 receives a frame at time 1.61117s ++++
++++ frame_probe ID: 1083 receives a frame at time 1.61122s ++++
++++ frame_probe ID: 1085 receives a frame at time 1.61124s ++++
a data frame with index 1 from node: 3 has been transmitted 3th time
++++ frame_probe ID: 1050 receives a frame at time 1.72887s ++++
++++ frame_probe ID: 1060 receives a frame at time 1.76975s ++++
++++ frame_probe ID: 882 receives a frame at time 1.77811s ++++
++++ frame_probe ID: 883 receives a frame at time 1.77817s ++++
++++ frame_probe ID: 884 receives a frame at time 1.77821s ++++
++++ frame_probe ID: 890 receives a frame at time 1.77825s ++++
++++ frame_probe ID: 860 receives a frame at time 1.79356s ++++
++++ frame_probe ID: 882 receives a frame at time 1.79745s ++++
++++ frame_probe ID: 1082 receives a frame at time 1.8036s ++++
++++ frame_probe ID: 1083 receives a frame at time 1.80365s ++++
++++ frame_probe ID: 1085 receives a frame at time 1.8037s ++++
a data frame with index 1 from node: 3 has been transmitted 4th time
++++ frame_probe ID: 1050 receives a frame at time 1.94992s ++++
++++ frame_probe ID: 1060 receives a frame at time 1.99079s ++++
++++ frame_probe ID: 882 receives a frame at time 1.99953s ++++
++++ frame_probe ID: 883 receives a frame at time 1.99958s ++++
++++ frame_probe ID: 884 receives a frame at time 1.99961s ++++
++++ frame_probe ID: 890 receives a frame at time 1.99965s ++++
++++ frame_probe ID: 860 receives a frame at time 2.01485s ++++
++++ frame_probe ID: 882 receives a frame at time 2.0189s ++++
++++ frame_probe ID: 1082 receives a frame at time 2.02425s ++++
++++ frame_probe ID: 1083 receives a frame at time 2.02429s ++++
++++ frame_probe ID: 1084 receives a frame at time 2.02435s ++++
counter ID 880 results at time 7202.02 is 4
++++ frame_probe ID: 1090 receives a frame at time 2.02442s ++++
the 100th message counter node3_acked has been visited 2 times  
++++ frame_probe ID: 1050 receives a frame at time 2.12184s ++++
++++ frame_probe ID: 1060 receives a frame at time 2.16316s ++++
++++ frame_probe ID: 882 receives a frame at time 2.17201s ++++
++++ frame_probe ID: 883 receives a frame at time 2.17206s ++++
++++ frame_probe ID: 884 receives a frame at time 2.17212s ++++
++++ frame_probe ID: 890 receives a frame at time 2.17218s ++++
++++ frame_probe ID: 860 receives a frame at time 2.18756s ++++
++++ frame_probe ID: 882 receives a frame at time 2.19146s ++++
++++ frame_probe ID: 1082 receives a frame at time 2.1968s ++++
++++ frame_probe ID: 1083 receives a frame at time 2.19687s ++++
++++ frame_probe ID: 1085 receives a frame at time 2.19693s ++++
a data frame with index 2 from node: 3 has been transmitted 1th time
++++ frame_probe ID: 1050 receives a frame at time 2.2986s ++++
++++ frame_probe ID: 1060 receives a frame at time 2.33946s ++++
++++ frame_probe ID: 882 receives a frame at time 2.34429s ++++
++++ frame_probe ID: 883 receives a frame at time 2.34434s ++++
++++ frame_probe ID: 890 receives a frame at time 2.3444s ++++
++++ frame_probe ID: 884 receives a frame at time 2.34442s ++++
measurement 2/2 complete in 1 second(s).
++++ frame_probe ID: 860 receives a frame at time 2.35964s ++++
++++ frame_probe ID: 882 receives a frame at time 2.3646s ++++
++++ frame_probe ID: 1082 receives a frame at time 2.36986s ++++
++++ frame_probe ID: 1083 receives a frame at time 2.36991s ++++
++++ frame_probe ID: 1084 receives a frame at time 2.36994s ++++
counter ID 880 results at time 7202.37 is 1++++ frame_probe ID: 
1090 receives a frame at time 2.37s ++++
the 100th message counter node3_acked has been visited 3 times  
++++ frame_probe ID: 1050 receives a frame at time 2.47339s ++++
++++ frame_probe ID: 1060 receives a frame at time 2.51437s ++++
++++ frame_probe ID: 882 receives a frame at time 2.51766s ++++
++++ frame_probe ID: 883 receives a frame at time 2.51773s ++++
++++ frame_probe ID: 884 receives a frame at time 2.51777s ++++
++++ frame_probe ID: 890 receives a frame at time 2.51782s ++++
++++ frame_probe ID: 860 receives a frame at time 2.53305s ++++
++++ frame_probe ID: 882 receives a frame at time 2.53702s ++++
++++ frame_probe ID: 1082 receives a frame at time 2.54229s ++++
++++ frame_probe ID: 1083 receives a frame at time 2.54233s ++++
++++ frame_probe ID: 1084 receives a frame at time 2.54236s ++++
counter ID 880 results at time 7202.54 is 0
++++ frame_probe ID: 1090 receives a frame at time 2.54242s ++++
the 100th message counter node3_acked has been visited 4 times  
++++ frame_probe ID: 1050 receives a frame at time 2.61787s ++++
++++ frame_probe ID: 1060 receives a frame at time 2.65902s ++++
++++ frame_probe ID: 882 receives a frame at time 2.67107s ++++
++++ frame_probe ID: 883 receives a frame at time 2.67111s ++++
++++ frame_probe ID: 884 receives a frame at time 2.67116s ++++
++++ frame_probe ID: 890 receives a frame at time 2.67121s ++++
++++ frame_probe ID: 860 receives a frame at time 2.68642s ++++
++++ frame_probe ID: 882 receives a frame at time 2.6904s ++++
++++ frame_probe ID: 1082 receives a frame at time 2.69562s ++++
++++ frame_probe ID: 1083 receives a frame at time 2.69569s ++++
++++ frame_probe ID: 1084 receives a frame at time 2.69572s ++++
counter ID 880 results at time ++++ frame_probe ID: 7202.7 is 0
1090 receives a frame at time 2.69578s ++++
the 100th message counter node3_acked has been visited 5 times  
++++ frame_probe ID: 1050 receives a frame at time 2.80009s ++++
++++ frame_probe ID: 1060 receives a frame at time 2.84099s ++++
++++ frame_probe ID: 882 receives a frame at time 2.84354s ++++
++++ frame_probe ID: 883 receives a frame at time 2.84359s ++++
++++ frame_probe ID: 884 receives a frame at time 2.84363s ++++
++++ frame_probe ID: 890 receives a frame at time 2.8437s ++++
++++ frame_probe ID: 860 receives a frame at time 2.8589s ++++
++++ frame_probe ID: 882 receives a frame at time 2.86373s ++++
++++ frame_probe ID: 1082 receives a frame at time 2.86896s ++++
++++ frame_probe ID: 1083 receives a frame at time 2.86899s ++++
++++ frame_probe ID: 1084 receives a frame at time 2.86902s ++++
counter ID 880 results at time 7202.87 is 0
++++ frame_probe ID: 1090 receives a frame at time 2.86908s ++++
the 100th message counter node3_acked has been visited 6 times  
++++ frame_probe ID: 1050 receives a frame at time 2.98354s ++++
++++ frame_probe ID: 1060 receives a frame at time 3.02447s ++++
++++ frame_probe ID: 882 receives a frame at time 3.03594s ++++
++++ frame_probe ID: 883 receives a frame at time 3.036s ++++
++++ frame_probe ID: 884 receives a frame at time 3.03606s ++++
++++ frame_probe ID: 890 receives a frame at time 3.03613s ++++
++++ frame_probe ID: 860 receives a frame at time 3.05138s ++++
++++ frame_probe ID: 882 receives a frame at time 3.05543s ++++
++++ frame_probe ID: 1082 receives a frame at time 3.06065s ++++
++++ frame_probe ID: 1083 receives a frame at time 3.06082s ++++
++++ frame_probe ID: 1085 receives a frame at time 3.06085s ++++
a data frame with index 6 from node: 3 has been transmitted 1th time
++++ frame_probe ID: 1050 receives a frame at time 3.15941s ++++
++++ frame_probe ID: 1060 receives a frame at time 3.20034s ++++
++++ frame_probe ID: 882 receives a frame at time 3.20835s ++++
++++ frame_probe ID: 883 receives a frame at time 3.2084s ++++
++++ frame_probe ID: 884 receives a frame at time 3.20846s ++++
++++ frame_probe ID: 890 receives a frame at time 3.20852s ++++
++++ frame_probe ID: 860 receives a frame at time 3.22363s ++++
++++ frame_probe ID: 882 receives a frame at time 3.22874s ++++
INFO: Detected an invalid packet at item 416
INFO: Parser returned #f
a data frame with index 6 from node: 3 has been transmitted 2th time
++++ frame_probe ID: 1050 receives a frame at time 3.33042s ++++
measurement 2 raw data directory created /home/inets/0_ba/bachelor_thesis/measurements/debug/data/168/2/.
'/home/inets/source/gr-inets/results/receiver_ack_sent.txt' -> '/home/inets/0_ba/bachelor_thesis/measurements/debug/data/168/2/receiver_ack_sent.txt'
'/home/inets/source/gr-inets/results/receiver_data_received.txt' -> '/home/inets/0_ba/bachelor_thesis/measurements/debug/data/168/2/receiver_data_received.txt'
'/home/inets/source/gr-inets/results/receiver_frame_anlyzed.txt' -> '/home/inets/0_ba/bachelor_thesis/measurements/debug/data/168/2/receiver_frame_anlyzed.txt'
'/home/inets/source/gr-inets/results/receiver_frame_checked_good.txt' -> '/home/inets/0_ba/bachelor_thesis/measurements/debug/data/168/2/receiver_frame_checked_good.txt'
'/home/inets/source/gr-inets/results/receiver_frame_received.txt' -> '/home/inets/0_ba/bachelor_thesis/measurements/debug/data/168/2/receiver_frame_received.txt'
'/home/inets/source/gr-inets/results/sender_ack_received.txt' -> '/home/inets/0_ba/bachelor_thesis/measurements/debug/data/168/2/sender_ack_received.txt'
'/home/inets/source/gr-inets/results/sender_bfr_dq.txt' -> '/home/inets/0_ba/bachelor_thesis/measurements/debug/data/168/2/sender_bfr_dq.txt'
'/home/inets/source/gr-inets/results/sender_data_sent.txt' -> '/home/inets/0_ba/bachelor_thesis/measurements/debug/data/168/2/sender_data_sent.txt'
'/home/inets/source/gr-inets/results/sender_frame_anlyzed.txt' -> '/home/inets/0_ba/bachelor_thesis/measurements/debug/data/168/2/sender_frame_anlyzed.txt'
'/home/inets/source/gr-inets/results/sender_frame_checked_bad.txt' -> '/home/inets/0_ba/bachelor_thesis/measurements/debug/data/168/2/sender_frame_checked_bad.txt'
'/home/inets/source/gr-inets/results/sender_frame_checked_good.txt' -> '/home/inets/0_ba/bachelor_thesis/measurements/debug/data/168/2/sender_frame_checked_good.txt'
'/home/inets/source/gr-inets/results/sender_frame_received.txt' -> '/home/inets/0_ba/bachelor_thesis/measurements/debug/data/168/2/sender_frame_received.txt'
'/home/inets/source/gr-inets/results/sender_retransmissions.txt' -> '/home/inets/0_ba/bachelor_thesis/measurements/debug/data/168/2/sender_retransmissions.txt'
measurement 2 raw data moved to /home/inets/0_ba/bachelor_thesis/measurements/debug/data/168/2/.

now processing results...
plotting python should be: python3 (ubuntu).
Hello from rtt.py!
hello from variables.py!
data_sent: 1500397195.979448
data_sent: 1500397196.150279
data_sent: 1500397196.313233
data_sent: 1500397196.591452
data_sent: 1500397196.869594
data_sent: 1500397197.040413
data_sent: 1500397197.221393
data_sent: 1500397197.397233
data_sent: 1500397197.535158
data_sent: 1500397197.705725
data_sent: 1500397197.869995
data_sent: 1500397198.045505
data_sent: 1500397198.220964
ack_received: 1500397196.218895
ack_received: 1500397196.381225
ack_received: 1500397196.659818
ack_received: 1500397197.110940
ack_received: 1500397197.466777
ack_received: 1500397197.773566
ack_received: 1500397198.291493
retx: [1, 0, 0, 1, 1, 1, 2]

The resulting RTTs of this single measurement are:
[0.06799, 0.06837]



The resulting mean RTT of this single measurement is:
0.06817999999999999


abs. packet loss: 6.0
packet loss in %: 46.15%
data_sent: 1500397200.815450
data_sent: 1500397200.986523
data_sent: 1500397201.176603
data_sent: 1500397201.352337
data_sent: 1500397201.537916
data_sent: 1500397201.728872
data_sent: 1500397201.949920
data_sent: 1500397202.121840
data_sent: 1500397202.298597
data_sent: 1500397202.473393
data_sent: 1500397202.617875
data_sent: 1500397202.800091
data_sent: 1500397202.983542
data_sent: 1500397203.159413
data_sent: 1500397203.330421
ack_received: 1500397201.064178
ack_received: 1500397202.024422
ack_received: 1500397202.370000
ack_received: 1500397202.542421
ack_received: 1500397202.695777
ack_received: 1500397202.869081
retx: [1, 4, 1, 0, 0, 0]

The resulting RTTs of this single measurement are:
[0.06903, 0.0779, 0.06899]



The resulting mean RTT of this single measurement is:
0.07197333333333333


abs. packet loss: 9.0
packet loss in %: 60.0%
[ 0.06818     0.07197333]
Hello from myplot.py!
I will print a pdf for you now!
Hello from throughput.py!
hello from variables.py!
ackcount: 7
datacount: 13
ackcount: 6
datacount: 14
[ 7000.  6000.]
Hello from myplot.py!
I will print a pdf for you now!

+--------------------------------------------------------------+
| plotting completed. until the next measurement session then! |
+--------------------------------------------------------------+
