Measurement 1/3 complete in 5 second(s).
linux; GNU C++ version 5.4.0 20160609; Boost_105800; UHD_003.009.005-45-g6768a615

linux; GNU C++ version 5.4.0 20160609; Boost_105800; UHD_003.009.005-45-g6768a615

Using Volk machine: avx_64_mmx
-- Opening a USRP2/N-Series device...
Using Volk machine: avx_64_mmx
-- Opening a USRP2/N-Series device...
-- Current recv frame size: 1472 bytes
-- Current send frame size: 1472 bytes
-- Current recv frame size: 1472 bytes
-- Current send frame size: 1472 bytes
Measurement 1/3 complete in 4 second(s).
the 100th message counter is activated.
the 100th message counter is activated.
Measurement 1/3 complete in 3 second(s).
node starts running at 97.555
node starts running at 97.5555
++++ frame_probe ID: 850 receives a frame at time 97.6035s ++++
INFO: Detected an invalid packet at item 0
INFO: Parser returned #f
++++ frame_probe ID: 860 receives a frame at time 97.6445s ++++
++++ frame_probe ID: 1010 receives a frame at time 97.6517s ++++
++++ frame_probe ID: 890 receives a frame at time 97.6789s ++++
the 100th message counter  has been visited 1 times  
++++ frame_probe ID: 850 receives a frame at time 97.7692s ++++
INFO: Detected an invalid packet at item 96
INFO: Parser returned #f
++++ frame_probe ID: 860 receives a frame at time 97.81s ++++
++++ frame_probe ID: 1010 receives a frame at time 97.8151s ++++
++++ frame_probe ID: 890 receives a frame at time 97.8413s ++++
the 100th message counter  has been visited 2 times  
++++ frame_probe ID: 850 receives a frame at time 97.9418s ++++
INFO: Detected an invalid packet at item 192
INFO: Parser returned #f
++++ frame_probe ID: 860 receives a frame at time 97.9826s ++++
++++ frame_probe ID: 1010 receives a frame at time 97.9875s ++++
++++ frame_probe ID: 890 receives a frame at time 98.0138s ++++
the 100th message counter  has been visited 3 times  
++++ frame_probe ID: 850 receives a frame at time 98.1093s ++++
INFO: Detected an invalid packet at item 288
INFO: Parser returned #f
Measurement 1/3 complete in 2 second(s).
++++ frame_probe ID: 860 receives a frame at time 98.15s ++++
++++ frame_probe ID: 1010 receives a frame at time 98.1599s ++++
++++ frame_probe ID: 890 receives a frame at time 98.187s ++++
the 100th message counter  has been visited 4 times  
++++ frame_probe ID: 850 receives a frame at time 98.2964s ++++
INFO: Detected an invalid packet at item 384
INFO: Parser returned #f
++++ frame_probe ID: 860 receives a frame at time 98.3371s ++++
++++ frame_probe ID: 1010 receives a frame at time 98.3423s ++++
++++ frame_probe ID: 890 receives a frame at time 98.368s ++++
the 100th message counter  has been visited 5 times  
++++ frame_probe ID: 850 receives a frame at time 98.4366s ++++
INFO: Detected an invalid packet at item 480
INFO: Parser returned #f
++++ frame_probe ID: 860 receives a frame at time 98.4773s ++++
++++ frame_probe ID: 1010 receives a frame at time 98.4867s ++++
++++ frame_probe ID: 890 receives a frame at time 98.5124s ++++
the 100th message counter  has been visited 6 times  
++++ frame_probe ID: 850 receives a frame at time 98.6009s ++++
INFO: Detected an invalid packet at item 576
INFO: Parser returned #f
++++ frame_probe ID: 860 receives a frame at time 98.6416s ++++
++++ frame_probe ID: 1010 receives a frame at time 98.65s ++++
++++ frame_probe ID: 890 receives a frame at time 98.6759s ++++
the 100th message counter  has been visited 7 times  
++++ frame_probe ID: 850 receives a frame at time 98.7744s ++++
INFO: Detected an invalid packet at item 672
INFO: Parser returned #f
++++ frame_probe ID: 860 receives a frame at time 98.8152s ++++
++++ frame_probe ID: 1010 receives a frame at time 98.8223s ++++
++++ frame_probe ID: 890 receives a frame at time 98.8481s ++++
the 100th message counter  has been visited 8 times  
++++ frame_probe ID: 850 receives a frame at time 98.9425s ++++
INFO: Detected an invalid packet at item 768
INFO: Parser returned #f
++++ frame_probe ID: 860 receives a frame at time 98.9832s ++++
++++ frame_probe ID: 1010 receives a frame at time 98.9858s ++++
++++ frame_probe ID: 890 receives a frame at time 99.0115s ++++
the 100th message counter  has been visited 9 times  
++++ frame_probe ID: 850 receives a frame at time 99.1049s ++++
INFO: Detected an invalid packet at item 864
INFO: Parser returned #f
Measurement 1/3 complete in 1 second(s).
++++ frame_probe ID: 860 receives a frame at time 99.1457s ++++
++++ frame_probe ID: 1010 receives a frame at time 99.1491s ++++
++++ frame_probe ID: 890 receives a frame at time 99.1748s ++++
the 100th message counter  has been visited 10 times  
++++ frame_probe ID: 850 receives a frame at time 99.2893s ++++
INFO: Detected an invalid packet at item 960
INFO: Parser returned #f
++++ frame_probe ID: 860 receives a frame at time 99.33s ++++
++++ frame_probe ID: 1010 receives a frame at time 99.3414s ++++
++++ frame_probe ID: 890 receives a frame at time 99.3672s ++++
the 100th message counter  has been visited 11 times  
++++ frame_probe ID: 850 receives a frame at time 99.4607s ++++
INFO: Detected an invalid packet at item 1056
INFO: Parser returned #f
++++ frame_probe ID: 860 receives a frame at time 99.5014s ++++
++++ frame_probe ID: 1010 receives a frame at time 99.5039s ++++
++++ frame_probe ID: 890 receives a frame at time 99.5305s ++++
the 100th message counter  has been visited 12 times  
++++ frame_probe ID: 850 receives a frame at time 99.6359s ++++
INFO: Detected an invalid packet at item 1152
INFO: Parser returned #f
++++ frame_probe ID: 860 receives a frame at time 99.6766s ++++
++++ frame_probe ID: 1010 receives a frame at time 99.6864s ++++
++++ frame_probe ID: 890 receives a frame at time 99.7121s ++++
the 100th message counter  has been visited 13 times  
++++ frame_probe ID: 850 receives a frame at time 99.7884s ++++
INFO: Detected an invalid packet at item 1248
INFO: Parser returned #f
++++ frame_probe ID: 860 receives a frame at time 99.8291s ++++
++++ frame_probe ID: 1010 receives a frame at time 99.8406s ++++
++++ frame_probe ID: 890 receives a frame at time 99.8663s ++++
the 100th message counter  has been visited 14 times  
++++ frame_probe ID: 850 receives a frame at time 99.9516s ++++
INFO: Detected an invalid packet at item 1344
INFO: Parser returned #f
++++ frame_probe ID: 860 receives a frame at time 99.9924s ++++
++++ frame_probe ID: 1010 receives a frame at time 0.003941s ++++
++++ frame_probe ID: 890 receives a frame at time 0.029629s ++++
the 100th message counter  has been visited 15 times  
++++ frame_probe ID: 850 receives a frame at time 0.138034s ++++
Measurement 1 raw data directory created /home/inets/0_ba/bachelor_thesis/measurements/debug/data/25/1/.
'/home/inets/source/gr-inets/results/receiver_data_received.txt' -> '/home/inets/0_ba/bachelor_thesis/measurements/debug/data/25/1/receiver_data_received.txt'
'/home/inets/source/gr-inets/results/sender_ack_received.txt' -> '/home/inets/0_ba/bachelor_thesis/measurements/debug/data/25/1/sender_ack_received.txt'
'/home/inets/source/gr-inets/results/sender_bfr_dq.txt' -> '/home/inets/0_ba/bachelor_thesis/measurements/debug/data/25/1/sender_bfr_dq.txt'
'/home/inets/source/gr-inets/results/sender_data_sent.txt' -> '/home/inets/0_ba/bachelor_thesis/measurements/debug/data/25/1/sender_data_sent.txt'
Measurement 1 raw data moved to /home/inets/0_ba/bachelor_thesis/measurements/debug/data/25/1/.

Measurement 2/3 complete in 5 second(s).
linux; GNU C++ version 5.4.0 20160609; Boost_105800; UHD_003.009.005-45-g6768a615
linux; GNU C++ version 5.4.0 20160609; Boost_105800; UHD_003.009.005-45-g6768a615


Using Volk machine: avx_64_mmx
-- Opening a USRP2/N-Series device...
Using Volk machine: avx_64_mmx
-- Opening a USRP2/N-Series device...
-- Current recv frame size: 1472 bytes
-- Current recv frame size: 1472 bytes
-- Current send frame size: 1472 bytes
-- Current send frame size: 1472 bytes
Measurement 2/3 complete in 4 second(s).
the 100th message counter is activated.
the 100th message counter is activated.
Measurement 2/3 complete in 3 second(s).
node starts running at 2.57958
node starts running at 2.58021
++++ frame_probe ID: 850 receives a frame at time 2.92744s ++++
INFO: Detected an invalid packet at item 0
INFO: Parser returned #f
++++ frame_probe ID: 860 receives a frame at time 2.96836s ++++
++++ frame_probe ID: 1010 receives a frame at time 2.97422s ++++
++++ frame_probe ID: 890 receives a frame at time 2.99409s ++++
the 100th message counter  has been visited 1 times  
++++ frame_probe ID: 850 receives a frame at time 3.11056s ++++
INFO: Detected an invalid packet at item 96
INFO: Parser returned #f
++++ frame_probe ID: 860 receives a frame at time 3.15128s ++++
Measurement 2/3 complete in 2 second(s).
++++ frame_probe ID: 1010 receives a frame at time 3.15663s ++++
++++ frame_probe ID: 890 receives a frame at time 3.1765s ++++
the 100th message counter  has been visited 2 times  
++++ frame_probe ID: 850 receives a frame at time 3.26198s ++++
INFO: Detected an invalid packet at item 192
INFO: Parser returned #f
++++ frame_probe ID: 860 receives a frame at time 3.30269s ++++
++++ frame_probe ID: 1010 receives a frame at time 3.30995s ++++
++++ frame_probe ID: 890 receives a frame at time 3.32991s ++++
the 100th message counter  has been visited 3 times  
++++ frame_probe ID: 850 receives a frame at time 3.40428s ++++
INFO: Detected an invalid packet at item 288
INFO: Parser returned #f
++++ frame_probe ID: 860 receives a frame at time 3.44494s ++++
++++ frame_probe ID: 1010 receives a frame at time 3.45426s ++++
++++ frame_probe ID: 890 receives a frame at time 3.47414s ++++
the 100th message counter  has been visited 4 times  
++++ frame_probe ID: 850 receives a frame at time 3.54551s ++++
INFO: Detected an invalid packet at item 384
INFO: Parser returned #f
++++ frame_probe ID: 860 receives a frame at time 3.58625s ++++
++++ frame_probe ID: 1010 receives a frame at time 3.59763s ++++
++++ frame_probe ID: 890 receives a frame at time 3.61776s ++++
the 100th message counter  has been visited 5 times  
++++ frame_probe ID: 850 receives a frame at time 3.70106s ++++
INFO: Detected an invalid packet at item 480
INFO: Parser returned #f
++++ frame_probe ID: 860 receives a frame at time 3.74168s ++++
++++ frame_probe ID: 1010 receives a frame at time 3.75192s ++++
++++ frame_probe ID: 890 receives a frame at time 3.77179s ++++
the 100th message counter  has been visited 6 times  
++++ frame_probe ID: 850 receives a frame at time 3.86711s ++++
INFO: Detected an invalid packet at item 576
INFO: Parser returned #f
++++ frame_probe ID: 860 receives a frame at time 3.90772s ++++
++++ frame_probe ID: 1010 receives a frame at time 3.91431s ++++
++++ frame_probe ID: 890 receives a frame at time 3.93428s ++++
the 100th message counter  has been visited 7 times  
++++ frame_probe ID: 850 receives a frame at time 4.01871s ++++
INFO: Detected an invalid packet at item 672
INFO: Parser returned #f
++++ frame_probe ID: 860 receives a frame at time 4.05939s ++++
++++ frame_probe ID: 1010 receives a frame at time 4.0686s ++++
++++ frame_probe ID: 890 receives a frame at time 4.08859s ++++
the 100th message counter  has been visited 8 times  
Measurement 2/3 complete in 1 second(s).
++++ frame_probe ID: 850 receives a frame at time 4.17512s ++++
INFO: Detected an invalid packet at item 768
INFO: Parser returned #f
++++ frame_probe ID: 860 receives a frame at time 4.21577s ++++
++++ frame_probe ID: 1010 receives a frame at time 4.22195s ++++
++++ frame_probe ID: 890 receives a frame at time 4.24111s ++++
the 100th message counter  has been visited 9 times  
++++ frame_probe ID: 850 receives a frame at time 4.34452s ++++
INFO: Detected an invalid packet at item 864
INFO: Parser returned #f
++++ frame_probe ID: 860 receives a frame at time 4.38527s ++++
++++ frame_probe ID: 1010 receives a frame at time 4.39442s ++++
++++ frame_probe ID: 890 receives a frame at time 4.41436s ++++
the 100th message counter  has been visited 10 times  
++++ frame_probe ID: 850 receives a frame at time 4.51072s ++++
INFO: Detected an invalid packet at item 960
INFO: Parser returned #f
++++ frame_probe ID: 860 receives a frame at time 4.55136s ++++
++++ frame_probe ID: 1010 receives a frame at time 4.55777s ++++
++++ frame_probe ID: 890 receives a frame at time 4.57689s ++++
the 100th message counter  has been visited 11 times  
++++ frame_probe ID: 850 receives a frame at time 4.68122s ++++
INFO: Detected an invalid packet at item 1056
INFO: Parser returned #f
++++ frame_probe ID: 860 receives a frame at time 4.72202s ++++
++++ frame_probe ID: 1010 receives a frame at time 4.73014s ++++
++++ frame_probe ID: 890 receives a frame at time 4.75008s ++++
the 100th message counter  has been visited 12 times  
++++ frame_probe ID: 850 receives a frame at time 4.83262s ++++
INFO: Detected an invalid packet at item 1152
INFO: Parser returned #f
++++ frame_probe ID: 860 receives a frame at time 4.87338s ++++
++++ frame_probe ID: 1010 receives a frame at time 4.88357s ++++
++++ frame_probe ID: 890 receives a frame at time 4.90355s ++++
the 100th message counter  has been visited 13 times  
++++ frame_probe ID: 850 receives a frame at time 5.01102s ++++
INFO: Detected an invalid packet at item 1248
INFO: Parser returned #f
++++ frame_probe ID: 860 receives a frame at time 5.05171s ++++
++++ frame_probe ID: 1010 receives a frame at time 5.05685s ++++
++++ frame_probe ID: 890 receives a frame at time 5.07599s ++++
the 100th message counter  has been visited 14 times  
Measurement 2 raw data directory created /home/inets/0_ba/bachelor_thesis/measurements/debug/data/25/2/.
'/home/inets/source/gr-inets/results/receiver_data_received.txt' -> '/home/inets/0_ba/bachelor_thesis/measurements/debug/data/25/2/receiver_data_received.txt'
'/home/inets/source/gr-inets/results/sender_ack_received.txt' -> '/home/inets/0_ba/bachelor_thesis/measurements/debug/data/25/2/sender_ack_received.txt'
'/home/inets/source/gr-inets/results/sender_bfr_dq.txt' -> '/home/inets/0_ba/bachelor_thesis/measurements/debug/data/25/2/sender_bfr_dq.txt'
'/home/inets/source/gr-inets/results/sender_data_sent.txt' -> '/home/inets/0_ba/bachelor_thesis/measurements/debug/data/25/2/sender_data_sent.txt'
Measurement 2 raw data moved to /home/inets/0_ba/bachelor_thesis/measurements/debug/data/25/2/.

Measurement 3/3 complete in 5 second(s).
linux; GNU C++ version 5.4.0 20160609; Boost_105800; UHD_003.009.005-45-g6768a615
linux; GNU C++ version 5.4.0 20160609; Boost_105800; UHD_003.009.005-45-g6768a615


Using Volk machine: avx_64_mmx
-- Opening a USRP2/N-Series device...
Using Volk machine: avx_64_mmx
-- Opening a USRP2/N-Series device...
-- Current recv frame size: 1472 bytes
-- Current recv frame size: 1472 bytes
-- Current send frame size: 1472 bytes
-- Current send frame size: 1472 bytes
Measurement 3/3 complete in 4 second(s).
the 100th message counter is activated.
the 100th message counter is activated.
Measurement 3/3 complete in 3 second(s).
node starts running at 7.59324
node starts running at 7.59723
++++ frame_probe ID: 850 receives a frame at time 7.72198s ++++
INFO: Detected an invalid packet at item 0
INFO: Parser returned #f
++++ frame_probe ID: 860 receives a frame at time 7.76279s ++++
++++ frame_probe ID: 1010 receives a frame at time 7.77037s ++++
++++ frame_probe ID: 890 receives a frame at time 7.7942s ++++
the 100th message counter  has been visited 1 times  
++++ frame_probe ID: 850 receives a frame at time 8.14663s ++++
INFO: Detected an invalid packet at item 96
INFO: Parser returned #f
Measurement 3/3 complete in 2 second(s).
++++ frame_probe ID: 860 receives a frame at time 8.18747s ++++
++++ frame_probe ID: 1010 receives a frame at time 8.19326s ++++
++++ frame_probe ID: 890 receives a frame at time 8.21706s ++++
the 100th message counter  has been visited 2 times  
++++ frame_probe ID: 850 receives a frame at time 8.35112s ++++
INFO: Detected an invalid packet at item 192
INFO: Parser returned #f
++++ frame_probe ID: 860 receives a frame at time 8.39177s ++++
++++ frame_probe ID: 1010 receives a frame at time 8.39478s ++++
++++ frame_probe ID: 890 receives a frame at time 8.41856s ++++
the 100th message counter  has been visited 3 times  
++++ frame_probe ID: 850 receives a frame at time 8.51996s ++++
INFO: Detected an invalid packet at item 288
INFO: Parser returned #f
++++ frame_probe ID: 860 receives a frame at time 8.56082s ++++
++++ frame_probe ID: 1010 receives a frame at time 8.56715s ++++
++++ frame_probe ID: 890 receives a frame at time 8.59105s ++++
the 100th message counter  has been visited 4 times  
++++ frame_probe ID: 850 receives a frame at time 8.70744s ++++
INFO: Detected an invalid packet at item 384
INFO: Parser returned #f
++++ frame_probe ID: 860 receives a frame at time 8.74814s ++++
++++ frame_probe ID: 1010 receives a frame at time 8.7595s ++++
++++ frame_probe ID: 890 receives a frame at time 8.78341s ++++
the 100th message counter  has been visited 5 times  
++++ frame_probe ID: 850 receives a frame at time 8.8549s ++++
INFO: Detected an invalid packet at item 480
INFO: Parser returned #f
++++ frame_probe ID: 860 receives a frame at time 8.89578s ++++
++++ frame_probe ID: 1010 receives a frame at time 8.90384s ++++
++++ frame_probe ID: 890 receives a frame at time 8.92675s ++++
the 100th message counter  has been visited 6 times  
++++ frame_probe ID: 850 receives a frame at time 8.99925s ++++
INFO: Detected an invalid packet at item 576
INFO: Parser returned #f
++++ frame_probe ID: 860 receives a frame at time 9.03992s ++++
++++ frame_probe ID: 1010 receives a frame at time 9.0472s ++++
++++ frame_probe ID: 890 receives a frame at time 9.07108s ++++
the 100th message counter  has been visited 7 times  
++++ frame_probe ID: 850 receives a frame at time 9.15045s ++++
INFO: Detected an invalid packet at item 672
INFO: Parser returned #f
Measurement 3/3 complete in 1 second(s).
++++ frame_probe ID: 860 receives a frame at time 9.19121s ++++
++++ frame_probe ID: 1010 receives a frame at time 9.20151s ++++
++++ frame_probe ID: 890 receives a frame at time 9.22446s ++++
the 100th message counter  has been visited 8 times  
++++ frame_probe ID: 850 receives a frame at time 9.3229s ++++
INFO: Detected an invalid packet at item 768
INFO: Parser returned #f
++++ frame_probe ID: 860 receives a frame at time 9.36355s ++++
++++ frame_probe ID: 1010 receives a frame at time 9.3739s ++++
++++ frame_probe ID: 890 receives a frame at time 9.39778s ++++
the 100th message counter  has been visited 9 times  
++++ frame_probe ID: 850 receives a frame at time 9.47925s ++++
INFO: Detected an invalid packet at item 864
INFO: Parser returned #f
++++ frame_probe ID: 860 receives a frame at time 9.52s ++++
++++ frame_probe ID: 1010 receives a frame at time 9.52731s ++++
++++ frame_probe ID: 890 receives a frame at time 9.55115s ++++
the 100th message counter  has been visited 10 times  
++++ frame_probe ID: 850 receives a frame at time 9.63669s ++++
INFO: Detected an invalid packet at item 960
INFO: Parser returned #f
++++ frame_probe ID: 860 receives a frame at time 9.67732s ++++
++++ frame_probe ID: 1010 receives a frame at time 9.68154s ++++
++++ frame_probe ID: 890 receives a frame at time 9.70452s ++++
the 100th message counter  has been visited 11 times  
++++ frame_probe ID: 850 receives a frame at time 9.77386s ++++
INFO: Detected an invalid packet at item 1056
INFO: Parser returned #f
++++ frame_probe ID: 860 receives a frame at time 9.81458s ++++
++++ frame_probe ID: 1010 receives a frame at time 9.82497s ++++
++++ frame_probe ID: 890 receives a frame at time 9.84876s ++++
the 100th message counter  has been visited 12 times  
++++ frame_probe ID: 850 receives a frame at time 9.94614s ++++
INFO: Detected an invalid packet at item 1152
INFO: Parser returned #f
++++ frame_probe ID: 860 receives a frame at time 9.98711s ++++
++++ frame_probe ID: 1010 receives a frame at time 9.99827s ++++
++++ frame_probe ID: 890 receives a frame at time 10.0213s ++++
the 100th message counter  has been visited 13 times  
++++ frame_probe ID: 850 receives a frame at time 10.1377s ++++
INFO: Detected an invalid packet at item 1248
INFO: Parser returned #f
Measurement 3 raw data directory created /home/inets/0_ba/bachelor_thesis/measurements/debug/data/25/3/.
'/home/inets/source/gr-inets/results/receiver_data_received.txt' -> '/home/inets/0_ba/bachelor_thesis/measurements/debug/data/25/3/receiver_data_received.txt'
'/home/inets/source/gr-inets/results/sender_ack_received.txt' -> '/home/inets/0_ba/bachelor_thesis/measurements/debug/data/25/3/sender_ack_received.txt'
'/home/inets/source/gr-inets/results/sender_bfr_dq.txt' -> '/home/inets/0_ba/bachelor_thesis/measurements/debug/data/25/3/sender_bfr_dq.txt'
'/home/inets/source/gr-inets/results/sender_data_sent.txt' -> '/home/inets/0_ba/bachelor_thesis/measurements/debug/data/25/3/sender_data_sent.txt'
Measurement 3 raw data moved to /home/inets/0_ba/bachelor_thesis/measurements/debug/data/25/3/.

Now processing results...
Plotting Python should be: python3 (UBUNTU).
Hello from retransmissions.py!
Hello from variables.py!
0
1
2
3
0
1
2
3
0
1
2
3
Hello from myplot.py!
I will print a pdf for you now!
Hello from myplot.py!
I will print a pdf for you now!
Hello from myplot.py!
I will print a pdf for you now!
Hello from myplot.py!
I will print a pdf for you now!
Hello from myplot.py!
I will print a cdf for you now!
<a list of 1 Patch objects>
Hello from myplot.py!
I will print a cdf for you now!
<a list of 1 Patch objects>
Hello from myplot.py!
I will print a cdf for you now!
<a list of 1 Patch objects>
Hello from myplot.py!
I will print a cdf for you now!
<a list of 1 Patch objects>

+--------------------------------------------------------------+
| Plotting completed. Until the next measurement session then! |
+--------------------------------------------------------------+
