measurement 1/2 complete in 15 second(s).
linux; GNU C++ version 5.4.0 20160609; Boost_105800; UHD_003.009.005-45-g6768a615
linux; GNU C++ version 5.4.0 20160609; Boost_105800; UHD_003.009.005-45-g6768a615


Using Volk machine: avx_64_mmx
-- Opening a USRP2/N-Series device...
Using Volk machine: avx_64_mmx
-- Opening a USRP2/N-Series device...
-- Current recv frame size: 1472 bytes
-- Current send frame size: 1472 bytes
-- Current recv frame size: 1472 bytes
-- Current send frame size: 1472 bytes
measurement 1/2 complete in 14 second(s).
develop mode of resend_check ID: 24 is activated.
develop mode of resend_check ID: 24 is activated.
the 880th message counter is activated.
the 100th message counter is activated.
the 880th message counter is activated.
the 100th message counter is activated.
measurement 1/2 complete in 13 second(s).
node starts running at 43.5117
node starts running at 43.5122
++++ frame_probe ID: 850 receives a frame at time 43.8533s ++++
++++ frame_probe ID: 860 receives a frame at time 43.8939s ++++
++++ frame_probe ID: 882 receives a frame at time 43.9052s ++++
++++ frame_probe ID: 883 receives a frame at time 43.9052s ++++
++++ frame_probe ID: 884 receives a frame at time 43.9053s ++++
++++ frame_probe ID: 882 receives a frame at time 43.9245s ++++
++++ frame_probe ID: 882 receives a frame at time 43.9249s ++++
++++ frame_probe ID: 883 receives a frame at time 43.9249s ++++
++++ frame_probe ID: 885 receives a frame at time 43.9249s ++++
a data frame with index 0 from node: 3 has been transmitted 1th time
++++ frame_probe ID: 850 receives a frame at time 44.0288s ++++
++++ frame_probe ID: 860 receives a frame at time 44.0693s ++++
++++ frame_probe ID: 882 receives a frame at time 44.0776s ++++
++++ frame_probe ID: 883 receives a frame at time 44.0776s ++++
++++ frame_probe ID: 884 receives a frame at time 44.0777s ++++
++++ frame_probe ID: 882 receives a frame at time 44.0969s ++++
++++ frame_probe ID: 882 receives a frame at time 44.0971s ++++
++++ frame_probe ID: 883 receives a frame at time 44.0972s ++++
++++ frame_probe ID: 884 receives a frame at time 44.0972s ++++
counter ID 880 results at time 1344.1 is 1
++++ frame_probe ID: 890 receives a frame at time 44.0972s ++++
the 100th message counter node3_acked has been visited 1 times  
measurement 1/2 complete in 12 second(s).
measurement 1/2 complete in 11 second(s).
measurement 1/2 complete in 10 second(s).
++++ frame_probe ID: 850 receives a frame at time 46.8567s ++++
++++ frame_probe ID: 860 receives a frame at time 46.8972s ++++
++++ frame_probe ID: 882 receives a frame at time 46.8999s ++++
++++ frame_probe ID: 883 receives a frame at time 46.9s ++++
++++ frame_probe ID: 884 receives a frame at time 46.9s ++++
++++ frame_probe ID: 882 receives a frame at time 46.9193s ++++
INFO: Detected an invalid packet at item 64
INFO: Parser returned #f
a data frame with index 1 from node: 3 has been transmitted 1th time
++++ frame_probe ID: 850 receives a frame at time 47.0268s ++++
++++ frame_probe ID: 860 receives a frame at time 47.0673s ++++
++++ frame_probe ID: 882 receives a frame at time 47.0733s ++++
++++ frame_probe ID: 884 receives a frame at time ++++ frame_probe ID: 883 receives a frame at time 47.0734s ++++
47.0734s ++++
++++ frame_probe ID: 882 receives a frame at time 47.0925s ++++
++++ frame_probe ID: 882 receives a frame at time 47.093s ++++
++++ frame_probe ID: 883 receives a frame at time 47.093s ++++
++++ frame_probe ID: 884 receives a frame at time 47.093s ++++
counter ID 880 results at time 1347.09 is 1
++++ frame_probe ID: 890 receives a frame at time 47.0931s ++++
the 100th message counter node3_acked has been visited 2 times  
measurement 1/2 complete in 9 second(s).
measurement 1/2 complete in 8 second(s).
measurement 1/2 complete in 7 second(s).
measurement 1/2 complete in 6 second(s).
measurement 1/2 complete in 5 second(s).
++++ frame_probe ID: 850 receives a frame at time 51.3964s ++++
++++ frame_probe ID: 860 receives a frame at time 51.4368s ++++
++++ frame_probe ID: 882 receives a frame at time 51.441s ++++
++++ frame_probe ID: 884 receives a frame at time 51.4411s ++++
++++ frame_probe ID: 883 receives a frame at time 51.4411s ++++
++++ frame_probe ID: 882 receives a frame at time 51.4603s ++++
++++ frame_probe ID: 882 receives a frame at time 51.4606s ++++
++++ frame_probe ID: 883 receives a frame at time 51.4607s ++++
++++ frame_probe ID: 884 receives a frame at time 51.4607s ++++
counter ID 880 results at time 1351.46 is 0
++++ frame_probe ID: 890 receives a frame at time 51.4607s ++++
the 100th message counter node3_acked has been visited 3 times  
measurement 1/2 complete in 4 second(s).
measurement 1/2 complete in 3 second(s).
++++ frame_probe ID: 850 receives a frame at time 53.2195s ++++
++++ frame_probe ID: 860 receives a frame at time 53.26s ++++
++++ frame_probe ID: 882 receives a frame at time 53.2651s ++++
++++ frame_probe ID: 883 receives a frame at time 53.2652s ++++
++++ frame_probe ID: 884 receives a frame at time 53.2652s ++++
++++ frame_probe ID: 882 receives a frame at time 53.2845s ++++
++++ frame_probe ID: 882 receives a frame at time 53.2847s ++++
++++ frame_probe ID: 883 receives a frame at time 53.2848s ++++
++++ frame_probe ID: 884 receives a frame at time 53.2848s ++++
counter ID 880 results at time 1353.28 is 0
++++ frame_probe ID: 890 receives a frame at time 53.2849s ++++
the 100th message counter node3_acked has been visited 4 times  
++++ frame_probe ID: 850 receives a frame at time 54.0099s ++++
++++ frame_probe ID: 860 receives a frame at time 54.0503s ++++
++++ frame_probe ID: 882 receives a frame at time 54.0619s ++++
++++ frame_probe ID: 883 receives a frame at time 54.062s ++++
++++ frame_probe ID: 884 receives a frame at time 54.062s ++++
++++ frame_probe ID: 882 receives a frame at time 54.0812s ++++
++++ frame_probe ID: 882 receives a frame at time 54.0815s ++++
++++ frame_probe ID: 883 receives a frame at time 54.0815s ++++
++++ frame_probe ID: 884 receives a frame at time 54.0815s ++++
counter ID 880 results at time 1354.08 is 0
++++ frame_probe ID: 890 receives a frame at time 54.0816s ++++
the 100th message counter node3_acked has been visited 5 times  
measurement 1/2 complete in 2 second(s).
measurement 1/2 complete in 1 second(s).
measurement 1 raw data directory created /home/inets/0_ba/bachelor_thesis/measurements/debug/data/147/1/.
'/home/inets/source/gr-inets/results/sender_ack_received.txt' -> '/home/inets/0_ba/bachelor_thesis/measurements/debug/data/147/1/sender_ack_received.txt'
'/home/inets/source/gr-inets/results/sender_bfr_dq.txt' -> '/home/inets/0_ba/bachelor_thesis/measurements/debug/data/147/1/sender_bfr_dq.txt'
'/home/inets/source/gr-inets/results/sender_data_sent.txt' -> '/home/inets/0_ba/bachelor_thesis/measurements/debug/data/147/1/sender_data_sent.txt'
'/home/inets/source/gr-inets/results/sender_frame_anlyzed.txt' -> '/home/inets/0_ba/bachelor_thesis/measurements/debug/data/147/1/sender_frame_anlyzed.txt'
'/home/inets/source/gr-inets/results/sender_frame_checked_bad.txt' -> '/home/inets/0_ba/bachelor_thesis/measurements/debug/data/147/1/sender_frame_checked_bad.txt'
'/home/inets/source/gr-inets/results/sender_frame_checked_good.txt' -> '/home/inets/0_ba/bachelor_thesis/measurements/debug/data/147/1/sender_frame_checked_good.txt'
'/home/inets/source/gr-inets/results/sender_frame_received.txt' -> '/home/inets/0_ba/bachelor_thesis/measurements/debug/data/147/1/sender_frame_received.txt'
'/home/inets/source/gr-inets/results/sender_retransmissions.txt' -> '/home/inets/0_ba/bachelor_thesis/measurements/debug/data/147/1/sender_retransmissions.txt'
measurement 1 raw data moved to /home/inets/0_ba/bachelor_thesis/measurements/debug/data/147/1/.

measurement 2/2 complete in 15 second(s).
linux; GNU C++ version 5.4.0 20160609; Boost_105800; UHD_003.009.005-45-g6768a615
linux; GNU C++ version 5.4.0 20160609; Boost_105800; UHD_003.009.005-45-g6768a615


Using Volk machine: avx_64_mmx
-- Opening a USRP2/N-Series device...
Using Volk machine: avx_64_mmx
-- Opening a USRP2/N-Series device...
-- Current recv frame size: 1472 bytes
-- Current send frame size: 1472 bytes
-- Current recv frame size: 1472 bytes
-- Current send frame size: 1472 bytes
measurement 2/2 complete in 14 second(s).
develop mode of resend_check ID: 24 is activated.
develop mode of resend_check ID: 24 is activated.
the 880th message counter is activated.
the 100th message counter is activated.
the 880th message counter is activated.
the 100th message counter is activated.
measurement 2/2 complete in 13 second(s).
node starts running at 58.5271
node starts running at 58.5288
measurement 2/2 complete in 12 second(s).
measurement 2/2 complete in 11 second(s).
measurement 2/2 complete in 10 second(s).
++++ frame_probe ID: 850 receives a frame at time 61.4805s ++++
++++ frame_probe ID: 860 receives a frame at time 61.5211s ++++
++++ frame_probe ID: 882 receives a frame at time 61.5327s ++++
++++ frame_probe ID: 883 receives a frame at time 61.5328s ++++
++++ frame_probe ID: 884 receives a frame at time 61.5328s ++++
++++ frame_probe ID: 882 receives a frame at time 61.552s ++++
++++ frame_probe ID: 882 receives a frame at time 61.5521s ++++
++++ frame_probe ID: 883 receives a frame at time 61.5522s ++++
++++ frame_probe ID: 885 receives a frame at time 61.5523s ++++
a data frame with index 0 from node: 3 has been transmitted 1th time
++++ frame_probe ID: 850 receives a frame at time 61.6565s ++++
++++ frame_probe ID: 860 receives a frame at time 61.697s ++++
++++ frame_probe ID: 882 receives a frame at time 61.7061s ++++
++++ frame_probe ID: 883 receives a frame at time 61.7061s ++++
++++ frame_probe ID: 884 receives a frame at time 61.7061s ++++
++++ frame_probe ID: 882 receives a frame at time 61.7253s ++++
++++ frame_probe ID: 882 receives a frame at time 61.7255s ++++
++++ frame_probe ID: 883 receives a frame at time 61.7255s ++++
++++ frame_probe ID: 885 receives a frame at time 61.7255s ++++
a data frame with index 0 from node: 3 has been transmitted 2th time
++++ frame_probe ID: 850 receives a frame at time 61.8266s ++++
++++ frame_probe ID: 860 receives a frame at time 61.8673s ++++
++++ frame_probe ID: 882 receives a frame at time 61.8785s ++++
++++ frame_probe ID: 883 receives a frame at time 61.8785s ++++
++++ frame_probe ID: 884 receives a frame at time 61.8786s ++++
++++ frame_probe ID: 882 receives a frame at time 61.8977s ++++
++++ frame_probe ID: 882 receives a frame at time 61.8979s ++++
++++ frame_probe ID: 883 receives a frame at time 61.8979s ++++
++++ frame_probe ID: 885 receives a frame at time 61.8979s ++++
a data frame with index 0 from node: 3 has been transmitted 3th time
++++ frame_probe ID: 850 receives a frame at time 61.9969s ++++
++++ frame_probe ID: 860 receives a frame at time 62.0374s ++++
++++ frame_probe ID: 882 receives a frame at time 62.0419s ++++
++++ frame_probe ID: 883 receives a frame at time 62.0419s ++++
++++ frame_probe ID: 884 receives a frame at time 62.0419s ++++
++++ frame_probe ID: 882 receives a frame at time 62.0611s ++++
INFO: Detected an invalid packet at item 96
INFO: Parser returned #f
measurement 2/2 complete in 9 second(s).
a data frame with index 0 from node: 3 has been transmitted 4th time
++++ frame_probe ID: 850 receives a frame at time 62.2321s ++++
++++ frame_probe ID: 860 receives a frame at time 62.2726s ++++
++++ frame_probe ID: 882 receives a frame at time 62.2814s ++++
++++ frame_probe ID: 883 receives a frame at time 62.2815s ++++
++++ frame_probe ID: 884 receives a frame at time 62.2815s ++++
++++ frame_probe ID: 882 receives a frame at time 62.3007s ++++
++++ frame_probe ID: 882 receives a frame at time 62.301s ++++
++++ frame_probe ID: 885 receives a frame at time 62.3011s ++++
++++ frame_probe ID: 883 receives a frame at time 62.3011s ++++
a data frame with index 0 from node: 3 has been transmitted 5th time
++++ frame_probe ID: 850 receives a frame at time 62.4671s ++++
++++ frame_probe ID: 860 receives a frame at time 62.5076s ++++
++++ frame_probe ID: 882 receives a frame at time 62.5119s ++++
++++ frame_probe ID: 883 receives a frame at time 62.5119s ++++
++++ frame_probe ID: 884 receives a frame at time 62.512s ++++
++++ frame_probe ID: 882 receives a frame at time 62.5314s ++++
++++ frame_probe ID: 882 receives a frame at time 62.5314s ++++
measurement 2/2 complete in 8 second(s).
measurement 2/2 complete in 7 second(s).
measurement 2/2 complete in 6 second(s).
measurement 2/2 complete in 5 second(s).
measurement 2/2 complete in 4 second(s).
measurement 2/2 complete in 3 second(s).
measurement 2/2 complete in 2 second(s).
measurement 2/2 complete in 1 second(s).
measurement 2 raw data directory created /home/inets/0_ba/bachelor_thesis/measurements/debug/data/147/2/.
'/home/inets/source/gr-inets/results/sender_bfr_dq.txt' -> '/home/inets/0_ba/bachelor_thesis/measurements/debug/data/147/2/sender_bfr_dq.txt'
'/home/inets/source/gr-inets/results/sender_data_sent.txt' -> '/home/inets/0_ba/bachelor_thesis/measurements/debug/data/147/2/sender_data_sent.txt'
'/home/inets/source/gr-inets/results/sender_frame_anlyzed.txt' -> '/home/inets/0_ba/bachelor_thesis/measurements/debug/data/147/2/sender_frame_anlyzed.txt'
'/home/inets/source/gr-inets/results/sender_frame_checked_bad.txt' -> '/home/inets/0_ba/bachelor_thesis/measurements/debug/data/147/2/sender_frame_checked_bad.txt'
'/home/inets/source/gr-inets/results/sender_frame_checked_good.txt' -> '/home/inets/0_ba/bachelor_thesis/measurements/debug/data/147/2/sender_frame_checked_good.txt'
'/home/inets/source/gr-inets/results/sender_frame_received.txt' -> '/home/inets/0_ba/bachelor_thesis/measurements/debug/data/147/2/sender_frame_received.txt'
measurement 2 raw data moved to /home/inets/0_ba/bachelor_thesis/measurements/debug/data/147/2/.

now processing results...
plotting python should be: python3 (ubuntu).
Hello from throughput.py!
hello from variables.py!
Ack file not found. Probably zero throughput
Data file not found. Probably zero throughput.
Ack file not found. Probably zero throughput
Data file not found. Probably zero throughput.
[ 0.  0.]
Hello from myplot.py!
I will print a pdf for you now!
Hello from rtt.py!
hello from variables.py!
data_sent: 1500391343.853289
data_sent: 1500391344.028751
data_sent: 1500391346.856729
data_sent: 1500391347.026843
data_sent: 1500391351.396351
data_sent: 1500391353.219469
data_sent: 1500391354.009880
ack_received: 1500391344.097203
ack_received: 1500391347.093070
ack_received: 1500391351.460739
ack_received: 1500391353.284864
ack_received: 1500391354.081562
retx: [1, 1, 0, 0, 0]

The resulting RTTs of this single measurement are:
[0.06439, 0.06539, 0.07168]



The resulting mean RTT of this single measurement is:
0.06715333333333333


abs. packet loss: 2.0
packet loss in %: 28.57%
data_sent: 1500391361.480494
data_sent: 1500391361.656498
data_sent: 1500391361.826611
data_sent: 1500391361.996865
data_sent: 1500391362.232061
data_sent: 1500391362.467092
File /home/inets/0_ba/bachelor_thesis/measurements/debug/data/147/2/sender_ack_received.txt not found.                 Assuming not reached in GR.
File /home/inets/0_ba/bachelor_thesis/measurements/debug/data/147/2/sender_retransmissions.txt not found.                 Assuming not reached in GR. Creating data for you...

The resulting RTTs of this single measurement are:
[]



The resulting mean RTT of this single measurement is:
100


abs. packet loss: 6.0
packet loss in %: 100.0%
[  6.71533333e-02   1.00000000e+02]
Hello from myplot.py!
I will print a pdf for you now!

+--------------------------------------------------------------+
| plotting completed. until the next measurement session then! |
+--------------------------------------------------------------+
