measurement 1/2 complete in 5 second(s).
linux; GNU C++ version 5.4.0 20160609; Boost_105800; UHD_003.009.005-45-g6768a615
linux; GNU C++ version 5.4.0 20160609; Boost_105800; UHD_003.009.005-45-g6768a615


Using Volk machine: avx_64_mmx
-- Opening a USRP2/N-Series device...
Using Volk machine: avx_64_mmx
-- Opening a USRP2/N-Series device...
-- Current recv frame size: 1472 bytes
-- Current send frame size: 1472 bytes
-- Current recv frame size: 1472 bytes
-- Current send frame size: 1472 bytes
measurement 1/2 complete in 4 second(s).
develop mode of resend_check ID: 24 is activated.
develop mode of resend_check ID: 24 is activated.
the 100th message counter is activated.
the 880th message counter is activated.
the 100th message counter is activated.
measurement 1/2 complete in 3 second(s).
node starts running at 79.5025
node starts running at 79.5061
++++ frame_probe ID: 1050 receives a frame at time 79.5463s ++++
++++ frame_probe ID: 1060 receives a frame at time 79.5878s ++++
++++ frame_probe ID: ++++ frame_probe ID: 883882 receives a frame at time  receives a frame at time 79.5915s ++++79.5915
s ++++
++++ frame_probe ID: 884 receives a frame at time 79.5915s ++++
++++ frame_probe ID: 890 receives a frame at time 79.5915s ++++
++++ frame_probe ID: 860 receives a frame at time 79.6071s ++++
++++ frame_probe ID: 882 receives a frame at time 79.6107s ++++
++++ frame_probe ID: 1082 receives a frame at time 79.6108s ++++
++++ frame_probe ID: 1083 receives a frame at time 79.6108s ++++
++++ frame_probe ID: 1084 receives a frame at time 79.6108s ++++
counter ID 880 results at time ++++ frame_probe ID: 5979.61 is 1090 receives a frame at time 0
79.6109s ++++
the 100th message counter node3_acked has been visited 1 times  
++++ frame_probe ID: 1050 receives a frame at time 79.7083s ++++
++++ frame_probe ID: 1060 receives a frame at time 79.749s ++++
++++ frame_probe ID: 882 receives a frame at time 79.7546s ++++
++++ frame_probe ID: 883 receives a frame at time 79.7547s ++++
++++ frame_probe ID: 884 receives a frame at time 79.7547s ++++
++++ frame_probe ID: 890 receives a frame at time 79.7547s ++++
++++ frame_probe ID: 860 receives a frame at time 79.7699s ++++
++++ frame_probe ID: 882 receives a frame at time 79.774s ++++
++++ frame_probe ID: 1082 receives a frame at time 79.7741s ++++
++++ frame_probe ID: 1083 receives a frame at time 79.7742s ++++
++++ frame_probe ID: 1084 receives a frame at time 79.7742s ++++
counter ID 880 results at time 5979.77 is 0
++++ frame_probe ID: 1090 receives a frame at time 79.7742s ++++
the 100th message counter node3_acked has been visited 2 times  
++++ frame_probe ID: 1050 receives a frame at time 79.8906s ++++
++++ frame_probe ID: 1060 receives a frame at time 79.9313s ++++
++++ frame_probe ID: 882 receives a frame at time 79.9369s ++++
++++ frame_probe ID: 883 receives a frame at time 79.937s ++++
++++ frame_probe ID: 884 receives a frame at time 79.937s ++++
++++ frame_probe ID: 890 receives a frame at time 79.937s ++++
++++ frame_probe ID: 860 receives a frame at time 79.9521s ++++
++++ frame_probe ID: 882 receives a frame at time 79.9563s ++++
++++ frame_probe ID: 1082 receives a frame at time 79.9563s ++++
++++ frame_probe ID: 1083 receives a frame at time 79.9563s ++++
++++ frame_probe ID: 1084 receives a frame at time 79.9563s ++++
counter ID 880 results at time ++++ frame_probe ID: 1090 receives a frame at time 5979.96 is 0
79.9564s ++++
the 100th message counter node3_acked has been visited 3 times  
++++ frame_probe ID: 1050 receives a frame at time 80.0637s ++++
++++ frame_probe ID: 1060 receives a frame at time 80.1044s ++++
measurement 1/2 complete in 2 second(s).
++++ frame_probe ID: 882 receives a frame at time 80.1095s ++++
++++ frame_probe ID: 883 receives a frame at time 80.1095s ++++
++++ frame_probe ID: 884 receives a frame at time 80.1096s ++++
++++ frame_probe ID: 890 receives a frame at time 80.1096s ++++
++++ frame_probe ID: 860 receives a frame at time 80.1247s ++++
++++ frame_probe ID: 882 receives a frame at time 80.1297s ++++
++++ frame_probe ID: 1082 receives a frame at time 80.1297s ++++
++++ frame_probe ID: 1083 receives a frame at time 80.1298s ++++
++++ frame_probe ID: 1084 receives a frame at time 80.1298s ++++
counter ID 880 results at time 5980.13 is 0++++ frame_probe ID: 
1090 receives a frame at time 80.1298s ++++
the 100th message counter node3_acked has been visited 4 times  
++++ frame_probe ID: 1050 receives a frame at time 80.2321s ++++
++++ frame_probe ID: 1060 receives a frame at time 80.2729s ++++
++++ frame_probe ID: 882 receives a frame at time 80.2828s ++++
++++ frame_probe ID: 883 receives a frame at time 80.2828s ++++
++++ frame_probe ID: 884 receives a frame at time 80.2828s ++++
++++ frame_probe ID: 890 receives a frame at time 80.2829s ++++
++++ frame_probe ID: 860 receives a frame at time 80.2986s ++++
++++ frame_probe ID: 882 receives a frame at time 80.3021s ++++
++++ frame_probe ID: 1082 receives a frame at time 80.3021s ++++
++++ frame_probe ID: 1083 receives a frame at time 80.3022s ++++
++++ frame_probe ID: 1085 receives a frame at time 80.3023s ++++
a data frame with index 4 from node: 3 has been transmitted 1th time
++++ frame_probe ID: 1050 receives a frame at time 80.4024s ++++
++++ frame_probe ID: 1060 receives a frame at time 80.4432s ++++
++++ frame_probe ID: 882 receives a frame at time 80.4463s ++++
++++ frame_probe ID: 883 receives a frame at time 80.4463s ++++
++++ frame_probe ID: 884 receives a frame at time 80.4464s ++++
++++ frame_probe ID: 890 receives a frame at time 80.4464s ++++
++++ frame_probe ID: 860 receives a frame at time 80.4616s ++++
++++ frame_probe ID: 882 receives a frame at time 80.4656s ++++
++++ frame_probe ID: 1082 receives a frame at time 80.4657s ++++
++++ frame_probe ID: 1083 receives a frame at time 80.4658s ++++
++++ frame_probe ID: 1084 receives a frame at time 80.4658s ++++
counter ID 880 results at time 5980.47 is 1
++++ frame_probe ID: 1090 receives a frame at time 80.4658s ++++
the 100th message counter node3_acked has been visited 5 times  
++++ frame_probe ID: 1050 receives a frame at time 80.5581s ++++
++++ frame_probe ID: 1060 receives a frame at time 80.5991s ++++
++++ frame_probe ID: 882 receives a frame at time 80.6096s ++++
++++ frame_probe ID: 883 receives a frame at time 80.6096s ++++
++++ frame_probe ID: 884 receives a frame at time 80.6097s ++++
++++ frame_probe ID: 890 receives a frame at time 80.6097s ++++
++++ frame_probe ID: 860 receives a frame at time 80.6251s ++++
++++ frame_probe ID: 1082 receives a frame at time 80.6289s ++++
++++ frame_probe ID: 1083 receives a frame at time 80.6289s ++++
++++ frame_probe ID: 1084 receives a frame at time 80.629s ++++
counter ID 880 results at time 5980.63 is 0
++++ frame_probe ID: 1090 receives a frame at time 80.629s ++++
++++ frame_probe ID: 882 receives a frame at time 80.6297s ++++
the 100th message counter node3_acked has been visited 6 times  
++++ frame_probe ID: 1050 receives a frame at time 80.7104s ++++
++++ frame_probe ID: 1060 receives a frame at time 80.751s ++++
++++ frame_probe ID: 882 receives a frame at time 80.763s ++++
++++ frame_probe ID: 883 receives a frame at time 80.763s ++++
++++ frame_probe ID: 884 receives a frame at time 80.763s ++++
++++ frame_probe ID: 890 receives a frame at time 80.7631s ++++
++++ frame_probe ID: 860 receives a frame at time 80.7782s ++++
++++ frame_probe ID: 882 receives a frame at time 80.7823s ++++
++++ frame_probe ID: 1082 receives a frame at time 80.7824s ++++
++++ frame_probe ID: 1083 receives a frame at time 80.7824s ++++
++++ frame_probe ID: 1084 receives a frame at time 80.7825s ++++
counter ID 880 results at time ++++ frame_probe ID: 10905980.78 receives a frame at time  is 0
80.7825s ++++
the 100th message counter node3_acked has been visited 7 times  
++++ frame_probe ID: 1050 receives a frame at time 80.867s ++++
++++ frame_probe ID: 1060 receives a frame at time 80.9083s ++++
++++ frame_probe ID: 882 receives a frame at time 80.9164s ++++
++++ frame_probe ID: 883 receives a frame at time 80.9164s ++++
++++ frame_probe ID: 884 receives a frame at time 80.9164s ++++
++++ frame_probe ID: 890 receives a frame at time 80.9165s ++++
++++ frame_probe ID: 860 receives a frame at time 80.9316s ++++
++++ frame_probe ID: 882 receives a frame at time 80.936s ++++
++++ frame_probe ID: 1082 receives a frame at time 80.9361s ++++
++++ frame_probe ID: 1083 receives a frame at time 80.9361s ++++
++++ frame_probe ID: 1084 receives a frame at time 80.9362s ++++
counter ID 880 results at time ++++ frame_probe ID: 5980.94 is 10900 receives a frame at time 
80.9362s ++++
the 100th message counter node3_acked has been visited 8 times  
++++ frame_probe ID: 1050 receives a frame at time 81.0265s ++++
++++ frame_probe ID: 1060 receives a frame at time 81.0674s ++++
++++ frame_probe ID: 882 receives a frame at time 81.0798s ++++
++++ frame_probe ID: 883 receives a frame at time 81.0798s ++++
++++ frame_probe ID: 884 receives a frame at time 81.0799s ++++
++++ frame_probe ID: 890 receives a frame at time 81.0799s ++++
++++ frame_probe ID: 860 receives a frame at time 81.095s ++++
++++ frame_probe ID: 882 receives a frame at time 81.0992s ++++
++++ frame_probe ID: 1082 receives a frame at time 81.0993s ++++
++++ frame_probe ID: 1083 receives a frame at time 81.0993s ++++
++++ frame_probe ID: 1085 receives a frame at time 81.0993s ++++
measurement 1/2 complete in 1 second(s).
a data frame with index 8 from node: 3 has been transmitted 1th time
++++ frame_probe ID: 1050 receives a frame at time 81.1972s ++++
++++ frame_probe ID: 1060 receives a frame at time 81.2379s ++++
++++ frame_probe ID: 882 receives a frame at time 81.2429s ++++
++++ frame_probe ID: 883 receives a frame at time 81.243s ++++
++++ frame_probe ID: 884 receives a frame at time 81.243s ++++
++++ frame_probe ID: 890 receives a frame at time 81.2431s ++++
++++ frame_probe ID: 860 receives a frame at time 81.2582s ++++
++++ frame_probe ID: 882 receives a frame at time 81.2623s ++++
++++ frame_probe ID: 1082 receives a frame at time 81.2624s ++++
++++ frame_probe ID: 1083 receives a frame at time 81.2625s ++++
++++ frame_probe ID: 1085 receives a frame at time 81.2625s ++++
a data frame with index 8 from node: 3 has been transmitted 2th time
++++ frame_probe ID: 1050 receives a frame at time 81.3775s ++++
++++ frame_probe ID: 1060 receives a frame at time 81.4183s ++++
++++ frame_probe ID: 882 receives a frame at time 81.4254s ++++
++++ frame_probe ID: 884 receives a frame at time ++++ frame_probe ID: 883 receives a frame at time 81.4255s ++++
81.4255s ++++
++++ frame_probe ID: 890 receives a frame at time 81.4255s ++++
++++ frame_probe ID: 860 receives a frame at time 81.4407s ++++
++++ frame_probe ID: 882 receives a frame at time 81.4447s ++++
++++ frame_probe ID: 1082 receives a frame at time 81.4448s ++++
++++ frame_probe ID: 1083 receives a frame at time 81.4448s ++++
++++ frame_probe ID: 1084 receives a frame at time 81.4449s ++++
counter ID 880 results at time ++++ frame_probe ID: 1090 receives a frame at time 5981.44 is 2
81.4449s ++++
the 100th message counter node3_acked has been visited 9 times  
++++ frame_probe ID: 1050 receives a frame at time 81.5553s ++++
++++ frame_probe ID: 1060 receives a frame at time 81.5959s ++++
++++ frame_probe ID: 882 receives a frame at time 81.6079s ++++
++++ frame_probe ID: 883 receives a frame at time 81.6079s ++++
++++ frame_probe ID: 884 receives a frame at time 81.608s ++++
++++ frame_probe ID: 890 receives a frame at time 81.608s ++++
++++ frame_probe ID: 860 receives a frame at time 81.6231s ++++
++++ frame_probe ID: 882 receives a frame at time 81.6271s ++++
++++ frame_probe ID: 1082 receives a frame at time 81.6273s ++++
++++ frame_probe ID: 1083 receives a frame at time 81.6274s ++++
++++ frame_probe ID: 1085 receives a frame at time 81.6274s ++++
a data frame with index 9 from node: 3 has been transmitted 1th time
++++ frame_probe ID: 1050 receives a frame at time 81.7257s ++++
++++ frame_probe ID: 1060 receives a frame at time 81.7664s ++++
++++ frame_probe ID: 882 receives a frame at time 81.7712s ++++
++++ frame_probe ID: 883 receives a frame at time 81.7712s ++++
++++ frame_probe ID: 884 receives a frame at time 81.7713s ++++
++++ frame_probe ID: 890 receives a frame at time 81.7713s ++++
++++ frame_probe ID: 860 receives a frame at time 81.7866s ++++
INFO: Detected an invalid packet at item 416
++++ frame_probe ID: 882 receives a frame at time 81.7905s ++++
INFO: Parser returned #f
a data frame with index 9 from node: 3 has been transmitted 2th time
++++ frame_probe ID: 1050 receives a frame at time 81.8963s ++++
++++ frame_probe ID: 1060 receives a frame at time 81.937s ++++
++++ frame_probe ID: 882 receives a frame at time 81.9436s ++++++++ frame_probe ID: 
883 receives a frame at time 81.9436s ++++
++++ frame_probe ID: 884 receives a frame at time 81.9437s ++++
++++ frame_probe ID: 890 receives a frame at time 81.9437s ++++
++++ frame_probe ID: 860 receives a frame at time 81.9587s ++++
++++ frame_probe ID: 882 receives a frame at time 81.9632s ++++
++++ frame_probe ID: 1082 receives a frame at time 81.9633s ++++
++++ frame_probe ID: 1083 receives a frame at time 81.9633s ++++
++++ frame_probe ID: 1084 receives a frame at time 81.9633s ++++
counter ID 880 results at time ++++ frame_probe ID: 1090 receives a frame at time 5981.96 is 2
81.9634s ++++
the 100th message counter node3_acked has been visited 10 times  
++++ frame_probe ID: 1050 receives a frame at time 82.0378s ++++
++++ frame_probe ID: 1060 receives a frame at time 82.0786s ++++
++++ frame_probe ID: 882 receives a frame at time 82.087s ++++
++++ frame_probe ID: 883 receives a frame at time 82.087s ++++
++++ frame_probe ID: 884 receives a frame at time 82.087s ++++
++++ frame_probe ID: 890 receives a frame at time 82.0871s ++++
++++ frame_probe ID: 860 receives a frame at time 82.1022s ++++
++++ frame_probe ID: 882 receives a frame at time 82.1065s ++++
++++ frame_probe ID: 1082 receives a frame at time 82.1074s ++++
++++ frame_probe ID: ++++ frame_probe ID: 1083 receives a frame at time 1084 receives a frame at time 82.1075s ++++
82.1075s ++++
counter ID 880 results at time ++++ frame_probe ID: 1090 receives a frame at time 5982.11 is 0
82.1076s ++++
measurement 1 raw data directory created /home/inets/0_ba/bachelor_thesis/measurements/debug/data/162/1/.
'/home/inets/source/gr-inets/results/receiver_ack_sent.txt' -> '/home/inets/0_ba/bachelor_thesis/measurements/debug/data/162/1/receiver_ack_sent.txt'
'/home/inets/source/gr-inets/results/receiver_data_received.txt' -> '/home/inets/0_ba/bachelor_thesis/measurements/debug/data/162/1/receiver_data_received.txt'
'/home/inets/source/gr-inets/results/receiver_frame_anlyzed.txt' -> '/home/inets/0_ba/bachelor_thesis/measurements/debug/data/162/1/receiver_frame_anlyzed.txt'
'/home/inets/source/gr-inets/results/receiver_frame_checked_good.txt' -> '/home/inets/0_ba/bachelor_thesis/measurements/debug/data/162/1/receiver_frame_checked_good.txt'
'/home/inets/source/gr-inets/results/receiver_frame_received.txt' -> '/home/inets/0_ba/bachelor_thesis/measurements/debug/data/162/1/receiver_frame_received.txt'
'/home/inets/source/gr-inets/results/sender_ack_received.txt' -> '/home/inets/0_ba/bachelor_thesis/measurements/debug/data/162/1/sender_ack_received.txt'
'/home/inets/source/gr-inets/results/sender_bfr_dq.txt' -> '/home/inets/0_ba/bachelor_thesis/measurements/debug/data/162/1/sender_bfr_dq.txt'
'/home/inets/source/gr-inets/results/sender_data_sent.txt' -> '/home/inets/0_ba/bachelor_thesis/measurements/debug/data/162/1/sender_data_sent.txt'
'/home/inets/source/gr-inets/results/sender_frame_anlyzed.txt' -> '/home/inets/0_ba/bachelor_thesis/measurements/debug/data/162/1/sender_frame_anlyzed.txt'
'/home/inets/source/gr-inets/results/sender_frame_checked_bad.txt' -> '/home/inets/0_ba/bachelor_thesis/measurements/debug/data/162/1/sender_frame_checked_bad.txt'
'/home/inets/source/gr-inets/results/sender_frame_checked_good.txt' -> '/home/inets/0_ba/bachelor_thesis/measurements/debug/data/162/1/sender_frame_checked_good.txt'
'/home/inets/source/gr-inets/results/sender_frame_received.txt' -> '/home/inets/0_ba/bachelor_thesis/measurements/debug/data/162/1/sender_frame_received.txt'
'/home/inets/source/gr-inets/results/sender_retransmissions.txt' -> '/home/inets/0_ba/bachelor_thesis/measurements/debug/data/162/1/sender_retransmissions.txt'
measurement 1 raw data moved to /home/inets/0_ba/bachelor_thesis/measurements/debug/data/162/1/.

measurement 2/2 complete in 5 second(s).
linux; GNU C++ version 5.4.0 20160609; Boost_105800; UHD_003.009.005-45-g6768a615
linux; GNU C++ version 5.4.0 20160609; Boost_105800; UHD_003.009.005-45-g6768a615


Using Volk machine: avx_64_mmx
-- Opening a USRP2/N-Series device...
Using Volk machine: avx_64_mmx
-- Opening a USRP2/N-Series device...
-- Current recv frame size: 1472 bytes
-- Current send frame size: 1472 bytes
-- Current recv frame size: 1472 bytes
-- Current send frame size: 1472 bytes
measurement 2/2 complete in 4 second(s).
develop mode of resend_check ID: 24 is activated.
develop mode of resend_check ID: 24 is activated.
the 880th message counter is activated.
the 100th message counter is activated.
the 100th message counter is activated.
measurement 2/2 complete in 3 second(s).
node starts running at 84.4618
node starts running at 84.4763
++++ frame_probe ID: 1050 receives a frame at time 84.7133s ++++
++++ frame_probe ID: 1060 receives a frame at time 84.7543s ++++
++++ frame_probe ID: 882 receives a frame at time 84.7577s ++++
++++ frame_probe ID: 883 receives a frame at time 84.7578s ++++
++++ frame_probe ID: 884 receives a frame at time 84.7578s ++++
++++ frame_probe ID: 890 receives a frame at time 84.7579s ++++
++++ frame_probe ID: 860 receives a frame at time 84.7734s ++++
++++ frame_probe ID: 882 receives a frame at time 84.7771s ++++
++++ frame_probe ID: 1082 receives a frame at time 84.7782s ++++
++++ frame_probe ID: 1083 receives a frame at time 84.7783s ++++
++++ frame_probe ID: 1085 receives a frame at time 84.7783s ++++
a data frame with index 0 from node: 3 has been transmitted 1th time
++++ frame_probe ID: 1050 receives a frame at time 84.8892s ++++
++++ frame_probe ID: 1060 receives a frame at time 84.9301s ++++
++++ frame_probe ID: 882 receives a frame at time 84.9401s ++++
++++ frame_probe ID: 883 receives a frame at time 84.9401s ++++
++++ frame_probe ID: 885 receives a frame at time 84.9402s ++++
a data frame with index 0 from node: 3 has been transmitted 2th time
++++ frame_probe ID: 1050 receives a frame at time 85.0653s ++++
++++ frame_probe ID: 1060 receives a frame at time 85.1061s ++++
++++ frame_probe ID: 882 receives a frame at time 85.1127s ++++
++++ frame_probe ID: 883 receives a frame at time 85.1128s ++++
++++ frame_probe ID: 885 receives a frame at time 85.1128s ++++
measurement 2/2 complete in 2 second(s).
a data frame with index 0 from node: 3 has been transmitted 3th time
++++ frame_probe ID: 1050 receives a frame at time 85.2411s ++++
++++ frame_probe ID: 1060 receives a frame at time 85.2819s ++++
++++ frame_probe ID: 882 receives a frame at time 85.2847s ++++
++++ frame_probe ID: 883 receives a frame at time 85.2848s ++++
++++ frame_probe ID: 885 receives a frame at time 85.2849s ++++
a data frame with index 0 from node: 3 has been transmitted 4th time
++++ frame_probe ID: 1050 receives a frame at time 85.4516s ++++
++++ frame_probe ID: 1060 receives a frame at time 85.4924s ++++
++++ frame_probe ID: 882 receives a frame at time 85.4963s ++++
++++ frame_probe ID: 883 receives a frame at time 85.4963s ++++
++++ frame_probe ID: 884 receives a frame at time 85.4964s ++++
++++ frame_probe ID: 890 receives a frame at time 85.4964s ++++
++++ frame_probe ID: 860 receives a frame at time 85.5115s ++++
++++ frame_probe ID: 882 receives a frame at time 85.5157s ++++
++++ frame_probe ID: 1082 receives a frame at time 85.5176s ++++
++++ frame_probe ID: 1083 receives a frame at time 85.5176s ++++
++++ frame_probe ID: 1084 receives a frame at time 85.5177s ++++
counter ID 880 results at time 5985.52 is 4
++++ frame_probe ID: 1090 receives a frame at time 85.5177s ++++
the 100th message counter node3_acked has been visited 1 times  
++++ frame_probe ID: 1050 receives a frame at time 85.598s ++++
++++ frame_probe ID: 1060 receives a frame at time 85.6388s ++++
++++ frame_probe ID: 882 receives a frame at time 85.6495s ++++
++++ frame_probe ID: 883 receives a frame at time 85.6496s ++++
++++ frame_probe ID: 884 receives a frame at time 85.6496s ++++
++++ frame_probe ID: 890 receives a frame at time 85.6497s ++++
++++ frame_probe ID: 860 receives a frame at time 85.6648s ++++
++++ frame_probe ID: 882 receives a frame at time 85.6689s ++++
++++ frame_probe ID: 1082 receives a frame at time 85.6709s ++++
++++ frame_probe ID: 1083 receives a frame at time 85.6709s ++++
++++ frame_probe ID: 1085 receives a frame at time 85.6709s ++++
a data frame with index 1 from node: 3 has been transmitted 1th time
++++ frame_probe ID: 1050 receives a frame at time 85.7687s ++++
++++ frame_probe ID: 1060 receives a frame at time 85.8095s ++++
++++ frame_probe ID: 882 receives a frame at time 85.8131s ++++
++++ frame_probe ID: 883 receives a frame at time 85.8132s ++++
++++ frame_probe ID: 885 receives a frame at time 85.8132s ++++
a data frame with index 1 from node: 3 has been transmitted 2th time
++++ frame_probe ID: 1050 receives a frame at time 85.9446s ++++
++++ frame_probe ID: 1060 receives a frame at time 85.9854s ++++
++++ frame_probe ID: 882 receives a frame at time 85.9954s ++++
++++ frame_probe ID: 883 receives a frame at time 85.9955s ++++
++++ frame_probe ID: 885 receives a frame at time 85.9956s ++++
a data frame with index 1 from node: 3 has been transmitted 3th time
measurement 2/2 complete in 1 second(s).
++++ frame_probe ID: 1050 receives a frame at time 86.1357s ++++
++++ frame_probe ID: 1060 receives a frame at time 86.1767s ++++
++++ frame_probe ID: 882 receives a frame at time 86.187s ++++
++++ frame_probe ID: 883 receives a frame at time 86.1871s ++++
++++ frame_probe ID: 885 receives a frame at time 86.1871s ++++
a data frame with index 1 from node: 3 has been transmitted 4th time
++++ frame_probe ID: 1050 receives a frame at time 86.347s ++++
++++ frame_probe ID: 1060 receives a frame at time 86.388s ++++
++++ frame_probe ID: 882 receives a frame at time 86.3986s ++++
++++ frame_probe ID: 883 receives a frame at time 86.3986s ++++
++++ frame_probe ID: 884 receives a frame at time 86.3987s ++++
++++ frame_probe ID: 890 receives a frame at time 86.3987s ++++
++++ frame_probe ID: 860 receives a frame at time 86.4138s ++++
++++ frame_probe ID: 882 receives a frame at time 86.4176s ++++
++++ frame_probe ID: 1082 receives a frame at time 86.4196s ++++
++++ frame_probe ID: 1083 receives a frame at time 86.4196s ++++
++++ frame_probe ID: 1084 receives a frame at time 86.4196s ++++
counter ID 880 results at time 5986.42++++ frame_probe ID:  is 4
1090 receives a frame at time 86.4197s ++++
the 100th message counter node3_acked has been visited 2 times  
++++ frame_probe ID: 1050 receives a frame at time 86.4932s ++++
++++ frame_probe ID: 1060 receives a frame at time 86.534s ++++
++++ frame_probe ID: 882 receives a frame at time 86.5426s ++++
++++ frame_probe ID: 883 receives a frame at time 86.5427s ++++
++++ frame_probe ID: 885 receives a frame at time 86.5427s ++++
a data frame with index 2 from node: 3 has been transmitted 1th time
++++ frame_probe ID: 1050 receives a frame at time 86.6642s ++++
++++ frame_probe ID: 1060 receives a frame at time 86.7051s ++++
++++ frame_probe ID: 882 receives a frame at time 86.7152s ++++
++++ frame_probe ID: 883 receives a frame at time 86.7153s ++++
++++ frame_probe ID: 885 receives a frame at time 86.7153s ++++
a data frame with index 2 from node: 3 has been transmitted 2th time
++++ frame_probe ID: 1050 receives a frame at time 86.8449s ++++
++++ frame_probe ID: 1060 receives a frame at time 86.8857s ++++
++++ frame_probe ID: 882 receives a frame at time 86.8977s ++++
++++ frame_probe ID: 883 receives a frame at time 86.8977s ++++
++++ frame_probe ID: 884 receives a frame at time 86.8978s ++++
++++ frame_probe ID: 890 receives a frame at time 86.8979s ++++
++++ frame_probe ID: 860 receives a frame at time 86.9131s ++++
++++ frame_probe ID: 882 receives a frame at time 86.9169s ++++
++++ frame_probe ID: 1082 receives a frame at time 86.919s ++++
++++ frame_probe ID: 1083 receives a frame at time 86.919s ++++
++++ frame_probe ID: 1084 receives a frame at time 86.9191s ++++
counter ID 880 results at time 5986.92 is 2
++++ frame_probe ID: 1090 receives a frame at time 86.9191s ++++
the 100th message counter node3_acked has been visited 3 times  
++++ frame_probe ID: 1050 receives a frame at time 87.0185s ++++
++++ frame_probe ID: 1060 receives a frame at time 87.0593s ++++
++++ frame_probe ID: 882 receives a frame at time 87.07s ++++
++++ frame_probe ID: 883 receives a frame at time 87.07s ++++
++++ frame_probe ID: 884 receives a frame at time 87.0701s ++++
++++ frame_probe ID: 890 receives a frame at time 87.0701s ++++
++++ frame_probe ID: 860 receives a frame at time 87.0853s ++++
++++ frame_probe ID: 882 receives a frame at time 87.0903s ++++
++++ frame_probe ID: 1082 receives a frame at time 87.0923s ++++
++++ frame_probe ID: 1083 receives a frame at time 87.0923s ++++
++++ frame_probe ID: 1084 receives a frame at time 87.0923s ++++
counter ID 880 results at time 5987.09++++ frame_probe ID:  is 01090
 receives a frame at time 87.0924s ++++
measurement 2 raw data directory created /home/inets/0_ba/bachelor_thesis/measurements/debug/data/162/2/.
'/home/inets/source/gr-inets/results/receiver_ack_sent.txt' -> '/home/inets/0_ba/bachelor_thesis/measurements/debug/data/162/2/receiver_ack_sent.txt'
'/home/inets/source/gr-inets/results/receiver_data_received.txt' -> '/home/inets/0_ba/bachelor_thesis/measurements/debug/data/162/2/receiver_data_received.txt'
'/home/inets/source/gr-inets/results/receiver_frame_anlyzed.txt' -> '/home/inets/0_ba/bachelor_thesis/measurements/debug/data/162/2/receiver_frame_anlyzed.txt'
'/home/inets/source/gr-inets/results/receiver_frame_checked_bad.txt' -> '/home/inets/0_ba/bachelor_thesis/measurements/debug/data/162/2/receiver_frame_checked_bad.txt'
'/home/inets/source/gr-inets/results/receiver_frame_checked_good.txt' -> '/home/inets/0_ba/bachelor_thesis/measurements/debug/data/162/2/receiver_frame_checked_good.txt'
'/home/inets/source/gr-inets/results/receiver_frame_received.txt' -> '/home/inets/0_ba/bachelor_thesis/measurements/debug/data/162/2/receiver_frame_received.txt'
'/home/inets/source/gr-inets/results/sender_ack_received.txt' -> '/home/inets/0_ba/bachelor_thesis/measurements/debug/data/162/2/sender_ack_received.txt'
'/home/inets/source/gr-inets/results/sender_bfr_dq.txt' -> '/home/inets/0_ba/bachelor_thesis/measurements/debug/data/162/2/sender_bfr_dq.txt'
'/home/inets/source/gr-inets/results/sender_data_sent.txt' -> '/home/inets/0_ba/bachelor_thesis/measurements/debug/data/162/2/sender_data_sent.txt'
'/home/inets/source/gr-inets/results/sender_frame_anlyzed.txt' -> '/home/inets/0_ba/bachelor_thesis/measurements/debug/data/162/2/sender_frame_anlyzed.txt'
'/home/inets/source/gr-inets/results/sender_frame_checked_bad.txt' -> '/home/inets/0_ba/bachelor_thesis/measurements/debug/data/162/2/sender_frame_checked_bad.txt'
'/home/inets/source/gr-inets/results/sender_frame_checked_good.txt' -> '/home/inets/0_ba/bachelor_thesis/measurements/debug/data/162/2/sender_frame_checked_good.txt'
'/home/inets/source/gr-inets/results/sender_frame_received.txt' -> '/home/inets/0_ba/bachelor_thesis/measurements/debug/data/162/2/sender_frame_received.txt'
'/home/inets/source/gr-inets/results/sender_retransmissions.txt' -> '/home/inets/0_ba/bachelor_thesis/measurements/debug/data/162/2/sender_retransmissions.txt'
measurement 2 raw data moved to /home/inets/0_ba/bachelor_thesis/measurements/debug/data/162/2/.

now processing results...
plotting python should be: python3 (ubuntu).
Hello from rtt.py!
hello from variables.py!
data_sent: 1500395979.546292
data_sent: 1500395979.708255
data_sent: 1500395979.890626
data_sent: 1500395980.063704
data_sent: 1500395980.232143
data_sent: 1500395980.402449
data_sent: 1500395980.558142
data_sent: 1500395980.710405
data_sent: 1500395980.866996
data_sent: 1500395981.026544
data_sent: 1500395981.197228
data_sent: 1500395981.377548
data_sent: 1500395981.555261
data_sent: 1500395981.725702
data_sent: 1500395981.896268
data_sent: 1500395982.037821
ack_received: 1500395979.610886
ack_received: 1500395979.774224
ack_received: 1500395979.956382
ack_received: 1500395980.129829
ack_received: 1500395980.465815
ack_received: 1500395980.629026
ack_received: 1500395980.782521
ack_received: 1500395980.936212
ack_received: 1500395981.444903
ack_received: 1500395981.963359
ack_received: 1500395982.107558
retx: [0, 0, 0, 0, 1, 0, 0, 0, 2, 2, 0]

The resulting RTTs of this single measurement are:
[0.06459, 0.06597, 0.06576, 0.06612, 0.07088, 0.07212, 0.06922, 0.06974]



The resulting mean RTT of this single measurement is:
0.06805


abs. packet loss: 5.0
packet loss in %: 31.25%
data_sent: 1500395984.713254
data_sent: 1500395984.889153
data_sent: 1500395985.065257
data_sent: 1500395985.241128
data_sent: 1500395985.451569
data_sent: 1500395985.597975
data_sent: 1500395985.768729
data_sent: 1500395985.944635
data_sent: 1500395986.135709
data_sent: 1500395986.347003
data_sent: 1500395986.493227
data_sent: 1500395986.664230
data_sent: 1500395986.844869
data_sent: 1500395987.018470
ack_received: 1500395985.517697
ack_received: 1500395986.419674
ack_received: 1500395986.919123
ack_received: 1500395987.092391
retx: [4, 4, 2, 0]

The resulting RTTs of this single measurement are:
[0.07392]



The resulting mean RTT of this single measurement is:
0.07392


abs. packet loss: 10.0
packet loss in %: 71.43%
[ 0.06805  0.07392]
Hello from myplot.py!
I will print a pdf for you now!
Hello from myplot.py!
I will print a pdf for you now!
Hello from myplot.py!
I will print a pdf for you now!
Hello from myplot.py!
I will print a cdf for you now!
<a list of 1 Patch objects>
Hello from myplot.py!
I will print a cdf for you now!
<a list of 1 Patch objects>
Hello from myplot.py!
I will print a cdf for you now!
<a list of 1 Patch objects>
Hello from myplot.py!
I will print a boxplot for you now!
Hello from myplot.py!
I will print a boxplot for you now!
Hello from myplot.py!
I will print a boxplot for you now!
Hello from myplot.py!
I will print a bar for you now!
Hello from myplot.py!
I will print a bar for you now!
Hello from myplot.py!
I will print a bar for you now!
Hello from myplot.py!
I will print a line for you now!
Hello from myplot.py!
I will print a line for you now!
Hello from myplot.py!
I will print a line for you now!
Hello from throughput.py!
hello from variables.py!
ackcount: 11
datacount: 16
ackcount: 4
datacount: 6
[ 11000.   4000.]
Hello from myplot.py!
I will print a pdf for you now!
Hello from myplot.py!
I will print a cdf for you now!
<a list of 1 Patch objects>
Hello from myplot.py!
I will print a boxplot for you now!
Hello from myplot.py!
I will print a bar for you now!
Hello from myplot.py!
I will print a line for you now!

+--------------------------------------------------------------+
| plotting completed. until the next measurement session then! |
+--------------------------------------------------------------+
