Measurement 1/4 complete in 5 second(s).
linux; GNU C++ version 5.4.0 20160609; Boost_105800; UHD_003.009.005-45-g6768a615

linux; GNU C++ version 5.4.0 20160609; Boost_105800; UHD_003.009.005-45-g6768a615

Using Volk machine: avx_64_mmx
-- Opening a USRP2/N-Series device...
Using Volk machine: avx_64_mmx
-- Opening a USRP2/N-Series device...
-- Current recv frame size: 1472 bytes
-- Current recv frame size: 1472 bytes
-- Current send frame size: 1472 bytes
-- Current send frame size: 1472 bytes
Measurement 1/4 complete in 4 second(s).
the 100th message counter is activated.
the 100th message counter is activated.
Measurement 1/4 complete in 3 second(s).
node starts running at 75.1731
node starts running at 75.1802
++++ frame_probe ID: 850 receives a frame at time 75.3997s ++++
INFO: Detected an invalid packet at item 0
INFO: Parser returned #f
++++ frame_probe ID: 860 receives a frame at time 75.4404s ++++
++++ frame_probe ID: 1010 receives a frame at time 75.4461s ++++
++++ frame_probe ID: 890 receives a frame at time 75.4637s ++++
the 100th message counter  has been visited 1 times  
++++ frame_probe ID: 850 receives a frame at time 75.6239s ++++
INFO: Detected an invalid packet at item 96
INFO: Parser returned #f
++++ frame_probe ID: 860 receives a frame at time 75.6644s ++++
++++ frame_probe ID: 1010 receives a frame at time 75.6765s ++++
++++ frame_probe ID: 890 receives a frame at time 75.6941s ++++
the 100th message counter  has been visited 2 times  
++++ frame_probe ID: 850 receives a frame at time 75.7684s ++++
INFO: Detected an invalid packet at item 192
INFO: Parser returned #f
++++ frame_probe ID: 860 receives a frame at time 75.809s ++++
++++ frame_probe ID: 1010 receives a frame at time 75.8199s ++++
Measurement 1/4 complete in 2 second(s).
++++ frame_probe ID: 890 receives a frame at time 75.8577s ++++
the 100th message counter  has been visited 3 times  
++++ frame_probe ID: 850 receives a frame at time 75.9689s ++++
INFO: Detected an invalid packet at item 288
INFO: Parser returned #f
++++ frame_probe ID: 860 receives a frame at time 76.0094s ++++
++++ frame_probe ID: 1010 receives a frame at time 76.0123s ++++
++++ frame_probe ID: 890 receives a frame at time 76.0308s ++++
the 100th message counter  has been visited 4 times  
++++ frame_probe ID: 850 receives a frame at time 76.112s ++++
INFO: Detected an invalid packet at item 384
INFO: Parser returned #f
++++ frame_probe ID: 860 receives a frame at time 76.1527s ++++
++++ frame_probe ID: 1010 receives a frame at time 76.1557s ++++
++++ frame_probe ID: 890 receives a frame at time 76.1741s ++++
the 100th message counter  has been visited 5 times  
++++ frame_probe ID: 850 receives a frame at time 76.2633s ++++
INFO: Detected an invalid packet at item 480
INFO: Parser returned #f
++++ frame_probe ID: 860 receives a frame at time 76.3039s ++++
++++ frame_probe ID: 1010 receives a frame at time 76.31s ++++
++++ frame_probe ID: 890 receives a frame at time 76.3276s ++++
the 100th message counter  has been visited 6 times  
++++ frame_probe ID: 850 receives a frame at time 76.4188s ++++
INFO: Detected an invalid packet at item 576
INFO: Parser returned #f
++++ frame_probe ID: 860 receives a frame at time 76.4593s ++++
++++ frame_probe ID: 1010 receives a frame at time 76.4634s ++++
++++ frame_probe ID: 890 receives a frame at time 76.4818s ++++
the 100th message counter  has been visited 7 times  
++++ frame_probe ID: 850 receives a frame at time 76.5773s ++++
INFO: Detected an invalid packet at item 672
INFO: Parser returned #f
++++ frame_probe ID: 860 receives a frame at time 76.6178s ++++
++++ frame_probe ID: 1010 receives a frame at time 76.6267s ++++
++++ frame_probe ID: 890 receives a frame at time 76.6443s ++++
the 100th message counter  has been visited 8 times  
++++ frame_probe ID: 850 receives a frame at time 76.7355s ++++
INFO: Detected an invalid packet at item 768
INFO: Parser returned #f
++++ frame_probe ID: 860 receives a frame at time 76.776s ++++
++++ frame_probe ID: 1010 receives a frame at time 76.7801s ++++
++++ frame_probe ID: 890 receives a frame at time 76.7985s ++++
Measurement 1/4 complete in 1 second(s).
the 100th message counter  has been visited 9 times  
++++ frame_probe ID: 850 receives a frame at time 76.8878s ++++
INFO: Detected an invalid packet at item 864
INFO: Parser returned #f
++++ frame_probe ID: 860 receives a frame at time 76.9283s ++++
++++ frame_probe ID: 1010 receives a frame at time 76.9334s ++++
++++ frame_probe ID: 890 receives a frame at time 76.9519s ++++
the 100th message counter  has been visited 10 times  
++++ frame_probe ID: 850 receives a frame at time 77.0302s ++++
INFO: Detected an invalid packet at item 960
INFO: Parser returned #f
++++ frame_probe ID: 860 receives a frame at time 77.0707s ++++
++++ frame_probe ID: 1010 receives a frame at time 77.0777s ++++
++++ frame_probe ID: 890 receives a frame at time 77.0962s ++++
the 100th message counter  has been visited 11 times  
++++ frame_probe ID: 850 receives a frame at time 77.2045s ++++
INFO: Detected an invalid packet at item 1056
INFO: Parser returned #f
++++ frame_probe ID: 860 receives a frame at time 77.2451s ++++
++++ frame_probe ID: 1010 receives a frame at time 77.2502s ++++
++++ frame_probe ID: 890 receives a frame at time 77.2686s ++++
the 100th message counter  has been visited 12 times  
++++ frame_probe ID: 850 receives a frame at time 77.3689s ++++
INFO: Detected an invalid packet at item 1152
INFO: Parser returned #f
++++ frame_probe ID: 860 receives a frame at time 77.4095s ++++
++++ frame_probe ID: 1010 receives a frame at time 77.4135s ++++
++++ frame_probe ID: 890 receives a frame at time 77.432s ++++
the 100th message counter  has been visited 13 times  
++++ frame_probe ID: 850 receives a frame at time 77.5383s ++++
INFO: Detected an invalid packet at item 1248
INFO: Parser returned #f
++++ frame_probe ID: 860 receives a frame at time 77.5788s ++++
++++ frame_probe ID: 1010 receives a frame at time 77.5868s ++++
++++ frame_probe ID: 890 receives a frame at time 77.6131s ++++
the 100th message counter  has been visited 14 times  
++++ frame_probe ID: 850 receives a frame at time 77.6843s ++++
INFO: Detected an invalid packet at item 1344
INFO: Parser returned #f
++++ frame_probe ID: 860 receives a frame at time 77.7249s ++++
++++ frame_probe ID: 1010 receives a frame at time 77.7302s ++++
++++ frame_probe ID: 890 receives a frame at time 77.7478s ++++
the 100th message counter  has been visited 15 times  
++++ frame_probe ID: 850 receives a frame at time 77.845s ++++
Measurement 1 raw data directory created /home/inets/0_ba/bachelor_thesis/measurements/debug/data/7/1/.
'/home/inets/source/gr-inets/results/receiver_data_received.txt' -> '/home/inets/0_ba/bachelor_thesis/measurements/debug/data/7/1/receiver_data_received.txt'
'/home/inets/source/gr-inets/results/sender_ack_received.txt' -> '/home/inets/0_ba/bachelor_thesis/measurements/debug/data/7/1/sender_ack_received.txt'
'/home/inets/source/gr-inets/results/sender_bfr_dq.txt' -> '/home/inets/0_ba/bachelor_thesis/measurements/debug/data/7/1/sender_bfr_dq.txt'
'/home/inets/source/gr-inets/results/sender_data_sent.txt' -> '/home/inets/0_ba/bachelor_thesis/measurements/debug/data/7/1/sender_data_sent.txt'
Measurement 1 raw data moved to /home/inets/0_ba/bachelor_thesis/measurements/debug/data/7/1/.

Measurement 2/4 complete in 5 second(s).
linux; GNU C++ version 5.4.0 20160609; Boost_105800; UHD_003.009.005-45-g6768a615
linux; GNU C++ version 5.4.0 20160609; Boost_105800; UHD_003.009.005-45-g6768a615


Using Volk machine: avx_64_mmx
-- Opening a USRP2/N-Series device...
Using Volk machine: avx_64_mmx
-- Opening a USRP2/N-Series device...
-- Current recv frame size: 1472 bytes
-- Current send frame size: 1472 bytes
-- Current recv frame size: 1472 bytes
-- Current send frame size: 1472 bytes
Measurement 2/4 complete in 4 second(s).
the 100th message counter is activated.
the 100th message counter is activated.
Measurement 2/4 complete in 3 second(s).
node starts running at 80.1791
node starts running at 80.1797
++++ frame_probe ID: 850 receives a frame at time 80.2852s ++++
INFO: Detected an invalid packet at item 0
INFO: Parser returned #f
++++ frame_probe ID: 860 receives a frame at time 80.3259s ++++
++++ frame_probe ID: 1010 receives a frame at time 80.3352s ++++
++++ frame_probe ID: 890 receives a frame at time 80.3558s ++++
the 100th message counter  has been visited 1 times  
++++ frame_probe ID: 850 receives a frame at time 80.4609s ++++
INFO: Detected an invalid packet at item 96
INFO: Parser returned #f
++++ frame_probe ID: 860 receives a frame at time 80.5017s ++++
++++ frame_probe ID: 1010 receives a frame at time 80.5076s ++++
++++ frame_probe ID: 890 receives a frame at time 80.5291s ++++
the 100th message counter  has been visited 2 times  
++++ frame_probe ID: 850 receives a frame at time 80.6324s ++++
INFO: Detected an invalid packet at item 192
INFO: Parser returned #f
++++ frame_probe ID: 860 receives a frame at time 80.6729s ++++
++++ frame_probe ID: 1010 receives a frame at time 80.68s ++++
++++ frame_probe ID: 890 receives a frame at time 80.7016s ++++
the 100th message counter  has been visited 3 times  
++++ frame_probe ID: 850 receives a frame at time 80.7729s ++++
INFO: Detected an invalid packet at item 288
INFO: Parser returned #f
++++ frame_probe ID: 860 receives a frame at time 80.8134s ++++
++++ frame_probe ID: 1010 receives a frame at time 80.8243s ++++
++++ frame_probe ID: 890 receives a frame at time 80.8458s ++++
Measurement 2/4 complete in 2 second(s).
the 100th message counter  has been visited 4 times  
++++ frame_probe ID: 850 receives a frame at time 80.9321s ++++
INFO: Detected an invalid packet at item 384
INFO: Parser returned #f
++++ frame_probe ID: 860 receives a frame at time 80.9726s ++++
++++ frame_probe ID: 1010 receives a frame at time 80.9776s ++++
++++ frame_probe ID: 890 receives a frame at time 80.9993s ++++
the 100th message counter  has been visited 5 times  
++++ frame_probe ID: 850 receives a frame at time 81.0775s ++++
INFO: Detected an invalid packet at item 480
INFO: Parser returned #f
++++ frame_probe ID: 860 receives a frame at time 81.118s ++++
++++ frame_probe ID: 1010 receives a frame at time 81.1219s ++++
++++ frame_probe ID: 890 receives a frame at time 81.1435s ++++
the 100th message counter  has been visited 6 times  
++++ frame_probe ID: 850 receives a frame at time 81.2228s ++++
INFO: Detected an invalid packet at item 576
INFO: Parser returned #f
++++ frame_probe ID: 860 receives a frame at time 81.2633s ++++
++++ frame_probe ID: 1010 receives a frame at time 81.2653s ++++
++++ frame_probe ID: 890 receives a frame at time 81.2869s ++++
the 100th message counter  has been visited 7 times  
++++ frame_probe ID: 850 receives a frame at time 81.3941s ++++
INFO: Detected an invalid packet at item 672
INFO: Parser returned #f
++++ frame_probe ID: 860 receives a frame at time 81.4346s ++++
++++ frame_probe ID: 1010 receives a frame at time 81.4387s ++++
++++ frame_probe ID: 890 receives a frame at time 81.4602s ++++
the 100th message counter  has been visited 8 times  
++++ frame_probe ID: 850 receives a frame at time 81.5555s ++++
INFO: Detected an invalid packet at item 768
INFO: Parser returned #f
++++ frame_probe ID: 860 receives a frame at time 81.596s ++++
++++ frame_probe ID: 1010 receives a frame at time 81.602s ++++
++++ frame_probe ID: 890 receives a frame at time 81.6227s ++++
the 100th message counter  has been visited 9 times  
++++ frame_probe ID: 850 receives a frame at time 81.738s ++++
INFO: Detected an invalid packet at item 864
INFO: Parser returned #f
++++ frame_probe ID: 860 receives a frame at time 81.7785s ++++
++++ frame_probe ID: 1010 receives a frame at time 81.7844s ++++
++++ frame_probe ID: 890 receives a frame at time 81.8051s ++++
Measurement 2/4 complete in 1 second(s).
the 100th message counter  has been visited 10 times  
++++ frame_probe ID: 850 receives a frame at time 81.9083s ++++
INFO: Detected an invalid packet at item 960
INFO: Parser returned #f
++++ frame_probe ID: 860 receives a frame at time 81.9489s ++++
++++ frame_probe ID: 1010 receives a frame at time 81.9569s ++++
++++ frame_probe ID: 890 receives a frame at time 81.9784s ++++
the 100th message counter  has been visited 11 times  
++++ frame_probe ID: 850 receives a frame at time 82.0667s ++++
INFO: Detected an invalid packet at item 1056
INFO: Parser returned #f
++++ frame_probe ID: 860 receives a frame at time 82.1072s ++++
++++ frame_probe ID: 1010 receives a frame at time 82.1102s ++++
++++ frame_probe ID: 890 receives a frame at time 82.1318s ++++
the 100th message counter  has been visited 12 times  
++++ frame_probe ID: 850 receives a frame at time 82.218s ++++
INFO: Detected an invalid packet at item 1152
INFO: Parser returned #f
++++ frame_probe ID: 860 receives a frame at time 82.2586s ++++
++++ frame_probe ID: 1010 receives a frame at time 82.2636s ++++
++++ frame_probe ID: 890 receives a frame at time 82.2852s ++++
the 100th message counter  has been visited 13 times  
++++ frame_probe ID: 850 receives a frame at time 82.3885s ++++
INFO: Detected an invalid packet at item 1248
INFO: Parser returned #f
++++ frame_probe ID: 860 receives a frame at time 82.429s ++++
++++ frame_probe ID: 1010 receives a frame at time 82.4369s ++++
++++ frame_probe ID: 890 receives a frame at time 82.4585s ++++
the 100th message counter  has been visited 14 times  
++++ frame_probe ID: 850 receives a frame at time 82.5447s ++++
INFO: Detected an invalid packet at item 1344
INFO: Parser returned #f
++++ frame_probe ID: 860 receives a frame at time 82.5853s ++++
++++ frame_probe ID: 1010 receives a frame at time 82.5903s ++++
++++ frame_probe ID: 890 receives a frame at time 82.6118s ++++
the 100th message counter  has been visited 15 times  
++++ frame_probe ID: 850 receives a frame at time 82.7021s ++++
INFO: Detected an invalid packet at item 1440
INFO: Parser returned #f
++++ frame_probe ID: 860 receives a frame at time 82.7427s ++++
++++ frame_probe ID: 1010 receives a frame at time 82.7536s ++++
++++ frame_probe ID: 890 receives a frame at time 82.7753s ++++
the 100th message counter  has been visited 16 times  
Measurement 2 raw data directory created /home/inets/0_ba/bachelor_thesis/measurements/debug/data/7/2/.
'/home/inets/source/gr-inets/results/receiver_data_received.txt' -> '/home/inets/0_ba/bachelor_thesis/measurements/debug/data/7/2/receiver_data_received.txt'
'/home/inets/source/gr-inets/results/sender_ack_received.txt' -> '/home/inets/0_ba/bachelor_thesis/measurements/debug/data/7/2/sender_ack_received.txt'
'/home/inets/source/gr-inets/results/sender_bfr_dq.txt' -> '/home/inets/0_ba/bachelor_thesis/measurements/debug/data/7/2/sender_bfr_dq.txt'
'/home/inets/source/gr-inets/results/sender_data_sent.txt' -> '/home/inets/0_ba/bachelor_thesis/measurements/debug/data/7/2/sender_data_sent.txt'
Measurement 2 raw data moved to /home/inets/0_ba/bachelor_thesis/measurements/debug/data/7/2/.

Measurement 3/4 complete in 5 second(s).
linux; GNU C++ version 5.4.0 20160609; Boost_105800; UHD_003.009.005-45-g6768a615
linux; GNU C++ version 5.4.0 20160609; Boost_105800; UHD_003.009.005-45-g6768a615


Using Volk machine: avx_64_mmx
-- Opening a USRP2/N-Series device...
Using Volk machine: avx_64_mmx
-- Opening a USRP2/N-Series device...
-- Current recv frame size: 1472 bytes
-- Current send frame size: 1472 bytes
-- Current recv frame size: 1472 bytes
-- Current send frame size: 1472 bytes
Measurement 3/4 complete in 4 second(s).
the 100th message counter is activated.
the 100th message counter is activated.
Measurement 3/4 complete in 3 second(s).
node starts running at 85.1828
node starts running at 85.1852
++++ frame_probe ID: 850 receives a frame at time 85.2352s ++++
INFO: Detected an invalid packet at item 0
INFO: Parser returned #f
++++ frame_probe ID: 860 receives a frame at time 85.2759s ++++
++++ frame_probe ID: 1010 receives a frame at time 85.2804s ++++
++++ frame_probe ID: 890 receives a frame at time 85.2994s ++++
the 100th message counter  has been visited 1 times  
++++ frame_probe ID: 850 receives a frame at time 85.4017s ++++
INFO: Detected an invalid packet at item 96
INFO: Parser returned #f
++++ frame_probe ID: 860 receives a frame at time 85.4423s ++++
++++ frame_probe ID: 1010 receives a frame at time 85.4526s ++++
++++ frame_probe ID: 890 receives a frame at time 85.4719s ++++
the 100th message counter  has been visited 2 times  
++++ frame_probe ID: 850 receives a frame at time 85.7138s ++++
INFO: Detected an invalid packet at item 192
INFO: Parser returned #f
++++ frame_probe ID: 860 receives a frame at time 85.7544s ++++
++++ frame_probe ID: 1010 receives a frame at time 85.7602s ++++
++++ frame_probe ID: 890 receives a frame at time 85.7795s ++++
Measurement 3/4 complete in 2 second(s).
the 100th message counter  has been visited 3 times  
++++ frame_probe ID: 850 receives a frame at time 85.8858s ++++
INFO: Detected an invalid packet at item 288
INFO: Parser returned #f
++++ frame_probe ID: 860 receives a frame at time 85.9263s ++++
++++ frame_probe ID: 1010 receives a frame at time 85.9326s ++++
++++ frame_probe ID: 890 receives a frame at time 85.9518s ++++
the 100th message counter  has been visited 4 times  
++++ frame_probe ID: 850 receives a frame at time 86.0813s ++++
INFO: Detected an invalid packet at item 384
INFO: Parser returned #f
++++ frame_probe ID: 860 receives a frame at time 86.1218s ++++
++++ frame_probe ID: 1010 receives a frame at time 86.1341s ++++
++++ frame_probe ID: 890 receives a frame at time 86.1533s ++++
the 100th message counter  has been visited 5 times  
++++ frame_probe ID: 850 receives a frame at time 86.2416s ++++
INFO: Detected an invalid packet at item 480
INFO: Parser returned #f
++++ frame_probe ID: 860 receives a frame at time 86.2823s ++++
++++ frame_probe ID: 1010 receives a frame at time 86.2876s ++++
++++ frame_probe ID: 890 receives a frame at time 86.3069s ++++
the 100th message counter  has been visited 6 times  
++++ frame_probe ID: 850 receives a frame at time 86.3962s ++++
INFO: Detected an invalid packet at item 576
INFO: Parser returned #f
++++ frame_probe ID: 860 receives a frame at time 86.4369s ++++
++++ frame_probe ID: 1010 receives a frame at time 86.4408s ++++
++++ frame_probe ID: 890 receives a frame at time 86.4601s ++++
the 100th message counter  has been visited 7 times  
++++ frame_probe ID: 850 receives a frame at time 86.5404s ++++
INFO: Detected an invalid packet at item 672
INFO: Parser returned #f
++++ frame_probe ID: 860 receives a frame at time 86.5809s ++++
++++ frame_probe ID: 1010 receives a frame at time 86.5851s ++++
++++ frame_probe ID: 890 receives a frame at time 86.6046s ++++
the 100th message counter  has been visited 8 times  
++++ frame_probe ID: 850 receives a frame at time 86.6958s ++++
INFO: Detected an invalid packet at item 768
INFO: Parser returned #f
++++ frame_probe ID: 860 receives a frame at time 86.7364s ++++
++++ frame_probe ID: 1010 receives a frame at time 86.7485s ++++
++++ frame_probe ID: 890 receives a frame at time 86.7678s ++++
the 100th message counter  has been visited 9 times  
++++ frame_probe ID: 850 receives a frame at time 86.852s ++++
Measurement 3/4 complete in 1 second(s).
INFO: Detected an invalid packet at item 864
INFO: Parser returned #f
++++ frame_probe ID: 860 receives a frame at time 86.8926s ++++
++++ frame_probe ID: 1010 receives a frame at time 86.9018s ++++
++++ frame_probe ID: 890 receives a frame at time 86.9212s ++++
the 100th message counter  has been visited 10 times  
++++ frame_probe ID: 850 receives a frame at time 87.0044s ++++
INFO: Detected an invalid packet at item 960
INFO: Parser returned #f
++++ frame_probe ID: 860 receives a frame at time 87.045s ++++
++++ frame_probe ID: 1010 receives a frame at time 87.0552s ++++
++++ frame_probe ID: 890 receives a frame at time 87.0745s ++++
the 100th message counter  has been visited 11 times  
++++ frame_probe ID: 850 receives a frame at time 87.1787s ++++
INFO: Detected an invalid packet at item 1056
INFO: Parser returned #f
++++ frame_probe ID: 860 receives a frame at time 87.2193s ++++
++++ frame_probe ID: 1010 receives a frame at time 87.2286s ++++
++++ frame_probe ID: 890 receives a frame at time 87.2478s ++++
the 100th message counter  has been visited 12 times  
++++ frame_probe ID: 850 receives a frame at time 87.3641s ++++
INFO: Detected an invalid packet at item 1152
INFO: Parser returned #f
++++ frame_probe ID: 860 receives a frame at time 87.4047s ++++
++++ frame_probe ID: 1010 receives a frame at time 87.411s ++++
++++ frame_probe ID: 890 receives a frame at time 87.4302s ++++
the 100th message counter  has been visited 13 times  
++++ frame_probe ID: 850 receives a frame at time 87.5305s ++++
INFO: Detected an invalid packet at item 1248
INFO: Parser returned #f
++++ frame_probe ID: 860 receives a frame at time 87.571s ++++
++++ frame_probe ID: 1010 receives a frame at time 87.5734s ++++
++++ frame_probe ID: 890 receives a frame at time 87.5936s ++++
the 100th message counter  has been visited 14 times  
++++ frame_probe ID: 850 receives a frame at time 87.6758s ++++
INFO: Detected an invalid packet at item 1344
INFO: Parser returned #f
++++ frame_probe ID: 860 receives a frame at time 87.7163s ++++
++++ frame_probe ID: 1010 receives a frame at time 87.7276s ++++
++++ frame_probe ID: 890 receives a frame at time 87.747s ++++
the 100th message counter  has been visited 15 times  
++++ frame_probe ID: 850 receives a frame at time 87.8473s ++++
INFO: Detected an invalid packet at item 1440
INFO: Parser returned #f
Measurement 3 raw data directory created /home/inets/0_ba/bachelor_thesis/measurements/debug/data/7/3/.
'/home/inets/source/gr-inets/results/receiver_data_received.txt' -> '/home/inets/0_ba/bachelor_thesis/measurements/debug/data/7/3/receiver_data_received.txt'
'/home/inets/source/gr-inets/results/sender_ack_received.txt' -> '/home/inets/0_ba/bachelor_thesis/measurements/debug/data/7/3/sender_ack_received.txt'
'/home/inets/source/gr-inets/results/sender_bfr_dq.txt' -> '/home/inets/0_ba/bachelor_thesis/measurements/debug/data/7/3/sender_bfr_dq.txt'
'/home/inets/source/gr-inets/results/sender_data_sent.txt' -> '/home/inets/0_ba/bachelor_thesis/measurements/debug/data/7/3/sender_data_sent.txt'
Measurement 3 raw data moved to /home/inets/0_ba/bachelor_thesis/measurements/debug/data/7/3/.

Measurement 4/4 complete in 5 second(s).
linux; GNU C++ version 5.4.0 20160609; Boost_105800; UHD_003.009.005-45-g6768a615
linux; GNU C++ version 5.4.0 20160609; Boost_105800; UHD_003.009.005-45-g6768a615


Using Volk machine: avx_64_mmx
-- Opening a USRP2/N-Series device...
Using Volk machine: avx_64_mmx
-- Opening a USRP2/N-Series device...
-- Current recv frame size: 1472 bytes
-- Current send frame size: 1472 bytes
-- Current recv frame size: 1472 bytes
-- Current send frame size: 1472 bytes
Measurement 4/4 complete in 4 second(s).
the 100th message counter is activated.
the 100th message counter is activated.
Measurement 4/4 complete in 3 second(s).
node starts running at 90.1832
node starts running at 90.1851
++++ frame_probe ID: 850 receives a frame at time 90.2707s ++++
INFO: Detected an invalid packet at item 0
INFO: Parser returned #f
++++ frame_probe ID: 860 receives a frame at time 90.3114s ++++
++++ frame_probe ID: 1010 receives a frame at time 90.3202s ++++
++++ frame_probe ID: 890 receives a frame at time 90.3397s ++++
the 100th message counter  has been visited 1 times  
++++ frame_probe ID: 850 receives a frame at time 90.4381s ++++
INFO: Detected an invalid packet at item 96
INFO: Parser returned #f
++++ frame_probe ID: 860 receives a frame at time 90.4787s ++++
++++ frame_probe ID: 1010 receives a frame at time 90.4836s ++++
++++ frame_probe ID: 890 receives a frame at time 90.5031s ++++
the 100th message counter  has been visited 2 times  
++++ frame_probe ID: 850 receives a frame at time 90.6203s ++++
INFO: Detected an invalid packet at item 192
INFO: Parser returned #f
++++ frame_probe ID: 860 receives a frame at time 90.6609s ++++
++++ frame_probe ID: 1010 receives a frame at time 90.666s ++++
++++ frame_probe ID: 890 receives a frame at time 90.6854s ++++
the 100th message counter  has been visited 3 times  
++++ frame_probe ID: 850 receives a frame at time 90.7557s ++++
INFO: Detected an invalid packet at item 288
INFO: Parser returned #f
++++ frame_probe ID: 860 receives a frame at time 90.7963s ++++
++++ frame_probe ID: 1010 receives a frame at time 90.8003s ++++
++++ frame_probe ID: 890 receives a frame at time 90.8198s ++++
Measurement 4/4 complete in 2 second(s).
the 100th message counter  has been visited 4 times  
++++ frame_probe ID: 850 receives a frame at time 90.9341s ++++
INFO: Detected an invalid packet at item 384
INFO: Parser returned #f
++++ frame_probe ID: 860 receives a frame at time 90.9749s ++++
++++ frame_probe ID: 1010 receives a frame at time 90.9827s ++++
++++ frame_probe ID: 890 receives a frame at time 91.0022s ++++
the 100th message counter  has been visited 5 times  
++++ frame_probe ID: 850 receives a frame at time 91.0785s ++++
INFO: Detected an invalid packet at item 480
INFO: Parser returned #f
++++ frame_probe ID: 860 receives a frame at time 91.1191s ++++
++++ frame_probe ID: 1010 receives a frame at time 91.127s ++++
++++ frame_probe ID: 890 receives a frame at time 91.1464s ++++
the 100th message counter  has been visited 6 times  
++++ frame_probe ID: 850 receives a frame at time 91.2607s ++++
INFO: Detected an invalid packet at item 576
INFO: Parser returned #f
++++ frame_probe ID: 860 receives a frame at time 91.3015s ++++
++++ frame_probe ID: 1010 receives a frame at time 91.3096s ++++
++++ frame_probe ID: 890 receives a frame at time 91.3289s ++++
the 100th message counter  has been visited 7 times  
++++ frame_probe ID: 850 receives a frame at time 91.4041s ++++
INFO: Detected an invalid packet at item 672
INFO: Parser returned #f
++++ frame_probe ID: 860 receives a frame at time 91.4448s ++++
++++ frame_probe ID: 1010 receives a frame at time 91.4528s ++++
++++ frame_probe ID: 890 receives a frame at time 91.4733s ++++
the 100th message counter  has been visited 8 times  
++++ frame_probe ID: 850 receives a frame at time 91.5796s ++++
INFO: Detected an invalid packet at item 768
INFO: Parser returned #f
++++ frame_probe ID: 860 receives a frame at time 91.6203s ++++
++++ frame_probe ID: 1010 receives a frame at time 91.6262s ++++
++++ frame_probe ID: 890 receives a frame at time 91.6456s ++++
the 100th message counter  has been visited 9 times  
++++ frame_probe ID: 850 receives a frame at time 91.7599s ++++
INFO: Detected an invalid packet at item 864
INFO: Parser returned #f
++++ frame_probe ID: 860 receives a frame at time 91.8007s ++++
++++ frame_probe ID: 1010 receives a frame at time 91.8085s ++++
++++ frame_probe ID: 890 receives a frame at time 91.828s ++++
Measurement 4/4 complete in 1 second(s).
the 100th message counter  has been visited 10 times  
++++ frame_probe ID: 850 receives a frame at time 91.9062s ++++
INFO: Detected an invalid packet at item 960
INFO: Parser returned #f
++++ frame_probe ID: 860 receives a frame at time 91.9467s ++++
++++ frame_probe ID: 1010 receives a frame at time 91.9519s ++++
++++ frame_probe ID: 890 receives a frame at time 91.9724s ++++
the 100th message counter  has been visited 11 times  
++++ frame_probe ID: 850 receives a frame at time 92.0537s ++++
INFO: Detected an invalid packet at item 1056
INFO: Parser returned #f
++++ frame_probe ID: 860 receives a frame at time 92.0944s ++++
++++ frame_probe ID: 1010 receives a frame at time 92.1063s ++++
++++ frame_probe ID: 890 receives a frame at time 92.1256s ++++
the 100th message counter  has been visited 12 times  
++++ frame_probe ID: 850 receives a frame at time 92.2359s ++++
INFO: Detected an invalid packet at item 1152
INFO: Parser returned #f
++++ frame_probe ID: 860 receives a frame at time 92.2766s ++++
++++ frame_probe ID: 1010 receives a frame at time 92.2886s ++++
++++ frame_probe ID: 890 receives a frame at time 92.308s ++++
the 100th message counter  has been visited 13 times  
++++ frame_probe ID: 850 receives a frame at time 92.3823s ++++
INFO: Detected an invalid packet at item 1248
INFO: Parser returned #f
++++ frame_probe ID: 860 receives a frame at time 92.4228s ++++
++++ frame_probe ID: 1010 receives a frame at time 92.432s ++++
++++ frame_probe ID: 890 receives a frame at time 92.4514s ++++
the 100th message counter  has been visited 14 times  
++++ frame_probe ID: 850 receives a frame at time 92.5247s ++++
INFO: Detected an invalid packet at item 1344
INFO: Parser returned #f
++++ frame_probe ID: 860 receives a frame at time 92.5652s ++++
++++ frame_probe ID: 1010 receives a frame at time 92.5763s ++++
++++ frame_probe ID: 890 receives a frame at time 92.5957s ++++
the 100th message counter  has been visited 15 times  
++++ frame_probe ID: 850 receives a frame at time 92.683s ++++
INFO: Detected an invalid packet at item 1440
INFO: Parser returned #f
++++ frame_probe ID: 860 receives a frame at time 92.7236s ++++
++++ frame_probe ID: 1010 receives a frame at time 92.7296s ++++
++++ frame_probe ID: 890 receives a frame at time 92.7491s ++++
the 100th message counter  has been visited 16 times  
++++ frame_probe ID: 850 receives a frame at time 92.8454s ++++
INFO: Detected an invalid packet at item 1536
INFO: Parser returned #f
Measurement 4 raw data directory created /home/inets/0_ba/bachelor_thesis/measurements/debug/data/7/4/.
'/home/inets/source/gr-inets/results/receiver_data_received.txt' -> '/home/inets/0_ba/bachelor_thesis/measurements/debug/data/7/4/receiver_data_received.txt'
'/home/inets/source/gr-inets/results/sender_ack_received.txt' -> '/home/inets/0_ba/bachelor_thesis/measurements/debug/data/7/4/sender_ack_received.txt'
'/home/inets/source/gr-inets/results/sender_bfr_dq.txt' -> '/home/inets/0_ba/bachelor_thesis/measurements/debug/data/7/4/sender_bfr_dq.txt'
'/home/inets/source/gr-inets/results/sender_data_sent.txt' -> '/home/inets/0_ba/bachelor_thesis/measurements/debug/data/7/4/sender_data_sent.txt'
Measurement 4 raw data moved to /home/inets/0_ba/bachelor_thesis/measurements/debug/data/7/4/.

Now processing results...
Plotting Python should be: python3 (UBUNTU).
Hello from throughput.py!
Hello from variables.py!
[ 15000.  16000.  15000.  16000.]
Hello from myplot.py!
I will print a pdf for you now!
Hello from myplot.py!
I will print a cdf for you now!
<a list of 1 Patch objects>
Hello from myplot.py!
I will print a boxplot for you now!
Hello from myplot.py!
I will print a bar for you now!
Hello from rtt.py!
Hello from variables.py!

The resulting mean RTT of this single measurement is:
0.06667933333333334



The resulting mean RTT of this single measurement is:
0.068205625



The resulting mean RTT of this single measurement is:
0.06747466666666667



The resulting mean RTT of this single measurement is:
0.067968125


[ 0.06667933  0.06820563  0.06747467  0.06796813]
Hello from myplot.py!
I will print a pdf for you now!
Hello from myplot.py!
I will print a cdf for you now!
<a list of 1 Patch objects>
Hello from myplot.py!
I will print a boxplot for you now!
Hello from myplot.py!
I will print a bar for you now!

+--------------------------------------------------------------+
| Plotting completed. Until the next measurement session then! |
+--------------------------------------------------------------+
