measurement 1/2 complete in 10 second(s).
linux; GNU C++ version 5.4.0 20160609; Boost_105800; UHD_003.009.005-45-g6768a615

linux; GNU C++ version 5.4.0 20160609; Boost_105800; UHD_003.009.005-45-g6768a615

Using Volk machine: avx_64_mmx
-- Opening a USRP2/N-Series device...
Using Volk machine: avx_64_mmx
-- Current recv frame size: 1472 bytes
-- Current send frame size: 1472 bytes
measurement 1/2 complete in 9 second(s).
develop_mode of random_filter ID: 1015 is activated.
the 100th message counter is activated.
INFO: Detected an invalid packet at item 0
INFO: Parser returned #f
* header analysis ID: 7 get the 1th transmission of data frame 42 at time 1.48553e+07 s
++++ frame_probe ID: 1 receives a frame at time 8.51465s ++++
++++ frame_probe ID: 2 receives a frame at time 8.51468s ++++
++++ frame_probe ID: 1010 receives a frame at time 8.51472s ++++
generated random number is++++ frame_probe ID: 1018 receives a frame at time 0.295368 and the threshold is 18.51479s ++++. good luck. 

INFO: Detected an invalid packet at item 64
INFO: Parser returned #f
INFO: Detected an invalid packet at item 96
INFO: Parser returned #f
INFO: Detected an invalid packet at item 128
INFO: Parser returned #f
INFO: Detected an invalid packet at item 160
INFO: Parser returned #f
INFO: Detected an invalid packet at item 192
INFO: Parser returned #f
INFO: Detected an invalid packet at item 224
INFO: Parser returned #f
INFO: Detected an invalid packet at item 256
INFO: Parser returned #f
INFO: Detected an invalid packet at item 288
INFO: Parser returned #f
INFO: Detected an invalid packet at item 320
INFO: Parser returned #f
INFO: Detected an invalid packet at item 352
INFO: Parser returned #f
INFO: Detected an invalid packet at item 384
INFO: Parser returned #f
INFO: Detected an invalid packet at item 416
INFO: Parser returned #f
INFO: Detected an invalid packet at item 448
INFO: Parser returned #f
INFO: Detected an invalid packet at item 480
INFO: Parser returned #f
INFO: Detected an invalid packet at item 512
INFO: Parser returned #f
INFO: Detected an invalid packet at item 544
INFO: Parser returned #f
INFO: Detected an invalid packet at item 576
INFO: Parser returned #f
INFO: Detected an invalid packet at item 608
INFO: Parser returned #f
INFO: Detected an invalid packet at item 640
INFO: Parser returned #f
INFO: Detected an invalid packet at item 672
INFO: Parser returned #f
INFO: Detected an invalid packet at item 704
INFO: Parser returned #f
INFO: Detected an invalid packet at item 736
INFO: Parser returned #f
INFO: Detected an invalid packet at item 768
INFO: Parser returned #f
INFO: Detected an invalid packet at item 800
INFO: Parser returned #f
INFO: Detected an invalid packet at item 832
INFO: Parser returned #f
INFO: Detected an invalid packet at item 864
INFO: Parser returned #f
INFO: Detected an invalid packet at item 896
INFO: Parser returned #f
INFO: Detected an invalid packet at item 928
INFO: Parser returned #f
INFO: Detected an invalid packet at item 960
INFO: Parser returned #f
INFO: Detected an invalid packet at item 992
INFO: Parser returned #f
INFO: Detected an invalid packet at item 1024
INFO: Parser returned #f
INFO: Detected an invalid packet at item 1056
INFO: Parser returned #f
INFO: Detected an invalid packet at item 1088
INFO: Parser returned #f
INFO: Detected an invalid packet at item 1120
INFO: Parser returned #f
INFO: Detected an invalid packet at item 1152
INFO: Parser returned #f
INFO: Detected an invalid packet at item 1184
INFO: Parser returned #f
INFO: Detected an invalid packet at item 1216
INFO: Parser returned #f
INFO: Detected an invalid packet at item 1248
INFO: Parser returned #f
INFO: Detected an invalid packet at item 1280
INFO: Parser returned #f
INFO: Detected an invalid packet at item 1312
INFO: Parser returned #f
INFO: Detected an invalid packet at item 1344
INFO: Parser returned #f
INFO: Detected an invalid packet at item 1376
INFO: Parser returned #f
INFO: Detected an invalid packet at item 1408
INFO: Parser returned #f
INFO: Detected an invalid packet at item 1440
INFO: Parser returned #f
INFO: Detected an invalid packet at item 1472
INFO: Parser returned #f
INFO: Detected an invalid packet at item 1504
INFO: Parser returned #f
INFO: Detected an invalid packet at item 1536
INFO: Parser returned #f
INFO: Detected an invalid packet at item 1568
INFO: Parser returned #f
INFO: Detected an invalid packet at item 1600
INFO: Parser returned #f
INFO: Detected an invalid packet at item 1632
INFO: Parser returned #f
INFO: Detected an invalid packet at item 1664
INFO: Parser returned #f
INFO: Detected an invalid packet at item 1696
INFO: Parser returned #f
INFO: Detected an invalid packet at item 1728
INFO: Parser returned #f
INFO: Detected an invalid packet at item 1760
INFO: Parser returned #f
INFO: Detected an invalid packet at item 1792
INFO: Parser returned #f
INFO: Detected an invalid packet at item 1824
INFO: Parser returned #f
INFO: Detected an invalid packet at item 1856
INFO: Parser returned #f
INFO: Detected an invalid packet at item 1888
INFO: Parser returned #f
INFO: Detected an invalid packet at item 1920
INFO: Parser returned #f
INFO: Detected an invalid packet at item 1952
INFO: Parser returned #f
INFO: Detected an invalid packet at item 1984
INFO: Parser returned #f
INFO: Detected an invalid packet at item 2016
INFO: Parser returned #f
INFO: Detected an invalid packet at item 2048
INFO: Parser returned #f
INFO: Detected an invalid packet at item 2080
INFO: Parser returned #f
INFO: Detected an invalid packet at item 2112
INFO: Parser returned #f
INFO: Detected an invalid packet at item 2144
INFO: Parser returned #f
INFO: Detected an invalid packet at item 2176
INFO: Parser returned #f
INFO: Detected an invalid packet at item 2208
INFO: Parser returned #f
INFO: Detected an invalid packet at item 2240
INFO: Parser returned #f
INFO: Detected an invalid packet at item 2272
INFO: Parser returned #f
INFO: Detected an invalid packet at item 2304
INFO: Parser returned #f
INFO: Detected an invalid packet at item 2336
INFO: Parser returned #f
INFO: Detected an invalid packet at item 2368
INFO: Parser returned #f
INFO: Detected an invalid packet at item 2400
INFO: Parser returned #f
INFO: Detected an invalid packet at item 2432
INFO: Parser returned #f
INFO: Detected an invalid packet at item 2464
INFO: Parser returned #f
INFO: Detected an invalid packet at item 2496
INFO: Parser returned #f
INFO: Detected an invalid packet at item 2528
INFO: Parser returned #f
INFO: Detected an invalid packet at item 2560
INFO: Parser returned #f
INFO: Detected an invalid packet at item 2592
INFO: Parser returned #f
INFO: Detected an invalid packet at item 2624
INFO: Parser returned #f
INFO: Detected an invalid packet at item 2656
INFO: Parser returned #f
INFO: Detected an invalid packet at item 2688
INFO: Parser returned #f
INFO: Detected an invalid packet at item 2720
INFO: Parser returned #f
INFO: Detected an invalid packet at item 2752
INFO: Parser returned #f
INFO: Detected an invalid packet at item 2784
INFO: Parser returned #f
INFO: Detected an invalid packet at item 2816
INFO: Parser returned #f
INFO: Detected an invalid packet at item 2848
INFO: Parser returned #f
INFO: Detected an invalid packet at item 2880
INFO: Parser returned #f
INFO: Detected an invalid packet at item 2912
INFO: Parser returned #f
INFO: Detected an invalid packet at item 2944
INFO: Parser returned #f
INFO: Detected an invalid packet at item 2976
INFO: Parser returned #f
INFO: Detected an invalid packet at item 3008
INFO: Parser returned #f
INFO: Detected an invalid packet at item 3040
INFO: Parser returned #f
INFO: Detected an invalid packet at item 3072
INFO: Parser returned #f
INFO: Detected an invalid packet at item 3104
INFO: Parser returned #f
INFO: Detected an invalid packet at item 3136
INFO: Parser returned #f
INFO: Detected an invalid packet at item 3168
INFO: Parser returned #f
INFO: Detected an invalid packet at item 3200
INFO: Parser returned #f
INFO: Detected an invalid packet at item 3232
INFO: Parser returned #f
INFO: Detected an invalid packet at item 3264
INFO: Parser returned #f
INFO: Detected an invalid packet at item 3296
INFO: Parser returned #f
INFO: Detected an invalid packet at item 3328
INFO: Parser returned #f
INFO: Detected an invalid packet at item 3360
INFO: Parser returned #f
INFO: Detected an invalid packet at item 3392
INFO: Parser returned #f
INFO: Detected an invalid packet at item 3424
INFO: Parser returned #f
INFO: Detected an invalid packet at item 3456
INFO: Parser returned #f
INFO: Detected an invalid packet at item 3488
INFO: Parser returned #f
INFO: Detected an invalid packet at item 3520
INFO: Parser returned #f
INFO: Detected an invalid packet at item 3552
INFO: Parser returned #f
INFO: Detected an invalid packet at item 3584
INFO: Parser returned #f
INFO: Detected an invalid packet at item 3616
INFO: Parser returned #f
INFO: Detected an invalid packet at item 3648
INFO: Parser returned #f
INFO: Detected an invalid packet at item 3680
INFO: Parser returned #f
INFO: Detected an invalid packet at item 3712
INFO: Parser returned #f
INFO: Detected an invalid packet at item 3744
INFO: Parser returned #f
INFO: Detected an invalid packet at item 3776
INFO: Parser returned #f
INFO: Detected an invalid packet at item 3808
INFO: Parser returned #f
INFO: Detected an invalid packet at item 3840
INFO: Parser returned #f
INFO: Detected an invalid packet at item 3872
INFO: Parser returned #f
INFO: Detected an invalid packet at item 3904
INFO: Parser returned #f
INFO: Detected an invalid packet at item 3936
INFO: Parser returned #f
INFO: Detected an invalid packet at item 3968
INFO: Parser returned #f
INFO: Detected an invalid packet at item 4000
INFO: Parser returned #f
INFO: Detected an invalid packet at item 4032
INFO: Parser returned #f
INFO: Detected an invalid packet at item 4096
INFO: Parser returned #f
* header analysis ID: 7 get the 1th transmission of data frame 42 at time 1.48553e+07 s
++++ frame_probe ID: 1 receives a frame at time 8.69796s ++++
++++ frame_probe ID: 2 receives a frame at time 8.69799s ++++
++++ frame_probe ID: 1010 receives a frame at time 8.69802s ++++
generated random number is0.268684 and the threshold is 1. good luck. 
++++ frame_probe ID: 1018 receives a frame at time 8.69809s ++++
INFO: Detected an invalid packet at item 4160
INFO: Parser returned #f
INFO: Detected an invalid packet at item 4192
INFO: Parser returned #f
INFO: Detected an invalid packet at item 4224
INFO: Parser returned #f
INFO: Detected an invalid packet at item 4256
INFO: Parser returned #f
INFO: Detected an invalid packet at item 4288
INFO: Parser returned #f
INFO: Detected an invalid packet at item 4320
INFO: Parser returned #f
INFO: Detected an invalid packet at item 4352
INFO: Parser returned #f
INFO: Detected an invalid packet at item 4384
INFO: Parser returned #f
INFO: Detected an invalid packet at item 4416
INFO: Parser returned #f
INFO: Detected an invalid packet at item 4448
INFO: Parser returned #f
INFO: Detected an invalid packet at item 4480
INFO: Parser returned #f
INFO: Detected an invalid packet at item 4512
INFO: Parser returned #f
INFO: Detected an invalid packet at item 4544
INFO: Parser returned #f
INFO: Detected an invalid packet at item 4576
INFO: Parser returned #f
INFO: Detected an invalid packet at item 4608
INFO: Parser returned #f
INFO: Detected an invalid packet at item 4640
INFO: Parser returned #f
INFO: Detected an invalid packet at item 4672
INFO: Parser returned #f
INFO: Detected an invalid packet at item 4704
INFO: Parser returned #f
INFO: Detected an invalid packet at item 4736
INFO: Parser returned #f
INFO: Detected an invalid packet at item 4768
INFO: Parser returned #f
INFO: Detected an invalid packet at item 4800
INFO: Parser returned #f
INFO: Detected an invalid packet at item 4832
INFO: Parser returned #f
INFO: Detected an invalid packet at item 4864
INFO: Parser returned #f
INFO: Detected an invalid packet at item 4896
INFO: Parser returned #f
INFO: Detected an invalid packet at item 4928
INFO: Parser returned #f
INFO: Detected an invalid packet at item 4960
INFO: Parser returned #f
INFO: Detected an invalid packet at item 4992
INFO: Parser returned #f
INFO: Detected an invalid packet at item 5024
INFO: Parser returned #f
INFO: Detected an invalid packet at item 5056
INFO: Parser returned #f
INFO: Detected an invalid packet at item 5088
INFO: Parser returned #f
INFO: Detected an invalid packet at item 5120
INFO: Parser returned #f
INFO: Detected an invalid packet at item 5152
INFO: Parser returned #f
INFO: Detected an invalid packet at item 5184
INFO: Parser returned #f
INFO: Detected an invalid packet at item 5216
INFO: Parser returned #f
INFO: Detected an invalid packet at item 5248
INFO: Parser returned #f
INFO: Detected an invalid packet at item 5280
INFO: Parser returned #f
INFO: Detected an invalid packet at item 5312
INFO: Parser returned #f
INFO: Detected an invalid packet at item 5344
INFO: Parser returned #f
INFO: Detected an invalid packet at item 5376
INFO: Parser returned #f
INFO: Detected an invalid packet at item 5408
INFO: Parser returned #f
INFO: Detected an invalid packet at item 5440
INFO: Parser returned #f
INFO: Detected an invalid packet at item 5472
INFO: Parser returned #f
INFO: Detected an invalid packet at item 5504
INFO: Parser returned #f
INFO: Detected an invalid packet at item 5536
INFO: Parser returned #f
INFO: Detected an invalid packet at item 5568
INFO: Parser returned #f
INFO: Detected an invalid packet at item 5600
INFO: Parser returned #f
INFO: Detected an invalid packet at item 5632
INFO: Parser returned #f
INFO: Detected an invalid packet at item 5664
INFO: Parser returned #f
INFO: Detected an invalid packet at item 5696
INFO: Parser returned #f
INFO: Detected an invalid packet at item 5728
INFO: Parser returned #f
INFO: Detected an invalid packet at item 5760
INFO: Parser returned #f
INFO: Detected an invalid packet at item 5792
INFO: Parser returned #f
INFO: Detected an invalid packet at item 5824
INFO: Parser returned #f
INFO: Detected an invalid packet at item 5856
INFO: Parser returned #f
INFO: Detected an invalid packet at item 5888
INFO: Parser returned #f
INFO: Detected an invalid packet at item 5920
INFO: Parser returned #f
INFO: Detected an invalid packet at item 5952
INFO: Parser returned #f
INFO: Detected an invalid packet at item 5984
INFO: Parser returned #f
INFO: Detected an invalid packet at item 6016
INFO: Parser returned #f
INFO: Detected an invalid packet at item 6048
INFO: Parser returned #f
INFO: Detected an invalid packet at item 6080
INFO: Parser returned #f
INFO: Detected an invalid packet at item 6112
INFO: Parser returned #f
INFO: Detected an invalid packet at item 6144
INFO: Parser returned #f
INFO: Detected an invalid packet at item 6176
INFO: Parser returned #f
INFO: Detected an invalid packet at item 6208
INFO: Parser returned #f
INFO: Detected an invalid packet at item 6240
INFO: Parser returned #f
INFO: Detected an invalid packet at item 6272
INFO: Parser returned #f
INFO: Detected an invalid packet at item 6304
INFO: Parser returned #f
INFO: Detected an invalid packet at item 6336
INFO: Parser returned #f
INFO: Detected an invalid packet at item 6368
INFO: Parser returned #f
INFO: Detected an invalid packet at item 6400
INFO: Parser returned #f
INFO: Detected an invalid packet at item 6432
INFO: Parser returned #f
INFO: Detected an invalid packet at item 6464
INFO: Parser returned #f
INFO: Detected an invalid packet at item 6496
INFO: Parser returned #f
INFO: Detected an invalid packet at item 6528
INFO: Parser returned #f
INFO: Detected an invalid packet at item 6560
INFO: Parser returned #f
INFO: Detected an invalid packet at item 6592
INFO: Parser returned #f
INFO: Detected an invalid packet at item 6624
INFO: Parser returned #f
INFO: Detected an invalid packet at item 6656
INFO: Parser returned #f
INFO: Detected an invalid packet at item 6688
INFO: Parser returned #f
INFO: Detected an invalid packet at item 6720
INFO: Parser returned #f
INFO: Detected an invalid packet at item 6752
INFO: Parser returned #f
INFO: Detected an invalid packet at item 6784
INFO: Parser returned #f
INFO: Detected an invalid packet at item 6816
INFO: Parser returned #f
INFO: Detected an invalid packet at item 6848
INFO: Parser returned #f
INFO: Detected an invalid packet at item 6880
INFO: Parser returned #f
INFO: Detected an invalid packet at item 6912
INFO: Parser returned #f
INFO: Detected an invalid packet at item 6944
INFO: Parser returned #f
INFO: Detected an invalid packet at item 6976
INFO: Parser returned #f
INFO: Detected an invalid packet at item 7008
INFO: Parser returned #f
INFO: Detected an invalid packet at item 7040
INFO: Parser returned #f
INFO: Detected an invalid packet at item 7072
INFO: Parser returned #f
INFO: Detected an invalid packet at item 7104
INFO: Parser returned #f
INFO: Detected an invalid packet at item 7136
INFO: Parser returned #f
INFO: Detected an invalid packet at item 7168
INFO: Parser returned #f
INFO: Detected an invalid packet at item 7200
INFO: Parser returned #f
INFO: Detected an invalid packet at item 7232
INFO: Parser returned #f
INFO: Detected an invalid packet at item 7264
INFO: Parser returned #f
INFO: Detected an invalid packet at item 7296
INFO: Parser returned #f
INFO: Detected an invalid packet at item 7328
INFO: Parser returned #f
INFO: Detected an invalid packet at item 7360
INFO: Parser returned #f
INFO: Detected an invalid packet at item 7392
INFO: Parser returned #f
INFO: Detected an invalid packet at item 7424
INFO: Parser returned #f
INFO: Detected an invalid packet at item 7456
INFO: Parser returned #f
INFO: Detected an invalid packet at item 7488
INFO: Parser returned #f
INFO: Detected an invalid packet at item 7520
INFO: Parser returned #f
INFO: Detected an invalid packet at item 7552
INFO: Parser returned #f
INFO: Detected an invalid packet at item 7584
INFO: Parser returned #f
INFO: Detected an invalid packet at item 7616
INFO: Parser returned #f
INFO: Detected an invalid packet at item 7648
INFO: Parser returned #f
INFO: Detected an invalid packet at item 7680
INFO: Parser returned #f
INFO: Detected an invalid packet at item 7712
INFO: Parser returned #f
INFO: Detected an invalid packet at item 7744
INFO: Parser returned #f
INFO: Detected an invalid packet at item 7776
INFO: Parser returned #f
INFO: Detected an invalid packet at item 7808
INFO: Parser returned #f
INFO: Detected an invalid packet at item 7840
INFO: Parser returned #f
INFO: Detected an invalid packet at item 7872
INFO: Parser returned #f
INFO: Detected an invalid packet at item 7904
INFO: Parser returned #f
INFO: Detected an invalid packet at item 7936
INFO: Parser returned #f
INFO: Detected an invalid packet at item 7968
INFO: Parser returned #f
INFO: Detected an invalid packet at item 8000
INFO: Parser returned #f
INFO: Detected an invalid packet at item 8032
INFO: Parser returned #f
INFO: Detected an invalid packet at item 8064
INFO: Parser returned #f
INFO: Detected an invalid packet at item 8096
INFO: Parser returned #f
INFO: Detected an invalid packet at item 8160
INFO: Parser returned #f
* header analysis ID: 7 get the 1th transmission of data frame 42 at time 1.48553e+07 s
++++ frame_probe ID: 1 receives a frame at time 8.86299s ++++
++++ frame_probe ID: 2 receives a frame at time 8.86303s ++++
++++ frame_probe ID: 1010 receives a frame at time 8.86306s ++++
generated random number is0.606504++++ frame_probe ID:  and the threshold is 1018 receives a frame at time 1. good luck. 
8.86315s ++++
INFO: Detected an invalid packet at item 8224
INFO: Parser returned #f
INFO: Detected an invalid packet at item 8256
INFO: Parser returned #f
INFO: Detected an invalid packet at item 8288
INFO: Parser returned #f
INFO: Detected an invalid packet at item 8320
INFO: Parser returned #f
INFO: Detected an invalid packet at item 8352
INFO: Parser returned #f
INFO: Detected an invalid packet at item 8384
INFO: Parser returned #f
INFO: Detected an invalid packet at item 8416
INFO: Parser returned #f
INFO: Detected an invalid packet at item 8448
INFO: Parser returned #f
INFO: Detected an invalid packet at item 8480
INFO: Parser returned #f
INFO: Detected an invalid packet at item 8512
INFO: Parser returned #f
INFO: Detected an invalid packet at item 8544
INFO: Parser returned #f
INFO: Detected an invalid packet at item 8576
INFO: Parser returned #f
INFO: Detected an invalid packet at item 8608
INFO: Parser returned #f
INFO: Detected an invalid packet at item 8640
INFO: Parser returned #f
INFO: Detected an invalid packet at item 8672
INFO: Parser returned #f
INFO: Detected an invalid packet at item 8704
INFO: Parser returned #f
INFO: Detected an invalid packet at item 8736
INFO: Parser returned #f
INFO: Detected an invalid packet at item 8768
INFO: Parser returned #f
INFO: Detected an invalid packet at item 8800
INFO: Parser returned #f
INFO: Detected an invalid packet at item 8832
INFO: Parser returned #f
INFO: Detected an invalid packet at item 8864
INFO: Parser returned #f
INFO: Detected an invalid packet at item 8896
INFO: Parser returned #f
INFO: Detected an invalid packet at item 8928
INFO: Parser returned #f
INFO: Detected an invalid packet at item 8960
INFO: Parser returned #f
INFO: Detected an invalid packet at item 8992
INFO: Parser returned #f
INFO: Detected an invalid packet at item 9024
INFO: Parser returned #f
INFO: Detected an invalid packet at item 9056
INFO: Parser returned #f
INFO: Detected an invalid packet at item 9088
INFO: Parser returned #f
INFO: Detected an invalid packet at item 9120
INFO: Parser returned #f
INFO: Detected an invalid packet at item 9152
INFO: Parser returned #f
INFO: Detected an invalid packet at item 9184
INFO: Parser returned #f
INFO: Detected an invalid packet at item 9216
INFO: Parser returned #f
INFO: Detected an invalid packet at item 9248
INFO: Parser returned #f
INFO: Detected an invalid packet at item 9280
INFO: Parser returned #f
INFO: Detected an invalid packet at item 9312
INFO: Parser returned #f
INFO: Detected an invalid packet at item 9344
INFO: Parser returned #f
INFO: Detected an invalid packet at item 9376
INFO: Parser returned #f
INFO: Detected an invalid packet at item 9408
INFO: Parser returned #f
INFO: Detected an invalid packet at item 9440
INFO: Parser returned #f
INFO: Detected an invalid packet at item 9472
INFO: Parser returned #f
INFO: Detected an invalid packet at item 9504
INFO: Parser returned #f
INFO: Detected an invalid packet at item 9536
INFO: Parser returned #f
INFO: Detected an invalid packet at item 9568
INFO: Parser returned #f
INFO: Detected an invalid packet at item 9600
INFO: Parser returned #f
INFO: Detected an invalid packet at item 9632
INFO: Parser returned #f
INFO: Detected an invalid packet at item 9664
INFO: Parser returned #f
INFO: Detected an invalid packet at item 9696
INFO: Parser returned #f
INFO: Detected an invalid packet at item 9728
INFO: Parser returned #f
INFO: Detected an invalid packet at item 9760
INFO: Parser returned #f
INFO: Detected an invalid packet at item 9792
INFO: Parser returned #f
INFO: Detected an invalid packet at item 9824
INFO: Parser returned #f
INFO: Detected an invalid packet at item 9856
INFO: Parser returned #f
INFO: Detected an invalid packet at item 9888
INFO: Parser returned #f
INFO: Detected an invalid packet at item 9920
INFO: Parser returned #f
INFO: Detected an invalid packet at item 9952
INFO: Parser returned #f
INFO: Detected an invalid packet at item 9984
INFO: Parser returned #f
INFO: Detected an invalid packet at item 10016
INFO: Parser returned #f
INFO: Detected an invalid packet at item 10048
INFO: Parser returned #f
INFO: Detected an invalid packet at item 10080
INFO: Parser returned #f
INFO: Detected an invalid packet at item 10112
INFO: Parser returned #f
INFO: Detected an invalid packet at item 10144
INFO: Parser returned #f
INFO: Detected an invalid packet at item 10176
INFO: Parser returned #f
INFO: Detected an invalid packet at item 10208
INFO: Parser returned #f
INFO: Detected an invalid packet at item 10240
INFO: Parser returned #f
INFO: Detected an invalid packet at item 10272
INFO: Parser returned #f
INFO: Detected an invalid packet at item 10304
INFO: Parser returned #f
INFO: Detected an invalid packet at item 10336
INFO: Parser returned #f
INFO: Detected an invalid packet at item 10368
INFO: Parser returned #f
INFO: Detected an invalid packet at item 10400
INFO: Parser returned #f
INFO: Detected an invalid packet at item 10432
INFO: Parser returned #f
measurement 1/2 complete in 8 second(s).
INFO: Detected an invalid packet at item 10464
INFO: Parser returned #f
INFO: Detected an invalid packet at item 10496
INFO: Parser returned #f
INFO: Detected an invalid packet at item 10528
INFO: Parser returned #f
INFO: Detected an invalid packet at item 10560
INFO: Parser returned #f
INFO: Detected an invalid packet at item 10592
INFO: Parser returned #f
INFO: Detected an invalid packet at item 10624
INFO: Parser returned #f
INFO: Detected an invalid packet at item 10656
INFO: Parser returned #f
INFO: Detected an invalid packet at item 10688
INFO: Parser returned #f
INFO: Detected an invalid packet at item 10720
INFO: Parser returned #f
INFO: Detected an invalid packet at item 10752
INFO: Parser returned #f
INFO: Detected an invalid packet at item 10784
INFO: Parser returned #f
INFO: Detected an invalid packet at item 10816
INFO: Parser returned #f
INFO: Detected an invalid packet at item 10848
INFO: Parser returned #f
INFO: Detected an invalid packet at item 10880
INFO: Parser returned #f
INFO: Detected an invalid packet at item 10912
INFO: Parser returned #f
INFO: Detected an invalid packet at item 10944
INFO: Parser returned #f
INFO: Detected an invalid packet at item 10976
INFO: Parser returned #f
INFO: Detected an invalid packet at item 11008
INFO: Parser returned #f
INFO: Detected an invalid packet at item 11040
INFO: Parser returned #f
INFO: Detected an invalid packet at item 11072
INFO: Parser returned #f
INFO: Detected an invalid packet at item 11104
INFO: Parser returned #f
INFO: Detected an invalid packet at item 11136
INFO: Parser returned #f
INFO: Detected an invalid packet at item 11168
INFO: Parser returned #f
INFO: Detected an invalid packet at item 11200
INFO: Parser returned #f
INFO: Detected an invalid packet at item 11232
INFO: Parser returned #f
INFO: Detected an invalid packet at item 11264
INFO: Parser returned #f
INFO: Detected an invalid packet at item 11296
INFO: Parser returned #f
INFO: Detected an invalid packet at item 11328
INFO: Parser returned #f
INFO: Detected an invalid packet at item 11360
INFO: Parser returned #f
INFO: Detected an invalid packet at item 11392
INFO: Parser returned #f
INFO: Detected an invalid packet at item 11424
INFO: Parser returned #f
INFO: Detected an invalid packet at item 11456
INFO: Parser returned #f
INFO: Detected an invalid packet at item 11488
INFO: Parser returned #f
INFO: Detected an invalid packet at item 11520
INFO: Parser returned #f
INFO: Detected an invalid packet at item 11552
INFO: Parser returned #f
INFO: Detected an invalid packet at item 11584
INFO: Parser returned #f
INFO: Detected an invalid packet at item 11616
INFO: Parser returned #f
INFO: Detected an invalid packet at item 11648
INFO: Parser returned #f
INFO: Detected an invalid packet at item 11680
INFO: Parser returned #f
INFO: Detected an invalid packet at item 11712
INFO: Parser returned #f
INFO: Detected an invalid packet at item 11744
INFO: Parser returned #f
INFO: Detected an invalid packet at item 11776
INFO: Parser returned #f
INFO: Detected an invalid packet at item 11808
INFO: Parser returned #f
INFO: Detected an invalid packet at item 11840
INFO: Parser returned #f
INFO: Detected an invalid packet at item 11872
INFO: Parser returned #f
INFO: Detected an invalid packet at item 11904
INFO: Parser returned #f
INFO: Detected an invalid packet at item 11936
INFO: Parser returned #f
INFO: Detected an invalid packet at item 11968
INFO: Parser returned #f
INFO: Detected an invalid packet at item 12000
INFO: Parser returned #f
INFO: Detected an invalid packet at item 12032
INFO: Parser returned #f
INFO: Detected an invalid packet at item 12064
INFO: Parser returned #f
INFO: Detected an invalid packet at item 12096
INFO: Parser returned #f
INFO: Detected an invalid packet at item 12128
INFO: Parser returned #f
INFO: Detected an invalid packet at item 12160
INFO: Parser returned #f
INFO: Detected a packet larger than max frame size (1319 symbols)
INFO: Detected an invalid packet at item 12224
INFO: Parser returned #f
INFO: Detected an invalid packet at item 12288
INFO: Parser returned #f
* header analysis ID: 7 get the 1th transmission of data frame 42 at time 1.48553e+07 s
++++ frame_probe ID: 1 receives a frame at time 9.0652s ++++
++++ frame_probe ID: 2 receives a frame at time 9.06523s ++++
++++ frame_probe ID: 1010 receives a frame at time 9.06528s ++++
generated random number is++++ frame_probe ID: 1018 receives a frame at time 9.06536s ++++
0.870137 and the threshold is 1. good luck. 
INFO: Detected an invalid packet at item 12352
INFO: Parser returned #f
INFO: Detected an invalid packet at item 12384
INFO: Parser returned #f
INFO: Detected an invalid packet at item 12416
INFO: Parser returned #f
* header analysis ID: 7 get the 1th transmission of data frame 42 at time 1.48553e+07 s
++++ frame_probe ID: 1 receives a frame at time 9.29587s ++++
++++ frame_probe ID: 2 receives a frame at time 9.29591s ++++
++++ frame_probe ID: 1010 receives a frame at time 9.29596s ++++
generated random number is++++ frame_probe ID: 1018 receives a frame at time 9.29604s ++++
0.217665 and the threshold is 1. good luck. 
INFO: Detected an invalid packet at item 12512
INFO: Parser returned #f
INFO: Detected an invalid packet at item 12544
INFO: Parser returned #f
node starts running at 9.39653
* header analysis ID: 7 get the 1th transmission of data frame 42 at time 1.48553e+07 s
++++ frame_probe ID: 1 receives a frame at time 9.5557s ++++
++++ frame_probe ID: 2 receives a frame at time 9.55574s ++++
++++ frame_probe ID: 1010 receives a frame at time 9.55578s ++++
generated random number is++++ frame_probe ID: 1018 receives a frame at time 0.640845 and the threshold is 1. good luck. 
9.55584s ++++
INFO: Detected an invalid packet at item 12640
INFO: Parser returned #f
INFO: Detected an invalid packet at item 12672
INFO: Parser returned #f
INFO: Detected an invalid packet at item 12736
INFO: Parser returned #f
* header analysis ID: 7 get the 1th transmission of data frame 43 at time 1.48553e+07 s
++++ frame_probe ID: 1 receives a frame at time 9.90057s ++++
++++ frame_probe ID: 2 receives a frame at time 9.90059s ++++
++++ frame_probe ID: 1010 receives a frame at time 9.90063s ++++
generated random number is++++ frame_probe ID: 1018 receives a frame at time 0.77797 and the threshold is 1. good luck. 
9.9007s ++++
measurement 1/2 complete in 7 second(s).
INFO: Detected an invalid packet at item 12800
INFO: Parser returned #f
INFO: Detected an invalid packet at item 12832
INFO: Parser returned #f
* header analysis ID: 7 get the 1th transmission of data frame 43 at time 1.48553e+07 s
++++ frame_probe ID: 1 receives a frame at time 10.0827s ++++
++++ frame_probe ID: 2 receives a frame at time 10.0828s ++++
++++ frame_probe ID: 1010 receives a frame at time 10.0828s ++++
generated random number is++++ frame_probe ID: 0.77569 and the threshold is 1018 receives a frame at time 1. good luck. 
10.0829s ++++
INFO: Detected an invalid packet at item 12928
INFO: Parser returned #f
INFO: Detected an invalid packet at item 12960
INFO: Parser returned #f
* header analysis ID: 7 get the 1th transmission of data frame 43 at time 1.48553e+07 s
++++ frame_probe ID: 1 receives a frame at time 10.2562s ++++
++++ frame_probe ID: 2 receives a frame at time 10.2562s ++++
++++ frame_probe ID: 1010 receives a frame at time 10.2562s ++++
++++ frame_probe ID: 1018 receives a frame at time generated random number is10.2563s ++++
0.0148061 and the threshold is 1. good luck. 
INFO: Detected an invalid packet at item 13056
INFO: Parser returned #f
INFO: Detected an invalid packet at item 13088
INFO: Parser returned #f
INFO: Detected an invalid packet at item 13120
INFO: Parser returned #f
INFO: Detected an invalid packet at item 13184
INFO: Parser returned #f
* header analysis ID: 7 get the 1th transmission of data frame 43 at time 1.48553e+07 s
++++ frame_probe ID: 1 receives a frame at time 10.4475s ++++
++++ frame_probe ID: 2 receives a frame at time 10.4476s ++++
++++ frame_probe ID: 1010 receives a frame at time 10.4476s ++++
++++ frame_probe ID: 1018 receives a frame at time generated random number is0.614953 and the threshold is 10.4477s ++++
1. good luck. 
INFO: Detected an invalid packet at item 13248
INFO: Parser returned #f
INFO: Detected an invalid packet at item 13280
INFO: Parser returned #f
INFO: Detected an invalid packet at item 13312
INFO: Parser returned #f
INFO: Detected an invalid packet at item 13376
INFO: Parser returned #f
* header analysis ID: 7 get the 1th transmission of data frame 43 at time 1.48553e+07 s
++++ frame_probe ID: 1 receives a frame at time 10.669s ++++
++++ frame_probe ID: 2 receives a frame at time 10.6691s ++++
++++ frame_probe ID: 1010 receives a frame at time 10.6691s ++++
generated random number is++++ frame_probe ID: 1018 receives a frame at time 0.841539 and the threshold is 1. good luck. 
10.6692s ++++
INFO: Detected an invalid packet at item 13440
INFO: Parser returned #f
INFO: Detected an invalid packet at item 13472
INFO: Parser returned #f
INFO: Detected an invalid packet at item 13504
INFO: Parser returned #f
INFO: Detected an invalid packet at item 13568
INFO: Parser returned #f
* header analysis ID: 7 get the 1th transmission of data frame 43 at time 1.48553e+07 s
++++ frame_probe ID: 1 receives a frame at time 10.8515s ++++
++++ frame_probe ID: 2 receives a frame at time 10.8515s ++++
++++ frame_probe ID: 1010 receives a frame at time 10.8516s ++++
generated random number is++++ frame_probe ID: 1018 receives a frame at time 0.827263 and the threshold is 1. good luck. 
10.8516s ++++
INFO: Detected an invalid packet at item 13632
INFO: Parser returned #f
INFO: Detected an invalid packet at item 13664
INFO: Parser returned #f
measurement 1/2 complete in 6 second(s).
INFO: Detected an invalid packet at item 13728
INFO: Parser returned #f
* header analysis ID: 7 get the 1th transmission of data frame 44 at time 1.48553e+07 s
++++ frame_probe ID: 1 receives a frame at time 11.168s ++++
++++ frame_probe ID: 2 receives a frame at time 11.1681s ++++
++++ frame_probe ID: 1010 receives a frame at time 11.1681s ++++
generated random number is++++ frame_probe ID: 1018 receives a frame at time 0.876967 and the threshold is 11.1682s ++++
1. good luck. 
INFO: Detected an invalid packet at item 13792
INFO: Parser returned #f
INFO: Detected an invalid packet at item 13824
INFO: Parser returned #f
INFO: Detected an invalid packet at item 13888
INFO: Parser returned #f
* header analysis ID: 7 get the 1th transmission of data frame 44 at time 1.48553e+07 s
++++ frame_probe ID: 1 receives a frame at time 11.3407s ++++
++++ frame_probe ID: 2 receives a frame at time 11.3408s ++++
++++ frame_probe ID: 1010 receives a frame at time 11.3408s ++++
generated random number is++++ frame_probe ID: 1018 receives a frame at time 0.876028 and the threshold is 111.3409. good luck. s ++++

INFO: Detected an invalid packet at item 13952
INFO: Parser returned #f
INFO: Detected an invalid packet at item 13984
INFO: Parser returned #f
INFO: Detected an invalid packet at item 14048
INFO: Parser returned #f
* header analysis ID: 7 get the 1th transmission of data frame 44 at time 1.48553e+07 s
++++ frame_probe ID: 1 receives a frame at time 11.523s ++++
++++ frame_probe ID: 2 receives a frame at time 11.523s ++++
++++ frame_probe ID: 1010 receives a frame at time 11.523s ++++
generated random number is++++ frame_probe ID: 1018 receives a frame at time 0.516873 and the threshold is 1. good luck. 
11.5231s ++++
INFO: Detected an invalid packet at item 14112
INFO: Parser returned #f
INFO: Detected an invalid packet at item 14144
INFO: Parser returned #f
INFO: Detected an invalid packet at item 14176
INFO: Parser returned #f
* header analysis ID: 7 get the 1th transmission of data frame 44 at time 1.48553e+07 s
++++ frame_probe ID: 1 receives a frame at time 11.7243s ++++
++++ frame_probe ID: 2 receives a frame at time 11.7243s ++++
++++ frame_probe ID: 1010 receives a frame at time 11.7243s ++++
generated random number is++++ frame_probe ID: 1018 receives a frame at time 0.296153 and the threshold is 1. good luck. 
11.7244s ++++
INFO: Detected an invalid packet at item 14272
INFO: Parser returned #f
INFO: Detected an invalid packet at item 14304
INFO: Parser returned #f
measurement 1/2 complete in 5 second(s).
* header analysis ID: 7 get the 1th transmission of data frame 44 at time 1.48553e+07 s
++++ frame_probe ID: 1 receives a frame at time 11.9549s ++++
++++ frame_probe ID: 2 receives a frame at time 11.9549s ++++
++++ frame_probe ID: 1010 receives a frame at time 11.955s ++++
generated random number is++++ frame_probe ID: 1018 receives a frame at time 0.687498 and the threshold is 1. good luck. 
11.955s ++++
INFO: Detected an invalid packet at item 14400
INFO: Parser returned #f
INFO: Detected an invalid packet at item 14432
INFO: Parser returned #f
INFO: Detected an invalid packet at item 14464
INFO: Parser returned #f
INFO: Detected an invalid packet at item 14528
INFO: Parser returned #f
* header analysis ID: 7 get the 1th transmission of data frame 44 at time 1.48553e+07 s
++++ frame_probe ID: 1 receives a frame at time 12.2526s ++++
++++ frame_probe ID: 2 receives a frame at time 12.2527s ++++
++++ frame_probe ID: 1010 receives a frame at time 12.2527s ++++
generated random number is++++ frame_probe ID: 1018 receives a frame at time 0.91114 and the threshold is 1. good luck. 
12.2528s ++++
INFO: Detected an invalid packet at item 14592
INFO: Parser returned #f
INFO: Detected an invalid packet at item 14624
INFO: Parser returned #f
* header analysis ID: 7 get the 1th transmission of data frame 45 at time 1.48553e+07 s
++++ frame_probe ID: 1 receives a frame at time 12.5402s ++++
++++ frame_probe ID: 2 receives a frame at time 12.5402s ++++
++++ frame_probe ID: 1010 receives a frame at time 12.5402s ++++
++++ frame_probe ID: 1018 receives a frame at time generated random number is12.5403s ++++
0.667106 and the threshold is 1. good luck. 
INFO: Detected an invalid packet at item 14720
INFO: Parser returned #f
INFO: Detected an invalid packet at item 14752
INFO: Parser returned #f
INFO: Detected an invalid packet at item 14784
INFO: Parser returned #f
INFO: Detected an invalid packet at item 14816
INFO: Parser returned #f
INFO: Detected an invalid packet at item 14848
INFO: Parser returned #f
INFO: Detected an invalid packet at item 14880
INFO: Parser returned #f
INFO: Detected an invalid packet at item 14912
INFO: Parser returned #f
INFO: Detected an invalid packet at item 14944
INFO: Parser returned #f
INFO: Detected an invalid packet at item 14976
INFO: Parser returned #f
INFO: Detected an invalid packet at item 15008
INFO: Parser returned #f
INFO: Detected an invalid packet at item 15040
INFO: Parser returned #f
INFO: Detected an invalid packet at item 15072
INFO: Parser returned #f
INFO: Detected an invalid packet at item 15104
INFO: Parser returned #f
INFO: Detected an invalid packet at item 15136
INFO: Parser returned #f
INFO: Detected an invalid packet at item 15168
INFO: Parser returned #f
INFO: Detected an invalid packet at item 15200
INFO: Parser returned #f
INFO: Detected an invalid packet at item 15232
INFO: Parser returned #f
INFO: Detected an invalid packet at item 15264
INFO: Parser returned #f
INFO: Detected an invalid packet at item 15296
INFO: Parser returned #f
INFO: Detected an invalid packet at item 15328
INFO: Parser returned #f
INFO: Detected an invalid packet at item 15360
INFO: Parser returned #f
INFO: Detected an invalid packet at item 15392
INFO: Parser returned #f
INFO: Detected an invalid packet at item 15424
INFO: Parser returned #f
INFO: Detected an invalid packet at item 15456
INFO: Parser returned #f
INFO: Detected an invalid packet at item 15488
INFO: Parser returned #f
INFO: Detected an invalid packet at item 15520
INFO: Parser returned #f
INFO: Detected an invalid packet at item 15552
INFO: Parser returned #f
INFO: Detected an invalid packet at item 15584
INFO: Parser returned #f
INFO: Detected an invalid packet at item 15616
INFO: Parser returned #f
INFO: Detected an invalid packet at item 15648
INFO: Parser returned #f
INFO: Detected an invalid packet at item 15680
INFO: Parser returned #f
INFO: Detected an invalid packet at item 15712
INFO: Parser returned #f
INFO: Detected an invalid packet at item 15744
INFO: Parser returned #f
INFO: Detected an invalid packet at item 15776
INFO: Parser returned #f
INFO: Detected an invalid packet at item 15808
INFO: Parser returned #f
INFO: Detected an invalid packet at item 15840
INFO: Parser returned #f
INFO: Detected an invalid packet at item 15872
INFO: Parser returned #f
INFO: Detected an invalid packet at item 15904
INFO: Parser returned #f
INFO: Detected an invalid packet at item 15936
INFO: Parser returned #f
INFO: Detected an invalid packet at item 15968
INFO: Parser returned #f
INFO: Detected an invalid packet at item 16000
INFO: Parser returned #f
INFO: Detected an invalid packet at item 16032
INFO: Parser returned #f
INFO: Detected an invalid packet at item 16064
INFO: Parser returned #f
INFO: Detected an invalid packet at item 16096
INFO: Parser returned #f
INFO: Detected an invalid packet at item 16128
INFO: Parser returned #f
INFO: Detected an invalid packet at item 16160
INFO: Parser returned #f
INFO: Detected an invalid packet at item 16192
INFO: Parser returned #f
INFO: Detected an invalid packet at item 16224
INFO: Parser returned #f
INFO: Detected an invalid packet at item 16256
INFO: Parser returned #f
INFO: Detected an invalid packet at item 16288
INFO: Parser returned #f
INFO: Detected an invalid packet at item 16320
INFO: Parser returned #f
INFO: Detected an invalid packet at item 16352
INFO: Parser returned #f
INFO: Detected an invalid packet at item 16384
INFO: Parser returned #f
INFO: Detected an invalid packet at item 16416
INFO: Parser returned #f
INFO: Detected an invalid packet at item 16448
INFO: Parser returned #f
INFO: Detected an invalid packet at item 16480
INFO: Parser returned #f
INFO: Detected an invalid packet at item 16512
INFO: Parser returned #f
INFO: Detected an invalid packet at item 16544
INFO: Parser returned #f
INFO: Detected an invalid packet at item 16576
INFO: Parser returned #f
INFO: Detected an invalid packet at item 16608
INFO: Parser returned #f
INFO: Detected an invalid packet at item 16640
INFO: Parser returned #f
INFO: Detected an invalid packet at item 16672
INFO: Parser returned #f
INFO: Detected an invalid packet at item 16704
INFO: Parser returned #f
INFO: Detected an invalid packet at item 16736
INFO: Parser returned #f
INFO: Detected an invalid packet at item 16768
INFO: Parser returned #f
INFO: Detected an invalid packet at item 16800
INFO: Parser returned #f
INFO: Detected an invalid packet at item 16832
INFO: Parser returned #f
INFO: Detected an invalid packet at item 16864
INFO: Parser returned #f
INFO: Detected an invalid packet at item 16896
INFO: Parser returned #f
INFO: Detected an invalid packet at item 16928
INFO: Parser returned #f
INFO: Detected an invalid packet at item 16960
INFO: Parser returned #f
INFO: Detected an invalid packet at item 16992
INFO: Parser returned #f
INFO: Detected an invalid packet at item 17024
INFO: Parser returned #f
INFO: Detected an invalid packet at item 17056
INFO: Parser returned #f
INFO: Detected an invalid packet at item 17088
INFO: Parser returned #f
INFO: Detected an invalid packet at item 17120
INFO: Parser returned #f
INFO: Detected an invalid packet at item 17152
INFO: Parser returned #f
INFO: Detected an invalid packet at item 17184
INFO: Parser returned #f
INFO: Detected an invalid packet at item 17216
INFO: Parser returned #f
INFO: Detected an invalid packet at item 17248
INFO: Parser returned #f
INFO: Detected an invalid packet at item 17280
INFO: Parser returned #f
INFO: Detected an invalid packet at item 17312
INFO: Parser returned #f
INFO: Detected an invalid packet at item 17344
INFO: Parser returned #f
INFO: Detected an invalid packet at item 17376
INFO: Parser returned #f
INFO: Detected an invalid packet at item 17408
INFO: Parser returned #f
INFO: Detected an invalid packet at item 17440
INFO: Parser returned #f
INFO: Detected an invalid packet at item 17472
INFO: Parser returned #f
INFO: Detected an invalid packet at item 17504
INFO: Parser returned #f
INFO: Detected an invalid packet at item 17536
INFO: Parser returned #f
INFO: Detected an invalid packet at item 17568
INFO: Parser returned #f
INFO: Detected an invalid packet at item 17600
INFO: Parser returned #f
INFO: Detected an invalid packet at item 17632
INFO: Parser returned #f
INFO: Detected an invalid packet at item 17664
INFO: Parser returned #f
INFO: Detected an invalid packet at item 17696
INFO: Parser returned #f
INFO: Detected an invalid packet at item 17728
INFO: Parser returned #f
INFO: Detected an invalid packet at item 17760
INFO: Parser returned #f
INFO: Detected an invalid packet at item 17792
INFO: Parser returned #f
INFO: Detected an invalid packet at item 17824
INFO: Parser returned #f
INFO: Detected an invalid packet at item 17856
INFO: Parser returned #f
INFO: Detected an invalid packet at item 17888
INFO: Parser returned #f
INFO: Detected an invalid packet at item 17920
INFO: Parser returned #f
INFO: Detected an invalid packet at item 17952
INFO: Parser returned #f
INFO: Detected an invalid packet at item 17984
INFO: Parser returned #f
INFO: Detected an invalid packet at item 18016
INFO: Parser returned #f
INFO: Detected an invalid packet at item 18048
INFO: Parser returned #f
INFO: Detected an invalid packet at item 18080
INFO: Parser returned #f
INFO: Detected an invalid packet at item 18112
INFO: Parser returned #f
INFO: Detected an invalid packet at item 18144
INFO: Parser returned #f
INFO: Detected an invalid packet at item 18176
INFO: Parser returned #f
INFO: Detected an invalid packet at item 18208
INFO: Parser returned #f
INFO: Detected an invalid packet at item 18240
INFO: Parser returned #f
INFO: Detected an invalid packet at item 18272
INFO: Parser returned #f
INFO: Detected an invalid packet at item 18304
INFO: Parser returned #f
INFO: Detected an invalid packet at item 18336
INFO: Parser returned #f
INFO: Detected an invalid packet at item 18368
INFO: Parser returned #f
INFO: Detected an invalid packet at item 18400
INFO: Parser returned #f
INFO: Detected an invalid packet at item 18432
INFO: Parser returned #f
INFO: Detected an invalid packet at item 18464
INFO: Parser returned #f
INFO: Detected an invalid packet at item 18496
INFO: Parser returned #f
INFO: Detected an invalid packet at item 18528
INFO: Parser returned #f
INFO: Detected an invalid packet at item 18560
INFO: Parser returned #f
INFO: Detected an invalid packet at item 18592
INFO: Parser returned #f
INFO: Detected an invalid packet at item 18624
INFO: Parser returned #f
INFO: Detected an invalid packet at item 18656
INFO: Parser returned #f
INFO: Detected an invalid packet at item 18688
INFO: Parser returned #f
INFO: Detected an invalid packet at item 18720
INFO: Parser returned #f
INFO: Detected an invalid packet at item 18784
INFO: Parser returned #f
* header analysis ID: 7 get the 1th transmission of data frame 45 at time 1.48553e+07 s
++++ frame_probe ID: 1 receives a frame at time 12.7046s ++++
++++ frame_probe ID: 2 receives a frame at time 12.7046s ++++
++++ frame_probe ID: 1010 receives a frame at time 12.7046s ++++
generated random number is0.206426 and the threshold is ++++ frame_probe ID: 1018 receives a frame at time 1. good luck. 
12.7047s ++++
INFO: Detected an invalid packet at item 18848
INFO: Parser returned #f
INFO: Detected an invalid packet at item 18880
INFO: Parser returned #f
INFO: Detected an invalid packet at item 18912
INFO: Parser returned #f
INFO: Detected an invalid packet at item 18944
INFO: Parser returned #f
INFO: Detected an invalid packet at item 18976
INFO: Parser returned #f
INFO: Detected an invalid packet at item 19008
INFO: Parser returned #f
INFO: Detected an invalid packet at item 19040
INFO: Parser returned #f
INFO: Detected an invalid packet at item 19072
INFO: Parser returned #f
INFO: Detected an invalid packet at item 19104
INFO: Parser returned #f
INFO: Detected an invalid packet at item 19136
INFO: Parser returned #f
INFO: Detected an invalid packet at item 19168
INFO: Parser returned #f
INFO: Detected an invalid packet at item 19200
INFO: Parser returned #f
INFO: Detected an invalid packet at item 19232
INFO: Parser returned #f
INFO: Detected an invalid packet at item 19264
INFO: Parser returned #f
INFO: Detected an invalid packet at item 19296
INFO: Parser returned #f
INFO: Detected an invalid packet at item 19328
INFO: Parser returned #f
INFO: Detected an invalid packet at item 19360
INFO: Parser returned #f
INFO: Detected an invalid packet at item 19392
INFO: Parser returned #f
INFO: Detected an invalid packet at item 19424
INFO: Parser returned #f
INFO: Detected an invalid packet at item 19456
INFO: Parser returned #f
INFO: Detected an invalid packet at item 19488
INFO: Parser returned #f
INFO: Detected an invalid packet at item 19520
INFO: Parser returned #f
INFO: Detected an invalid packet at item 19552
INFO: Parser returned #f
INFO: Detected an invalid packet at item 19584
INFO: Parser returned #f
INFO: Detected an invalid packet at item 19616
INFO: Parser returned #f
INFO: Detected an invalid packet at item 19648
INFO: Parser returned #f
INFO: Detected an invalid packet at item 19680
INFO: Parser returned #f
INFO: Detected an invalid packet at item 19712
INFO: Parser returned #f
INFO: Detected an invalid packet at item 19744
INFO: Parser returned #f
INFO: Detected an invalid packet at item 19776
INFO: Parser returned #f
INFO: Detected an invalid packet at item 19808
INFO: Parser returned #f
INFO: Detected an invalid packet at item 19840
INFO: Parser returned #f
INFO: Detected an invalid packet at item 19872
INFO: Parser returned #f
INFO: Detected an invalid packet at item 19904
INFO: Parser returned #f
INFO: Detected an invalid packet at item 19936
INFO: Parser returned #f
INFO: Detected an invalid packet at item 19968
INFO: Parser returned #f
INFO: Detected an invalid packet at item 20000
INFO: Parser returned #f
INFO: Detected an invalid packet at item 20032
INFO: Parser returned #f
INFO: Detected an invalid packet at item 20064
INFO: Parser returned #f
INFO: Detected an invalid packet at item 20096
INFO: Parser returned #f
INFO: Detected an invalid packet at item 20128
INFO: Parser returned #f
INFO: Detected an invalid packet at item 20160
INFO: Parser returned #f
INFO: Detected an invalid packet at item 20192
INFO: Parser returned #f
INFO: Detected an invalid packet at item 20224
INFO: Parser returned #f
INFO: Detected an invalid packet at item 20256
INFO: Parser returned #f
INFO: Detected an invalid packet at item 20288
INFO: Parser returned #f
INFO: Detected an invalid packet at item 20320
INFO: Parser returned #f
INFO: Detected an invalid packet at item 20352
INFO: Parser returned #f
INFO: Detected an invalid packet at item 20384
INFO: Parser returned #f
INFO: Detected an invalid packet at item 20416
INFO: Parser returned #f
INFO: Detected an invalid packet at item 20448
INFO: Parser returned #f
INFO: Detected an invalid packet at item 20480
INFO: Parser returned #f
INFO: Detected an invalid packet at item 20512
INFO: Parser returned #f
INFO: Detected an invalid packet at item 20544
INFO: Parser returned #f
INFO: Detected an invalid packet at item 20576
INFO: Parser returned #f
INFO: Detected an invalid packet at item 20608
INFO: Parser returned #f
INFO: Detected an invalid packet at item 20640
INFO: Parser returned #f
INFO: Detected an invalid packet at item 20672
INFO: Parser returned #f
INFO: Detected an invalid packet at item 20704
INFO: Parser returned #f
INFO: Detected an invalid packet at item 20736
INFO: Parser returned #f
INFO: Detected an invalid packet at item 20768
INFO: Parser returned #f
INFO: Detected an invalid packet at item 20800
INFO: Parser returned #f
INFO: Detected an invalid packet at item 20832
INFO: Parser returned #f
INFO: Detected an invalid packet at item 20864
INFO: Parser returned #f
INFO: Detected an invalid packet at item 20896
INFO: Parser returned #f
INFO: Detected an invalid packet at item 20928
INFO: Parser returned #f
INFO: Detected an invalid packet at item 20960
INFO: Parser returned #f
INFO: Detected an invalid packet at item 20992
INFO: Parser returned #f
INFO: Detected an invalid packet at item 21024
INFO: Parser returned #f
INFO: Detected an invalid packet at item 21056
INFO: Parser returned #f
INFO: Detected an invalid packet at item 21088
INFO: Parser returned #f
INFO: Detected an invalid packet at item 21120
INFO: Parser returned #f
INFO: Detected an invalid packet at item 21152
INFO: Parser returned #f
INFO: Detected an invalid packet at item 21184
INFO: Parser returned #f
INFO: Detected an invalid packet at item 21216
INFO: Parser returned #f
INFO: Detected an invalid packet at item 21248
INFO: Parser returned #f
INFO: Detected an invalid packet at item 21280
INFO: Parser returned #f
INFO: Detected an invalid packet at item 21312
INFO: Parser returned #f
INFO: Detected an invalid packet at item 21344
INFO: Parser returned #f
INFO: Detected an invalid packet at item 21376
INFO: Parser returned #f
INFO: Detected an invalid packet at item 21408
INFO: Parser returned #f
INFO: Detected an invalid packet at item 21440
INFO: Parser returned #f
INFO: Detected an invalid packet at item 21472
INFO: Parser returned #f
INFO: Detected an invalid packet at item 21504
INFO: Parser returned #f
INFO: Detected an invalid packet at item 21536
INFO: Parser returned #f
INFO: Detected an invalid packet at item 21568
INFO: Parser returned #f
INFO: Detected an invalid packet at item 21600
INFO: Parser returned #f
INFO: Detected an invalid packet at item 21632
INFO: Parser returned #f
INFO: Detected an invalid packet at item 21664
INFO: Parser returned #f
INFO: Detected an invalid packet at item 21696
INFO: Parser returned #f
INFO: Detected an invalid packet at item 21728
INFO: Parser returned #f
INFO: Detected an invalid packet at item 21760
INFO: Parser returned #f
INFO: Detected an invalid packet at item 21792
INFO: Parser returned #f
INFO: Detected an invalid packet at item 21824
INFO: Parser returned #f
INFO: Detected an invalid packet at item 21856
INFO: Parser returned #f
INFO: Detected an invalid packet at item 21888
INFO: Parser returned #f
INFO: Detected an invalid packet at item 21920
INFO: Parser returned #f
INFO: Detected an invalid packet at item 21952
INFO: Parser returned #f
INFO: Detected an invalid packet at item 21984
INFO: Parser returned #f
INFO: Detected an invalid packet at item 22016
INFO: Parser returned #f
INFO: Detected an invalid packet at item 22048
INFO: Parser returned #f
INFO: Detected an invalid packet at item 22080
INFO: Parser returned #f
INFO: Detected an invalid packet at item 22112
INFO: Parser returned #f
INFO: Detected an invalid packet at item 22144
INFO: Parser returned #f
INFO: Detected an invalid packet at item 22176
INFO: Parser returned #f
INFO: Detected an invalid packet at item 22208
INFO: Parser returned #f
INFO: Detected an invalid packet at item 22240
INFO: Parser returned #f
INFO: Detected an invalid packet at item 22272
INFO: Parser returned #f
INFO: Detected an invalid packet at item 22304
INFO: Parser returned #f
INFO: Detected an invalid packet at item 22336
INFO: Parser returned #f
INFO: Detected an invalid packet at item 22368
INFO: Parser returned #f
INFO: Detected an invalid packet at item 22400
INFO: Parser returned #f
INFO: Detected an invalid packet at item 22432
INFO: Parser returned #f
INFO: Detected an invalid packet at item 22464
INFO: Parser returned #f
INFO: Detected an invalid packet at item 22496
INFO: Parser returned #f
INFO: Detected an invalid packet at item 22528
INFO: Parser returned #f
INFO: Detected an invalid packet at item 22560
INFO: Parser returned #f
INFO: Detected an invalid packet at item 22592
INFO: Parser returned #f
INFO: Detected an invalid packet at item 22624
INFO: Parser returned #f
INFO: Detected an invalid packet at item 22656
INFO: Parser returned #f
INFO: Detected an invalid packet at item 22688
INFO: Parser returned #f
INFO: Detected an invalid packet at item 22720
INFO: Parser returned #f
INFO: Detected an invalid packet at item 22752
INFO: Parser returned #f
INFO: Detected an invalid packet at item 22784
INFO: Parser returned #f
INFO: Detected an invalid packet at item 22816
INFO: Parser returned #f
INFO: Detected an invalid packet at item 22848
INFO: Parser returned #f
* header analysis ID: 7 get the 1th transmission of data frame 45 at time 1.48553e+07 s
++++ frame_probe ID: 1 receives a frame at time 12.8776s ++++
++++ frame_probe ID: 2 receives a frame at time 12.8776s ++++
++++ frame_probe ID: 1010 receives a frame at time 12.8776s ++++
generated random number is0.384163++++ frame_probe ID:  and the threshold is 1018 receives a frame at time 1. good luck. 
12.8777s ++++
INFO: Detected an invalid packet at item 22944
INFO: Parser returned #f
INFO: Detected an invalid packet at item 22976
INFO: Parser returned #f
measurement 1/2 complete in 4 second(s).
INFO: Detected an invalid packet at item 23040
INFO: Parser returned #f
* header analysis ID: 7 get the 1th transmission of data frame 45 at time 1.48553e+07 s
++++ frame_probe ID: 1 receives a frame at time 13.07s ++++
++++ frame_probe ID: 2 receives a frame at time 13.0701s ++++
++++ frame_probe ID: 1010 receives a frame at time 13.0701s ++++
generated random number is++++ frame_probe ID: 1018 receives a frame at time 0.341327 and the threshold is 1. good luck. 
13.0702s ++++
INFO: Detected an invalid packet at item 23104
INFO: Parser returned #f
INFO: Detected an invalid packet at item 23136
INFO: Parser returned #f
INFO: Detected an invalid packet at item 23200
INFO: Parser returned #f
* header analysis ID: 7 get the 1th transmission of data frame 45 at time 1.48553e+07 s
++++ frame_probe ID: 1 receives a frame at time 13.3198s ++++
++++ frame_probe ID: 2 receives a frame at time 13.3199s ++++
++++ frame_probe ID: 1010 receives a frame at time 13.3199s ++++
generated random number is++++ frame_probe ID: 0.2611291018 receives a frame at time  and the threshold is 1. good luck. 
13.32s ++++
INFO: Detected an invalid packet at item 23264
INFO: Parser returned #f
INFO: Detected an invalid packet at item 23296
INFO: Parser returned #f
INFO: Detected an invalid packet at item 23360
INFO: Parser returned #f
* header analysis ID: 7 get the 1th transmission of data frame 45 at time 1.48553e+07 s
++++ frame_probe ID: 1 receives a frame at time 13.4922s ++++
++++ frame_probe ID: 2 receives a frame at time 13.4922s ++++
++++ frame_probe ID: 1010 receives a frame at time 13.4922s ++++
generated random number is0.272326++++ frame_probe ID:  and the threshold is 1018 receives a frame at time 1. good luck. 
13.4923s ++++
INFO: Detected an invalid packet at item 23424
INFO: Parser returned #f
INFO: Detected an invalid packet at item 23456
INFO: Parser returned #f
INFO: Detected an invalid packet at item 23520
INFO: Parser returned #f
* header analysis ID: 7 get the 1th transmission of data frame 46 at time 1.48553e+07 s
++++ frame_probe ID: 1 receives a frame at time 13.8953s ++++
++++ frame_probe ID: 2 receives a frame at time 13.8954s ++++
++++ frame_probe ID: 1010 receives a frame at time 13.8954s ++++
generated random number is++++ frame_probe ID: 1018 receives a frame at time 0.17886213.8954 and the threshold is s ++++
1. good luck. 
measurement 1/2 complete in 3 second(s).
INFO: Detected an invalid packet at item 23584
INFO: Parser returned #f
INFO: Detected an invalid packet at item 23616
INFO: Parser returned #f
* header analysis ID: 7 get the 1th transmission of data frame 46 at time 1.48553e+07 s
++++ frame_probe ID: 1 receives a frame at time 14.0684s ++++
++++ frame_probe ID: 2 receives a frame at time 14.0684s ++++
++++ frame_probe ID: 1010 receives a frame at time 14.0684s ++++
generated random number is++++ frame_probe ID: 1018 receives a frame at time 0.0883914.0685 and the threshold is s ++++
1. good luck. 
INFO: Detected an invalid packet at item 23712
INFO: Parser returned #f
INFO: Detected an invalid packet at item 23744
INFO: Parser returned #f
* header analysis ID: 7 get the 1th transmission of data frame 46 at time 1.48553e+07 s
++++ frame_probe ID: 1 receives a frame at time 14.2508s ++++
++++ frame_probe ID: 2 receives a frame at time 14.2508s ++++
++++ frame_probe ID: 1010 receives a frame at time 14.2508s ++++
generated random number is++++ frame_probe ID: 1018 receives a frame at time 0.775888 and the threshold is 14.2509s ++++
1. good luck. 
INFO: Detected an invalid packet at item 23840
INFO: Parser returned #f
INFO: Detected an invalid packet at item 23872
INFO: Parser returned #f
INFO: Detected an invalid packet at item 23936
INFO: Parser returned #f
* header analysis ID: 7 get the 1th transmission of data frame 46 at time 1.48553e+07 s
++++ frame_probe ID: 1 receives a frame at time 14.4526s ++++
++++ frame_probe ID: 2 receives a frame at time 14.4526s ++++
++++ frame_probe ID: 1010 receives a frame at time 14.4527s ++++
generated random number is++++ frame_probe ID: 1018 receives a frame at time 0.161468 and the threshold is 1. good luck. 
14.4527s ++++
INFO: Detected an invalid packet at item 24000
INFO: Parser returned #f
INFO: Detected an invalid packet at item 24032
INFO: Parser returned #f
INFO: Detected an invalid packet at item 24096
INFO: Parser returned #f
* header analysis ID: 7 get the 1th transmission of data frame 46 at time 1.48553e+07 s
++++ frame_probe ID: 1 receives a frame at time 14.6921s ++++
++++ frame_probe ID: 2 receives a frame at time 14.6921s ++++
++++ frame_probe ID: 1010 receives a frame at time 14.6922s ++++
generated random number is++++ frame_probe ID: 1018 receives a frame at time 0.389554 and the threshold is 1. good luck. 
14.6923s ++++
INFO: Detected an invalid packet at item 24160
INFO: Parser returned #f
INFO: Detected an invalid packet at item 24192
INFO: Parser returned #f
INFO: Detected an invalid packet at item 24224
INFO: Parser returned #f
INFO: Detected an invalid packet at item 24256
INFO: Parser returned #f
INFO: Detected an invalid packet at item 24288
INFO: Parser returned #f
INFO: Detected an invalid packet at item 24320
INFO: Parser returned #f
INFO: Detected an invalid packet at item 24352
INFO: Parser returned #f
INFO: Detected an invalid packet at item 24384
INFO: Parser returned #f
INFO: Detected an invalid packet at item 24416
INFO: Parser returned #f
INFO: Detected an invalid packet at item 24448
INFO: Parser returned #f
INFO: Detected an invalid packet at item 24480
INFO: Parser returned #f
INFO: Detected an invalid packet at item 24512
INFO: Parser returned #f
INFO: Detected an invalid packet at item 24544
INFO: Parser returned #f
INFO: Detected an invalid packet at item 24576
INFO: Parser returned #f
INFO: Detected an invalid packet at item 24608
INFO: Parser returned #f
INFO: Detected an invalid packet at item 24640
INFO: Parser returned #f
INFO: Detected an invalid packet at item 24672
INFO: Parser returned #f
INFO: Detected an invalid packet at item 24704
INFO: Parser returned #f
INFO: Detected an invalid packet at item 24736
INFO: Parser returned #f
INFO: Detected an invalid packet at item 24768
INFO: Parser returned #f
INFO: Detected an invalid packet at item 24800
INFO: Parser returned #f
INFO: Detected an invalid packet at item 24832
INFO: Parser returned #f
INFO: Detected an invalid packet at item 24864
INFO: Parser returned #f
INFO: Detected an invalid packet at item 24896
INFO: Parser returned #f
INFO: Detected an invalid packet at item 24928
INFO: Parser returned #f
INFO: Detected an invalid packet at item 24960
INFO: Parser returned #f
INFO: Detected an invalid packet at item 24992
INFO: Parser returned #f
INFO: Detected an invalid packet at item 25024
INFO: Parser returned #f
INFO: Detected an invalid packet at item 25056
INFO: Parser returned #f
INFO: Detected an invalid packet at item 25088
INFO: Parser returned #f
INFO: Detected an invalid packet at item 25120
INFO: Parser returned #f
INFO: Detected an invalid packet at item 25152
INFO: Parser returned #f
INFO: Detected an invalid packet at item 25184
INFO: Parser returned #f
INFO: Detected an invalid packet at item 25216
INFO: Parser returned #f
INFO: Detected an invalid packet at item 25248
INFO: Parser returned #f
INFO: Detected an invalid packet at item 25280
INFO: Parser returned #f
INFO: Detected an invalid packet at item 25312
INFO: Parser returned #f
INFO: Detected an invalid packet at item 25344
INFO: Parser returned #f
INFO: Detected an invalid packet at item 25376
INFO: Parser returned #f
INFO: Detected an invalid packet at item 25408
INFO: Parser returned #f
INFO: Detected an invalid packet at item 25440
INFO: Parser returned #f
INFO: Detected an invalid packet at item 25472
INFO: Parser returned #f
INFO: Detected an invalid packet at item 25504
INFO: Parser returned #f
INFO: Detected an invalid packet at item 25536
INFO: Parser returned #f
INFO: Detected an invalid packet at item 25568
INFO: Parser returned #f
INFO: Detected an invalid packet at item 25600
INFO: Parser returned #f
INFO: Detected an invalid packet at item 25632
INFO: Parser returned #f
INFO: Detected an invalid packet at item 25664
INFO: Parser returned #f
INFO: Detected an invalid packet at item 25696
INFO: Parser returned #f
INFO: Detected an invalid packet at item 25728
INFO: Parser returned #f
INFO: Detected an invalid packet at item 25760
INFO: Parser returned #f
INFO: Detected an invalid packet at item 25792
INFO: Parser returned #f
INFO: Detected an invalid packet at item 25824
INFO: Parser returned #f
INFO: Detected an invalid packet at item 25856
INFO: Parser returned #f
INFO: Detected an invalid packet at item 25888
INFO: Parser returned #f
INFO: Detected an invalid packet at item 25920
INFO: Parser returned #f
INFO: Detected an invalid packet at item 25952
INFO: Parser returned #f
INFO: Detected an invalid packet at item 25984
INFO: Parser returned #f
INFO: Detected an invalid packet at item 26016
INFO: Parser returned #f
INFO: Detected an invalid packet at item 26048
INFO: Parser returned #f
INFO: Detected an invalid packet at item 26080
INFO: Parser returned #f
INFO: Detected an invalid packet at item 26112
INFO: Parser returned #f
INFO: Detected an invalid packet at item 26144
INFO: Parser returned #f
INFO: Detected an invalid packet at item 26176
INFO: Parser returned #f
INFO: Detected an invalid packet at item 26208
INFO: Parser returned #f
INFO: Detected an invalid packet at item 26240
INFO: Parser returned #f
INFO: Detected an invalid packet at item 26272
INFO: Parser returned #f
INFO: Detected an invalid packet at item 26304
INFO: Parser returned #f
INFO: Detected an invalid packet at item 26336
INFO: Parser returned #f
INFO: Detected an invalid packet at item 26368
INFO: Parser returned #f
INFO: Detected an invalid packet at item 26400
INFO: Parser returned #f
INFO: Detected an invalid packet at item 26432
INFO: Parser returned #f
INFO: Detected an invalid packet at item 26464
INFO: Parser returned #f
INFO: Detected an invalid packet at item 26496
INFO: Parser returned #f
INFO: Detected an invalid packet at item 26528
INFO: Parser returned #f
INFO: Detected an invalid packet at item 26560
INFO: Parser returned #f
INFO: Detected an invalid packet at item 26592
INFO: Parser returned #f
INFO: Detected an invalid packet at item 26624
INFO: Parser returned #f
INFO: Detected an invalid packet at item 26656
INFO: Parser returned #f
INFO: Detected an invalid packet at item 26688
INFO: Parser returned #f
INFO: Detected an invalid packet at item 26720
INFO: Parser returned #f
INFO: Detected an invalid packet at item 26752
INFO: Parser returned #f
INFO: Detected an invalid packet at item 26784
INFO: Parser returned #f
INFO: Detected an invalid packet at item 26816
INFO: Parser returned #f
INFO: Detected an invalid packet at item 26848
INFO: Parser returned #f
INFO: Detected an invalid packet at item 26880
INFO: Parser returned #f
INFO: Detected an invalid packet at item 26912
INFO: Parser returned #f
INFO: Detected an invalid packet at item 26944
INFO: Parser returned #f
INFO: Detected an invalid packet at item 26976
INFO: Parser returned #f
INFO: Detected an invalid packet at item 27008
INFO: Parser returned #f
INFO: Detected an invalid packet at item 27040
INFO: Parser returned #f
INFO: Detected an invalid packet at item 27072
INFO: Parser returned #f
INFO: Detected an invalid packet at item 27104
INFO: Parser returned #f
INFO: Detected an invalid packet at item 27136
INFO: Parser returned #f
INFO: Detected an invalid packet at item 27168
INFO: Parser returned #f
INFO: Detected an invalid packet at item 27200
INFO: Parser returned #f
INFO: Detected an invalid packet at item 27232
INFO: Parser returned #f
INFO: Detected an invalid packet at item 27264
INFO: Parser returned #f
INFO: Detected an invalid packet at item 27296
INFO: Parser returned #f
INFO: Detected an invalid packet at item 27328
INFO: Parser returned #f
INFO: Detected an invalid packet at item 27360
INFO: Parser returned #f
INFO: Detected an invalid packet at item 27392
INFO: Parser returned #f
INFO: Detected an invalid packet at item 27424
INFO: Parser returned #f
INFO: Detected an invalid packet at item 27456
INFO: Parser returned #f
INFO: Detected an invalid packet at item 27488
INFO: Parser returned #f
INFO: Detected an invalid packet at item 27520
INFO: Parser returned #f
INFO: Detected an invalid packet at item 27552
INFO: Parser returned #f
INFO: Detected an invalid packet at item 27584
INFO: Parser returned #f
INFO: Detected an invalid packet at item 27616
INFO: Parser returned #f
INFO: Detected an invalid packet at item 27648
INFO: Parser returned #f
INFO: Detected an invalid packet at item 27680
INFO: Parser returned #f
INFO: Detected an invalid packet at item 27712
INFO: Parser returned #f
INFO: Detected an invalid packet at item 27744
INFO: Parser returned #f
INFO: Detected an invalid packet at item 27776
INFO: Parser returned #f
INFO: Detected an invalid packet at item 27808
INFO: Parser returned #f
INFO: Detected an invalid packet at item 27840
INFO: Parser returned #f
INFO: Detected an invalid packet at item 27872
INFO: Parser returned #f
INFO: Detected an invalid packet at item 27904
INFO: Parser returned #f
INFO: Detected an invalid packet at item 27936
INFO: Parser returned #f
INFO: Detected an invalid packet at item 27968
INFO: Parser returned #f
INFO: Detected an invalid packet at item 28000
INFO: Parser returned #f
INFO: Detected an invalid packet at item 28032
INFO: Parser returned #f
INFO: Detected an invalid packet at item 28064
INFO: Parser returned #f
INFO: Detected an invalid packet at item 28096
INFO: Parser returned #f
INFO: Detected an invalid packet at item 28128
INFO: Parser returned #f
measurement 1/2 complete in 2 second(s).
* header analysis ID: 7 get the 1th transmission of data frame 46 at time 1.48553e+07 s
++++ frame_probe ID: 1 receives a frame at time 15.0005s ++++
++++ frame_probe ID: 2 receives a frame at time 15.0005s ++++
++++ frame_probe ID: 1010 receives a frame at time 15.0006s ++++
generated random number is++++ frame_probe ID: 1018 receives a frame at time 0.0566601 and the threshold is 1. good luck. 
15.0006s ++++
INFO: Detected an invalid packet at item 28224
INFO: Parser returned #f
INFO: Detected an invalid packet at item 28256
INFO: Parser returned #f
* header analysis ID: 7 get the 1th transmission of data frame 47 at time 1.48553e+07 s
++++ frame_probe ID: 1 receives a frame at time 15.4135s ++++
++++ frame_probe ID: 2 receives a frame at time 15.4135s ++++
++++ frame_probe ID: 1010 receives a frame at time 15.4136s ++++
generated random number is++++ frame_probe ID: 1018 receives a frame at time 0.709459 and the threshold is 15.4136s ++++
1. good luck. 
INFO: Detected an invalid packet at item 28352
INFO: Parser returned #f
INFO: Detected an invalid packet at item 28384
INFO: Parser returned #f
* header analysis ID: 7 get the 1th transmission of data frame 47 at time 1.48553e+07 s
++++ frame_probe ID: 1 receives a frame at time 15.587s ++++
++++ frame_probe ID: 2 receives a frame at time 15.587s ++++
++++ frame_probe ID: 1010 receives a frame at time 15.5871s ++++
generated random number is++++ frame_probe ID: 1018 receives a frame at time 0.970588 and the threshold is 15.5871s ++++
1. good luck. 
INFO: Detected an invalid packet at item 28480
INFO: Parser returned #f
INFO: Detected an invalid packet at item 28512
INFO: Parser returned #f
INFO: Detected an invalid packet at item 28576
INFO: Parser returned #f
* header analysis ID: 7 get the 1th transmission of data frame 47 at time 1.48553e+07 s
++++ frame_probe ID: 1 receives a frame at time 15.7591s ++++
++++ frame_probe ID: 2 receives a frame at time 15.7591s ++++
++++ frame_probe ID: 1010 receives a frame at time 15.7592s ++++
generated random number is++++ frame_probe ID: 0.202215 and the threshold is 1018 receives a frame at time 1. good luck. 
15.7592s ++++
INFO: Detected an invalid packet at item 28640
INFO: Parser returned #f
INFO: Detected an invalid packet at item 28672
INFO: Parser returned #f
measurement 1/2 complete in 1 second(s).
INFO: Detected an invalid packet at item 28736
INFO: Parser returned #f
* header analysis ID: 7 get the 1th transmission of data frame 47 at time 1.48553e+07 s
++++ frame_probe ID: 1 receives a frame at time 15.9697s ++++
++++ frame_probe ID: 2 receives a frame at time 15.9698s ++++
++++ frame_probe ID: 1010 receives a frame at time 15.9698s ++++
generated random number is0.322464 and the threshold is 1. good luck. 
++++ frame_probe ID: 1018 receives a frame at time 15.9699s ++++
INFO: Detected an invalid packet at item 28800
INFO: Parser returned #f
INFO: Detected an invalid packet at item 28832
INFO: Parser returned #f
* header analysis ID: 7 get the 1th transmission of data frame 47 at time 1.48553e+07 s
++++ frame_probe ID: 1 receives a frame at time 16.1721s ++++
++++ frame_probe ID: 2 receives a frame at time 16.1722s ++++
++++ frame_probe ID: 1010 receives a frame at time 16.1722s ++++
generated random number is++++ frame_probe ID: 1018 receives a frame at time 0.761776 and the threshold is 1. good luck. 
16.1723s ++++
INFO: Detected an invalid packet at item 28928
INFO: Parser returned #f
INFO: Detected an invalid packet at item 28960
INFO: Parser returned #f
INFO: Detected an invalid packet at item 28992
INFO: Parser returned #f
INFO: Detected an invalid packet at item 29024
INFO: Parser returned #f
INFO: Detected an invalid packet at item 29056
INFO: Parser returned #f
INFO: Detected an invalid packet at item 29088
INFO: Parser returned #f
INFO: Detected an invalid packet at item 29120
INFO: Parser returned #f
INFO: Detected an invalid packet at item 29152
INFO: Parser returned #f
INFO: Detected an invalid packet at item 29184
INFO: Parser returned #f
INFO: Detected an invalid packet at item 29216
INFO: Parser returned #f
INFO: Detected an invalid packet at item 29248
INFO: Parser returned #f
INFO: Detected an invalid packet at item 29280
INFO: Parser returned #f
INFO: Detected an invalid packet at item 29312
INFO: Parser returned #f
INFO: Detected an invalid packet at item 29344
INFO: Parser returned #f
INFO: Detected an invalid packet at item 29376
INFO: Parser returned #f
INFO: Detected an invalid packet at item 29408
INFO: Parser returned #f
INFO: Detected an invalid packet at item 29440
INFO: Parser returned #f
INFO: Detected an invalid packet at item 29472
INFO: Parser returned #f
INFO: Detected an invalid packet at item 29504
INFO: Parser returned #f
INFO: Detected an invalid packet at item 29536
INFO: Parser returned #f
INFO: Detected an invalid packet at item 29568
INFO: Parser returned #f
INFO: Detected an invalid packet at item 29600
INFO: Parser returned #f
INFO: Detected an invalid packet at item 29632
INFO: Parser returned #f
INFO: Detected an invalid packet at item 29664
INFO: Parser returned #f
INFO: Detected an invalid packet at item 29696
INFO: Parser returned #f
INFO: Detected an invalid packet at item 29728
INFO: Parser returned #f
INFO: Detected an invalid packet at item 29760
INFO: Parser returned #f
INFO: Detected an invalid packet at item 29792
INFO: Parser returned #f
INFO: Detected an invalid packet at item 29824
INFO: Parser returned #f
INFO: Detected an invalid packet at item 29856
INFO: Parser returned #f
INFO: Detected an invalid packet at item 29888
INFO: Parser returned #f
INFO: Detected an invalid packet at item 29920
INFO: Parser returned #f
INFO: Detected an invalid packet at item 29952
INFO: Parser returned #f
INFO: Detected an invalid packet at item 29984
INFO: Parser returned #f
INFO: Detected an invalid packet at item 30016
INFO: Parser returned #f
INFO: Detected an invalid packet at item 30048
INFO: Parser returned #f
INFO: Detected an invalid packet at item 30080
INFO: Parser returned #f
INFO: Detected an invalid packet at item 30112
INFO: Parser returned #f
INFO: Detected an invalid packet at item 30144
INFO: Parser returned #f
INFO: Detected an invalid packet at item 30176
INFO: Parser returned #f
INFO: Detected an invalid packet at item 30208
INFO: Parser returned #f
INFO: Detected an invalid packet at item 30240
INFO: Parser returned #f
INFO: Detected an invalid packet at item 30272
INFO: Parser returned #f
INFO: Detected an invalid packet at item 30304
INFO: Parser returned #f
INFO: Detected an invalid packet at item 30336
INFO: Parser returned #f
INFO: Detected an invalid packet at item 30368
INFO: Parser returned #f
INFO: Detected an invalid packet at item 30400
INFO: Parser returned #f
INFO: Detected an invalid packet at item 30432
INFO: Parser returned #f
INFO: Detected an invalid packet at item 30464
INFO: Parser returned #f
INFO: Detected an invalid packet at item 30496
INFO: Parser returned #f
INFO: Detected an invalid packet at item 30528
INFO: Parser returned #f
INFO: Detected an invalid packet at item 30560
INFO: Parser returned #f
INFO: Detected an invalid packet at item 30592
INFO: Parser returned #f
INFO: Detected an invalid packet at item 30624
INFO: Parser returned #f
INFO: Detected an invalid packet at item 30656
INFO: Parser returned #f
INFO: Detected an invalid packet at item 30688
INFO: Parser returned #f
INFO: Detected an invalid packet at item 30720
INFO: Parser returned #f
INFO: Detected an invalid packet at item 30752
INFO: Parser returned #f
INFO: Detected an invalid packet at item 30784
INFO: Parser returned #f
INFO: Detected an invalid packet at item 30816
INFO: Parser returned #f
INFO: Detected an invalid packet at item 30848
INFO: Parser returned #f
INFO: Detected an invalid packet at item 30880
INFO: Parser returned #f
INFO: Detected an invalid packet at item 30912
INFO: Parser returned #f
INFO: Detected an invalid packet at item 30944
INFO: Parser returned #f
INFO: Detected an invalid packet at item 30976
INFO: Parser returned #f
INFO: Detected an invalid packet at item 31008
INFO: Parser returned #f
INFO: Detected an invalid packet at item 31040
INFO: Parser returned #f
INFO: Detected an invalid packet at item 31072
INFO: Parser returned #f
INFO: Detected an invalid packet at item 31104
INFO: Parser returned #f
INFO: Detected an invalid packet at item 31136
INFO: Parser returned #f
INFO: Detected an invalid packet at item 31168
INFO: Parser returned #f
INFO: Detected an invalid packet at item 31200
INFO: Parser returned #f
INFO: Detected an invalid packet at item 31232
INFO: Parser returned #f
INFO: Detected an invalid packet at item 31264
INFO: Parser returned #f
INFO: Detected an invalid packet at item 31296
INFO: Parser returned #f
INFO: Detected an invalid packet at item 31328
INFO: Parser returned #f
INFO: Detected an invalid packet at item 31360
INFO: Parser returned #f
INFO: Detected an invalid packet at item 31392
INFO: Parser returned #f
INFO: Detected an invalid packet at item 31424
INFO: Parser returned #f
INFO: Detected an invalid packet at item 31456
INFO: Parser returned #f
INFO: Detected an invalid packet at item 31488
INFO: Parser returned #f
INFO: Detected an invalid packet at item 31520
INFO: Parser returned #f
INFO: Detected an invalid packet at item 31552
INFO: Parser returned #f
INFO: Detected an invalid packet at item 31584
INFO: Parser returned #f
INFO: Detected an invalid packet at item 31616
INFO: Parser returned #f
INFO: Detected an invalid packet at item 31648
INFO: Parser returned #f
INFO: Detected an invalid packet at item 31680
INFO: Parser returned #f
INFO: Detected an invalid packet at item 31712
INFO: Parser returned #f
INFO: Detected an invalid packet at item 31744
INFO: Parser returned #f
INFO: Detected an invalid packet at item 31776
INFO: Parser returned #f
INFO: Detected an invalid packet at item 31808
INFO: Parser returned #f
INFO: Detected an invalid packet at item 31840
INFO: Parser returned #f
INFO: Detected an invalid packet at item 31872
INFO: Parser returned #f
INFO: Detected an invalid packet at item 31904
INFO: Parser returned #f
INFO: Detected an invalid packet at item 31936
INFO: Parser returned #f
INFO: Detected an invalid packet at item 31968
INFO: Parser returned #f
INFO: Detected an invalid packet at item 32000
INFO: Parser returned #f
INFO: Detected an invalid packet at item 32032
INFO: Parser returned #f
INFO: Detected an invalid packet at item 32064
INFO: Parser returned #f
INFO: Detected an invalid packet at item 32096
INFO: Parser returned #f
INFO: Detected an invalid packet at item 32128
INFO: Parser returned #f
INFO: Detected an invalid packet at item 32160
INFO: Parser returned #f
INFO: Detected an invalid packet at item 32192
INFO: Parser returned #f
INFO: Detected an invalid packet at item 32224
INFO: Parser returned #f
INFO: Detected an invalid packet at item 32256
INFO: Parser returned #f
INFO: Detected an invalid packet at item 32288
INFO: Parser returned #f
INFO: Detected an invalid packet at item 32320
INFO: Parser returned #f
INFO: Detected an invalid packet at item 32352
INFO: Parser returned #f
INFO: Detected an invalid packet at item 32384
INFO: Parser returned #f
INFO: Detected an invalid packet at item 32416
INFO: Parser returned #f
INFO: Detected an invalid packet at item 32448
INFO: Parser returned #f
INFO: Detected an invalid packet at item 32480
INFO: Parser returned #f
INFO: Detected an invalid packet at item 32512
INFO: Parser returned #f
INFO: Detected an invalid packet at item 32544
INFO: Parser returned #f
INFO: Detected an invalid packet at item 32576
INFO: Parser returned #f
INFO: Detected an invalid packet at item 32608
INFO: Parser returned #f
INFO: Detected an invalid packet at item 32640
INFO: Parser returned #f
INFO: Detected an invalid packet at item 32672
INFO: Parser returned #f
INFO: Detected an invalid packet at item 32704
INFO: Parser returned #f
INFO: Detected an invalid packet at item 32736
INFO: Parser returned #f
INFO: Detected an invalid packet at item 32768
INFO: Parser returned #f
INFO: Detected an invalid packet at item 32800
INFO: Parser returned #f
INFO: Detected an invalid packet at item 32832
INFO: Parser returned #f
INFO: Detected an invalid packet at item 32864
INFO: Parser returned #f
INFO: Detected an invalid packet at item 32896
INFO: Parser returned #f
INFO: Detected an invalid packet at item 32960
INFO: Parser returned #f
* header analysis ID: 7 get the 1th transmission of data frame 47 at time 1.48553e+07 s
++++ frame_probe ID: 1 receives a frame at time 16.4427s ++++
++++ frame_probe ID: 2 receives a frame at time 16.4427s ++++
++++ frame_probe ID: 1010 receives a frame at time 16.4428s ++++
generated random number is0.617432 and the threshold is ++++ frame_probe ID: 1. good luck. 
1018 receives a frame at time 16.4428s ++++
INFO: Detected an invalid packet at item 33024
INFO: Parser returned #f
INFO: Detected an invalid packet at item 33056
INFO: Parser returned #f
* header analysis ID: 7 get the 1th transmission of data frame 48 at time 1.48553e+07 s
++++ frame_probe ID: ++++ frame_probe ID: 2 receives a frame at time 1 receives a frame at time 16.9125s ++++
16.9125s ++++
++++ frame_probe ID: 1010 receives a frame at time 16.9126s ++++
generated random number is0.346861 and the threshold is ++++ frame_probe ID: 1. good luck. 1018 receives a frame at time 
16.9126s ++++
measurement 1 raw data directory created /home/inets/0_ba/bachelor_thesis/measurements/debug/data/122/1/.
'/home/inets/source/gr-inets/results/ack_not_filtered.txt' -> '/home/inets/0_ba/bachelor_thesis/measurements/debug/data/122/1/ack_not_filtered.txt'
'/home/inets/source/gr-inets/results/receiver_data_received.txt' -> '/home/inets/0_ba/bachelor_thesis/measurements/debug/data/122/1/receiver_data_received.txt'
'/home/inets/source/gr-inets/results/sender_bfr_dq.txt' -> '/home/inets/0_ba/bachelor_thesis/measurements/debug/data/122/1/sender_bfr_dq.txt'
'/home/inets/source/gr-inets/results/sender_data_sent.txt' -> '/home/inets/0_ba/bachelor_thesis/measurements/debug/data/122/1/sender_data_sent.txt'
'/home/inets/source/gr-inets/results/sender_retransmissions.txt' -> '/home/inets/0_ba/bachelor_thesis/measurements/debug/data/122/1/sender_retransmissions.txt'
measurement 1 raw data moved to /home/inets/0_ba/bachelor_thesis/measurements/debug/data/122/1/.

measurement 2/2 complete in 10 second(s).
