Measurement 1/3 complete in 5 second(s).
linux; GNU C++ version 5.4.0 20160609; Boost_105800; UHD_003.009.005-45-g6768a615

linux; GNU C++ version 5.4.0 20160609; Boost_105800; UHD_003.009.005-45-g6768a615

Using Volk machine: avx_64_mmx
-- Opening a USRP2/N-Series device...
Using Volk machine: avx_64_mmx
-- Opening a USRP2/N-Series device...
-- Current recv frame size: 1472 bytes
-- Current recv frame size: 1472 bytes
-- Current send frame size: 1472 bytes
-- Current send frame size: 1472 bytes
Measurement 1/3 complete in 4 second(s).
the 100th message counter is activated.
the 100th message counter is activated.
Measurement 1/3 complete in 3 second(s).
node starts running at 96.8416
node starts running at 96.8546
++++ frame_probe ID: 850 receives a frame at time 97.1881s ++++
INFO: Detected an invalid packet at item 0
INFO: Parser returned #f
++++ frame_probe ID: 860 receives a frame at time 97.2289s ++++
++++ frame_probe ID: 1010 receives a frame at time 97.2333s ++++
++++ frame_probe ID: 890 receives a frame at time 97.2578s ++++
the 100th message counter  has been visited 1 times  
++++ frame_probe ID: 850 receives a frame at time 97.3412s ++++
INFO: Detected an invalid packet at item 96
INFO: Parser returned #f
++++ frame_probe ID: 860 receives a frame at time 97.3819s ++++
++++ frame_probe ID: 1010 receives a frame at time 97.3868s ++++
++++ frame_probe ID: 890 receives a frame at time 97.4111s ++++
Measurement 1/3 complete in 2 second(s).
the 100th message counter  has been visited 2 times  
++++ frame_probe ID: 850 receives a frame at time 97.6054s ++++
INFO: Detected an invalid packet at item 192
INFO: Parser returned #f
++++ frame_probe ID: 860 receives a frame at time 97.6461s ++++
++++ frame_probe ID: 1010 receives a frame at time 97.6563s ++++
++++ frame_probe ID: 890 receives a frame at time 97.6797s ++++
the 100th message counter  has been visited 3 times  
++++ frame_probe ID: 850 receives a frame at time 97.7581s ++++
INFO: Detected an invalid packet at item 288
INFO: Parser returned #f
++++ frame_probe ID: 860 receives a frame at time 97.7987s ++++
++++ frame_probe ID: 1010 receives a frame at time 97.8096s ++++
++++ frame_probe ID: 890 receives a frame at time 97.834s ++++
the 100th message counter  has been visited 4 times  
++++ frame_probe ID: 850 receives a frame at time 97.9244s ++++
INFO: Detected an invalid packet at item 384
INFO: Parser returned #f
++++ frame_probe ID: 860 receives a frame at time 97.9653s ++++
++++ frame_probe ID: 1010 receives a frame at time 97.9729s ++++
++++ frame_probe ID: 890 receives a frame at time 97.9965s ++++
the 100th message counter  has been visited 5 times  
++++ frame_probe ID: 850 receives a frame at time 98.0829s ++++
INFO: Detected an invalid packet at item 480
INFO: Parser returned #f
++++ frame_probe ID: 860 receives a frame at time 98.1236s ++++
++++ frame_probe ID: 1010 receives a frame at time 98.1264s ++++
++++ frame_probe ID: 890 receives a frame at time 98.1508s ++++
the 100th message counter  has been visited 6 times  
++++ frame_probe ID: 850 receives a frame at time 98.2612s ++++
INFO: Detected an invalid packet at item 576
INFO: Parser returned #f
++++ frame_probe ID: 860 receives a frame at time 98.3019s ++++
++++ frame_probe ID: 1010 receives a frame at time 98.3088s ++++
++++ frame_probe ID: 890 receives a frame at time 98.3331s ++++
the 100th message counter  has been visited 7 times  
Measurement 1/3 complete in 1 second(s).
++++ frame_probe ID: 850 receives a frame at time 98.4266s ++++
INFO: Detected an invalid packet at item 672
INFO: Parser returned #f
++++ frame_probe ID: 860 receives a frame at time 98.4672s ++++
++++ frame_probe ID: 1010 receives a frame at time 98.4721s ++++
++++ frame_probe ID: 890 receives a frame at time 98.4965s ++++
the 100th message counter  has been visited 8 times  
++++ frame_probe ID: 850 receives a frame at time 98.5851s ++++
INFO: Detected an invalid packet at item 768
INFO: Parser returned #f
++++ frame_probe ID: 860 receives a frame at time 98.6258s ++++
++++ frame_probe ID: 1010 receives a frame at time 98.6354s ++++
++++ frame_probe ID: 890 receives a frame at time 98.6589s ++++
the 100th message counter  has been visited 9 times  
++++ frame_probe ID: 850 receives a frame at time 98.7554s ++++
INFO: Detected an invalid packet at item 864
INFO: Parser returned #f
++++ frame_probe ID: 860 receives a frame at time 98.7962s ++++
++++ frame_probe ID: 1010 receives a frame at time 98.8079s ++++
++++ frame_probe ID: 890 receives a frame at time 98.8323s ++++
the 100th message counter  has been visited 10 times  
++++ frame_probe ID: 850 receives a frame at time 98.9388s ++++
INFO: Detected an invalid packet at item 960
INFO: Parser returned #f
++++ frame_probe ID: 860 receives a frame at time 98.9796s ++++
++++ frame_probe ID: 1010 receives a frame at time 98.9903s ++++
++++ frame_probe ID: 890 receives a frame at time 99.0148s ++++
the 100th message counter  has been visited 11 times  
++++ frame_probe ID: 850 receives a frame at time 99.1202s ++++
INFO: Detected an invalid packet at item 1056
INFO: Parser returned #f
++++ frame_probe ID: 860 receives a frame at time 99.1609s ++++
++++ frame_probe ID: 1010 receives a frame at time 99.1727s ++++
++++ frame_probe ID: 890 receives a frame at time 99.197s ++++
the 100th message counter  has been visited 12 times  
++++ frame_probe ID: 850 receives a frame at time 99.2925s ++++
INFO: Detected an invalid packet at item 1152
INFO: Parser returned #f
++++ frame_probe ID: 860 receives a frame at time 99.3333s ++++
++++ frame_probe ID: 1010 receives a frame at time 99.336s ++++
++++ frame_probe ID: 890 receives a frame at time 99.3605s ++++
Measurement 1 raw data directory created /home/inets/0_ba/bachelor_thesis/measurements/debug/data/19/1/.
'/home/inets/source/gr-inets/results/receiver_data_received.txt' -> '/home/inets/0_ba/bachelor_thesis/measurements/debug/data/19/1/receiver_data_received.txt'
'/home/inets/source/gr-inets/results/sender_ack_received.txt' -> '/home/inets/0_ba/bachelor_thesis/measurements/debug/data/19/1/sender_ack_received.txt'
'/home/inets/source/gr-inets/results/sender_bfr_dq.txt' -> '/home/inets/0_ba/bachelor_thesis/measurements/debug/data/19/1/sender_bfr_dq.txt'
'/home/inets/source/gr-inets/results/sender_data_sent.txt' -> '/home/inets/0_ba/bachelor_thesis/measurements/debug/data/19/1/sender_data_sent.txt'
Measurement 1 raw data moved to /home/inets/0_ba/bachelor_thesis/measurements/debug/data/19/1/.

Measurement 2/3 complete in 5 second(s).
linux; GNU C++ version 5.4.0 20160609; Boost_105800; UHD_003.009.005-45-g6768a615
linux; GNU C++ version 5.4.0 20160609; Boost_105800; UHD_003.009.005-45-g6768a615


Using Volk machine: avx_64_mmx
-- Opening a USRP2/N-Series device...
Using Volk machine: avx_64_mmx
-- Opening a USRP2/N-Series device...
-- Current recv frame size: 1472 bytes
-- Current send frame size: 1472 bytes
-- Current recv frame size: 1472 bytes
-- Current send frame size: 1472 bytes
Measurement 2/3 complete in 4 second(s).
the 100th message counter is activated.
the 100th message counter is activated.
Measurement 2/3 complete in 3 second(s).
node starts running at 1.83352
node starts running at 1.84459
++++ frame_probe ID: 850 receives a frame at time 1.97708s ++++
INFO: Detected an invalid packet at item 0
INFO: Parser returned #f
++++ frame_probe ID: 860 receives a frame at time 2.01814s ++++
++++ frame_probe ID: 1010 receives a frame at time 2.02265s ++++
++++ frame_probe ID: 890 receives a frame at time 2.04495s ++++
the 100th message counter  has been visited 1 times  
++++ frame_probe ID: 850 receives a frame at time 2.14239s ++++
INFO: Detected an invalid packet at item 96
INFO: Parser returned #f
++++ frame_probe ID: 860 receives a frame at time 2.1832s ++++
++++ frame_probe ID: 1010 receives a frame at time 2.18602s ++++
++++ frame_probe ID: 890 receives a frame at time 2.20833s ++++
the 100th message counter  has been visited 2 times  
++++ frame_probe ID: 850 receives a frame at time 2.27964s ++++
INFO: Detected an invalid packet at item 192
INFO: Parser returned #f
++++ frame_probe ID: 860 receives a frame at time 2.32033s ++++
++++ frame_probe ID: 1010 receives a frame at time 2.33026s ++++
++++ frame_probe ID: 890 receives a frame at time 2.35265s ++++
Measurement 2/3 complete in 2 second(s).
the 100th message counter  has been visited 3 times  
++++ frame_probe ID: 850 receives a frame at time 2.44311s ++++
INFO: Detected an invalid packet at item 288
INFO: Parser returned #f
++++ frame_probe ID: 860 receives a frame at time 2.48377s ++++
++++ frame_probe ID: 1010 receives a frame at time 2.4927s ++++
++++ frame_probe ID: 890 receives a frame at time 2.51508s ++++
the 100th message counter  has been visited 4 times  
++++ frame_probe ID: 850 receives a frame at time 2.59743s ++++
INFO: Detected an invalid packet at item 384
INFO: Parser returned #f
++++ frame_probe ID: 860 receives a frame at time 2.63834s ++++
++++ frame_probe ID: 1010 receives a frame at time 2.64699s ++++
++++ frame_probe ID: 890 receives a frame at time 2.66929s ++++
the 100th message counter  has been visited 5 times  
++++ frame_probe ID: 850 receives a frame at time 2.74571s ++++
INFO: Detected an invalid packet at item 480
INFO: Parser returned #f
++++ frame_probe ID: 860 receives a frame at time 2.78646s ++++
++++ frame_probe ID: 1010 receives a frame at time 2.79037s ++++
++++ frame_probe ID: 890 receives a frame at time 2.81276s ++++
the 100th message counter  has been visited 6 times  
++++ frame_probe ID: 850 receives a frame at time 2.92817s ++++
INFO: Detected an invalid packet at item 576
INFO: Parser returned #f
++++ frame_probe ID: 860 receives a frame at time 2.96894s ++++
++++ frame_probe ID: 1010 receives a frame at time 2.97277s ++++
++++ frame_probe ID: 890 receives a frame at time 2.99519s ++++
the 100th message counter  has been visited 7 times  
++++ frame_probe ID: 850 receives a frame at time 3.10961s ++++
INFO: Detected an invalid packet at item 672
INFO: Parser returned #f
++++ frame_probe ID: 860 receives a frame at time 3.15026s ++++
++++ frame_probe ID: 1010 receives a frame at time 3.15523s ++++
++++ frame_probe ID: 890 receives a frame at time 3.17759s ++++
the 100th message counter  has been visited 8 times  
++++ frame_probe ID: 850 receives a frame at time 3.28606s ++++
INFO: Detected an invalid packet at item 768
INFO: Parser returned #f
++++ frame_probe ID: 860 receives a frame at time 3.32674s ++++
++++ frame_probe ID: 1010 receives a frame at time 3.33759s ++++
++++ frame_probe ID: 890 receives a frame at time 3.35996s ++++
Measurement 2/3 complete in 1 second(s).
the 100th message counter  has been visited 9 times  
++++ frame_probe ID: 850 receives a frame at time 3.47432s ++++
INFO: Detected an invalid packet at item 864
INFO: Parser returned #f
++++ frame_probe ID: 860 receives a frame at time 3.51505s ++++
++++ frame_probe ID: 1010 receives a frame at time 3.52001s ++++
++++ frame_probe ID: 890 receives a frame at time 3.54237s ++++
the 100th message counter  has been visited 10 times  
++++ frame_probe ID: 850 receives a frame at time 3.64388s ++++
INFO: Detected an invalid packet at item 960
INFO: Parser returned #f
++++ frame_probe ID: 860 receives a frame at time 3.6846s ++++
++++ frame_probe ID: 1010 receives a frame at time 3.69335s ++++
++++ frame_probe ID: 890 receives a frame at time 3.71572s ++++
the 100th message counter  has been visited 11 times  
++++ frame_probe ID: 850 receives a frame at time 3.81512s ++++
INFO: Detected an invalid packet at item 1056
INFO: Parser returned #f
++++ frame_probe ID: 860 receives a frame at time 3.85593s ++++
++++ frame_probe ID: 1010 receives a frame at time 3.86575s ++++
++++ frame_probe ID: 890 receives a frame at time 3.88809s ++++
the 100th message counter  has been visited 12 times  
++++ frame_probe ID: 850 receives a frame at time 3.96047s ++++
INFO: Detected an invalid packet at item 1152
INFO: Parser returned #f
++++ frame_probe ID: 860 receives a frame at time 4.00113s ++++
++++ frame_probe ID: 1010 receives a frame at time 4.01004s ++++
++++ frame_probe ID: 890 receives a frame at time 4.03155s ++++
the 100th message counter  has been visited 13 times  
++++ frame_probe ID: 850 receives a frame at time 4.11205s ++++
INFO: Detected an invalid packet at item 1248
INFO: Parser returned #f
++++ frame_probe ID: 860 receives a frame at time 4.15282s ++++
++++ frame_probe ID: 1010 receives a frame at time 4.1634s ++++
++++ frame_probe ID: 890 receives a frame at time 4.18575s ++++
the 100th message counter  has been visited 14 times  
++++ frame_probe ID: 850 receives a frame at time 4.27123s ++++
INFO: Detected an invalid packet at item 1344
INFO: Parser returned #f
++++ frame_probe ID: 860 receives a frame at time 4.31195s ++++
++++ frame_probe ID: 1010 receives a frame at time 4.3168s ++++
++++ frame_probe ID: 890 receives a frame at time 4.33918s ++++
the 100th message counter  has been visited 15 times  
++++ frame_probe ID: 850 receives a frame at time 4.42364s ++++
Measurement 2 raw data directory created /home/inets/0_ba/bachelor_thesis/measurements/debug/data/19/2/.
'/home/inets/source/gr-inets/results/receiver_data_received.txt' -> '/home/inets/0_ba/bachelor_thesis/measurements/debug/data/19/2/receiver_data_received.txt'
'/home/inets/source/gr-inets/results/sender_ack_received.txt' -> '/home/inets/0_ba/bachelor_thesis/measurements/debug/data/19/2/sender_ack_received.txt'
'/home/inets/source/gr-inets/results/sender_bfr_dq.txt' -> '/home/inets/0_ba/bachelor_thesis/measurements/debug/data/19/2/sender_bfr_dq.txt'
'/home/inets/source/gr-inets/results/sender_data_sent.txt' -> '/home/inets/0_ba/bachelor_thesis/measurements/debug/data/19/2/sender_data_sent.txt'
Measurement 2 raw data moved to /home/inets/0_ba/bachelor_thesis/measurements/debug/data/19/2/.

Measurement 3/3 complete in 5 second(s).
linux; GNU C++ version 5.4.0 20160609; Boost_105800; UHD_003.009.005-45-g6768a615
linux; GNU C++ version 5.4.0 20160609; Boost_105800; UHD_003.009.005-45-g6768a615


Using Volk machine: avx_64_mmx
-- Opening a USRP2/N-Series device...
Using Volk machine: avx_64_mmx
-- Opening a USRP2/N-Series device...
-- Current recv frame size: 1472 bytes
-- Current send frame size: 1472 bytes
-- Current recv frame size: 1472 bytes
-- Current send frame size: 1472 bytes
Measurement 3/3 complete in 4 second(s).
the 100th message counter is activated.
the 100th message counter is activated.
Measurement 3/3 complete in 3 second(s).
node starts running at 6.86705
node starts running at 6.87238
++++ frame_probe ID: 850 receives a frame at time 6.93475s ++++
INFO: Detected an invalid packet at item 0
INFO: Parser returned #f
++++ frame_probe ID: 860 receives a frame at time 6.97556s ++++
++++ frame_probe ID: 1010 receives a frame at time 6.98124s ++++
++++ frame_probe ID: 890 receives a frame at time 7.00864s ++++
the 100th message counter  has been visited 1 times  
++++ frame_probe ID: 850 receives a frame at time 7.12104s ++++
INFO: Detected an invalid packet at item 96
INFO: Parser returned #f
++++ frame_probe ID: 860 receives a frame at time 7.16174s ++++
++++ frame_probe ID: 1010 receives a frame at time 7.17358s ++++
++++ frame_probe ID: 890 receives a frame at time 7.2001s ++++
the 100th message counter  has been visited 2 times  
++++ frame_probe ID: 850 receives a frame at time 7.28857s ++++
INFO: Detected an invalid packet at item 192
INFO: Parser returned #f
++++ frame_probe ID: 860 receives a frame at time 7.32921s ++++
++++ frame_probe ID: 1010 receives a frame at time 7.33693s ++++
++++ frame_probe ID: 890 receives a frame at time 7.36293s ++++
Measurement 3/3 complete in 2 second(s).
the 100th message counter  has been visited 3 times  
++++ frame_probe ID: 850 receives a frame at time 7.46033s ++++
INFO: Detected an invalid packet at item 288
INFO: Parser returned #f
++++ frame_probe ID: 860 receives a frame at time 7.50104s ++++
++++ frame_probe ID: 1010 receives a frame at time 7.50934s ++++
++++ frame_probe ID: 890 receives a frame at time 7.53534s ++++
the 100th message counter  has been visited 4 times  
++++ frame_probe ID: 850 receives a frame at time 7.63268s ++++
INFO: Detected an invalid packet at item 384
INFO: Parser returned #f
++++ frame_probe ID: 860 receives a frame at time 7.67338s ++++
++++ frame_probe ID: 1010 receives a frame at time 7.68268s ++++
++++ frame_probe ID: 890 receives a frame at time 7.70867s ++++
the 100th message counter  has been visited 5 times  
++++ frame_probe ID: 850 receives a frame at time 7.8051s ++++
INFO: Detected an invalid packet at item 480
INFO: Parser returned #f
++++ frame_probe ID: 860 receives a frame at time 7.8458s ++++
++++ frame_probe ID: 1010 receives a frame at time 7.85508s ++++
++++ frame_probe ID: 890 receives a frame at time 7.88109s ++++
the 100th message counter  has been visited 6 times  
++++ frame_probe ID: 850 receives a frame at time 7.97154s ++++
INFO: Detected an invalid packet at item 576
INFO: Parser returned #f
++++ frame_probe ID: 860 receives a frame at time 8.01222s ++++
++++ frame_probe ID: 1010 receives a frame at time 8.0184s ++++
++++ frame_probe ID: 890 receives a frame at time 8.04447s ++++
the 100th message counter  has been visited 7 times  
++++ frame_probe ID: 850 receives a frame at time 8.12587s ++++
INFO: Detected an invalid packet at item 672
INFO: Parser returned #f
++++ frame_probe ID: 860 receives a frame at time 8.16652s ++++
++++ frame_probe ID: 1010 receives a frame at time 8.17181s ++++
++++ frame_probe ID: 890 receives a frame at time 8.1978s ++++
the 100th message counter  has been visited 8 times  
++++ frame_probe ID: 850 receives a frame at time 8.30921s ++++
INFO: Detected an invalid packet at item 768
INFO: Parser returned #f
++++ frame_probe ID: 860 receives a frame at time 8.34998s ++++
++++ frame_probe ID: 1010 receives a frame at time 8.3542s ++++
++++ frame_probe ID: 890 receives a frame at time 8.38021s ++++
Measurement 3/3 complete in 1 second(s).
the 100th message counter  has been visited 9 times  
++++ frame_probe ID: 850 receives a frame at time 8.45865s ++++
INFO: Detected an invalid packet at item 864
INFO: Parser returned #f
++++ frame_probe ID: 860 receives a frame at time 8.49935s ++++
++++ frame_probe ID: 1010 receives a frame at time 8.50762s ++++
++++ frame_probe ID: 890 receives a frame at time 8.53361s ++++
the 100th message counter  has been visited 10 times  
++++ frame_probe ID: 850 receives a frame at time 8.6159s ++++
INFO: Detected an invalid packet at item 960
INFO: Parser returned #f
++++ frame_probe ID: 860 receives a frame at time 8.65665s ++++
++++ frame_probe ID: 1010 receives a frame at time 8.66184s ++++
++++ frame_probe ID: 890 receives a frame at time 8.68699s ++++
the 100th message counter  has been visited 11 times  
++++ frame_probe ID: 850 receives a frame at time 8.78036s ++++
INFO: Detected an invalid packet at item 1056
INFO: Parser returned #f
++++ frame_probe ID: 860 receives a frame at time 8.8211s ++++
++++ frame_probe ID: 1010 receives a frame at time 8.82432s ++++
++++ frame_probe ID: 890 receives a frame at time 8.8503s ++++
the 100th message counter  has been visited 12 times  
++++ frame_probe ID: 850 receives a frame at time 8.9617s ++++
INFO: Detected an invalid packet at item 1152
INFO: Parser returned #f
++++ frame_probe ID: 860 receives a frame at time 9.00235s ++++
++++ frame_probe ID: 1010 receives a frame at time 9.00673s ++++
++++ frame_probe ID: 890 receives a frame at time 9.03269s ++++
the 100th message counter  has been visited 13 times  
++++ frame_probe ID: 850 receives a frame at time 9.11913s ++++
INFO: Detected an invalid packet at item 1248
INFO: Parser returned #f
++++ frame_probe ID: 860 receives a frame at time 9.15978s ++++
++++ frame_probe ID: 1010 receives a frame at time 9.17002s ++++
++++ frame_probe ID: 890 receives a frame at time 9.19605s ++++
the 100th message counter  has been visited 14 times  
++++ frame_probe ID: 850 receives a frame at time 9.27949s ++++
INFO: Detected an invalid packet at item 1344
INFO: Parser returned #f
++++ frame_probe ID: 860 receives a frame at time 9.32027s ++++
++++ frame_probe ID: 1010 receives a frame at time 9.3235s ++++
++++ frame_probe ID: 890 receives a frame at time 9.34941s ++++
Measurement 3 raw data directory created /home/inets/0_ba/bachelor_thesis/measurements/debug/data/19/3/.
'/home/inets/source/gr-inets/results/receiver_data_received.txt' -> '/home/inets/0_ba/bachelor_thesis/measurements/debug/data/19/3/receiver_data_received.txt'
'/home/inets/source/gr-inets/results/sender_ack_received.txt' -> '/home/inets/0_ba/bachelor_thesis/measurements/debug/data/19/3/sender_ack_received.txt'
'/home/inets/source/gr-inets/results/sender_bfr_dq.txt' -> '/home/inets/0_ba/bachelor_thesis/measurements/debug/data/19/3/sender_bfr_dq.txt'
'/home/inets/source/gr-inets/results/sender_data_sent.txt' -> '/home/inets/0_ba/bachelor_thesis/measurements/debug/data/19/3/sender_data_sent.txt'
Measurement 3 raw data moved to /home/inets/0_ba/bachelor_thesis/measurements/debug/data/19/3/.

Now processing results...
Plotting Python should be: python3 (UBUNTU).
Hello from retransmissions.py!
Hello from variables.py!

+--------------------------------------------------------------+
| Plotting completed. Until the next measurement session then! |
+--------------------------------------------------------------+
