measurement 1/2 complete in 10 second(s).
linux; GNU C++ version 5.4.0 20160609; Boost_105800; UHD_003.009.005-45-g6768a615
linux; GNU C++ version 5.4.0 20160609; Boost_105800; UHD_003.009.005-45-g6768a615


Using Volk machine: avx_64_mmx
-- Opening a USRP2/N-Series device...
Using Volk machine: avx_64_mmx
-- Opening a USRP2/N-Series device...
-- Current recv frame size: 1472 bytes
-- Current send frame size: 1472 bytes
-- Current recv frame size: 1472 bytes
-- Current send frame size: 1472 bytes
measurement 1/2 complete in 9 second(s).
develop mode of resend_check ID: 24 is activated.
the 880th message counter is activated.
the 100th message counter is activated.
develop_mode of random_filter ID: 1015 is activated.
the 100th message counter is activated.
measurement 1/2 complete in 8 second(s).
node starts running at 1.46769
node starts running at 1.47532
++++ frame_probe ID: 850 receives a frame at time 1.67012s ++++
INFO: Detected an invalid packet at item 0
INFO: Parser returned #f
++++ frame_probe ID: 860 receives a frame at time 1.71086s ++++
* header analysis ID: 7 get the 1th transmission of data frame 0 at time 1.48553e+07 s
++++ frame_probe ID: 1 receives a frame at time 1.71365s ++++
++++ frame_probe ID: 2 receives a frame at time 1.71368s ++++
++++ frame_probe ID: 1010 receives a frame at time 1.71371s ++++
++++ frame_probe ID: 1018 receives a frame at time 1.71377s ++++
generated random number is0.388586 and the threshold is 1. good luck. 
INFO: Detected an invalid packet at item 64
INFO: Parser returned #f
INFO: Detected an invalid packet at item 96
INFO: Parser returned #f
INFO: Detected an invalid packet at item 128
INFO: Parser returned #f
INFO: Detected an invalid packet at item 0
INFO: Parser returned #f
a data frame with index 0 from node: 3 has been transmitted 1th time
++++ frame_probe ID: 850 receives a frame at time 1.84058s ++++
INFO: Detected an invalid packet at item 192
INFO: Parser returned #f
++++ frame_probe ID: 860 receives a frame at time 1.88116s ++++
* header analysis ID: 7 get the 1th transmission of data frame 0 at time 1.48553e+07 s
++++ frame_probe ID: 1 receives a frame at time 1.88683s ++++
++++ frame_probe ID: 2 receives a frame at time 1.88687s ++++
++++ frame_probe ID: 1010 receives a frame at time 1.88689s ++++
generated random number is++++ frame_probe ID: 1018 receives a frame at time 0.893589 and the threshold is 1. good luck. 1.88695s ++++

INFO: Detected an invalid packet at item 256
INFO: Parser returned #f
INFO: Detected an invalid packet at item 288
INFO: Parser returned #f
INFO: Detected an invalid packet at item 320
INFO: Parser returned #f
INFO: Detected an invalid packet at item 32
INFO: Parser returned #f
a data frame with index 0 from node: 3 has been transmitted 2th time
++++ frame_probe ID: 850 receives a frame at time 2.01102s ++++
INFO: Detected an invalid packet at item 384
INFO: Parser returned #f
++++ frame_probe ID: 860 receives a frame at time 2.05197s ++++
* header analysis ID: 7 get the 1th transmission of data frame 0 at time 1.48553e+07 s
++++ frame_probe ID: 1 receives a frame at time 2.0599s ++++
++++ frame_probe ID: 2 receives a frame at time 2.05994s ++++
++++ frame_probe ID: 1010 receives a frame at time 2.05997s ++++
generated random number is++++ frame_probe ID: 1018 receives a frame at time 0.657896 and the threshold is 1. good luck. 
2.06004s ++++
measurement 1/2 complete in 7 second(s).
INFO: Detected an invalid packet at item 448
INFO: Parser returned #f
INFO: Detected an invalid packet at item 480
INFO: Parser returned #f
INFO: Detected an invalid packet at item 64
INFO: Parser returned #f
a data frame with index 0 from node: 3 has been transmitted 3th time
++++ frame_probe ID: 850 receives a frame at time 2.19216s ++++
++++ frame_probe ID: 860 receives a frame at time 2.23299s ++++
* header analysis ID: 7 get the 1th transmission of data frame 0 at time 1.48553e+07 s
++++ frame_probe ID: 1 receives a frame at time 2.24219s ++++
++++ frame_probe ID: 2 receives a frame at time 2.24224s ++++
++++ frame_probe ID: 1010 receives a frame at time 2.24227s ++++
generated random number is++++ frame_probe ID: 1018 receives a frame at time 0.602084 and the threshold is 1. good luck. 
2.24237s ++++
INFO: Detected an invalid packet at item 576
INFO: Parser returned #f
INFO: Detected an invalid packet at item 608
INFO: Parser returned #f
INFO: Detected an invalid packet at item 96
INFO: Parser returned #f
a data frame with index 0 from node: 3 has been transmitted 4th time
++++ frame_probe ID: 850 receives a frame at time 2.37281s ++++
INFO: Detected an invalid packet at item 672
INFO: Parser returned #f
++++ frame_probe ID: 860 receives a frame at time 2.41369s ++++
* header analysis ID: 7 get the 1th transmission of data frame 0 at time 1.48553e+07 s
++++ frame_probe ID: 1 receives a frame at time 2.42466s ++++
++++ frame_probe ID: 2 receives a frame at time 2.42471s ++++
++++ frame_probe ID: 1010 receives a frame at time 2.42474s ++++
generated random number is0.469152 and the threshold is 1. good luck. 
++++ frame_probe ID: 1018 receives a frame at time 2.42482s ++++
INFO: Detected an invalid packet at item 736
INFO: Parser returned #f
INFO: Detected an invalid packet at item 768
INFO: Parser returned #f
INFO: Detected an invalid packet at item 128
INFO: Parser returned #f
a data frame with index 0 from node: 3 has been transmitted 5th time
++++ frame_probe ID: 850 receives a frame at time 2.55349s ++++
INFO: Detected an invalid packet at item 832
INFO: Parser returned #f
++++ frame_probe ID: 860 receives a frame at time 2.59443s ++++
* header analysis ID: 7 get the 1th transmission of data frame 0 at time 1.48553e+07 s
++++ frame_probe ID: 1 receives a frame at time 2.59797s ++++
++++ frame_probe ID: 2 receives a frame at time 2.598s ++++
++++ frame_probe ID: 1010 receives a frame at time 2.59806s ++++
generated random number is++++ frame_probe ID: 0.659481018 receives a frame at time  and the threshold is 1. good luck. 
2.59813s ++++
INFO: Detected an invalid packet at item 896
INFO: Parser returned #f
INFO: Detected an invalid packet at item 928
INFO: Parser returned #f
INFO: Detected an invalid packet at item 160
INFO: Parser returned #f
frame: 0 from node: 3 is dropped because its max retransmission counter is reached. 
counter ID 880 results at time +++++++++ frame_probe ID: 4603.011 is 5
 +++++++++ ---- data frame detected ---- frame index is:            0;    destination address is:    1;    source address is:         3;    number of transmission is: 6;    reserved field I is:       318;    reserved field II is:      524;    payload length is:           837;    header length is:          11;    address check is:          0;    good frame is:             0;    frame info contains a frame with length 852 bytes: input time_stamp is: 2.55339
++++ frame_probe ID: 850 receives a frame at time 3.02954s ++++
INFO: Detected an invalid packet at item 992
INFO: Parser returned #f
measurement 1/2 complete in 6 second(s).
++++ frame_probe ID: 860 receives a frame at time 3.07034s ++++
* header analysis ID: 7 get the 1th transmission of data frame 1 at time 1.48553e+07 s
++++ frame_probe ID: 1 receives a frame at time 3.07801s ++++
++++ frame_probe ID: 2 receives a frame at time 3.07805s ++++
++++ frame_probe ID: 1010 receives a frame at time 3.07812s ++++
generated random number is++++ frame_probe ID: 1018 receives a frame at time 0.163931 and the threshold is 3.07821s ++++
1. good luck. 
INFO: Detected an invalid packet at item 1056
INFO: Parser returned #f
INFO: Detected an invalid packet at item 1088
INFO: Parser returned #f
INFO: Detected an invalid packet at item 192
INFO: Parser returned #f
a data frame with index 1 from node: 3 has been transmitted 1th time
++++ frame_probe ID: 850 receives a frame at time 3.20044s ++++
INFO: Detected an invalid packet at item 1152
INFO: Parser returned #f
++++ frame_probe ID: 860 receives a frame at time 3.24131s ++++
* header analysis ID: 7 get the 1th transmission of data frame 1 at time 1.48553e+07 s
++++ frame_probe ID: 1 receives a frame at time 3.25034s ++++
++++ frame_probe ID: 2 receives a frame at time 3.25039s ++++
++++ frame_probe ID: 1010 receives a frame at time 3.25042s ++++
generated random number is++++ frame_probe ID: 1018 receives a frame at time 0.766291 and the threshold is 3.25048s ++++
1. good luck. 
INFO: Detected an invalid packet at item 1216
INFO: Parser returned #f
INFO: Detected an invalid packet at item 1248
INFO: Parser returned #f
INFO: Detected an invalid packet at item 224
INFO: Parser returned #f
a data frame with index 1 from node: 3 has been transmitted 2th time
++++ frame_probe ID: 850 receives a frame at time 3.37155s ++++
INFO: Detected an invalid packet at item 1312
INFO: Parser returned #f
++++ frame_probe ID: 860 receives a frame at time 3.41243s ++++
* header analysis ID: 7 get the 1th transmission of data frame 1 at time 1.48553e+07 s
++++ frame_probe ID: 1 receives a frame at time 3.423s ++++
++++ frame_probe ID: 2 receives a frame at time 3.42303s ++++
++++ frame_probe ID: 1010 receives a frame at time 3.42307s ++++
generated random number is++++ frame_probe ID: 1018 receives a frame at time 0.08571243.42313 and the threshold is s ++++
1. good luck. 
INFO: Detected an invalid packet at item 1376
INFO: Parser returned #f
INFO: Detected an invalid packet at item 1408
INFO: Parser returned #f
INFO: Detected an invalid packet at item 256
INFO: Parser returned #f
a data frame with index 1 from node: 3 has been transmitted 3th time
++++ frame_probe ID: 850 receives a frame at time 3.56242s ++++
INFO: Detected an invalid packet at item 1472
INFO: Parser returned #f
++++ frame_probe ID: 860 receives a frame at time 3.60322s ++++
* header analysis ID: 7 get the 1th transmission of data frame 1 at time 1.48553e+07 s
++++ frame_probe ID: 1 receives a frame at time 3.61526s ++++
++++ frame_probe ID: 2 receives a frame at time 3.6153s ++++
++++ frame_probe ID: 1010 receives a frame at time 3.61534s ++++
++++ frame_probe ID: 1018 receives a frame at time generated random number is3.61540.160422s ++++ and the threshold is 
1. good luck. 
INFO: Detected an invalid packet at item 1536
INFO: Parser returned #f
INFO: Detected an invalid packet at item 1568
INFO: Parser returned #f
INFO: Detected an invalid packet at item 288
INFO: Parser returned #f
a data frame with index 1 from node: 3 has been transmitted 4th time
++++ frame_probe ID: 850 receives a frame at time 3.74825s ++++
INFO: Detected an invalid packet at item 1632
INFO: Parser returned #f
++++ frame_probe ID: 860 receives a frame at time 3.78921s ++++
* header analysis ID: 7 get the 1th transmission of data frame 1 at time 1.48553e+07 s
++++ frame_probe ID: 1 receives a frame at time 3.79789s ++++
++++ frame_probe ID: 2 receives a frame at time 3.79793s ++++
++++ frame_probe ID: 1010 receives a frame at time 3.79797s ++++
generated random number is++++ frame_probe ID: 1018 receives a frame at time 0.5360453.79804 and the threshold is s ++++
1. good luck. 
INFO: Detected an invalid packet at item 1696
INFO: Parser returned #f
INFO: Detected an invalid packet at item 1728
INFO: Parser returned #f
INFO: Detected an invalid packet at item 320
INFO: Parser returned #f
a data frame with index 1 from node: 3 has been transmitted 5th time
measurement 1/2 complete in 5 second(s).
++++ frame_probe ID: 850 receives a frame at time 4.06928s ++++
INFO: Detected an invalid packet at item 1792
INFO: Parser returned #f
++++ frame_probe ID: 860 receives a frame at time 4.11033s ++++
* header analysis ID: 7 get the 1th transmission of data frame 1 at time 1.48553e+07 s
++++ frame_probe ID: 1 receives a frame at time 4.11447s ++++
++++ frame_probe ID: 2 receives a frame at time 4.11451s ++++
++++ frame_probe ID: 1010 receives a frame at time 4.11455s ++++
generated random number is++++ frame_probe ID: 1018 receives a frame at time 0.982921 and the threshold is 1. good luck. 
4.11463s ++++
INFO: Detected an invalid packet at item 1856
INFO: Parser returned #f
INFO: Detected an invalid packet at item 1888
INFO: Parser returned #f
INFO: Detected an invalid packet at item 352
INFO: Parser returned #f
frame: 1 from node: 3 is dropped because its max retransmission counter is reached. 
counter ID 880 results at time 4604.5 is 6
+++++++++ frame_probe ID: 1 +++++++++ ---- data frame detected ---- frame index is:            1;    destination address is:    1;    source address is:         3;    number of transmission is: 6;    reserved field I is:       318;    reserved field II is:      524;    payload length is:           837;    header length is:          11;    address check is:          0;    good frame is:             0;    frame info contains a frame with length 852 bytes: input time_stamp is: 4.06915
++++ frame_probe ID: 850 receives a frame at time 4.51575s ++++
++++ frame_probe ID: 860 receives a frame at time 4.55665s ++++
* header analysis ID: 7 get the 1th transmission of data frame 2 at time 1.48553e+07 s
++++ frame_probe ID: 1 receives a frame at time 4.56529s ++++
++++ frame_probe ID: 2 receives a frame at time 4.56532s ++++
++++ frame_probe ID: 1010 receives a frame at time 4.56538s ++++
++++ frame_probe ID: generated random number is1018 receives a frame at time 4.56546s ++++
0.449238 and the threshold is 1. good luck. 
INFO: Detected an invalid packet at item 1984
INFO: Parser returned #f
INFO: Detected an invalid packet at item 2016
INFO: Parser returned #f
INFO: Detected an invalid packet at item 2048
INFO: Parser returned #f
INFO: Detected an invalid packet at item 384
INFO: Parser returned #f
a data frame with index 2 from node: 3 has been transmitted 1th time
++++ frame_probe ID: 850 receives a frame at time 4.69143s ++++
INFO: Detected an invalid packet at item 2112
INFO: Parser returned #f
++++ frame_probe ID: 860 receives a frame at time 4.73243s ++++
* header analysis ID: 7 get the 1th transmission of data frame 2 at time 1.48553e+07 s
++++ frame_probe ID: 1 receives a frame at time 4.73784s ++++
++++ frame_probe ID: 2 receives a frame at time 4.73787s ++++
++++ frame_probe ID: 1010 receives a frame at time 4.73791s ++++
generated random number is++++ frame_probe ID: 1018 receives a frame at time 0.454561 and the threshold is 4.73798s ++++
1. good luck. 
INFO: Detected an invalid packet at item 2176
INFO: Parser returned #f
INFO: Detected an invalid packet at item 2208
INFO: Parser returned #f
INFO: Detected an invalid packet at item 2240
INFO: Parser returned #f
INFO: Detected an invalid packet at item 416
INFO: Parser returned #f
a data frame with index 2 from node: 3 has been transmitted 2th time
++++ frame_probe ID: 850 receives a frame at time 4.87235s ++++
INFO: Detected an invalid packet at item 2304
INFO: Parser returned #f
++++ frame_probe ID: 860 receives a frame at time 4.91321s ++++
* header analysis ID: 7 get the 1th transmission of data frame 2 at time 1.48553e+07 s
++++ frame_probe ID: 1 receives a frame at time 4.92037s ++++
++++ frame_probe ID: 2 receives a frame at time 4.92042s ++++
++++ frame_probe ID: 1010 receives a frame at time 4.92045s ++++
generated random number is++++ frame_probe ID: 1018 receives a frame at time 4.92055s ++++
0.863176 and the threshold is 1. good luck. 
INFO: Detected an invalid packet at item 2368
INFO: Parser returned #f
INFO: Detected an invalid packet at item 2400
INFO: Parser returned #f
INFO: Detected an invalid packet at item 448
INFO: Parser returned #f
a data frame with index 2 from node: 3 has been transmitted 3th time
++++ frame_probe ID: 850 receives a frame at time 5.05323s ++++
measurement 1/2 complete in 4 second(s).
++++ frame_probe ID: 860 receives a frame at time 5.09446s ++++
* header analysis ID: 7 get the 1th transmission of data frame 2 at time 1.48553e+07 s
++++ frame_probe ID: 1 receives a frame at time 5.10282s ++++
++++ frame_probe ID: 2 receives a frame at time 5.10288s ++++
++++ frame_probe ID: 1010 receives a frame at time 5.10292s ++++
++++ frame_probe ID: generated random number is1018 receives a frame at time 5.10304s ++++
0.489664 and the threshold is 1. good luck. 
INFO: Detected an invalid packet at item 2496
INFO: Parser returned #f
INFO: Detected an invalid packet at item 2528
INFO: Parser returned #f
INFO: Detected an invalid packet at item 480
INFO: Parser returned #f
a data frame with index 2 from node: 3 has been transmitted 4th time
++++ frame_probe ID: 850 receives a frame at time 5.2649s ++++
INFO: Detected an invalid packet at item 2592
INFO: Parser returned #f
++++ frame_probe ID: 860 receives a frame at time 5.30571s ++++
* header analysis ID: 7 get the 1th transmission of data frame 2 at time 1.48553e+07 s
++++ frame_probe ID: 1 receives a frame at time 5.31404s ++++
++++ frame_probe ID: 2 receives a frame at time 5.31409s ++++
++++ frame_probe ID: 1010 receives a frame at time 5.31413s ++++
generated random number is++++ frame_probe ID: 1018 receives a frame at time 0.4408815.3142s ++++ and the threshold is 
1. good luck. 
INFO: Detected an invalid packet at item 2656
INFO: Parser returned #f
INFO: Detected an invalid packet at item 2688
INFO: Parser returned #f
INFO: Detected an invalid packet at item 512
INFO: Parser returned #f
a data frame with index 2 from node: 3 has been transmitted 5th time
++++ frame_probe ID: 850 receives a frame at time 5.47583s ++++
++++ frame_probe ID: 860 receives a frame at time 5.51671s ++++
* header analysis ID: 7 get the 1th transmission of data frame 2 at time 1.48553e+07 s
++++ frame_probe ID: 1 receives a frame at time 5.52571s ++++
++++ frame_probe ID: 2 receives a frame at time 5.52576s ++++
++++ frame_probe ID: 1010 receives a frame at time 5.52579s ++++
generated random number is++++ frame_probe ID: 1018 receives a frame at time 0.781627 and the threshold is 1. good luck. 
5.52587s ++++
INFO: Detected an invalid packet at item 2784
INFO: Parser returned #f
INFO: Detected an invalid packet at item 2816
INFO: Parser returned #f
INFO: Detected an invalid packet at item 2848
INFO: Parser returned #f
INFO: Detected an invalid packet at item 544
INFO: Parser returned #f
frame: 2 from node: 3 is dropped because its max retransmission counter is reached. 
+++++++++ frame_probe ID: 1 +++++++++ ---- data frame detected ---- frame index is:            2;    destination address is:    1;    source address is:         3;    number of transmission is: 6;    reserved field I is:       318;    reserved field II is:      524;    payload length is:           837;    header length is:          11;    address check is:          0;    good frame is:             0;    frame info contains a frame with length 852 bytes: input time_stamp is: counter ID 880 results at time 5.47572
4605.87 is 6
++++ frame_probe ID: 850 receives a frame at time 5.89151s ++++
INFO: Detected an invalid packet at item 2912
INFO: Parser returned #f
++++ frame_probe ID: 860 receives a frame at time 5.93246s ++++
* header analysis ID: 7 get the 1th transmission of data frame 3 at time 1.48553e+07 s
++++ frame_probe ID: 1 receives a frame at time 5.93865s ++++
++++ frame_probe ID: 2 receives a frame at time 5.93869s ++++
++++ frame_probe ID: 1010 receives a frame at time 5.93874s ++++
++++ frame_probe ID: 1018 receives a frame at time generated random number is5.93882s ++++
0.547918 and the threshold is 1. good luck. 
INFO: Detected an invalid packet at item 2976
INFO: Parser returned #f
INFO: Detected an invalid packet at item 3008
INFO: Parser returned #f
INFO: Detected an invalid packet at item 576
INFO: Parser returned #f
a data frame with index 3 from node: 3 has been transmitted 1th time
measurement 1/2 complete in 3 second(s).
++++ frame_probe ID: 850 receives a frame at time 6.06776s ++++
++++ frame_probe ID: 860 receives a frame at time 6.1092s ++++
* header analysis ID: 7 get the 1th transmission of data frame 3 at time 1.48553e+07 s
++++ frame_probe ID: 1 receives a frame at time 6.12095s ++++
++++ frame_probe ID: 2 receives a frame at time 6.12099s ++++
++++ frame_probe ID: 1010 receives a frame at time 6.12105s ++++
generated random number is++++ frame_probe ID: 1018 receives a frame at time 0.0839624 and the threshold is 1. good luck. 
6.12112s ++++
INFO: Detected an invalid packet at item 3104
INFO: Parser returned #f
INFO: Detected an invalid packet at item 3136
INFO: Parser returned #f
INFO: Detected an invalid packet at item 608
INFO: Parser returned #f
a data frame with index 3 from node: 3 has been transmitted 2th time
++++ frame_probe ID: 850 receives a frame at time 6.2394s ++++
INFO: Detected an invalid packet at item 3200
INFO: Parser returned #f
++++ frame_probe ID: 860 receives a frame at time 6.28031s ++++
* header analysis ID: 7 get the 1th transmission of data frame 3 at time 1.48553e+07 s
++++ frame_probe ID: 1 receives a frame at time 6.28334s ++++
++++ frame_probe ID: 2 receives a frame at time 6.28337s ++++
++++ frame_probe ID: 1010 receives a frame at time 6.28341s ++++
generated random number is++++ frame_probe ID: 1018 receives a frame at time 6.28348s ++++
0.381643 and the threshold is 1. good luck. 
INFO: Detected an invalid packet at item 3264
INFO: Parser returned #f
INFO: Detected an invalid packet at item 3296
INFO: Parser returned #f
INFO: Detected an invalid packet at item 640
INFO: Parser returned #f
a data frame with index 3 from node: 3 has been transmitted 3th time
++++ frame_probe ID: 850 receives a frame at time 6.42545s ++++
INFO: Detected an invalid packet at item 3360
INFO: Parser returned #f
++++ frame_probe ID: 860 receives a frame at time 6.46636s ++++
* header analysis ID: 7 get the 1th transmission of data frame 3 at time 1.48553e+07 s
++++ frame_probe ID: 1 receives a frame at time 6.4759s ++++
++++ frame_probe ID: 2 receives a frame at time 6.47594s ++++
++++ frame_probe ID: 1010 receives a frame at time 6.47602s ++++
++++ frame_probe ID: 1018 receives a frame at time generated random number is6.47609s ++++
0.755033 and the threshold is 1. good luck. 
INFO: Detected an invalid packet at item 3424
INFO: Parser returned #f
INFO: Detected an invalid packet at item 3456
INFO: Parser returned #f
INFO: Detected an invalid packet at item 672
INFO: Parser returned #f
a data frame with index 3 from node: 3 has been transmitted 4th time
++++ frame_probe ID: 850 receives a frame at time 6.6264s ++++
INFO: Detected an invalid packet at item 3520
INFO: Parser returned #f
++++ frame_probe ID: 860 receives a frame at time 6.66727s ++++
* header analysis ID: 7 get the 1th transmission of data frame 3 at time 1.48553e+07 s
++++ frame_probe ID: 1 receives a frame at time 6.67717s ++++
++++ frame_probe ID: 2 receives a frame at time 6.67722s ++++
++++ frame_probe ID: 1010 receives a frame at time 6.67727s ++++
generated random number is++++ frame_probe ID: 1018 receives a frame at time 0.364565 and the threshold is 1. good luck. 
6.67736s ++++
INFO: Detected an invalid packet at item 3584
INFO: Parser returned #f
INFO: Detected an invalid packet at item 3616
INFO: Parser returned #f
INFO: Detected an invalid packet at item 3648
INFO: Parser returned #f
INFO: Detected an invalid packet at item 704
INFO: Parser returned #f
a data frame with index 3 from node: 3 has been transmitted 5th time
++++ frame_probe ID: 850 receives a frame at time 6.88702s ++++
INFO: Detected an invalid packet at item 3712
INFO: Parser returned #f
++++ frame_probe ID: 860 receives a frame at time 6.92785s ++++
* header analysis ID: 7 get the 1th transmission of data frame 3 at time 1.48553e+07 s
++++ frame_probe ID: 1 receives a frame at time 6.93676s ++++
++++ frame_probe ID: 2 receives a frame at time 6.9368s ++++
++++ frame_probe ID: 1010 receives a frame at time 6.93687s ++++
++++ frame_probe ID: 1018 receives a frame at time generated random number is6.93695s ++++
0.0167038 and the threshold is 1. good luck. 
INFO: Detected an invalid packet at item 3776
INFO: Parser returned #f
INFO: Detected an invalid packet at item 3808
INFO: Parser returned #f
INFO: Detected an invalid packet at item 736
INFO: Parser returned #f
measurement 1/2 complete in 2 second(s).
frame: 3 from node: 3 is dropped because its max retransmission counter is reached. 
counter ID 880 results at time +++++++++ frame_probe ID: 4607.12 is 61
 +++++++++ ---- data frame detected ---- frame index is:            3;    destination address is:    1;    source address is:         3;    number of transmission is: 6;    reserved field I is:       318;    reserved field II is:      524;    payload length is:           837;    header length is:          11;    address check is:          0;    good frame is:             0;    frame info contains a frame with length 852 bytes: input time_stamp is: 6.88692
++++ frame_probe ID: 850 receives a frame at time 7.13827s ++++
INFO: Detected an invalid packet at item 3872
INFO: Parser returned #f
++++ frame_probe ID: 860 receives a frame at time 7.1791s ++++
* header analysis ID: 7 get the 1th transmission of data frame 4 at time 1.48553e+07 s
++++ frame_probe ID: 1 receives a frame at time 7.18541s ++++
++++ frame_probe ID: 2 receives a frame at time 7.18546s ++++
++++ frame_probe ID: 1010 receives a frame at time 7.18552s ++++
generated random number is0.220632 and the threshold is ++++ frame_probe ID: 10181. good luck.  receives a frame at time 
7.18562s ++++
INFO: Detected an invalid packet at item 3936
INFO: Parser returned #f
INFO: Detected an invalid packet at item 3968
INFO: Parser returned #f
INFO: Detected an invalid packet at item 768
INFO: Parser returned #f
a data frame with index 4 from node: 3 has been transmitted 1th time
++++ frame_probe ID: 850 receives a frame at time 7.30907s ++++
++++ frame_probe ID: 860 receives a frame at time 7.35011s ++++
* header analysis ID: 7 get the 1th transmission of data frame 4 at time 1.48553e+07 s
++++ frame_probe ID: 1 receives a frame at time 7.35868s ++++
++++ frame_probe ID: 2 receives a frame at time 7.35871s ++++
++++ frame_probe ID: 1010 receives a frame at time 7.35875s ++++
generated random number is++++ frame_probe ID: 10180.193471 and the threshold is 1. good luck. 
 receives a frame at time 7.35883s ++++
INFO: Detected an invalid packet at item 4064
INFO: Parser returned #f
INFO: Detected an invalid packet at item 4096
INFO: Parser returned #f
INFO: Detected an invalid packet at item 800
INFO: Parser returned #f
a data frame with index 4 from node: 3 has been transmitted 2th time
++++ frame_probe ID: 850 receives a frame at time 7.48015s ++++
INFO: Detected an invalid packet at item 4160
INFO: Parser returned #f
++++ frame_probe ID: 860 receives a frame at time 7.52091s ++++
* header analysis ID: 7 get the 1th transmission of data frame 4 at time 1.48553e+07 s
++++ frame_probe ID: 1 receives a frame at time 7.53125s ++++
++++ frame_probe ID: 2 receives a frame at time 7.53129s ++++
++++ frame_probe ID: 1010 receives a frame at time 7.53132s ++++
generated random number is0.761618 and the threshold is 1. good luck. 
++++ frame_probe ID: 1018 receives a frame at time 7.53139s ++++
INFO: Detected an invalid packet at item 4224
INFO: Parser returned #f
INFO: Detected an invalid packet at item 4256
INFO: Parser returned #f
INFO: Detected an invalid packet at item 832
INFO: Parser returned #f
a data frame with index 4 from node: 3 has been transmitted 3th time
++++ frame_probe ID: 850 receives a frame at time 7.65076s ++++
++++ frame_probe ID: 860 receives a frame at time 7.69162s ++++
* header analysis ID: 7 get the 1th transmission of data frame 4 at time 1.48553e+07 s
++++ frame_probe ID: 1 receives a frame at time 7.70439s ++++
++++ frame_probe ID: 2 receives a frame at time 7.70442s ++++
++++ frame_probe ID: 1010 receives a frame at time 7.70449s ++++
generated random number is++++ frame_probe ID: 0.0651016 and the threshold is 1018 receives a frame at time 1. good luck. 
7.70456s ++++
INFO: Detected an invalid packet at item 4352
INFO: Parser returned #f
INFO: Detected an invalid packet at item 4384
INFO: Parser returned #f
INFO: Detected an invalid packet at item 4416
INFO: Parser returned #f
INFO: Detected an invalid packet at item 864
INFO: Parser returned #f
a data frame with index 4 from node: 3 has been transmitted 4th time
++++ frame_probe ID: 850 receives a frame at time 7.8919s ++++
INFO: Detected an invalid packet at item 4480
INFO: Parser returned #f
++++ frame_probe ID: 860 receives a frame at time 7.93269s ++++
* header analysis ID: 7 get the 1th transmission of data frame 4 at time 1.48553e+07 s
++++ frame_probe ID: 1 receives a frame at time 7.94412s ++++
++++ frame_probe ID: 2 receives a frame at time 7.94416s ++++
++++ frame_probe ID: 1010 receives a frame at time 7.9442s ++++
generated random number is++++ frame_probe ID: 1018 receives a frame at time 0.505983 and the threshold is 1. good luck. 
7.94429s ++++
INFO: Detected an invalid packet at item 4544
INFO: Parser returned #f
INFO: Detected an invalid packet at item 4576
INFO: Parser returned #f
INFO: Detected an invalid packet at item 4608
INFO: Parser returned #f
INFO: Detected a packet larger than max frame size (2703 symbols)
measurement 1/2 complete in 1 second(s).
a data frame with index 4 from node: 3 has been transmitted 5th time
++++ frame_probe ID: 850 receives a frame at time 8.09228s ++++
INFO: Detected an invalid packet at item 4672
INFO: Parser returned #f
++++ frame_probe ID: 860 receives a frame at time 8.13319s ++++
* header analysis ID: 7 get the 1th transmission of data frame 4 at time 1.48553e+07 s
++++ frame_probe ID: 1 receives a frame at time 8.14555s ++++
++++ frame_probe ID: 2 receives a frame at time 8.14559s ++++
++++ frame_probe ID: 1010 receives a frame at time 8.14564s ++++
generated random number is++++ frame_probe ID: 1018 receives a frame at time 0.827725 and the threshold is 8.14573s ++++
1. good luck. 
INFO: Detected an invalid packet at item 4736
INFO: Parser returned #f
INFO: Detected an invalid packet at item 4768
INFO: Parser returned #f
INFO: Detected an invalid packet at item 928
INFO: Parser returned #f
frame: 4 from node: 3 is dropped because its max retransmission counter is reached. 
+++++++++ frame_probe ID: 1 +++++++++ ---- data frame detected ---- counter ID 880 results at time frame index is:            4;    destination address is:    1;    source address is:         3;    number of transmission is: 6;    reserved field I is:       318;    reserved field II is:      524;    payload length is:           837;    4608.48header length is:           is 11;    6
address check is:          0;    good frame is:             0;    frame info contains a frame with length 852 bytes: input time_stamp is: 8.09217
++++ frame_probe ID: 850 receives a frame at time 8.49812s ++++
INFO: Detected an invalid packet at item 4832
INFO: Parser returned #f
++++ frame_probe ID: 860 receives a frame at time 8.53911s ++++
* header analysis ID: 7 get the 1th transmission of data frame 5 at time 1.48553e+07 s
++++ frame_probe ID: 1 receives a frame at time 8.54842s ++++
++++ frame_probe ID: 2 receives a frame at time 8.54845s ++++
++++ frame_probe ID: 1010 receives a frame at time 8.5485s ++++
generated random number is++++ frame_probe ID: 0.712741 and the threshold is 1018 receives a frame at time 1. good luck. 
8.54858s ++++
INFO: Detected an invalid packet at item 4896
INFO: Parser returned #f
INFO: Detected an invalid packet at item 4928
INFO: Parser returned #f
INFO: Detected an invalid packet at item 4960
INFO: Parser returned #f
INFO: Detected an invalid packet at item 960
INFO: Parser returned #f
a data frame with index 5 from node: 3 has been transmitted 1th time
++++ frame_probe ID: 850 receives a frame at time 8.66919s ++++
INFO: Detected an invalid packet at item 5024
INFO: Parser returned #f
++++ frame_probe ID: 860 receives a frame at time 8.71008s ++++
* header analysis ID: 7 get the 1th transmission of data frame 5 at time 1.48553e+07 s
++++ frame_probe ID: 1 receives a frame at time 8.72175s ++++
++++ frame_probe ID: 2 receives a frame at time 8.72179s ++++
++++ frame_probe ID: 1010 receives a frame at time 8.72184s ++++
generated random number is++++ frame_probe ID: 1018 receives a frame at time 0.540095 and the threshold is 1. good luck. 
8.7219s ++++
INFO: Detected an invalid packet at item 5088
INFO: Parser returned #f
INFO: Detected an invalid packet at item 5120
INFO: Parser returned #f
INFO: Detected a packet larger than max frame size (2703 symbols)
a data frame with index 5 from node: 3 has been transmitted 2th time
++++ frame_probe ID: 850 receives a frame at time 8.84028s ++++
++++ frame_probe ID: 860 receives a frame at time 8.88122s ++++
* header analysis ID: 7 get the 1th transmission of data frame 5 at time 1.48553e+07 s
++++ frame_probe ID: 1 receives a frame at time 8.88513s ++++
++++ frame_probe ID: 2 receives a frame at time 8.88517s ++++
++++ frame_probe ID: 1010 receives a frame at time 8.88522s ++++
generated random number is++++ frame_probe ID: 1018 receives a frame at time 0.997123 and the threshold is 1. good luck. 8.88528s ++++

INFO: Detected an invalid packet at item 5216
INFO: Parser returned #f
INFO: Detected an invalid packet at item 5248
INFO: Parser returned #f
INFO: Detected an invalid packet at item 1024
INFO: Parser returned #f
a data frame with index 5 from node: 3 has been transmitted 3th time
++++ frame_probe ID: 850 receives a frame at time 9.02619s ++++
INFO: Detected an invalid packet at item 5312
INFO: Parser returned #f
++++ frame_probe ID: 860 receives a frame at time 9.06703s ++++
measurement 1 raw data directory created /home/inets/0_ba/bachelor_thesis/measurements/debug/data/128/1/.
'/home/inets/source/gr-inets/results/ack_not_filtered.txt' -> '/home/inets/0_ba/bachelor_thesis/measurements/debug/data/128/1/ack_not_filtered.txt'
'/home/inets/source/gr-inets/results/receiver_data_received.txt' -> '/home/inets/0_ba/bachelor_thesis/measurements/debug/data/128/1/receiver_data_received.txt'
'/home/inets/source/gr-inets/results/sender_bfr_dq.txt' -> '/home/inets/0_ba/bachelor_thesis/measurements/debug/data/128/1/sender_bfr_dq.txt'
'/home/inets/source/gr-inets/results/sender_data_sent.txt' -> '/home/inets/0_ba/bachelor_thesis/measurements/debug/data/128/1/sender_data_sent.txt'
'/home/inets/source/gr-inets/results/sender_retransmissions.txt' -> '/home/inets/0_ba/bachelor_thesis/measurements/debug/data/128/1/sender_retransmissions.txt'
measurement 1 raw data moved to /home/inets/0_ba/bachelor_thesis/measurements/debug/data/128/1/.

measurement 2/2 complete in 10 second(s).
linux; GNU C++ version 5.4.0 20160609; Boost_105800; UHD_003.009.005-45-g6768a615
linux; GNU C++ version 5.4.0 20160609; Boost_105800; UHD_003.009.005-45-g6768a615


Using Volk machine: avx_64_mmx
-- Opening a USRP2/N-Series device...
Using Volk machine: avx_64_mmx
-- Opening a USRP2/N-Series device...
-- Current recv frame size: 1472 bytes
-- Current send frame size: 1472 bytes
-- Current recv frame size: 1472 bytes
-- Current send frame size: 1472 bytes
measurement 2/2 complete in 9 second(s).
develop mode of resend_check ID: 24 is activated.
the 880th message counter is activated.
the 100th message counter is activated.
develop_mode of random_filter ID: 1015 is activated.
the 100th message counter is activated.
measurement 2/2 complete in 8 second(s).
node starts running at 11.4575
node starts running at 11.467
++++ frame_probe ID: 850 receives a frame at time 11.5062s ++++
INFO: Detected an invalid packet at item 0
INFO: Parser returned #f
++++ frame_probe ID: 860 receives a frame at time 11.5473s ++++
* header analysis ID: 7 get the 1th transmission of data frame 0 at time 1.48553e+07 s
++++ frame_probe ID: 1 receives a frame at time 11.5555s ++++
++++ frame_probe ID: 2 receives a frame at time 11.5555s ++++
++++ frame_probe ID: 1010 receives a frame at time 11.5556s ++++
generated random number is++++ frame_probe ID: 1018 receives a frame at time 0.658514 and the threshold is 1. good luck. 
11.5556s ++++
INFO: Detected an invalid packet at item 64
INFO: Parser returned #f
INFO: Detected an invalid packet at item 96
INFO: Parser returned #f
INFO: Detected an invalid packet at item 0
INFO: Parser returned #f
a data frame with index 0 from node: 3 has been transmitted 1th time
++++ frame_probe ID: 850 receives a frame at time 11.6823s ++++
INFO: Detected an invalid packet at item 160
INFO: Parser returned #f
++++ frame_probe ID: 860 receives a frame at time 11.7231s ++++
* header analysis ID: 7 get the 1th transmission of data frame 0 at time 1.48553e+07 s
++++ frame_probe ID: 1 receives a frame at time 11.729s ++++
++++ frame_probe ID: 2 receives a frame at time 11.729s ++++
++++ frame_probe ID: 1010 receives a frame at time 11.7291s ++++
generated random number is++++ frame_probe ID: 0.09082071018 and the threshold is  receives a frame at time 1. good luck. 
11.7292s ++++
INFO: Detected an invalid packet at item 224
INFO: Parser returned #f
INFO: Detected an invalid packet at item 256
INFO: Parser returned #f
INFO: Detected an invalid packet at item 288
INFO: Parser returned #f
INFO: Detected an invalid packet at item 32
INFO: Parser returned #f
a data frame with index 0 from node: 3 has been transmitted 2th time
++++ frame_probe ID: 850 receives a frame at time 11.8577s ++++
++++ frame_probe ID: 860 receives a frame at time 11.8986s ++++
* header analysis ID: 7 get the 1th transmission of data frame 0 at time 1.48553e+07 s
++++ frame_probe ID: 1 receives a frame at time 11.9113s ++++
++++ frame_probe ID: 2 receives a frame at time 11.9113s ++++
++++ frame_probe ID: 1010 receives a frame at time 11.9114s ++++
generated random number is++++ frame_probe ID: 1018 receives a frame at time 0.648314 and the threshold is 1. good luck. 
11.9115s ++++
INFO: Detected an invalid packet at item 384
INFO: Parser returned #f
INFO: Detected an invalid packet at item 416
INFO: Parser returned #f
INFO: Detected an invalid packet at item 64
INFO: Parser returned #f
a data frame with index 0 from node: 3 has been transmitted 3th time
++++ frame_probe ID: 850 receives a frame at time 12.0383s ++++
INFO: Detected an invalid packet at item 480
INFO: Parser returned #f
++++ frame_probe ID: 860 receives a frame at time 12.0789s ++++
measurement 2/2 complete in 7 second(s).
* header analysis ID: 7 get the 1th transmission of data frame 0 at time 1.48553e+07 s
++++ frame_probe ID: 1 receives a frame at time 12.0833s ++++
++++ frame_probe ID: 2 receives a frame at time 12.0833s ++++
++++ frame_probe ID: 1010 receives a frame at time 12.0835s ++++
generated random number is0.537703 and the threshold is 1. good luck. 
++++ frame_probe ID: 1018 receives a frame at time 12.0835s ++++
INFO: Detected an invalid packet at item 544
INFO: Parser returned #f
INFO: Detected an invalid packet at item 576
INFO: Parser returned #f
INFO: Detected an invalid packet at item 96
INFO: Parser returned #f
a data frame with index 0 from node: 3 has been transmitted 4th time
++++ frame_probe ID: 850 receives a frame at time 12.2834s ++++
INFO: Detected an invalid packet at item 640
INFO: Parser returned #f
++++ frame_probe ID: 860 receives a frame at time 12.3241s ++++
* header analysis ID: 7 get the 1th transmission of data frame 0 at time 1.48553e+07 s
++++ frame_probe ID: 1 receives a frame at time 12.3328s ++++
++++ frame_probe ID: 2 receives a frame at time 12.3329s ++++
++++ frame_probe ID: 1010 receives a frame at time 12.3329s ++++
generated random number is++++ frame_probe ID: 1018 receives a frame at time 0.101204 and the threshold is 1. good luck. 
12.333s ++++
INFO: Detected an invalid packet at item 704
INFO: Parser returned #f
INFO: Detected an invalid packet at item 736
INFO: Parser returned #f
INFO: Detected an invalid packet at item 128
INFO: Parser returned #f
a data frame with index 0 from node: 3 has been transmitted 5th time
++++ frame_probe ID: 850 receives a frame at time 12.5345s ++++
INFO: Detected an invalid packet at item 800
INFO: Parser returned #f
++++ frame_probe ID: 860 receives a frame at time 12.5752s ++++
* header analysis ID: 7 get the 1th transmission of data frame 0 at time 1.48553e+07 s
++++ frame_probe ID: 1 receives a frame at time 12.5827s ++++
++++ frame_probe ID: 2 receives a frame at time 12.5827s ++++
++++ frame_probe ID: 1010 receives a frame at time 12.5827s ++++
generated random number is0.690822++++ frame_probe ID:  and the threshold is 1018 receives a frame at time 1. good luck. 
12.5828s ++++
INFO: Detected an invalid packet at item 864
INFO: Parser returned #f
INFO: Detected an invalid packet at item 896
INFO: Parser returned #f
INFO: Detected an invalid packet at item 928
INFO: Parser returned #f
INFO: Detected an invalid packet at item 160
INFO: Parser returned #f
frame: 0 from node: 3 is dropped because its max retransmission counter is reached. 
counter ID 880 results at time 4612.8 is 5
+++++++++ frame_probe ID: 1 +++++++++ ---- data frame detected ---- frame index is:            0;    destination address is:    1;    source address is:         3;    number of transmission is: 6;    reserved field I is:       318;    reserved field II is:      524;    payload length is:           837;    header length is:          11;    address check is:          0;    good frame is:             0;    frame info contains a frame with length 852 bytes: input time_stamp is: 12.5345
++++ frame_probe ID: 850 receives a frame at time 12.82s ++++
INFO: Detected an invalid packet at item 992
INFO: Parser returned #f
++++ frame_probe ID: 860 receives a frame at time 12.8608s ++++
* header analysis ID: 7 get the 1th transmission of data frame 1 at time 1.48553e+07 s
++++ frame_probe ID: 1 receives a frame at time 12.8704s ++++
++++ frame_probe ID: 2 receives a frame at time 12.8704s ++++
++++ frame_probe ID: 1010 receives a frame at time 12.8704s ++++
++++ frame_probe ID: generated random number is1018 receives a frame at time 0.918803 and the threshold is 112.8705. good luck. s ++++

INFO: Detected an invalid packet at item 1056
INFO: Parser returned #f
INFO: Detected an invalid packet at item 1088
INFO: Parser returned #f
INFO: Detected an invalid packet at item 192
INFO: Parser returned #f
a data frame with index 1 from node: 3 has been transmitted 1th time
++++ frame_probe ID: 850 receives a frame at time 12.9956s ++++
INFO: Detected an invalid packet at item 1152
INFO: Parser returned #f
++++ frame_probe ID: 860 receives a frame at time 13.0365s ++++
* header analysis ID: 7 get the 1th transmission of data frame 1 at time 1.48553e+07 s
++++ frame_probe ID: 1 receives a frame at time 13.0437s ++++
++++ frame_probe ID: 2 receives a frame at time 13.0437s ++++
++++ frame_probe ID: 1010 receives a frame at time 13.0438s ++++
generated random number is++++ frame_probe ID: 1018 receives a frame at time 0.659882 and the threshold is 13.0438s ++++
1. good luck. 
INFO: Detected an invalid packet at item 1216
INFO: Parser returned #f
INFO: Detected an invalid packet at item 1248
INFO: Parser returned #f
INFO: Detected an invalid packet at item 1280
INFO: Parser returned #f
INFO: Detected an invalid packet at item 224
INFO: Parser returned #f
measurement 2/2 complete in 6 second(s).
a data frame with index 1 from node: 3 has been transmitted 2th time
++++ frame_probe ID: 850 receives a frame at time 13.1719s ++++
INFO: Detected an invalid packet at item 1344
INFO: Parser returned #f
++++ frame_probe ID: 860 receives a frame at time 13.2126s ++++
* header analysis ID: 7 get the 1th transmission of data frame 1 at time 1.48553e+07 s
++++ frame_probe ID: 1 receives a frame at time 13.216s ++++
++++ frame_probe ID: 2 receives a frame at time 13.216s ++++
++++ frame_probe ID: 1010 receives a frame at time 13.2161s ++++
generated random number is++++ frame_probe ID: 1018 receives a frame at time 13.21610.318396s ++++
 and the threshold is 1. good luck. 
INFO: Detected an invalid packet at item 1408
INFO: Parser returned #f
INFO: Detected an invalid packet at item 1440
INFO: Parser returned #f
INFO: Detected an invalid packet at item 256
INFO: Parser returned #f
a data frame with index 1 from node: 3 has been transmitted 3th time
++++ frame_probe ID: 850 receives a frame at time 13.3721s ++++
INFO: Detected an invalid packet at item 1504
INFO: Parser returned #f
++++ frame_probe ID: 860 receives a frame at time 13.4126s ++++
* header analysis ID: 7 get the 1th transmission of data frame 1 at time 1.48553e+07 s
++++ frame_probe ID: 2 receives a frame at time ++++ frame_probe ID: 1 receives a frame at time 13.4175s ++++
13.4175s ++++
++++ frame_probe ID: 1010 receives a frame at time 13.4176s ++++
generated random number is++++ frame_probe ID: 1018 receives a frame at time 0.23117 and the threshold is 13.4176s ++++
1. good luck. 
INFO: Detected an invalid packet at item 1568
INFO: Parser returned #f
INFO: Detected an invalid packet at item 1600
INFO: Parser returned #f
INFO: Detected an invalid packet at item 288
INFO: Parser returned #f
a data frame with index 1 from node: 3 has been transmitted 4th time
++++ frame_probe ID: 850 receives a frame at time 13.5523s ++++
INFO: Detected an invalid packet at item 1664
INFO: Parser returned #f
++++ frame_probe ID: 860 receives a frame at time 13.5933s ++++
* header analysis ID: 7 get the 1th transmission of data frame 1 at time 1.48553e+07 s
++++ frame_probe ID: 1 receives a frame at time 13.6s ++++
++++ frame_probe ID: 2 receives a frame at time 13.6s ++++
++++ frame_probe ID: 1010 receives a frame at time 13.6001s ++++
generated random number is++++ frame_probe ID: 1018 receives a frame at time 13.60010.935615s ++++ and the threshold is 
1. good luck. 
INFO: Detected a packet larger than max frame size (1365 symbols)
INFO: Detected an invalid packet at item 1760
INFO: Parser returned #f
INFO: Detected an invalid packet at item 1792
INFO: Parser returned #f
INFO: Detected an invalid packet at item 320
INFO: Parser returned #f
a data frame with index 1 from node: 3 has been transmitted 5th time
++++ frame_probe ID: 850 receives a frame at time 13.7983s ++++
INFO: Detected an invalid packet at item 1856
INFO: Parser returned #f
++++ frame_probe ID: 860 receives a frame at time 13.8391s ++++
* header analysis ID: 7 get the 1th transmission of data frame 1 at time 1.48553e+07 s
++++ frame_probe ID: 1 receives a frame at time 13.8496s ++++
++++ frame_probe ID: 2 receives a frame at time 13.8497s ++++
++++ frame_probe ID: 1010 receives a frame at time 13.8497s ++++
generated random number is++++ frame_probe ID: 1018 receives a frame at time 0.473318 and the threshold is 1. good luck. 
13.8498s ++++
INFO: Detected an invalid packet at item 1920
INFO: Parser returned #f
INFO: Detected an invalid packet at item 1952
INFO: Parser returned #f
INFO: Detected an invalid packet at item 1984
INFO: Parser returned #f
INFO: Detected an invalid packet at item 352
INFO: Parser returned #f
measurement 2/2 complete in 5 second(s).
frame: 1 from node: 3 is dropped because its max retransmission counter is reached. 
counter ID 880 results at time 4614.09 is 6
+++++++++ frame_probe ID: 1 +++++++++ ---- data frame detected ---- frame index is:            1;    destination address is:    1;    source address is:         3;    number of transmission is: 6;    reserved field I is:       318;    reserved field II is:      524;    payload length is:           837;    header length is:          11;    address check is:          0;    good frame is:             0;    frame info contains a frame with length 852 bytes: input time_stamp is: 13.7982
++++ frame_probe ID: 850 receives a frame at time 14.1041s ++++
INFO: Detected an invalid packet at item 2048
INFO: Parser returned #f
++++ frame_probe ID: 860 receives a frame at time 14.145s ++++
* header analysis ID: 7 get the 1th transmission of data frame 2 at time 1.48553e+07 s
++++ frame_probe ID: 1 receives a frame at time 14.1572s ++++
++++ frame_probe ID: 2 receives a frame at time 14.1573s ++++
++++ frame_probe ID: 1010 receives a frame at time 14.1573s ++++
generated random number is++++ frame_probe ID: 1018 receives a frame at time 0.322703 and the threshold is 1. good luck. 
14.1574s ++++
INFO: Detected an invalid packet at item 2112
INFO: Parser returned #f
INFO: Detected an invalid packet at item 2144
INFO: Parser returned #f
INFO: Detected an invalid packet at item 384
INFO: Parser returned #f
a data frame with index 2 from node: 3 has been transmitted 1th time
++++ frame_probe ID: 850 receives a frame at time 14.2746s ++++
++++ frame_probe ID: 860 receives a frame at time 14.3155s ++++
* header analysis ID: 7 get the 1th transmission of data frame 2 at time 1.48553e+07 s
++++ frame_probe ID: 1 receives a frame at time 14.3207s ++++
++++ frame_probe ID: 2 receives a frame at time 14.3207s ++++
++++ frame_probe ID: 1010 receives a frame at time 14.3207s ++++
generated random number is++++ frame_probe ID: 0.904693 and the threshold is 1018 receives a frame at time 1. good luck. 
14.3208s ++++
INFO: Detected an invalid packet at item 2240
INFO: Parser returned #f
INFO: Detected an invalid packet at item 2272
INFO: Parser returned #f
INFO: Detected an invalid packet at item 416
INFO: Parser returned #f
a data frame with index 2 from node: 3 has been transmitted 2th time
++++ frame_probe ID: 850 receives a frame at time 14.4551s ++++
INFO: Detected an invalid packet at item 2336
INFO: Parser returned #f
++++ frame_probe ID: 860 receives a frame at time 14.4959s ++++
* header analysis ID: 7 get the 1th transmission of data frame 2 at time 1.48553e+07 s
++++ frame_probe ID: 1 receives a frame at time 14.5023s ++++
++++ frame_probe ID: 2 receives a frame at time 14.5023s ++++
++++ frame_probe ID: 1010 receives a frame at time 14.5023s ++++
generated random number is++++ frame_probe ID: 1018 receives a frame at time 0.187792 and the threshold is 14.5024s ++++
1. good luck. 
INFO: Detected an invalid packet at item 2400
INFO: Parser returned #f
INFO: Detected an invalid packet at item 2432
INFO: Parser returned #f
INFO: Detected an invalid packet at item 2464
INFO: Parser returned #f
INFO: Detected an invalid packet at item 448
INFO: Parser returned #f
a data frame with index 2 from node: 3 has been transmitted 3th time
++++ frame_probe ID: 850 receives a frame at time 14.6563s ++++
INFO: Detected an invalid packet at item 2528
INFO: Parser returned #f
++++ frame_probe ID: 860 receives a frame at time 14.6971s ++++
* header analysis ID: 7 get the 1th transmission of data frame 2 at time 1.48553e+07 s
++++ frame_probe ID: 1 receives a frame at time 14.7037s ++++
++++ frame_probe ID: 2 receives a frame at time 14.7038s ++++
++++ frame_probe ID: 1010 receives a frame at time 14.7038s ++++
generated random number is++++ frame_probe ID: 1018 receives a frame at time 0.15989214.7039 and the threshold is s ++++
1. good luck. 
INFO: Detected an invalid packet at item 2592
INFO: Parser returned #f
INFO: Detected an invalid packet at item 2624
INFO: Parser returned #f
INFO: Detected an invalid packet at item 2656
INFO: Parser returned #f
INFO: Detected an invalid packet at item 480
INFO: Parser returned #f
a data frame with index 2 from node: 3 has been transmitted 4th time
++++ frame_probe ID: 850 receives a frame at time 14.8766s ++++
INFO: Detected an invalid packet at item 2720
INFO: Parser returned #f
++++ frame_probe ID: 860 receives a frame at time 14.9175s ++++
* header analysis ID: 7 get the 1th transmission of data frame 2 at time 1.48553e+07 s
++++ frame_probe ID: 1 receives a frame at time 14.924s ++++
++++ frame_probe ID: 2 receives a frame at time 14.924s ++++
++++ frame_probe ID: 1010 receives a frame at time 14.9241s ++++
generated random number is++++ frame_probe ID: 10180.464806 receives a frame at time  and the threshold is 1. good luck. 
14.9241s ++++
INFO: Detected an invalid packet at item 2784
INFO: Parser returned #f
INFO: Detected an invalid packet at item 2816
INFO: Parser returned #f
INFO: Detected an invalid packet at item 512
INFO: Parser returned #f
measurement 2/2 complete in 4 second(s).
a data frame with index 2 from node: 3 has been transmitted 5th time
++++ frame_probe ID: 850 receives a frame at time 15.172s ++++
INFO: Detected an invalid packet at item 2880
INFO: Parser returned #f
++++ frame_probe ID: 860 receives a frame at time 15.2128s ++++
* header analysis ID: 7 get the 1th transmission of data frame 2 at time 1.48553e+07 s
++++ frame_probe ID: 1 receives a frame at time 15.2217s ++++
++++ frame_probe ID: 2 receives a frame at time 15.2218s ++++
++++ frame_probe ID: 1010 receives a frame at time 15.2218s ++++
generated random number is0.872784 and the threshold is ++++ frame_probe ID: 1. good luck. 1018
 receives a frame at time 15.2219s ++++
INFO: Detected an invalid packet at item 2944
INFO: Parser returned #f
INFO: Detected an invalid packet at item 2976
INFO: Parser returned #f
INFO: Detected an invalid packet at item 544
INFO: Parser returned #f
frame: 2 from node: 3 is dropped because its max retransmission counter is reached. 
counter ID 880 results at time +++++++++ frame_probe ID: 4615.361 is  +++++++++6
 ---- data frame detected ---- frame index is:            2;    destination address is:    1;    source address is:         3;    number of transmission is: 6;    reserved field I is:       318;    reserved field II is:      524;    payload length is:           837;    header length is:          11;    address check is:          0;    good frame is:             0;    frame info contains a frame with length 852 bytes: input time_stamp is: 15.172
++++ frame_probe ID: 850 receives a frame at time 15.3828s ++++
INFO: Detected an invalid packet at item 3040
INFO: Parser returned #f
++++ frame_probe ID: 860 receives a frame at time 15.4236s ++++
* header analysis ID: 7 get the 1th transmission of data frame 3 at time 1.48553e+07 s
++++ frame_probe ID: 1 receives a frame at time 15.4323s ++++
++++ frame_probe ID: 2 receives a frame at time 15.4323s ++++
++++ frame_probe ID: 1010 receives a frame at time 15.4323s ++++
generated random number is0.836326 and the threshold is 1. good luck. 
++++ frame_probe ID: 1018 receives a frame at time 15.4324s ++++
INFO: Detected an invalid packet at item 3104
INFO: Parser returned #f
INFO: Detected an invalid packet at item 3136
INFO: Parser returned #f
INFO: Detected an invalid packet at item 3168
INFO: Parser returned #f
INFO: Detected an invalid packet at item 576
INFO: Parser returned #f
a data frame with index 3 from node: 3 has been transmitted 1th time
++++ frame_probe ID: 850 receives a frame at time 15.558s ++++
INFO: Detected an invalid packet at item 3232
INFO: Parser returned #f
++++ frame_probe ID: 860 receives a frame at time 15.5988s ++++
* header analysis ID: 7 get the 1th transmission of data frame 3 at time 1.48553e+07 s
++++ frame_probe ID: 1 receives a frame at time 15.6055s ++++
++++ frame_probe ID: 2 receives a frame at time 15.6056s ++++
++++ frame_probe ID: 1010 receives a frame at time 15.6057s ++++
generated random number is++++ frame_probe ID: 1018 receives a frame at time 0.160084 and the threshold is 1. good luck. 
15.6057s ++++
INFO: Detected an invalid packet at item 3296
INFO: Parser returned #f
INFO: Detected an invalid packet at item 3328
INFO: Parser returned #f
INFO: Detected an invalid packet at item 608
INFO: Parser returned #f
a data frame with index 3 from node: 3 has been transmitted 2th time
++++ frame_probe ID: 850 receives a frame at time 15.7285s ++++
++++ frame_probe ID: 860 receives a frame at time 15.7693s ++++
* header analysis ID: 7 get the 1th transmission of data frame 3 at time 1.48553e+07 s
++++ frame_probe ID: 1 receives a frame at time 15.778s ++++
++++ frame_probe ID: 2 receives a frame at time 15.778s ++++
++++ frame_probe ID: 1010 receives a frame at time 15.7781s ++++
generated random number is++++ frame_probe ID: 1018 receives a frame at time 0.940563 and the threshold is 1. good luck. 
15.7781s ++++
INFO: Detected an invalid packet at item 3424
INFO: Parser returned #f
INFO: Detected an invalid packet at item 3456
INFO: Parser returned #f
INFO: Detected an invalid packet at item 640
INFO: Parser returned #f
a data frame with index 3 from node: 3 has been transmitted 3th time
++++ frame_probe ID: 850 receives a frame at time 15.9192s ++++
INFO: Detected an invalid packet at item 3520
INFO: Parser returned #f
++++ frame_probe ID: 860 receives a frame at time 15.96s ++++
* header analysis ID: 7 get the 1th transmission of data frame 3 at time 1.48553e+07 s
++++ frame_probe ID: 1 receives a frame at time 15.9703s ++++
++++ frame_probe ID: 2 receives a frame at time 15.9703s ++++
++++ frame_probe ID: 1010 receives a frame at time 15.9704s ++++
generated random number is++++ frame_probe ID: 1018 receives a frame at time 0.950489 and the threshold is 1. good luck. 
15.9704s ++++
INFO: Detected an invalid packet at item 3584
INFO: Parser returned #f
INFO: Detected an invalid packet at item 3616
INFO: Parser returned #f
INFO: Detected an invalid packet at item 672
INFO: Parser returned #f
a data frame with index 3 from node: 3 has been transmitted 4th time
measurement 2/2 complete in 3 second(s).
++++ frame_probe ID: 850 receives a frame at time 16.1001s ++++
++++ frame_probe ID: 860 receives a frame at time 16.1408s ++++
* header analysis ID: 7 get the 1th transmission of data frame 3 at time 1.48553e+07 s
++++ frame_probe ID: 1 receives a frame at time 16.1528s ++++
++++ frame_probe ID: 2 receives a frame at time 16.1528s ++++
++++ frame_probe ID: 1010 receives a frame at time 16.1529s ++++
generated random number is++++ frame_probe ID: 1018 receives a frame at time 0.273192 and the threshold is 1. good luck. 
16.153s ++++
INFO: Detected an invalid packet at item 3712
INFO: Parser returned #f
INFO: Detected an invalid packet at item 3744
INFO: Parser returned #f
INFO: Detected an invalid packet at item 704
INFO: Parser returned #f
a data frame with index 3 from node: 3 has been transmitted 5th time
++++ frame_probe ID: 850 receives a frame at time 16.3056s ++++
INFO: Detected an invalid packet at item 3808
INFO: Parser returned #f
++++ frame_probe ID: 860 receives a frame at time 16.3465s ++++
* header analysis ID: 7 get the 1th transmission of data frame 3 at time 1.48553e+07 s
++++ frame_probe ID: 1 receives a frame at time 16.3543s ++++
++++ frame_probe ID: 2 receives a frame at time 16.3543s ++++
++++ frame_probe ID: 1010 receives a frame at time 16.3543s ++++
generated random number is++++ frame_probe ID: 1018 receives a frame at time 0.26618 and the threshold is 1. good luck. 
16.3544s ++++
INFO: Detected an invalid packet at item 3872
INFO: Parser returned #f
INFO: Detected an invalid packet at item 3904
INFO: Parser returned #f
INFO: Detected an invalid packet at item 736
INFO: Parser returned #f
frame: 3 from node: 3 is dropped because its max retransmission counter is reached. 
counter ID 880 results at time 4616.6 is 6
+++++++++ frame_probe ID: 1 +++++++++ ---- data frame detected ---- frame index is:            3;    destination address is:    1;    source address is:         3;    number of transmission is: 6;    reserved field I is:       318;    reserved field II is:      524;    payload length is:           837;    header length is:          11;    address check is:          0;    good frame is:             0;    frame info contains a frame with length 852 bytes: input time_stamp is: 16.3055
++++ frame_probe ID: 850 receives a frame at time 16.617s ++++
INFO: Detected an invalid packet at item 3968
INFO: Parser returned #f
++++ frame_probe ID: 860 receives a frame at time 16.6578s ++++
* header analysis ID: 7 get the 1th transmission of data frame 4 at time 1.48553e+07 s
++++ frame_probe ID: 1 receives a frame at time 16.6611s ++++
++++ frame_probe ID: 2 receives a frame at time 16.6612s ++++
++++ frame_probe ID: 1010 receives a frame at time 16.6612s ++++
generated random number is++++ frame_probe ID: 1018 receives a frame at time 0.589427 and the threshold is 1. good luck. 
16.6613s ++++
INFO: Detected an invalid packet at item 4032
INFO: Parser returned #f
INFO: Detected an invalid packet at item 4064
INFO: Parser returned #f
INFO: Detected an invalid packet at item 768
INFO: Parser returned #f
a data frame with index 4 from node: 3 has been transmitted 1th time
++++ frame_probe ID: 850 receives a frame at time 16.7923s ++++
INFO: Detected an invalid packet at item 4128
INFO: Parser returned #f
++++ frame_probe ID: 860 receives a frame at time 16.8331s ++++
* header analysis ID: 7 get the 1th transmission of data frame 4 at time 1.48553e+07 s
++++ frame_probe ID: 1 receives a frame at time 16.8437s ++++
++++ frame_probe ID: 2 receives a frame at time 16.8438s ++++
++++ frame_probe ID: 1010 receives a frame at time 16.8438s ++++
generated random number is++++ frame_probe ID: 0.0447831018 receives a frame at time  and the threshold is 1. good luck. 
16.8439s ++++
INFO: Detected an invalid packet at item 4192
INFO: Parser returned #f
INFO: Detected an invalid packet at item 4224
INFO: Parser returned #f
INFO: Detected an invalid packet at item 800
INFO: Parser returned #f
a data frame with index 4 from node: 3 has been transmitted 2th time
++++ frame_probe ID: 850 receives a frame at time 16.9628s ++++
INFO: Detected an invalid packet at item 4288
INFO: Parser returned #f
++++ frame_probe ID: 860 receives a frame at time 17.0036s ++++
* header analysis ID: 7 get the 1th transmission of data frame 4 at time 1.48553e+07 s
++++ frame_probe ID: 1 receives a frame at time 17.0067s ++++
++++ frame_probe ID: 2 receives a frame at time 17.0067s ++++
++++ frame_probe ID: 1010 receives a frame at time 17.0068s ++++
generated random number is++++ frame_probe ID: 1018 receives a frame at time 0.0899645 and the threshold is 1. good luck. 
17.0068s ++++
INFO: Detected an invalid packet at item 4352
INFO: Parser returned #f
INFO: Detected an invalid packet at item 4384
INFO: Parser returned #f
INFO: Detected an invalid packet at item 832
INFO: Parser returned #f
measurement 2/2 complete in 2 second(s).
a data frame with index 4 from node: 3 has been transmitted 3th time
++++ frame_probe ID: 850 receives a frame at time 17.1382s ++++
INFO: Detected an invalid packet at item 4448
INFO: Parser returned #f
++++ frame_probe ID: 860 receives a frame at time 17.1789s ++++
* header analysis ID: 7 get the 1th transmission of data frame 4 at time 1.48553e+07 s
++++ frame_probe ID: 1 receives a frame at time 17.1891s ++++
++++ frame_probe ID: 2 receives a frame at time 17.1892s ++++
++++ frame_probe ID: 1010 receives a frame at time 17.1892s ++++
generated random number is++++ frame_probe ID: 1018 receives a frame at time 0.391309 and the threshold is 1. good luck. 
17.1893s ++++
INFO: Detected an invalid packet at item 4512
INFO: Parser returned #f
INFO: Detected an invalid packet at item 4544
INFO: Parser returned #f
INFO: Detected an invalid packet at item 864
INFO: Parser returned #f
a data frame with index 4 from node: 3 has been transmitted 4th time
++++ frame_probe ID: 850 receives a frame at time 17.3735s ++++
INFO: Detected an invalid packet at item 4608
INFO: Parser returned #f
++++ frame_probe ID: 860 receives a frame at time 17.4143s ++++
* header analysis ID: 7 get the 1th transmission of data frame 4 at time 1.48553e+07 s
++++ frame_probe ID: 2++++ frame_probe ID:  receives a frame at time 1 receives a frame at time 17.4196s ++++17.4196
s ++++
++++ frame_probe ID: 1010 receives a frame at time 17.4197s ++++
generated random number is++++ frame_probe ID: 0.9964651018 and the threshold is  receives a frame at time 1. good luck. 
17.4198s ++++
INFO: Detected an invalid packet at item 4672
INFO: Parser returned #f
INFO: Detected an invalid packet at item 4704
INFO: Parser returned #f
INFO: Detected an invalid packet at item 896
INFO: Parser returned #f
a data frame with index 4 from node: 3 has been transmitted 5th time
++++ frame_probe ID: 850 receives a frame at time 17.6241s ++++
INFO: Detected an invalid packet at item 4768
INFO: Parser returned #f
++++ frame_probe ID: 860 receives a frame at time 17.6647s ++++
* header analysis ID: 7 get the 1th transmission of data frame 4 at time 1.48553e+07 s
++++ frame_probe ID: 1 receives a frame at time 17.669s ++++
++++ frame_probe ID: 2 receives a frame at time 17.669s ++++
++++ frame_probe ID: 1010 receives a frame at time 17.6691s ++++
generated random number is++++ frame_probe ID: 1018 receives a frame at time 0.440751 and the threshold is 17.6691s ++++
1. good luck. 
INFO: Detected an invalid packet at item 4832
INFO: Parser returned #f
INFO: Detected an invalid packet at item 4864
INFO: Parser returned #f
INFO: Detected an invalid packet at item 928
INFO: Parser returned #f
frame: 4 from node: 3 is dropped because its max retransmission counter is reached. 
counter ID 880 results at time 4618.04 is 6
+++++++++ frame_probe ID: 1 +++++++++ ---- data frame detected ---- frame index is:            4;    destination address is:    1;    source address is:         3;    number of transmission is: 6;    reserved field I is:       318;    reserved field II is:      524;    payload length is:           837;    header length is:          11;    address check is:          0;    good frame is:             0;    frame info contains a frame with length 852 bytes: input time_stamp is: 17.624
++++ frame_probe ID: 850 receives a frame at time 18.0599s ++++
INFO: Detected an invalid packet at item 4928
INFO: Parser returned #f
measurement 2/2 complete in 1 second(s).
++++ frame_probe ID: 860 receives a frame at time 18.1007s ++++
* header analysis ID: 7 get the 1th transmission of data frame 5 at time 1.48553e+07 s
++++ frame_probe ID: 1 receives a frame at time 18.1112s ++++
++++ frame_probe ID: 2 receives a frame at time 18.1112s ++++
++++ frame_probe ID: 1010 receives a frame at time 18.1113s ++++
generated random number is0.411276 and the threshold is ++++ frame_probe ID: 10181. good luck.  receives a frame at time 
18.1114s ++++
INFO: Detected an invalid packet at item 4992
INFO: Parser returned #f
INFO: Detected an invalid packet at item 5024
INFO: Parser returned #f
INFO: Detected an invalid packet at item 960
INFO: Parser returned #f
a data frame with index 5 from node: 3 has been transmitted 1th time
++++ frame_probe ID: 850 receives a frame at time 18.2309s ++++
INFO: Detected an invalid packet at item 5088
INFO: Parser returned #f
++++ frame_probe ID: 860 receives a frame at time 18.2717s ++++
* header analysis ID: 7 get the 1th transmission of data frame 5 at time 1.48553e+07 s
++++ frame_probe ID: 1 receives a frame at time 18.2835s ++++
++++ frame_probe ID: 2 receives a frame at time 18.2836s ++++
++++ frame_probe ID: 1010 receives a frame at time 18.2836s ++++
generated random number is0.944834 and the threshold is ++++ frame_probe ID: 1018 receives a frame at time 18.2837s ++++
1. good luck. 
INFO: Detected an invalid packet at item 5152
INFO: Parser returned #f
INFO: Detected an invalid packet at item 5184
INFO: Parser returned #f
INFO: Detected an invalid packet at item 992
INFO: Parser returned #f
a data frame with index 5 from node: 3 has been transmitted 2th time
++++ frame_probe ID: 850 receives a frame at time 18.4115s ++++
++++ frame_probe ID: 860 receives a frame at time 18.4524s ++++
* header analysis ID: 7 get the 1th transmission of data frame 5 at time 1.48553e+07 s
++++ frame_probe ID: 1 receives a frame at time 18.4569s ++++
++++ frame_probe ID: 2 receives a frame at time 18.457s ++++
++++ frame_probe ID: 1010 receives a frame at time 18.457s ++++
generated random number is++++ frame_probe ID: 1018 receives a frame at time 0.534261 and the threshold is 1. good luck. 
18.4571s ++++
INFO: Detected an invalid packet at item 5280
INFO: Parser returned #f
INFO: Detected an invalid packet at item 5312
INFO: Parser returned #f
INFO: Detected an invalid packet at item 5344
INFO: Parser returned #f
INFO: Detected an invalid packet at item 1024
INFO: Parser returned #f
a data frame with index 5 from node: 3 has been transmitted 3th time
++++ frame_probe ID: 850 receives a frame at time 18.602s ++++
INFO: Detected an invalid packet at item 5408
INFO: Parser returned #f
++++ frame_probe ID: 860 receives a frame at time 18.6428s ++++
* header analysis ID: 7 get the 1th transmission of data frame 5 at time 1.48553e+07 s
++++ frame_probe ID: 1 receives a frame at time 18.6487s ++++
++++ frame_probe ID: 2 receives a frame at time 18.6487s ++++
++++ frame_probe ID: 1010 receives a frame at time 18.6488s ++++
generated random number is++++ frame_probe ID: 1018 receives a frame at time 0.439884 and the threshold is 18.6488s ++++
1. good luck. 
INFO: Detected an invalid packet at item 5472
INFO: Parser returned #f
INFO: Detected an invalid packet at item 5504
INFO: Parser returned #f
INFO: Detected an invalid packet at item 5536
INFO: Parser returned #f
INFO: Detected an invalid packet at item 1056
INFO: Parser returned #f
a data frame with index 5 from node: 3 has been transmitted 4th time
++++ frame_probe ID: 850 receives a frame at time 18.8375s ++++
INFO: Detected an invalid packet at item 5600
INFO: Parser returned #f
++++ frame_probe ID: 860 receives a frame at time 18.8785s ++++
* header analysis ID: 7 get the 1th transmission of data frame 5 at time 1.48553e+07 s
++++ frame_probe ID: 1 receives a frame at time 18.889s ++++
++++ frame_probe ID: 2 receives a frame at time 18.8891s ++++
++++ frame_probe ID: 1010 receives a frame at time 18.8891s ++++
generated random number is++++ frame_probe ID: 0.738487 and the threshold is 1018 receives a frame at time 1. good luck. 
18.8892s ++++
INFO: Detected an invalid packet at item 5664
INFO: Parser returned #f
INFO: Detected an invalid packet at item 5696
INFO: Parser returned #f
INFO: Detected an invalid packet at item 5728
INFO: Parser returned #f
INFO: Detected an invalid packet at item 1088
INFO: Parser returned #f
measurement 2 raw data directory created /home/inets/0_ba/bachelor_thesis/measurements/debug/data/128/2/.
'/home/inets/source/gr-inets/results/ack_not_filtered.txt' -> '/home/inets/0_ba/bachelor_thesis/measurements/debug/data/128/2/ack_not_filtered.txt'
'/home/inets/source/gr-inets/results/receiver_data_received.txt' -> '/home/inets/0_ba/bachelor_thesis/measurements/debug/data/128/2/receiver_data_received.txt'
'/home/inets/source/gr-inets/results/sender_bfr_dq.txt' -> '/home/inets/0_ba/bachelor_thesis/measurements/debug/data/128/2/sender_bfr_dq.txt'
'/home/inets/source/gr-inets/results/sender_data_sent.txt' -> '/home/inets/0_ba/bachelor_thesis/measurements/debug/data/128/2/sender_data_sent.txt'
'/home/inets/source/gr-inets/results/sender_retransmissions.txt' -> '/home/inets/0_ba/bachelor_thesis/measurements/debug/data/128/2/sender_retransmissions.txt'
measurement 2 raw data moved to /home/inets/0_ba/bachelor_thesis/measurements/debug/data/128/2/.

now processing results...
plotting python should be: python3 (ubuntu).
Hello from throughput.py!
hello from variables.py!
Ack file not found. Probably zero throughput
Ack file not found. Probably zero throughput
[ 33000.  35000.]
Hello from myplot.py!
I will print a pdf for you now!
Hello from myplot.py!
I will print a cdf for you now!
<a list of 1 Patch objects>
Hello from myplot.py!
I will print a boxplot for you now!
Hello from myplot.py!
I will print a bar for you now!
Hello from myplot.py!
I will print a line for you now!
Hello from rtt.py!
hello from variables.py!
data_sent: 1500384601.670120
data_sent: 1500384601.840576
data_sent: 1500384602.011017
data_sent: 1500384602.192164
data_sent: 1500384602.372810
data_sent: 1500384602.553488
data_sent: 1500384603.029541
data_sent: 1500384603.200438
data_sent: 1500384603.371548
data_sent: 1500384603.562417
data_sent: 1500384603.748249
data_sent: 1500384604.069275
data_sent: 1500384604.515749
data_sent: 1500384604.691432
data_sent: 1500384604.872350
data_sent: 1500384605.053225
data_sent: 1500384605.264897
data_sent: 1500384605.475826
data_sent: 1500384605.891506
data_sent: 1500384606.067763
data_sent: 1500384606.239397
data_sent: 1500384606.425453
data_sent: 1500384606.626396
data_sent: 1500384606.887018
data_sent: 1500384607.138268
data_sent: 1500384607.309070
data_sent: 1500384607.480151
data_sent: 1500384607.650763
data_sent: 1500384607.891905
data_sent: 1500384608.092278
data_sent: 1500384608.498125
data_sent: 1500384608.669187
data_sent: 1500384608.840283
data_sent: 1500384609.026186
File /home/inets/0_ba/bachelor_thesis/measurements/debug/data/128/1/sender_ack_received.txt not found.                 Assuming not reached in GR.
retx: [5, 6, 6, 6, 6]
Last data frame wasnt acked (max tries).                         Termintating calculation here.
Last data frame wasnt acked (max tries).                         Termintating calculation here.
Last data frame wasnt acked (max tries).                         Termintating calculation here.
Last data frame wasnt acked (max tries).                         Termintating calculation here.
Last data frame wasnt acked (max tries).                         Termintating calculation here.

The resulting RTTs of this single measurement are:
[]



The resulting mean RTT of this single measurement is:
100


abs. packet loss: 34.0
packet loss in %: 100.0%
data_sent: 1500384611.506209
data_sent: 1500384611.682312
data_sent: 1500384611.857688
data_sent: 1500384612.038258
data_sent: 1500384612.283378
data_sent: 1500384612.534518
data_sent: 1500384612.820041
data_sent: 1500384612.995617
data_sent: 1500384613.171886
data_sent: 1500384613.372070
data_sent: 1500384613.552323
data_sent: 1500384613.798295
data_sent: 1500384614.104089
data_sent: 1500384614.274623
data_sent: 1500384614.455078
data_sent: 1500384614.656256
data_sent: 1500384614.876641
data_sent: 1500384615.172033
data_sent: 1500384615.382758
data_sent: 1500384615.558044
data_sent: 1500384615.728455
data_sent: 1500384615.919175
data_sent: 1500384616.100123
data_sent: 1500384616.305633
data_sent: 1500384616.616953
data_sent: 1500384616.792346
data_sent: 1500384616.962784
data_sent: 1500384617.138236
data_sent: 1500384617.373506
data_sent: 1500384617.624050
data_sent: 1500384618.059918
data_sent: 1500384618.230871
data_sent: 1500384618.411478
data_sent: 1500384618.601980
data_sent: 1500384618.837512
File /home/inets/0_ba/bachelor_thesis/measurements/debug/data/128/2/sender_ack_received.txt not found.                 Assuming not reached in GR.
retx: [5, 6, 6, 6, 6]
Last data frame wasnt acked (max tries).                         Termintating calculation here.
Last data frame wasnt acked (max tries).                         Termintating calculation here.
Last data frame wasnt acked (max tries).                         Termintating calculation here.
Last data frame wasnt acked (max tries).                         Termintating calculation here.
Last data frame wasnt acked (max tries).                         Termintating calculation here.

The resulting RTTs of this single measurement are:
[]



The resulting mean RTT of this single measurement is:
100


abs. packet loss: 35.0
packet loss in %: 100.0%
[ 100.  100.]
Hello from myplot.py!
I will print a pdf for you now!
Hello from myplot.py!
I will print a cdf for you now!
<a list of 1 Patch objects>
Hello from myplot.py!
I will print a boxplot for you now!
Hello from myplot.py!
I will print a bar for you now!
Hello from myplot.py!
I will print a line for you now!

+--------------------------------------------------------------+
| plotting completed. until the next measurement session then! |
+--------------------------------------------------------------+
