measurement 1/2 complete in 4 second(s).
linux; GNU C++ version 5.4.0 20160609; Boost_105800; UHD_003.009.005-45-g6768a615
linux; GNU C++ version 5.4.0 20160609; Boost_105800; UHD_003.009.005-45-g6768a615


Using Volk machine: avx_64_mmx
-- Opening a USRP2/N-Series device...
Using Volk machine: avx_64_mmx
-- Opening a USRP2/N-Series device...
-- Current recv frame size: 1472 bytes
-- Current recv frame size: 1472 bytes
-- Current send frame size: 1472 bytes
-- Current send frame size: 1472 bytes
measurement 1/2 complete in 3 second(s).
develop mode of resend_check ID: 24 is activated.
develop_mode of random_filter ID: 1015 is activated.
the 100th message counter is activated.
the 880th message counter is activated.
the 100th message counter is activated.
measurement 1/2 complete in 2 second(s).
node starts running at 0.402327
node starts running at 0.404982
++++ frame_probe ID: 850 receives a frame at time 0.601878s ++++
INFO: Detected an invalid packet at item 0
INFO: Parser returned #f
++++ frame_probe ID: 860 receives a frame at time 0.642513s ++++
* header analysis ID: 7 get the 1th transmission of data frame 0 at time 1.48553e+07 s
++++ frame_probe ID: 1 receives a frame at time 0.644919s ++++
++++ frame_probe ID: 2 receives a frame at time 0.645008s ++++
++++ frame_probe ID: 1010 receives a frame at time 0.645041s ++++
generated random number is++++ frame_probe ID: 1018 receives a frame at time 0.94603 and the threshold is 1. good luck. 
0.645105s ++++
INFO: Detected an invalid packet at item 64
INFO: Parser returned #f
INFO: Detected an invalid packet at item 96
INFO: Parser returned #f
INFO: Detected an invalid packet at item 0
INFO: Parser returned #f
a data frame with index 0 from node: 3 has been transmitted 1th time
++++ frame_probe ID: 850 receives a frame at time 0.772061s ++++
INFO: Detected an invalid packet at item 160
INFO: Parser returned #f
++++ frame_probe ID: 860 receives a frame at time 0.812701s ++++
* header analysis ID: 7 get the 1th transmission of data frame 0 at time 1.48553e+07 s
++++ frame_probe ID: 1 receives a frame at time 0.818308s ++++
++++ frame_probe ID: 2 receives a frame at time 0.818335s ++++
++++ frame_probe ID: 1010 receives a frame at time 0.818366s ++++
generated random number is++++ frame_probe ID: 1018 receives a frame at time 0.717676 and the threshold is 0.818412s ++++
1. good luck. 
INFO: Detected an invalid packet at item 224
INFO: Parser returned #f
INFO: Detected an invalid packet at item 256
INFO: Parser returned #f
INFO: Detected an invalid packet at item 288
INFO: Parser returned #f
INFO: Detected an invalid packet at item 32
INFO: Parser returned #f
a data frame with index 0 from node: 3 has been transmitted 2th time
++++ frame_probe ID: 850 receives a frame at time 0.942183s ++++
INFO: Detected an invalid packet at item 352
INFO: Parser returned #f
++++ frame_probe ID: 860 receives a frame at time 0.983069s ++++
measurement 1/2 complete in 1 second(s).
* header analysis ID: 7 get the 1th transmission of data frame 0 at time 1.48553e+07 s
++++ frame_probe ID: 1 receives a frame at time 0.991051s ++++
++++ frame_probe ID: 2 receives a frame at time 0.991095s ++++
++++ frame_probe ID: 1010 receives a frame at time 0.991131s ++++
generated random number is0.27457++++ frame_probe ID:  and the threshold is 1018 receives a frame at time 1. good luck. 
0.991192s ++++
INFO: Detected an invalid packet at item 416
INFO: Parser returned #f
INFO: Detected an invalid packet at item 448
INFO: Parser returned #f
INFO: Detected an invalid packet at item 64
INFO: Parser returned #f
a data frame with index 0 from node: 3 has been transmitted 3th time
++++ frame_probe ID: 850 receives a frame at time 1.13766s ++++
INFO: Detected an invalid packet at item 512
INFO: Parser returned #f
++++ frame_probe ID: 860 receives a frame at time 1.17857s ++++
* header analysis ID: 7 get the 1th transmission of data frame 0 at time 1.48553e+07 s
++++ frame_probe ID: 1 receives a frame at time 1.18329s ++++
++++ frame_probe ID: 2 receives a frame at time 1.18332s ++++
++++ frame_probe ID: 1010 receives a frame at time 1.18336s ++++
generated random number is++++ frame_probe ID: 1018 receives a frame at time 0.93773 and the threshold is 1. good luck. 1.18344
s ++++
INFO: Detected an invalid packet at item 576
INFO: Parser returned #f
INFO: Detected an invalid packet at item 608
INFO: Parser returned #f
+++++++++ frame_probe ID: 882 +++++++++Input mac frame has length: 15

+++++++++ frame_probe ID: 883 +++++++++ ---- ack frame detected ---- frame index is:            0;    destination address is:    86;    source address is:         87;    number of transmission is: 254;    reserved field I is:       43201;    reserved field II is:      678;    payload length is:           21760;    header length is:          11;    address check is:          0;    good frame is:             0;    analysis time is:             1.50039e+09;    frame info contains a frame with length 15 bytes: 
a data frame with index 0 from node: 3 has been transmitted 4th time
++++ frame_probe ID: 850 receives a frame at time 1.31343s ++++
INFO: Detected an invalid packet at item 672
INFO: Parser returned #f
++++ frame_probe ID: 860 receives a frame at time 1.35419s ++++
* header analysis ID: 7 get the 1th transmission of data frame 0 at time 1.48553e+07 s
++++ frame_probe ID: 1 receives a frame at time 1.3658s ++++
++++ frame_probe ID: 2 receives a frame at time 1.36586s ++++
++++ frame_probe ID: 1010 receives a frame at time 1.3659s ++++
generated random number is++++ frame_probe ID: 1018 receives a frame at time 0.334701 and the threshold is 1.36597s ++++1. good luck. 

INFO: Detected an invalid packet at item 736
INFO: Parser returned #f
INFO: Detected an invalid packet at item 768
INFO: Parser returned #f
INFO: Detected an invalid packet at item 800
INFO: Parser returned #f
INFO: Detected an invalid packet at item 128
INFO: Parser returned #f
a data frame with index 0 from node: 3 has been transmitted 5th time
++++ frame_probe ID: 850 receives a frame at time 1.57885s ++++
INFO: Detected an invalid packet at item 864
INFO: Parser returned #f
++++ frame_probe ID: 860 receives a frame at time 1.61958s ++++
* header analysis ID: 7 get the 1th transmission of data frame 0 at time 1.48553e+07 s
++++ frame_probe ID: 1 receives a frame at time 1.62549s ++++
++++ frame_probe ID: 2 receives a frame at time 1.62553s ++++
++++ frame_probe ID: 1010 receives a frame at time 1.62556s ++++
generated random number is++++ frame_probe ID: 1018 receives a frame at time 0.06616631.62565 and the threshold is s ++++
1. good luck. 
INFO: Detected an invalid packet at item 928
INFO: Parser returned #f
INFO: Detected an invalid packet at item 960
INFO: Parser returned #f
INFO: Detected an invalid packet at item 160
INFO: Parser returned #f
measurement 1 raw data directory created /home/inets/0_ba/bachelor_thesis/measurements/debug/data/133/1/.
'/home/inets/source/gr-inets/results/ack_not_filtered.txt' -> '/home/inets/0_ba/bachelor_thesis/measurements/debug/data/133/1/ack_not_filtered.txt'
'/home/inets/source/gr-inets/results/receiver_data_received.txt' -> '/home/inets/0_ba/bachelor_thesis/measurements/debug/data/133/1/receiver_data_received.txt'
'/home/inets/source/gr-inets/results/sender_bfr_dq.txt' -> '/home/inets/0_ba/bachelor_thesis/measurements/debug/data/133/1/sender_bfr_dq.txt'
'/home/inets/source/gr-inets/results/sender_data_sent.txt' -> '/home/inets/0_ba/bachelor_thesis/measurements/debug/data/133/1/sender_data_sent.txt'
measurement 1 raw data moved to /home/inets/0_ba/bachelor_thesis/measurements/debug/data/133/1/.

measurement 2/2 complete in 4 second(s).
linux; GNU C++ version 5.4.0 20160609; Boost_105800; UHD_003.009.005-45-g6768a615
linux; GNU C++ version 5.4.0 20160609; Boost_105800; UHD_003.009.005-45-g6768a615


Using Volk machine: avx_64_mmx
-- Opening a USRP2/N-Series device...
Using Volk machine: avx_64_mmx
-- Opening a USRP2/N-Series device...
-- Current recv frame size: 1472 bytes
-- Current recv frame size: 1472 bytes
-- Current send frame size: 1472 bytes
-- Current send frame size: 1472 bytes
measurement 2/2 complete in 3 second(s).
develop mode of resend_check ID: 24 is activated.
develop_mode of random_filter ID: 1015 is activated.
the 880th message counter is activated.
the 100th message counter is activated.
the 100th message counter is activated.
measurement 2/2 complete in 2 second(s).
node starts running at 4.41004
node starts running at 4.41029
++++ frame_probe ID: 850 receives a frame at time 4.47987s ++++
INFO: Detected an invalid packet at item 0
INFO: Parser returned #f
++++ frame_probe ID: 860 receives a frame at time 4.52123s ++++
* header analysis ID: 7 get the 1th transmission of data frame 0 at time 1.48553e+07 s
++++ frame_probe ID: 1 receives a frame at time 4.52756s ++++
++++ frame_probe ID: 2 receives a frame at time 4.52761s ++++
++++ frame_probe ID: 1010 receives a frame at time 4.52765s ++++
++++ frame_probe ID: 1018 receives a frame at time generated random number is4.52774s ++++
0.15421 and the threshold is 1. good luck. 
INFO: Detected an invalid packet at item 0
INFO: Parser returned #f
INFO: Detected an invalid packet at item 64
INFO: Parser returned #f
INFO: Detected an invalid packet at item 96
INFO: Parser returned #f
a data frame with index 0 from node: 3 has been transmitted 1th time
++++ frame_probe ID: 850 receives a frame at time 4.65685s ++++
++++ frame_probe ID: 860 receives a frame at time 4.69781s ++++
* header analysis ID: 7 get the 1th transmission of data frame 0 at time 1.48553e+07 s
++++ frame_probe ID: 1 receives a frame at time 4.70978s ++++
++++ frame_probe ID: 2 receives a frame at time 4.70985s ++++
++++ frame_probe ID: 1010 receives a frame at time 4.70988s ++++
generated random number is++++ frame_probe ID: 1018 receives a frame at time 0.126975 and the threshold is 4.70996s ++++
1. good luck. 
INFO: Detected an invalid packet at item 32
INFO: Parser returned #f
INFO: Detected an invalid packet at item 192
INFO: Parser returned #f
INFO: Detected an invalid packet at item 224
INFO: Parser returned #f
a data frame with index 0 from node: 3 has been transmitted 2th time
++++ frame_probe ID: 850 receives a frame at time 4.83791s ++++
INFO: Detected an invalid packet at item 288
INFO: Parser returned #f
++++ frame_probe ID: 860 receives a frame at time 4.87874s ++++
* header analysis ID: 7 get the 1th transmission of data frame 0 at time 1.48553e+07 s
++++ frame_probe ID: 1 receives a frame at time 4.88229s ++++
++++ frame_probe ID: 2 receives a frame at time 4.88233s ++++
++++ frame_probe ID: 1010 receives a frame at time 4.88237s ++++
generated random number is++++ frame_probe ID: 1018 receives a frame at time 0.254672 and the threshold is 4.88244s ++++1. good luck. 

INFO: Detected an invalid packet at item 64
INFO: Parser returned #f
INFO: Detected an invalid packet at item 352
INFO: Parser returned #f
INFO: Detected an invalid packet at item 384
INFO: Parser returned #f
measurement 2/2 complete in 1 second(s).
a data frame with index 0 from node: 3 has been transmitted 3th time
++++ frame_probe ID: 850 receives a frame at time 5.0288s ++++
INFO: Detected an invalid packet at item 448
INFO: Parser returned #f
++++ frame_probe ID: 860 receives a frame at time 5.06957s ++++
* header analysis ID: 7 get the 1th transmission of data frame 0 at time 1.48553e+07 s
++++ frame_probe ID: 1 receives a frame at time 5.07445s ++++
++++ frame_probe ID: 2 receives a frame at time 5.07448s ++++
++++ frame_probe ID: 1010 receives a frame at time 5.07451s ++++
generated random number is++++ frame_probe ID: 1018 receives a frame at time 0.157255 and the threshold is 1. good luck. 
5.07457s ++++
INFO: Detected an invalid packet at item 96
INFO: Parser returned #f
INFO: Detected an invalid packet at item 512
INFO: Parser returned #f
INFO: Detected an invalid packet at item 544
INFO: Parser returned #f
a data frame with index 0 from node: 3 has been transmitted 4th time
++++ frame_probe ID: 850 receives a frame at time 5.25952s ++++
INFO: Detected an invalid packet at item 608
INFO: Parser returned #f
++++ frame_probe ID: 860 receives a frame at time 5.30028s ++++
* header analysis ID: 7 get the 1th transmission of data frame 0 at time 1.48553e+07 s
++++ frame_probe ID: 1 receives a frame at time ++++ frame_probe ID: 2 receives a frame at time 5.305165.30516s ++++s ++++

++++ frame_probe ID: 1010 receives a frame at time 5.30521s ++++
generated random number is0.270321 and the threshold is 1. good luck. 
++++ frame_probe ID: 1018 receives a frame at time 5.30527s ++++
INFO: Detected an invalid packet at item 128
INFO: Parser returned #f
INFO: Detected an invalid packet at item 672
INFO: Parser returned #f
INFO: Detected an invalid packet at item 704
INFO: Parser returned #f
INFO: Detected an invalid packet at item 736
INFO: Parser returned #f
a data frame with index 0 from node: 3 has been transmitted 5th time
++++ frame_probe ID: 850 receives a frame at time 5.47058s ++++
INFO: Detected an invalid packet at item 800
INFO: Parser returned #f
++++ frame_probe ID: 860 receives a frame at time 5.51144s ++++
* header analysis ID: 7 get the 1th transmission of data frame 0 at time 1.48553e+07 s
++++ frame_probe ID: 1 receives a frame at time 5.51654s ++++
++++ frame_probe ID: 2 receives a frame at time 5.51659s ++++
++++ frame_probe ID: 1010 receives a frame at time 5.51664s ++++
generated random number is++++ frame_probe ID: 1018 receives a frame at time 0.242701 and the threshold is 1. good luck. 
5.5167s ++++
INFO: Detected an invalid packet at item 160
INFO: Parser returned #f
INFO: Detected an invalid packet at item 864
INFO: Parser returned #f
INFO: Detected an invalid packet at item 896
INFO: Parser returned #f
frame: 0 from node: 3 is dropped because its max retransmission counter is reached. 
counter ID 880 results at time 5305.84 is 5
++++ frame_probe ID: 850 receives a frame at time 5.85612s ++++
INFO: Detected an invalid packet at item 960
INFO: Parser returned #f
++++ frame_probe ID: 860 receives a frame at time 5.89707s ++++
* header analysis ID: 7 get the 1th transmission of data frame 1 at time 1.48553e+07 s
++++ frame_probe ID: 1 receives a frame at time 5.90055s ++++
++++ frame_probe ID: 2 receives a frame at time 5.9006s ++++
++++ frame_probe ID: 1010 receives a frame at time 5.90063s ++++
generated random number is++++ frame_probe ID: 1018 receives a frame at time 0.197598 and the threshold is 1. good luck. 
5.9007s ++++
+++++++++ frame_probe ID: 882 +++++++++Input mac frame has length: 15

INFO: Detected an invalid packet at item 1024
INFO: Parser returned #f
INFO: Detected an invalid packet at item 1056
INFO: Parser returned #f
INFO: Detected an invalid packet at item 1088
INFO: Parser returned #f
measurement 2 raw data directory created /home/inets/0_ba/bachelor_thesis/measurements/debug/data/133/2/.
'/home/inets/source/gr-inets/results/ack_not_filtered.txt' -> '/home/inets/0_ba/bachelor_thesis/measurements/debug/data/133/2/ack_not_filtered.txt'
'/home/inets/source/gr-inets/results/receiver_data_received.txt' -> '/home/inets/0_ba/bachelor_thesis/measurements/debug/data/133/2/receiver_data_received.txt'
'/home/inets/source/gr-inets/results/sender_bfr_dq.txt' -> '/home/inets/0_ba/bachelor_thesis/measurements/debug/data/133/2/sender_bfr_dq.txt'
'/home/inets/source/gr-inets/results/sender_data_sent.txt' -> '/home/inets/0_ba/bachelor_thesis/measurements/debug/data/133/2/sender_data_sent.txt'
'/home/inets/source/gr-inets/results/sender_retransmissions.txt' -> '/home/inets/0_ba/bachelor_thesis/measurements/debug/data/133/2/sender_retransmissions.txt'
measurement 2 raw data moved to /home/inets/0_ba/bachelor_thesis/measurements/debug/data/133/2/.

now processing results...
plotting python should be: python3 (ubuntu).
Hello from throughput.py!
hello from variables.py!
Ack file not found. Probably zero throughput
0
6
Ack file not found. Probably zero throughput
0
7
[ 6000.  7000.]
Hello from myplot.py!
I will print a pdf for you now!
Hello from myplot.py!
I will print a cdf for you now!
<a list of 1 Patch objects>
Hello from myplot.py!
I will print a boxplot for you now!
Hello from myplot.py!
I will print a bar for you now!
Hello from myplot.py!
I will print a line for you now!
Hello from rtt.py!
hello from variables.py!
data_sent: 1500385300.601878
data_sent: 1500385300.772061
data_sent: 1500385300.942183
data_sent: 1500385301.137662
data_sent: 1500385301.313432
data_sent: 1500385301.578851
File /home/inets/0_ba/bachelor_thesis/measurements/debug/data/133/1/sender_ack_received.txt not found.                 Assuming not reached in GR.
File /home/inets/0_ba/bachelor_thesis/measurements/debug/data/133/1/sender_retransmissions.txt not found.                 Assuming not reached in GR. Creating data for you...

The resulting RTTs of this single measurement are:
[]



The resulting mean RTT of this single measurement is:
100


abs. packet loss: 6.0
packet loss in %: 100.0%

+--------------------------------------------------------------+
| plotting completed. until the next measurement session then! |
+--------------------------------------------------------------+
