Measurement 1/3 complete in 15 second(s).
linux; GNU C++ version 5.4.0 20160609; Boost_105800; UHD_003.009.005-45-g6768a615
linux; GNU C++ version 5.4.0 20160609; Boost_105800; UHD_003.009.005-45-g6768a615


Measurement 1/3 complete in 14 second(s).
Using Volk machine: avx_64_mmx
-- Opening a USRP2/N-Series device...
Using Volk machine: avx_64_mmx
-- Opening a USRP2/N-Series device...
-- Current recv frame size: 1472 bytes
-- Current send frame size: 1472 bytes
-- Current recv frame size: 1472 bytes
-- Current send frame size: 1472 bytes
Measurement 1/3 complete in 13 second(s).
develop_mode of random_filter ID: 1015 is activated.
the 1017th message counter is activated.
the 880th message counter is activated.
the 1018th message counter is activated.
the 885th message counter is activated.
the 1080th message counter is activated.
the 100th message counter is activated.
the 100th message counter is activated.
Measurement 1/3 complete in 12 second(s).
node starts running at 28.3491
node starts running at 28.3574
++++ frame_probe ID: 850 receives a frame at time 28.5294s ++++
INFO: Detected an invalid packet at item 0
INFO: Parser returned #f
++++ frame_probe ID: 860 receives a frame at time 28.5707s ++++
++++ frame_probe ID: 1010 receives a frame at time 28.5797s ++++
generated random number is0.392763 and the threshold is 0. bad luck and try next time. 
the 1017th message counter data_frame_filtered has been visited 1 times  
 at 828.682 s
++++ frame_probe ID: 850 receives a frame at time 28.7002s ++++
INFO: Detected an invalid packet at item 64
INFO: Parser returned #f
++++ frame_probe ID: 860 receives a frame at time 28.7408s ++++
++++ frame_probe ID: 1010 receives a frame at time 28.7521s ++++
generated random number is0.399282 and the threshold is 0. bad luck and try next time. 
the 1017th message counter data_frame_filtered has been visited 2 times  
 at 828.857 s
++++ frame_probe ID: 850 receives a frame at time 28.8755s ++++
INFO: Detected an invalid packet at item 128
INFO: Parser returned #f
++++ frame_probe ID: 860 receives a frame at time 28.9163s ++++
++++ frame_probe ID: 1010 receives a frame at time 28.9254s ++++
generated random number is0.239916 and the threshold is the 1017th message counter data_frame_filtered0. bad luck and try next time.  has been visited 
3 times  
 at 829.028 s
++++ frame_probe ID: 850 receives a frame at time 29.0459s ++++
INFO: Detected an invalid packet at item 192
INFO: Parser returned #f
++++ frame_probe ID: 860 receives a frame at time 29.0864s ++++
++++ frame_probe ID: 1010 receives a frame at time 29.0978s ++++
generated random number is0.827474 and the threshold is 0. bad luck and try next time. the 
1017th message counter data_frame_filtered has been visited 4 times  
 at 829.203 s
Measurement 1/3 complete in 11 second(s).
++++ frame_probe ID: 850 receives a frame at time 29.2214s ++++
INFO: Detected an invalid packet at item 256
INFO: Parser returned #f
++++ frame_probe ID: 860 receives a frame at time 29.262s ++++
++++ frame_probe ID: 1010 receives a frame at time 29.2711s ++++
generated random number is0.148719 and the threshold is 0. bad luck and try next time. 
the 1017th message counter data_frame_filtered has been visited 5 times  
 at 829.519 s
++++ frame_probe ID: 850 receives a frame at time 29.5368s ++++
INFO: Detected an invalid packet at item 320
INFO: Parser returned #f
++++ frame_probe ID: 860 receives a frame at time 29.5774s ++++
++++ frame_probe ID: 1010 receives a frame at time 29.5879s ++++
generated random number is0.600386 and the threshold is 0. bad luck and try next time. 
the 1017th message counter data_frame_filtered has been visited 6 times  
 at 829.954 s
++++ frame_probe ID: 850 receives a frame at time 29.9722s ++++
INFO: Detected an invalid packet at item 384
INFO: Parser returned #f
++++ frame_probe ID: 860 receives a frame at time 30.0128s ++++
++++ frame_probe ID: 1010 receives a frame at time 30.0199s ++++
generated random number is0.119057 and the threshold is 0. bad luck and try next time. 
the 1017th message counter data_frame_filtered has been visited 7 times  
 at 830.129 s
++++ frame_probe ID: 850 receives a frame at time 30.1474s ++++
INFO: Detected an invalid packet at item 448
INFO: Parser returned #f
++++ frame_probe ID: 860 receives a frame at time 30.188s ++++
++++ frame_probe ID: 1010 receives a frame at time 30.1923s ++++
generated random number is0.794746 and the threshold is 0. bad luck and try next time. 
the 1017th message counter data_frame_filtered has been visited 8 times  
Measurement 1/3 complete in 10 second(s).
 at 830.3 s
++++ frame_probe ID: 850 receives a frame at time 30.3178s ++++
INFO: Detected an invalid packet at item 512
INFO: Parser returned #f
++++ frame_probe ID: 860 receives a frame at time 30.3584s ++++
++++ frame_probe ID: 1010 receives a frame at time 30.3656s ++++
generated random number is0.0387192 and the threshold is 0. bad luck and try next time. 
the 1017th message counter data_frame_filtered has been visited 9 times  
 at 830.475 s
++++ frame_probe ID: 850 receives a frame at time 30.4932s ++++
INFO: Detected an invalid packet at item 576
INFO: Parser returned #f
++++ frame_probe ID: 860 receives a frame at time 30.5338s ++++
++++ frame_probe ID: 1010 receives a frame at time 30.538s ++++
generated random number is0.182726 and the threshold is 0. bad luck and try next time. 
the 1017th message counter data_frame_filtered has been visited 10 times  
 at 830.665 s
++++ frame_probe ID: 850 receives a frame at time 30.6833s ++++
INFO: Detected an invalid packet at item 640
INFO: Parser returned #f
++++ frame_probe ID: 860 receives a frame at time 30.7239s ++++
++++ frame_probe ID: 1010 receives a frame at time 30.7295s ++++
generated random number is0.429508 and the threshold is 0. bad luck and try next time. 
the 1017th message counter data_frame_filtered has been visited 11 times  
 at 830.955 s
++++ frame_probe ID: 850 receives a frame at time 30.9738s ++++
INFO: Detected an invalid packet at item 704
INFO: Parser returned #f
++++ frame_probe ID: 860 receives a frame at time 31.0145s ++++
++++ frame_probe ID: 1010 receives a frame at time 31.018s ++++
generated random number is0.422605 and the threshold is 0. bad luck and try next time. 
the 1017th message counter data_frame_filtered has been visited 12 times  
Measurement 1/3 complete in 9 second(s).
 at 831.301 s
++++ frame_probe ID: 850 receives a frame at time 31.3195s ++++
INFO: Detected an invalid packet at item 768
INFO: Parser returned #f
++++ frame_probe ID: 860 receives a frame at time 31.3602s ++++
++++ frame_probe ID: 1010 receives a frame at time 31.3629s ++++
generated random number is0.0537842 and the threshold is 0. bad luck and try next time. 
the 1017th message counter data_frame_filtered has been visited 13 times  
 at 831.472 s
++++ frame_probe ID: 850 receives a frame at time 31.4904s ++++
INFO: Detected an invalid packet at item 832
INFO: Parser returned #f
++++ frame_probe ID: 860 receives a frame at time 31.5309s ++++
++++ frame_probe ID: 1010 receives a frame at time 31.5362s ++++
generated random number is0.763158 and the threshold is 0. bad luck and try next time. 
the 1017th message counter data_frame_filtered has been visited 14 times  
 at 831.657 s
++++ frame_probe ID: 850 receives a frame at time 31.6754s ++++
INFO: Detected an invalid packet at item 896
INFO: Parser returned #f
++++ frame_probe ID: 860 receives a frame at time 31.7161s ++++
++++ frame_probe ID: 1010 receives a frame at time 31.7187s ++++
generated random number is0.185179 and the threshold is 0. bad luck and try next time. 
the 1017th message counter data_frame_filtered has been visited 15 times  
 at 831.828 s
++++ frame_probe ID: 850 receives a frame at time 31.8458s ++++
INFO: Detected an invalid packet at item 960
INFO: Parser returned #f
++++ frame_probe ID: 860 receives a frame at time 31.8864s ++++
++++ frame_probe ID: 1010 receives a frame at time 31.8911s ++++
generated random number is0.4826 and the threshold is 0. bad luck and try next time. 
the 1017th message counter data_frame_filtered has been visited 16 times  
 at 832.023 s
++++ frame_probe ID: 850 receives a frame at time 32.0414s ++++
INFO: Detected an invalid packet at item 512
INFO: Parser returned #f
INFO: Detected an invalid packet at item 1024
INFO: Parser returned #f
++++ frame_probe ID: 860 receives a frame at time 32.0822s ++++
Measurement 1/3 complete in 8 second(s).
 at 832.229 s
++++ frame_probe ID: 850 receives a frame at time 32.2473s ++++
INFO: Detected an invalid packet at item 1056
INFO: Parser returned #f
++++ frame_probe ID: 860 receives a frame at time 32.288s ++++
++++ frame_probe ID: 1010 receives a frame at time 32.295s ++++
generated random number is0.846102 and the threshold is 0. bad luck and try next time. 
the 1017th message counter data_frame_filtered has been visited 17 times  
 at 832.56 s
++++ frame_probe ID: 850 receives a frame at time 32.5784s ++++
INFO: Detected an invalid packet at item 1120
INFO: Parser returned #f
++++ frame_probe ID: 860 receives a frame at time 32.6286s ++++
++++ frame_probe ID: 1010 receives a frame at time 32.6309s ++++
generated random number is0.154259 and the threshold is 0. bad luck and try next time. 
the 1017th message counter data_frame_filtered has been visited 18 times  
 at 832.741 s
++++ frame_probe ID: 850 receives a frame at time 32.759s ++++
INFO: Detected an invalid packet at item 1184
INFO: Parser returned #f
++++ frame_probe ID: 860 receives a frame at time 32.7997s ++++
++++ frame_probe ID: 1010 receives a frame at time 32.8032s ++++
generated random number is0.672588 and the threshold is 0. bad luck and try next time. 
the 1017th message counter data_frame_filtered has been visited 19 times  
 at 832.921 s
++++ frame_probe ID: 850 receives a frame at time 32.9393s ++++
INFO: Detected an invalid packet at item 1248
INFO: Parser returned #f
++++ frame_probe ID: 860 receives a frame at time 32.98s ++++
++++ frame_probe ID: 1010 receives a frame at time 32.9856s ++++
generated random number is0.436994 and the threshold is 0. bad luck and try next time. 
the 1017th message counter data_frame_filtered has been visited 20 times  
 at 833.127 s
++++ frame_probe ID: 850 receives a frame at time 33.145s ++++
INFO: Detected an invalid packet at item 1312
INFO: Parser returned #f
++++ frame_probe ID: 860 receives a frame at time 33.1857s ++++
++++ frame_probe ID: 1010 receives a frame at time 33.1972s ++++
generated random number is0.152347 and the threshold is 0. bad luck and try next time. 
the 1017th message counter data_frame_filtered has been visited 21 times  
Measurement 1/3 complete in 7 second(s).
 at 833.302 s
++++ frame_probe ID: 850 receives a frame at time 33.3201s ++++
INFO: Detected an invalid packet at item 1376
INFO: Parser returned #f
++++ frame_probe ID: 860 receives a frame at time 33.3607s ++++
++++ frame_probe ID: 1010 receives a frame at time 33.3695s ++++
generated random number is0.520358 and the threshold is 0. bad luck and try next time. 
the 1017th message counter data_frame_filtered has been visited 22 times  
 at 833.542 s
++++ frame_probe ID: 850 receives a frame at time 33.5603s ++++
INFO: Detected an invalid packet at item 1440
INFO: Parser returned #f
++++ frame_probe ID: 860 receives a frame at time 33.6009s ++++
++++ frame_probe ID: 1010 receives a frame at time 33.6101s ++++
generated random number is0.513897 and the threshold is 0. bad luck and try next time. 
the 1017th message counter data_frame_filtered has been visited 23 times  
 at 834.012 s
++++ frame_probe ID: 850 receives a frame at time 34.0305s ++++
INFO: Detected an invalid packet at item 1504
INFO: Parser returned #f
++++ frame_probe ID: 860 receives a frame at time 34.0713s ++++
++++ frame_probe ID: 1010 receives a frame at time 34.0803s ++++
generated random number is0.484413 and the threshold is 0. bad luck and try next time. 
the 1017th message counter data_frame_filtered has been visited 24 times  
 at 834.183 s
++++ frame_probe ID: 850 receives a frame at time 34.2008s ++++
Measurement 1/3 complete in 6 second(s).
INFO: Detected an invalid packet at item 1568
INFO: Parser returned #f
++++ frame_probe ID: 860 receives a frame at time 34.2414s ++++
++++ frame_probe ID: 1010 receives a frame at time 34.2534s ++++
generated random number is0.478472 and the threshold is 0. bad luck and try next time. 
the 1017th message counter data_frame_filtered has been visited 25 times  
 at 834.358 s
++++ frame_probe ID: 850 receives a frame at time 34.3764s ++++
INFO: Detected an invalid packet at item 1632
INFO: Parser returned #f
++++ frame_probe ID: 860 receives a frame at time 34.417s ++++
++++ frame_probe ID: 1010 receives a frame at time 34.4258s ++++
generated random number is0.592389 and the threshold is 0. bad luck and try next time. the 
1017th message counter data_frame_filtered has been visited 26 times  
 at 834.534 s
++++ frame_probe ID: 850 receives a frame at time 34.5523s ++++
INFO: Detected an invalid packet at item 1696
INFO: Parser returned #f
++++ frame_probe ID: 860 receives a frame at time 34.5928s ++++
++++ frame_probe ID: 1010 receives a frame at time 34.5982s ++++
generated random number is0.88497 and the threshold is 0. bad luck and try next time. 
the 1017th message counter data_frame_filtered has been visited 27 times  
 at 834.74 s
++++ frame_probe ID: 850 receives a frame at time 34.7581s ++++
INFO: Detected an invalid packet at item 1760
INFO: Parser returned #f
++++ frame_probe ID: 860 receives a frame at time 34.7987s ++++
++++ frame_probe ID: 1010 receives a frame at time 34.8097s ++++
generated random number is0.650593 and the threshold is 0. bad luck and try next time. 
the 1017th message counter data_frame_filtered has been visited 28 times  
 at 834.96 s
++++ frame_probe ID: 850 receives a frame at time 34.9782s ++++
INFO: Detected an invalid packet at item 1824
INFO: Parser returned #f
++++ frame_probe ID: 860 receives a frame at time 35.0189s ++++
++++ frame_probe ID: 1010 receives a frame at time 35.0303s ++++
generated random number is0.804852 and the threshold is 0. bad luck and try next time. 
the 1017th message counter data_frame_filtered has been visited 29 times  
 at 835.185 s
++++ frame_probe ID: 850 receives a frame at time 35.2035s ++++
Measurement 1/3 complete in 5 second(s).
INFO: Detected an invalid packet at item 1888
INFO: Parser returned #f
++++ frame_probe ID: 860 receives a frame at time 35.2441s ++++
++++ frame_probe ID: 1010 receives a frame at time 35.2516s ++++
generated random number is0.118424 and the threshold is 0. bad luck and try next time. 
the 1017th message counter data_frame_filtered has been visited 30 times  
 at 835.356 s
++++ frame_probe ID: 850 receives a frame at time 35.3741s ++++
INFO: Detected an invalid packet at item 1952
INFO: Parser returned #f
++++ frame_probe ID: 860 receives a frame at time 35.4147s ++++
++++ frame_probe ID: 1010 receives a frame at time 35.424s ++++
generated random number is0.270771 and the threshold is 0. bad luck and try next time. 
the 1017th message counter data_frame_filtered has been visited 31 times  
 at 835.527 s
++++ frame_probe ID: 850 receives a frame at time 35.5448s ++++
INFO: Detected an invalid packet at item 2016
INFO: Parser returned #f
++++ frame_probe ID: 860 receives a frame at time 35.5853s ++++
++++ frame_probe ID: 1010 receives a frame at time 35.5975s ++++
generated random number is0.497595 and the threshold is 0. bad luck and try next time. 
the 1017th message counter data_frame_filtered has been visited 32 times  
 at 835.732 s
++++ frame_probe ID: 850 receives a frame at time 35.75s ++++
INFO: Detected an invalid packet at item 2080
INFO: Parser returned #f
++++ frame_probe ID: 860 receives a frame at time 35.7908s ++++
++++ frame_probe ID: 1010 receives a frame at time 35.7991s ++++
generated random number is0.044747 and the threshold is 0. bad luck and try next time. 
the 1017th message counter data_frame_filtered has been visited 33 times  
 at 835.907 s
++++ frame_probe ID: 850 receives a frame at time 35.9254s ++++
INFO: Detected an invalid packet at item 2144
INFO: Parser returned #f
++++ frame_probe ID: 860 receives a frame at time 35.966s ++++
++++ frame_probe ID: 1010 receives a frame at time 35.9714s ++++
generated random number is0.134823 and the threshold is 0. bad luck and try next time. 
the 1017th message counter data_frame_filtered has been visited 34 times  
 at 836.127 s
++++ frame_probe ID: 850 receives a frame at time 36.1454s ++++
INFO: Detected an invalid packet at item 2208
INFO: Parser returned #f
++++ frame_probe ID: 860 receives a frame at time 36.186s ++++
++++ frame_probe ID: 1010 receives a frame at time 36.1918s ++++
generated random number is0.808543 and the threshold is 0the . bad luck and try next time. 
1017th message counter data_frame_filtered has been visited 35 times  
Measurement 1/3 complete in 4 second(s).
 at 836.398 s
++++ frame_probe ID: 850 receives a frame at time 36.4158s ++++
INFO: Detected an invalid packet at item 2272
INFO: Parser returned #f
++++ frame_probe ID: 860 receives a frame at time 36.4564s ++++
++++ frame_probe ID: 1010 receives a frame at time 36.4604s ++++
generated random number is0.400932 and the threshold is the 01017. bad luck and try next time. th message counter 
data_frame_filtered has been visited 36 times  
 at 836.568 s
++++ frame_probe ID: 850 receives a frame at time 36.5858s ++++
INFO: Detected an invalid packet at item 2336
INFO: Parser returned #f
++++ frame_probe ID: 860 receives a frame at time 36.6264s ++++
++++ frame_probe ID: 1010 receives a frame at time 36.6337s ++++
generated random number is0.1663 and the threshold is 0. bad luck and try next time. 
the 1017th message counter data_frame_filtered has been visited 37 times  
 at 836.738 s
++++ frame_probe ID: 850 receives a frame at time 36.7562s ++++
INFO: Detected an invalid packet at item 2400
INFO: Parser returned #f
++++ frame_probe ID: 860 receives a frame at time 36.7968s ++++
++++ frame_probe ID: 1010 receives a frame at time 36.8062s ++++
generated random number is0.673179 and the threshold is 0. bad luck and try next time. 
the 1017th message counter data_frame_filtered has been visited 38 times  
 at 836.909 s
++++ frame_probe ID: 850 receives a frame at time 36.9266s ++++
INFO: Detected an invalid packet at item 2464
INFO: Parser returned #f
++++ frame_probe ID: 860 receives a frame at time 36.9671s ++++
++++ frame_probe ID: 1010 receives a frame at time 36.9796s ++++
generated random number is0.0499293 and the threshold is the 0. bad luck and try next time. 1017
th message counter data_frame_filtered has been visited 39 times  
 at 837.134 s
++++ frame_probe ID: 850 receives a frame at time 37.1519s ++++
INFO: Detected an invalid packet at item 2528
INFO: Parser returned #f
++++ frame_probe ID: 860 receives a frame at time 37.1927s ++++
++++ frame_probe ID: 1010 receives a frame at time 37.2s ++++
generated random number is0.491588 and the threshold is 0. bad luck and try next time. 
the 1017th message counter data_frame_filtered has been visited 40 times  
Measurement 1/3 complete in 3 second(s).
 at 837.439 s
++++ frame_probe ID: 850 receives a frame at time 37.4573s ++++
INFO: Detected an invalid packet at item 2592
INFO: Parser returned #f
++++ frame_probe ID: 860 receives a frame at time 37.4978s ++++
++++ frame_probe ID: 1010 receives a frame at time 37.5067s ++++
generated random number is0.453604 and the threshold is 0. bad luck and try next time. 
the 1017th message counter data_frame_filtered has been visited 41 times  
 at 837.695 s
++++ frame_probe ID: 850 receives a frame at time 37.7127s ++++
INFO: Detected an invalid packet at item 2656
INFO: Parser returned #f
++++ frame_probe ID: 860 receives a frame at time 37.7532s ++++
++++ frame_probe ID: 1010 receives a frame at time 37.7563s ++++
generated random number is0.232665 and the threshold is 0. bad luck and try next time. 
the 1017th message counter data_frame_filtered has been visited 42 times  
 at 837.87 s
++++ frame_probe ID: 850 receives a frame at time 37.8879s ++++
INFO: Detected an invalid packet at item 2720
INFO: Parser returned #f
++++ frame_probe ID: 860 receives a frame at time 37.9284s ++++
++++ frame_probe ID: 1010 receives a frame at time 37.939s ++++
generated random number is0.0209437 and the threshold is 0. bad luck and try next time. 
the 1017th message counter data_frame_filtered has been visited 43 times  
 at 838.04 s
++++ frame_probe ID: 850 receives a frame at time 38.0582s ++++
INFO: Detected an invalid packet at item 2784
INFO: Parser returned #f
++++ frame_probe ID: 860 receives a frame at time 38.0989s ++++
++++ frame_probe ID: 1010 receives a frame at time 38.1023s ++++
generated random number is0.1982 and the threshold is 0. bad luck and try next time. 
the 1017th message counter data_frame_filtered has been visited 44 times  
Measurement 1/3 complete in 2 second(s).
 at 838.246 s
++++ frame_probe ID: 850 receives a frame at time 38.2642s ++++
INFO: Detected an invalid packet at item 2848
INFO: Parser returned #f
++++ frame_probe ID: 860 receives a frame at time 38.3048s ++++
++++ frame_probe ID: 1010 receives a frame at time 38.3135s ++++
generated random number is0.0698414 and the threshold is 0. bad luck and try next time. 
the 1017th message counter data_frame_filtered has been visited 45 times  
 at 838.471 s
++++ frame_probe ID: 850 receives a frame at time 38.4895s ++++
INFO: Detected an invalid packet at item 2912
INFO: Parser returned #f
++++ frame_probe ID: 860 receives a frame at time 38.5301s ++++
++++ frame_probe ID: 1010 receives a frame at time 38.534s ++++
generated random number is0.450598 and the threshold is the 1017th message counter 0data_frame_filtered. bad luck and try next time.  has been visited 
46 times  
 at 838.786 s
++++ frame_probe ID: 850 receives a frame at time 38.8046s ++++
INFO: Detected an invalid packet at item 2976
INFO: Parser returned #f
++++ frame_probe ID: 860 receives a frame at time 38.8452s ++++
++++ frame_probe ID: 1010 receives a frame at time 38.8509s ++++
generated random number is0.371705 and the threshold is 0. bad luck and try next time. 
the 1017th message counter data_frame_filtered has been visited 47 times  
 at 839.062 s
++++ frame_probe ID: 850 receives a frame at time 39.0803s ++++
INFO: Detected an invalid packet at item 3040
INFO: Parser returned #f
++++ frame_probe ID: 860 receives a frame at time 39.1212s ++++
++++ frame_probe ID: 1010 receives a frame at time 39.1295s ++++
generated random number is0.361469 and the threshold is the 0. bad luck and try next time. 
1017th message counter data_frame_filtered has been visited 48 times  
Measurement 1/3 complete in 1 second(s).
 at 839.238 s
++++ frame_probe ID: 850 receives a frame at time 39.2565s ++++
INFO: Detected an invalid packet at item 3104
INFO: Parser returned #f
++++ frame_probe ID: 860 receives a frame at time 39.2971s ++++
++++ frame_probe ID: 1010 receives a frame at time 39.3018s ++++
generated random number is0.594134 and the threshold is 0. bad luck and try next time. 
the 1017th message counter data_frame_filtered has been visited 49 times  
 at 839.414 s
++++ frame_probe ID: 850 receives a frame at time 39.4319s ++++
INFO: Detected an invalid packet at item 3168
INFO: Parser returned #f
++++ frame_probe ID: 860 receives a frame at time 39.4726s ++++
++++ frame_probe ID: 1010 receives a frame at time 39.4753s ++++
generated random number is0.784597 and the threshold is 0. bad luck and try next time. 
the 1017th message counter data_frame_filtered has been visited 50 times  
 at 839.615 s
++++ frame_probe ID: 850 receives a frame at time 39.6326s ++++
INFO: Detected an invalid packet at item 3232
INFO: Parser returned #f
++++ frame_probe ID: 860 receives a frame at time 39.6733s ++++
++++ frame_probe ID: 1010 receives a frame at time 39.6766s ++++
generated random number is0.878492 and the threshold is 0. bad luck and try next time. 
the 1017th message counter data_frame_filtered has been visited 51 times  
 at 839.855 s
++++ frame_probe ID: 850 receives a frame at time 39.8729s ++++
INFO: Detected an invalid packet at item 3296
INFO: Parser returned #f
++++ frame_probe ID: 860 receives a frame at time 39.9135s ++++
++++ frame_probe ID: 1010 receives a frame at time 39.9172s ++++
generated random number isthe 1017th message counter data_frame_filtered has been visited 52 times  
0.0766919 and the threshold is 0. bad luck and try next time. 
 at 840.081 s
++++ frame_probe ID: 850 receives a frame at time 40.0991s ++++
INFO: Detected an invalid packet at item 3360
INFO: Parser returned #f
++++ frame_probe ID: 860 receives a frame at time 40.1397s ++++
++++ frame_probe ID: 1010 receives a frame at time 40.1468s ++++
generated random number is0.311871 and the threshold is 0. bad luck and try next time. 
the 1017th message counter data_frame_filtered has been visited 53 times  
Measurement 1 raw data directory created /home/inets/0_ba/bachelor_thesis/measurements/debug/data/39/1/.
'/home/inets/source/gr-inets/results/receiver_data_received.txt' -> '/home/inets/0_ba/bachelor_thesis/measurements/debug/data/39/1/receiver_data_received.txt'
'/home/inets/source/gr-inets/results/sender_bfr_dq.txt' -> '/home/inets/0_ba/bachelor_thesis/measurements/debug/data/39/1/sender_bfr_dq.txt'
'/home/inets/source/gr-inets/results/sender_data_sent.txt' -> '/home/inets/0_ba/bachelor_thesis/measurements/debug/data/39/1/sender_data_sent.txt'
Measurement 1 raw data moved to /home/inets/0_ba/bachelor_thesis/measurements/debug/data/39/1/.

Measurement 2/3 complete in 15 second(s).
linux; GNU C++ version 5.4.0 20160609; Boost_105800; UHD_003.009.005-45-g6768a615
linux; GNU C++ version 5.4.0 20160609; Boost_105800; UHD_003.009.005-45-g6768a615


Measurement 2/3 complete in 14 second(s).
Using Volk machine: avx_64_mmx
-- Opening a USRP2/N-Series device...
Using Volk machine: avx_64_mmx
-- Opening a USRP2/N-Series device...
-- Current recv frame size: 1472 bytes
-- Current send frame size: 1472 bytes
-- Current recv frame size: 1472 bytes
-- Current send frame size: 1472 bytes
Measurement 2/3 complete in 13 second(s).
develop_mode of random_filter ID: 1015 is activated.
the 1017th message counter is activated.
the 880th message counter is activated.
the 1018th message counter is activated.
the 885th message counter is activated.
the 100th message counter is activated.
the 1080th message counter is activated.
the 100th message counter is activated.
Measurement 2/3 complete in 12 second(s).
node starts running at 43.3325
node starts running at 43.3328
++++ frame_probe ID: 850 receives a frame at time 43.4067s ++++
INFO: Detected an invalid packet at item 0
INFO: Parser returned #f
++++ frame_probe ID: 860 receives a frame at time 43.4479s ++++
++++ frame_probe ID: 1010 receives a frame at time 43.4584s ++++
generated random number is0.435293 and the threshold is 0. bad luck and try next time. 
the 1017th message counter data_frame_filtered has been visited 1 times  
 at 843.56 s
++++ frame_probe ID: 850 receives a frame at time 43.5778s ++++
INFO: Detected an invalid packet at item 64
INFO: Parser returned #f
++++ frame_probe ID: 860 receives a frame at time 43.6185s ++++
++++ frame_probe ID: 1010 receives a frame at time 43.6209s ++++
generated random number is0.927178 and the threshold is 0. bad luck and try next time. 
the 1017th message counter data_frame_filtered has been visited 2 times  
 at 843.735 s
++++ frame_probe ID: 850 receives a frame at time 43.7532s ++++
INFO: Detected an invalid packet at item 128
INFO: Parser returned #f
++++ frame_probe ID: 860 receives a frame at time 43.7939s ++++
++++ frame_probe ID: 1010 receives a frame at time 43.8032s ++++
generated random number is0.913895 and the threshold is 0. bad luck and try next time. the 
1017th message counter data_frame_filtered has been visited 3 times  
 at 843.941 s
++++ frame_probe ID: 850 receives a frame at time 43.9592s ++++
INFO: Detected an invalid packet at item 192
INFO: Parser returned #f
++++ frame_probe ID: 860 receives a frame at time 43.9998s ++++
++++ frame_probe ID: 1010 receives a frame at time 44.0055s ++++
generated random number is0.582078 and the threshold is the 1017th message counter data_frame_filtered has been visited 04. bad luck and try next time.  times  

 at 844.161 s
++++ frame_probe ID: 850 receives a frame at time 44.1796s ++++
INFO: Detected an invalid packet at item 256
INFO: Parser returned #f
++++ frame_probe ID: 860 receives a frame at time 44.2201s ++++
++++ frame_probe ID: 1010 receives a frame at time 44.2261s ++++
generated random number is0.83488 and the threshold is 0. bad luck and try next time. the 
1017th message counter data_frame_filtered has been visited 5 times  
Measurement 2/3 complete in 11 second(s).
 at 844.342 s
++++ frame_probe ID: 850 receives a frame at time 44.3599s ++++
INFO: Detected an invalid packet at item 320
INFO: Parser returned #f
++++ frame_probe ID: 860 receives a frame at time 44.4004s ++++
++++ frame_probe ID: 1010 receives a frame at time 44.4085s ++++
generated random number is0.590182 and the threshold is 0. bad luck and try next time. 
the 1017th message counter data_frame_filtered has been visited 6 times  
 at 844.627 s
++++ frame_probe ID: 850 receives a frame at time 44.645s ++++
INFO: Detected an invalid packet at item 384
INFO: Parser returned #f
++++ frame_probe ID: 860 receives a frame at time 44.6856s ++++
++++ frame_probe ID: 1010 receives a frame at time 44.6962s ++++
generated random number is0.146721 and the threshold is 0. bad luck and try next time. 
the 1017th message counter data_frame_filtered has been visited 7 times  
 at 844.802 s
++++ frame_probe ID: 850 receives a frame at time 44.8203s ++++
INFO: Detected an invalid packet at item 448
INFO: Parser returned #f
++++ frame_probe ID: 860 receives a frame at time 44.8611s ++++
++++ frame_probe ID: 1010 receives a frame at time 44.8695s ++++
generated random number is0.841379 and the threshold is 0. bad luck and try next time. 
the 1017th message counter data_frame_filtered has been visited 8 times  
 at 844.988 s
++++ frame_probe ID: 850 receives a frame at time 45.0056s ++++
INFO: Detected an invalid packet at item 512
INFO: Parser returned #f
++++ frame_probe ID: 860 receives a frame at time 45.0462s ++++
++++ frame_probe ID: 1010 receives a frame at time 45.0519s ++++
generated random number is0.42701 and the threshold is 0. bad luck and try next time. 
the 1017th message counter data_frame_filtered has been visited 9 times  
 at 845.158 s
++++ frame_probe ID: 850 receives a frame at time 45.1757s ++++
INFO: Detected an invalid packet at item 576
INFO: Parser returned #f
++++ frame_probe ID: 860 receives a frame at time 45.2164s ++++
++++ frame_probe ID: 1010 receives a frame at time 45.2243s ++++
generated random number is0.903851 and the threshold is 0. bad luck and try next time. 
the 1017th message counter data_frame_filtered has been visited 10 times  
Measurement 2/3 complete in 10 second(s).
 at 845.358 s
++++ frame_probe ID: 850 receives a frame at time 45.3762s ++++
INFO: Detected an invalid packet at item 640
INFO: Parser returned #f
++++ frame_probe ID: 860 receives a frame at time 45.4171s ++++
++++ frame_probe ID: 1010 receives a frame at time 45.4258s ++++
generated random number is0.143086 and the threshold is 0. bad luck and try next time. 
the 1017th message counter data_frame_filtered has been visited 11 times  
 at 845.653 s
++++ frame_probe ID: 850 receives a frame at time 45.6719s ++++
INFO: Detected an invalid packet at item 704
INFO: Parser returned #f
++++ frame_probe ID: 860 receives a frame at time 45.7124s ++++
++++ frame_probe ID: 1010 receives a frame at time 45.7235s ++++
generated random number is0.114545 and the threshold is 0. bad luck and try next time. 
the 1017th message counter data_frame_filtered has been visited 12 times  
 at 845.839 s
++++ frame_probe ID: 850 receives a frame at time 45.8569s ++++
INFO: Detected an invalid packet at item 768
INFO: Parser returned #f
++++ frame_probe ID: 860 receives a frame at time 45.8977s ++++
++++ frame_probe ID: 1010 receives a frame at time 45.9059s ++++
generated random number is0.970379 and the threshold is the 1017th message counter 0data_frame_filtered has been visited . bad luck and try next time. 13 times  

 at 846.015 s
++++ frame_probe ID: 850 receives a frame at time 46.0331s ++++
INFO: Detected an invalid packet at item 832
INFO: Parser returned #f
++++ frame_probe ID: 860 receives a frame at time 46.0737s ++++
++++ frame_probe ID: 1010 receives a frame at time 46.0783s ++++
generated random number is0.107414 and the threshold is 0. bad luck and try next time. 
the 1017th message counter data_frame_filtered has been visited 14 times  
 at 846.195 s
++++ frame_probe ID: 850 receives a frame at time 46.2131s ++++
INFO: Detected an invalid packet at item 896
INFO: Parser returned #f
Measurement 2/3 complete in 9 second(s).
++++ frame_probe ID: 860 receives a frame at time 46.2543s ++++
++++ frame_probe ID: 1010 receives a frame at time 46.2608s ++++
generated random number is0.665976 and the threshold is 0. bad luck and try next time. the 
1017th message counter data_frame_filtered has been visited 15 times  
 at 846.391 s
++++ frame_probe ID: 850 receives a frame at time 46.4089s ++++
INFO: Detected an invalid packet at item 960
INFO: Parser returned #f
++++ frame_probe ID: 860 receives a frame at time 46.4494s ++++
++++ frame_probe ID: 1010 receives a frame at time 46.4531s ++++
generated random number is0.249746 and the threshold is 0. bad luck and try next time. 
the 1017th message counter data_frame_filtered has been visited 16 times  
 at 846.566 s
++++ frame_probe ID: 850 receives a frame at time 46.584s ++++
INFO: Detected an invalid packet at item 1024
INFO: Parser returned #f
++++ frame_probe ID: 860 receives a frame at time 46.6246s ++++
++++ frame_probe ID: 1010 receives a frame at time 46.6356s ++++
generated random number is0.95852 and the threshold is 0. bad luck and try next time. 
the 1017th message counter data_frame_filtered has been visited 17 times  
 at 846.766 s
++++ frame_probe ID: 850 receives a frame at time 46.7843s ++++
INFO: Detected an invalid packet at item 1088
INFO: Parser returned #f
++++ frame_probe ID: 860 receives a frame at time 46.825s ++++
++++ frame_probe ID: 1010 receives a frame at time 46.8279s ++++
generated random number is0.846218 and the threshold is 0. bad luck and try next time. 
the 1017th message counter data_frame_filtered has been visited 18 times  
 at 847.011 s
++++ frame_probe ID: 850 receives a frame at time 47.0296s ++++
INFO: Detected an invalid packet at item 1152
INFO: Parser returned #f
++++ frame_probe ID: 860 receives a frame at time 47.0702s ++++
++++ frame_probe ID: 1010 receives a frame at time 47.0774s ++++
generated random number is0.158811 and the threshold is the 1017th message counter data_frame_filtered has been visited 19 times  0
. bad luck and try next time. 
 at 847.182 s
++++ frame_probe ID: 850 receives a frame at time 47.1997s ++++
INFO: Detected an invalid packet at item 1216
INFO: Parser returned #f
++++ frame_probe ID: 860 receives a frame at time 47.2402s ++++
Measurement 2/3 complete in 8 second(s).
++++ frame_probe ID: 1010 receives a frame at time 47.2499s ++++
generated random number is0.139656 and the threshold is 0. bad luck and try next time. 
the 1017th message counter data_frame_filtered has been visited 20 times  
 at 847.361 s
++++ frame_probe ID: 850 receives a frame at time 47.3796s ++++
INFO: Detected an invalid packet at item 1280
INFO: Parser returned #f
++++ frame_probe ID: 860 receives a frame at time 47.4202s ++++
++++ frame_probe ID: 1010 receives a frame at time 47.4223s ++++
generated random number is0.71985 and the threshold is 0. bad luck and try next time. 
the 1017th message counter data_frame_filtered has been visited 21 times  
 at 847.547 s
++++ frame_probe ID: 850 receives a frame at time 47.5649s ++++
INFO: Detected an invalid packet at item 1344
INFO: Parser returned #f
++++ frame_probe ID: 860 receives a frame at time 47.6066s ++++
++++ frame_probe ID: 1010 receives a frame at time 47.6147s ++++
generated random number is0.155225 and the threshold is 0. bad luck and try next time. 
the 1017th message counter data_frame_filtered has been visited 22 times  
 at 847.733 s
++++ frame_probe ID: 850 receives a frame at time 47.7512s ++++
INFO: Detected an invalid packet at item 1408
INFO: Parser returned #f
++++ frame_probe ID: 860 receives a frame at time 47.7919s ++++
++++ frame_probe ID: 1010 receives a frame at time 47.7971s ++++
generated random number is0.000407522 and the threshold is 0. bad luck and try next time. 
the 1017th message counter data_frame_filtered has been visited 23 times  
 at 847.919 s
++++ frame_probe ID: 850 receives a frame at time 47.9369s ++++
INFO: Detected an invalid packet at item 1472
INFO: Parser returned #f
++++ frame_probe ID: 860 receives a frame at time 47.9775s ++++
++++ frame_probe ID: 1010 receives a frame at time 47.9895s ++++
generated random number is0.287557 and the threshold is 0. bad luck and try next time. 
the 1017th message counter data_frame_filtered has been visited 24 times  
 at 848.139 s
++++ frame_probe ID: 850 receives a frame at time 48.1573s ++++
INFO: Detected an invalid packet at item 1536
INFO: Parser returned #f
++++ frame_probe ID: 860 receives a frame at time 48.198s ++++
++++ frame_probe ID: 1010 receives a frame at time 48.2001s ++++
generated random number is0.881066 and the threshold is 0. bad luck and try next time. 
the 1017th message counter data_frame_filtered has been visited 25 times  
Measurement 2/3 complete in 7 second(s).
 at 848.31 s
++++ frame_probe ID: 850 receives a frame at time 48.3276s ++++
INFO: Detected an invalid packet at item 1600
INFO: Parser returned #f
++++ frame_probe ID: 860 receives a frame at time 48.3683s ++++
++++ frame_probe ID: 1010 receives a frame at time 48.3734s ++++
generated random number is0.627656 and the threshold is 0. bad luck and try next time. 
the 1017th message counter data_frame_filtered has been visited 26 times  
 at 848.486 s
++++ frame_probe ID: 850 receives a frame at time 48.5037s ++++
INFO: Detected an invalid packet at item 1664
INFO: Parser returned #f
++++ frame_probe ID: 860 receives a frame at time 48.5442s ++++
++++ frame_probe ID: 1010 receives a frame at time 48.5559s ++++
generated random number is0.953931 and the threshold is 0. bad luck and try next time. 
the 1017th message counter data_frame_filtered has been visited 27 times  
 at 848.656 s
++++ frame_probe ID: 850 receives a frame at time 48.6743s ++++
INFO: Detected an invalid packet at item 1728
INFO: Parser returned #f
++++ frame_probe ID: 860 receives a frame at time 48.7148s ++++
++++ frame_probe ID: 1010 receives a frame at time 48.7192s ++++
generated random number is0.112742 and the threshold is 0. bad luck and try next time. 
the 1017th message counter data_frame_filtered has been visited 28 times  
 at 848.876 s
++++ frame_probe ID: 850 receives a frame at time 48.8945s ++++
INFO: Detected an invalid packet at item 1792
INFO: Parser returned #f
++++ frame_probe ID: 860 receives a frame at time 48.9351s ++++
++++ frame_probe ID: 1010 receives a frame at time 48.9398s ++++
generated random number is0.552025 and the threshold is 0. bad luck and try next time. 
the 1017th message counter data_frame_filtered has been visited 29 times  
 at 849.077 s
++++ frame_probe ID: 850 receives a frame at time 49.0948s ++++
INFO: Detected an invalid packet at item 1856
INFO: Parser returned #f
++++ frame_probe ID: 860 receives a frame at time 49.1353s ++++
++++ frame_probe ID: 1010 receives a frame at time 49.1411s ++++
generated random number is0.348759 and the threshold is 0. bad luck and try next time. 
the 1017th message counter data_frame_filtered has been visited 30 times  
Measurement 2/3 complete in 6 second(s).
 at 849.297 s
++++ frame_probe ID: 850 receives a frame at time 49.3152s ++++
INFO: Detected an invalid packet at item 1920
INFO: Parser returned #f
++++ frame_probe ID: 860 receives a frame at time 49.3557s ++++
++++ frame_probe ID: 1010 receives a frame at time 49.3617s ++++
generated random number is0.860815 and the threshold is 0. bad luck and try next time. 
the 1017th message counter data_frame_filtered has been visited 31 times  
 at 849.467 s
++++ frame_probe ID: 850 receives a frame at time 49.4855s ++++
INFO: Detected an invalid packet at item 1984
INFO: Parser returned #f
++++ frame_probe ID: 860 receives a frame at time 49.526s ++++
++++ frame_probe ID: 1010 receives a frame at time 49.5341s ++++
generated random number is0.180894 and the threshold is 0. bad luck and try next time. 
the 1017th message counter data_frame_filtered has been visited 32 times  
 at 849.653 s
++++ frame_probe ID: 850 receives a frame at time 49.6706s ++++
INFO: Detected an invalid packet at item 2048
INFO: Parser returned #f
++++ frame_probe ID: 860 receives a frame at time 49.7112s ++++
++++ frame_probe ID: 1010 receives a frame at time 49.7165s ++++
generated random number is0.790604 and the threshold is 0. bad luck and try next time. 
the 1017th message counter data_frame_filtered has been visited 33 times  
 at 849.843 s
++++ frame_probe ID: 850 receives a frame at time 49.8607s ++++
INFO: Detected an invalid packet at item 2112
INFO: Parser returned #f
++++ frame_probe ID: 860 receives a frame at time 49.9015s ++++
++++ frame_probe ID: 1010 receives a frame at time 49.9089s ++++
generated random number is0.983075 and the threshold is 0. bad luck and try next time. 
the 1017th message counter data_frame_filtered has been visited 34 times  
 at 850.033 s
++++ frame_probe ID: 850 receives a frame at time 50.0511s ++++
INFO: Detected an invalid packet at item 2176
INFO: Parser returned #f
++++ frame_probe ID: 860 receives a frame at time 50.0917s ++++
++++ frame_probe ID: 1010 receives a frame at time 50.1014s ++++
generated random number is0.614395 and the threshold is 0. bad luck and try next time. 
the 1017th message counter data_frame_filtered has been visited 35 times  
Measurement 2/3 complete in 5 second(s).
 at 850.268 s
++++ frame_probe ID: 850 receives a frame at time 50.2865s ++++
INFO: Detected an invalid packet at item 2240
INFO: Parser returned #f
++++ frame_probe ID: 860 receives a frame at time 50.3276s ++++
++++ frame_probe ID: 1010 receives a frame at time 50.3309s ++++
generated random number is0.803904 and the threshold is 0. bad luck and try next time. the 
1017th message counter data_frame_filtered has been visited 36 times  
 at 850.649 s
++++ frame_probe ID: 850 receives a frame at time 50.6671s ++++
INFO: Detected an invalid packet at item 2304
INFO: Parser returned #f
++++ frame_probe ID: 860 receives a frame at time 50.7077s ++++
++++ frame_probe ID: 1010 receives a frame at time 50.7157s ++++
generated random number is0.942518 and the threshold is the 10170th message counter . bad luck and try next time. data_frame_filtered has been visited 
37 times  
 at 850.819 s
++++ frame_probe ID: 850 receives a frame at time 50.8374s ++++
INFO: Detected an invalid packet at item 2368
INFO: Parser returned #f
++++ frame_probe ID: 860 receives a frame at time 50.878s ++++
++++ frame_probe ID: 1010 receives a frame at time 50.8881s ++++
generated random number is0.609158 and the threshold is the 1017th message counter 0data_frame_filtered has been visited . bad luck and try next time. 38
 times  
 at 850.999 s
++++ frame_probe ID: 850 receives a frame at time 51.0176s ++++
INFO: Detected an invalid packet at item 2432
INFO: Parser returned #f
++++ frame_probe ID: 860 receives a frame at time 51.0581s ++++
++++ frame_probe ID: 1010 receives a frame at time 51.0605s ++++
generated random number is0.0215273 and the threshold is 0. bad luck and try next time. 
the 1017th message counter data_frame_filtered has been visited 39 times  
 at 851.19 s
++++ frame_probe ID: 850 receives a frame at time 51.2078s ++++
INFO: Detected an invalid packet at item 2496
INFO: Parser returned #f
Measurement 2/3 complete in 4 second(s).
++++ frame_probe ID: 860 receives a frame at time 51.2484s ++++
++++ frame_probe ID: 1010 receives a frame at time 51.2529s ++++
generated random number is0.00919103 and the threshold is the 0. bad luck and try next time. 
1017th message counter data_frame_filtered has been visited 40 times  
 at 851.395 s
++++ frame_probe ID: 850 receives a frame at time 51.413s ++++
INFO: Detected an invalid packet at item 2560
INFO: Parser returned #f
++++ frame_probe ID: 860 receives a frame at time 51.4537s ++++
++++ frame_probe ID: 1010 receives a frame at time 51.4643s ++++
generated random number is0.0371809 and the threshold is 0. bad luck and try next time. 
the 1017th message counter data_frame_filtered has been visited 41 times  
 at 851.571 s
++++ frame_probe ID: 850 receives a frame at time 51.5886s ++++
INFO: Detected an invalid packet at item 2624
INFO: Parser returned #f
++++ frame_probe ID: 860 receives a frame at time 51.6293s ++++
++++ frame_probe ID: 1010 receives a frame at time 51.6369s ++++
generated random number is0.734722 and the threshold is 0. bad luck and try next time. 
the 1017th message counter data_frame_filtered has been visited 42 times  
 at 851.821 s
++++ frame_probe ID: 850 receives a frame at time 51.8388s ++++
INFO: Detected an invalid packet at item 2688
INFO: Parser returned #f
++++ frame_probe ID: 860 receives a frame at time 51.8793s ++++
++++ frame_probe ID: 1010 receives a frame at time 51.8863s ++++
generated random number is0.623821 and the threshold is the 0. bad luck and try next time. 1017th message counter 
data_frame_filtered has been visited 43 times  
 at 851.996 s
++++ frame_probe ID: 850 receives a frame at time 52.014s ++++
INFO: Detected an invalid packet at item 2752
INFO: Parser returned #f
++++ frame_probe ID: 860 receives a frame at time 52.0545s ++++
++++ frame_probe ID: 1010 receives a frame at time 52.0596s ++++
generated random number is0.111135 and the threshold is 0. bad luck and try next time. 
the 1017th message counter data_frame_filtered has been visited 44 times  
 at 852.181 s
++++ frame_probe ID: 850 receives a frame at time 52.1993s ++++
INFO: Detected an invalid packet at item 2816
INFO: Parser returned #f
++++ frame_probe ID: 860 receives a frame at time 52.2398s ++++
Measurement 2/3 complete in 3 second(s).
++++ frame_probe ID: 1010 receives a frame at time 52.2511s ++++
generated random number is0.951406 and the threshold is 0. bad luck and try next time. 
the 1017th message counter data_frame_filtered has been visited 45 times  
 at 852.357 s
++++ frame_probe ID: 850 receives a frame at time 52.3751s ++++
INFO: Detected an invalid packet at item 2880
INFO: Parser returned #f
++++ frame_probe ID: 860 receives a frame at time 52.416s ++++
++++ frame_probe ID: 1010 receives a frame at time 52.4245s ++++
generated random number is0.89812 and the threshold is 0. bad luck and try next time. 
the 1017th message counter data_frame_filtered has been visited 46 times  
 at 852.593 s
++++ frame_probe ID: 850 receives a frame at time 52.6109s ++++
INFO: Detected an invalid packet at item 2944
INFO: Parser returned #f
++++ frame_probe ID: 860 receives a frame at time 52.6515s ++++
++++ frame_probe ID: 1010 receives a frame at time 52.6541s ++++
generated random number is0.313387 and the threshold is 0. bad luck and try next time. 
the 1017th message counter data_frame_filtered has been visited 47 times  
 at 852.773 s
++++ frame_probe ID: 850 receives a frame at time 52.7913s ++++
INFO: Detected an invalid packet at item 3008
INFO: Parser returned #f
++++ frame_probe ID: 860 receives a frame at time 52.8319s ++++
++++ frame_probe ID: 1010 receives a frame at time 52.8365s ++++
generated random number is0.922546 and the threshold is 0. bad luck and try next time. 
the 1017th message counter data_frame_filtered has been visited 48 times  
 at 853.163 s
++++ frame_probe ID: 850 receives a frame at time 53.1818s ++++
INFO: Detected an invalid packet at item 3072
INFO: Parser returned #f
++++ frame_probe ID: 860 receives a frame at time 53.2224s ++++
++++ frame_probe ID: 1010 receives a frame at time 53.2304s ++++
generated random number is0.442129 and the threshold is 0. bad luck and try next time. 
the 1017th message counter data_frame_filtered has been visited 49 times  
Measurement 2/3 complete in 2 second(s).
 at 853.334 s
++++ frame_probe ID: 850 receives a frame at time 53.352s ++++
INFO: Detected an invalid packet at item 3136
INFO: Parser returned #f
++++ frame_probe ID: 860 receives a frame at time 53.3925s ++++
++++ frame_probe ID: 1010 receives a frame at time 53.4037s ++++
generated random number is0.363052 and the threshold is 0. bad luck and try next time. 
the 1017th message counter data_frame_filtered has been visited 50 times  
 at 853.504 s
++++ frame_probe ID: 850 receives a frame at time 53.5224s ++++
INFO: Detected an invalid packet at item 3200
INFO: Parser returned #f
++++ frame_probe ID: 860 receives a frame at time 53.5629s ++++
++++ frame_probe ID: 1010 receives a frame at time 53.5661s ++++
generated random number is0.433834 and the threshold is 0. bad luck and try next time. 
the 1017th message counter data_frame_filtered has been visited 51 times  
 at 853.689 s
++++ frame_probe ID: 850 receives a frame at time 53.7075s ++++
INFO: Detected an invalid packet at item 3264
INFO: Parser returned #f
++++ frame_probe ID: 860 receives a frame at time 53.748s ++++
++++ frame_probe ID: 1010 receives a frame at time 53.7585s ++++
generated random number is0.912659 and the threshold is 0. bad luck and try next time. 
the 1017th message counter data_frame_filtered has been visited 52 times  
 at 853.89 s
++++ frame_probe ID: 850 receives a frame at time 53.9085s ++++
INFO: Detected an invalid packet at item 3328
INFO: Parser returned #f
++++ frame_probe ID: 860 receives a frame at time 53.949s ++++
++++ frame_probe ID: 1010 receives a frame at time 53.96s ++++
generated random number is0.53648 and the threshold is 0. bad luck and try next time. 
the 1017th message counter data_frame_filtered has been visited 53 times  
 at 854.216 s
++++ frame_probe ID: 850 receives a frame at time 54.2343s ++++
INFO: Detected an invalid packet at item 3392
INFO: Parser returned #f
Measurement 2/3 complete in 1 second(s).
++++ frame_probe ID: 860 receives a frame at time 54.2748s ++++
++++ frame_probe ID: 1010 receives a frame at time 54.2868s ++++
generated random number is0.982701 and the threshold is 0. bad luck and try next time. 
the 1017th message counter data_frame_filtered has been visited 54 times  
 at 854.416 s
++++ frame_probe ID: 850 receives a frame at time 54.4343s ++++
INFO: Detected an invalid packet at item 3456
INFO: Parser returned #f
++++ frame_probe ID: 860 receives a frame at time 54.4749s ++++
++++ frame_probe ID: 1010 receives a frame at time 54.4782s ++++
generated random number is0.67155 and the threshold is 0. bad luck and try next time. 
the 1017th message counter data_frame_filtered has been visited 55 times  
 at 854.586 s
++++ frame_probe ID: 850 receives a frame at time 54.6045s ++++
INFO: Detected an invalid packet at item 3520
INFO: Parser returned #f
++++ frame_probe ID: 860 receives a frame at time 54.6451s ++++
++++ frame_probe ID: 1010 receives a frame at time 54.6506s ++++
generated random number is0.895497 and the threshold is 0. bad luck and try next time. 
the 1017th message counter data_frame_filtered has been visited 56 times  
 at 854.761 s
++++ frame_probe ID: 850 receives a frame at time 54.7797s ++++
INFO: Detected an invalid packet at item 3584
INFO: Parser returned #f
++++ frame_probe ID: 860 receives a frame at time 54.8203s ++++
++++ frame_probe ID: 1010 receives a frame at time 54.824s ++++
generated random number is0.793618 and the threshold is 0. bad luck and try next time. 
the 1017th message counter data_frame_filtered has been visited 57 times  
 at 854.947 s
++++ frame_probe ID: 850 receives a frame at time 54.9652s ++++
INFO: Detected an invalid packet at item 3648
INFO: Parser returned #f
++++ frame_probe ID: 860 receives a frame at time 55.0057s ++++
++++ frame_probe ID: 1010 receives a frame at time 55.0154s ++++
generated random number is0.107005 and the threshold is the 1017th message counter 0data_frame_filtered. bad luck and try next time.  has been visited 
58 times  
 at 855.177 s
++++ frame_probe ID: 850 receives a frame at time 55.1955s ++++
INFO: Detected an invalid packet at item 3712
INFO: Parser returned #f
++++ frame_probe ID: 860 receives a frame at time 55.236s ++++
++++ frame_probe ID: 1010 receives a frame at time 55.2459s ++++
generated random number is0.482992 and the threshold is the 1017th message counter data_frame_filtered has been visited 59 times  0
. bad luck and try next time. 
Measurement 2 raw data directory created /home/inets/0_ba/bachelor_thesis/measurements/debug/data/39/2/.
'/home/inets/source/gr-inets/results/receiver_data_received.txt' -> '/home/inets/0_ba/bachelor_thesis/measurements/debug/data/39/2/receiver_data_received.txt'
'/home/inets/source/gr-inets/results/sender_bfr_dq.txt' -> '/home/inets/0_ba/bachelor_thesis/measurements/debug/data/39/2/sender_bfr_dq.txt'
'/home/inets/source/gr-inets/results/sender_data_sent.txt' -> '/home/inets/0_ba/bachelor_thesis/measurements/debug/data/39/2/sender_data_sent.txt'
Measurement 2 raw data moved to /home/inets/0_ba/bachelor_thesis/measurements/debug/data/39/2/.

Measurement 3/3 complete in 15 second(s).
linux; GNU C++ version 5.4.0 20160609; Boost_105800; UHD_003.009.005-45-g6768a615
linux; GNU C++ version 5.4.0 20160609; Boost_105800; UHD_003.009.005-45-g6768a615


Measurement 3/3 complete in 14 second(s).
Using Volk machine: avx_64_mmx
-- Opening a USRP2/N-Series device...
Using Volk machine: avx_64_mmx
-- Opening a USRP2/N-Series device...
-- Current recv frame size: 1472 bytes
-- Current send frame size: 1472 bytes
-- Current recv frame size: 1472 bytes
-- Current send frame size: 1472 bytes
the 880th message counter is activated.
the 885th message counter is activated.
the 100th message counter is activated.
develop_mode of random_filter ID: 1015 is activated.
the 1017th message counter is activated.
the 1018th message counter is activated.
the 1080th message counter is activated.
the 100th message counter is activated.
Measurement 3/3 complete in 13 second(s).
node starts running at 58.2057
node starts running at 58.2156
++++ frame_probe ID: 850 receives a frame at time 58.2276s ++++
INFO: Detected an invalid packet at item 0
INFO: Parser returned #f
Measurement 3/3 complete in 12 second(s).
++++ frame_probe ID: 860 receives a frame at time 58.2684s ++++
++++ frame_probe ID: 1010 receives a frame at time 58.2717s ++++
generated random number is0.477209 and the threshold is 0. bad luck and try next time. 
the 1017th message counter data_frame_filtered has been visited 1 times  
 at 858.381 s
++++ frame_probe ID: 850 receives a frame at time 58.3988s ++++
INFO: Detected an invalid packet at item 64
INFO: Parser returned #f
++++ frame_probe ID: 860 receives a frame at time 58.4396s ++++
++++ frame_probe ID: 1010 receives a frame at time 58.444s ++++
generated random number is0.798543 and the threshold is 0. bad luck and try next time. 
the 1017th message counter data_frame_filtered has been visited 2 times  
 at 858.566 s
++++ frame_probe ID: 850 receives a frame at time 58.5841s ++++
INFO: Detected an invalid packet at item 128
INFO: Parser returned #f
++++ frame_probe ID: 860 receives a frame at time 58.6248s ++++
++++ frame_probe ID: 1010 receives a frame at time 58.6364s ++++
generated random number is0.586563 and the threshold is 0. bad luck and try next time. 
the 1017th message counter data_frame_filtered has been visited 3 times  
 at 858.767 s
++++ frame_probe ID: 850 receives a frame at time 58.7849s ++++
INFO: Detected an invalid packet at item 192
INFO: Parser returned #f
++++ frame_probe ID: 860 receives a frame at time 58.8255s ++++
++++ frame_probe ID: 1010 receives a frame at time 58.8288s ++++
generated random number is0.513346 and the threshold is 0. bad luck and try next time. 
the 1017th message counter data_frame_filtered has been visited 4 times  
 at 858.947 s
++++ frame_probe ID: 850 receives a frame at time 58.9653s ++++
INFO: Detected an invalid packet at item 256
INFO: Parser returned #f
++++ frame_probe ID: 860 receives a frame at time 59.0061s ++++
++++ frame_probe ID: 1010 receives a frame at time 59.0112s ++++
generated random number is0.612158 and the threshold is 0. bad luck and try next time. 
the 1017th message counter data_frame_filtered has been visited 5 times  
 at 859.228 s
++++ frame_probe ID: 850 receives a frame at time 59.2457s ++++
INFO: Detected an invalid packet at item 320
INFO: Parser returned #f
Measurement 3/3 complete in 11 second(s).
++++ frame_probe ID: 860 receives a frame at time 59.2863s ++++
++++ frame_probe ID: 1010 receives a frame at time 59.2888s ++++
generated random number is0.55737 and the threshold is the 0. bad luck and try next time. 1017
th message counter data_frame_filtered has been visited 6 times  
 at 859.638 s
++++ frame_probe ID: 850 receives a frame at time 59.656s ++++
INFO: Detected an invalid packet at item 384
INFO: Parser returned #f
++++ frame_probe ID: 860 receives a frame at time 59.6965s ++++
++++ frame_probe ID: 1010 receives a frame at time 59.7018s ++++
generated random number is0.452672 and the threshold is 0. bad luck and try next time. 
the 1017th message counter data_frame_filtered has been visited 7 times  
 at 859.808 s
++++ frame_probe ID: 850 receives a frame at time 59.8263s ++++
INFO: Detected an invalid packet at item 448
INFO: Parser returned #f
++++ frame_probe ID: 860 receives a frame at time 59.8669s ++++
++++ frame_probe ID: 1010 receives a frame at time 59.8752s ++++
generated random number is0.987437 and the threshold is 0. bad luck and try next time. 
the 1017th message counter data_frame_filtered has been visited 8 times  
 at 859.978 s
++++ frame_probe ID: 850 receives a frame at time 59.9965s ++++
INFO: Detected an invalid packet at item 512
INFO: Parser returned #f
++++ frame_probe ID: 860 receives a frame at time 60.0371s ++++
++++ frame_probe ID: 1010 receives a frame at time 60.0475s ++++
generated random number is0.228212 and the threshold is 0. bad luck and try next time. 
the 1017th message counter data_frame_filtered has been visited 9 times  
 at 860.174 s
++++ frame_probe ID: 850 receives a frame at time 60.1918s ++++
INFO: Detected an invalid packet at item 576
INFO: Parser returned #f
++++ frame_probe ID: 860 receives a frame at time 60.2323s ++++
++++ frame_probe ID: 1010 receives a frame at time 60.2399s ++++
generated random number is0.29969 and the threshold is 0. bad luck and try next time. 
the 1017th message counter data_frame_filtered has been visited 10 times  
Measurement 3/3 complete in 10 second(s).
 at 860.379 s
++++ frame_probe ID: 850 receives a frame at time 60.397s ++++
INFO: Detected an invalid packet at item 640
INFO: Parser returned #f
++++ frame_probe ID: 860 receives a frame at time 60.4376s ++++
++++ frame_probe ID: 1010 receives a frame at time 60.4414s ++++
generated random number is0.7769 and the threshold is 0. bad luck and try next time. 
the 1017th message counter data_frame_filtered has been visited 11 times  
 at 860.574 s
++++ frame_probe ID: 850 receives a frame at time 60.5924s ++++
INFO: Detected an invalid packet at item 704
INFO: Parser returned #f
++++ frame_probe ID: 860 receives a frame at time 60.6331s ++++
++++ frame_probe ID: 1010 receives a frame at time 60.6429s ++++
generated random number is0.0188136 and the threshold is 0. bad luck and try next time. 
the 1017th message counter data_frame_filtered has been visited 12 times  
 at 860.769 s
++++ frame_probe ID: 850 receives a frame at time 60.7875s ++++
INFO: Detected an invalid packet at item 768
INFO: Parser returned #f
++++ frame_probe ID: 860 receives a frame at time 60.8281s ++++
++++ frame_probe ID: 1010 receives a frame at time 60.8353s ++++
generated random number is0.959846 and the threshold is 0the . bad luck and try next time. 
1017th message counter data_frame_filtered has been visited 13 times  
 at 860.945 s
++++ frame_probe ID: 850 receives a frame at time 60.9627s ++++
INFO: Detected an invalid packet at item 832
INFO: Parser returned #f
++++ frame_probe ID: 860 receives a frame at time 61.0034s ++++
++++ frame_probe ID: 1010 receives a frame at time 61.0077s ++++
generated random number is0.128208 and the threshold is 0. bad luck and try next time. 
the 1017th message counter data_frame_filtered has been visited 14 times  
 at 861.125 s
++++ frame_probe ID: 850 receives a frame at time 61.1429s ++++
INFO: Detected an invalid packet at item 896
INFO: Parser returned #f
++++ frame_probe ID: 860 receives a frame at time 61.1834s ++++
++++ frame_probe ID: 1010 receives a frame at time 61.1902s ++++
generated random number is0.531015 and the threshold is 0. bad luck and try next time. 
the 1017th message counter data_frame_filtered has been visited 15 times  
Measurement 3/3 complete in 9 second(s).
 at 861.31 s
++++ frame_probe ID: 850 receives a frame at time 61.3283s ++++
INFO: Detected an invalid packet at item 960
INFO: Parser returned #f
++++ frame_probe ID: 860 receives a frame at time 61.3689s ++++
++++ frame_probe ID: 1010 receives a frame at time 61.3725s ++++
generated random number is0.740366 and the threshold is the 0. bad luck and try next time. 1017th message counter 
data_frame_filtered has been visited 16 times  
 at 861.531 s
++++ frame_probe ID: 850 receives a frame at time 61.5486s ++++
INFO: Detected an invalid packet at item 1024
INFO: Parser returned #f
++++ frame_probe ID: 860 receives a frame at time 61.5892s ++++
++++ frame_probe ID: 1010 receives a frame at time 61.593s ++++
generated random number is0.44584 and the threshold is 0. bad luck and try next time. the 
1017th message counter data_frame_filtered has been visited 17 times  
 at 861.806 s
++++ frame_probe ID: 850 receives a frame at time 61.8241s ++++
INFO: Detected an invalid packet at item 1088
INFO: Parser returned #f
++++ frame_probe ID: 860 receives a frame at time 61.8646s ++++
++++ frame_probe ID: 1010 receives a frame at time 61.8716s ++++
generated random number is0.432231 and the threshold is 0. bad luck and try next time. 
the 1017th message counter data_frame_filtered has been visited 18 times  
 at 862.021 s
++++ frame_probe ID: 850 receives a frame at time 62.0394s ++++
INFO: Detected an invalid packet at item 1152
INFO: Parser returned #f
++++ frame_probe ID: 860 receives a frame at time 62.0799s ++++
++++ frame_probe ID: 1010 receives a frame at time 62.0832s ++++
generated random number is0.884903 and the threshold is 0. bad luck and try next time. 
the 1017th message counter data_frame_filtered has been visited 19 times  
 at 862.197 s
++++ frame_probe ID: 850 receives a frame at time 62.2147s ++++
INFO: Detected an invalid packet at item 1216
INFO: Parser returned #f
++++ frame_probe ID: 860 receives a frame at time 62.2552s ++++
++++ frame_probe ID: 1010 receives a frame at time 62.2655s ++++
generated random number is0.845243 and the threshold is the 01017. bad luck and try next time. th message counter data_frame_filtered
 has been visited 20 times  
Measurement 3/3 complete in 8 second(s).
 at 862.368 s
++++ frame_probe ID: 850 receives a frame at time 62.3856s ++++
INFO: Detected an invalid packet at item 1280
INFO: Parser returned #f
++++ frame_probe ID: 860 receives a frame at time 62.4261s ++++
++++ frame_probe ID: 1010 receives a frame at time 62.438s ++++
generated random number is0.0610833 and the threshold is 0. bad luck and try next time. 
the 1017th message counter data_frame_filtered has been visited 21 times  
 at 862.573 s
++++ frame_probe ID: 850 receives a frame at time 62.5916s ++++
INFO: Detected an invalid packet at item 1344
INFO: Parser returned #f
++++ frame_probe ID: 860 receives a frame at time 62.6322s ++++
++++ frame_probe ID: 1010 receives a frame at time 62.6394s ++++
generated random number is0.406353 and the threshold is 0. bad luck and try next time. 
the 1017th message counter data_frame_filtered has been visited 22 times  
 at 862.804 s
++++ frame_probe ID: 850 receives a frame at time 62.8217s ++++
INFO: Detected an invalid packet at item 1408
INFO: Parser returned #f
++++ frame_probe ID: 860 receives a frame at time 62.8623s ++++
++++ frame_probe ID: 1010 receives a frame at time 62.8699s ++++
generated random number is0.234927 and the threshold is 0. bad luck and try next time. 
the 1017th message counter data_frame_filtered has been visited 23 times  
 at 863.124 s
++++ frame_probe ID: 850 receives a frame at time 63.1419s ++++
INFO: Detected an invalid packet at item 1472
INFO: Parser returned #f
++++ frame_probe ID: 860 receives a frame at time 63.1824s ++++
++++ frame_probe ID: 1010 receives a frame at time 63.1866s ++++
generated random number is0.995334 and the threshold is 0. bad luck and try next time. 
the 1017th message counter data_frame_filtered has been visited 24 times  
Measurement 3/3 complete in 7 second(s).
 at 863.389 s
++++ frame_probe ID: 850 receives a frame at time 63.4074s ++++
INFO: Detected an invalid packet at item 1536
INFO: Parser returned #f
++++ frame_probe ID: 860 receives a frame at time 63.448s ++++
++++ frame_probe ID: 1010 receives a frame at time 63.4552s ++++
generated random number is0.973852 and the threshold is the 0. bad luck and try next time. 1017
th message counter data_frame_filtered has been visited 25 times  
 at 863.559 s
++++ frame_probe ID: 850 receives a frame at time 63.5775s ++++
INFO: Detected an invalid packet at item 1600
INFO: Parser returned #f
++++ frame_probe ID: 860 receives a frame at time 63.6181s ++++
++++ frame_probe ID: 1010 receives a frame at time 63.6286s ++++
generated random number is0.398278 and the threshold is 0. bad luck and try next time. 
the 1017th message counter data_frame_filtered has been visited 26 times  
 at 863.745 s
++++ frame_probe ID: 850 receives a frame at time 63.7629s ++++
INFO: Detected an invalid packet at item 1664
INFO: Parser returned #f
++++ frame_probe ID: 860 receives a frame at time 63.8035s ++++
++++ frame_probe ID: 1010 receives a frame at time 63.811s ++++
generated random number is0.144895 and the threshold is 0. bad luck and try next time. 
the 1017th message counter data_frame_filtered has been visited 27 times  
 at 863.92 s
++++ frame_probe ID: 850 receives a frame at time 63.938s ++++
INFO: Detected an invalid packet at item 1728
INFO: Parser returned #f
++++ frame_probe ID: 860 receives a frame at time 63.9785s ++++
++++ frame_probe ID: 1010 receives a frame at time 63.9834s ++++
generated random number is0.42327 and the threshold is 0. bad luck and try next time. 
the 1017th message counter data_frame_filtered has been visited 28 times  
 at 864.125 s
++++ frame_probe ID: 850 receives a frame at time 64.1433s ++++
INFO: Detected an invalid packet at item 1792
INFO: Parser returned #f
++++ frame_probe ID: 860 receives a frame at time 64.1841s ++++
++++ frame_probe ID: 1010 receives a frame at time 64.1949s ++++
generated random number is0.462029 and the threshold is 0. bad luck and try next time. 
the 1017th message counter data_frame_filtered has been visited 29 times  
Measurement 3/3 complete in 6 second(s).
 at 864.442 s
++++ frame_probe ID: 850 receives a frame at time 64.4598s ++++
INFO: Detected an invalid packet at item 1856
INFO: Parser returned #f
++++ frame_probe ID: 860 receives a frame at time 64.5003s ++++
++++ frame_probe ID: 1010 receives a frame at time 64.5116s ++++
generated random number is0.00355171 and the threshold is the 0. bad luck and try next time. 1017
th message counter data_frame_filtered has been visited 30 times  
 at 864.782 s
++++ frame_probe ID: 850 receives a frame at time 64.7999s ++++
INFO: Detected an invalid packet at item 1920
INFO: Parser returned #f
++++ frame_probe ID: 860 receives a frame at time 64.8404s ++++
++++ frame_probe ID: 1010 receives a frame at time 64.8474s ++++
generated random number is0.064635 and the threshold is 0. bad luck and try next time. 
the 1017th message counter data_frame_filtered has been visited 31 times  
 at 864.957 s
++++ frame_probe ID: 850 receives a frame at time 64.9751s ++++
INFO: Detected an invalid packet at item 1984
INFO: Parser returned #f
++++ frame_probe ID: 860 receives a frame at time 65.0156s ++++
++++ frame_probe ID: 1010 receives a frame at time 65.0207s ++++
generated random number is0.299562 and the threshold is 0. bad luck and try next time. 
the 1017th message counter data_frame_filtered has been visited 32 times  
 at 865.132 s
++++ frame_probe ID: 850 receives a frame at time 65.1502s ++++
INFO: Detected an invalid packet at item 2048
INFO: Parser returned #f
++++ frame_probe ID: 860 receives a frame at time 65.1907s ++++
++++ frame_probe ID: 1010 receives a frame at time 65.1931s ++++
generated random number is0.695601 and the threshold is 0. bad luck and try next time. 
the 1017th message counter data_frame_filtered has been visited 33 times  
Measurement 3/3 complete in 5 second(s).
 at 865.322 s
++++ frame_probe ID: 850 receives a frame at time 65.3403s ++++
INFO: Detected an invalid packet at item 2112
INFO: Parser returned #f
++++ frame_probe ID: 860 receives a frame at time 65.381s ++++
++++ frame_probe ID: 1010 receives a frame at time 65.3856s ++++
generated random number is0.418438 and the threshold is 0. bad luck and try next time. 
the 1017th message counter data_frame_filtered has been visited 34 times  
 at 865.563 s
++++ frame_probe ID: 850 receives a frame at time 65.5807s ++++
INFO: Detected an invalid packet at item 2176
INFO: Parser returned #f
++++ frame_probe ID: 860 receives a frame at time 65.6213s ++++
++++ frame_probe ID: 1010 receives a frame at time 65.625s ++++
generated random number is0.282346 and the threshold is 0. bad luck and try next time. 
the 1017th message counter data_frame_filtered has been visited 35 times  
 at 865.803 s
++++ frame_probe ID: 850 receives a frame at time 65.8221s ++++
INFO: Detected an invalid packet at item 2240
INFO: Parser returned #f
++++ frame_probe ID: 860 receives a frame at time 65.8627s ++++
++++ frame_probe ID: 1010 receives a frame at time 65.8655s ++++
generated random number is0.774189 and the threshold is 0. bad luck and try next time. 
the 1017th message counter data_frame_filtered has been visited 36 times  
 at 865.984 s
++++ frame_probe ID: 850 receives a frame at time 66.0025s ++++
INFO: Detected an invalid packet at item 2304
INFO: Parser returned #f
++++ frame_probe ID: 860 receives a frame at time 66.0431s ++++
++++ frame_probe ID: 1010 receives a frame at time 66.048s ++++
generated random number is0.497348 and the threshold is 0. bad luck and try next time. 
the 1017th message counter data_frame_filtered has been visited 37 times  
 at 866.16 s
++++ frame_probe ID: 850 receives a frame at time 66.1785s ++++
INFO: Detected an invalid packet at item 2368
INFO: Parser returned #f
++++ frame_probe ID: 860 receives a frame at time 66.219s ++++
++++ frame_probe ID: 1010 receives a frame at time 66.2304s ++++
generated random number is0.507435 and the threshold is 0. bad luck and try next time. 
the 1017th message counter data_frame_filtered has been visited 38 times  
Measurement 3/3 complete in 4 second(s).
 at 866.341 s
++++ frame_probe ID: 850 receives a frame at time 66.359s ++++
INFO: Detected an invalid packet at item 2432
INFO: Parser returned #f
++++ frame_probe ID: 860 receives a frame at time 66.3996s ++++
++++ frame_probe ID: 1010 receives a frame at time 66.4028s ++++
generated random number is0.0229728 and the threshold is 0. bad luck and try next time. 
the 1017th message counter data_frame_filtered has been visited 39 times  
 at 866.531 s
++++ frame_probe ID: 850 receives a frame at time 66.5493s ++++
INFO: Detected an invalid packet at item 2496
INFO: Parser returned #f
++++ frame_probe ID: 860 receives a frame at time 66.5899s ++++
++++ frame_probe ID: 1010 receives a frame at time 66.5952s ++++
generated random number is0.0222259 and the threshold is 0. bad luck and try next time. 
the 1017th message counter data_frame_filtered has been visited 40 times  
 at 866.776 s
++++ frame_probe ID: 850 receives a frame at time 66.7943s ++++
INFO: Detected an invalid packet at item 2560
INFO: Parser returned #f
++++ frame_probe ID: 860 receives a frame at time 66.8349s ++++
++++ frame_probe ID: 1010 receives a frame at time 66.8448s ++++
generated random number is0.756279 and the threshold is 0. bad luck and try next time. 
the 1017th message counter data_frame_filtered has been visited 41 times  
 at 867.091 s
++++ frame_probe ID: 850 receives a frame at time 67.1094s ++++
INFO: Detected an invalid packet at item 2624
INFO: Parser returned #f
++++ frame_probe ID: 860 receives a frame at time 67.1499s ++++
++++ frame_probe ID: 1010 receives a frame at time 67.1615s ++++
generated random number is0.00904371 and the threshold is 0. bad luck and try next time. 
the 1017th message counter data_frame_filtered has been visited 42 times  
Measurement 3/3 complete in 3 second(s).
 at 867.477 s
++++ frame_probe ID: 850 receives a frame at time 67.4947s ++++
INFO: Detected an invalid packet at item 2688
INFO: Parser returned #f
++++ frame_probe ID: 860 receives a frame at time 67.5354s ++++
++++ frame_probe ID: 1010 receives a frame at time 67.5454s ++++
generated random number is0.374097 and the threshold is 0. bad luck and try next time. 
the 1017th message counter data_frame_filtered has been visited 43 times  
 at 867.647 s
++++ frame_probe ID: 850 receives a frame at time 67.6649s ++++
INFO: Detected an invalid packet at item 2752
INFO: Parser returned #f
++++ frame_probe ID: 860 receives a frame at time 67.7055s ++++
++++ frame_probe ID: 1010 receives a frame at time 67.7087s ++++
generated random number is0.0627281 and the threshold is 0. bad luck and try next time. 
the 1017th message counter data_frame_filtered has been visited 44 times  
 at 867.822 s
++++ frame_probe ID: 850 receives a frame at time 67.8402s ++++
INFO: Detected an invalid packet at item 2816
INFO: Parser returned #f
++++ frame_probe ID: 860 receives a frame at time 67.8808s ++++
++++ frame_probe ID: 1010 receives a frame at time 67.8911s ++++
generated random number is0.836917 and the threshold is 0. bad luck and try next time. 
the 1017th message counter data_frame_filtered has been visited 45 times  
 at 868.017 s
++++ frame_probe ID: 850 receives a frame at time 68.0353s ++++
INFO: Detected an invalid packet at item 2880
INFO: Parser returned #f
++++ frame_probe ID: 860 receives a frame at time 68.076s ++++
++++ frame_probe ID: 1010 receives a frame at time 68.0826s ++++
generated random number is0.459252 and the threshold is 0. bad luck and try next time. 
the 1017th message counter data_frame_filtered has been visited 46 times  
 at 868.223 s
++++ frame_probe ID: 850 receives a frame at time 68.2408s ++++
INFO: Detected an invalid packet at item 2944
INFO: Parser returned #f
Measurement 3/3 complete in 2 second(s).
++++ frame_probe ID: 860 receives a frame at time 68.2813s ++++
++++ frame_probe ID: 1010 receives a frame at time 68.2841s ++++
generated random number is0.334266 and the threshold is 0. bad luck and try next time. 
the 1017th message counter data_frame_filtered has been visited 47 times  
 at 868.443 s
++++ frame_probe ID: 850 receives a frame at time 68.4608s ++++
INFO: Detected an invalid packet at item 3008
INFO: Parser returned #f
++++ frame_probe ID: 860 receives a frame at time 68.5013s ++++
++++ frame_probe ID: 1010 receives a frame at time 68.5054s ++++
generated random number is0.171804 and the threshold is 0. bad luck and try next time. 
the 1017th message counter data_frame_filtered has been visited 48 times  
 at 868.792 s
++++ frame_probe ID: 850 receives a frame at time 68.8106s ++++
INFO: Detected an invalid packet at item 3072
INFO: Parser returned #f
++++ frame_probe ID: 860 receives a frame at time 68.8513s ++++
++++ frame_probe ID: 1010 receives a frame at time 68.8603s ++++
generated random number is0.448553 and the threshold is 0. bad luck and try next time. 
the 1017th message counter data_frame_filtered has been visited 49 times  
 at 868.968 s
++++ frame_probe ID: 850 receives a frame at time 68.986s ++++
INFO: Detected an invalid packet at item 3136
INFO: Parser returned #f
++++ frame_probe ID: 860 receives a frame at time 69.0266s ++++
++++ frame_probe ID: 1010 receives a frame at time 69.0336s ++++
generated random number is0.376333 and the threshold is 0. bad luck and try next time. 
the 1017th message counter data_frame_filtered has been visited 50 times  
 at 869.148 s
++++ frame_probe ID: 850 receives a frame at time 69.1662s ++++
INFO: Detected an invalid packet at item 3200
INFO: Parser returned #f
++++ frame_probe ID: 860 receives a frame at time 69.2068s ++++
++++ frame_probe ID: 1010 receives a frame at time 69.2161s ++++
generated random number is0.0809778 and the threshold is 0. bad luck and try next time. 
the 1017th message counter data_frame_filtered has been visited 51 times  
Measurement 3/3 complete in 1 second(s).
 at 869.318 s
++++ frame_probe ID: 850 receives a frame at time 69.3363s ++++
INFO: Detected an invalid packet at item 3264
INFO: Parser returned #f
++++ frame_probe ID: 860 receives a frame at time 69.377s ++++
++++ frame_probe ID: 1010 receives a frame at time 69.3885s ++++
generated random number is0.300746 and the threshold is 0. bad luck and try next time. 
the 1017th message counter data_frame_filtered has been visited 52 times  
 at 869.513 s
++++ frame_probe ID: 850 receives a frame at time 69.5314s ++++
INFO: Detected an invalid packet at item 3328
INFO: Parser returned #f
++++ frame_probe ID: 860 receives a frame at time 69.572s ++++
++++ frame_probe ID: 1010 receives a frame at time 69.5809s ++++
generated random number is0.455075 and the threshold is 0. bad luck and try next time. 
the 1017th message counter data_frame_filtered has been visited 53 times  
 at 869.734 s
++++ frame_probe ID: 850 receives a frame at time 69.7517s ++++
INFO: Detected an invalid packet at item 3392
INFO: Parser returned #f
++++ frame_probe ID: 860 receives a frame at time 69.7922s ++++
++++ frame_probe ID: 1010 receives a frame at time 69.8014s ++++
generated random number is0.512071 and the threshold is 0. bad luck and try next time. 
the 1017th message counter data_frame_filtered has been visited 54 times  
 at 870.219 s
++++ frame_probe ID: 850 receives a frame at time 70.2367s ++++
INFO: Detected an invalid packet at item 3456
INFO: Parser returned #f
++++ frame_probe ID: 860 receives a frame at time 70.2772s ++++
Measurement 3 raw data directory created /home/inets/0_ba/bachelor_thesis/measurements/debug/data/39/3/.
'/home/inets/source/gr-inets/results/receiver_data_received.txt' -> '/home/inets/0_ba/bachelor_thesis/measurements/debug/data/39/3/receiver_data_received.txt'
'/home/inets/source/gr-inets/results/sender_bfr_dq.txt' -> '/home/inets/0_ba/bachelor_thesis/measurements/debug/data/39/3/sender_bfr_dq.txt'
'/home/inets/source/gr-inets/results/sender_data_sent.txt' -> '/home/inets/0_ba/bachelor_thesis/measurements/debug/data/39/3/sender_data_sent.txt'
Measurement 3 raw data moved to /home/inets/0_ba/bachelor_thesis/measurements/debug/data/39/3/.

Now processing results...
Plotting Python should be: python3 (UBUNTU).
Hello from throughput.py!
Hello from variables.py!
[ 53000.  59000.  54000.]
Hello from myplot.py!
I will print a pdf for you now!
Hello from myplot.py!
I will print a cdf for you now!
<a list of 1 Patch objects>
Hello from myplot.py!
I will print a boxplot for you now!
Hello from myplot.py!
I will print a bar for you now!
Hello from rtt.py!
Hello from variables.py!
Hello from retransmissions.py!
Hello from variables.py!
File /home/inets/0_ba/bachelor_thesis/measurements/debug/data/39/1/sender_retransmissions.txt not found. Assuming not reached in GR.
File /home/inets/0_ba/bachelor_thesis/measurements/debug/data/39/1/sender_max_retransmissions.txt not found. Assuming not reached in GR.
File /home/inets/0_ba/bachelor_thesis/measurements/debug/data/39/1/receiver_retransmissions.txt not found. Assuming not reached in GR.
File /home/inets/0_ba/bachelor_thesis/measurements/debug/data/39/1/receiver_max_retransmissions.txt not found. Assuming not reached in GR.
File /home/inets/0_ba/bachelor_thesis/measurements/debug/data/39/2/sender_retransmissions.txt not found. Assuming not reached in GR.
File /home/inets/0_ba/bachelor_thesis/measurements/debug/data/39/2/sender_max_retransmissions.txt not found. Assuming not reached in GR.
File /home/inets/0_ba/bachelor_thesis/measurements/debug/data/39/2/receiver_retransmissions.txt not found. Assuming not reached in GR.
File /home/inets/0_ba/bachelor_thesis/measurements/debug/data/39/2/receiver_max_retransmissions.txt not found. Assuming not reached in GR.
File /home/inets/0_ba/bachelor_thesis/measurements/debug/data/39/3/sender_retransmissions.txt not found. Assuming not reached in GR.
File /home/inets/0_ba/bachelor_thesis/measurements/debug/data/39/3/sender_max_retransmissions.txt not found. Assuming not reached in GR.
File /home/inets/0_ba/bachelor_thesis/measurements/debug/data/39/3/receiver_retransmissions.txt not found. Assuming not reached in GR.
File /home/inets/0_ba/bachelor_thesis/measurements/debug/data/39/3/receiver_max_retransmissions.txt not found. Assuming not reached in GR.
0.0
0.0
0.0
Hello from myplot.py!
I will print a pdf for you now!
0.0
0.0
0.0
Hello from myplot.py!
I will print a pdf for you now!
0.0
0.0
0.0
Hello from myplot.py!
I will print a pdf for you now!
0.0
0.0
0.0
Hello from myplot.py!
I will print a pdf for you now!
0.0
0.0
0.0
Hello from myplot.py!
I will print a cdf for you now!
<a list of 1 Patch objects>
0.0
0.0
0.0
Hello from myplot.py!
I will print a cdf for you now!
<a list of 1 Patch objects>
0.0
0.0
0.0
Hello from myplot.py!
I will print a cdf for you now!
<a list of 1 Patch objects>
0.0
0.0
0.0
Hello from myplot.py!
I will print a cdf for you now!
<a list of 1 Patch objects>
0.0
0.0
0.0
Hello from myplot.py!
I will print a boxplot for you now!
0.0
0.0
0.0
Hello from myplot.py!
I will print a boxplot for you now!
0.0
0.0
0.0
Hello from myplot.py!
I will print a boxplot for you now!
0.0
0.0
0.0
Hello from myplot.py!
I will print a boxplot for you now!
0.0
0.0
0.0
Hello from myplot.py!
I will print a bar for you now!
0.0
0.0
0.0
Hello from myplot.py!
I will print a bar for you now!
0.0
0.0
0.0
Hello from myplot.py!
I will print a bar for you now!
0.0
0.0
0.0
Hello from myplot.py!
I will print a bar for you now!

+--------------------------------------------------------------+
| Plotting completed. Until the next measurement session then! |
+--------------------------------------------------------------+
