measurement 1/2 complete in 4 second(s).
linux; GNU C++ version 5.4.0 20160609; Boost_105800; UHD_003.009.005-45-g6768a615
linux; GNU C++ version 5.4.0 20160609; Boost_105800; UHD_003.009.005-45-g6768a615


Using Volk machine: avx_64_mmx
-- Opening a USRP2/N-Series device...
Using Volk machine: avx_64_mmx
-- Opening a USRP2/N-Series device...
-- Current recv frame size: 1472 bytes
-- Current send frame size: 1472 bytes
-- Current recv frame size: 1472 bytes
-- Current send frame size: 1472 bytes
measurement 1/2 complete in 3 second(s).
develop mode of resend_check ID: 24 is activated.
develop_mode of random_filter ID: 1015 is activated.
the 880th message counter is activated.
the 100th message counter is activated.
the 100th message counter is activated.
measurement 1/2 complete in 2 second(s).
node starts running at 80.0548
node starts running at 80.0551
++++ frame_probe ID: 850 receives a frame at time 80.1071s ++++
INFO: Detected an invalid packet at item 0
INFO: Parser returned #f
++++ frame_probe ID: 860 receives a frame at time 80.1482s ++++
* header analysis ID: 7 get the 1th transmission of data frame 0 at time 1.48554e+07 s
++++ frame_probe ID: 1 receives a frame at time 80.1538s ++++
++++ frame_probe ID: 2 receives a frame at time 80.1539s ++++
++++ frame_probe ID: 1010 receives a frame at time 80.1539s ++++
generated random number is++++ frame_probe ID: 1018 receives a frame at time 0.304366 and the threshold is 1. good luck. 
80.154s ++++
INFO: Detected an invalid packet at item 64
INFO: Parser returned #f
INFO: Detected an invalid packet at item 96
INFO: Parser returned #f
INFO: Detected an invalid packet at item 0
INFO: Parser returned #f
a data frame with index 0 from node: 3 has been transmitted 1th time
++++ frame_probe ID: 850 receives a frame at time 80.2785s ++++
++++ frame_probe ID: 860 receives a frame at time 80.3192s ++++
* header analysis ID: 7 get the 1th transmission of data frame 0 at time 1.48554e+07 s
++++ frame_probe ID: 1 receives a frame at time 80.3259s ++++
++++ frame_probe ID: 2 receives a frame at time 80.3259s ++++
++++ frame_probe ID: 1010 receives a frame at time 80.326s ++++
generated random number is++++ frame_probe ID: 1018 receives a frame at time 0.0234245 and the threshold is 80.326s ++++
1. good luck. 
INFO: Detected an invalid packet at item 192
INFO: Parser returned #f
INFO: Detected an invalid packet at item 224
INFO: Parser returned #f
INFO: Detected an invalid packet at item 256
INFO: Parser returned #f
INFO: Detected an invalid packet at item 32
INFO: Parser returned #f
a data frame with index 0 from node: 3 has been transmitted 2th time
++++ frame_probe ID: 850 receives a frame at time 80.4589s ++++
INFO: Detected an invalid packet at item 320
INFO: Parser returned #f
++++ frame_probe ID: 860 receives a frame at time 80.4994s ++++
* header analysis ID: 7 get the 1th transmission of data frame 0 at time 1.48554e+07 s
++++ frame_probe ID: 1 receives a frame at time 80.5086s ++++
++++ frame_probe ID: 2 receives a frame at time 80.5087s ++++
++++ frame_probe ID: 1010 receives a frame at time 80.5087s ++++
generated random number is0.618508 and the threshold is 1++++ frame_probe ID: . good luck. 
1018 receives a frame at time 80.5088s ++++
INFO: Detected an invalid packet at item 384
INFO: Parser returned #f
INFO: Detected an invalid packet at item 416
INFO: Parser returned #f
INFO: Detected an invalid packet at item 448
INFO: Parser returned #f
INFO: Detected an invalid packet at item 480
INFO: Parser returned #f
INFO: Detected an invalid packet at item 512
INFO: Parser returned #f
INFO: Detected an invalid packet at item 544
INFO: Parser returned #f
INFO: Detected an invalid packet at item 576
INFO: Parser returned #f
INFO: Detected an invalid packet at item 608
INFO: Parser returned #f
INFO: Detected an invalid packet at item 64
INFO: Parser returned #f
INFO: Detected an invalid packet at item 640
INFO: Parser returned #f
INFO: Detected an invalid packet at item 672
INFO: Parser returned #f
INFO: Detected an invalid packet at item 704
INFO: Parser returned #f
INFO: Detected an invalid packet at item 736
INFO: Parser returned #f
INFO: Detected an invalid packet at item 768
INFO: Parser returned #f
INFO: Detected an invalid packet at item 800
INFO: Parser returned #f
INFO: Detected an invalid packet at item 832
INFO: Parser returned #f
INFO: Detected an invalid packet at item 864
INFO: Parser returned #f
INFO: Detected an invalid packet at item 896
INFO: Parser returned #f
INFO: Detected an invalid packet at item 928
INFO: Parser returned #f
INFO: Detected an invalid packet at item 960
INFO: Parser returned #f
INFO: Detected an invalid packet at item 992
INFO: Parser returned #f
INFO: Detected an invalid packet at item 1024
INFO: Parser returned #f
INFO: Detected an invalid packet at item 1056
INFO: Parser returned #f
INFO: Detected an invalid packet at item 1088
INFO: Parser returned #f
INFO: Detected an invalid packet at item 1120
INFO: Parser returned #f
INFO: Detected an invalid packet at item 1152
INFO: Parser returned #f
INFO: Detected an invalid packet at item 1184
INFO: Parser returned #f
INFO: Detected an invalid packet at item 1216
INFO: Parser returned #f
INFO: Detected an invalid packet at item 1248
INFO: Parser returned #f
INFO: Detected an invalid packet at item 1280
INFO: Parser returned #f
INFO: Detected an invalid packet at item 1312
INFO: Parser returned #f
INFO: Detected an invalid packet at item 1344
INFO: Parser returned #f
INFO: Detected an invalid packet at item 1376
INFO: Parser returned #f
INFO: Detected an invalid packet at item 1408
INFO: Parser returned #f
INFO: Detected an invalid packet at item 1440
INFO: Parser returned #f
INFO: Detected an invalid packet at item 1472
INFO: Parser returned #f
INFO: Detected an invalid packet at item 1504
INFO: Parser returned #f
INFO: Detected an invalid packet at item 1536
INFO: Parser returned #f
INFO: Detected an invalid packet at item 1568
INFO: Parser returned #f
INFO: Detected an invalid packet at item 1600
INFO: Parser returned #f
INFO: Detected an invalid packet at item 1632
INFO: Parser returned #f
INFO: Detected an invalid packet at item 1664
INFO: Parser returned #f
INFO: Detected an invalid packet at item 1696
INFO: Parser returned #f
INFO: Detected an invalid packet at item 1728
INFO: Parser returned #f
INFO: Detected an invalid packet at item 1760
INFO: Parser returned #f
INFO: Detected an invalid packet at item 1792
INFO: Parser returned #f
INFO: Detected an invalid packet at item 1824
INFO: Parser returned #f
INFO: Detected an invalid packet at item 1856
INFO: Parser returned #f
INFO: Detected an invalid packet at item 1888
INFO: Parser returned #f
INFO: Detected an invalid packet at item 1920
INFO: Parser returned #f
INFO: Detected an invalid packet at item 1952
INFO: Parser returned #f
INFO: Detected an invalid packet at item 1984
INFO: Parser returned #f
INFO: Detected an invalid packet at item 2016
INFO: Parser returned #f
INFO: Detected an invalid packet at item 2048
INFO: Parser returned #f
INFO: Detected an invalid packet at item 2080
INFO: Parser returned #f
INFO: Detected an invalid packet at item 2112
INFO: Parser returned #f
INFO: Detected an invalid packet at item 2144
INFO: Parser returned #f
INFO: Detected an invalid packet at item 2176
INFO: Parser returned #f
INFO: Detected an invalid packet at item 2208
INFO: Parser returned #f
INFO: Detected an invalid packet at item 2240
INFO: Parser returned #f
INFO: Detected an invalid packet at item 2272
INFO: Parser returned #f
INFO: Detected an invalid packet at item 2304
INFO: Parser returned #f
INFO: Detected an invalid packet at item 2336
INFO: Parser returned #f
INFO: Detected an invalid packet at item 2368
INFO: Parser returned #f
INFO: Detected an invalid packet at item 2400
INFO: Parser returned #f
INFO: Detected an invalid packet at item 2432
INFO: Parser returned #f
INFO: Detected an invalid packet at item 2464
INFO: Parser returned #f
INFO: Detected an invalid packet at item 2496
INFO: Parser returned #f
INFO: Detected an invalid packet at item 2528
INFO: Parser returned #f
INFO: Detected an invalid packet at item 2560
INFO: Parser returned #f
INFO: Detected an invalid packet at item 2592
INFO: Parser returned #f
INFO: Detected an invalid packet at item 2624
INFO: Parser returned #f
INFO: Detected an invalid packet at item 2656
INFO: Parser returned #f
INFO: Detected an invalid packet at item 2688
INFO: Parser returned #f
INFO: Detected an invalid packet at item 2720
INFO: Parser returned #f
INFO: Detected an invalid packet at item 2752
INFO: Parser returned #f
INFO: Detected an invalid packet at item 2784
INFO: Parser returned #f
INFO: Detected an invalid packet at item 2816
INFO: Parser returned #f
INFO: Detected an invalid packet at item 2848
INFO: Parser returned #f
INFO: Detected an invalid packet at item 2880
INFO: Parser returned #f
INFO: Detected an invalid packet at item 2912
INFO: Parser returned #f
INFO: Detected an invalid packet at item 2944
INFO: Parser returned #f
INFO: Detected an invalid packet at item 2976
INFO: Parser returned #f
INFO: Detected an invalid packet at item 3008
INFO: Parser returned #f
INFO: Detected an invalid packet at item 3040
INFO: Parser returned #f
INFO: Detected an invalid packet at item 3072
INFO: Parser returned #f
INFO: Detected an invalid packet at item 3104
INFO: Parser returned #f
INFO: Detected an invalid packet at item 3136
INFO: Parser returned #f
INFO: Detected an invalid packet at item 3168
INFO: Parser returned #f
INFO: Detected an invalid packet at item 3200
INFO: Parser returned #f
INFO: Detected an invalid packet at item 3232
INFO: Parser returned #f
INFO: Detected an invalid packet at item 3264
INFO: Parser returned #f
INFO: Detected an invalid packet at item 3296
INFO: Parser returned #f
INFO: Detected an invalid packet at item 3328
INFO: Parser returned #f
INFO: Detected an invalid packet at item 3360
INFO: Parser returned #f
INFO: Detected an invalid packet at item 3392
INFO: Parser returned #f
INFO: Detected an invalid packet at item 3424
INFO: Parser returned #f
INFO: Detected an invalid packet at item 3456
INFO: Parser returned #f
INFO: Detected an invalid packet at item 3488
INFO: Parser returned #f
INFO: Detected an invalid packet at item 3520
INFO: Parser returned #f
INFO: Detected an invalid packet at item 3552
INFO: Parser returned #f
INFO: Detected an invalid packet at item 3584
INFO: Parser returned #f
INFO: Detected an invalid packet at item 3616
INFO: Parser returned #f
INFO: Detected an invalid packet at item 3648
INFO: Parser returned #f
INFO: Detected an invalid packet at item 3680
INFO: Parser returned #f
INFO: Detected an invalid packet at item 3712
INFO: Parser returned #f
INFO: Detected an invalid packet at item 3744
INFO: Parser returned #f
INFO: Detected an invalid packet at item 3776
INFO: Parser returned #f
INFO: Detected an invalid packet at item 3808
INFO: Parser returned #f
INFO: Detected an invalid packet at item 3840
INFO: Parser returned #f
INFO: Detected an invalid packet at item 3872
INFO: Parser returned #f
INFO: Detected an invalid packet at item 3904
INFO: Parser returned #f
INFO: Detected an invalid packet at item 3936
INFO: Parser returned #f
INFO: Detected an invalid packet at item 3968
INFO: Parser returned #f
INFO: Detected an invalid packet at item 4000
INFO: Parser returned #f
INFO: Detected an invalid packet at item 4032
INFO: Parser returned #f
INFO: Detected an invalid packet at item 4064
INFO: Parser returned #f
INFO: Detected an invalid packet at item 4096
INFO: Parser returned #f
INFO: Detected an invalid packet at item 4128
INFO: Parser returned #f
INFO: Detected an invalid packet at item 4160
INFO: Parser returned #f
INFO: Detected an invalid packet at item 4192
INFO: Parser returned #f
INFO: Detected an invalid packet at item 4224
INFO: Parser returned #f
INFO: Detected an invalid packet at item 4256
INFO: Parser returned #f
INFO: Detected an invalid packet at item 4288
INFO: Parser returned #f
INFO: Detected an invalid packet at item 4320
INFO: Parser returned #f
INFO: Detected an invalid packet at item 4352
INFO: Parser returned #f
INFO: Detected an invalid packet at item 4384
INFO: Parser returned #f
a data frame with index 0 from node: 3 has been transmitted 3th time
measurement 1/2 complete in 1 second(s).
++++ frame_probe ID: 850 receives a frame at time 80.6499s ++++
INFO: Detected an invalid packet at item 4448
INFO: Parser returned #f
++++ frame_probe ID: 860 receives a frame at time 80.6907s ++++
* header analysis ID: 7 get the 1th transmission of data frame 0 at time 1.48554e+07 s
++++ frame_probe ID: 1 receives a frame at time 80.7021s ++++
++++ frame_probe ID: 2 receives a frame at time 80.7021s ++++
++++ frame_probe ID: 1010 receives a frame at time 80.7022s ++++
generated random number is++++ frame_probe ID: 1018 receives a frame at time 0.473371 and the threshold is 1. good luck. 80.7022
s ++++
INFO: Detected an invalid packet at item 4512
INFO: Parser returned #f
INFO: Detected an invalid packet at item 4544
INFO: Parser returned #f
INFO: Detected an invalid packet at item 96
INFO: Parser returned #f
a data frame with index 0 from node: 3 has been transmitted 4th time
++++ frame_probe ID: 850 receives a frame at time 80.8661s ++++
++++ frame_probe ID: 860 receives a frame at time 80.9072s ++++
* header analysis ID: 7 get the 1th transmission of data frame 0 at time 1.48554e+07 s
++++ frame_probe ID: 1 receives a frame at time 80.9135s ++++
++++ frame_probe ID: 2 receives a frame at time 80.9135s ++++
++++ frame_probe ID: 1010 receives a frame at time 80.9135s ++++
generated random number is++++ frame_probe ID: 1018 receives a frame at time 80.91360.0725177s ++++ and the threshold is 
1. good luck. 
INFO: Detected an invalid packet at item 4640
INFO: Parser returned #f
INFO: Detected an invalid packet at item 4672
INFO: Parser returned #f
INFO: Detected an invalid packet at item 128
INFO: Parser returned #f
a data frame with index 0 from node: 3 has been transmitted 5th time
++++ frame_probe ID: 850 receives a frame at time 81.1927s ++++
INFO: Detected an invalid packet at item 4736
INFO: Parser returned #f
++++ frame_probe ID: 860 receives a frame at time 81.2336s ++++
* header analysis ID: 7 get the 1th transmission of data frame 0 at time 1.48554e+07 s
++++ frame_probe ID: 1 receives a frame at time 81.2394s ++++
++++ frame_probe ID: 2 receives a frame at time 81.2395s ++++
++++ frame_probe ID: 1010 receives a frame at time 81.2395s ++++
generated random number is++++ frame_probe ID: 1018 receives a frame at time 0.0823467 and the threshold is 1. good luck. 
81.2396s ++++
INFO: Detected an invalid packet at item 4800
INFO: Parser returned #f
INFO: Detected an invalid packet at item 4832
INFO: Parser returned #f
INFO: Detected an invalid packet at item 4864
INFO: Parser returned #f
INFO: Detected an invalid packet at item 4896
INFO: Parser returned #f
INFO: Detected an invalid packet at item 4928
INFO: Parser returned #f
INFO: Detected an invalid packet at item 4960
INFO: Parser returned #f
INFO: Detected an invalid packet at item 4992
INFO: Parser returned #f
+++++++++ frame_probe ID: 882 +++++++++Input mac frame has length: 15

+++++++++ frame_probe ID: 883 +++++++++ ---- ack frame detected ---- frame index is:            21;    destination address is:    86;    source address is:         87;    number of transmission is: 87;    reserved field I is:       22376;    reserved field II is:      64851;    payload length is:           43770;    header length is:          11;    address check is:          0;    good frame is:             0;    analysis time is:             1.50039e+09;    frame info contains a frame with length 15 bytes: 
INFO: Detected an invalid packet at item 5024
INFO: Parser returned #f
INFO: Detected an invalid packet at item 5056
INFO: Parser returned #f
INFO: Detected an invalid packet at item 5088
INFO: Parser returned #f
INFO: Detected an invalid packet at item 5120
INFO: Parser returned #f
INFO: Detected an invalid packet at item 5152
INFO: Parser returned #f
INFO: Detected an invalid packet at item 5184
INFO: Parser returned #f
INFO: Detected an invalid packet at item 5216
INFO: Parser returned #f
INFO: Detected an invalid packet at item 5248
INFO: Parser returned #f
INFO: Detected an invalid packet at item 5280
INFO: Parser returned #f
INFO: Detected an invalid packet at item 5312
INFO: Parser returned #f
INFO: Detected an invalid packet at item 5344
INFO: Parser returned #f
INFO: Detected an invalid packet at item 5376
INFO: Parser returned #f
INFO: Detected an invalid packet at item 5408
INFO: Parser returned #f
INFO: Detected an invalid packet at item 5440
INFO: Parser returned #f
INFO: Detected an invalid packet at item 5472
INFO: Parser returned #f
INFO: Detected an invalid packet at item 5504
INFO: Parser returned #f
INFO: Detected an invalid packet at item 5536
INFO: Parser returned #f
INFO: Detected an invalid packet at item 5568
INFO: Parser returned #f
INFO: Detected an invalid packet at item 5600
INFO: Parser returned #f
INFO: Detected an invalid packet at item 5632
INFO: Parser returned #f
INFO: Detected an invalid packet at item 5664
INFO: Parser returned #f
INFO: Detected an invalid packet at item 5696
INFO: Parser returned #f
INFO: Detected an invalid packet at item 5728
INFO: Parser returned #f
INFO: Detected an invalid packet at item 5760
INFO: Parser returned #f
INFO: Detected an invalid packet at item 5792
INFO: Parser returned #f
INFO: Detected an invalid packet at item 5824
INFO: Parser returned #f
INFO: Detected an invalid packet at item 5856
INFO: Parser returned #f
INFO: Detected an invalid packet at item 5888
INFO: Parser returned #f
INFO: Detected an invalid packet at item 5920
INFO: Parser returned #f
INFO: Detected an invalid packet at item 5952
INFO: Parser returned #f
INFO: Detected an invalid packet at item 5984
INFO: Parser returned #f
INFO: Detected an invalid packet at item 6016
INFO: Parser returned #f
INFO: Detected an invalid packet at item 6048
INFO: Parser returned #f
INFO: Detected an invalid packet at item 6080
INFO: Parser returned #f
INFO: Detected an invalid packet at item 6112
INFO: Parser returned #f
INFO: Detected an invalid packet at item 6144
INFO: Parser returned #f
INFO: Detected an invalid packet at item 6176
INFO: Parser returned #f
INFO: Detected an invalid packet at item 6208
INFO: Parser returned #f
INFO: Detected an invalid packet at item 6240
INFO: Parser returned #f
INFO: Detected an invalid packet at item 6272
INFO: Parser returned #f
INFO: Detected an invalid packet at item 6304
INFO: Parser returned #f
INFO: Detected an invalid packet at item 6336
INFO: Parser returned #f
INFO: Detected an invalid packet at item 6368
INFO: Parser returned #f
INFO: Detected an invalid packet at item 6400
INFO: Parser returned #f
INFO: Detected an invalid packet at item 6432
INFO: Parser returned #f
INFO: Detected an invalid packet at item 6464
INFO: Parser returned #f
INFO: Detected an invalid packet at item 6496
INFO: Parser returned #f
INFO: Detected an invalid packet at item 6528
INFO: Parser returned #f
INFO: Detected an invalid packet at item 6560
INFO: Parser returned #f
INFO: Detected an invalid packet at item 6592
INFO: Parser returned #f
INFO: Detected an invalid packet at item 6624
INFO: Parser returned #f
INFO: Detected an invalid packet at item 6656
INFO: Parser returned #f
INFO: Detected an invalid packet at item 6688
INFO: Parser returned #f
INFO: Detected an invalid packet at item 6720
INFO: Parser returned #f
INFO: Detected an invalid packet at item 6752
INFO: Parser returned #f
INFO: Detected an invalid packet at item 6784
INFO: Parser returned #f
INFO: Detected an invalid packet at item 6816
INFO: Parser returned #f
INFO: Detected an invalid packet at item 6848
INFO: Parser returned #f
INFO: Detected an invalid packet at item 6880
INFO: Parser returned #f
INFO: Detected an invalid packet at item 6912
INFO: Parser returned #f
INFO: Detected an invalid packet at item 6944
INFO: Parser returned #f
INFO: Detected an invalid packet at item 6976
INFO: Parser returned #f
INFO: Detected an invalid packet at item 7008
INFO: Parser returned #f
INFO: Detected an invalid packet at item 7040
INFO: Parser returned #f
INFO: Detected an invalid packet at item 7072
INFO: Parser returned #f
INFO: Detected an invalid packet at item 7104
INFO: Parser returned #f
INFO: Detected an invalid packet at item 7136
INFO: Parser returned #f
INFO: Detected an invalid packet at item 7168
INFO: Parser returned #f
INFO: Detected an invalid packet at item 7200
INFO: Parser returned #f
INFO: Detected an invalid packet at item 7232
INFO: Parser returned #f
INFO: Detected an invalid packet at item 7264
INFO: Parser returned #f
INFO: Detected an invalid packet at item 7296
INFO: Parser returned #f
INFO: Detected an invalid packet at item 7328
INFO: Parser returned #f
INFO: Detected an invalid packet at item 7360
INFO: Parser returned #f
INFO: Detected an invalid packet at item 7392
INFO: Parser returned #f
INFO: Detected an invalid packet at item 7424
INFO: Parser returned #f
INFO: Detected an invalid packet at item 7456
INFO: Parser returned #f
INFO: Detected an invalid packet at item 7488
INFO: Parser returned #f
INFO: Detected an invalid packet at item 7520
INFO: Parser returned #f
INFO: Detected an invalid packet at item 7552
INFO: Parser returned #f
INFO: Detected an invalid packet at item 7584
INFO: Parser returned #f
INFO: Detected an invalid packet at item 7616
INFO: Parser returned #f
INFO: Detected an invalid packet at item 7648
INFO: Parser returned #f
INFO: Detected an invalid packet at item 7680
INFO: Parser returned #f
INFO: Detected an invalid packet at item 7712
INFO: Parser returned #f
INFO: Detected an invalid packet at item 7744
INFO: Parser returned #f
INFO: Detected an invalid packet at item 7776
INFO: Parser returned #f
INFO: Detected an invalid packet at item 7808
INFO: Parser returned #f
INFO: Detected an invalid packet at item 7840
INFO: Parser returned #f
INFO: Detected an invalid packet at item 7872
INFO: Parser returned #f
INFO: Detected an invalid packet at item 7904
INFO: Parser returned #f
INFO: Detected an invalid packet at item 7936
INFO: Parser returned #f
INFO: Detected an invalid packet at item 7968
INFO: Parser returned #f
INFO: Detected an invalid packet at item 8000
INFO: Parser returned #f
INFO: Detected an invalid packet at item 8032
INFO: Parser returned #f
INFO: Detected an invalid packet at item 8064
INFO: Parser returned #f
INFO: Detected an invalid packet at item 8096
INFO: Parser returned #f
INFO: Detected an invalid packet at item 8128
INFO: Parser returned #f
INFO: Detected an invalid packet at item 8160
INFO: Parser returned #f
INFO: Detected an invalid packet at item 8192
INFO: Parser returned #f
INFO: Detected an invalid packet at item 8224
INFO: Parser returned #f
INFO: Detected an invalid packet at item 8256
INFO: Parser returned #f
INFO: Detected an invalid packet at item 8288
INFO: Parser returned #f
INFO: Detected an invalid packet at item 8320
INFO: Parser returned #f
INFO: Detected an invalid packet at item 8352
INFO: Parser returned #f
INFO: Detected an invalid packet at item 8384
INFO: Parser returned #f
INFO: Detected an invalid packet at item 8416
INFO: Parser returned #f
INFO: Detected an invalid packet at item 8448
INFO: Parser returned #f
INFO: Detected an invalid packet at item 8480
INFO: Parser returned #f
INFO: Detected an invalid packet at item 8512
INFO: Parser returned #f
INFO: Detected an invalid packet at item 8544
INFO: Parser returned #f
INFO: Detected an invalid packet at item 8576
INFO: Parser returned #f
INFO: Detected an invalid packet at item 8608
INFO: Parser returned #f
INFO: Detected an invalid packet at item 8640
INFO: Parser returned #f
INFO: Detected an invalid packet at item 8672
INFO: Parser returned #f
INFO: Detected an invalid packet at item 8704
INFO: Parser returned #f
INFO: Detected an invalid packet at item 8736
INFO: Parser returned #f
INFO: Detected an invalid packet at item 8768
INFO: Parser returned #f
measurement 1 raw data directory created /home/inets/0_ba/bachelor_thesis/measurements/debug/data/136/1/.
'/home/inets/source/gr-inets/results/ack_not_filtered.txt' -> '/home/inets/0_ba/bachelor_thesis/measurements/debug/data/136/1/ack_not_filtered.txt'
'/home/inets/source/gr-inets/results/receiver_data_received.txt' -> '/home/inets/0_ba/bachelor_thesis/measurements/debug/data/136/1/receiver_data_received.txt'
'/home/inets/source/gr-inets/results/sender_bfr_dq.txt' -> '/home/inets/0_ba/bachelor_thesis/measurements/debug/data/136/1/sender_bfr_dq.txt'
'/home/inets/source/gr-inets/results/sender_data_sent.txt' -> '/home/inets/0_ba/bachelor_thesis/measurements/debug/data/136/1/sender_data_sent.txt'
measurement 1 raw data moved to /home/inets/0_ba/bachelor_thesis/measurements/debug/data/136/1/.

measurement 2/2 complete in 4 second(s).
linux; GNU C++ version 5.4.0 20160609; Boost_105800; UHD_003.009.005-45-g6768a615
linux; GNU C++ version 5.4.0 20160609; Boost_105800; UHD_003.009.005-45-g6768a615


Using Volk machine: avx_64_mmx
-- Opening a USRP2/N-Series device...
Using Volk machine: avx_64_mmx
-- Opening a USRP2/N-Series device...
-- Current recv frame size: 1472 bytes
-- Current recv frame size: 1472 bytes
-- Current send frame size: 1472 bytes
-- Current send frame size: 1472 bytes
measurement 2/2 complete in 3 second(s).
develop mode of resend_check ID: 24 is activated.
the 880th message counter is activated.
the 100th message counter is activated.
develop_mode of random_filter ID: 1015 is activated.
the 100th message counter is activated.
measurement 2/2 complete in 2 second(s).
node starts running at 84.0635
node starts running at 84.0653
++++ frame_probe ID: 850 receives a frame at time 84.125s ++++
INFO: Detected an invalid packet at item 0
INFO: Parser returned #f
++++ frame_probe ID: 860 receives a frame at time 84.1661s ++++
* header analysis ID: 7 get the 1th transmission of data frame 0 at time 1.48554e+07 s
++++ frame_probe ID: 1 receives a frame at time 84.1706s ++++
++++ frame_probe ID: 2 receives a frame at time 84.1707s ++++
++++ frame_probe ID: 1010 receives a frame at time 84.1707s ++++
generated random number is++++ frame_probe ID: 1018 receives a frame at time 0.714168 and the threshold is 1. good luck. 
84.1708s ++++
INFO: Detected an invalid packet at item 0
INFO: Parser returned #f
INFO: Detected an invalid packet at item 64
INFO: Parser returned #f
INFO: Detected an invalid packet at item 96
INFO: Parser returned #f
INFO: Detected an invalid packet at item 128
INFO: Parser returned #f
a data frame with index 0 from node: 3 has been transmitted 1th time
++++ frame_probe ID: 850 receives a frame at time 84.2958s ++++
INFO: Detected an invalid packet at item 192
INFO: Parser returned #f
++++ frame_probe ID: 860 receives a frame at time 84.3367s ++++
* header analysis ID: 7 get the 1th transmission of data frame 0 at time 1.48554e+07 s
++++ frame_probe ID: 1 receives a frame at time 84.3429s ++++
++++ frame_probe ID: 2 receives a frame at time 84.3429s ++++
++++ frame_probe ID: 1010 receives a frame at time 84.343s ++++
generated random number is++++ frame_probe ID: 0.563805 and the threshold is 1018 receives a frame at time 1. good luck. 
84.343s ++++
INFO: Detected an invalid packet at item 256
INFO: Parser returned #f
INFO: Detected an invalid packet at item 288
INFO: Parser returned #f
INFO: Detected an invalid packet at item 320
INFO: Parser returned #f
INFO: Detected an invalid packet at item 32
INFO: Parser returned #f
INFO: Detected an invalid packet at item 352
INFO: Parser returned #f
INFO: Detected an invalid packet at item 384
INFO: Parser returned #f
INFO: Detected an invalid packet at item 416
INFO: Parser returned #f
INFO: Detected an invalid packet at item 448
INFO: Parser returned #f
INFO: Detected an invalid packet at item 480
INFO: Parser returned #f
INFO: Detected an invalid packet at item 512
INFO: Parser returned #f
INFO: Detected an invalid packet at item 544
INFO: Parser returned #f
INFO: Detected an invalid packet at item 576
INFO: Parser returned #f
INFO: Detected an invalid packet at item 608
INFO: Parser returned #f
INFO: Detected an invalid packet at item 640
INFO: Parser returned #f
INFO: Detected an invalid packet at item 672
INFO: Parser returned #f
INFO: Detected an invalid packet at item 704
INFO: Parser returned #f
INFO: Detected an invalid packet at item 736
INFO: Parser returned #f
INFO: Detected an invalid packet at item 768
INFO: Parser returned #f
INFO: Detected an invalid packet at item 800
INFO: Parser returned #f
INFO: Detected an invalid packet at item 832
INFO: Parser returned #f
INFO: Detected an invalid packet at item 864
INFO: Parser returned #f
INFO: Detected an invalid packet at item 896
INFO: Parser returned #f
INFO: Detected an invalid packet at item 928
INFO: Parser returned #f
INFO: Detected an invalid packet at item 960
INFO: Parser returned #f
INFO: Detected an invalid packet at item 992
INFO: Parser returned #f
INFO: Detected an invalid packet at item 1024
INFO: Parser returned #f
INFO: Detected an invalid packet at item 1056
INFO: Parser returned #f
INFO: Detected an invalid packet at item 1088
INFO: Parser returned #f
INFO: Detected an invalid packet at item 1120
INFO: Parser returned #f
INFO: Detected an invalid packet at item 1152
INFO: Parser returned #f
INFO: Detected an invalid packet at item 1184
INFO: Parser returned #f
INFO: Detected an invalid packet at item 1216
INFO: Parser returned #f
INFO: Detected an invalid packet at item 1248
INFO: Parser returned #f
INFO: Detected an invalid packet at item 1280
INFO: Parser returned #f
INFO: Detected an invalid packet at item 1312
INFO: Parser returned #f
INFO: Detected an invalid packet at item 1344
INFO: Parser returned #f
INFO: Detected an invalid packet at item 1376
INFO: Parser returned #f
INFO: Detected an invalid packet at item 1408
INFO: Parser returned #f
INFO: Detected an invalid packet at item 1440
INFO: Parser returned #f
INFO: Detected an invalid packet at item 1472
INFO: Parser returned #f
INFO: Detected an invalid packet at item 1504
INFO: Parser returned #f
INFO: Detected an invalid packet at item 1536
INFO: Parser returned #f
INFO: Detected an invalid packet at item 1568
INFO: Parser returned #f
INFO: Detected an invalid packet at item 1600
INFO: Parser returned #f
INFO: Detected an invalid packet at item 1632
INFO: Parser returned #f
INFO: Detected an invalid packet at item 1664
INFO: Parser returned #f
INFO: Detected an invalid packet at item 1696
INFO: Parser returned #f
INFO: Detected an invalid packet at item 1728
INFO: Parser returned #f
INFO: Detected an invalid packet at item 1760
INFO: Parser returned #f
INFO: Detected an invalid packet at item 1792
INFO: Parser returned #f
INFO: Detected an invalid packet at item 1824
INFO: Parser returned #f
INFO: Detected an invalid packet at item 1856
INFO: Parser returned #f
INFO: Detected an invalid packet at item 1888
INFO: Parser returned #f
INFO: Detected an invalid packet at item 1920
INFO: Parser returned #f
INFO: Detected an invalid packet at item 1952
INFO: Parser returned #f
INFO: Detected an invalid packet at item 1984
INFO: Parser returned #f
INFO: Detected an invalid packet at item 2016
INFO: Parser returned #f
INFO: Detected an invalid packet at item 2048
INFO: Parser returned #f
INFO: Detected an invalid packet at item 2080
INFO: Parser returned #f
INFO: Detected an invalid packet at item 2112
INFO: Parser returned #f
INFO: Detected an invalid packet at item 2144
INFO: Parser returned #f
INFO: Detected an invalid packet at item 2176
INFO: Parser returned #f
INFO: Detected an invalid packet at item 2208
INFO: Parser returned #f
INFO: Detected an invalid packet at item 2240
INFO: Parser returned #f
INFO: Detected an invalid packet at item 2272
INFO: Parser returned #f
INFO: Detected an invalid packet at item 2304
INFO: Parser returned #f
INFO: Detected an invalid packet at item 2336
INFO: Parser returned #f
INFO: Detected an invalid packet at item 2368
INFO: Parser returned #f
INFO: Detected an invalid packet at item 2400
INFO: Parser returned #f
INFO: Detected an invalid packet at item 2432
INFO: Parser returned #f
INFO: Detected an invalid packet at item 2464
INFO: Parser returned #f
INFO: Detected an invalid packet at item 2496
INFO: Parser returned #f
INFO: Detected an invalid packet at item 2528
INFO: Parser returned #f
INFO: Detected an invalid packet at item 2560
INFO: Parser returned #f
INFO: Detected an invalid packet at item 2592
INFO: Parser returned #f
INFO: Detected an invalid packet at item 2624
INFO: Parser returned #f
INFO: Detected an invalid packet at item 2656
INFO: Parser returned #f
INFO: Detected an invalid packet at item 2688
INFO: Parser returned #f
INFO: Detected an invalid packet at item 2720
INFO: Parser returned #f
INFO: Detected an invalid packet at item 2752
INFO: Parser returned #f
INFO: Detected an invalid packet at item 2784
INFO: Parser returned #f
INFO: Detected an invalid packet at item 2816
INFO: Parser returned #f
INFO: Detected an invalid packet at item 2848
INFO: Parser returned #f
INFO: Detected an invalid packet at item 2880
INFO: Parser returned #f
INFO: Detected an invalid packet at item 2912
INFO: Parser returned #f
INFO: Detected an invalid packet at item 2944
INFO: Parser returned #f
INFO: Detected an invalid packet at item 2976
INFO: Parser returned #f
INFO: Detected an invalid packet at item 3008
INFO: Parser returned #f
INFO: Detected an invalid packet at item 3040
INFO: Parser returned #f
INFO: Detected an invalid packet at item 3072
INFO: Parser returned #f
INFO: Detected an invalid packet at item 3104
INFO: Parser returned #f
INFO: Detected an invalid packet at item 3136
INFO: Parser returned #f
INFO: Detected an invalid packet at item 3168
INFO: Parser returned #f
INFO: Detected an invalid packet at item 3200
INFO: Parser returned #f
INFO: Detected an invalid packet at item 3232
INFO: Parser returned #f
INFO: Detected an invalid packet at item 3264
INFO: Parser returned #f
INFO: Detected an invalid packet at item 3296
INFO: Parser returned #f
INFO: Detected an invalid packet at item 3328
INFO: Parser returned #f
INFO: Detected an invalid packet at item 3360
INFO: Parser returned #f
INFO: Detected an invalid packet at item 3392
INFO: Parser returned #f
INFO: Detected an invalid packet at item 3424
INFO: Parser returned #f
INFO: Detected an invalid packet at item 3456
INFO: Parser returned #f
INFO: Detected an invalid packet at item 3488
INFO: Parser returned #f
INFO: Detected an invalid packet at item 3520
INFO: Parser returned #f
INFO: Detected an invalid packet at item 3552
INFO: Parser returned #f
INFO: Detected an invalid packet at item 3584
INFO: Parser returned #f
INFO: Detected an invalid packet at item 3616
INFO: Parser returned #f
INFO: Detected an invalid packet at item 3648
INFO: Parser returned #f
INFO: Detected an invalid packet at item 3680
INFO: Parser returned #f
INFO: Detected an invalid packet at item 3712
INFO: Parser returned #f
INFO: Detected an invalid packet at item 3744
INFO: Parser returned #f
INFO: Detected an invalid packet at item 3776
INFO: Parser returned #f
INFO: Detected an invalid packet at item 3808
INFO: Parser returned #f
INFO: Detected an invalid packet at item 3840
INFO: Parser returned #f
INFO: Detected an invalid packet at item 3872
INFO: Parser returned #f
INFO: Detected an invalid packet at item 3904
INFO: Parser returned #f
INFO: Detected an invalid packet at item 3936
INFO: Parser returned #f
INFO: Detected an invalid packet at item 3968
INFO: Parser returned #f
INFO: Detected an invalid packet at item 4000
INFO: Parser returned #f
INFO: Detected an invalid packet at item 4032
INFO: Parser returned #f
INFO: Detected an invalid packet at item 4064
INFO: Parser returned #f
INFO: Detected an invalid packet at item 4096
INFO: Parser returned #f
INFO: Detected an invalid packet at item 4128
INFO: Parser returned #f
INFO: Detected an invalid packet at item 4160
INFO: Parser returned #f
INFO: Detected an invalid packet at item 4192
INFO: Parser returned #f
INFO: Detected an invalid packet at item 4224
INFO: Parser returned #f
a data frame with index 0 from node: 3 has been transmitted 2th time
++++ frame_probe ID: 850 receives a frame at time 84.4766s ++++
INFO: Detected an invalid packet at item 4288
INFO: Parser returned #f
++++ frame_probe ID: 860 receives a frame at time 84.5174s ++++
* header analysis ID: 7 get the 1th transmission of data frame 0 at time 1.48554e+07 s
++++ frame_probe ID: 1 receives a frame at time 84.5279s ++++
++++ frame_probe ID: 2 receives a frame at time 84.528s ++++
++++ frame_probe ID: 1010 receives a frame at time 84.528s ++++
generated random number is++++ frame_probe ID: 1018 receives a frame at time 0.88284 and the threshold is 1. good luck. 
84.5281s ++++
INFO: Detected an invalid packet at item 4352
INFO: Parser returned #f
INFO: Detected an invalid packet at item 4384
INFO: Parser returned #f
INFO: Detected an invalid packet at item 64
INFO: Parser returned #f
a data frame with index 0 from node: 3 has been transmitted 3th time
++++ frame_probe ID: 850 receives a frame at time 84.6524s ++++
measurement 2/2 complete in 1 second(s).
INFO: Detected an invalid packet at item 4448
INFO: Parser returned #f
++++ frame_probe ID: 860 receives a frame at time 84.6932s ++++
* header analysis ID: 7 get the 1th transmission of data frame 0 at time 1.48554e+07 s
++++ frame_probe ID: 1 receives a frame at time 84.7007s ++++
++++ frame_probe ID: 2 receives a frame at time 84.7007s ++++
++++ frame_probe ID: 1010 receives a frame at time 84.7007s ++++
generated random number is0.781998 and the threshold is 1. good luck. 
++++ frame_probe ID: 1018 receives a frame at time 84.7008s ++++
INFO: Detected an invalid packet at item 4512
INFO: Parser returned #f
INFO: Detected an invalid packet at item 4544
INFO: Parser returned #f
INFO: Detected an invalid packet at item 4576
INFO: Parser returned #f
INFO: Detected an invalid packet at item 4608
INFO: Parser returned #f
INFO: Detected an invalid packet at item 4640
INFO: Parser returned #f
INFO: Detected an invalid packet at item 4672
INFO: Parser returned #f
INFO: Detected an invalid packet at item 4704
INFO: Parser returned #f
INFO: Detected an invalid packet at item 96
INFO: Parser returned #f
INFO: Detected an invalid packet at item 4736
INFO: Parser returned #f
INFO: Detected an invalid packet at item 4768
INFO: Parser returned #f
INFO: Detected an invalid packet at item 4800
INFO: Parser returned #f
INFO: Detected an invalid packet at item 4832
INFO: Parser returned #f
INFO: Detected an invalid packet at item 4864
INFO: Parser returned #f
INFO: Detected an invalid packet at item 4896
INFO: Parser returned #f
INFO: Detected an invalid packet at item 4928
INFO: Parser returned #f
INFO: Detected an invalid packet at item 4960
INFO: Parser returned #f
INFO: Detected an invalid packet at item 4992
INFO: Parser returned #f
INFO: Detected an invalid packet at item 5024
INFO: Parser returned #f
INFO: Detected an invalid packet at item 5056
INFO: Parser returned #f
INFO: Detected an invalid packet at item 5088
INFO: Parser returned #f
INFO: Detected an invalid packet at item 5120
INFO: Parser returned #f
INFO: Detected an invalid packet at item 5152
INFO: Parser returned #f
INFO: Detected an invalid packet at item 5184
INFO: Parser returned #f
INFO: Detected an invalid packet at item 5216
INFO: Parser returned #f
INFO: Detected an invalid packet at item 5248
INFO: Parser returned #f
INFO: Detected an invalid packet at item 5280
INFO: Parser returned #f
INFO: Detected an invalid packet at item 5312
INFO: Parser returned #f
INFO: Detected an invalid packet at item 5344
INFO: Parser returned #f
INFO: Detected an invalid packet at item 5376
INFO: Parser returned #f
INFO: Detected an invalid packet at item 5408
INFO: Parser returned #f
INFO: Detected an invalid packet at item 5440
INFO: Parser returned #f
INFO: Detected an invalid packet at item 5472
INFO: Parser returned #f
INFO: Detected an invalid packet at item 5504
INFO: Parser returned #f
INFO: Detected an invalid packet at item 5536
INFO: Parser returned #f
INFO: Detected an invalid packet at item 5568
INFO: Parser returned #f
INFO: Detected an invalid packet at item 5600
INFO: Parser returned #f
INFO: Detected an invalid packet at item 5632
INFO: Parser returned #f
INFO: Detected an invalid packet at item 5664
INFO: Parser returned #f
INFO: Detected an invalid packet at item 5696
INFO: Parser returned #f
INFO: Detected an invalid packet at item 5728
INFO: Parser returned #f
INFO: Detected an invalid packet at item 5760
INFO: Parser returned #f
INFO: Detected an invalid packet at item 5792
INFO: Parser returned #f
INFO: Detected an invalid packet at item 5824
INFO: Parser returned #f
INFO: Detected an invalid packet at item 5856
INFO: Parser returned #f
INFO: Detected an invalid packet at item 5888
INFO: Parser returned #f
INFO: Detected an invalid packet at item 5920
INFO: Parser returned #f
INFO: Detected an invalid packet at item 5952
INFO: Parser returned #f
INFO: Detected an invalid packet at item 5984
INFO: Parser returned #f
INFO: Detected an invalid packet at item 6016
INFO: Parser returned #f
INFO: Detected an invalid packet at item 6048
INFO: Parser returned #f
INFO: Detected an invalid packet at item 6080
INFO: Parser returned #f
INFO: Detected an invalid packet at item 6112
INFO: Parser returned #f
INFO: Detected an invalid packet at item 6144
INFO: Parser returned #f
INFO: Detected an invalid packet at item 6176
INFO: Parser returned #f
INFO: Detected an invalid packet at item 6208
INFO: Parser returned #f
INFO: Detected an invalid packet at item 6240
INFO: Parser returned #f
INFO: Detected an invalid packet at item 6272
INFO: Parser returned #f
INFO: Detected an invalid packet at item 6304
INFO: Parser returned #f
INFO: Detected an invalid packet at item 6336
INFO: Parser returned #f
INFO: Detected an invalid packet at item 6368
INFO: Parser returned #f
INFO: Detected an invalid packet at item 6400
INFO: Parser returned #f
INFO: Detected an invalid packet at item 6432
INFO: Parser returned #f
INFO: Detected an invalid packet at item 6464
INFO: Parser returned #f
INFO: Detected an invalid packet at item 6496
INFO: Parser returned #f
INFO: Detected an invalid packet at item 6528
INFO: Parser returned #f
INFO: Detected an invalid packet at item 6560
INFO: Parser returned #f
INFO: Detected an invalid packet at item 6592
INFO: Parser returned #f
INFO: Detected an invalid packet at item 6624
INFO: Parser returned #f
INFO: Detected an invalid packet at item 6656
INFO: Parser returned #f
INFO: Detected an invalid packet at item 6688
INFO: Parser returned #f
INFO: Detected an invalid packet at item 6720
INFO: Parser returned #f
INFO: Detected an invalid packet at item 6752
INFO: Parser returned #f
INFO: Detected an invalid packet at item 6784
INFO: Parser returned #f
INFO: Detected an invalid packet at item 6816
INFO: Parser returned #f
INFO: Detected an invalid packet at item 6848
INFO: Parser returned #f
INFO: Detected an invalid packet at item 6880
INFO: Parser returned #f
INFO: Detected an invalid packet at item 6912
INFO: Parser returned #f
INFO: Detected an invalid packet at item 6944
INFO: Parser returned #f
INFO: Detected an invalid packet at item 6976
INFO: Parser returned #f
INFO: Detected an invalid packet at item 7008
INFO: Parser returned #f
INFO: Detected an invalid packet at item 7040
INFO: Parser returned #f
INFO: Detected an invalid packet at item 7072
INFO: Parser returned #f
INFO: Detected an invalid packet at item 7104
INFO: Parser returned #f
INFO: Detected an invalid packet at item 7136
INFO: Parser returned #f
INFO: Detected an invalid packet at item 7168
INFO: Parser returned #f
INFO: Detected an invalid packet at item 7200
INFO: Parser returned #f
INFO: Detected an invalid packet at item 7232
INFO: Parser returned #f
INFO: Detected an invalid packet at item 7264
INFO: Parser returned #f
INFO: Detected an invalid packet at item 7296
INFO: Parser returned #f
INFO: Detected an invalid packet at item 7328
INFO: Parser returned #f
INFO: Detected an invalid packet at item 7360
INFO: Parser returned #f
INFO: Detected an invalid packet at item 7392
INFO: Parser returned #f
INFO: Detected an invalid packet at item 7424
INFO: Parser returned #f
INFO: Detected an invalid packet at item 7456
INFO: Parser returned #f
INFO: Detected an invalid packet at item 7488
INFO: Parser returned #f
INFO: Detected an invalid packet at item 7520
INFO: Parser returned #f
INFO: Detected an invalid packet at item 7552
INFO: Parser returned #f
INFO: Detected an invalid packet at item 7584
INFO: Parser returned #f
INFO: Detected an invalid packet at item 7616
INFO: Parser returned #f
INFO: Detected an invalid packet at item 7648
INFO: Parser returned #f
INFO: Detected an invalid packet at item 7680
INFO: Parser returned #f
INFO: Detected an invalid packet at item 7712
INFO: Parser returned #f
INFO: Detected an invalid packet at item 7744
INFO: Parser returned #f
INFO: Detected an invalid packet at item 7776
INFO: Parser returned #f
INFO: Detected an invalid packet at item 7808
INFO: Parser returned #f
INFO: Detected an invalid packet at item 7840
INFO: Parser returned #f
INFO: Detected an invalid packet at item 7872
INFO: Parser returned #f
INFO: Detected an invalid packet at item 7904
INFO: Parser returned #f
INFO: Detected an invalid packet at item 7936
INFO: Parser returned #f
INFO: Detected an invalid packet at item 7968
INFO: Parser returned #f
INFO: Detected an invalid packet at item 8000
INFO: Parser returned #f
INFO: Detected an invalid packet at item 8032
INFO: Parser returned #f
INFO: Detected an invalid packet at item 8064
INFO: Parser returned #f
INFO: Detected an invalid packet at item 8096
INFO: Parser returned #f
INFO: Detected an invalid packet at item 8128
INFO: Parser returned #f
INFO: Detected an invalid packet at item 8160
INFO: Parser returned #f
INFO: Detected an invalid packet at item 8192
INFO: Parser returned #f
INFO: Detected an invalid packet at item 8224
INFO: Parser returned #f
INFO: Detected an invalid packet at item 8256
INFO: Parser returned #f
INFO: Detected an invalid packet at item 8288
INFO: Parser returned #f
INFO: Detected an invalid packet at item 8320
INFO: Parser returned #f
INFO: Detected an invalid packet at item 8352
INFO: Parser returned #f
INFO: Detected an invalid packet at item 8384
INFO: Parser returned #f
INFO: Detected an invalid packet at item 8416
INFO: Parser returned #f
INFO: Detected an invalid packet at item 8448
INFO: Parser returned #f
INFO: Detected an invalid packet at item 8480
INFO: Parser returned #f
a data frame with index 0 from node: 3 has been transmitted 4th time
++++ frame_probe ID: 850 receives a frame at time 84.8778s ++++
INFO: Detected an invalid packet at item 8544
INFO: Parser returned #f
++++ frame_probe ID: 860 receives a frame at time 84.9187s ++++
* header analysis ID: 7 get the 1th transmission of data frame 0 at time 1.48554e+07 s
++++ frame_probe ID: 1 receives a frame at time 84.9245s ++++
++++ frame_probe ID: 2 receives a frame at time 84.9246s ++++
++++ frame_probe ID: 1010 receives a frame at time 84.9246s ++++
generated random number is0.840709 and the threshold is 1. good luck. 
++++ frame_probe ID: 1018 receives a frame at time 84.9247s ++++
INFO: Detected an invalid packet at item 8608
INFO: Parser returned #f
INFO: Detected an invalid packet at item 8640
INFO: Parser returned #f
+++++++++ frame_probe ID: 882 +++++++++Input mac frame has length: 15

+++++++++ frame_probe ID: 883 +++++++++ ---- ack frame detected ---- frame index is:            5;    destination address is:    86;    source address is:         94;    number of transmission is: 254;    reserved field I is:       43207;    reserved field II is:      684;    payload length is:           21765;    header length is:          11;    address check is:          0;    good frame is:             0;    analysis time is:             1.50039e+09;    frame info contains a frame with length 15 bytes: 
a data frame with index 0 from node: 3 has been transmitted 5th time
++++ frame_probe ID: 850 receives a frame at time 85.1037s ++++
INFO: Detected an invalid packet at item 8704
INFO: Parser returned #f
++++ frame_probe ID: 860 receives a frame at time 85.1446s ++++
* header analysis ID: 7 get the 1th transmission of data frame 0 at time 1.48554e+07 s
++++ frame_probe ID: 1 receives a frame at time 85.1551s ++++
++++ frame_probe ID: 2 receives a frame at time 85.1552s ++++
++++ frame_probe ID: 1010 receives a frame at time 85.1552s ++++
generated random number is++++ frame_probe ID: 0.785997 and the threshold is 1018 receives a frame at time 1. good luck. 
85.1553s ++++
INFO: Detected an invalid packet at item 8768
INFO: Parser returned #f
INFO: Detected an invalid packet at item 8800
INFO: Parser returned #f
INFO: Detected an invalid packet at item 8832
INFO: Parser returned #f
+++++++++ frame_probe ID: 882 +++++++++Input mac frame has length: 15

+++++++++ frame_probe ID: 883 +++++++++ ---- rts frame detected ---- frame index is:            85;    destination address is:    86;    source address is:         87;    number of transmission is: 86;    reserved field I is:       64705;    reserved field II is:      43686;    payload length is:           256;    header length is:          11;    nav time      is:          902959111;    address check is:          0;    good frame is:             0;    analysis time is:             1.50039e+09;    frame info contains a frame with length 15 bytes: 
frame: 0 from node: 3 is dropped because its max retransmission counter is reached. 
counter ID 880 results at time 6385.55 is 5
++++ frame_probe ID: 850 receives a frame at time 85.5646s ++++
INFO: Detected an invalid packet at item 8896
INFO: Parser returned #f
++++ frame_probe ID: 860 receives a frame at time 85.6055s ++++
* header analysis ID: 7 get the 1th transmission of data frame 1 at time 1.48554e+07 s
++++ frame_probe ID: 1 receives a frame at time 85.6151s ++++
++++ frame_probe ID: 2 receives a frame at time 85.6152s ++++
++++ frame_probe ID: 1010 receives a frame at time 85.6152s ++++
generated random number is++++ frame_probe ID: 1018 receives a frame at time 0.44780485.6153s ++++ and the threshold is 
1. good luck. 
INFO: Detected an invalid packet at item 8960
INFO: Parser returned #f
INFO: Detected an invalid packet at item 8992
INFO: Parser returned #f
INFO: Detected an invalid packet at item 192
INFO: Parser returned #f
measurement 2 raw data directory created /home/inets/0_ba/bachelor_thesis/measurements/debug/data/136/2/.
'/home/inets/source/gr-inets/results/ack_not_filtered.txt' -> '/home/inets/0_ba/bachelor_thesis/measurements/debug/data/136/2/ack_not_filtered.txt'
'/home/inets/source/gr-inets/results/receiver_data_received.txt' -> '/home/inets/0_ba/bachelor_thesis/measurements/debug/data/136/2/receiver_data_received.txt'
'/home/inets/source/gr-inets/results/sender_bfr_dq.txt' -> '/home/inets/0_ba/bachelor_thesis/measurements/debug/data/136/2/sender_bfr_dq.txt'
'/home/inets/source/gr-inets/results/sender_data_sent.txt' -> '/home/inets/0_ba/bachelor_thesis/measurements/debug/data/136/2/sender_data_sent.txt'
'/home/inets/source/gr-inets/results/sender_retransmissions.txt' -> '/home/inets/0_ba/bachelor_thesis/measurements/debug/data/136/2/sender_retransmissions.txt'
measurement 2 raw data moved to /home/inets/0_ba/bachelor_thesis/measurements/debug/data/136/2/.

now processing results...
plotting python should be: python3 (ubuntu).
Hello from throughput.py!
hello from variables.py!
Ack file not found. Probably zero throughput
0
6
Ack file not found. Probably zero throughput
0
7
[ 6000.  7000.]
Hello from myplot.py!
I will print a pdf for you now!
Hello from myplot.py!
I will print a cdf for you now!
<a list of 1 Patch objects>
Hello from myplot.py!
I will print a boxplot for you now!
Hello from myplot.py!
I will print a bar for you now!
Hello from myplot.py!
I will print a line for you now!
Hello from rtt.py!
hello from variables.py!
data_sent: 1500386380.107070
data_sent: 1500386380.278515
data_sent: 1500386380.458851
data_sent: 1500386380.649851
data_sent: 1500386380.866086
data_sent: 1500386381.192704
File /home/inets/0_ba/bachelor_thesis/measurements/debug/data/136/1/sender_ack_received.txt not found.                 Assuming not reached in GR.
File /home/inets/0_ba/bachelor_thesis/measurements/debug/data/136/1/sender_retransmissions.txt not found.                 Assuming not reached in GR. Creating data for you...

The resulting RTTs of this single measurement are:
[]



The resulting mean RTT of this single measurement is:
100


abs. packet loss: 6.0
packet loss in %: 100.0%

+--------------------------------------------------------------+
| plotting completed. until the next measurement session then! |
+--------------------------------------------------------------+
