measurement 1/2 complete in 4 second(s).
linux; GNU C++ version 5.4.0 20160609; Boost_105800; UHD_003.009.005-45-g6768a615
linux; GNU C++ version 5.4.0 20160609; Boost_105800; UHD_003.009.005-45-g6768a615


Using Volk machine: avx_64_mmx
-- Opening a USRP2/N-Series device...
Using Volk machine: avx_64_mmx
-- Opening a USRP2/N-Series device...
-- Current recv frame size: 1472 bytes
-- Current send frame size: 1472 bytes
-- Current recv frame size: 1472 bytes
-- Current send frame size: 1472 bytes
measurement 1/2 complete in 3 second(s).
develop mode of resend_check ID: 24 is activated.
develop_mode of random_filter ID: 1015 is activated.
the 880th message counter is activated.
the 100th message counter is activated.
the 100th message counter is activated.
measurement 1/2 complete in 2 second(s).
node starts running at 26.1319
node starts running at 26.1345
++++ frame_probe ID: 850 receives a frame at time 26.275s ++++
INFO: Detected an invalid packet at item 0
INFO: Parser returned #f
++++ frame_probe ID: 860 receives a frame at time 26.3158s ++++
* header analysis ID: 7 get the 1th transmission of data frame 0 at time 1.48553e+07 s
++++ frame_probe ID: 1 receives a frame at time 26.323s ++++
++++ frame_probe ID: 2 receives a frame at time 26.323s ++++
++++ frame_probe ID: 1010 receives a frame at time 26.323s ++++
generated random number is0.990934 and the threshold is ++++ frame_probe ID: 1018 receives a frame at time 1. good luck. 
26.3231s ++++
INFO: Detected an invalid packet at item 64
INFO: Parser returned #f
INFO: Detected an invalid packet at item 96
INFO: Parser returned #f
INFO: Detected an invalid packet at item 0
INFO: Parser returned #f
a data frame with index 0 from node: 3 has been transmitted 1th time
++++ frame_probe ID: 850 receives a frame at time 26.4454s ++++
++++ frame_probe ID: 860 receives a frame at time 26.4859s ++++
* header analysis ID: 7 get the 1th transmission of data frame 0 at time 1.48553e+07 s
++++ frame_probe ID: 1 receives a frame at time 26.4953s ++++
++++ frame_probe ID: 2 receives a frame at time 26.4953s ++++
++++ frame_probe ID: 1010 receives a frame at time 26.4954s ++++
generated random number is++++ frame_probe ID: 1018 receives a frame at time 0.0759595 and the threshold is 1. good luck. 
26.4954s ++++
INFO: Detected an invalid packet at item 192
INFO: Parser returned #f
INFO: Detected an invalid packet at item 224
INFO: Parser returned #f
INFO: Detected an invalid packet at item 32
INFO: Parser returned #f
a data frame with index 0 from node: 3 has been transmitted 2th time
++++ frame_probe ID: 850 receives a frame at time 26.6205s ++++
INFO: Detected an invalid packet at item 288
INFO: Parser returned #f
++++ frame_probe ID: 860 receives a frame at time 26.6612s ++++
* header analysis ID: 7 get the 1th transmission of data frame 0 at time 1.48553e+07 s
++++ frame_probe ID: 1 receives a frame at time 26.6681s ++++
++++ frame_probe ID: 2 receives a frame at time 26.6681s ++++
++++ frame_probe ID: 1010 receives a frame at time 26.6682s ++++
generated random number is0.0925382 and the threshold is ++++ frame_probe ID: 1. good luck. 
1018 receives a frame at time 26.6682s ++++
INFO: Detected an invalid packet at item 352
INFO: Parser returned #f
INFO: Detected an invalid packet at item 384
INFO: Parser returned #f
INFO: Detected an invalid packet at item 64
INFO: Parser returned #f
measurement 1/2 complete in 1 second(s).
a data frame with index 0 from node: 3 has been transmitted 3th time
++++ frame_probe ID: 850 receives a frame at time 26.7962s ++++
INFO: Detected an invalid packet at item 448
INFO: Parser returned #f
++++ frame_probe ID: 860 receives a frame at time 26.837s ++++
* header analysis ID: 7 get the 1th transmission of data frame 0 at time 1.48553e+07 s
++++ frame_probe ID: 1 receives a frame at time 26.8405s ++++
++++ frame_probe ID: 2 receives a frame at time 26.8405s ++++
++++ frame_probe ID: 1010 receives a frame at time 26.8406s ++++
generated random number is++++ frame_probe ID: 10180.827513 receives a frame at time  and the threshold is 1. good luck. 
26.8406s ++++
INFO: Detected an invalid packet at item 512
INFO: Parser returned #f
INFO: Detected an invalid packet at item 544
INFO: Parser returned #f
INFO: Detected an invalid packet at item 576
INFO: Parser returned #f
INFO: Detected an invalid packet at item 96
INFO: Parser returned #f
a data frame with index 0 from node: 3 has been transmitted 4th time
++++ frame_probe ID: 850 receives a frame at time 27.0126s ++++
INFO: Detected an invalid packet at item 640
INFO: Parser returned #f
++++ frame_probe ID: 860 receives a frame at time 27.0535s ++++
* header analysis ID: 7 get the 1th transmission of data frame 0 at time 1.48553e+07 s
++++ frame_probe ID: 1 receives a frame at time 27.0622s ++++
++++ frame_probe ID: 2 receives a frame at time 27.0623s ++++
++++ frame_probe ID: 1010 receives a frame at time 27.0623s ++++
generated random number is++++ frame_probe ID: 1018 receives a frame at time 0.611908 and the threshold is 1. good luck. 
27.0624s ++++
INFO: Detected an invalid packet at item 704
INFO: Parser returned #f
INFO: Detected an invalid packet at item 736
INFO: Parser returned #f
INFO: Detected an invalid packet at item 128
INFO: Parser returned #f
a data frame with index 0 from node: 3 has been transmitted 5th time
++++ frame_probe ID: 850 receives a frame at time 27.2736s ++++
++++ frame_probe ID: 860 receives a frame at time 27.3147s ++++
* header analysis ID: 7 get the 1th transmission of data frame 0 at time 1.48553e+07 s
++++ frame_probe ID: 1 receives a frame at time 27.3206s ++++
++++ frame_probe ID: 2 receives a frame at time 27.3206s ++++
++++ frame_probe ID: 1010 receives a frame at time 27.3207s ++++
generated random number is++++ frame_probe ID: 0.8668861018 receives a frame at time  and the threshold is 1. good luck. 
27.3207s ++++
INFO: Detected an invalid packet at item 832
INFO: Parser returned #f
INFO: Detected an invalid packet at item 864
INFO: Parser returned #f
INFO: Detected an invalid packet at item 160
INFO: Parser returned #f
frame: 0 from node: 3 is dropped because its max retransmission counter is reached. 
counter ID 880 results at time 4827.51 is 5
++++ frame_probe ID: 850 receives a frame at time 27.5294s ++++
INFO: Detected an invalid packet at item 928
INFO: Parser returned #f
++++ frame_probe ID: 860 receives a frame at time 27.5703s ++++
* header analysis ID: 7 get the 1th transmission of data frame 1 at time 1.48553e+07 s
++++ frame_probe ID: 1 receives a frame at time 27.5801s ++++
++++ frame_probe ID: 2 receives a frame at time 27.5801s ++++
++++ frame_probe ID: 1010 receives a frame at time 27.5802s ++++
generated random number is++++ frame_probe ID: 1018 receives a frame at time 0.293906 and the threshold is 1. good luck. 
27.5802s ++++
INFO: Detected an invalid packet at item 992
INFO: Parser returned #f
INFO: Detected an invalid packet at item 1024
INFO: Parser returned #f
INFO: Detected an invalid packet at item 192
INFO: Parser returned #f
a data frame with index 1 from node: 3 has been transmitted 1th time
++++ frame_probe ID: 850 receives a frame at time 27.7052s ++++
INFO: Detected an invalid packet at item 1088
INFO: Parser returned #f
++++ frame_probe ID: 860 receives a frame at time 27.7461s ++++
measurement 1 raw data directory created /home/inets/0_ba/bachelor_thesis/measurements/debug/data/129/1/.
'/home/inets/source/gr-inets/results/ack_not_filtered.txt' -> '/home/inets/0_ba/bachelor_thesis/measurements/debug/data/129/1/ack_not_filtered.txt'
'/home/inets/source/gr-inets/results/receiver_data_received.txt' -> '/home/inets/0_ba/bachelor_thesis/measurements/debug/data/129/1/receiver_data_received.txt'
'/home/inets/source/gr-inets/results/sender_bfr_dq.txt' -> '/home/inets/0_ba/bachelor_thesis/measurements/debug/data/129/1/sender_bfr_dq.txt'
'/home/inets/source/gr-inets/results/sender_data_sent.txt' -> '/home/inets/0_ba/bachelor_thesis/measurements/debug/data/129/1/sender_data_sent.txt'
'/home/inets/source/gr-inets/results/sender_retransmissions.txt' -> '/home/inets/0_ba/bachelor_thesis/measurements/debug/data/129/1/sender_retransmissions.txt'
measurement 1 raw data moved to /home/inets/0_ba/bachelor_thesis/measurements/debug/data/129/1/.

measurement 2/2 complete in 4 second(s).
linux; GNU C++ version 5.4.0 20160609; Boost_105800; UHD_003.009.005-45-g6768a615
linux; GNU C++ version 5.4.0 20160609; Boost_105800; UHD_003.009.005-45-g6768a615


Using Volk machine: avx_64_mmx
-- Opening a USRP2/N-Series device...
Using Volk machine: avx_64_mmx
-- Opening a USRP2/N-Series device...
-- Current recv frame size: 1472 bytes
-- Current send frame size: 1472 bytes
-- Current recv frame size: 1472 bytes
-- Current send frame size: 1472 bytes
measurement 2/2 complete in 3 second(s).
develop mode of resend_check ID: 24 is activated.
develop_mode of random_filter ID: 1015 is activated.
the 100th message counter is activated.
the 880th message counter is activated.
the 100th message counter is activated.
measurement 2/2 complete in 2 second(s).
node starts running at 30.1246
node starts running at 30.1305
++++ frame_probe ID: 850 receives a frame at time 30.2972s ++++
INFO: Detected an invalid packet at item 0
INFO: Parser returned #f
++++ frame_probe ID: 860 receives a frame at time 30.3388s ++++
* header analysis ID: 7 get the 1th transmission of data frame 0 at time 1.48553e+07 s
++++ frame_probe ID: 2 receives a frame at time ++++ frame_probe ID: 1 receives a frame at time 30.3461s ++++
30.3461s ++++
++++ frame_probe ID: 1010 receives a frame at time 30.3461s ++++
generated random number is++++ frame_probe ID: 1018 receives a frame at time 30.34620.275935s ++++
 and the threshold is 1. good luck. 
INFO: Detected an invalid packet at item 0
INFO: Parser returned #f
INFO: Detected an invalid packet at item 64
INFO: Parser returned #f
INFO: Detected an invalid packet at item 96
INFO: Parser returned #f
a data frame with index 0 from node: 3 has been transmitted 1th time
++++ frame_probe ID: 850 receives a frame at time 30.4689s ++++
INFO: Detected an invalid packet at item 160
INFO: Parser returned #f
++++ frame_probe ID: 860 receives a frame at time 30.5101s ++++
* header analysis ID: 7 get the 1th transmission of data frame 0 at time 1.48553e+07 s
++++ frame_probe ID: 1 receives a frame at time 30.5194s ++++
++++ frame_probe ID: 2 receives a frame at time 30.5195s ++++
++++ frame_probe ID: 1010 receives a frame at time 30.5195s ++++
generated random number is0.910885 and the threshold is ++++ frame_probe ID: 1018 receives a frame at time 1. good luck. 
30.5196s ++++
INFO: Detected an invalid packet at item 224
INFO: Parser returned #f
INFO: Detected an invalid packet at item 256
INFO: Parser returned #f
INFO: Detected an invalid packet at item 32
INFO: Parser returned #f
a data frame with index 0 from node: 3 has been transmitted 2th time
++++ frame_probe ID: 850 receives a frame at time 30.6507s ++++
++++ frame_probe ID: 860 receives a frame at time 30.6917s ++++
* header analysis ID: 7 get the 1th transmission of data frame 0 at time 1.48553e+07 s
++++ frame_probe ID: 1 receives a frame at time 30.7017s ++++
++++ frame_probe ID: 2 receives a frame at time 30.7018s ++++
++++ frame_probe ID: 1010 receives a frame at time 30.7018s ++++
generated random number is++++ frame_probe ID: 1018 receives a frame at time 0.350472 and the threshold is 1. good luck. 
30.7019s ++++
INFO: Detected an invalid packet at item 352
INFO: Parser returned #f
INFO: Detected an invalid packet at item 384
INFO: Parser returned #f
INFO: Detected an invalid packet at item 416
INFO: Parser returned #f
INFO: Detected an invalid packet at item 64
INFO: Parser returned #f
measurement 2/2 complete in 1 second(s).
a data frame with index 0 from node: 3 has been transmitted 3th time
++++ frame_probe ID: 850 receives a frame at time 30.8519s ++++
INFO: Detected an invalid packet at item 480
INFO: Parser returned #f
++++ frame_probe ID: 860 receives a frame at time 30.8928s ++++
* header analysis ID: 7 get the 1th transmission of data frame 0 at time 1.48553e+07 s
++++ frame_probe ID: 1 receives a frame at time 30.9031s ++++
++++ frame_probe ID: 2 receives a frame at time 30.9031s ++++
++++ frame_probe ID: 1010 receives a frame at time 30.9032s ++++
generated random number is++++ frame_probe ID: 1018 receives a frame at time 0.429936 and the threshold is 1. good luck. 
30.9033s ++++
INFO: Detected an invalid packet at item 544
INFO: Parser returned #f
INFO: Detected an invalid packet at item 576
INFO: Parser returned #f
INFO: Detected an invalid packet at item 608
INFO: Parser returned #f
INFO: Detected an invalid packet at item 96
INFO: Parser returned #f
a data frame with index 0 from node: 3 has been transmitted 4th time
++++ frame_probe ID: 850 receives a frame at time 31.023s ++++
INFO: Detected an invalid packet at item 672
INFO: Parser returned #f
++++ frame_probe ID: 860 receives a frame at time 31.064s ++++
* header analysis ID: 7 get the 1th transmission of data frame 0 at time 1.48553e+07 s
++++ frame_probe ID: 1 receives a frame at time 31.0757s ++++
++++ frame_probe ID: 2 receives a frame at time 31.0758s ++++
++++ frame_probe ID: 1010 receives a frame at time 31.0758s ++++
generated random number is++++ frame_probe ID: 1018 receives a frame at time 0.392473 and the threshold is 131.0759. good luck. s ++++

INFO: Detected an invalid packet at item 736
INFO: Parser returned #f
INFO: Detected an invalid packet at item 768
INFO: Parser returned #f
INFO: Detected an invalid packet at item 128
INFO: Parser returned #f
a data frame with index 0 from node: 3 has been transmitted 5th time
++++ frame_probe ID: 850 receives a frame at time 31.3192s ++++
INFO: Detected an invalid packet at item 832
INFO: Parser returned #f
++++ frame_probe ID: 860 receives a frame at time 31.3602s ++++
* header analysis ID: 7 get the 1th transmission of data frame 0 at time 1.48553e+07 s
++++ frame_probe ID: 1 receives a frame at time 31.3641s ++++
++++ frame_probe ID: 2 receives a frame at time ++++ frame_probe ID: 1010 receives a frame at time 31.3642s ++++
31.3642s ++++
generated random number is++++ frame_probe ID: 1018 receives a frame at time 0.0432841 and the threshold is 1. good luck. 
31.3643s ++++
INFO: Detected an invalid packet at item 896
INFO: Parser returned #f
INFO: Detected an invalid packet at item 928
INFO: Parser returned #f
INFO: Detected an invalid packet at item 960
INFO: Parser returned #f
INFO: Detected an invalid packet at item 160
INFO: Parser returned #f
frame: 0 from node: 3 is dropped because its max retransmission counter is reached. 
counter ID 880 results at time 4831.67 is 5
++++ frame_probe ID: 850 receives a frame at time 31.6855s ++++
INFO: Detected an invalid packet at item 1024
INFO: Parser returned #f
++++ frame_probe ID: 860 receives a frame at time 31.7268s ++++
* header analysis ID: 7 get the 1th transmission of data frame 1 at time 1.48553e+07 s
++++ frame_probe ID: 1 receives a frame at time 31.7381s ++++
++++ frame_probe ID: 2 receives a frame at time 31.7381s ++++
++++ frame_probe ID: 1010 receives a frame at time 31.7382s ++++
generated random number is++++ frame_probe ID: 1018 receives a frame at time 0.626821 and the threshold is 1. good luck. 
31.7383s ++++
INFO: Detected an invalid packet at item 1088
INFO: Parser returned #f
INFO: Detected an invalid packet at item 1120
INFO: Parser returned #f
measurement 2 raw data directory created /home/inets/0_ba/bachelor_thesis/measurements/debug/data/129/2/.
'/home/inets/source/gr-inets/results/ack_not_filtered.txt' -> '/home/inets/0_ba/bachelor_thesis/measurements/debug/data/129/2/ack_not_filtered.txt'
'/home/inets/source/gr-inets/results/receiver_data_received.txt' -> '/home/inets/0_ba/bachelor_thesis/measurements/debug/data/129/2/receiver_data_received.txt'
'/home/inets/source/gr-inets/results/sender_bfr_dq.txt' -> '/home/inets/0_ba/bachelor_thesis/measurements/debug/data/129/2/sender_bfr_dq.txt'
'/home/inets/source/gr-inets/results/sender_data_sent.txt' -> '/home/inets/0_ba/bachelor_thesis/measurements/debug/data/129/2/sender_data_sent.txt'
'/home/inets/source/gr-inets/results/sender_retransmissions.txt' -> '/home/inets/0_ba/bachelor_thesis/measurements/debug/data/129/2/sender_retransmissions.txt'
measurement 2 raw data moved to /home/inets/0_ba/bachelor_thesis/measurements/debug/data/129/2/.

now processing results...
plotting python should be: python3 (ubuntu).
