measurement 1/2 complete in 15 second(s).
linux; GNU C++ version 5.4.0 20160609; Boost_105800; UHD_003.009.005-45-g6768a615
linux; GNU C++ version 5.4.0 20160609; Boost_105800; UHD_003.009.005-45-g6768a615


Using Volk machine: avx_64_mmx
-- Opening a USRP2/N-Series device...
Using Volk machine: avx_64_mmx
-- Current recv frame size: 1472 bytes
-- Current send frame size: 1472 bytes
measurement 1/2 complete in 14 second(s).
develop mode of resend_check ID: 24 is activated.
the 880th message counter is activated.
the 100th message counter is activated.
measurement 1/2 complete in 13 second(s).
node starts running at 11.125
++++ frame_probe ID: 850 receives a frame at time 11.2072s ++++
++++ frame_probe ID: 860 receives a frame at time 11.2488s ++++
INFO: Detected an invalid packet at item 0
INFO: Parser returned #f
a data frame with index 0 from node: 3 has been transmitted 1th time
++++ frame_probe ID: 850 receives a frame at time 11.3842s ++++
++++ frame_probe ID: 860 receives a frame at time 11.4247s ++++
INFO: Detected an invalid packet at item 32
INFO: Parser returned #f
a data frame with index 0 from node: 3 has been transmitted 2th time
++++ frame_probe ID: 850 receives a frame at time 11.5544s ++++
++++ frame_probe ID: 860 receives a frame at time 11.5957s ++++
INFO: Detected an invalid packet at item 64
INFO: Parser returned #f
a data frame with index 0 from node: 3 has been transmitted 3th time
++++ frame_probe ID: 850 receives a frame at time 11.7507s ++++
measurement 1/2 complete in 12 second(s).
++++ frame_probe ID: 860 receives a frame at time 11.7916s ++++
INFO: Detected an invalid packet at item 96
INFO: Parser returned #f
a data frame with index 0 from node: 3 has been transmitted 4th time
++++ frame_probe ID: 850 receives a frame at time 11.9315s ++++
++++ frame_probe ID: 860 receives a frame at time 11.9728s ++++
INFO: Detected an invalid packet at item 128
INFO: Parser returned #f
a data frame with index 0 from node: 3 has been transmitted 5th time
++++ frame_probe ID: 850 receives a frame at time 12.1578s ++++
++++ frame_probe ID: 860 receives a frame at time 12.1987s ++++
+++++++++ frame_probe ID: 882 +++++++++Input mac frame has length: 15

+++++++++ frame_probe ID: 883 +++++++++ ---- ack frame detected ---- frame index is:            1;    destination address is:    86;    source address is:         86;    number of transmission is: 254;    reserved field I is:       43203;    reserved field II is:      43942;    payload length is:           168;    header length is:          11;    address check is:          0;    good frame is:             0;    analysis time is:             1.50039e+09;    frame info contains a frame with length 15 bytes: 
frame: 0 from node: 3 is dropped because its max retransmission counter is reached. 
counter ID 880 results at time 7212.36 is 5
++++ frame_probe ID: 850 receives a frame at time 12.3736s ++++
++++ frame_probe ID: 860 receives a frame at time 12.4146s ++++
INFO: Detected an invalid packet at item 192
INFO: Parser returned #f
a data frame with index 1 from node: 3 has been transmitted 1th time
++++ frame_probe ID: 850 receives a frame at time 12.5496s ++++
++++ frame_probe ID: 860 receives a frame at time 12.5905s ++++
INFO: Detected an invalid packet at item 224
INFO: Parser returned #f
a data frame with index 1 from node: 3 has been transmitted 2th time
++++ frame_probe ID: 850 receives a frame at time 12.7205s ++++
measurement 1/2 complete in 11 second(s).
++++ frame_probe ID: 860 receives a frame at time 12.7618s ++++
INFO: Detected an invalid packet at item 256
INFO: Parser returned #f
a data frame with index 1 from node: 3 has been transmitted 3th time
++++ frame_probe ID: 850 receives a frame at time 12.8969s ++++
++++ frame_probe ID: 860 receives a frame at time 12.9379s ++++
INFO: Detected an invalid packet at item 288
INFO: Parser returned #f
a data frame with index 1 from node: 3 has been transmitted 4th time
++++ frame_probe ID: 850 receives a frame at time 13.1426s ++++
++++ frame_probe ID: 860 receives a frame at time 13.1835s ++++
+++++++++ frame_probe ID: 882 +++++++++Input mac frame has length: 15

+++++++++ frame_probe ID: 883 +++++++++ ---- rts frame detected ---- frame index is:            87;    destination address is:    92;    source address is:         254;    number of transmission is: 248;    reserved field I is:       41367;    reserved field II is:      1036;    payload length is:           24405;    header length is:          11;    nav time      is:          -95540900;    address check is:          0;    good frame is:             0;    analysis time is:             1.50039e+09;    frame info contains a frame with length 15 bytes: 
a data frame with index 1 from node: 3 has been transmitted 5th time
++++ frame_probe ID: 850 receives a frame at time 13.3886s ++++
++++ frame_probe ID: 860 receives a frame at time 13.4297s ++++
INFO: Detected an invalid packet at item 352
INFO: Parser returned #f
frame: 1 from node: 3 is dropped because its max retransmission counter is reached. 
counter ID 880 results at time 7213.55 is 6
++++ frame_probe ID: 850 receives a frame at time 13.5649s ++++
++++ frame_probe ID: 860 receives a frame at time 13.6058s ++++
INFO: Detected an invalid packet at item 384
INFO: Parser returned #f
a data frame with index 2 from node: 3 has been transmitted 1th time
++++ frame_probe ID: 850 receives a frame at time 13.7408s ++++
measurement 1/2 complete in 10 second(s).
++++ frame_probe ID: 860 receives a frame at time 13.7817s ++++
INFO: Detected an invalid packet at item 416
INFO: Parser returned #f
a data frame with index 2 from node: 3 has been transmitted 2th time
++++ frame_probe ID: 850 receives a frame at time 13.9167s ++++
++++ frame_probe ID: 860 receives a frame at time 13.9578s ++++
INFO: Detected an invalid packet at item 448
INFO: Parser returned #f
a data frame with index 2 from node: 3 has been transmitted 3th time
++++ frame_probe ID: 850 receives a frame at time 14.0882s ++++
++++ frame_probe ID: 860 receives a frame at time 14.1291s ++++
+++++++++ frame_probe ID: 882 +++++++++Input mac frame has length: 15

a data frame with index 2 from node: 3 has been transmitted 4th time
++++ frame_probe ID: 850 receives a frame at time 14.3092s ++++
++++ frame_probe ID: 860 receives a frame at time 14.3502s ++++
INFO: Detected an invalid packet at item 512
INFO: Parser returned #f
a data frame with index 2 from node: 3 has been transmitted 5th time
++++ frame_probe ID: 850 receives a frame at time 14.6306s ++++
++++ frame_probe ID: 860 receives a frame at time 14.6715s ++++
INFO: Detected an invalid packet at item 544
INFO: Parser returned #f
measurement 1/2 complete in 9 second(s).
frame: 2 from node: 3 is dropped because its max retransmission counter is reached. 
counter ID 880 results at time 7214.89 is 6
++++ frame_probe ID: 850 receives a frame at time 14.9067s ++++
++++ frame_probe ID: 860 receives a frame at time 14.9476s ++++
INFO: Detected an invalid packet at item 576
INFO: Parser returned #f
a data frame with index 3 from node: 3 has been transmitted 1th time
++++ frame_probe ID: 850 receives a frame at time 15.078s ++++
++++ frame_probe ID: 860 receives a frame at time 15.1189s ++++
INFO: Detected an invalid packet at item 608
INFO: Parser returned #f
a data frame with index 3 from node: 3 has been transmitted 2th time
++++ frame_probe ID: 850 receives a frame at time 15.2638s ++++
++++ frame_probe ID: 860 receives a frame at time 15.3047s ++++
INFO: Detected an invalid packet at item 640
INFO: Parser returned #f
a data frame with index 3 from node: 3 has been transmitted 3th time
++++ frame_probe ID: 850 receives a frame at time 15.4447s ++++
++++ frame_probe ID: 860 receives a frame at time 15.4855s ++++
INFO: Detected an invalid packet at item 672
INFO: Parser returned #f
a data frame with index 3 from node: 3 has been transmitted 4th time
++++ frame_probe ID: 850 receives a frame at time 15.6304s ++++
++++ frame_probe ID: 860 receives a frame at time 15.6713s ++++
INFO: Detected an invalid packet at item 704
INFO: Parser returned #f
measurement 1/2 complete in 8 second(s).
a data frame with index 3 from node: 3 has been transmitted 5th time
++++ frame_probe ID: 850 receives a frame at time 15.8064s ++++
++++ frame_probe ID: 860 receives a frame at time 15.8473s ++++
INFO: Detected an invalid packet at item 736
INFO: Parser returned #f
frame: 3 from node: 3 is dropped because its max retransmission counter is reached. 
counter ID 880 results at time 7216.17 is 6
++++ frame_probe ID: 850 receives a frame at time 16.1876s ++++
++++ frame_probe ID: 860 receives a frame at time 16.2287s ++++
INFO: Detected an invalid packet at item 768
INFO: Parser returned #f
a data frame with index 4 from node: 3 has been transmitted 1th time
++++ frame_probe ID: 850 receives a frame at time 16.3634s ++++
++++ frame_probe ID: 860 receives a frame at time 16.4044s ++++
INFO: Detected an invalid packet at item 800
INFO: Parser returned #f
a data frame with index 4 from node: 3 has been transmitted 2th time
++++ frame_probe ID: 850 receives a frame at time 16.5494s ++++
++++ frame_probe ID: 860 receives a frame at time 16.5904s ++++
INFO: Detected an invalid packet at item 832
INFO: Parser returned #f
a data frame with index 4 from node: 3 has been transmitted 3th time
++++ frame_probe ID: 850 receives a frame at time 16.7254s ++++
measurement 1/2 complete in 7 second(s).
++++ frame_probe ID: 860 receives a frame at time 16.7662s ++++
INFO: Detected an invalid packet at item 864
INFO: Parser returned #f
a data frame with index 4 from node: 3 has been transmitted 4th time
++++ frame_probe ID: 850 receives a frame at time 16.9712s ++++
++++ frame_probe ID: 860 receives a frame at time 17.0122s ++++
INFO: Detected an invalid packet at item 896
INFO: Parser returned #f
a data frame with index 4 from node: 3 has been transmitted 5th time
++++ frame_probe ID: 850 receives a frame at time 17.2669s ++++
++++ frame_probe ID: 860 receives a frame at time 17.3077s ++++
INFO: Detected an invalid packet at item 928
INFO: Parser returned #f
frame: 4 from node: 3 is dropped because its max retransmission counter is reached. 
counter ID 880 results at time 7217.44 is 6
++++ frame_probe ID: 850 receives a frame at time 17.4533s ++++
++++ frame_probe ID: 860 receives a frame at time 17.4943s ++++
INFO: Detected an invalid packet at item 960
INFO: Parser returned #f
a data frame with index 5 from node: 3 has been transmitted 1th time
++++ frame_probe ID: 850 receives a frame at time 17.6299s ++++
++++ frame_probe ID: 860 receives a frame at time 17.6708s ++++
INFO: Detected an invalid packet at item 992
INFO: Parser returned #f
measurement 1/2 complete in 6 second(s).
a data frame with index 5 from node: 3 has been transmitted 2th time
++++ frame_probe ID: 850 receives a frame at time 17.8106s ++++
++++ frame_probe ID: 860 receives a frame at time 17.8519s ++++
+++++++++ frame_probe ID: 882 +++++++++Input mac frame has length: 15

a data frame with index 5 from node: 3 has been transmitted 3th time
++++ frame_probe ID: 850 receives a frame at time 18.0172s ++++
++++ frame_probe ID: 860 receives a frame at time 18.0585s ++++
INFO: Detected an invalid packet at item 1056
INFO: Parser returned #f
a data frame with index 5 from node: 3 has been transmitted 4th time
++++ frame_probe ID: 850 receives a frame at time 18.2036s ++++
++++ frame_probe ID: 860 receives a frame at time 18.2446s ++++
+++++++++ frame_probe ID: 882 +++++++++Input mac frame has length: 15

+++++++++ frame_probe ID: 883 +++++++++ ---- rts frame detected ---- frame index is:            95;    destination address is:    92;    source address is:         254;    number of transmission is: 248;    reserved field I is:       41367;    reserved field II is:      1036;    payload length is:           24405;    header length is:          11;    nav time      is:          -1558504879;    address check is:          0;    good frame is:             0;    analysis time is:             1.50039e+09;    frame info contains a frame with length 15 bytes: 
a data frame with index 5 from node: 3 has been transmitted 5th time
++++ frame_probe ID: 850 receives a frame at time 18.44s ++++
++++ frame_probe ID: 860 receives a frame at time 18.4811s ++++
INFO: Detected an invalid packet at item 1120
INFO: Parser returned #f
measurement 1/2 complete in 5 second(s).
frame: 5 from node: 3 is dropped because its max retransmission counter is reached. 
counter ID 880 results at time 7218.89 is 6
++++ frame_probe ID: 850 receives a frame at time 18.9111s ++++
++++ frame_probe ID: 860 receives a frame at time 18.952s ++++
INFO: Detected an invalid packet at item 1152
INFO: Parser returned #f
a data frame with index 6 from node: 3 has been transmitted 1th time
++++ frame_probe ID: 850 receives a frame at time 19.0822s ++++
++++ frame_probe ID: 860 receives a frame at time 19.1231s ++++
INFO: Detected an invalid packet at item 1184
INFO: Parser returned #f
a data frame with index 6 from node: 3 has been transmitted 2th time
++++ frame_probe ID: 850 receives a frame at time 19.2681s ++++
++++ frame_probe ID: 860 receives a frame at time 19.309s ++++
INFO: Detected an invalid packet at item 1216
INFO: Parser returned #f
a data frame with index 6 from node: 3 has been transmitted 3th time
++++ frame_probe ID: 850 receives a frame at time 19.459s ++++
++++ frame_probe ID: 860 receives a frame at time 19.4999s ++++
INFO: Detected an invalid packet at item 1248
INFO: Parser returned #f
a data frame with index 6 from node: 3 has been transmitted 4th time
++++ frame_probe ID: 850 receives a frame at time 19.6848s ++++
++++ frame_probe ID: 860 receives a frame at time 19.7261s ++++
INFO: Detected an invalid packet at item 1280
INFO: Parser returned #f
measurement 1/2 complete in 4 second(s).
a data frame with index 6 from node: 3 has been transmitted 5th time
++++ frame_probe ID: 850 receives a frame at time 19.991s ++++
++++ frame_probe ID: 860 receives a frame at time 20.0321s ++++
INFO: Detected an invalid packet at item 1312
INFO: Parser returned #f
frame: 6 from node: 3 is dropped because its max retransmission counter is reached. 
counter ID 880 results at time 7220.37 is 6
++++ frame_probe ID: 850 receives a frame at time 20.3872s ++++
++++ frame_probe ID: 860 receives a frame at time 20.4282s ++++
INFO: Detected an invalid packet at item 1344
INFO: Parser returned #f
a data frame with index 7 from node: 3 has been transmitted 1th time
++++ frame_probe ID: 850 receives a frame at time 20.5582s ++++
++++ frame_probe ID: 860 receives a frame at time 20.5992s ++++
+++++++++ frame_probe ID: 882 +++++++++Input mac frame has length: 15

+++++++++ frame_probe ID: 883 +++++++++ ---- ack frame detected ---- frame index is:            7;    destination address is:    2;    source address is:         87;    number of transmission is: 86;    reserved field I is:       64705;    reserved field II is:      43686;    payload length is:           256;    header length is:          11;    address check is:          0;    good frame is:             0;    analysis time is:             1.50039e+09;    frame info contains a frame with length 15 bytes: 
a data frame with index 7 from node: 3 has been transmitted 2th time
++++ frame_probe ID: 850 receives a frame at time 20.7292s ++++
measurement 1/2 complete in 3 second(s).
++++ frame_probe ID: 860 receives a frame at time 20.77s ++++
INFO: Detected an invalid packet at item 1408
INFO: Parser returned #f
a data frame with index 7 from node: 3 has been transmitted 3th time
++++ frame_probe ID: 850 receives a frame at time 20.9s ++++
++++ frame_probe ID: 860 receives a frame at time 20.9413s ++++
INFO: Detected an invalid packet at item 1440
INFO: Parser returned #f
a data frame with index 7 from node: 3 has been transmitted 4th time
++++ frame_probe ID: 850 receives a frame at time 21.0717s ++++
++++ frame_probe ID: 860 receives a frame at time 21.1127s ++++
INFO: Detected an invalid packet at item 1472
INFO: Parser returned #f
a data frame with index 7 from node: 3 has been transmitted 5th time
++++ frame_probe ID: 850 receives a frame at time 21.3175s ++++
++++ frame_probe ID: 860 receives a frame at time 21.3583s ++++
+++++++++ frame_probe ID: 882 +++++++++Input mac frame has length: 15

+++++++++ frame_probe ID: 883 +++++++++ ---- ack frame detected ---- frame index is:            7;    destination address is:    3;    source address is:         1;    number of transmission is: 87;    reserved field I is:       65128;    reserved field II is:      44019;    payload length is:           170;    header length is:          11;    address check is:          0;    good frame is:             0;    analysis time is:             1.50039e+09;    frame info contains a frame with length 15 bytes: 
frame: 7 from node: 3 is dropped because its max retransmission counter is reached. 
counter ID 880 results at time 7221.58 is 6
++++ frame_probe ID: 850 receives a frame at time 21.5935s ++++
++++ frame_probe ID: 860 receives a frame at time 21.6349s ++++
INFO: Detected an invalid packet at item 1536
INFO: Parser returned #f
a data frame with index 8 from node: 3 has been transmitted 1th time
measurement 1/2 complete in 2 second(s).
++++ frame_probe ID: 850 receives a frame at time 21.7702s ++++
++++ frame_probe ID: 860 receives a frame at time 21.8116s ++++
INFO: Detected an invalid packet at item 1568
INFO: Parser returned #f
a data frame with index 8 from node: 3 has been transmitted 2th time
++++ frame_probe ID: 850 receives a frame at time 21.9416s ++++
++++ frame_probe ID: 860 receives a frame at time 21.9827s ++++
INFO: Detected an invalid packet at item 1600
INFO: Parser returned #f
a data frame with index 8 from node: 3 has been transmitted 3th time
++++ frame_probe ID: 850 receives a frame at time 22.1382s ++++
++++ frame_probe ID: 860 receives a frame at time 22.1792s ++++
INFO: Detected an invalid packet at item 1632
INFO: Parser returned #f
a data frame with index 8 from node: 3 has been transmitted 4th time
++++ frame_probe ID: 850 receives a frame at time 22.3296s ++++
++++ frame_probe ID: 860 receives a frame at time 22.3705s ++++
INFO: Detected an invalid packet at item 1664
INFO: Parser returned #f
a data frame with index 8 from node: 3 has been transmitted 5th time
++++ frame_probe ID: 850 receives a frame at time 22.5808s ++++
++++ frame_probe ID: 860 receives a frame at time 22.6218s ++++
INFO: Detected an invalid packet at item 1696
INFO: Parser returned #f
measurement 1/2 complete in 1 second(s).
frame: 8 from node: 3 is dropped because its max retransmission counter is reached. 
counter ID 880 results at time 7222.89 is 6
++++ frame_probe ID: 850 receives a frame at time 22.9074s ++++
++++ frame_probe ID: 860 receives a frame at time 22.9486s ++++
INFO: Detected an invalid packet at item 1728
INFO: Parser returned #f
a data frame with index 9 from node: 3 has been transmitted 1th time
++++ frame_probe ID: 850 receives a frame at time 23.0788s ++++
++++ frame_probe ID: 860 receives a frame at time 23.1196s ++++
INFO: Detected an invalid packet at item 1760
INFO: Parser returned #f
a data frame with index 9 from node: 3 has been transmitted 2th time
++++ frame_probe ID: 850 receives a frame at time 23.2494s ++++
++++ frame_probe ID: 860 receives a frame at time 23.2903s ++++
INFO: Detected an invalid packet at item 1792
INFO: Parser returned #f
a data frame with index 9 from node: 3 has been transmitted 3th time
++++ frame_probe ID: 850 receives a frame at time 23.4507s ++++
++++ frame_probe ID: 860 receives a frame at time 23.4916s ++++
INFO: Detected an invalid packet at item 1824
INFO: Parser returned #f
a data frame with index 9 from node: 3 has been transmitted 4th time
++++ frame_probe ID: 850 receives a frame at time 23.6918s ++++
++++ frame_probe ID: 860 receives a frame at time 23.7327s ++++
measurement 1 raw data directory created /home/inets/0_ba/bachelor_thesis/measurements/debug/data/140/1/.
'/home/inets/source/gr-inets/results/ack_not_filtered.txt' -> '/home/inets/0_ba/bachelor_thesis/measurements/debug/data/140/1/ack_not_filtered.txt'
'/home/inets/source/gr-inets/results/receiver_data_received.txt' -> '/home/inets/0_ba/bachelor_thesis/measurements/debug/data/140/1/receiver_data_received.txt'
'/home/inets/source/gr-inets/results/sender_bfr_dq.txt' -> '/home/inets/0_ba/bachelor_thesis/measurements/debug/data/140/1/sender_bfr_dq.txt'
'/home/inets/source/gr-inets/results/sender_data_sent.txt' -> '/home/inets/0_ba/bachelor_thesis/measurements/debug/data/140/1/sender_data_sent.txt'
'/home/inets/source/gr-inets/results/sender_retransmissions.txt' -> '/home/inets/0_ba/bachelor_thesis/measurements/debug/data/140/1/sender_retransmissions.txt'
measurement 1 raw data moved to /home/inets/0_ba/bachelor_thesis/measurements/debug/data/140/1/.

measurement 2/2 complete in 15 second(s).
linux; GNU C++ version 5.4.0 20160609; Boost_105800; UHD_003.009.005-45-g6768a615

linux; GNU C++ version 5.4.0 20160609; Boost_105800; UHD_003.009.005-45-g6768a615

Using Volk machine: avx_64_mmx
Using Volk machine: avx_64_mmx
-- Opening a USRP2/N-Series device...
-- Current recv frame size: 1472 bytes
-- Current send frame size: 1472 bytes
measurement 2/2 complete in 14 second(s).
develop mode of resend_check ID: 24 is activated.
the 880th message counter is activated.
the 100th message counter is activated.
measurement 2/2 complete in 13 second(s).
node starts running at 26.1356
++++ frame_probe ID: 850 receives a frame at time 26.1641s ++++
++++ frame_probe ID: 860 receives a frame at time 26.2053s ++++
INFO: Detected an invalid packet at item 0
INFO: Parser returned #f
a data frame with index 0 from node: 3 has been transmitted 1th time
++++ frame_probe ID: 850 receives a frame at time 26.3352s ++++
++++ frame_probe ID: 860 receives a frame at time 26.3762s ++++
+++++++++ frame_probe ID: 882 +++++++++Input mac frame has length: 15

+++++++++ frame_probe ID: 883 +++++++++ ---- ack frame detected ---- frame index is:            0;    destination address is:    86;    source address is:         87;    number of transmission is: 254;    reserved field I is:       43201;    reserved field II is:      678;    payload length is:           21760;    header length is:          11;    address check is:          0;    good frame is:             0;    analysis time is:             1.50039e+09;    frame info contains a frame with length 15 bytes: 
a data frame with index 0 from node: 3 has been transmitted 2th time
++++ frame_probe ID: 850 receives a frame at time 26.5115s ++++
++++ frame_probe ID: 860 receives a frame at time 26.5525s ++++
INFO: Detected an invalid packet at item 64
INFO: Parser returned #f
a data frame with index 0 from node: 3 has been transmitted 3th time
++++ frame_probe ID: 850 receives a frame at time 26.7179s ++++
++++ frame_probe ID: 860 receives a frame at time 26.7589s ++++
measurement 2/2 complete in 12 second(s).
INFO: Detected an invalid packet at item 96
INFO: Parser returned #f
a data frame with index 0 from node: 3 has been transmitted 4th time
++++ frame_probe ID: 850 receives a frame at time 26.9284s ++++
++++ frame_probe ID: 860 receives a frame at time 26.9692s ++++
+++++++++ frame_probe ID: 882 +++++++++Input mac frame has length: 15

a data frame with index 0 from node: 3 has been transmitted 5th time
++++ frame_probe ID: 850 receives a frame at time 27.1789s ++++
++++ frame_probe ID: 860 receives a frame at time 27.2197s ++++
+++++++++ frame_probe ID: 882 +++++++++Input mac frame has length: 15

frame: 0 from node: 3 is dropped because its max retransmission counter is reached. 
counter ID 880 results at time 7227.48 is 5
++++ frame_probe ID: 850 receives a frame at time 27.495s ++++
++++ frame_probe ID: 860 receives a frame at time 27.5358s ++++
+++++++++ frame_probe ID: 882 +++++++++Input mac frame has length: 15

+++++++++ frame_probe ID: 883 +++++++++ ---- ack frame detected ---- frame index is:            87;    destination address is:    86;    source address is:         254;    number of transmission is: 254;    reserved field I is:       65217;    reserved field II is:      43942;    payload length is:           0;    header length is:          11;    address check is:          0;    good frame is:             0;    analysis time is:             1.50039e+09;    frame info contains a frame with length 15 bytes: 
a data frame with index 1 from node: 3 has been transmitted 1th time
++++ frame_probe ID: 850 receives a frame at time 27.666s ++++
++++ frame_probe ID: 860 receives a frame at time 27.707s ++++
INFO: Detected an invalid packet at item 224
INFO: Parser returned #f
measurement 2/2 complete in 11 second(s).
a data frame with index 1 from node: 3 has been transmitted 2th time
++++ frame_probe ID: 850 receives a frame at time 27.8419s ++++
++++ frame_probe ID: 860 receives a frame at time 27.8828s ++++
INFO: Detected an invalid packet at item 256
INFO: Parser returned #f
a data frame with index 1 from node: 3 has been transmitted 3th time
++++ frame_probe ID: 850 receives a frame at time 28.0478s ++++
++++ frame_probe ID: 860 receives a frame at time 28.0886s ++++
INFO: Detected an invalid packet at item 288
INFO: Parser returned #f
a data frame with index 1 from node: 3 has been transmitted 4th time
++++ frame_probe ID: 850 receives a frame at time 28.2234s ++++
++++ frame_probe ID: 860 receives a frame at time 28.2642s ++++
+++++++++ frame_probe ID: 882 +++++++++Input mac frame has length: 15

+++++++++ frame_probe ID: 883 +++++++++ ---- rts frame detected ---- frame index is:            87;    destination address is:    92;    source address is:         254;    number of transmission is: 248;    reserved field I is:       41367;    reserved field II is:      1036;    payload length is:           24405;    header length is:          11;    nav time      is:          1173200695;    address check is:          0;    good frame is:             0;    analysis time is:             1.50039e+09;    frame info contains a frame with length 15 bytes: 
a data frame with index 1 from node: 3 has been transmitted 5th time
++++ frame_probe ID: 850 receives a frame at time 28.4345s ++++
++++ frame_probe ID: 860 receives a frame at time 28.4756s ++++
INFO: Detected an invalid packet at item 352
INFO: Parser returned #f
measurement 2/2 complete in 10 second(s).
frame: 1 from node: 3 is dropped because its max retransmission counter is reached. 
counter ID 880 results at time 7228.87 is 6
++++ frame_probe ID: 850 receives a frame at time 28.8905s ++++
++++ frame_probe ID: 860 receives a frame at time 28.9314s ++++
INFO: Detected a packet larger than max frame size (2703 symbols)
a data frame with index 2 from node: 3 has been transmitted 1th time
++++ frame_probe ID: 850 receives a frame at time 29.0617s ++++
++++ frame_probe ID: 860 receives a frame at time 29.1026s ++++
INFO: Detected an invalid packet at item 416
INFO: Parser returned #f
a data frame with index 2 from node: 3 has been transmitted 2th time
++++ frame_probe ID: 850 receives a frame at time 29.2379s ++++
++++ frame_probe ID: 860 receives a frame at time 29.2789s ++++
INFO: Detected an invalid packet at item 448
INFO: Parser returned #f
a data frame with index 2 from node: 3 has been transmitted 3th time
++++ frame_probe ID: 850 receives a frame at time 29.414s ++++
++++ frame_probe ID: 860 receives a frame at time 29.4548s ++++
+++++++++ frame_probe ID: 882 +++++++++Input mac frame has length: 15

a data frame with index 2 from node: 3 has been transmitted 4th time
++++ frame_probe ID: 850 receives a frame at time 29.6451s ++++
++++ frame_probe ID: 860 receives a frame at time 29.686s ++++
INFO: Detected an invalid packet at item 512
INFO: Parser returned #f
measurement 2/2 complete in 9 second(s).
a data frame with index 2 from node: 3 has been transmitted 5th time
++++ frame_probe ID: 850 receives a frame at time 29.8608s ++++
++++ frame_probe ID: 860 receives a frame at time 29.9018s ++++
INFO: Detected an invalid packet at item 544
INFO: Parser returned #f
frame: 2 from node: 3 is dropped because its max retransmission counter is reached. 
counter ID 880 results at time 7230.31 is 6
++++ frame_probe ID: 850 receives a frame at time 30.3268s ++++
++++ frame_probe ID: 860 receives a frame at time 30.3677s ++++
INFO: Detected an invalid packet at item 576
INFO: Parser returned #f
a data frame with index 3 from node: 3 has been transmitted 1th time
++++ frame_probe ID: 850 receives a frame at time 30.5025s ++++
++++ frame_probe ID: 860 receives a frame at time 30.5437s ++++
INFO: Detected an invalid packet at item 608
INFO: Parser returned #f
a data frame with index 3 from node: 3 has been transmitted 2th time
++++ frame_probe ID: 850 receives a frame at time 30.6886s ++++
++++ frame_probe ID: 860 receives a frame at time 30.7295s ++++
INFO: Detected an invalid packet at item 640
INFO: Parser returned #f
measurement 2/2 complete in 8 second(s).
a data frame with index 3 from node: 3 has been transmitted 3th time
++++ frame_probe ID: 850 receives a frame at time 30.8597s ++++
++++ frame_probe ID: 860 receives a frame at time 30.9006s ++++
INFO: Detected an invalid packet at item 672
INFO: Parser returned #f
a data frame with index 3 from node: 3 has been transmitted 4th time
++++ frame_probe ID: 850 receives a frame at time 31.0461s ++++
++++ frame_probe ID: 860 receives a frame at time 31.0869s ++++
INFO: Detected an invalid packet at item 704
INFO: Parser returned #f
a data frame with index 3 from node: 3 has been transmitted 5th time
++++ frame_probe ID: 850 receives a frame at time 31.2268s ++++
++++ frame_probe ID: 860 receives a frame at time 31.2676s ++++
INFO: Detected an invalid packet at item 736
INFO: Parser returned #f
frame: 3 from node: 3 is dropped because its max retransmission counter is reached. 
counter ID 880 results at time 7231.52 is 6
++++ frame_probe ID: 850 receives a frame at time 31.5372s ++++
++++ frame_probe ID: 860 receives a frame at time 31.5783s ++++
+++++++++ frame_probe ID: 882 +++++++++Input mac frame has length: 15

+++++++++ frame_probe ID: 883 +++++++++ ---- ack frame detected ---- frame index is:            29;    destination address is:    86;    source address is:         126;    number of transmission is: 254;    reserved field I is:       43207;    reserved field II is:      684;    payload length is:           21765;    header length is:          11;    address check is:          0;    good frame is:             0;    analysis time is:             1.50039e+09;    frame info contains a frame with length 15 bytes: 
a data frame with index 4 from node: 3 has been transmitted 1th time
++++ frame_probe ID: 850 receives a frame at time 31.7081s ++++
++++ frame_probe ID: 860 receives a frame at time 31.749s ++++
measurement 2/2 complete in 7 second(s).
+++++++++ frame_probe ID: 882 +++++++++Input mac frame has length: 15

a data frame with index 4 from node: 3 has been transmitted 2th time
++++ frame_probe ID: 850 receives a frame at time 31.894s ++++
++++ frame_probe ID: 860 receives a frame at time 31.9348s ++++
+++++++++ frame_probe ID: 882 +++++++++Input mac frame has length: 15

+++++++++ frame_probe ID: 883 +++++++++ ---- rts frame detected ---- frame index is:            93;    destination address is:    92;    source address is:         254;    number of transmission is: 248;    reserved field I is:       41367;    reserved field II is:      12;    payload length is:           22357;    header length is:          11;    nav time      is:          -2066873738;    address check is:          0;    good frame is:             0;    analysis time is:             1.50039e+09;    frame info contains a frame with length 15 bytes: 
a data frame with index 4 from node: 3 has been transmitted 3th time
++++ frame_probe ID: 850 receives a frame at time 32.0696s ++++
++++ frame_probe ID: 860 receives a frame at time 32.1105s ++++
INFO: Detected a packet larger than max frame size (2703 symbols)
a data frame with index 4 from node: 3 has been transmitted 4th time
++++ frame_probe ID: 850 receives a frame at time 32.3055s ++++
++++ frame_probe ID: 860 receives a frame at time 32.3464s ++++
+++++++++ frame_probe ID: 882 +++++++++Input mac frame has length: 15

+++++++++ frame_probe ID: 883 +++++++++ ---- ack frame detected ---- frame index is:            4;    destination address is:    6;    source address is:         87;    number of transmission is: 94;    reserved field I is:       63681;    reserved field II is:      41638;    payload length is:           1280;    header length is:          11;    address check is:          0;    good frame is:             0;    analysis time is:             1.50039e+09;    frame info contains a frame with length 15 bytes: 
a data frame with index 4 from node: 3 has been transmitted 5th time
++++ frame_probe ID: 850 receives a frame at time 32.5511s ++++
++++ frame_probe ID: 860 receives a frame at time 32.592s ++++
INFO: Detected an invalid packet at item 928
INFO: Parser returned #f
measurement 2/2 complete in 6 second(s).
frame: 4 from node: 3 is dropped because its max retransmission counter is reached. 
counter ID 880 results at time 7232.91 is 6
++++ frame_probe ID: 850 receives a frame at time 32.927s ++++
++++ frame_probe ID: 860 receives a frame at time 32.9678s ++++
INFO: Detected an invalid packet at item 960
INFO: Parser returned #f
a data frame with index 5 from node: 3 has been transmitted 1th time
++++ frame_probe ID: 850 receives a frame at time 33.0977s ++++
++++ frame_probe ID: 860 receives a frame at time 33.1387s ++++
INFO: Detected an invalid packet at item 992
INFO: Parser returned #f
a data frame with index 5 from node: 3 has been transmitted 2th time
++++ frame_probe ID: 850 receives a frame at time 33.27s ++++
++++ frame_probe ID: 860 receives a frame at time 33.311s ++++
INFO: Detected an invalid packet at item 1024
INFO: Parser returned #f
a data frame with index 5 from node: 3 has been transmitted 3th time
++++ frame_probe ID: 850 receives a frame at time 33.4455s ++++
++++ frame_probe ID: 860 receives a frame at time 33.4864s ++++
+++++++++ frame_probe ID: 882 +++++++++Input mac frame has length: 15

+++++++++ frame_probe ID: 883 +++++++++ ---- rts frame detected ---- frame index is:            95;    destination address is:    92;    source address is:         254;    number of transmission is: 248;    reserved field I is:       41367;    reserved field II is:      1036;    payload length is:           24405;    header length is:          11;    nav time      is:          -1825554532;    address check is:          0;    good frame is:             0;    analysis time is:             1.50039e+09;    frame info contains a frame with length 15 bytes: 
a data frame with index 5 from node: 3 has been transmitted 4th time
++++ frame_probe ID: 850 receives a frame at time 33.6412s ++++
++++ frame_probe ID: 860 receives a frame at time 33.682s ++++
INFO: Detected an invalid packet at item 1088
INFO: Parser returned #f
measurement 2/2 complete in 5 second(s).
a data frame with index 5 from node: 3 has been transmitted 5th time
++++ frame_probe ID: 850 receives a frame at time 33.9314s ++++
++++ frame_probe ID: 860 receives a frame at time 33.9722s ++++
INFO: Detected an invalid packet at item 1120
INFO: Parser returned #f
frame: 5 from node: 3 is dropped because its max retransmission counter is reached. 
counter ID 880 results at time 7234.32 is 6
++++ frame_probe ID: 850 receives a frame at time 34.3368s ++++
++++ frame_probe ID: 860 receives a frame at time 34.3776s ++++
INFO: Detected an invalid packet at item 1152
INFO: Parser returned #f
a data frame with index 6 from node: 3 has been transmitted 1th time
++++ frame_probe ID: 850 receives a frame at time 34.5126s ++++
++++ frame_probe ID: 860 receives a frame at time 34.5535s ++++
+++++++++ frame_probe ID: 882 +++++++++Input mac frame has length: 15

+++++++++ frame_probe ID: 883 +++++++++ ---- ack frame detected ---- frame index is:            6;    destination address is:    6;    source address is:         87;    number of transmission is: 94;    reserved field I is:       63681;    reserved field II is:      41638;    payload length is:           1280;    header length is:          11;    address check is:          0;    good frame is:             0;    analysis time is:             1.50039e+09;    frame info contains a frame with length 15 bytes: 
a data frame with index 6 from node: 3 has been transmitted 2th time
++++ frame_probe ID: 850 receives a frame at time 34.6835s ++++
++++ frame_probe ID: 860 receives a frame at time 34.7243s ++++
INFO: Detected an invalid packet at item 1216
INFO: Parser returned #f
measurement 2/2 complete in 4 second(s).
a data frame with index 6 from node: 3 has been transmitted 3th time
++++ frame_probe ID: 850 receives a frame at time 34.889s ++++
++++ frame_probe ID: 860 receives a frame at time 34.9297s ++++
INFO: Detected an invalid packet at item 1248
INFO: Parser returned #f
a data frame with index 6 from node: 3 has been transmitted 4th time
++++ frame_probe ID: 850 receives a frame at time 35.0797s ++++
++++ frame_probe ID: 860 receives a frame at time 35.1206s ++++
INFO: Detected a packet larger than max frame size (2703 symbols)
a data frame with index 6 from node: 3 has been transmitted 5th time
++++ frame_probe ID: 850 receives a frame at time 35.3155s ++++
++++ frame_probe ID: 860 receives a frame at time 35.3564s ++++
INFO: Detected an invalid packet at item 1312
INFO: Parser returned #f
frame: 6 from node: 3 is dropped because its max retransmission counter is reached. 
counter ID 880 results at time 7235.72 is 6
++++ frame_probe ID: 850 receives a frame at time 35.7365s ++++
++++ frame_probe ID: 860 receives a frame at time 35.7776s ++++
measurement 2/2 complete in 3 second(s).
+++++++++ frame_probe ID: 882 +++++++++Input mac frame has length: 15

+++++++++ frame_probe ID: 883 +++++++++ ---- rts frame detected ---- frame index is:            94;    destination address is:    92;    source address is:         254;    number of transmission is: 248;    reserved field I is:       43415;    reserved field II is:      12;    payload length is:           22357;    header length is:          11;    nav time      is:          1168037390;    address check is:          0;    good frame is:             0;    analysis time is:             1.50039e+09;    frame info contains a frame with length 15 bytes: 
a data frame with index 7 from node: 3 has been transmitted 1th time
++++ frame_probe ID: 850 receives a frame at time 35.9128s ++++
++++ frame_probe ID: 860 receives a frame at time 35.9536s ++++
INFO: Detected an invalid packet at item 1376
INFO: Parser returned #f
a data frame with index 7 from node: 3 has been transmitted 2th time
++++ frame_probe ID: 850 receives a frame at time 36.0992s ++++
++++ frame_probe ID: 860 receives a frame at time 36.1401s ++++
INFO: Detected an invalid packet at item 1408
INFO: Parser returned #f
a data frame with index 7 from node: 3 has been transmitted 3th time
++++ frame_probe ID: 850 receives a frame at time 36.2748s ++++
++++ frame_probe ID: 860 receives a frame at time 36.3158s ++++
INFO: Detected an invalid packet at item 1440
INFO: Parser returned #f
a data frame with index 7 from node: 3 has been transmitted 4th time
++++ frame_probe ID: 850 receives a frame at time 36.4905s ++++
++++ frame_probe ID: 860 receives a frame at time 36.5314s ++++
INFO: Detected an invalid packet at item 1472
INFO: Parser returned #f
a data frame with index 7 from node: 3 has been transmitted 5th time
++++ frame_probe ID: 850 receives a frame at time 36.7813s ++++
measurement 2/2 complete in 2 second(s).
++++ frame_probe ID: 860 receives a frame at time 36.8224s ++++
INFO: Detected an invalid packet at item 1504
INFO: Parser returned #f
frame: 7 from node: 3 is dropped because its max retransmission counter is reached. 
counter ID 880 results at time 7237.18 is 6
++++ frame_probe ID: 850 receives a frame at time 37.2023s ++++
++++ frame_probe ID: 860 receives a frame at time 37.2432s ++++
+++++++++ frame_probe ID: 882 +++++++++Input mac frame has length: 15

+++++++++ frame_probe ID: 883 +++++++++ ---- ack frame detected ---- frame index is:            1;    destination address is:    86;    source address is:         94;    number of transmission is: 254;    reserved field I is:       43207;    reserved field II is:      684;    payload length is:           21765;    header length is:          11;    address check is:          0;    good frame is:             0;    analysis time is:             1.50039e+09;    frame info contains a frame with length 15 bytes: 
a data frame with index 8 from node: 3 has been transmitted 1th time
++++ frame_probe ID: 850 receives a frame at time 37.3734s ++++
++++ frame_probe ID: 860 receives a frame at time 37.4144s ++++
INFO: Detected an invalid packet at item 1568
INFO: Parser returned #f
a data frame with index 8 from node: 3 has been transmitted 2th time
++++ frame_probe ID: 850 receives a frame at time 37.5447s ++++
++++ frame_probe ID: 860 receives a frame at time 37.5858s ++++
INFO: Detected an invalid packet at item 1600
INFO: Parser returned #f
a data frame with index 8 from node: 3 has been transmitted 3th time
++++ frame_probe ID: 850 receives a frame at time 37.7209s ++++
++++ frame_probe ID: 860 receives a frame at time 37.7619s ++++
measurement 2/2 complete in 1 second(s).
INFO: Detected an invalid packet at item 1632
INFO: Parser returned #f
a data frame with index 8 from node: 3 has been transmitted 4th time
++++ frame_probe ID: 850 receives a frame at time 37.917s ++++
++++ frame_probe ID: 860 receives a frame at time 37.958s ++++
INFO: Detected an invalid packet at item 1664
INFO: Parser returned #f
a data frame with index 8 from node: 3 has been transmitted 5th time
++++ frame_probe ID: 850 receives a frame at time 38.2228s ++++
++++ frame_probe ID: 860 receives a frame at time 38.2637s ++++
INFO: Detected an invalid packet at item 1696
INFO: Parser returned #f
frame: 8 from node: 3 is dropped because its max retransmission counter is reached. 
counter ID 880 results at time 7238.39 is 6
++++ frame_probe ID: 850 receives a frame at time 38.4035s ++++
++++ frame_probe ID: 860 receives a frame at time 38.4443s ++++
INFO: Detected an invalid packet at item 1728
INFO: Parser returned #f
a data frame with index 9 from node: 3 has been transmitted 1th time
++++ frame_probe ID: 850 receives a frame at time 38.5743s ++++
++++ frame_probe ID: 860 receives a frame at time 38.6154s ++++
INFO: Detected an invalid packet at item 1760
INFO: Parser returned #f
a data frame with index 9 from node: 3 has been transmitted 2th time
++++ frame_probe ID: 850 receives a frame at time 38.7451s ++++
++++ frame_probe ID: 860 receives a frame at time 38.7864s ++++
measurement 2 raw data directory created /home/inets/0_ba/bachelor_thesis/measurements/debug/data/140/2/.
'/home/inets/source/gr-inets/results/ack_not_filtered.txt' -> '/home/inets/0_ba/bachelor_thesis/measurements/debug/data/140/2/ack_not_filtered.txt'
'/home/inets/source/gr-inets/results/receiver_data_received.txt' -> '/home/inets/0_ba/bachelor_thesis/measurements/debug/data/140/2/receiver_data_received.txt'
'/home/inets/source/gr-inets/results/sender_bfr_dq.txt' -> '/home/inets/0_ba/bachelor_thesis/measurements/debug/data/140/2/sender_bfr_dq.txt'
'/home/inets/source/gr-inets/results/sender_data_sent.txt' -> '/home/inets/0_ba/bachelor_thesis/measurements/debug/data/140/2/sender_data_sent.txt'
'/home/inets/source/gr-inets/results/sender_retransmissions.txt' -> '/home/inets/0_ba/bachelor_thesis/measurements/debug/data/140/2/sender_retransmissions.txt'
measurement 2 raw data moved to /home/inets/0_ba/bachelor_thesis/measurements/debug/data/140/2/.

now processing results...
plotting python should be: python3 (ubuntu).
