Measurement 1/3 complete in 15 second(s).
linux; GNU C++ version 5.4.0 20160609; Boost_105800; UHD_003.009.005-45-g6768a615

linux; GNU C++ version 5.4.0 20160609; Boost_105800; UHD_003.009.005-45-g6768a615

Measurement 1/3 complete in 14 second(s).
Using Volk machine: avx_64_mmx
-- Opening a USRP2/N-Series device...
Using Volk machine: avx_64_mmx
-- Opening a USRP2/N-Series device...
-- Current recv frame size: 1472 bytes
-- Current send frame size: 1472 bytes
-- Current recv frame size: 1472 bytes
-- Current send frame size: 1472 bytes
develop_mode of random_filter ID: 1015 is activated.
the 1017th message counter is activated.
the 880th message counter is activated.
the 1018th message counter is activated.
the 885th message counter is activated.
the 100th message counter is activated.
the 1080th message counter is activated.
the 100th message counter is activated.
Measurement 1/3 complete in 13 second(s).
node starts running at 77.48
node starts running at 77.4803
++++ frame_probe ID: 850 receives a frame at time 77.6086s ++++
Measurement 1/3 complete in 12 second(s).
INFO: Detected an invalid packet at item 0
INFO: Parser returned #f
++++ frame_probe ID: 860 receives a frame at time 77.6495s ++++
++++ frame_probe ID: 1010 receives a frame at time 77.6613s ++++
generated random number is0.400329 and the threshold is 0.5. good luck. 
the 1018th message counter data_frame_not_filtered has been visited 1 times  
 at 2077.76 s
++++ frame_probe ID: 850 receives a frame at time 77.7795s ++++
INFO: Detected an invalid packet at item 64
INFO: Parser returned #f
++++ frame_probe ID: 860 receives a frame at time 77.8202s ++++
++++ frame_probe ID: 1010 receives a frame at time 77.825s ++++
generated random number is0.999171 and the threshold is 0.5. bad luck and try next time. 
the 1017th message counter data_frame_filtered has been visited 1 times  
 at 2077.94 s
++++ frame_probe ID: 850 receives a frame at time 77.9554s ++++
INFO: Detected an invalid packet at item 128
INFO: Parser returned #f
++++ frame_probe ID: 860 receives a frame at time 77.9962s ++++
++++ frame_probe ID: 1010 receives a frame at time 78.0075s ++++
generated random number is0.715058 and the threshold is 0.5. bad luck and try next time. 
the 1017th message counter data_frame_filtered has been visited 2 times  
 at 2078.13 s
++++ frame_probe ID: 850 receives a frame at time 78.1514s ++++
INFO: Detected an invalid packet at item 192
INFO: Parser returned #f
++++ frame_probe ID: 860 receives a frame at time 78.1922s ++++
++++ frame_probe ID: 1010 receives a frame at time 78.1989s ++++
generated random number isthe 1018th message counter data_frame_not_filtered has been visited 2 times  
0.0950781 and the threshold is 0.5. good luck. 
 at 2078.32 s
++++ frame_probe ID: 850 receives a frame at time 78.3419s ++++
INFO: Detected an invalid packet at item 256
INFO: Parser returned #f
++++ frame_probe ID: 860 receives a frame at time 78.3828s ++++
++++ frame_probe ID: 1010 receives a frame at time 78.3915s ++++
generated random number isthe 1018th message counter data_frame_not_filtered has been visited 3 times  
0.279854 and the threshold is 0.5. good luck. 
 at 2078.51 s
++++ frame_probe ID: 850 receives a frame at time 78.5275s ++++
INFO: Detected an invalid packet at item 320
INFO: Parser returned #f
++++ frame_probe ID: 860 receives a frame at time 78.5687s ++++
++++ frame_probe ID: 1010 receives a frame at time 78.5739s ++++
the generated random number is1018th message counter data_frame_not_filtered has been visited 4 times  
0.136355 and the threshold is 0.5. good luck. 
Measurement 1/3 complete in 11 second(s).
 at 2078.77 s
++++ frame_probe ID: 850 receives a frame at time 78.7885s ++++
INFO: Detected an invalid packet at item 384
INFO: Parser returned #f
++++ frame_probe ID: 860 receives a frame at time 78.8294s ++++
++++ frame_probe ID: 1010 receives a frame at time 78.8334s ++++
generated random number isthe 1018th message counter data_frame_not_filtered has been visited 5 times  
0.188083 and the threshold is 0.5. good luck. 
 at 2078.95 s
++++ frame_probe ID: 850 receives a frame at time 78.9647s ++++
INFO: Detected an invalid packet at item 448
INFO: Parser returned #f
++++ frame_probe ID: 860 receives a frame at time 79.0056s ++++
++++ frame_probe ID: 1010 receives a frame at time 79.0156s ++++
generated random number is0.983203 and the threshold is the 1017th message counter data_frame_filtered has been visited 3 times  0.5
. bad luck and try next time. 
 at 2079.12 s
++++ frame_probe ID: 850 receives a frame at time 79.1407s ++++
INFO: Detected an invalid packet at item 512
INFO: Parser returned #f
++++ frame_probe ID: 860 receives a frame at time 79.1816s ++++
++++ frame_probe ID: 1010 receives a frame at time 79.1884s ++++
generated random number is0.732738 and the threshold is the 1017th message counter data_frame_filtered0.5 has been visited . bad luck and try next time. 4
 times  
 at 2079.32 s
++++ frame_probe ID: 850 receives a frame at time 79.3416s ++++
INFO: Detected an invalid packet at item 576
INFO: Parser returned #f
++++ frame_probe ID: 860 receives a frame at time 79.3824s ++++
++++ frame_probe ID: 1010 receives a frame at time 79.3896s ++++
the 1018th message counter data_frame_not_filtered has been visited 6 times  
generated random number is0.359854 and the threshold is 0.5. good luck. 
 at 2079.52 s
++++ frame_probe ID: 850 receives a frame at time 79.5374s ++++
INFO: Detected an invalid packet at item 640
INFO: Parser returned #f
++++ frame_probe ID: 860 receives a frame at time 79.5782s ++++
++++ frame_probe ID: 1010 receives a frame at time 79.5821s ++++
generated random number isthe 1018th message counter data_frame_not_filtered has been visited 7 times  
0.233936 and the threshold is 0.5. good luck. 
Measurement 1/3 complete in 10 second(s).
 at 2079.83 s
++++ frame_probe ID: 850 receives a frame at time 79.8532s ++++
INFO: Detected an invalid packet at item 704
INFO: Parser returned #f
++++ frame_probe ID: 860 receives a frame at time 79.8944s ++++
++++ frame_probe ID: 1010 receives a frame at time 79.8988s ++++
generated random number is0.789689 and the threshold is 0.5. bad luck and try next time. 
the 1017th message counter data_frame_filtered has been visited 5 times  
 at 2080.2 s
++++ frame_probe ID: 850 receives a frame at time 80.2192s ++++
INFO: Detected an invalid packet at item 768
INFO: Parser returned #f
++++ frame_probe ID: 860 receives a frame at time 80.2602s ++++
++++ frame_probe ID: 1010 receives a frame at time 80.2635s ++++
generated random number isthe 1018th message counter data_frame_not_filtered has been visited 8 times  
0.141446 and the threshold is 0.5. good luck. 
 at 2080.37 s
++++ frame_probe ID: 850 receives a frame at time 80.3903s ++++
INFO: Detected an invalid packet at item 832
INFO: Parser returned #f
++++ frame_probe ID: 860 receives a frame at time 80.4311s ++++
++++ frame_probe ID: 1010 receives a frame at time 80.436s ++++
generated random number is0.236524 and the threshold is 0.5. good luck. 
the 1018th message counter data_frame_not_filtered has been visited 9 times  
 at 2080.55 s
++++ frame_probe ID: 850 receives a frame at time 80.5661s ++++
INFO: Detected an invalid packet at item 896
INFO: Parser returned #f
++++ frame_probe ID: 860 receives a frame at time 80.6069s ++++
Measurement 1/3 complete in 9 second(s).
++++ frame_probe ID: 1010 receives a frame at time 80.6183s ++++
generated random number isthe 1018th message counter data_frame_not_filtered has been visited 10 times  
0.0628982 and the threshold is 0.5. good luck. 
 at 2080.73 s
++++ frame_probe ID: 850 receives a frame at time 80.7469s ++++
INFO: Detected an invalid packet at item 960
INFO: Parser returned #f
++++ frame_probe ID: 860 receives a frame at time 80.7877s ++++
++++ frame_probe ID: 1010 receives a frame at time 80.7908s ++++
generated random number is0.516378 and the threshold is the 0.5. bad luck and try next time. 1017
th message counter data_frame_filtered has been visited 6 times  
 at 2080.94 s
++++ frame_probe ID: 850 receives a frame at time 80.9579s ++++
INFO: Detected an invalid packet at item 1024
INFO: Parser returned #f
++++ frame_probe ID: 860 receives a frame at time 80.9988s ++++
++++ frame_probe ID: 1010 receives a frame at time 81.0023s ++++
generated random number isthe 1018th message counter data_frame_not_filtered has been visited 11 times  
0.199253 and the threshold is 0.5. good luck. 
 at 2081.14 s
++++ frame_probe ID: 850 receives a frame at time 81.154s ++++
INFO: Detected an invalid packet at item 1088
INFO: Parser returned #f
++++ frame_probe ID: 860 receives a frame at time 81.1949s ++++
++++ frame_probe ID: 1010 receives a frame at time 81.2037s ++++
generated random number isthe 1018th message counter data_frame_not_filtered has been visited 12 times  
0.0925839 and the threshold is 0.5. good luck. 
 at 2081.43 s
++++ frame_probe ID: 850 receives a frame at time 81.4496s ++++
INFO: Detected an invalid packet at item 1152
INFO: Parser returned #f
++++ frame_probe ID: 860 receives a frame at time 81.4903s ++++
++++ frame_probe ID: 1010 receives a frame at time 81.5013s ++++
generated random number isthe 1018th message counter data_frame_not_filtered has been visited 13 times  
0.276963 and the threshold is 0.5. good luck. 
 at 2081.6 s
Measurement 1/3 complete in 8 second(s).
++++ frame_probe ID: 850 receives a frame at time 81.6204s ++++
INFO: Detected an invalid packet at item 1216
INFO: Parser returned #f
++++ frame_probe ID: 860 receives a frame at time 81.6611s ++++
++++ frame_probe ID: 1010 receives a frame at time 81.6647s ++++
generated random number is0.510899 and the threshold is the 1017th message counter data_frame_filtered0.5 has been visited 7. bad luck and try next time.  times 
 
 at 2081.78 s
++++ frame_probe ID: 850 receives a frame at time 81.7959s ++++
INFO: Detected an invalid packet at item 1280
INFO: Parser returned #f
++++ frame_probe ID: 860 receives a frame at time 81.8367s ++++
++++ frame_probe ID: 1010 receives a frame at time 81.8471s ++++
generated random number isthe 1018th message counter data_frame_not_filtered has been visited 14 times  
0.246174 and the threshold is 0.5. good luck. 
 at 2081.96 s
++++ frame_probe ID: 850 receives a frame at time 81.9767s ++++
INFO: Detected an invalid packet at item 1344
INFO: Parser returned #f
++++ frame_probe ID: 860 receives a frame at time 82.0175s ++++
++++ frame_probe ID: 1010 receives a frame at time 82.0298s ++++
generated random number isthe 1018th message counter data_frame_not_filtered has been visited 15 times  
0.195533 and the threshold is 0.5. good luck. 
 at 2082.16 s
++++ frame_probe ID: 850 receives a frame at time 82.1777s ++++
INFO: Detected an invalid packet at item 1408
INFO: Parser returned #f
++++ frame_probe ID: 860 receives a frame at time 82.2186s ++++
++++ frame_probe ID: 1010 receives a frame at time 82.2219s ++++
generated random number is0.110675 and the threshold is 0.5. good luck. 
the 1018th message counter data_frame_not_filtered has been visited 16 times  
 at 2082.39 s
++++ frame_probe ID: 850 receives a frame at time 82.4036s ++++
INFO: Detected an invalid packet at item 1472
INFO: Parser returned #f
++++ frame_probe ID: 860 receives a frame at time 82.4449s ++++
++++ frame_probe ID: 1010 receives a frame at time 82.4518s ++++
generated random number is0.423135 and the threshold is the 0.5. good luck. 
1018th message counter data_frame_not_filtered has been visited 17 times  
Measurement 1/3 complete in 7 second(s).
 at 2082.71 s
++++ frame_probe ID: 850 receives a frame at time 82.7297s ++++
INFO: Detected an invalid packet at item 1536
INFO: Parser returned #f
++++ frame_probe ID: 860 receives a frame at time 82.7706s ++++
++++ frame_probe ID: 1010 receives a frame at time 82.7784s ++++
generated random number isthe 1018th message counter data_frame_not_filtered has been visited 18 times  
0.488644 and the threshold is 0.5. good luck. 
 at 2082.88 s
++++ frame_probe ID: 850 receives a frame at time 82.9006s ++++
INFO: Detected an invalid packet at item 1600
INFO: Parser returned #f
++++ frame_probe ID: 860 receives a frame at time 82.9414s ++++
++++ frame_probe ID: 1010 receives a frame at time 82.9517s ++++
generated random number isthe 1018th message counter data_frame_not_filtered has been visited 19 times  
0.177367 and the threshold is 0.5. good luck. 
 at 2083.05 s
++++ frame_probe ID: 850 receives a frame at time 83.0715s ++++
INFO: Detected an invalid packet at item 1664
INFO: Parser returned #f
++++ frame_probe ID: 860 receives a frame at time 83.1125s ++++
++++ frame_probe ID: 1010 receives a frame at time 83.1241s ++++
generated random number is0.949858 and the threshold is the 1017th message counter 0.5data_frame_filtered has been visited . bad luck and try next time. 8 times  

 at 2083.24 s
++++ frame_probe ID: 850 receives a frame at time 83.2576s ++++
INFO: Detected an invalid packet at item 1728
INFO: Parser returned #f
++++ frame_probe ID: 860 receives a frame at time 83.2985s ++++
++++ frame_probe ID: 1010 receives a frame at time 83.3066s ++++
generated random number isthe 1018th message counter data_frame_not_filtered has been visited 20 times  
0.37662 and the threshold is 0.5. good luck. 
 at 2083.43 s
++++ frame_probe ID: 850 receives a frame at time 83.4531s ++++
INFO: Detected an invalid packet at item 1792
INFO: Parser returned #f
++++ frame_probe ID: 860 receives a frame at time 83.4939s ++++
++++ frame_probe ID: 1010 receives a frame at time 83.4988s ++++
the generated random number is1018th message counter data_frame_not_filtered has been visited 21 times  
0.375988 and the threshold is 0.5. good luck. 
Measurement 1/3 complete in 6 second(s).
 at 2083.64 s
++++ frame_probe ID: 850 receives a frame at time 83.6587s ++++
INFO: Detected an invalid packet at item 1856
INFO: Parser returned #f
++++ frame_probe ID: 860 receives a frame at time 83.6996s ++++
++++ frame_probe ID: 1010 receives a frame at time 83.7093s ++++
generated random number isthe 1017th message counter data_frame_filtered has been visited 9 times  
0.927391 and the threshold is 0.5. bad luck and try next time. 
 at 2084.08 s
++++ frame_probe ID: 850 receives a frame at time 84.0997s ++++
INFO: Detected an invalid packet at item 1920
INFO: Parser returned #f
++++ frame_probe ID: 860 receives a frame at time 84.1406s ++++
++++ frame_probe ID: 1010 receives a frame at time 84.1514s ++++
generated random number isthe 1018th message counter data_frame_not_filtered has been visited 22 times  
0.0768342 and the threshold is 0.5. good luck. 
 at 2084.26 s
++++ frame_probe ID: 850 receives a frame at time 84.2755s ++++
INFO: Detected an invalid packet at item 1984
INFO: Parser returned #f
++++ frame_probe ID: 860 receives a frame at time 84.3163s ++++
++++ frame_probe ID: 1010 receives a frame at time 84.3241s ++++
generated random number is0.707193 and the threshold is 0.5. bad luck and try next time. 
the 1017th message counter data_frame_filtered has been visited 10 times  
 at 2084.44 s
++++ frame_probe ID: 850 receives a frame at time 84.4618s ++++
INFO: Detected an invalid packet at item 2048
INFO: Parser returned #f
++++ frame_probe ID: 860 receives a frame at time 84.5027s ++++
++++ frame_probe ID: 1010 receives a frame at time 84.5062s ++++
generated random number is0.902726 and the threshold is 0.5. bad luck and try next time. 
the 1017th message counter data_frame_filtered has been visited 11 times  
Measurement 1/3 complete in 5 second(s).
 at 2084.64 s
++++ frame_probe ID: 850 receives a frame at time 84.6578s ++++
INFO: Detected an invalid packet at item 2112
INFO: Parser returned #f
++++ frame_probe ID: 860 receives a frame at time 84.6987s ++++
++++ frame_probe ID: 1010 receives a frame at time 84.7077s ++++
generated random number isthe 1018th message counter data_frame_not_filtered has been visited 23 times  
0.31366 and the threshold is 0.5. good luck. 
 at 2084.85 s
++++ frame_probe ID: 850 receives a frame at time 84.8636s ++++
INFO: Detected an invalid packet at item 2176
INFO: Parser returned #f
++++ frame_probe ID: 860 receives a frame at time 84.9045s ++++
++++ frame_probe ID: 1010 receives a frame at time 84.91s ++++
generated random number isthe 1018th message counter data_frame_not_filtered has been visited 24 times  
0.403011 and the threshold is 0.5. good luck. 
 at 2085.05 s
++++ frame_probe ID: 850 receives a frame at time 85.0699s ++++
INFO: Detected an invalid packet at item 2240
INFO: Parser returned #f
++++ frame_probe ID: 860 receives a frame at time 85.1108s ++++
++++ frame_probe ID: 1010 receives a frame at time 85.1207s ++++
generated random number is0.12987 and the threshold is 0.5. good luck. 
the 1018th message counter data_frame_not_filtered has been visited 25 times  
 at 2085.46 s
++++ frame_probe ID: 850 receives a frame at time 85.4761s ++++
INFO: Detected an invalid packet at item 2304
INFO: Parser returned #f
++++ frame_probe ID: 860 receives a frame at time 85.517s ++++
++++ frame_probe ID: 1010 receives a frame at time 85.5235s ++++
generated random number is0.506491 and the threshold is 0.5. bad luck and try next time. 
the 1017th message counter data_frame_filtered has been visited 12 times  
Measurement 1/3 complete in 4 second(s).
 at 2085.63 s
++++ frame_probe ID: 850 receives a frame at time 85.6521s ++++
INFO: Detected an invalid packet at item 2368
INFO: Parser returned #f
++++ frame_probe ID: 860 receives a frame at time 85.6931s ++++
++++ frame_probe ID: 1010 receives a frame at time 85.6958s ++++
generated random number isthe 1018th message counter data_frame_not_filtered0.344393 has been visited  and the threshold is 26 times  
0.5. good luck. 
 at 2085.82 s
++++ frame_probe ID: 850 receives a frame at time 85.8382s ++++
INFO: Detected an invalid packet at item 2432
INFO: Parser returned #f
++++ frame_probe ID: 860 receives a frame at time 85.8791s ++++
++++ frame_probe ID: 1010 receives a frame at time 85.8884s ++++
generated random number is0.816142 and the threshold is 0.5the . bad luck and try next time. 
1017th message counter data_frame_filtered has been visited 13 times  
 at 2086 s
++++ frame_probe ID: 850 receives a frame at time 86.0144s ++++
INFO: Detected an invalid packet at item 2496
INFO: Parser returned #f
++++ frame_probe ID: 860 receives a frame at time 86.0553s ++++
++++ frame_probe ID: 1010 receives a frame at time 86.0608s ++++
generated random number is0.870882 and the threshold is the 1017th message counter data_frame_filtered has been visited 140.5 times . bad luck and try next time.  

 at 2086.22 s
++++ frame_probe ID: 850 receives a frame at time 86.2405s ++++
INFO: Detected an invalid packet at item 2560
INFO: Parser returned #f
++++ frame_probe ID: 860 receives a frame at time 86.2816s ++++
++++ frame_probe ID: 1010 receives a frame at time 86.2913s ++++
the generated random number is1018th message counter data_frame_not_filtered has been visited 27 times  
0.146493 and the threshold is 0.5. good luck. 
 at 2086.54 s
++++ frame_probe ID: 850 receives a frame at time 86.5563s ++++
INFO: Detected an invalid packet at item 2624
INFO: Parser returned #f
++++ frame_probe ID: 860 receives a frame at time 86.5972s ++++
++++ frame_probe ID: 1010 receives a frame at time 86.608s ++++
generated random number isthe 1018th message counter data_frame_not_filtered has been visited 28 times  
0.464361 and the threshold is 0.5. good luck. 
Measurement 1/3 complete in 3 second(s).
 at 2086.78 s
++++ frame_probe ID: 850 receives a frame at time 86.8025s ++++
INFO: Detected an invalid packet at item 2688
INFO: Parser returned #f
++++ frame_probe ID: 860 receives a frame at time 86.8434s ++++
++++ frame_probe ID: 1010 receives a frame at time 86.8485s ++++
generated random number is0.516239 and the threshold is the 0.5. bad luck and try next time. 1017th message counter 
data_frame_filtered has been visited 15 times  
 at 2086.96 s
++++ frame_probe ID: 850 receives a frame at time 86.9785s ++++
INFO: Detected an invalid packet at item 2752
INFO: Parser returned #f
++++ frame_probe ID: 860 receives a frame at time 87.0194s ++++
++++ frame_probe ID: 1010 receives a frame at time 87.0309s ++++
the generated random number is1018th message counter data_frame_not_filtered has been visited 29 times  
0.0845665 and the threshold is 0.5. good luck. 
 at 2087.14 s
++++ frame_probe ID: 850 receives a frame at time 87.1593s ++++
INFO: Detected an invalid packet at item 2816
INFO: Parser returned #f
++++ frame_probe ID: 860 receives a frame at time 87.2001s ++++
++++ frame_probe ID: 1010 receives a frame at time 87.2033s ++++
generated random number isthe 1018th message counter data_frame_not_filtered has been visited 30 times  
0.272118 and the threshold is 0.5. good luck. 
 at 2087.31 s
++++ frame_probe ID: 850 receives a frame at time 87.3298s ++++
INFO: Detected an invalid packet at item 2880
INFO: Parser returned #f
++++ frame_probe ID: 860 receives a frame at time 87.3707s ++++
++++ frame_probe ID: 1010 receives a frame at time 87.3765s ++++
generated random number is0.799642 and the threshold is the 1017th message counter data_frame_filtered has been visited 16 times  0.5. bad luck and try next time. 

 at 2087.53 s
++++ frame_probe ID: 850 receives a frame at time 87.5512s ++++
INFO: Detected an invalid packet at item 2944
INFO: Parser returned #f
++++ frame_probe ID: 860 receives a frame at time 87.5921s ++++
++++ frame_probe ID: 1010 receives a frame at time 87.5972s ++++
generated random number is0.580985the  and the threshold is 1017th message counter data_frame_filtered has been visited 17 times  
0.5. bad luck and try next time. 
Measurement 1/3 complete in 2 second(s).
 at 2087.81 s
++++ frame_probe ID: 850 receives a frame at time 87.8273s ++++
INFO: Detected an invalid packet at item 3008
INFO: Parser returned #f
++++ frame_probe ID: 860 receives a frame at time 87.8683s ++++
++++ frame_probe ID: 1010 receives a frame at time 87.8758s ++++
the generated random number is1018th message counter data_frame_not_filtered has been visited 31 times  
0.144035 and the threshold is 0.5. good luck. 
 at 2088.27 s
++++ frame_probe ID: 850 receives a frame at time 88.2836s ++++
INFO: Detected an invalid packet at item 3072
INFO: Parser returned #f
++++ frame_probe ID: 860 receives a frame at time 88.3246s ++++
++++ frame_probe ID: 1010 receives a frame at time 88.336s ++++
generated random number isthe 1018th message counter data_frame_not_filtered has been visited 32 times  
0.0713165 and the threshold is 0.5. good luck. 
 at 2088.44 s
++++ frame_probe ID: 850 receives a frame at time 88.4549s ++++
INFO: Detected an invalid packet at item 3136
INFO: Parser returned #f
++++ frame_probe ID: 860 receives a frame at time 88.4957s ++++
++++ frame_probe ID: 1010 receives a frame at time 88.4993s ++++
generated random number is0.775315the  and the threshold is 1017th message counter data_frame_filtered has been visited 18 times  
0.5. bad luck and try next time. 
 at 2088.62 s
Measurement 1/3 complete in 1 second(s).
++++ frame_probe ID: 850 receives a frame at time 88.6358s ++++
INFO: Detected an invalid packet at item 3200
INFO: Parser returned #f
++++ frame_probe ID: 860 receives a frame at time 88.6767s ++++
++++ frame_probe ID: 1010 receives a frame at time 88.6817s ++++
generated random number is0.926016 and the threshold is 0.5. bad luck and try next time. 
the 1017th message counter data_frame_filtered has been visited 19 times  
 at 2088.8 s
++++ frame_probe ID: 850 receives a frame at time 88.8169s ++++
INFO: Detected an invalid packet at item 3264
INFO: Parser returned #f
++++ frame_probe ID: 860 receives a frame at time 88.8577s ++++
++++ frame_probe ID: 1010 receives a frame at time 88.8642s ++++
generated random number isthe 1018th message counter data_frame_not_filtered has been visited 33 times  
0.390376 and the threshold is 0.5. good luck. 
 at 2088.98 s
++++ frame_probe ID: 850 receives a frame at time 88.9977s ++++
INFO: Detected an invalid packet at item 3328
INFO: Parser returned #f
++++ frame_probe ID: 860 receives a frame at time 89.0387s ++++
++++ frame_probe ID: 1010 receives a frame at time 89.0465s ++++
generated random number isthe 1018th message counter data_frame_not_filtered has been visited 34 times  
0.198126 and the threshold is 0.5. good luck. 
 at 2089.21 s
++++ frame_probe ID: 850 receives a frame at time 89.2238s ++++
INFO: Detected an invalid packet at item 3392
INFO: Parser returned #f
++++ frame_probe ID: 860 receives a frame at time 89.2647s ++++
++++ frame_probe ID: 1010 receives a frame at time 89.2769s ++++
generated random number is0.563443 and the threshold is 0.5. bad luck and try next time. 
the 1017th message counter data_frame_filtered has been visited 20 times  
 at 2089.5 s
++++ frame_probe ID: 850 receives a frame at time 89.5144s ++++
INFO: Detected an invalid packet at item 3456
INFO: Parser returned #f
++++ frame_probe ID: 860 receives a frame at time 89.5552s ++++
++++ frame_probe ID: 1010 receives a frame at time 89.5647s ++++
generated random number is0.592776 and the threshold is 0.5. bad luck and try next time. 
the 1017th message counter data_frame_filtered has been visited 21 times  
Measurement 1 raw data directory created /home/inets/0_ba/bachelor_thesis/measurements/debug/data/41/1/.
'/home/inets/source/gr-inets/results/receiver_data_received.txt' -> '/home/inets/0_ba/bachelor_thesis/measurements/debug/data/41/1/receiver_data_received.txt'
'/home/inets/source/gr-inets/results/sender_bfr_dq.txt' -> '/home/inets/0_ba/bachelor_thesis/measurements/debug/data/41/1/sender_bfr_dq.txt'
'/home/inets/source/gr-inets/results/sender_data_sent.txt' -> '/home/inets/0_ba/bachelor_thesis/measurements/debug/data/41/1/sender_data_sent.txt'
Measurement 1 raw data moved to /home/inets/0_ba/bachelor_thesis/measurements/debug/data/41/1/.

Measurement 2/3 complete in 15 second(s).
linux; GNU C++ version 5.4.0 20160609; Boost_105800; UHD_003.009.005-45-g6768a615
linux; GNU C++ version 5.4.0 20160609; Boost_105800; UHD_003.009.005-45-g6768a615


Using Volk machine: avx_64_mmx
-- Opening a USRP2/N-Series device...
Using Volk machine: avx_64_mmx
-- Opening a USRP2/N-Series device...
-- Current recv frame size: 1472 bytes
-- Current send frame size: 1472 bytes
-- Current recv frame size: 1472 bytes
-- Current send frame size: 1472 bytes
Measurement 2/3 complete in 14 second(s).
the 880th message counter is activated.
the 885th message counter is activated.
the 100th message counter is activated.
develop_mode of random_filter ID: 1015 is activated.
the 1017th message counter is activated.
the 1018th message counter is activated.
the 1080th message counter is activated.
the 100th message counter is activated.
Measurement 2/3 complete in 13 second(s).
node starts running at 92.0088
node starts running at 92.0309
++++ frame_probe ID: 850 receives a frame at time 92.0436s ++++
INFO: Detected an invalid packet at item 0
INFO: Parser returned #f
++++ frame_probe ID: 860 receives a frame at time 92.0848s ++++
++++ frame_probe ID: 1010 receives a frame at time 92.0877s ++++
generated random number is0.808702 and the threshold is the 0.5. bad luck and try next time. 1017th message counter 
data_frame_filtered has been visited 1 times  
 at 2092.2 s
++++ frame_probe ID: 850 receives a frame at time 92.2144s ++++
INFO: Detected an invalid packet at item 64
INFO: Parser returned #f
++++ frame_probe ID: 860 receives a frame at time 92.2555s ++++
++++ frame_probe ID: 1010 receives a frame at time 92.2608s ++++
generated random number is0.737196 and the threshold is the 0.5. bad luck and try next time. 
1017th message counter data_frame_filtered has been visited 2 times  
 at 2092.38 s
++++ frame_probe ID: 850 receives a frame at time 92.4008s ++++
INFO: Detected an invalid packet at item 128
INFO: Parser returned #f
++++ frame_probe ID: 860 receives a frame at time 92.4419s ++++
++++ frame_probe ID: 1010 receives a frame at time 92.4523s ++++
generated random number isthe 0.0735922 and the threshold is 1018th message counter data_frame_not_filtered has been visited 1 times  
0.5. good luck. 
 at 2092.58 s
++++ frame_probe ID: 850 receives a frame at time 92.597s ++++
INFO: Detected an invalid packet at item 192
INFO: Parser returned #f
Measurement 2/3 complete in 12 second(s).
++++ frame_probe ID: 860 receives a frame at time 92.6379s ++++
++++ frame_probe ID: 1010 receives a frame at time 92.6448s ++++
generated random number isthe 1018th message counter data_frame_not_filtered has been visited 2 times  
0.478762 and the threshold is 0.5. good luck. 
 at 2092.76 s
++++ frame_probe ID: 850 receives a frame at time 92.7778s ++++
INFO: Detected an invalid packet at item 256
INFO: Parser returned #f
++++ frame_probe ID: 860 receives a frame at time 92.8187s ++++
++++ frame_probe ID: 1010 receives a frame at time 92.827s ++++
generated random number is0.805525 and the threshold is 0.5. bad luck and try next time. 
the 1017th message counter data_frame_filtered has been visited 3 times  
 at 2092.97 s
++++ frame_probe ID: 850 receives a frame at time 92.9885s ++++
INFO: Detected an invalid packet at item 320
INFO: Parser returned #f
++++ frame_probe ID: 860 receives a frame at time 93.0294s ++++
++++ frame_probe ID: 1010 receives a frame at time 93.0377s ++++
generated random number isthe 0.00777337 and the threshold is 1018th message counter data_frame_not_filtered has been visited 3 times  0.5
. good luck. 
 at 2093.17 s
++++ frame_probe ID: 850 receives a frame at time 93.1845s ++++
INFO: Detected an invalid packet at item 384
INFO: Parser returned #f
++++ frame_probe ID: 860 receives a frame at time 93.2253s ++++
++++ frame_probe ID: 1010 receives a frame at time 93.2298s ++++
generated random number is0.97192the  and the threshold is 1017th message counter data_frame_filtered has been visited 4 times  
0.5. bad luck and try next time. 
 at 2093.34 s
++++ frame_probe ID: 850 receives a frame at time 93.3551s ++++
INFO: Detected an invalid packet at item 448
INFO: Parser returned #f
++++ frame_probe ID: 860 receives a frame at time 93.3959s ++++
++++ frame_probe ID: 1010 receives a frame at time 93.4024s ++++
generated random number isthe 1018th message counter data_frame_not_filtered has been visited 40.419217 times   and the threshold is 
0.5. good luck. 
 at 2093.51 s
++++ frame_probe ID: 850 receives a frame at time 93.5308s ++++
INFO: Detected an invalid packet at item 512
INFO: Parser returned #f
++++ frame_probe ID: 860 receives a frame at time 93.5719s ++++
++++ frame_probe ID: 1010 receives a frame at time 93.5749s ++++
generated random number is0.903676 and the threshold is the 1017th message counter data_frame_filtered has been visited 5 times  
0.5. bad luck and try next time. 
Measurement 2/3 complete in 11 second(s).
 at 2093.7 s
++++ frame_probe ID: 850 receives a frame at time 93.722s ++++
INFO: Detected an invalid packet at item 576
INFO: Parser returned #f
++++ frame_probe ID: 860 receives a frame at time 93.7628s ++++
++++ frame_probe ID: 1010 receives a frame at time 93.7674s ++++
generated random number is0.00110441 and the threshold is the 0.5. good luck. 1018
th message counter data_frame_not_filtered has been visited 5 times  
 at 2093.92 s
++++ frame_probe ID: 850 receives a frame at time 93.9428s ++++
INFO: Detected an invalid packet at item 640
INFO: Parser returned #f
++++ frame_probe ID: 860 receives a frame at time 93.9837s ++++
++++ frame_probe ID: 1010 receives a frame at time 93.9877s ++++
generated random number isthe 1018th message counter data_frame_not_filtered has been visited 6 times  
0.453591 and the threshold is 0.5. good luck. 
 at 2094.19 s
++++ frame_probe ID: 850 receives a frame at time 94.2036s ++++
INFO: Detected an invalid packet at item 704
INFO: Parser returned #f
++++ frame_probe ID: 860 receives a frame at time 94.2445s ++++
++++ frame_probe ID: 1010 receives a frame at time 94.2564s ++++
generated random number isthe 1018th message counter data_frame_not_filtered has been visited 7 times  
0.396294 and the threshold is 0.5. good luck. 
 at 2094.47 s
++++ frame_probe ID: 850 receives a frame at time 94.4845s ++++
INFO: Detected an invalid packet at item 768
INFO: Parser returned #f
++++ frame_probe ID: 860 receives a frame at time 94.5254s ++++
++++ frame_probe ID: 1010 receives a frame at time 94.5351s ++++
generated random number isthe 1018th message counter data_frame_not_filtered has been visited 8 times  0.0454869 and the threshold is 0.5
. good luck. 
Measurement 2/3 complete in 10 second(s).
 at 2094.64 s
++++ frame_probe ID: 850 receives a frame at time 94.6606s ++++
INFO: Detected an invalid packet at item 832
INFO: Parser returned #f
++++ frame_probe ID: 860 receives a frame at time 94.7016s ++++
++++ frame_probe ID: 1010 receives a frame at time 94.7082s ++++
generated random number is0.729497 and the threshold is 0.5. bad luck and try next time. 
the 1017th message counter data_frame_filtered has been visited 6 times  
 at 2094.82 s
++++ frame_probe ID: 850 receives a frame at time 94.8366s ++++
INFO: Detected an invalid packet at item 896
INFO: Parser returned #f
++++ frame_probe ID: 860 receives a frame at time 94.8775s ++++
++++ frame_probe ID: 1010 receives a frame at time 94.8809s ++++
generated random number is0.755279 and the threshold is 0.5. bad luck and try next time. 
the 1017th message counter data_frame_filtered has been visited 7 times  
 at 2095.01 s
++++ frame_probe ID: 850 receives a frame at time 95.0272s ++++
INFO: Detected an invalid packet at item 960
INFO: Parser returned #f
++++ frame_probe ID: 860 receives a frame at time 95.068s ++++
++++ frame_probe ID: 1010 receives a frame at time 95.0731s ++++
generated random number is0.835008 and the threshold is 0.5. bad luck and try next time. 
the 1017th message counter data_frame_filtered has been visited 8 times  
 at 2095.23 s
++++ frame_probe ID: 850 receives a frame at time 95.2481s ++++
INFO: Detected an invalid packet at item 1024
INFO: Parser returned #f
++++ frame_probe ID: 860 receives a frame at time 95.289s ++++
++++ frame_probe ID: 1010 receives a frame at time 95.2936s ++++
generated random number isthe 1018th message counter data_frame_not_filtered has been visited 9 times  0.0312992
 and the threshold is 0.5. good luck. 
 at 2095.52 s
++++ frame_probe ID: 850 receives a frame at time 95.5337s ++++
INFO: Detected an invalid packet at item 1088
INFO: Parser returned #f
++++ frame_probe ID: 860 receives a frame at time 95.5748s ++++
++++ frame_probe ID: 1010 receives a frame at time 95.5814s ++++
generated random number isthe 0.710981 and the threshold is 1017th message counter data_frame_filtered has been visited 9 times  
0.5. bad luck and try next time. 
Measurement 2/3 complete in 9 second(s).
 at 2095.79 s
++++ frame_probe ID: 850 receives a frame at time 95.81s ++++
INFO: Detected an invalid packet at item 1152
INFO: Parser returned #f
++++ frame_probe ID: 860 receives a frame at time 95.8513s ++++
++++ frame_probe ID: 1010 receives a frame at time 95.8614s ++++
generated random number is0.450326 and the threshold is 0.5. good luck. 
the 1018th message counter data_frame_not_filtered has been visited 10 times  
 at 2095.97 s
++++ frame_probe ID: 850 receives a frame at time 95.986s ++++
INFO: Detected an invalid packet at item 1216
INFO: Parser returned #f
++++ frame_probe ID: 860 receives a frame at time 96.027s ++++
++++ frame_probe ID: 1010 receives a frame at time 96.0316s ++++
generated random number isthe 1018th message counter data_frame_not_filtered has been visited 11 times  
0.319725 and the threshold is 0.5. good luck. 
 at 2096.14 s
++++ frame_probe ID: 850 receives a frame at time 96.1574s ++++
INFO: Detected an invalid packet at item 1280
INFO: Parser returned #f
++++ frame_probe ID: 860 receives a frame at time 96.1982s ++++
++++ frame_probe ID: 1010 receives a frame at time 96.2047s ++++
generated random number is0.522339 and the threshold is 0.5the . bad luck and try next time. 
1017th message counter data_frame_filtered has been visited 10 times  
 at 2096.32 s
++++ frame_probe ID: 850 receives a frame at time 96.3387s ++++
INFO: Detected an invalid packet at item 1344
INFO: Parser returned #f
++++ frame_probe ID: 860 receives a frame at time 96.3795s ++++
++++ frame_probe ID: 1010 receives a frame at time 96.3873s ++++
the 1018th message counter data_frame_not_filtered has been visited 12 times  
generated random number is0.17135 and the threshold is 0.5. good luck. 
 at 2096.52 s
++++ frame_probe ID: 850 receives a frame at time 96.5347s ++++
INFO: Detected an invalid packet at item 1408
INFO: Parser returned #f
++++ frame_probe ID: 860 receives a frame at time 96.5755s ++++
++++ frame_probe ID: 1010 receives a frame at time 96.5786s ++++
generated random number is0.00635798 and the threshold is 0.5. good luck. 
the 1018th message counter data_frame_not_filtered has been visited 13 times  
Measurement 2/3 complete in 8 second(s).
 at 2096.83 s
++++ frame_probe ID: 850 receives a frame at time 96.8502s ++++
INFO: Detected an invalid packet at item 1472
INFO: Parser returned #f
++++ frame_probe ID: 860 receives a frame at time 96.891s ++++
++++ frame_probe ID: 1010 receives a frame at time 96.8955s ++++
generated random number is0.723893 and the threshold is 0.5. bad luck and try next time. 
the 1017th message counter data_frame_filtered has been visited 11 times  
 at 2097.21 s
++++ frame_probe ID: 850 receives a frame at time 97.2264s ++++
INFO: Detected an invalid packet at item 1536
INFO: Parser returned #f
++++ frame_probe ID: 860 receives a frame at time 97.2674s ++++
++++ frame_probe ID: 1010 receives a frame at time 97.2803s ++++
the 1018th message counter data_frame_not_filtered has been visited generated random number is14 times  
0.228256 and the threshold is 0.5. good luck. 
 at 2097.38 s
++++ frame_probe ID: 850 receives a frame at time 97.4024s ++++
INFO: Detected an invalid packet at item 1600
INFO: Parser returned #f
++++ frame_probe ID: 860 receives a frame at time 97.4434s ++++
++++ frame_probe ID: 1010 receives a frame at time 97.4526s ++++
generated random number is0.712321 and the threshold is the 10170.5th message counter . bad luck and try next time. data_frame_filtered has been visited 12
 times  
 at 2097.56 s
++++ frame_probe ID: 850 receives a frame at time 97.5787s ++++
INFO: Detected an invalid packet at item 1664
INFO: Parser returned #f
++++ frame_probe ID: 860 receives a frame at time 97.6196s ++++
++++ frame_probe ID: 1010 receives a frame at time 97.625s ++++
generated random number isthe 1018th message counter data_frame_not_filtered has been visited 15 times  
0.0341508 and the threshold is 0.5. good luck. 
Measurement 2/3 complete in 7 second(s).
 at 2097.73 s
++++ frame_probe ID: 850 receives a frame at time 97.7494s ++++
INFO: Detected an invalid packet at item 1728
INFO: Parser returned #f
++++ frame_probe ID: 860 receives a frame at time 97.7903s ++++
++++ frame_probe ID: 1010 receives a frame at time 97.7983s ++++
generated random number isthe 0.423302 and the threshold is 1018th message counter data_frame_not_filtered has been visited 16 times  
0.5. good luck. 
 at 2097.91 s
++++ frame_probe ID: 850 receives a frame at time 97.9248s ++++
INFO: Detected an invalid packet at item 1792
INFO: Parser returned #f
++++ frame_probe ID: 860 receives a frame at time 97.9658s ++++
++++ frame_probe ID: 1010 receives a frame at time 97.9708s ++++
generated random number is0.811966 and the threshold is 0.5. bad luck and try next time. the 
1017th message counter data_frame_filtered has been visited 13 times  
 at 2098.16 s
++++ frame_probe ID: 850 receives a frame at time 98.1808s ++++
INFO: Detected an invalid packet at item 1856
INFO: Parser returned #f
++++ frame_probe ID: 860 receives a frame at time 98.2216s ++++
++++ frame_probe ID: 1010 receives a frame at time 98.2303s ++++
generated random number isthe 1018th message counter data_frame_not_filtered has been visited 17 times  
0.493457 and the threshold is 0.5. good luck. 
 at 2098.46 s
++++ frame_probe ID: 850 receives a frame at time 98.4816s ++++
INFO: Detected an invalid packet at item 1920
INFO: Parser returned #f
++++ frame_probe ID: 860 receives a frame at time 98.5225s ++++
++++ frame_probe ID: 1010 receives a frame at time 98.528s ++++
the 1018th message counter data_frame_not_filtered has been visited 18 times  
generated random number is0.167877 and the threshold is 0.5. good luck. 
 at 2098.63 s
Measurement 2/3 complete in 6 second(s).
++++ frame_probe ID: 850 receives a frame at time 98.6523s ++++
INFO: Detected an invalid packet at item 1984
INFO: Parser returned #f
++++ frame_probe ID: 860 receives a frame at time 98.6933s ++++
++++ frame_probe ID: 1010 receives a frame at time 98.7005s ++++
generated random number is0.8477 and the threshold is the 0.5. bad luck and try next time. 1017
th message counter data_frame_filtered has been visited 14 times  
 at 2098.81 s
++++ frame_probe ID: 850 receives a frame at time 98.8284s ++++
INFO: Detected an invalid packet at item 2048
INFO: Parser returned #f
++++ frame_probe ID: 860 receives a frame at time 98.8692s ++++
++++ frame_probe ID: 1010 receives a frame at time 98.8746s ++++
generated random number is0.167425 and the threshold is 0.5. good luck. 
the 1018th message counter data_frame_not_filtered has been visited 19 times  
 at 2098.99 s
++++ frame_probe ID: 850 receives a frame at time 99.0045s ++++
INFO: Detected an invalid packet at item 2112
INFO: Parser returned #f
++++ frame_probe ID: 860 receives a frame at time 99.0452s ++++
++++ frame_probe ID: 1010 receives a frame at time 99.0559s ++++
the generated random number is1018th message counter data_frame_not_filtered has been visited 20 times  
0.0648314 and the threshold is 0.5. good luck. 
 at 2099.22 s
++++ frame_probe ID: 850 receives a frame at time 99.2397s ++++
INFO: Detected an invalid packet at item 2176
INFO: Parser returned #f
++++ frame_probe ID: 860 receives a frame at time 99.2806s ++++
++++ frame_probe ID: 1010 receives a frame at time 99.2856s ++++
generated random number is0.937984 and the threshold is 0.5. bad luck and try next time. 
the 1017th message counter data_frame_filtered has been visited 15 times  
 at 2099.41 s
++++ frame_probe ID: 850 receives a frame at time 99.4305s ++++
INFO: Detected an invalid packet at item 2240
INFO: Parser returned #f
++++ frame_probe ID: 860 receives a frame at time 99.4714s ++++
++++ frame_probe ID: 1010 receives a frame at time 99.4782s ++++
generated random number isthe 1018th message counter data_frame_not_filtered has been visited 21 times  
0.151151 and the threshold is 0.5. good luck. 
Measurement 2/3 complete in 5 second(s).
 at 2099.66 s
++++ frame_probe ID: 850 receives a frame at time 99.6762s ++++
INFO: Detected an invalid packet at item 2304
INFO: Parser returned #f
++++ frame_probe ID: 860 receives a frame at time 99.7173s ++++
++++ frame_probe ID: 1010 receives a frame at time 99.7278s ++++
the 1018th message counter data_frame_not_filtered has been visited 22 times  
generated random number is0.0686334 and the threshold is 0.5. good luck. 
 at 2099.83 s
++++ frame_probe ID: 850 receives a frame at time 99.8527s ++++
INFO: Detected an invalid packet at item 2368
INFO: Parser returned #f
++++ frame_probe ID: 860 receives a frame at time 99.8942s ++++
++++ frame_probe ID: 1010 receives a frame at time 99.9003s ++++
the generated random number is1018th message counter data_frame_not_filtered has been visited 23 times  
0.0873562 and the threshold is 0.5. good luck. 
 at 2100.01 s
++++ frame_probe ID: 850 receives a frame at time 0.024208s ++++
INFO: Detected an invalid packet at item 2432
INFO: Parser returned #f
++++ frame_probe ID: 860 receives a frame at time 0.065458s ++++
++++ frame_probe ID: 1010 receives a frame at time 0.072546s ++++
generated random number isthe 1018th message counter data_frame_not_filtered has been visited 24 times  
0.1033 and the threshold is 0.5. good luck. 
 at 2100.18 s
++++ frame_probe ID: 850 receives a frame at time 0.200314s ++++
INFO: Detected an invalid packet at item 2496
INFO: Parser returned #f
++++ frame_probe ID: 860 receives a frame at time 0.241258s ++++
++++ frame_probe ID: 1010 receives a frame at time 0.245932s ++++
generated random number isthe 1018th message counter data_frame_not_filtered has been visited 25 times  
0.0336557 and the threshold is 0.5. good luck. 
 at 2100.42 s
++++ frame_probe ID: 850 receives a frame at time 0.441499s ++++
INFO: Detected an invalid packet at item 2560
INFO: Parser returned #f
++++ frame_probe ID: 860 receives a frame at time 0.482647s ++++
++++ frame_probe ID: 1010 receives a frame at time 0.485648s ++++
generated random number isthe 1018th message counter data_frame_not_filtered has been visited 26 times  0.0905095
 and the threshold is 0.5. good luck. 
Measurement 2/3 complete in 4 second(s).
 at 2100.75 s
++++ frame_probe ID: 850 receives a frame at time 0.767869s ++++
INFO: Detected an invalid packet at item 2624
INFO: Parser returned #f
++++ frame_probe ID: 860 receives a frame at time 0.808681s ++++
++++ frame_probe ID: 1010 receives a frame at time 0.812059s ++++
generated random number is0.998014 and the threshold is the 0.5. bad luck and try next time. 1017
th message counter data_frame_filtered has been visited 16 times  
 at 2101.05 s
++++ frame_probe ID: 850 receives a frame at time 1.06873s ++++
INFO: Detected an invalid packet at item 2688
INFO: Parser returned #f
++++ frame_probe ID: 860 receives a frame at time 1.10986s ++++
++++ frame_probe ID: 1010 receives a frame at time 1.11885s ++++
generated random number is0.947592 and the threshold is 0.5. bad luck and try next time. 
the 1017th message counter data_frame_filtered has been visited 17 times  
 at 2101.22 s
++++ frame_probe ID: 850 receives a frame at time 1.23952s ++++
INFO: Detected an invalid packet at item 2752
INFO: Parser returned #f
++++ frame_probe ID: 860 receives a frame at time 1.28028s ++++
++++ frame_probe ID: 1010 receives a frame at time 1.29213s ++++
generated random number is0.827306 and the threshold is 0.5. bad luck and try next time. 
the 1017th message counter data_frame_filtered has been visited 18 times  
 at 2101.4 s
++++ frame_probe ID: 850 receives a frame at time 1.41533s ++++
INFO: Detected an invalid packet at item 2816
INFO: Parser returned #f
++++ frame_probe ID: 860 receives a frame at time 1.45631s ++++
++++ frame_probe ID: 1010 receives a frame at time 1.46473s ++++
generated random number isthe 1018th message counter data_frame_not_filtered has been visited 27 times  
0.401783 and the threshold is 0.5. good luck. 
 at 2101.58 s
++++ frame_probe ID: 850 receives a frame at time 1.60133s ++++
INFO: Detected an invalid packet at item 2880
INFO: Parser returned #f
++++ frame_probe ID: 860 receives a frame at time 1.64235s ++++
Measurement 2/3 complete in 3 second(s).
++++ frame_probe ID: 1010 receives a frame at time 1.64716s ++++
generated random number is0.61843 and the threshold is the 0.5. bad luck and try next time. 
1017th message counter data_frame_filtered has been visited 19 times  
 at 2101.79 s
++++ frame_probe ID: 850 receives a frame at time 1.80744s ++++
INFO: Detected an invalid packet at item 2944
INFO: Parser returned #f
++++ frame_probe ID: 860 receives a frame at time 1.84833s ++++
++++ frame_probe ID: 1010 receives a frame at time 1.85856s ++++
generated random number is0.556414 and the threshold is the 1017th message counter data_frame_filtered0.5 has been visited 20 times . bad luck and try next time.  

 at 2101.98 s
++++ frame_probe ID: 850 receives a frame at time 1.9933s ++++
INFO: Detected an invalid packet at item 3008
INFO: Parser returned #f
++++ frame_probe ID: 860 receives a frame at time 2.03423s ++++
++++ frame_probe ID: 1010 receives a frame at time 2.04093s ++++
generated random number is0.625047 and the threshold is 0.5. bad luck and try next time. 
the 1017th message counter data_frame_filtered has been visited 21 times  
 at 2102.41 s
++++ frame_probe ID: 850 receives a frame at time 2.42421s ++++
INFO: Detected an invalid packet at item 3072
INFO: Parser returned #f
++++ frame_probe ID: 860 receives a frame at time 2.46507s ++++
++++ frame_probe ID: 1010 receives a frame at time 2.47316s ++++
generated random number isthe 0.701577 and the threshold is 1017th message counter data_frame_filtered has been visited 22 times  
0.5. bad luck and try next time. 
 at 2102.58 s
++++ frame_probe ID: 850 receives a frame at time 2.5953s ++++
INFO: Detected an invalid packet at item 3136
INFO: Parser returned #f
++++ frame_probe ID: 860 receives a frame at time 2.63633s ++++
++++ frame_probe ID: 1010 receives a frame at time 2.64527s ++++
the generated random number is1018th message counter data_frame_not_filtered has been visited 28 times  
0.284352 and the threshold is 0.5. good luck. 
Measurement 2/3 complete in 2 second(s).
 at 2102.75 s
++++ frame_probe ID: 850 receives a frame at time 2.77096s ++++
INFO: Detected an invalid packet at item 3200
INFO: Parser returned #f
++++ frame_probe ID: 860 receives a frame at time 2.81193s ++++
++++ frame_probe ID: 1010 receives a frame at time 2.81864s ++++
generated random number isthe 1018th message counter data_frame_not_filtered has been visited 29 times  
0.0938683 and the threshold is 0.5. good luck. 
 at 2102.94 s
++++ frame_probe ID: 850 receives a frame at time 2.96214s ++++
INFO: Detected an invalid packet at item 3264
INFO: Parser returned #f
++++ frame_probe ID: 860 receives a frame at time 3.003s ++++
++++ frame_probe ID: 1010 receives a frame at time 3.01014s ++++
generated random number is0.064067 and the threshold is 0.5. good luck. 
the 1018th message counter data_frame_not_filtered has been visited 30 times  
 at 2103.13 s
++++ frame_probe ID: 850 receives a frame at time 3.15314s ++++
INFO: Detected an invalid packet at item 3328
INFO: Parser returned #f
++++ frame_probe ID: 860 receives a frame at time 3.19416s ++++
++++ frame_probe ID: 1010 receives a frame at time 3.20266s ++++
the generated random number is1018th message counter data_frame_not_filtered has been visited 31 times  
0.0116593 and the threshold is 0.5. good luck. 
 at 2103.35 s
++++ frame_probe ID: 850 receives a frame at time 3.36442s ++++
INFO: Detected an invalid packet at item 3392
INFO: Parser returned #f
++++ frame_probe ID: 860 receives a frame at time 3.40533s ++++
++++ frame_probe ID: 1010 receives a frame at time 3.41314s ++++
generated random number isthe 1018th message counter data_frame_not_filtered has been visited 32 times  
0.116665 and the threshold is 0.5. good luck. 
Measurement 2/3 complete in 1 second(s).
 at 2103.82 s
++++ frame_probe ID: 850 receives a frame at time 3.83533s ++++
INFO: Detected an invalid packet at item 3456
INFO: Parser returned #f
++++ frame_probe ID: 860 receives a frame at time 3.87634s ++++
++++ frame_probe ID: 1010 receives a frame at time 3.8842s ++++
generated random number isthe 1018th message counter data_frame_not_filtered has been visited 33 times  
0.291509 and the threshold is 0.5. good luck. 
 at 2103.99 s
++++ frame_probe ID: 850 receives a frame at time 4.0065s ++++
INFO: Detected an invalid packet at item 3520
INFO: Parser returned #f
++++ frame_probe ID: 860 receives a frame at time 4.04746s ++++
++++ frame_probe ID: 1010 receives a frame at time 4.05657s ++++
generated random number is0.916556 and the threshold is 0.5. bad luck and try next time. 
the 1017th message counter data_frame_filtered has been visited 23 times  
 at 2104.16 s
++++ frame_probe ID: 850 receives a frame at time 4.18226s ++++
INFO: Detected an invalid packet at item 3584
INFO: Parser returned #f
++++ frame_probe ID: 860 receives a frame at time 4.22304s ++++
++++ frame_probe ID: 1010 receives a frame at time 4.22984s ++++
the 1018th message counter generated random number isdata_frame_not_filtered has been visited 34 times  
0.211095 and the threshold is 0.5. good luck. 
 at 2104.34 s
++++ frame_probe ID: 850 receives a frame at time 4.35773s ++++
INFO: Detected an invalid packet at item 3648
INFO: Parser returned #f
++++ frame_probe ID: 860 receives a frame at time 4.39855s ++++
++++ frame_probe ID: 1010 receives a frame at time 4.40228s ++++
generated random number isthe 0.0929495 and the threshold is 1018th message counter data_frame_not_filtered has been visited 0.5. good luck. 35 times 
 
 at 2104.57 s
++++ frame_probe ID: 850 receives a frame at time 4.5836s ++++
INFO: Detected an invalid packet at item 3712
INFO: Parser returned #f
++++ frame_probe ID: 860 receives a frame at time 4.62445s ++++
++++ frame_probe ID: 1010 receives a frame at time 4.63285s ++++
generated random number isthe 1017th message counter data_frame_filtered has been visited 24 times  
0.837812 and the threshold is 0.5. bad luck and try next time. 
Measurement 2 raw data directory created /home/inets/0_ba/bachelor_thesis/measurements/debug/data/41/2/.
'/home/inets/source/gr-inets/results/receiver_data_received.txt' -> '/home/inets/0_ba/bachelor_thesis/measurements/debug/data/41/2/receiver_data_received.txt'
'/home/inets/source/gr-inets/results/sender_bfr_dq.txt' -> '/home/inets/0_ba/bachelor_thesis/measurements/debug/data/41/2/sender_bfr_dq.txt'
'/home/inets/source/gr-inets/results/sender_data_sent.txt' -> '/home/inets/0_ba/bachelor_thesis/measurements/debug/data/41/2/sender_data_sent.txt'
Measurement 2 raw data moved to /home/inets/0_ba/bachelor_thesis/measurements/debug/data/41/2/.

Measurement 3/3 complete in 15 second(s).
linux; GNU C++ version 5.4.0 20160609; Boost_105800; UHD_003.009.005-45-g6768a615
linux; GNU C++ version 5.4.0 20160609; Boost_105800; UHD_003.009.005-45-g6768a615


Using Volk machine: avx_64_mmx
-- Opening a USRP2/N-Series device...
Using Volk machine: avx_64_mmx
-- Opening a USRP2/N-Series device...
-- Current recv frame size: 1472 bytes
-- Current send frame size: 1472 bytes
-- Current recv frame size: 1472 bytes
-- Current send frame size: 1472 bytes
Measurement 3/3 complete in 14 second(s).
develop_mode of random_filter ID: 1015 is activated.
the 1017th message counter is activated.
the 1018th message counter is activated.
the 1080th message counter is activated.
the 100th message counter is activated.
the 880th message counter is activated.
the 885th message counter is activated.
the 100th message counter is activated.
Measurement 3/3 complete in 13 second(s).
node starts running at 7.03286
node starts running at 7.03521
++++ frame_probe ID: 850 receives a frame at time 7.10787s ++++
INFO: Detected an invalid packet at item 0
INFO: Parser returned #f
++++ frame_probe ID: 860 receives a frame at time 7.14884s ++++
++++ frame_probe ID: 1010 receives a frame at time 7.16126s ++++
generated random number is0.545827 and the threshold is 0.5. bad luck and try next time. 
the 1017th message counter data_frame_filtered has been visited 1 times  
 at 2107.26 s
++++ frame_probe ID: 850 receives a frame at time 7.27873s ++++
INFO: Detected an invalid packet at item 64
INFO: Parser returned #f
++++ frame_probe ID: 860 receives a frame at time 7.31953s ++++
++++ frame_probe ID: 1010 receives a frame at time 7.32368s ++++
the generated random number is1018th message counter data_frame_not_filtered has been visited 1 times  
0.0565805 and the threshold is 0.5. good luck. 
 at 2107.45 s
++++ frame_probe ID: 850 receives a frame at time 7.46485s ++++
INFO: Detected an invalid packet at item 128
INFO: Parser returned #f
++++ frame_probe ID: 860 receives a frame at time 7.50609s ++++
++++ frame_probe ID: 1010 receives a frame at time 7.51619s ++++
the generated random number is1018th message counter data_frame_not_filtered has been visited 2 times  
0.319201 and the threshold is 0.5. good luck. 
 at 2107.62 s
++++ frame_probe ID: 850 receives a frame at time 7.63654s ++++
INFO: Detected an invalid packet at item 192
INFO: Parser returned #f
Measurement 3/3 complete in 12 second(s).
++++ frame_probe ID: 860 receives a frame at time 7.67751s ++++
++++ frame_probe ID: 1010 receives a frame at time 7.68866s ++++
generated random number is0.638824 and the threshold is the 0.51017. bad luck and try next time. th message counter 
data_frame_filtered has been visited 2 times  
 at 2107.82 s
++++ frame_probe ID: 850 receives a frame at time 7.83747s ++++
INFO: Detected an invalid packet at item 256
INFO: Parser returned #f
++++ frame_probe ID: 860 receives a frame at time 7.87836s ++++
++++ frame_probe ID: 1010 receives a frame at time 7.89097s ++++
generated random number is0.841866 and the threshold is 0.5. bad luck and try next time. 
the 1017th message counter data_frame_filtered has been visited 3 times  
 at 2108.11 s
++++ frame_probe ID: 850 receives a frame at time 8.12829s ++++
INFO: Detected an invalid packet at item 320
INFO: Parser returned #f
++++ frame_probe ID: 860 receives a frame at time 8.16918s ++++
++++ frame_probe ID: 1010 receives a frame at time 8.1783s ++++
generated random number is0.893671 and the threshold is 0.5. bad luck and try next time. 
the 1017th message counter data_frame_filtered has been visited 4 times  
 at 2108.29 s
++++ frame_probe ID: 850 receives a frame at time 8.30877s ++++
INFO: Detected an invalid packet at item 384
INFO: Parser returned #f
++++ frame_probe ID: 860 receives a frame at time 8.34929s ++++
++++ frame_probe ID: 1010 receives a frame at time 8.36061s ++++
generated random number is0.529319 and the threshold is 0.5. bad luck and try next time. 
the 1017th message counter data_frame_filtered has been visited 5 times  
 at 2108.47 s
++++ frame_probe ID: 850 receives a frame at time 8.48379s ++++
INFO: Detected an invalid packet at item 448
INFO: Parser returned #f
++++ frame_probe ID: 860 receives a frame at time 8.52449s ++++
++++ frame_probe ID: 1010 receives a frame at time 8.53323s ++++
generated random number isthe 0.2079951018 and the threshold is th message counter data_frame_not_filtered has been visited 3 times  
0.5. good luck. 
 at 2108.65 s
Measurement 3/3 complete in 11 second(s).
++++ frame_probe ID: 850 receives a frame at time 8.66432s ++++
INFO: Detected an invalid packet at item 512
INFO: Parser returned #f
++++ frame_probe ID: 860 receives a frame at time 8.70526s ++++
++++ frame_probe ID: 1010 receives a frame at time 8.7157s ++++
generated random number isthe 1018th message counter data_frame_not_filtered has been visited 4 times  
0.206272 and the threshold is 0.5. good luck. 
 at 2108.83 s
++++ frame_probe ID: 850 receives a frame at time 8.85058s ++++
INFO: Detected an invalid packet at item 576
INFO: Parser returned #f
++++ frame_probe ID: 860 receives a frame at time 8.89151s ++++
++++ frame_probe ID: 1010 receives a frame at time 8.89829s ++++
generated random number isthe 1018th message counter data_frame_not_filtered0.442061 has been visited 5 times   and the threshold is 
0.5. good luck. 
 at 2109.07 s
++++ frame_probe ID: 850 receives a frame at time 9.09135s ++++
INFO: Detected an invalid packet at item 640
INFO: Parser returned #f
++++ frame_probe ID: 860 receives a frame at time 9.13251s ++++
++++ frame_probe ID: 1010 receives a frame at time 9.13803s ++++
generated random number is0.72724 and the threshold is the 0.5. bad luck and try next time. 
1017th message counter data_frame_filtered has been visited 6 times  
 at 2109.29 s
++++ frame_probe ID: 850 receives a frame at time 9.31255s ++++
INFO: Detected an invalid packet at item 704
INFO: Parser returned #f
++++ frame_probe ID: 860 receives a frame at time 9.35356s ++++
++++ frame_probe ID: 1010 receives a frame at time 9.35842s ++++
generated random number is0.294171 and the threshold is 0.5. good luck. 
the 1018th message counter data_frame_not_filtered has been visited 6 times  
Measurement 3/3 complete in 10 second(s).
 at 2109.78 s
++++ frame_probe ID: 850 receives a frame at time 9.79855s ++++
INFO: Detected an invalid packet at item 768
INFO: Parser returned #f
++++ frame_probe ID: 860 receives a frame at time 9.83973s ++++
++++ frame_probe ID: 1010 receives a frame at time 9.84863s ++++
generated random number is0.763575 and the threshold is 0.5. bad luck and try next time. 
the 1017th message counter data_frame_filtered has been visited 7 times  
 at 2109.95 s
++++ frame_probe ID: 850 receives a frame at time 9.97002s ++++
INFO: Detected an invalid packet at item 832
INFO: Parser returned #f
++++ frame_probe ID: 860 receives a frame at time 10.0111s ++++
++++ frame_probe ID: 1010 receives a frame at time 10.021s ++++
generated random number is0.657758 and the threshold is 0.5. bad luck and try next time. 
the 1017th message counter data_frame_filtered has been visited 8 times  
 at 2110.13 s
++++ frame_probe ID: 850 receives a frame at time 10.1464s ++++
INFO: Detected an invalid packet at item 896
INFO: Parser returned #f
++++ frame_probe ID: 860 receives a frame at time 10.1873s ++++
++++ frame_probe ID: 1010 receives a frame at time 10.194s ++++
generated random number is0.805826 and the threshold is 0.5. bad luck and try next time. 
the 1017th message counter data_frame_filtered has been visited 9 times  
 at 2110.34 s
++++ frame_probe ID: 850 receives a frame at time 10.3534s ++++
INFO: Detected an invalid packet at item 960
INFO: Parser returned #f
++++ frame_probe ID: 860 receives a frame at time 10.3942s ++++
++++ frame_probe ID: 1010 receives a frame at time 10.4047s ++++
generated random number isthe 0.556773 and the threshold is 1017th message counter data_frame_filtered has been visited 10 times  
0.5. bad luck and try next time. 
 at 2110.52 s
++++ frame_probe ID: 850 receives a frame at time 10.5344s ++++
INFO: Detected an invalid packet at item 1024
INFO: Parser returned #f
++++ frame_probe ID: 860 receives a frame at time 10.5753s ++++
++++ frame_probe ID: 1010 receives a frame at time 10.5873s ++++
generated random number isthe 0.4504441018th message counter data_frame_not_filtered and the threshold is  has been visited 7 times  
0.5. good luck. 
Measurement 3/3 complete in 9 second(s).
 at 2110.76 s
++++ frame_probe ID: 850 receives a frame at time 10.7804s ++++
INFO: Detected an invalid packet at item 1088
INFO: Parser returned #f
++++ frame_probe ID: 860 receives a frame at time 10.8214s ++++
++++ frame_probe ID: 1010 receives a frame at time 10.8276s ++++
the 1018th message counter data_frame_not_filtered has been visited 8 times  
generated random number is0.293581 and the threshold is 0.5. good luck. 
 at 2111.1 s
++++ frame_probe ID: 850 receives a frame at time 11.1168s ++++
INFO: Detected an invalid packet at item 1152
INFO: Parser returned #f
++++ frame_probe ID: 860 receives a frame at time 11.1577s ++++
++++ frame_probe ID: 1010 receives a frame at time 11.1634s ++++
generated random number is0.238709 and the threshold is 0.5. good luck. 
the 1018th message counter data_frame_not_filtered has been visited 9 times  
 at 2111.27 s
++++ frame_probe ID: 850 receives a frame at time 11.2927s ++++
INFO: Detected an invalid packet at item 1216
INFO: Parser returned #f
++++ frame_probe ID: 860 receives a frame at time 11.3336s ++++
++++ frame_probe ID: 1010 receives a frame at time 11.3459s ++++
generated random number is0.756301 and the threshold is the 10170.5th message counter data_frame_filtered has been visited . bad luck and try next time. 11 times 
 
 at 2111.45 s
++++ frame_probe ID: 850 receives a frame at time 11.4688s ++++
INFO: Detected an invalid packet at item 1280
INFO: Parser returned #f
++++ frame_probe ID: 860 receives a frame at time 11.5098s ++++
++++ frame_probe ID: 1010 receives a frame at time 11.5183s ++++
generated random number isthe 1018th message counter data_frame_not_filtered has been visited 10 times  
0.415203 and the threshold is 0.5. good luck. 
 at 2111.63 s
++++ frame_probe ID: 850 receives a frame at time 11.645s ++++
INFO: Detected an invalid packet at item 1344
INFO: Parser returned #f
Measurement 3/3 complete in 8 second(s).
++++ frame_probe ID: 860 receives a frame at time 11.686s ++++
++++ frame_probe ID: 1010 receives a frame at time 11.6917s ++++
generated random number is0.873569 and the threshold is the 0.5. bad luck and try next time. 
1017th message counter data_frame_filtered has been visited 12 times  
 at 2111.87 s
++++ frame_probe ID: 850 receives a frame at time 11.8915s ++++
INFO: Detected an invalid packet at item 1408
INFO: Parser returned #f
++++ frame_probe ID: 860 receives a frame at time 11.9325s ++++
++++ frame_probe ID: 1010 receives a frame at time 11.9413s ++++
generated random number isthe 1018th message counter data_frame_not_filtered has been visited 11 times  
0.186251 and the threshold is 0.5. good luck. 
 at 2112.05 s
++++ frame_probe ID: 850 receives a frame at time 12.0727s ++++
INFO: Detected an invalid packet at item 1472
INFO: Parser returned #f
++++ frame_probe ID: 860 receives a frame at time 12.1136s ++++
++++ frame_probe ID: 1010 receives a frame at time 12.1236s ++++
generated random number is0.728355 and the threshold is the 0.51017th message counter data_frame_filtered. bad luck and try next time.  has been visited 13
 times  
 at 2112.47 s
++++ frame_probe ID: 850 receives a frame at time 12.4888s ++++
INFO: Detected an invalid packet at item 1536
INFO: Parser returned #f
++++ frame_probe ID: 860 receives a frame at time 12.5298s ++++
++++ frame_probe ID: 1010 receives a frame at time 12.5366s ++++
the 1018th message counter data_frame_not_filtered has been visited 12 times  generated random number is
0.161419 and the threshold is 0.5. good luck. 
 at 2112.65 s
Measurement 3/3 complete in 7 second(s).
++++ frame_probe ID: 850 receives a frame at time 12.6648s ++++
INFO: Detected an invalid packet at item 1600
INFO: Parser returned #f
++++ frame_probe ID: 860 receives a frame at time 12.7057s ++++
++++ frame_probe ID: 1010 receives a frame at time 12.709s ++++
generated random number is0.830295 and the threshold is 0.5. bad luck and try next time. the 
1017th message counter data_frame_filtered has been visited 14 times  
 at 2112.83 s
++++ frame_probe ID: 850 receives a frame at time 12.8508s ++++
INFO: Detected an invalid packet at item 1664
INFO: Parser returned #f
++++ frame_probe ID: 860 receives a frame at time 12.8917s ++++
++++ frame_probe ID: 1010 receives a frame at time 12.9013s ++++
generated random number isthe 0.396243 and the threshold is 1018th message counter data_frame_not_filtered has been visited 13 times  
0.5. good luck. 
 at 2113.03 s
++++ frame_probe ID: 850 receives a frame at time 13.0516s ++++
INFO: Detected an invalid packet at item 1728
INFO: Parser returned #f
++++ frame_probe ID: 860 receives a frame at time 13.0925s ++++
++++ frame_probe ID: 1010 receives a frame at time 13.1029s ++++
generated random number is0.821682 and the threshold is the 1017th message counter data_frame_filtered0.5 has been visited . bad luck and try next time. 
15 times  
 at 2113.25 s
++++ frame_probe ID: 850 receives a frame at time 13.2728s ++++
INFO: Detected an invalid packet at item 1792
INFO: Parser returned #f
++++ frame_probe ID: 860 receives a frame at time 13.3138s ++++
++++ frame_probe ID: 1010 receives a frame at time 13.3234s ++++
generated random number is0.455541 and the threshold is 0.5. good luck. 
the 1018th message counter data_frame_not_filtered has been visited 14 times  
 at 2113.55 s
++++ frame_probe ID: 850 receives a frame at time 13.5687s ++++
INFO: Detected an invalid packet at item 1856
INFO: Parser returned #f
++++ frame_probe ID: 860 receives a frame at time 13.6096s ++++
++++ frame_probe ID: 1010 receives a frame at time 13.6211s ++++
the generated random number is1018th message counter data_frame_not_filtered has been visited 15 times  
0.031548 and the threshold is 0.5. good luck. 
Measurement 3/3 complete in 6 second(s).
 at 2113.93 s
++++ frame_probe ID: 850 receives a frame at time 13.9446s ++++
INFO: Detected an invalid packet at item 1920
INFO: Parser returned #f
++++ frame_probe ID: 860 receives a frame at time 13.9856s ++++
++++ frame_probe ID: 1010 receives a frame at time 13.9959s ++++
generated random number is0.553924 and the threshold is 0.5. bad luck and try next time. 
the 1017th message counter data_frame_filtered has been visited 16 times  
 at 2114.1 s
++++ frame_probe ID: 850 receives a frame at time 14.1159s ++++
INFO: Detected an invalid packet at item 1984
INFO: Parser returned #f
++++ frame_probe ID: 860 receives a frame at time 14.1569s ++++
++++ frame_probe ID: 1010 receives a frame at time 14.1683s ++++
generated random number isthe 1018th message counter data_frame_not_filtered has been visited 16 times  
0.120756 and the threshold is 0.5. good luck. 
 at 2114.27 s
++++ frame_probe ID: 850 receives a frame at time 14.2919s ++++
INFO: Detected an invalid packet at item 2048
INFO: Parser returned #f
++++ frame_probe ID: 860 receives a frame at time 14.3329s ++++
++++ frame_probe ID: 1010 receives a frame at time 14.3408s ++++
the generated random number is1018th message counter data_frame_not_filtered has been visited 17 times  
0.282279 and the threshold is 0.5. good luck. 
 at 2114.47 s
++++ frame_probe ID: 850 receives a frame at time 14.4836s ++++
INFO: Detected an invalid packet at item 2112
INFO: Parser returned #f
++++ frame_probe ID: 860 receives a frame at time 14.5248s ++++
++++ frame_probe ID: 1010 receives a frame at time 14.5358s ++++
generated random number is0.629497 and the threshold is 0.5. bad luck and try next time. 
the 1017th message counter data_frame_filtered has been visited 17 times  
Measurement 3/3 complete in 5 second(s).
 at 2114.68 s
++++ frame_probe ID: 850 receives a frame at time 14.7003s ++++
INFO: Detected an invalid packet at item 2176
INFO: Parser returned #f
++++ frame_probe ID: 860 receives a frame at time 14.7414s ++++
++++ frame_probe ID: 1010 receives a frame at time 14.7442s ++++
generated random number is0.785837 and the threshold is 0.5. bad luck and try next time. 
the 1017th message counter data_frame_filtered has been visited 18 times  
 at 2114.87 s
++++ frame_probe ID: 850 receives a frame at time 14.886s ++++
INFO: Detected an invalid packet at item 2240
INFO: Parser returned #f
++++ frame_probe ID: 860 receives a frame at time 14.9269s ++++
++++ frame_probe ID: 1010 receives a frame at time 14.936s ++++
the 1018th message counter data_frame_not_filtered has been visited 18 times  generated random number is
0.243991 and the threshold is 0.5. good luck. 
 at 2115.1 s
++++ frame_probe ID: 850 receives a frame at time 15.1221s ++++
INFO: Detected an invalid packet at item 2304
INFO: Parser returned #f
++++ frame_probe ID: 860 receives a frame at time 15.1631s ++++
++++ frame_probe ID: 1010 receives a frame at time 15.1665s ++++
generated random number isthe 1018th message counter data_frame_not_filtered has been visited 19 times  
0.103146 and the threshold is 0.5. good luck. 
 at 2115.28 s
++++ frame_probe ID: 850 receives a frame at time 15.2986s ++++
INFO: Detected an invalid packet at item 2368
INFO: Parser returned #f
++++ frame_probe ID: 860 receives a frame at time 15.3394s ++++
++++ frame_probe ID: 1010 receives a frame at time 15.349s ++++
generated random number is0.442066 and the threshold is 0.5. good luck. 
the 1018th message counter data_frame_not_filtered has been visited 20 times  
 at 2115.46 s
++++ frame_probe ID: 850 receives a frame at time 15.4796s ++++
INFO: Detected an invalid packet at item 2432
INFO: Parser returned #f
++++ frame_probe ID: 860 receives a frame at time 15.5208s ++++
++++ frame_probe ID: 1010 receives a frame at time 15.5313s ++++
generated random number isthe 1018th message counter data_frame_not_filtered has been visited 21 times  
0.0944872 and the threshold is 0.5. good luck. 
 at 2115.66 s
Measurement 3/3 complete in 4 second(s).
++++ frame_probe ID: 850 receives a frame at time 15.6762s ++++
INFO: Detected an invalid packet at item 2496
INFO: Parser returned #f
++++ frame_probe ID: 860 receives a frame at time 15.7173s ++++
++++ frame_probe ID: 1010 receives a frame at time 15.7236s ++++
generated random number is0.662961 and the threshold is 0.5. bad luck and try next time. 
the 1017th message counter data_frame_filtered has been visited 19 times  
 at 2115.85 s
++++ frame_probe ID: 850 receives a frame at time 15.8674s ++++
INFO: Detected an invalid packet at item 2560
INFO: Parser returned #f
++++ frame_probe ID: 860 receives a frame at time 15.9087s ++++
++++ frame_probe ID: 1010 receives a frame at time 15.9152s ++++
generated random number is0.552998 and the threshold is 0.5. bad luck and try next time. 
the 1017th message counter data_frame_filtered has been visited 20 times  
 at 2116.06 s
++++ frame_probe ID: 850 receives a frame at time 16.0783s ++++
INFO: Detected an invalid packet at item 2624
INFO: Parser returned #f
++++ frame_probe ID: 860 receives a frame at time 16.1192s ++++
++++ frame_probe ID: generated random number is1010 receives a frame at time the 1018th message counter data_frame_not_filtered has been visited 22 times  
0.286612 and the threshold is 0.5. good luck. 
16.1328s ++++
 at 2116.5 s
++++ frame_probe ID: 850 receives a frame at time 16.5143s ++++
INFO: Detected an invalid packet at item 2688
INFO: Parser returned #f
++++ frame_probe ID: 860 receives a frame at time 16.5553s ++++
++++ frame_probe ID: 1010 receives a frame at time 16.5587s ++++
generated random number is0.0688867 and the threshold is 0.5. good luck. 
the 1018th message counter data_frame_not_filtered has been visited 23 times  
Measurement 3/3 complete in 3 second(s).
 at 2116.67 s
++++ frame_probe ID: 850 receives a frame at time 16.6857s ++++
INFO: Detected an invalid packet at item 2752
INFO: Parser returned #f
++++ frame_probe ID: 860 receives a frame at time 16.7266s ++++
++++ frame_probe ID: 1010 receives a frame at time 16.7311s ++++
generated random number is0.83709 and the threshold is the 10170.5th message counter . bad luck and try next time. data_frame_filtered has been visited 
21 times  
 at 2116.85 s
++++ frame_probe ID: 850 receives a frame at time 16.8666s ++++
INFO: Detected an invalid packet at item 2816
INFO: Parser returned #f
++++ frame_probe ID: 860 receives a frame at time 16.9075s ++++
++++ frame_probe ID: 1010 receives a frame at time 16.9133s ++++
the 1018th message counter data_frame_not_filtered has been visited 24 times  
generated random number is0.177459 and the threshold is 0.5. good luck. 
 at 2117.03 s
++++ frame_probe ID: 850 receives a frame at time 17.0526s ++++
INFO: Detected an invalid packet at item 2880
INFO: Parser returned #f
++++ frame_probe ID: 860 receives a frame at time 17.0935s ++++
++++ frame_probe ID: 1010 receives a frame at time 17.1059s ++++
generated random number isthe 1018th message counter data_frame_not_filtered has been visited 25 times  
0.266596 and the threshold is 0.5. good luck. 
 at 2117.27 s
++++ frame_probe ID: 850 receives a frame at time 17.2885s ++++
INFO: Detected an invalid packet at item 2944
INFO: Parser returned #f
++++ frame_probe ID: 860 receives a frame at time 17.3293s ++++
++++ frame_probe ID: 1010 receives a frame at time 17.3354s ++++
generated random number isthe 1018th message counter data_frame_not_filtered has been visited 26 times  
0.391502 and the threshold is 0.5. good luck. 
 at 2117.53 s
++++ frame_probe ID: 850 receives a frame at time 17.5496s ++++
INFO: Detected an invalid packet at item 3008
INFO: Parser returned #f
++++ frame_probe ID: 860 receives a frame at time 17.5904s ++++
++++ frame_probe ID: 1010 receives a frame at time 17.595s ++++
generated random number is0.617247 and the threshold is 0.5. bad luck and try next time. 
the 1017th message counter data_frame_filtered has been visited 22 times  
Measurement 3/3 complete in 2 second(s).
 at 2117.84 s
++++ frame_probe ID: 850 receives a frame at time 17.8555s ++++
INFO: Detected an invalid packet at item 3072
INFO: Parser returned #f
++++ frame_probe ID: 860 receives a frame at time 17.8964s ++++
++++ frame_probe ID: 1010 receives a frame at time 17.9026s ++++
generated random number is0.895482 and the threshold is 0.5. bad luck and try next time. 
the 1017th message counter data_frame_filtered has been visited 23 times  
 at 2118.01 s
++++ frame_probe ID: 850 receives a frame at time 18.0315s ++++
INFO: Detected an invalid packet at item 3136
INFO: Parser returned #f
++++ frame_probe ID: 860 receives a frame at time 18.0724s ++++
++++ frame_probe ID: 1010 receives a frame at time 18.0849s ++++
generated random number is0.569236 and the threshold is the 0.5. bad luck and try next time. 
1017th message counter data_frame_filtered has been visited 24 times  
 at 2118.19 s
++++ frame_probe ID: 850 receives a frame at time 18.2082s ++++
INFO: Detected an invalid packet at item 3200
INFO: Parser returned #f
++++ frame_probe ID: 860 receives a frame at time 18.2492s ++++
++++ frame_probe ID: 1010 receives a frame at time 18.2573s ++++
generated random number is0.951416 and the threshold is 0.5. bad luck and try next time. 
the 1017th message counter data_frame_filtered has been visited 25 times  
 at 2118.39 s
++++ frame_probe ID: 850 receives a frame at time 18.4087s ++++
INFO: Detected an invalid packet at item 3264
INFO: Parser returned #f
++++ frame_probe ID: 860 receives a frame at time 18.4496s ++++
++++ frame_probe ID: 1010 receives a frame at time 18.4589s ++++
generated random number is0.784749 and the threshold is 0.5. bad luck and try next time. 
the 1017th message counter data_frame_filtered has been visited 26 times  
 at 2118.64 s
++++ frame_probe ID: 850 receives a frame at time 18.6549s ++++
Measurement 3/3 complete in 1 second(s).
INFO: Detected an invalid packet at item 3328
INFO: Parser returned #f
++++ frame_probe ID: 860 receives a frame at time 18.6957s ++++
++++ frame_probe ID: 1010 receives a frame at time 18.6994s ++++
generated random number is0.114556 and the threshold is 0.5. good luck. 
the 1018th message counter data_frame_not_filtered has been visited 27 times  
 at 2118.9 s
++++ frame_probe ID: 850 receives a frame at time 18.9153s ++++
INFO: Detected an invalid packet at item 3392
INFO: Parser returned #f
++++ frame_probe ID: 860 receives a frame at time 18.9563s ++++
++++ frame_probe ID: 1010 receives a frame at time 18.9681s ++++
generated random number is0.597818 and the threshold is 0.5. bad luck and try next time. 
the 1017th message counter data_frame_filtered has been visited 27 times  
 at 2119.24 s
++++ frame_probe ID: 850 receives a frame at time 19.2561s ++++
INFO: Detected an invalid packet at item 3456
INFO: Parser returned #f
++++ frame_probe ID: 860 receives a frame at time 19.2969s ++++
++++ frame_probe ID: 1010 receives a frame at time 19.3038s ++++
generated random number isthe 1018th message counter data_frame_not_filtered has been visited 28 times  
0.190119 and the threshold is 0.5. good luck. 
 at 2119.41 s
++++ frame_probe ID: 850 receives a frame at time 19.4321s ++++
INFO: Detected an invalid packet at item 3520
INFO: Parser returned #f
++++ frame_probe ID: 860 receives a frame at time 19.4731s ++++
++++ frame_probe ID: 1010 receives a frame at time 19.4761s ++++
generated random number is0.856911 and the threshold is 0.5. bad luck and try next time. 
the 1017th message counter data_frame_filtered has been visited 28 times  
 at 2119.6 s
++++ frame_probe ID: 850 receives a frame at time 19.6132s ++++
INFO: Detected an invalid packet at item 3584
INFO: Parser returned #f
++++ frame_probe ID: 860 receives a frame at time 19.654s ++++
++++ frame_probe ID: 1010 receives a frame at time 19.6585s ++++
generated random number is0.920181 and the threshold is 0.5. bad luck and try next time. 
the 1017th message counter data_frame_filtered has been visited 29 times  
Measurement 3 raw data directory created /home/inets/0_ba/bachelor_thesis/measurements/debug/data/41/3/.
'/home/inets/source/gr-inets/results/receiver_data_received.txt' -> '/home/inets/0_ba/bachelor_thesis/measurements/debug/data/41/3/receiver_data_received.txt'
'/home/inets/source/gr-inets/results/sender_bfr_dq.txt' -> '/home/inets/0_ba/bachelor_thesis/measurements/debug/data/41/3/sender_bfr_dq.txt'
'/home/inets/source/gr-inets/results/sender_data_sent.txt' -> '/home/inets/0_ba/bachelor_thesis/measurements/debug/data/41/3/sender_data_sent.txt'
Measurement 3 raw data moved to /home/inets/0_ba/bachelor_thesis/measurements/debug/data/41/3/.

Now processing results...
Plotting Python should be: python3 (UBUNTU).
Hello from throughput.py!
Hello from variables.py!
[ 55000.  59000.  57000.]
Hello from myplot.py!
I will print a pdf for you now!
Hello from myplot.py!
I will print a cdf for you now!
<a list of 1 Patch objects>
Hello from myplot.py!
I will print a boxplot for you now!
Hello from myplot.py!
I will print a bar for you now!
Hello from rtt.py!
Hello from variables.py!
File /home/inets/0_ba/bachelor_thesis/measurements/debug/data/41/1/sender_ack_received.txt not found. Assuming not reached in GR.
Hello from retransmissions.py!
Hello from variables.py!
File /home/inets/0_ba/bachelor_thesis/measurements/debug/data/41/1/sender_retransmissions.txt not found. Assuming not reached in GR.
File /home/inets/0_ba/bachelor_thesis/measurements/debug/data/41/1/sender_max_retransmissions.txt not found. Assuming not reached in GR.
File /home/inets/0_ba/bachelor_thesis/measurements/debug/data/41/1/receiver_retransmissions.txt not found. Assuming not reached in GR.
File /home/inets/0_ba/bachelor_thesis/measurements/debug/data/41/1/receiver_max_retransmissions.txt not found. Assuming not reached in GR.
File /home/inets/0_ba/bachelor_thesis/measurements/debug/data/41/2/sender_retransmissions.txt not found. Assuming not reached in GR.
File /home/inets/0_ba/bachelor_thesis/measurements/debug/data/41/2/sender_max_retransmissions.txt not found. Assuming not reached in GR.
File /home/inets/0_ba/bachelor_thesis/measurements/debug/data/41/2/receiver_retransmissions.txt not found. Assuming not reached in GR.
File /home/inets/0_ba/bachelor_thesis/measurements/debug/data/41/2/receiver_max_retransmissions.txt not found. Assuming not reached in GR.
File /home/inets/0_ba/bachelor_thesis/measurements/debug/data/41/3/sender_retransmissions.txt not found. Assuming not reached in GR.
File /home/inets/0_ba/bachelor_thesis/measurements/debug/data/41/3/sender_max_retransmissions.txt not found. Assuming not reached in GR.
File /home/inets/0_ba/bachelor_thesis/measurements/debug/data/41/3/receiver_retransmissions.txt not found. Assuming not reached in GR.
File /home/inets/0_ba/bachelor_thesis/measurements/debug/data/41/3/receiver_max_retransmissions.txt not found. Assuming not reached in GR.
0.0
0.0
0.0
Hello from myplot.py!
I will print a pdf for you now!
0.0
0.0
0.0
Hello from myplot.py!
I will print a pdf for you now!
0.0
0.0
0.0
Hello from myplot.py!
I will print a pdf for you now!
0.0
0.0
0.0
Hello from myplot.py!
I will print a pdf for you now!
0.0
0.0
0.0
Hello from myplot.py!
I will print a cdf for you now!
<a list of 1 Patch objects>
0.0
0.0
0.0
Hello from myplot.py!
I will print a cdf for you now!
<a list of 1 Patch objects>
0.0
0.0
0.0
Hello from myplot.py!
I will print a cdf for you now!
<a list of 1 Patch objects>
0.0
0.0
0.0
Hello from myplot.py!
I will print a cdf for you now!
<a list of 1 Patch objects>
0.0
0.0
0.0
Hello from myplot.py!
I will print a boxplot for you now!
0.0
0.0
0.0
Hello from myplot.py!
I will print a boxplot for you now!
0.0
0.0
0.0
Hello from myplot.py!
I will print a boxplot for you now!
0.0
0.0
0.0
Hello from myplot.py!
I will print a boxplot for you now!
0.0
0.0
0.0
Hello from myplot.py!
I will print a bar for you now!
0.0
0.0
0.0
Hello from myplot.py!
I will print a bar for you now!
0.0
0.0
0.0
Hello from myplot.py!
I will print a bar for you now!
0.0
0.0
0.0
Hello from myplot.py!
I will print a bar for you now!

+--------------------------------------------------------------+
| Plotting completed. Until the next measurement session then! |
+--------------------------------------------------------------+
