Measurement 1/4 complete in 5 second(s).
linux; GNU C++ version 5.4.0 20160609; Boost_105800; UHD_003.009.005-45-g6768a615
linux; GNU C++ version 5.4.0 20160609; Boost_105800; UHD_003.009.005-45-g6768a615


Using Volk machine: avx_64_mmx
-- Opening a USRP2/N-Series device...
Using Volk machine: avx_64_mmx
-- Opening a USRP2/N-Series device...
-- Current recv frame size: 1472 bytes
-- Current send frame size: 1472 bytes
-- Current recv frame size: 1472 bytes
-- Current send frame size: 1472 bytes
Measurement 1/4 complete in 4 second(s).
the 100th message counter is activated.
the 100th message counter is activated.
Measurement 1/4 complete in 3 second(s).
node starts running at 12.6731
node starts running at 12.6898
++++ frame_probe ID: 850 receives a frame at time 12.7279s ++++
INFO: Detected an invalid packet at item 0
INFO: Parser returned #f
++++ frame_probe ID: 860 receives a frame at time 12.7691s ++++
++++ frame_probe ID: 1010 receives a frame at time 12.7789s ++++
++++ frame_probe ID: 890 receives a frame at time 12.8s ++++
the 100th message counter  has been visited 1 times  
++++ frame_probe ID: 850 receives a frame at time 12.8724s ++++
INFO: Detected an invalid packet at item 96
INFO: Parser returned #f
++++ frame_probe ID: 860 receives a frame at time 12.9133s ++++
++++ frame_probe ID: 1010 receives a frame at time 12.9229s ++++
++++ frame_probe ID: 890 receives a frame at time 12.9434s ++++
the 100th message counter  has been visited 2 times  
++++ frame_probe ID: 850 receives a frame at time 13.0218s ++++
INFO: Detected an invalid packet at item 192
INFO: Parser returned #f
++++ frame_probe ID: 860 receives a frame at time 13.0629s ++++
++++ frame_probe ID: 1010 receives a frame at time 13.0671s ++++
++++ frame_probe ID: 890 receives a frame at time 13.0876s ++++
the 100th message counter  has been visited 3 times  
++++ frame_probe ID: 850 receives a frame at time 13.2019s ++++
INFO: Detected an invalid packet at item 288
INFO: Parser returned #f
++++ frame_probe ID: 860 receives a frame at time 13.2427s ++++
++++ frame_probe ID: 1010 receives a frame at time 13.2495s ++++
++++ frame_probe ID: 890 receives a frame at time 13.27s ++++
Measurement 1/4 complete in 2 second(s).
the 100th message counter  has been visited 4 times  
++++ frame_probe ID: 850 receives a frame at time 13.3854s ++++
INFO: Detected an invalid packet at item 384
INFO: Parser returned #f
++++ frame_probe ID: 860 receives a frame at time 13.4263s ++++
++++ frame_probe ID: 1010 receives a frame at time 13.4319s ++++
++++ frame_probe ID: 890 receives a frame at time 13.4524s ++++
the 100th message counter  has been visited 5 times  
++++ frame_probe ID: 850 receives a frame at time 13.5618s ++++
INFO: Detected an invalid packet at item 480
INFO: Parser returned #f
++++ frame_probe ID: 860 receives a frame at time 13.6026s ++++
++++ frame_probe ID: 1010 receives a frame at time 13.6145s ++++
++++ frame_probe ID: 890 receives a frame at time 13.6351s ++++
the 100th message counter  has been visited 6 times  
++++ frame_probe ID: 850 receives a frame at time 13.7204s ++++
INFO: Detected an invalid packet at item 576
INFO: Parser returned #f
++++ frame_probe ID: 860 receives a frame at time 13.7613s ++++
++++ frame_probe ID: 1010 receives a frame at time 13.7675s ++++
++++ frame_probe ID: 890 receives a frame at time 13.7881s ++++
the 100th message counter  has been visited 7 times  
++++ frame_probe ID: 850 receives a frame at time 13.8626s ++++
INFO: Detected an invalid packet at item 672
INFO: Parser returned #f
++++ frame_probe ID: 860 receives a frame at time 13.9033s ++++
++++ frame_probe ID: 1010 receives a frame at time 13.911s ++++
++++ frame_probe ID: 890 receives a frame at time 13.9323s ++++
the 100th message counter  has been visited 8 times  
++++ frame_probe ID: 850 receives a frame at time 14.0057s ++++
INFO: Detected an invalid packet at item 768
INFO: Parser returned #f
++++ frame_probe ID: 860 receives a frame at time 14.0466s ++++
++++ frame_probe ID: 1010 receives a frame at time 14.0553s ++++
++++ frame_probe ID: 890 receives a frame at time 14.0757s ++++
the 100th message counter  has been visited 9 times  
++++ frame_probe ID: 850 receives a frame at time 14.175s ++++
INFO: Detected an invalid packet at item 864
INFO: Parser returned #f
++++ frame_probe ID: 860 receives a frame at time 14.2158s ++++
++++ frame_probe ID: 1010 receives a frame at time 14.2287s ++++
++++ frame_probe ID: 890 receives a frame at time 14.2494s ++++
Measurement 1/4 complete in 1 second(s).
the 100th message counter  has been visited 10 times  
++++ frame_probe ID: 850 receives a frame at time 14.3208s ++++
INFO: Detected an invalid packet at item 960
INFO: Parser returned #f
++++ frame_probe ID: 860 receives a frame at time 14.3617s ++++
++++ frame_probe ID: 1010 receives a frame at time 14.372s ++++
++++ frame_probe ID: 890 receives a frame at time 14.3933s ++++
the 100th message counter  has been visited 11 times  
++++ frame_probe ID: 850 receives a frame at time 14.4797s ++++
INFO: Detected an invalid packet at item 1056
INFO: Parser returned #f
++++ frame_probe ID: 860 receives a frame at time 14.5206s ++++
++++ frame_probe ID: 1010 receives a frame at time 14.5263s ++++
++++ frame_probe ID: 890 receives a frame at time 14.5468s ++++
the 100th message counter  has been visited 12 times  
++++ frame_probe ID: 850 receives a frame at time 14.6262s ++++
INFO: Detected an invalid packet at item 1152
INFO: Parser returned #f
++++ frame_probe ID: 860 receives a frame at time 14.6672s ++++
++++ frame_probe ID: 1010 receives a frame at time 14.6798s ++++
++++ frame_probe ID: 890 receives a frame at time 14.7003s ++++
the 100th message counter  has been visited 13 times  
++++ frame_probe ID: 850 receives a frame at time 14.8116s ++++
INFO: Detected an invalid packet at item 1248
INFO: Parser returned #f
++++ frame_probe ID: 860 receives a frame at time 14.8524s ++++
++++ frame_probe ID: 1010 receives a frame at time 14.8621s ++++
++++ frame_probe ID: 890 receives a frame at time 14.8829s ++++
the 100th message counter  has been visited 14 times  
++++ frame_probe ID: 850 receives a frame at time 14.9543s ++++
INFO: Detected an invalid packet at item 1344
INFO: Parser returned #f
++++ frame_probe ID: 860 receives a frame at time 14.9955s ++++
++++ frame_probe ID: 1010 receives a frame at time 15.0056s ++++
++++ frame_probe ID: 890 receives a frame at time 15.0267s ++++
the 100th message counter  has been visited 15 times  
++++ frame_probe ID: 850 receives a frame at time 15.1052s ++++
INFO: Detected an invalid packet at item 1440
INFO: Parser returned #f
++++ frame_probe ID: 860 receives a frame at time 15.1463s ++++
++++ frame_probe ID: 1010 receives a frame at time 15.1497s ++++
++++ frame_probe ID: 890 receives a frame at time 15.1701s ++++
the 100th message counter  has been visited 16 times  
++++ frame_probe ID: 850 receives a frame at time 15.2435s ++++
INFO: Detected an invalid packet at item 1536
INFO: Parser returned #f
Measurement 1 raw data directory created /home/inets/0_ba/bachelor_thesis/measurements/debug/data/4/1/.
'/home/inets/source/gr-inets/results/receiver_data_received.txt' -> '/home/inets/0_ba/bachelor_thesis/measurements/debug/data/4/1/receiver_data_received.txt'
'/home/inets/source/gr-inets/results/sender_ack_received.txt' -> '/home/inets/0_ba/bachelor_thesis/measurements/debug/data/4/1/sender_ack_received.txt'
'/home/inets/source/gr-inets/results/sender_bfr_dq.txt' -> '/home/inets/0_ba/bachelor_thesis/measurements/debug/data/4/1/sender_bfr_dq.txt'
'/home/inets/source/gr-inets/results/sender_data_sent.txt' -> '/home/inets/0_ba/bachelor_thesis/measurements/debug/data/4/1/sender_data_sent.txt'
Measurement 1 raw data moved to /home/inets/0_ba/bachelor_thesis/measurements/debug/data/4/1/.

Measurement 2/4 complete in 5 second(s).
linux; GNU C++ version 5.4.0 20160609; Boost_105800; UHD_003.009.005-45-g6768a615
linux; GNU C++ version 5.4.0 20160609; Boost_105800; UHD_003.009.005-45-g6768a615


Using Volk machine: avx_64_mmx
-- Opening a USRP2/N-Series device...
Using Volk machine: avx_64_mmx
-- Opening a USRP2/N-Series device...
-- Current recv frame size: 1472 bytes
-- Current send frame size: 1472 bytes
-- Current recv frame size: 1472 bytes
-- Current send frame size: 1472 bytes
Measurement 2/4 complete in 4 second(s).
the 100th message counter is activated.
the 100th message counter is activated.
Measurement 2/4 complete in 3 second(s).
node starts running at 17.6537
node starts running at 17.6713
++++ frame_probe ID: 850 receives a frame at time 17.7612s ++++
INFO: Detected an invalid packet at item 0
INFO: Parser returned #f
++++ frame_probe ID: 860 receives a frame at time 17.8023s ++++
++++ frame_probe ID: 1010 receives a frame at time 17.8083s ++++
++++ frame_probe ID: 890 receives a frame at time 17.8346s ++++
the 100th message counter  has been visited 1 times  
++++ frame_probe ID: 850 receives a frame at time 17.944s ++++
INFO: Detected an invalid packet at item 96
INFO: Parser returned #f
++++ frame_probe ID: 860 receives a frame at time 17.9849s ++++
++++ frame_probe ID: 1010 receives a frame at time 17.9907s ++++
++++ frame_probe ID: 890 receives a frame at time 18.0172s ++++
the 100th message counter  has been visited 2 times  
++++ frame_probe ID: 850 receives a frame at time 18.1316s ++++
INFO: Detected an invalid packet at item 192
INFO: Parser returned #f
++++ frame_probe ID: 860 receives a frame at time 18.1724s ++++
++++ frame_probe ID: 1010 receives a frame at time 18.1829s ++++
++++ frame_probe ID: 890 receives a frame at time 18.2084s ++++
Measurement 2/4 complete in 2 second(s).
the 100th message counter  has been visited 3 times  
++++ frame_probe ID: 850 receives a frame at time 18.3088s ++++
INFO: Detected an invalid packet at item 288
INFO: Parser returned #f
++++ frame_probe ID: 860 receives a frame at time 18.3495s ++++
++++ frame_probe ID: 1010 receives a frame at time 18.3554s ++++
++++ frame_probe ID: 890 receives a frame at time 18.3823s ++++
the 100th message counter  has been visited 4 times  
++++ frame_probe ID: 850 receives a frame at time 18.464s ++++
INFO: Detected an invalid packet at item 384
INFO: Parser returned #f
++++ frame_probe ID: 860 receives a frame at time 18.505s ++++
++++ frame_probe ID: 1010 receives a frame at time 18.5087s ++++
++++ frame_probe ID: 890 receives a frame at time 18.5357s ++++
the 100th message counter  has been visited 5 times  
++++ frame_probe ID: 850 receives a frame at time 18.6471s ++++
INFO: Detected an invalid packet at item 480
INFO: Parser returned #f
++++ frame_probe ID: 860 receives a frame at time 18.688s ++++
++++ frame_probe ID: 1010 receives a frame at time 18.6915s ++++
++++ frame_probe ID: 890 receives a frame at time 18.7175s ++++
the 100th message counter  has been visited 6 times  
++++ frame_probe ID: 850 receives a frame at time 18.8179s ++++
INFO: Detected an invalid packet at item 576
INFO: Parser returned #f
++++ frame_probe ID: 860 receives a frame at time 18.859s ++++
++++ frame_probe ID: 1010 receives a frame at time 18.8644s ++++
++++ frame_probe ID: 890 receives a frame at time 18.89s ++++
the 100th message counter  has been visited 7 times  
++++ frame_probe ID: 850 receives a frame at time 18.9604s ++++
INFO: Detected an invalid packet at item 672
INFO: Parser returned #f
++++ frame_probe ID: 860 receives a frame at time 19.0012s ++++
++++ frame_probe ID: 1010 receives a frame at time 19.0087s ++++
++++ frame_probe ID: 890 receives a frame at time 19.0344s ++++
the 100th message counter  has been visited 8 times  
++++ frame_probe ID: 850 receives a frame at time 19.1437s ++++
INFO: Detected an invalid packet at item 768
INFO: Parser returned #f
++++ frame_probe ID: 860 receives a frame at time 19.1846s ++++
++++ frame_probe ID: 1010 receives a frame at time 19.1911s ++++
++++ frame_probe ID: 890 receives a frame at time 19.2166s ++++
Measurement 2/4 complete in 1 second(s).
the 100th message counter  has been visited 9 times  
++++ frame_probe ID: 850 receives a frame at time 19.3229s ++++
INFO: Detected an invalid packet at item 864
INFO: Parser returned #f
++++ frame_probe ID: 860 receives a frame at time 19.3638s ++++
++++ frame_probe ID: 1010 receives a frame at time 19.3735s ++++
++++ frame_probe ID: 890 receives a frame at time 19.3992s ++++
the 100th message counter  has been visited 10 times  
++++ frame_probe ID: 850 receives a frame at time 19.4676s ++++
INFO: Detected an invalid packet at item 960
INFO: Parser returned #f
++++ frame_probe ID: 860 receives a frame at time 19.5091s ++++
++++ frame_probe ID: 1010 receives a frame at time 19.5169s ++++
++++ frame_probe ID: 890 receives a frame at time 19.5434s ++++
the 100th message counter  has been visited 11 times  
++++ frame_probe ID: 850 receives a frame at time 19.6598s ++++
INFO: Detected an invalid packet at item 1056
INFO: Parser returned #f
++++ frame_probe ID: 860 receives a frame at time 19.7008s ++++
++++ frame_probe ID: 1010 receives a frame at time 19.7095s ++++
++++ frame_probe ID: 890 receives a frame at time 19.7349s ++++
the 100th message counter  has been visited 12 times  
++++ frame_probe ID: 850 receives a frame at time 19.8133s ++++
INFO: Detected an invalid packet at item 1152
INFO: Parser returned #f
++++ frame_probe ID: 860 receives a frame at time 19.8542s ++++
++++ frame_probe ID: 1010 receives a frame at time 19.8627s ++++
++++ frame_probe ID: 890 receives a frame at time 19.8891s ++++
the 100th message counter  has been visited 13 times  
++++ frame_probe ID: 850 receives a frame at time 20.0026s ++++
INFO: Detected an invalid packet at item 1248
INFO: Parser returned #f
++++ frame_probe ID: 860 receives a frame at time 20.0436s ++++
++++ frame_probe ID: 1010 receives a frame at time 20.0551s ++++
++++ frame_probe ID: 890 receives a frame at time 20.0808s ++++
the 100th message counter  has been visited 14 times  
++++ frame_probe ID: 850 receives a frame at time 20.1701s ++++
INFO: Detected an invalid packet at item 1344
INFO: Parser returned #f
++++ frame_probe ID: 860 receives a frame at time 20.211s ++++
++++ frame_probe ID: 1010 receives a frame at time 20.2174s ++++
++++ frame_probe ID: 890 receives a frame at time 20.2444s ++++
Measurement 2 raw data directory created /home/inets/0_ba/bachelor_thesis/measurements/debug/data/4/2/.
'/home/inets/source/gr-inets/results/receiver_data_received.txt' -> '/home/inets/0_ba/bachelor_thesis/measurements/debug/data/4/2/receiver_data_received.txt'
'/home/inets/source/gr-inets/results/sender_ack_received.txt' -> '/home/inets/0_ba/bachelor_thesis/measurements/debug/data/4/2/sender_ack_received.txt'
'/home/inets/source/gr-inets/results/sender_bfr_dq.txt' -> '/home/inets/0_ba/bachelor_thesis/measurements/debug/data/4/2/sender_bfr_dq.txt'
'/home/inets/source/gr-inets/results/sender_data_sent.txt' -> '/home/inets/0_ba/bachelor_thesis/measurements/debug/data/4/2/sender_data_sent.txt'
Measurement 2 raw data moved to /home/inets/0_ba/bachelor_thesis/measurements/debug/data/4/2/.

Measurement 3/4 complete in 5 second(s).
linux; GNU C++ version 5.4.0 20160609; Boost_105800; UHD_003.009.005-45-g6768a615
linux; GNU C++ version 5.4.0 20160609; Boost_105800; UHD_003.009.005-45-g6768a615


Using Volk machine: avx_64_mmx
-- Opening a USRP2/N-Series device...
Using Volk machine: avx_64_mmx
-- Opening a USRP2/N-Series device...
-- Current recv frame size: 1472 bytes
-- Current send frame size: 1472 bytes
-- Current recv frame size: 1472 bytes
-- Current send frame size: 1472 bytes
Measurement 3/4 complete in 4 second(s).
the 100th message counter is activated.
the 100th message counter is activated.
Measurement 3/4 complete in 3 second(s).
node starts running at 22.6669
node starts running at 22.6838
++++ frame_probe ID: 850 receives a frame at time 22.7273s ++++
INFO: Detected an invalid packet at item 0
INFO: Parser returned #f
++++ frame_probe ID: 860 receives a frame at time 22.7685s ++++
++++ frame_probe ID: 1010 receives a frame at time 22.7751s ++++
++++ frame_probe ID: 890 receives a frame at time 22.799s ++++
the 100th message counter  has been visited 1 times  
++++ frame_probe ID: 850 receives a frame at time 22.9035s ++++
INFO: Detected an invalid packet at item 96
INFO: Parser returned #f
++++ frame_probe ID: 860 receives a frame at time 22.9444s ++++
++++ frame_probe ID: 1010 receives a frame at time 22.9482s ++++
++++ frame_probe ID: 890 receives a frame at time 22.9712s ++++
the 100th message counter  has been visited 2 times  
++++ frame_probe ID: 850 receives a frame at time 23.0836s ++++
INFO: Detected an invalid packet at item 192
INFO: Parser returned #f
++++ frame_probe ID: 860 receives a frame at time 23.1245s ++++
++++ frame_probe ID: 1010 receives a frame at time 23.1307s ++++
++++ frame_probe ID: 890 receives a frame at time 23.1536s ++++
the 100th message counter  has been visited 3 times  
++++ frame_probe ID: 850 receives a frame at time 23.2611s ++++
INFO: Detected an invalid packet at item 288
INFO: Parser returned #f
Measurement 3/4 complete in 2 second(s).
++++ frame_probe ID: 860 receives a frame at time 23.302s ++++
++++ frame_probe ID: 1010 receives a frame at time 23.313s ++++
++++ frame_probe ID: 890 receives a frame at time 23.3361s ++++
the 100th message counter  has been visited 4 times  
++++ frame_probe ID: 850 receives a frame at time 23.4255s ++++
INFO: Detected an invalid packet at item 384
INFO: Parser returned #f
++++ frame_probe ID: 860 receives a frame at time 23.4665s ++++
++++ frame_probe ID: 1010 receives a frame at time 23.4755s ++++
++++ frame_probe ID: 890 receives a frame at time 23.4993s ++++
the 100th message counter  has been visited 5 times  
++++ frame_probe ID: 850 receives a frame at time 23.5977s ++++
INFO: Detected an invalid packet at item 480
INFO: Parser returned #f
++++ frame_probe ID: 860 receives a frame at time 23.6386s ++++
++++ frame_probe ID: 1010 receives a frame at time 23.6488s ++++
++++ frame_probe ID: 890 receives a frame at time 23.6717s ++++
the 100th message counter  has been visited 6 times  
++++ frame_probe ID: 850 receives a frame at time 23.7862s ++++
INFO: Detected an invalid packet at item 576
INFO: Parser returned #f
++++ frame_probe ID: 860 receives a frame at time 23.8271s ++++
++++ frame_probe ID: 1010 receives a frame at time 23.8312s ++++
++++ frame_probe ID: 890 receives a frame at time 23.8541s ++++
the 100th message counter  has been visited 7 times  
++++ frame_probe ID: 850 receives a frame at time 23.9285s ++++
INFO: Detected an invalid packet at item 672
INFO: Parser returned #f
++++ frame_probe ID: 860 receives a frame at time 23.9693s ++++
++++ frame_probe ID: 1010 receives a frame at time 23.9747s ++++
++++ frame_probe ID: 890 receives a frame at time 23.9982s ++++
the 100th message counter  has been visited 8 times  
++++ frame_probe ID: 850 receives a frame at time 24.0806s ++++
INFO: Detected an invalid packet at item 768
INFO: Parser returned #f
++++ frame_probe ID: 860 receives a frame at time 24.1216s ++++
++++ frame_probe ID: 1010 receives a frame at time 24.1279s ++++
++++ frame_probe ID: 890 receives a frame at time 24.1516s ++++
the 100th message counter  has been visited 9 times  
++++ frame_probe ID: 850 receives a frame at time 24.2329s ++++
INFO: Detected an invalid packet at item 864
INFO: Parser returned #f
++++ frame_probe ID: 860 receives a frame at time 24.2739s ++++
++++ frame_probe ID: 1010 receives a frame at time 24.2814s ++++
Measurement 3/4 complete in 1 second(s).
++++ frame_probe ID: 890 receives a frame at time 24.3057s ++++
the 100th message counter  has been visited 10 times  
++++ frame_probe ID: 850 receives a frame at time 24.3851s ++++
INFO: Detected an invalid packet at item 960
INFO: Parser returned #f
++++ frame_probe ID: 860 receives a frame at time 24.4259s ++++
++++ frame_probe ID: 1010 receives a frame at time 24.4355s ++++
++++ frame_probe ID: 890 receives a frame at time 24.4584s ++++
the 100th message counter  has been visited 11 times  
++++ frame_probe ID: 850 receives a frame at time 24.5368s ++++
INFO: Detected an invalid packet at item 1056
INFO: Parser returned #f
++++ frame_probe ID: 860 receives a frame at time 24.5778s ++++
++++ frame_probe ID: 1010 receives a frame at time 24.5888s ++++
++++ frame_probe ID: 890 receives a frame at time 24.6116s ++++
the 100th message counter  has been visited 12 times  
++++ frame_probe ID: 850 receives a frame at time 24.714s ++++
INFO: Detected an invalid packet at item 1152
INFO: Parser returned #f
++++ frame_probe ID: 860 receives a frame at time 24.755s ++++
++++ frame_probe ID: 1010 receives a frame at time 24.7613s ++++
++++ frame_probe ID: 890 receives a frame at time 24.7849s ++++
the 100th message counter  has been visited 13 times  
++++ frame_probe ID: 850 receives a frame at time 24.8613s ++++
INFO: Detected an invalid packet at item 1248
INFO: Parser returned #f
++++ frame_probe ID: 860 receives a frame at time 24.9021s ++++
++++ frame_probe ID: 1010 receives a frame at time 24.9057s ++++
++++ frame_probe ID: 890 receives a frame at time 24.9292s ++++
the 100th message counter  has been visited 14 times  
++++ frame_probe ID: 850 receives a frame at time 25.0105s ++++
INFO: Detected an invalid packet at item 1344
INFO: Parser returned #f
++++ frame_probe ID: 860 receives a frame at time 25.0514s ++++
++++ frame_probe ID: 1010 receives a frame at time 25.059s ++++
++++ frame_probe ID: 890 receives a frame at time 25.0827s ++++
the 100th message counter  has been visited 15 times  
++++ frame_probe ID: 850 receives a frame at time 25.1661s ++++
INFO: Detected an invalid packet at item 1440
INFO: Parser returned #f
++++ frame_probe ID: 860 receives a frame at time 25.207s ++++
++++ frame_probe ID: 1010 receives a frame at time 25.2123s ++++
++++ frame_probe ID: 890 receives a frame at time 25.2362s ++++
Measurement 3 raw data directory created /home/inets/0_ba/bachelor_thesis/measurements/debug/data/4/3/.
'/home/inets/source/gr-inets/results/receiver_data_received.txt' -> '/home/inets/0_ba/bachelor_thesis/measurements/debug/data/4/3/receiver_data_received.txt'
'/home/inets/source/gr-inets/results/sender_ack_received.txt' -> '/home/inets/0_ba/bachelor_thesis/measurements/debug/data/4/3/sender_ack_received.txt'
'/home/inets/source/gr-inets/results/sender_bfr_dq.txt' -> '/home/inets/0_ba/bachelor_thesis/measurements/debug/data/4/3/sender_bfr_dq.txt'
'/home/inets/source/gr-inets/results/sender_data_sent.txt' -> '/home/inets/0_ba/bachelor_thesis/measurements/debug/data/4/3/sender_data_sent.txt'
Measurement 3 raw data moved to /home/inets/0_ba/bachelor_thesis/measurements/debug/data/4/3/.

Measurement 4/4 complete in 5 second(s).
linux; GNU C++ version 5.4.0 20160609; Boost_105800; UHD_003.009.005-45-g6768a615
linux; GNU C++ version 5.4.0 20160609; Boost_105800; UHD_003.009.005-45-g6768a615


Using Volk machine: avx_64_mmx
-- Opening a USRP2/N-Series device...
Using Volk machine: avx_64_mmx
-- Opening a USRP2/N-Series device...
-- Current recv frame size: 1472 bytes
-- Current send frame size: 1472 bytes
-- Current recv frame size: 1472 bytes
-- Current send frame size: 1472 bytes
Measurement 4/4 complete in 4 second(s).
the 100th message counter is activated.
the 100th message counter is activated.
Measurement 4/4 complete in 3 second(s).
node starts running at 27.6919
node starts running at 27.7007
++++ frame_probe ID: 850 receives a frame at time 27.7746s ++++
INFO: Detected an invalid packet at item 0
INFO: Parser returned #f
++++ frame_probe ID: 860 receives a frame at time 27.8158s ++++
++++ frame_probe ID: 1010 receives a frame at time 27.8259s ++++
++++ frame_probe ID: 890 receives a frame at time 27.848s ++++
the 100th message counter  has been visited 1 times  
++++ frame_probe ID: 850 receives a frame at time 27.9503s ++++
INFO: Detected an invalid packet at item 96
INFO: Parser returned #f
++++ frame_probe ID: 860 receives a frame at time 27.9912s ++++
++++ frame_probe ID: 1010 receives a frame at time 27.9991s ++++
++++ frame_probe ID: 890 receives a frame at time 28.0204s ++++
the 100th message counter  has been visited 2 times  
++++ frame_probe ID: 850 receives a frame at time 28.1067s ++++
INFO: Detected an invalid packet at item 192
INFO: Parser returned #f
++++ frame_probe ID: 860 receives a frame at time 28.1476s ++++
++++ frame_probe ID: 1010 receives a frame at time 28.1523s ++++
++++ frame_probe ID: 890 receives a frame at time 28.1735s ++++
the 100th message counter  has been visited 3 times  
++++ frame_probe ID: 850 receives a frame at time 28.2819s ++++
INFO: Detected an invalid packet at item 288
INFO: Parser returned #f
Measurement 4/4 complete in 2 second(s).
++++ frame_probe ID: 860 receives a frame at time 28.3227s ++++
++++ frame_probe ID: 1010 receives a frame at time 28.3347s ++++
++++ frame_probe ID: 890 receives a frame at time 28.356s ++++
the 100th message counter  has been visited 4 times  
++++ frame_probe ID: 850 receives a frame at time 28.4654s ++++
INFO: Detected an invalid packet at item 384
INFO: Parser returned #f
++++ frame_probe ID: 860 receives a frame at time 28.5062s ++++
++++ frame_probe ID: 1010 receives a frame at time 28.5171s ++++
++++ frame_probe ID: 890 receives a frame at time 28.5383s ++++
the 100th message counter  has been visited 5 times  
++++ frame_probe ID: 850 receives a frame at time 28.6537s ++++
INFO: Detected an invalid packet at item 480
INFO: Parser returned #f
++++ frame_probe ID: 860 receives a frame at time 28.6944s ++++
++++ frame_probe ID: 1010 receives a frame at time 28.6996s ++++
++++ frame_probe ID: 890 receives a frame at time 28.72s ++++
the 100th message counter  has been visited 6 times  
++++ frame_probe ID: 850 receives a frame at time 28.8154s ++++
INFO: Detected an invalid packet at item 576
INFO: Parser returned #f
++++ frame_probe ID: 860 receives a frame at time 28.8564s ++++
++++ frame_probe ID: 1010 receives a frame at time 28.863s ++++
++++ frame_probe ID: 890 receives a frame at time 28.8833s ++++
the 100th message counter  has been visited 7 times  
++++ frame_probe ID: 850 receives a frame at time 28.9517s ++++
INFO: Detected an invalid packet at item 672
INFO: Parser returned #f
++++ frame_probe ID: 860 receives a frame at time 28.9925s ++++
++++ frame_probe ID: 1010 receives a frame at time 28.9973s ++++
++++ frame_probe ID: 890 receives a frame at time 29.0178s ++++
the 100th message counter  has been visited 8 times  
++++ frame_probe ID: 850 receives a frame at time 29.1261s ++++
INFO: Detected an invalid packet at item 768
INFO: Parser returned #f
++++ frame_probe ID: 860 receives a frame at time 29.167s ++++
++++ frame_probe ID: 1010 receives a frame at time 29.1797s ++++
++++ frame_probe ID: 890 receives a frame at time 29.2002s ++++
the 100th message counter  has been visited 9 times  
++++ frame_probe ID: 850 receives a frame at time 29.2815s ++++
INFO: Detected an invalid packet at item 864
INFO: Parser returned #f
Measurement 4/4 complete in 1 second(s).
++++ frame_probe ID: 860 receives a frame at time 29.3223s ++++
++++ frame_probe ID: 1010 receives a frame at time 29.3331s ++++
++++ frame_probe ID: 890 receives a frame at time 29.3544s ++++
the 100th message counter  has been visited 10 times  
++++ frame_probe ID: 850 receives a frame at time 29.4648s ++++
INFO: Detected an invalid packet at item 960
INFO: Parser returned #f
++++ frame_probe ID: 860 receives a frame at time 29.5057s ++++
++++ frame_probe ID: 1010 receives a frame at time 29.5154s ++++
++++ frame_probe ID: 890 receives a frame at time 29.5367s ++++
the 100th message counter  has been visited 11 times  
++++ frame_probe ID: 850 receives a frame at time 29.6051s ++++
INFO: Detected an invalid packet at item 1056
INFO: Parser returned #f
++++ frame_probe ID: 860 receives a frame at time 29.6459s ++++
++++ frame_probe ID: 1010 receives a frame at time 29.6498s ++++
++++ frame_probe ID: 890 receives a frame at time 29.6711s ++++
the 100th message counter  has been visited 12 times  
++++ frame_probe ID: 850 receives a frame at time 29.7724s ++++
INFO: Detected an invalid packet at item 1152
INFO: Parser returned #f
++++ frame_probe ID: 860 receives a frame at time 29.8131s ++++
++++ frame_probe ID: 1010 receives a frame at time 29.822s ++++
++++ frame_probe ID: 890 receives a frame at time 29.8433s ++++
the 100th message counter  has been visited 13 times  
++++ frame_probe ID: 850 receives a frame at time 29.9317s ++++
INFO: Detected an invalid packet at item 1248
INFO: Parser returned #f
++++ frame_probe ID: 860 receives a frame at time 29.9727s ++++
++++ frame_probe ID: 1010 receives a frame at time 29.9765s ++++
++++ frame_probe ID: 890 receives a frame at time 29.9971s ++++
the 100th message counter  has been visited 14 times  
++++ frame_probe ID: 850 receives a frame at time 30.0784s ++++
INFO: Detected an invalid packet at item 1344
INFO: Parser returned #f
++++ frame_probe ID: 860 receives a frame at time 30.1192s ++++
++++ frame_probe ID: 1010 receives a frame at time 30.1298s ++++
++++ frame_probe ID: 890 receives a frame at time 30.1511s ++++
the 100th message counter  has been visited 15 times  
++++ frame_probe ID: 850 receives a frame at time 30.2644s ++++
INFO: Detected an invalid packet at item 1440
INFO: Parser returned #f
++++ frame_probe ID: 860 receives a frame at time 30.3053s ++++
Measurement 4 raw data directory created /home/inets/0_ba/bachelor_thesis/measurements/debug/data/4/4/.
'/home/inets/source/gr-inets/results/receiver_data_received.txt' -> '/home/inets/0_ba/bachelor_thesis/measurements/debug/data/4/4/receiver_data_received.txt'
'/home/inets/source/gr-inets/results/sender_ack_received.txt' -> '/home/inets/0_ba/bachelor_thesis/measurements/debug/data/4/4/sender_ack_received.txt'
'/home/inets/source/gr-inets/results/sender_bfr_dq.txt' -> '/home/inets/0_ba/bachelor_thesis/measurements/debug/data/4/4/sender_bfr_dq.txt'
'/home/inets/source/gr-inets/results/sender_data_sent.txt' -> '/home/inets/0_ba/bachelor_thesis/measurements/debug/data/4/4/sender_data_sent.txt'
Measurement 4 raw data moved to /home/inets/0_ba/bachelor_thesis/measurements/debug/data/4/4/.

Now processing results...
Plotting Python should be: python3 (UBUNTU).
Hello from throughput.py!
Hello from variables.py!
[ 68000.  15000.  16000.  15000.]
Hello from myplot.py!
I will print a pdf for you now!
Hello from myplot.py!
I will print a cdf for you now!
<a list of 1 Patch objects>
Hello from myplot.py!
I will print a boxplot for you now!
Hello from myplot.py!
I will print a bar for you now!
