Measurement 1/2 complete in 4 second(s).
linux; GNU C++ version 5.4.0 20160609; Boost_105800; UHD_003.009.005-45-g6768a615
linux; GNU C++ version 5.4.0 20160609; Boost_105800; UHD_003.009.005-45-g6768a615


Using Volk machine: avx_64_mmx
-- Opening a USRP2/N-Series device...
Using Volk machine: avx_64_mmx
-- Opening a USRP2/N-Series device...
-- Current recv frame size: 1472 bytes
-- Current send frame size: 1472 bytes
-- Current recv frame size: 1472 bytes
-- Current send frame size: 1472 bytes
Measurement 1/2 complete in 3 second(s).
the 880th message counter is activated.
the 100th message counter is activated.
the 100th message counter is activated.
Measurement 1/2 complete in 2 second(s).
node starts running at 94.5111
node starts running at 94.5186
++++ frame_probe ID: 850 receives a frame at time 94.9153s ++++
++++ frame_probe ID: 860 receives a frame at time 94.9564s ++++
++++ frame_probe ID: 1010 receives a frame at time 94.9687s ++++
INFO: Detected an invalid packet at item 0
INFO: Parser returned #f
++++ frame_probe ID: 882 receives a frame at time 94.9917s ++++
++++ frame_probe ID: 883 receives a frame at time 94.9918s ++++
++++ frame_probe ID: 890 receives a frame at time 94.9919s ++++
the 100th message counter  has been visited 1 times  
++++ frame_probe ID: 850 receives a frame at time 95.0742s ++++
++++ frame_probe ID: 860 receives a frame at time 95.1151s ++++
++++ frame_probe ID: 1010 receives a frame at time 95.1222s ++++
INFO: Detected an invalid packet at item 64
INFO: Parser returned #f
Measurement 1/2 complete in 1 second(s).
INFO: Detected an invalid packet at item 96
INFO: Parser returned #f
++++ frame_probe ID: 882 receives a frame at time 95.145s ++++
++++ frame_probe ID: 883 receives a frame at time 95.145s ++++
++++ frame_probe ID: 890 receives a frame at time 95.1451s ++++
the 100th message counter  has been visited 2 times  
++++ frame_probe ID: 850 receives a frame at time 95.2164s ++++
++++ frame_probe ID: 860 receives a frame at time 95.2573s ++++
++++ frame_probe ID: 1010 receives a frame at time 95.2664s ++++
INFO: Detected an invalid packet at item 160
INFO: Parser returned #f
INFO: Detected an invalid packet at item 192
INFO: Parser returned #f
++++ frame_probe ID: 882 receives a frame at time 95.2894s ++++
++++ frame_probe ID: 883 receives a frame at time 95.2894s ++++
++++ frame_probe ID: 890 receives a frame at time 95.2895s ++++
the 100th message counter  has been visited 3 times  
++++ frame_probe ID: 850 receives a frame at time 95.3879s ++++
++++ frame_probe ID: 860 receives a frame at time 95.4287s ++++
++++ frame_probe ID: 1010 receives a frame at time 95.4396s ++++
INFO: Detected an invalid packet at item 256
INFO: Parser returned #f
++++ frame_probe ID: 882 receives a frame at time 95.4621s ++++
++++ frame_probe ID: 883 receives a frame at time 95.4621s ++++
++++ frame_probe ID: 890 receives a frame at time 95.4622s ++++
the 100th message counter  has been visited 4 times  
++++ frame_probe ID: 850 receives a frame at time 95.5405s ++++
++++ frame_probe ID: 860 receives a frame at time 95.5814s ++++
++++ frame_probe ID: 1010 receives a frame at time 95.593s ++++
INFO: Detected an invalid packet at item 320
INFO: Parser returned #f
++++ frame_probe ID: 882 receives a frame at time 95.616s ++++
++++ frame_probe ID: 883 receives a frame at time 95.616s ++++
++++ frame_probe ID: 890 receives a frame at time 95.6161s ++++
the 100th message counter  has been visited 5 times  
++++ frame_probe ID: 850 receives a frame at time 95.6844s ++++
++++ frame_probe ID: 860 receives a frame at time 95.7252s ++++
++++ frame_probe ID: 1010 receives a frame at time 95.7364s ++++
INFO: Detected an invalid packet at item 384
INFO: Parser returned #f
++++ frame_probe ID: 882 receives a frame at time 95.7592s ++++
++++ frame_probe ID: 883 receives a frame at time 95.7592s ++++
++++ frame_probe ID: 890 receives a frame at time 95.7593s ++++
the 100th message counter  has been visited 6 times  
++++ frame_probe ID: 850 receives a frame at time 95.8557s ++++
++++ frame_probe ID: 860 receives a frame at time 95.8964s ++++
++++ frame_probe ID: 1010 receives a frame at time 95.8996s ++++
INFO: Detected an invalid packet at item 448
INFO: Parser returned #f
++++ frame_probe ID: 882 receives a frame at time 95.9226s ++++
++++ frame_probe ID: 883 receives a frame at time 95.9226s ++++
++++ frame_probe ID: 890 receives a frame at time 95.9227s ++++
the 100th message counter  has been visited 7 times  
++++ frame_probe ID: 850 receives a frame at time 96.0041s ++++
++++ frame_probe ID: 860 receives a frame at time 96.0449s ++++
++++ frame_probe ID: 1010 receives a frame at time 96.0539s ++++
INFO: Detected an invalid packet at item 512
INFO: Parser returned #f
INFO: Detected an invalid packet at item 544
INFO: Parser returned #f
++++ frame_probe ID: 882 receives a frame at time 96.0768s ++++
++++ frame_probe ID: 883 receives a frame at time 96.0768s ++++
++++ frame_probe ID: 890 receives a frame at time 96.0769s ++++
Measurement 1 raw data directory created /home/inets/0_ba/bachelor_thesis/measurements/debug/data/91/1/.
'/home/inets/source/gr-inets/results/receiver_data_received.txt' -> '/home/inets/0_ba/bachelor_thesis/measurements/debug/data/91/1/receiver_data_received.txt'
'/home/inets/source/gr-inets/results/sender_ack_received.txt' -> '/home/inets/0_ba/bachelor_thesis/measurements/debug/data/91/1/sender_ack_received.txt'
'/home/inets/source/gr-inets/results/sender_bfr_dq.txt' -> '/home/inets/0_ba/bachelor_thesis/measurements/debug/data/91/1/sender_bfr_dq.txt'
'/home/inets/source/gr-inets/results/sender_data_sent.txt' -> '/home/inets/0_ba/bachelor_thesis/measurements/debug/data/91/1/sender_data_sent.txt'
Measurement 1 raw data moved to /home/inets/0_ba/bachelor_thesis/measurements/debug/data/91/1/.

Measurement 2/2 complete in 4 second(s).
linux; GNU C++ version 5.4.0 20160609; Boost_105800; UHD_003.009.005-45-g6768a615
linux; GNU C++ version 5.4.0 20160609; Boost_105800; UHD_003.009.005-45-g6768a615


Using Volk machine: avx_64_mmx
-- Opening a USRP2/N-Series device...
Using Volk machine: avx_64_mmx
-- Opening a USRP2/N-Series device...
-- Current recv frame size: 1472 bytes
-- Current send frame size: 1472 bytes
-- Current recv frame size: 1472 bytes
-- Current send frame size: 1472 bytes
Measurement 2/2 complete in 3 second(s).
the 100th message counter is activated.
the 880th message counter is activated.
the 100th message counter is activated.
Measurement 2/2 complete in 2 second(s).
node starts running at 98.4854
node starts running at 98.5074
++++ frame_probe ID: 850 receives a frame at time 98.6062s ++++
++++ frame_probe ID: 860 receives a frame at time 98.6472s ++++
INFO: Detected an invalid packet at item 0
INFO: Parser returned #f
++++ frame_probe ID: 1010 receives a frame at time 98.6575s ++++
INFO: Detected an invalid packet at item 32
INFO: Parser returned #f
++++ frame_probe ID: 882 receives a frame at time 98.6804s ++++
++++ frame_probe ID: 883 receives a frame at time 98.6804s ++++
++++ frame_probe ID: 890 receives a frame at time 98.6805s ++++
the 100th message counter  has been visited 1 times  
++++ frame_probe ID: 850 receives a frame at time 98.7639s ++++
++++ frame_probe ID: 860 receives a frame at time 98.8047s ++++
++++ frame_probe ID: 1010 receives a frame at time 98.8119s ++++
INFO: Detected an invalid packet at item 96
INFO: Parser returned #f
INFO: Detected an invalid packet at item 128
INFO: Parser returned #f
++++ frame_probe ID: 882 receives a frame at time 98.8347s ++++
++++ frame_probe ID: 883 receives a frame at time 98.8347s ++++
++++ frame_probe ID: 890 receives a frame at time 98.8348s ++++
the 100th message counter  has been visited 2 times  
++++ frame_probe ID: 850 receives a frame at time 98.9032s ++++
++++ frame_probe ID: 860 receives a frame at time 98.944s ++++
INFO: Detected an invalid packet at item 192
INFO: Parser returned #f
++++ frame_probe ID: 1010 receives a frame at time 98.9549s ++++
INFO: Detected an invalid packet at item 224
INFO: Parser returned #f
++++ frame_probe ID: 882 receives a frame at time 98.978s ++++
++++ frame_probe ID: 883 receives a frame at time 98.9781s ++++
++++ frame_probe ID: 890 receives a frame at time 98.9782s ++++
the 100th message counter  has been visited 3 times  
++++ frame_probe ID: 850 receives a frame at time 99.0676s ++++
++++ frame_probe ID: 860 receives a frame at time 99.1084s ++++
INFO: Detected an invalid packet at item 288
INFO: Parser returned #f
++++ frame_probe ID: 1010 receives a frame at time 99.1185s ++++
Measurement 2/2 complete in 1 second(s).
INFO: Detected an invalid packet at item 320
INFO: Parser returned #f
++++ frame_probe ID: 882 receives a frame at time 99.1415s ++++
++++ frame_probe ID: 883 receives a frame at time 99.1416s ++++
++++ frame_probe ID: 890 receives a frame at time 99.1417s ++++
the 100th message counter  has been visited 4 times  
++++ frame_probe ID: 850 receives a frame at time 99.2251s ++++
++++ frame_probe ID: 860 receives a frame at time 99.266s ++++
++++ frame_probe ID: 1010 receives a frame at time 99.2715s ++++
INFO: Detected an invalid packet at item 384
INFO: Parser returned #f
INFO: Detected an invalid packet at item 416
INFO: Parser returned #f
++++ frame_probe ID: 882 receives a frame at time 99.2946s ++++
++++ frame_probe ID: 883 receives a frame at time 99.2946s ++++
++++ frame_probe ID: 890 receives a frame at time 99.2947s ++++
the 100th message counter  has been visited 5 times  
++++ frame_probe ID: 850 receives a frame at time 99.374s ++++
++++ frame_probe ID: 860 receives a frame at time 99.415s ++++
INFO: Detected an invalid packet at item 480
INFO: Parser returned #f
++++ frame_probe ID: 1010 receives a frame at time 99.4261s ++++
INFO: Detected an invalid packet at item 512
INFO: Parser returned #f
++++ frame_probe ID: 882 receives a frame at time 99.449s ++++
++++ frame_probe ID: 883 receives a frame at time 99.4491s ++++
++++ frame_probe ID: 890 receives a frame at time 99.4492s ++++
the 100th message counter  has been visited 6 times  
++++ frame_probe ID: 850 receives a frame at time 99.5547s ++++
++++ frame_probe ID: 860 receives a frame at time 99.5956s ++++
++++ frame_probe ID: 1010 receives a frame at time 99.6086s ++++
INFO: Detected an invalid packet at item 576
INFO: Parser returned #f
++++ frame_probe ID: 882 receives a frame at time 99.6315s ++++
++++ frame_probe ID: 883 receives a frame at time 99.6316s ++++
++++ frame_probe ID: 890 receives a frame at time 99.6317s ++++
the 100th message counter  has been visited 7 times  
++++ frame_probe ID: 850 receives a frame at time 99.7192s ++++
++++ frame_probe ID: 860 receives a frame at time 99.7601s ++++
INFO: Detected an invalid packet at item 640
INFO: Parser returned #f
++++ frame_probe ID: 1010 receives a frame at time 99.7709s ++++
INFO: Detected an invalid packet at item 672
INFO: Parser returned #f
++++ frame_probe ID: 882 receives a frame at time 99.7947s ++++
++++ frame_probe ID: 883 receives a frame at time 99.7947s ++++
++++ frame_probe ID: 890 receives a frame at time 99.7948s ++++
the 100th message counter  has been visited 8 times  
++++ frame_probe ID: 850 receives a frame at time 99.9033s ++++
++++ frame_probe ID: 860 receives a frame at time 99.9442s ++++
++++ frame_probe ID: 1010 receives a frame at time 99.9532s ++++
INFO: Detected an invalid packet at item 736
INFO: Parser returned #f
INFO: Detected an invalid packet at item 768
INFO: Parser returned #f
++++ frame_probe ID: 882 receives a frame at time 99.9762s ++++
++++ frame_probe ID: 883 receives a frame at time 99.9762s ++++
++++ frame_probe ID: 890 receives a frame at time 99.9763s ++++
the 100th message counter  has been visited 9 times  
++++ frame_probe ID: 850 receives a frame at time 0.066679s ++++
++++ frame_probe ID: 860 receives a frame at time 0.1076s ++++
++++ frame_probe ID: 1010 receives a frame at time 0.116538s ++++
Measurement 2 raw data directory created /home/inets/0_ba/bachelor_thesis/measurements/debug/data/91/2/.
'/home/inets/source/gr-inets/results/receiver_data_received.txt' -> '/home/inets/0_ba/bachelor_thesis/measurements/debug/data/91/2/receiver_data_received.txt'
'/home/inets/source/gr-inets/results/sender_ack_received.txt' -> '/home/inets/0_ba/bachelor_thesis/measurements/debug/data/91/2/sender_ack_received.txt'
'/home/inets/source/gr-inets/results/sender_bfr_dq.txt' -> '/home/inets/0_ba/bachelor_thesis/measurements/debug/data/91/2/sender_bfr_dq.txt'
'/home/inets/source/gr-inets/results/sender_data_sent.txt' -> '/home/inets/0_ba/bachelor_thesis/measurements/debug/data/91/2/sender_data_sent.txt'
Measurement 2 raw data moved to /home/inets/0_ba/bachelor_thesis/measurements/debug/data/91/2/.

Now processing results...
Plotting Python should be: python3 (UBUNTU).
Hello from rtt.py!
Hello from variables.py!
