Measurement 1/3 complete in 15 second(s).
linux; GNU C++ version 5.4.0 20160609; Boost_105800; UHD_003.009.005-45-g6768a615

linux; GNU C++ version 5.4.0 20160609; Boost_105800; UHD_003.009.005-45-g6768a615

Measurement 1/3 complete in 14 second(s).
Using Volk machine: avx_64_mmx
-- Opening a USRP2/N-Series device...
Using Volk machine: avx_64_mmx
-- Opening a USRP2/N-Series device...
-- Current recv frame size: 1472 bytes
-- Current send frame size: 1472 bytes
-- Current recv frame size: 1472 bytes
-- Current send frame size: 1472 bytes
Measurement 1/3 complete in 13 second(s).
develop_mode of random_filter ID: 1015 is activated.
the 1017th message counter is activated.
the 880th message counter is activated.
the 885th message counter is activated.
the 1018th message counter is activated.
the 100th message counter is activated.
the 1080th message counter is activated.
the 100th message counter is activated.
Measurement 1/3 complete in 12 second(s).
node starts running at 42.5558
node starts running at 42.5567
++++ frame_probe ID: 850 receives a frame at time 42.8573s ++++
INFO: Detected an invalid packet at item 0
INFO: Parser returned #f
++++ frame_probe ID: 860 receives a frame at time 42.8987s ++++
++++ frame_probe ID: 1010 receives a frame at time 42.9088s ++++
generated random number is0.671546 and the threshold is 0.2. bad luck and try next time. 
the 1017th message counter data_frame_filtered has been visited 1 times  
 at 643.01 s
++++ frame_probe ID: 850 receives a frame at time 43.0284s ++++
INFO: Detected an invalid packet at item 64
INFO: Parser returned #f
++++ frame_probe ID: 860 receives a frame at time 43.069s ++++
++++ frame_probe ID: 1010 receives a frame at time 43.0721s ++++
generated random number isthe 1018th message counter data_frame_not_filtered has been visited 1 times  
0.0395812 and the threshold is 0.2. good luck. 
 at 643.196 s
++++ frame_probe ID: 850 receives a frame at time 43.2142s ++++
INFO: Detected an invalid packet at item 128
INFO: Parser returned #f
++++ frame_probe ID: 860 receives a frame at time 43.2549s ++++
++++ frame_probe ID: 1010 receives a frame at time 43.2637s ++++
generated random number is0.859472 and the threshold is 0.2. bad luck and try next time. the 
1017th message counter data_frame_filtered has been visited 2 times  
Measurement 1/3 complete in 11 second(s).
 at 643.386 s
++++ frame_probe ID: 850 receives a frame at time 43.4045s ++++
INFO: Detected an invalid packet at item 192
INFO: Parser returned #f
++++ frame_probe ID: 860 receives a frame at time 43.4452s ++++
++++ frame_probe ID: 1010 receives a frame at time 43.456s ++++
generated random number is0.320208 and the threshold is 0.2. bad luck and try next time. 
the 1017th message counter data_frame_filtered has been visited 3 times  
 at 643.622 s
++++ frame_probe ID: 850 receives a frame at time 43.6405s ++++
INFO: Detected an invalid packet at item 256
INFO: Parser returned #f
++++ frame_probe ID: 860 receives a frame at time 43.6812s ++++
++++ frame_probe ID: 1010 receives a frame at time 43.6867s ++++
generated random number is0.391764 and the threshold is 0.2. bad luck and try next time. 
the 1017th message counter data_frame_filtered has been visited 4 times  
 at 643.833 s
++++ frame_probe ID: 850 receives a frame at time 43.8508s ++++
INFO: Detected an invalid packet at item 320
INFO: Parser returned #f
++++ frame_probe ID: 860 receives a frame at time 43.8913s ++++
++++ frame_probe ID: 1010 receives a frame at time 43.897s ++++
generated random number is0.924731 and the threshold is 0.2. bad luck and try next time. 
the 1017th message counter data_frame_filtered has been visited 5 times  
 at 644.058 s
++++ frame_probe ID: 850 receives a frame at time 44.0758s ++++
INFO: Detected an invalid packet at item 384
INFO: Parser returned #f
++++ frame_probe ID: 860 receives a frame at time 44.1164s ++++
++++ frame_probe ID: 1010 receives a frame at time 44.1275s ++++
generated random number is0.477702 and the threshold is 0.2. bad luck and try next time. 
the 1017th message counter data_frame_filtered has been visited 6 times  
 at 644.228 s
++++ frame_probe ID: 850 receives a frame at time 44.2461s ++++
INFO: Detected an invalid packet at item 448
INFO: Parser returned #f
++++ frame_probe ID: 860 receives a frame at time 44.2867s ++++
++++ frame_probe ID: 1010 receives a frame at time 44.2912s ++++
generated random number isthe 1018th message counter data_frame_not_filtered has been visited 2 times  
0.141712 and the threshold is 0.2. good luck. 
Measurement 1/3 complete in 10 second(s).
 at 644.399 s
++++ frame_probe ID: 850 receives a frame at time 44.417s ++++
INFO: Detected an invalid packet at item 512
INFO: Parser returned #f
++++ frame_probe ID: 860 receives a frame at time 44.4576s ++++
++++ frame_probe ID: 1010 receives a frame at time 44.4633s ++++
generated random number is0.972448 and the threshold is 0.2the 1017th message counter data_frame_filtered has been visited 7 times  
. bad luck and try next time. 
 at 644.589 s
++++ frame_probe ID: 850 receives a frame at time 44.6075s ++++
INFO: Detected an invalid packet at item 576
INFO: Parser returned #f
++++ frame_probe ID: 860 receives a frame at time 44.6481s ++++
++++ frame_probe ID: 1010 receives a frame at time 44.6557s ++++
generated random number is0.661593 and the threshold is 0.2. bad luck and try next time. 
the 1017th message counter data_frame_filtered has been visited 8 times  
 at 644.829 s
++++ frame_probe ID: 850 receives a frame at time 44.8475s ++++
INFO: Detected an invalid packet at item 640
INFO: Parser returned #f
++++ frame_probe ID: 860 receives a frame at time 44.8883s ++++
++++ frame_probe ID: 1010 receives a frame at time 44.8952s ++++
generated random number is0.868396 and the threshold is the 1017th message counter data_frame_filtered has been visited 9 times  0.2
. bad luck and try next time. 
 at 645.115 s
++++ frame_probe ID: 850 receives a frame at time 45.133s ++++
INFO: Detected an invalid packet at item 704
INFO: Parser returned #f
++++ frame_probe ID: 860 receives a frame at time 45.1736s ++++
++++ frame_probe ID: 1010 receives a frame at time 45.1839s ++++
generated random number is0.313299the  and the threshold is 1017th message counter data_frame_filtered has been visited 10 times  
0.2. bad luck and try next time. 
Measurement 1/3 complete in 9 second(s).
 at 645.395 s
++++ frame_probe ID: 850 receives a frame at time 45.4134s ++++
INFO: Detected an invalid packet at item 768
INFO: Parser returned #f
++++ frame_probe ID: 860 receives a frame at time 45.4543s ++++
++++ frame_probe ID: 1010 receives a frame at time 45.4624s ++++
generated random number is0.244141 and the threshold is 0.2. bad luck and try next time. 
the 1017th message counter data_frame_filtered has been visited 11 times  
 at 645.572 s
++++ frame_probe ID: 850 receives a frame at time 45.5896s ++++
INFO: Detected an invalid packet at item 832
INFO: Parser returned #f
++++ frame_probe ID: 860 receives a frame at time 45.6302s ++++
++++ frame_probe ID: 1010 receives a frame at time 45.6349s ++++
generated random number is0.820126 and the threshold is 0.2. bad luck and try next time. 
the 1017th message counter data_frame_filtered has been visited 12 times  
 at 645.757 s
++++ frame_probe ID: 850 receives a frame at time 45.7747s ++++
INFO: Detected an invalid packet at item 896
INFO: Parser returned #f
++++ frame_probe ID: 860 receives a frame at time 45.8152s ++++
++++ frame_probe ID: 1010 receives a frame at time 45.8272s ++++
generated random number is0.564349 and the threshold is the 1017th message counter data_frame_filtered has been visited 13 times  
0.2. bad luck and try next time. 
 at 645.936 s
++++ frame_probe ID: 850 receives a frame at time 45.9545s ++++
INFO: Detected an invalid packet at item 960
INFO: Parser returned #f
++++ frame_probe ID: 860 receives a frame at time 45.9951s ++++
++++ frame_probe ID: 1010 receives a frame at time 45.9997s ++++
generated random number isthe 1018th message counter data_frame_not_filtered has been visited 3 times  
0.0163656 and the threshold is 0.2. good luck. 
 at 646.127 s
++++ frame_probe ID: 850 receives a frame at time 46.1447s ++++
INFO: Detected an invalid packet at item 1024
INFO: Parser returned #f
++++ frame_probe ID: 860 receives a frame at time 46.1855s ++++
++++ frame_probe ID: 1010 receives a frame at time 46.1911s ++++
generated random number is0.479315 and the threshold is 0.2. bad luck and try next time. 
the 1017th message counter data_frame_filtered has been visited 14 times  
 at 646.302 s
++++ frame_probe ID: 850 receives a frame at time 46.3203s ++++
INFO: Detected an invalid packet at item 1088
INFO: Parser returned #f
++++ frame_probe ID: 860 receives a frame at time 46.3609s ++++
++++ frame_probe ID: 1010 receives a frame at time 46.3645s ++++
generated random number is0.11363 and the threshold is 0.2. good luck. 
the 1018th message counter data_frame_not_filtered has been visited 4 times  
Measurement 1/3 complete in 8 second(s).
 at 646.553 s
++++ frame_probe ID: 850 receives a frame at time 46.571s ++++
INFO: Detected an invalid packet at item 1152
INFO: Parser returned #f
++++ frame_probe ID: 860 receives a frame at time 46.6116s ++++
++++ frame_probe ID: 1010 receives a frame at time 46.6231s ++++
generated random number is0.0860779 and the threshold is 0.2. good luck. 
the 1018th message counter data_frame_not_filtered has been visited 5 times  
 at 646.723 s
++++ frame_probe ID: 850 receives a frame at time 46.7409s ++++
INFO: Detected an invalid packet at item 1216
INFO: Parser returned #f
++++ frame_probe ID: 860 receives a frame at time 46.7814s ++++
++++ frame_probe ID: 1010 receives a frame at time 46.7864s ++++
generated random number is0.845275 and the threshold is 0.2. bad luck and try next time. 
the 1017th message counter data_frame_filtered has been visited 15 times  
 at 646.898 s
++++ frame_probe ID: 850 receives a frame at time 46.9185s ++++
INFO: Detected an invalid packet at item 1280
INFO: Parser returned #f
++++ frame_probe ID: 860 receives a frame at time 46.9591s ++++
++++ frame_probe ID: 1010 receives a frame at time 46.9689s ++++
generated random number is0.847589 and the threshold is 0.2. bad luck and try next time. 
the 1017th message counter data_frame_filtered has been visited 16 times  
 at 647.076 s
++++ frame_probe ID: 850 receives a frame at time 47.0939s ++++
INFO: Detected an invalid packet at item 1344
INFO: Parser returned #f
++++ frame_probe ID: 860 receives a frame at time 47.1346s ++++
++++ frame_probe ID: 1010 receives a frame at time 47.1422s ++++
generated random number is0.509182 and the threshold is 0.2. bad luck and try next time. 
the 1017th message counter data_frame_filtered has been visited 17 times  
 at 647.316 s
++++ frame_probe ID: 850 receives a frame at time 47.334s ++++
INFO: Detected an invalid packet at item 1408
INFO: Parser returned #f
++++ frame_probe ID: 860 receives a frame at time 47.3746s ++++
Measurement 1/3 complete in 7 second(s).
++++ frame_probe ID: 1010 receives a frame at time 47.3819s ++++
generated random number is0.983681 and the threshold is 0.2. bad luck and try next time. 
the 1017th message counter data_frame_filtered has been visited 18 times  
 at 647.616 s
++++ frame_probe ID: 850 receives a frame at time 47.6343s ++++
INFO: Detected an invalid packet at item 1472
INFO: Parser returned #f
++++ frame_probe ID: 860 receives a frame at time 47.675s ++++
++++ frame_probe ID: 1010 receives a frame at time 47.6795s ++++
generated random number isthe 1018th message counter data_frame_not_filtered has been visited 6 times  
0.00498523 and the threshold is 0.2. good luck. 
 at 647.876 s
++++ frame_probe ID: 850 receives a frame at time 47.8946s ++++
INFO: Detected an invalid packet at item 1536
INFO: Parser returned #f
++++ frame_probe ID: 860 receives a frame at time 47.9352s ++++
++++ frame_probe ID: 1010 receives a frame at time 47.939s ++++
generated random number is0.47537 and the threshold is 0.2. bad luck and try next time. 
the 1017th message counter data_frame_filtered has been visited 19 times  
 at 648.052 s
++++ frame_probe ID: 850 receives a frame at time 48.0698s ++++
INFO: Detected an invalid packet at item 1600
INFO: Parser returned #f
++++ frame_probe ID: 860 receives a frame at time 48.1103s ++++
++++ frame_probe ID: 1010 receives a frame at time 48.1214s ++++
generated random number is0.13841 and the threshold is the 1018th message counter data_frame_not_filtered has been visited 7 times  0.2
. good luck. 
 at 648.237 s
++++ frame_probe ID: 850 receives a frame at time 48.2555s ++++
INFO: Detected an invalid packet at item 1664
INFO: Parser returned #f
++++ frame_probe ID: 860 receives a frame at time 48.2962s ++++
++++ frame_probe ID: 1010 receives a frame at time 48.3038s ++++
generated random number is0.77294 and the threshold is 0.2. bad luck and try next time. 
the 1017th message counter data_frame_filtered has been visited 20 times  
Measurement 1/3 complete in 6 second(s).
 at 648.443 s
++++ frame_probe ID: 850 receives a frame at time 48.4608s ++++
INFO: Detected an invalid packet at item 1728
INFO: Parser returned #f
++++ frame_probe ID: 860 receives a frame at time 48.5013s ++++
++++ frame_probe ID: 1010 receives a frame at time 48.5053s ++++
generated random number is0.253127 and the threshold is 0.2. bad luck and try next time. the 
1017th message counter data_frame_filtered has been visited 21 times  
 at 648.613 s
++++ frame_probe ID: 850 receives a frame at time 48.631s ++++
INFO: Detected an invalid packet at item 1792
INFO: Parser returned #f
++++ frame_probe ID: 860 receives a frame at time 48.6715s ++++
++++ frame_probe ID: 1010 receives a frame at time 48.6777s ++++
generated random number is0.821165 and the threshold is the 0.2. bad luck and try next time. 1017
th message counter data_frame_filtered has been visited 22 times  
 at 648.788 s
++++ frame_probe ID: 850 receives a frame at time 48.8061s ++++
INFO: Detected an invalid packet at item 1856
INFO: Parser returned #f
++++ frame_probe ID: 860 receives a frame at time 48.8468s ++++
++++ frame_probe ID: 1010 receives a frame at time 48.8502s ++++
generated random number is0.489847 and the threshold is 0.2. bad luck and try next time. 
the 1017th message counter data_frame_filtered has been visited 23 times  
 at 649.138 s
++++ frame_probe ID: 850 receives a frame at time 49.1564s ++++
INFO: Detected an invalid packet at item 1920
INFO: Parser returned #f
++++ frame_probe ID: 860 receives a frame at time 49.1969s ++++
++++ frame_probe ID: 1010 receives a frame at time 49.2058s ++++
generated random number is0.493145 and the threshold is 0.2. bad luck and try next time. 
the 1017th message counter data_frame_filtered has been visited 24 times  
 at 649.308 s
++++ frame_probe ID: 850 receives a frame at time 49.3264s ++++
INFO: Detected an invalid packet at item 1984
INFO: Parser returned #f
++++ frame_probe ID: 860 receives a frame at time 49.3669s ++++
++++ frame_probe ID: 1010 receives a frame at time 49.3783s ++++
generated random number is0.352389 and the threshold is 0.2. bad luck and try next time. 
the 1017th message counter data_frame_filtered has been visited 25 times  
Measurement 1/3 complete in 5 second(s).
 at 649.493 s
++++ frame_probe ID: 850 receives a frame at time 49.5113s ++++
INFO: Detected an invalid packet at item 2048
INFO: Parser returned #f
++++ frame_probe ID: 860 receives a frame at time 49.5518s ++++
++++ frame_probe ID: 1010 receives a frame at time 49.5607s ++++
generated random number is0.849915 and the threshold is 0.2. bad luck and try next time. 
the 1017th message counter data_frame_filtered has been visited 26 times  
 at 649.683 s
++++ frame_probe ID: 850 receives a frame at time 49.7013s ++++
INFO: Detected an invalid packet at item 2112
INFO: Parser returned #f
++++ frame_probe ID: 860 receives a frame at time 49.7419s ++++
++++ frame_probe ID: 1010 receives a frame at time 49.7531s ++++
generated random number is0.227493 and the threshold is 0.2. bad luck and try next time. 
the 1017th message counter data_frame_filtered has been visited 27 times  
 at 649.914 s
++++ frame_probe ID: 850 receives a frame at time 49.9323s ++++
INFO: Detected an invalid packet at item 2176
INFO: Parser returned #f
++++ frame_probe ID: 860 receives a frame at time 49.9729s ++++
++++ frame_probe ID: 1010 receives a frame at time 49.9828s ++++
generated random number is0.915603the  and the threshold is 1017th message counter data_frame_filtered has been visited 28 times  
0.2. bad luck and try next time. 
 at 650.215 s
++++ frame_probe ID: 850 receives a frame at time 50.2332s ++++
INFO: Detected an invalid packet at item 2240
INFO: Parser returned #f
++++ frame_probe ID: 860 receives a frame at time 50.2737s ++++
++++ frame_probe ID: 1010 receives a frame at time 50.2803s ++++
generated random number is0.586739 and the threshold is 0.2. bad luck and try next time. 
the 1017th message counter data_frame_filtered has been visited 29 times  
Measurement 1/3 complete in 4 second(s).
 at 650.555 s
++++ frame_probe ID: 850 receives a frame at time 50.5734s ++++
INFO: Detected an invalid packet at item 2304
INFO: Parser returned #f
++++ frame_probe ID: 860 receives a frame at time 50.6142s ++++
++++ frame_probe ID: 1010 receives a frame at time 50.6171s ++++
generated random number is0.604491 and the threshold is 0.2. bad luck and try next time. 
the 1017th message counter data_frame_filtered has been visited 30 times  
 at 650.731 s
++++ frame_probe ID: 850 receives a frame at time 50.7494s ++++
INFO: Detected an invalid packet at item 2368
INFO: Parser returned #f
++++ frame_probe ID: 860 receives a frame at time 50.7901s ++++
++++ frame_probe ID: 1010 receives a frame at time 50.7994s ++++
generated random number is0.796934 and the threshold is 0.2the . bad luck and try next time. 
1017th message counter data_frame_filtered has been visited 31 times  
 at 650.912 s
++++ frame_probe ID: 850 receives a frame at time 50.9304s ++++
INFO: Detected an invalid packet at item 2432
INFO: Parser returned #f
++++ frame_probe ID: 860 receives a frame at time 50.9711s ++++
++++ frame_probe ID: 1010 receives a frame at time 50.9818s ++++
generated random number is0.339479the  and the threshold is 1017th message counter data_frame_filtered has been visited 32 times  
0.2. bad luck and try next time. 
 at 651.117 s
++++ frame_probe ID: 850 receives a frame at time 51.1355s ++++
INFO: Detected an invalid packet at item 2496
INFO: Parser returned #f
++++ frame_probe ID: 860 receives a frame at time 51.1763s ++++
++++ frame_probe ID: 1010 receives a frame at time 51.1833s ++++
generated random number isthe 1018th message counter data_frame_not_filtered has been visited 8 times  0.0990369
 and the threshold is 0.2. good luck. 
 at 651.303 s
++++ frame_probe ID: 850 receives a frame at time 51.3208s ++++
INFO: Detected an invalid packet at item 2560
INFO: Parser returned #f
++++ frame_probe ID: 860 receives a frame at time 51.3616s ++++
++++ frame_probe ID: 1010 receives a frame at time 51.3656s ++++
generated random number is0.412198 and the threshold is 0.2. bad luck and try next time. 
the 1017th message counter data_frame_filtered has been visited 33 times  
Measurement 1/3 complete in 3 second(s).
 at 651.518 s
++++ frame_probe ID: 850 receives a frame at time 51.5363s ++++
INFO: Detected an invalid packet at item 2624
INFO: Parser returned #f
++++ frame_probe ID: 860 receives a frame at time 51.5769s ++++
++++ frame_probe ID: 1010 receives a frame at time 51.5863s ++++
generated random number is0.782831 and the threshold is 0.2. bad luck and try next time. 
the 1017th message counter data_frame_filtered has been visited 34 times  
 at 651.969 s
++++ frame_probe ID: 850 receives a frame at time 51.9874s ++++
INFO: Detected an invalid packet at item 2688
INFO: Parser returned #f
++++ frame_probe ID: 860 receives a frame at time 52.028s ++++
++++ frame_probe ID: 1010 receives a frame at time 52.0375s ++++
generated random number is0.318943 and the threshold is 0.2. bad luck and try next time. 
the 1017th message counter data_frame_filtered has been visited 35 times  
 at 652.145 s
++++ frame_probe ID: 850 receives a frame at time 52.1628s ++++
INFO: Detected an invalid packet at item 2752
INFO: Parser returned #f
++++ frame_probe ID: 860 receives a frame at time 52.2033s ++++
++++ frame_probe ID: 1010 receives a frame at time 52.2106s ++++
generated random number is0.616258 and the threshold is 0.2. bad luck and try next time. 
the 1017th message counter data_frame_filtered has been visited 36 times  
 at 652.315 s
++++ frame_probe ID: 850 receives a frame at time 52.3336s ++++
INFO: Detected an invalid packet at item 2816
INFO: Parser returned #f
++++ frame_probe ID: 860 receives a frame at time 52.3742s ++++
++++ frame_probe ID: 1010 receives a frame at time 52.3831s ++++
generated random number is0.46674 and the threshold is 0.2. bad luck and try next time. 
the 1017th message counter data_frame_filtered has been visited 37 times  
Measurement 1/3 complete in 2 second(s).
 at 652.496 s
++++ frame_probe ID: 850 receives a frame at time 52.5136s ++++
INFO: Detected an invalid packet at item 2880
INFO: Parser returned #f
++++ frame_probe ID: 860 receives a frame at time 52.5542s ++++
++++ frame_probe ID: 1010 receives a frame at time 52.5655s ++++
generated random number is0.932821the  and the threshold is 1017th message counter data_frame_filtered has been visited 38 times  
0.2. bad luck and try next time. 
 at 652.676 s
++++ frame_probe ID: 850 receives a frame at time 52.6945s ++++
INFO: Detected an invalid packet at item 2944
INFO: Parser returned #f
++++ frame_probe ID: 860 receives a frame at time 52.7351s ++++
++++ frame_probe ID: 1010 receives a frame at time 52.738s ++++
generated random number is0.474275 and the threshold is 0.2. bad luck and try next time. 
the 1017th message counter data_frame_filtered has been visited 39 times  
 at 652.947 s
++++ frame_probe ID: 850 receives a frame at time 52.9648s ++++
INFO: Detected an invalid packet at item 3008
INFO: Parser returned #f
++++ frame_probe ID: 860 receives a frame at time 53.0053s ++++
++++ frame_probe ID: 1010 receives a frame at time 53.0165s ++++
generated random number is0.872025 and the threshold is 0.2. bad luck and try next time. 
the 1017th message counter data_frame_filtered has been visited 40 times  
 at 653.287 s
++++ frame_probe ID: 850 receives a frame at time 53.3048s ++++
INFO: Detected an invalid packet at item 3072
INFO: Parser returned #f
++++ frame_probe ID: 860 receives a frame at time 53.3456s ++++
++++ frame_probe ID: 1010 receives a frame at time 53.3523s ++++
generated random number is0.745159 and the threshold is 0.2. bad luck and try next time. 
the 1017th message counter data_frame_filtered has been visited 41 times  
Measurement 1/3 complete in 1 second(s).
 at 653.462 s
++++ frame_probe ID: 850 receives a frame at time 53.4803s ++++
INFO: Detected an invalid packet at item 3136
INFO: Parser returned #f
++++ frame_probe ID: 860 receives a frame at time 53.5208s ++++
++++ frame_probe ID: 1010 receives a frame at time 53.5256s ++++
generated random number is0.464631 and the threshold is 0.2. bad luck and try next time. 
the 1017th message counter data_frame_filtered has been visited 42 times  
 at 653.637 s
++++ frame_probe ID: 850 receives a frame at time 53.6555s ++++
INFO: Detected an invalid packet at item 3200
INFO: Parser returned #f
++++ frame_probe ID: 860 receives a frame at time 53.696s ++++
++++ frame_probe ID: 1010 receives a frame at time 53.7079s ++++
generated random number is0.392999 and the threshold is 0.2. bad luck and try next time. 
the 1017th message counter data_frame_filtered has been visited 43 times  
 at 653.812 s
++++ frame_probe ID: 850 receives a frame at time 53.8306s ++++
INFO: Detected an invalid packet at item 3264
INFO: Parser returned #f
++++ frame_probe ID: 860 receives a frame at time 53.8712s ++++
++++ frame_probe ID: 1010 receives a frame at time 53.8804s ++++
generated random number is0.843732 and the threshold is 0.2. bad luck and try next time. 
the 1017th message counter data_frame_filtered has been visited 44 times  
 at 654.033 s
++++ frame_probe ID: 850 receives a frame at time 54.0515s ++++
INFO: Detected an invalid packet at item 3328
INFO: Parser returned #f
++++ frame_probe ID: 860 receives a frame at time 54.0923s ++++
++++ frame_probe ID: 1010 receives a frame at time 54.102s ++++
generated random number is0.369294 and the threshold is 0.2. bad luck and try next time. 
the 1017th message counter data_frame_filtered has been visited 45 times  
 at 654.255 s
++++ frame_probe ID: 850 receives a frame at time 54.2728s ++++
INFO: Detected an invalid packet at item 3392
INFO: Parser returned #f
++++ frame_probe ID: 860 receives a frame at time 54.3134s ++++
++++ frame_probe ID: 1010 receives a frame at time 54.3223s ++++
generated random number is0.776909 and the threshold is 0.2. bad luck and try next time. 
the 1017th message counter data_frame_filtered has been visited 46 times  
Measurement 1 raw data directory created /home/inets/0_ba/bachelor_thesis/measurements/debug/data/38/1/.
'/home/inets/source/gr-inets/results/receiver_data_received.txt' -> '/home/inets/0_ba/bachelor_thesis/measurements/debug/data/38/1/receiver_data_received.txt'
'/home/inets/source/gr-inets/results/sender_bfr_dq.txt' -> '/home/inets/0_ba/bachelor_thesis/measurements/debug/data/38/1/sender_bfr_dq.txt'
'/home/inets/source/gr-inets/results/sender_data_sent.txt' -> '/home/inets/0_ba/bachelor_thesis/measurements/debug/data/38/1/sender_data_sent.txt'
Measurement 1 raw data moved to /home/inets/0_ba/bachelor_thesis/measurements/debug/data/38/1/.

Measurement 2/3 complete in 15 second(s).
linux; GNU C++ version 5.4.0 20160609; Boost_105800; UHD_003.009.005-45-g6768a615

linux; GNU C++ version 5.4.0 20160609; Boost_105800; UHD_003.009.005-45-g6768a615

Measurement 2/3 complete in 14 second(s).
Using Volk machine: avx_64_mmx
-- Opening a USRP2/N-Series device...
Using Volk machine: avx_64_mmx
-- Opening a USRP2/N-Series device...
-- Current recv frame size: 1472 bytes
-- Current send frame size: 1472 bytes
-- Current recv frame size: 1472 bytes
-- Current send frame size: 1472 bytes
Measurement 2/3 complete in 13 second(s).
develop_mode of random_filter ID: 1015 is activated.
the 880th message counter is activated.
the 1017th message counter is activated.
the 885th message counter is activated.
the 1018th message counter is activated.
the 100th message counter is activated.
the 1080th message counter is activated.
the 100th message counter is activated.
Measurement 2/3 complete in 12 second(s).
node starts running at 57.8149
node starts running at 57.8151
++++ frame_probe ID: 850 receives a frame at time 57.8407s ++++
INFO: Detected an invalid packet at item 0
INFO: Parser returned #f
++++ frame_probe ID: 860 receives a frame at time 57.8819s ++++
++++ frame_probe ID: 1010 receives a frame at time 57.8945s ++++
the 1018th message counter data_frame_not_filtered has been visited 1 times  
generated random number is0.143249 and the threshold is 0.2. good luck. 
 at 657.999 s
++++ frame_probe ID: 850 receives a frame at time 58.0168s ++++
INFO: Detected an invalid packet at item 64
INFO: Parser returned #f
++++ frame_probe ID: 860 receives a frame at time 58.0576s ++++
++++ frame_probe ID: 1010 receives a frame at time 58.0667s ++++
generated random number is0.455247 and the threshold is 0.2. bad luck and try next time. 
the 1017th message counter data_frame_filtered has been visited 1 times  
 at 658.169 s
++++ frame_probe ID: 850 receives a frame at time 58.1875s ++++
INFO: Detected an invalid packet at item 128
INFO: Parser returned #f
++++ frame_probe ID: 860 receives a frame at time 58.2282s ++++
++++ frame_probe ID: 1010 receives a frame at time 58.2392s ++++
generated random number is0.854146 and the threshold is 0.2. bad luck and try next time. 
the 1017th message counter data_frame_filtered has been visited 2 times  
 at 658.345 s
++++ frame_probe ID: 850 receives a frame at time 58.3631s ++++
INFO: Detected an invalid packet at item 192
INFO: Parser returned #f
++++ frame_probe ID: 860 receives a frame at time 58.4039s ++++
++++ frame_probe ID: 1010 receives a frame at time 58.4124s ++++
generated random number is0.785307 and the threshold is 0.2. bad luck and try next time. 
the 1017th message counter data_frame_filtered has been visited 3 times  
Measurement 2/3 complete in 11 second(s).
 at 658.53 s
++++ frame_probe ID: 850 receives a frame at time 58.5486s ++++
INFO: Detected an invalid packet at item 256
INFO: Parser returned #f
++++ frame_probe ID: 860 receives a frame at time 58.5891s ++++
++++ frame_probe ID: 1010 receives a frame at time 58.5947s ++++
generated random number isthe 1018th message counter data_frame_not_filtered has been visited 2 times  
0.0917566 and the threshold is 0.2. good luck. 
 at 658.826 s
++++ frame_probe ID: 850 receives a frame at time 58.844s ++++
INFO: Detected an invalid packet at item 320
INFO: Parser returned #f
++++ frame_probe ID: 860 receives a frame at time 58.8846s ++++
++++ frame_probe ID: 1010 receives a frame at time 58.8923s ++++
generated random number is0.467047 and the threshold is 0.2. bad luck and try next time. 
the 1017th message counter data_frame_filtered has been visited 4 times  
 at 659.136 s
++++ frame_probe ID: 850 receives a frame at time 59.1544s ++++
INFO: Detected an invalid packet at item 384
INFO: Parser returned #f
++++ frame_probe ID: 860 receives a frame at time 59.1952s ++++
++++ frame_probe ID: 1010 receives a frame at time 59.199s ++++
generated random number is0.930792 and the threshold is 0.2. bad luck and try next time. 
the 1017th message counter data_frame_filtered has been visited 5 times  
 at 659.312 s
++++ frame_probe ID: 850 receives a frame at time 59.3306s ++++
INFO: Detected an invalid packet at item 448
INFO: Parser returned #f
++++ frame_probe ID: 860 receives a frame at time 59.3713s ++++
++++ frame_probe ID: 1010 receives a frame at time 59.3815s ++++
generated random number isthe 1018th message counter data_frame_not_filtered has been visited 3 times  
0.11972 and the threshold is 0.2. good luck. 
Measurement 2/3 complete in 10 second(s).
 at 659.488 s
++++ frame_probe ID: 850 receives a frame at time 59.5063s ++++
INFO: Detected an invalid packet at item 512
INFO: Parser returned #f
++++ frame_probe ID: 860 receives a frame at time 59.5473s ++++
++++ frame_probe ID: 1010 receives a frame at time 59.5548s ++++
generated random number is0.613694 and the threshold is 0.2. bad luck and try next time. 
the 1017th message counter data_frame_filtered has been visited 6 times  
 at 659.684 s
++++ frame_probe ID: 850 receives a frame at time 59.7025s ++++
INFO: Detected an invalid packet at item 576
INFO: Parser returned #f
++++ frame_probe ID: 860 receives a frame at time 59.7431s ++++
++++ frame_probe ID: 1010 receives a frame at time 59.7464s ++++
generated random number is0.123578 and the threshold is 0.2. good luck. 
the 1018th message counter data_frame_not_filtered has been visited 4 times  
 at 659.865 s
++++ frame_probe ID: 850 receives a frame at time 59.8828s ++++
INFO: Detected an invalid packet at item 640
INFO: Parser returned #f
++++ frame_probe ID: 860 receives a frame at time 59.9234s ++++
++++ frame_probe ID: 1010 receives a frame at time 59.9286s ++++
generated random number is0.603265 and the threshold is 0.2. bad luck and try next time. 
the 1017th message counter data_frame_filtered has been visited 7 times  
 at 660.18 s
++++ frame_probe ID: 850 receives a frame at time 60.198s ++++
INFO: Detected an invalid packet at item 704
INFO: Parser returned #f
++++ frame_probe ID: 860 receives a frame at time 60.2386s ++++
++++ frame_probe ID: 1010 receives a frame at time 60.2453s ++++
generated random number is0.425727 and the threshold is 0.2. bad luck and try next time. 
the 1017th message counter data_frame_filtered has been visited 8 times  
Measurement 2/3 complete in 9 second(s).
 at 660.515 s
++++ frame_probe ID: 850 receives a frame at time 60.5331s ++++
INFO: Detected an invalid packet at item 768
INFO: Parser returned #f
++++ frame_probe ID: 860 receives a frame at time 60.5739s ++++
++++ frame_probe ID: 1010 receives a frame at time 60.582s ++++
generated random number is0.62287 and the threshold is 0.2. bad luck and try next time. 
the 1017th message counter data_frame_filtered has been visited 9 times  
 at 660.685 s
++++ frame_probe ID: 850 receives a frame at time 60.7035s ++++
INFO: Detected an invalid packet at item 832
INFO: Parser returned #f
++++ frame_probe ID: 860 receives a frame at time 60.7444s ++++
++++ frame_probe ID: 1010 receives a frame at time 60.7545s ++++
generated random number is0.502935 and the threshold is 0.2. bad luck and try next time. 
the 1017th message counter data_frame_filtered has been visited 10 times  
 at 660.856 s
++++ frame_probe ID: 850 receives a frame at time 60.8747s ++++
INFO: Detected an invalid packet at item 896
INFO: Parser returned #f
++++ frame_probe ID: 860 receives a frame at time 60.9153s ++++
++++ frame_probe ID: 1010 receives a frame at time 60.927s ++++
generated random number is0.864398 and the threshold is 0.2. bad luck and try next time. 
the 1017th message counter data_frame_filtered has been visited 11 times  
 at 661.063 s
++++ frame_probe ID: 850 receives a frame at time 61.0807s ++++
INFO: Detected an invalid packet at item 960
INFO: Parser returned #f
++++ frame_probe ID: 860 receives a frame at time 61.1212s ++++
++++ frame_probe ID: 1010 receives a frame at time 61.1292s ++++
generated random number is0.981927 and the threshold is 0.2. bad luck and try next time. 
the 1017th message counter data_frame_filtered has been visited 12 times  
 at 661.293 s
++++ frame_probe ID: 850 receives a frame at time 61.3109s ++++
INFO: Detected an invalid packet at item 1024
INFO: Parser returned #f
++++ frame_probe ID: 860 receives a frame at time 61.3516s ++++
++++ frame_probe ID: 1010 receives a frame at time 61.3588s ++++
generated random number is0.519994 and the threshold is 0.2. bad luck and try next time. 
the 1017th message counter data_frame_filtered has been visited 13 times  
Measurement 2/3 complete in 8 second(s).
 at 661.513 s
++++ frame_probe ID: 850 receives a frame at time 61.5313s ++++
INFO: Detected an invalid packet at item 1088
INFO: Parser returned #f
++++ frame_probe ID: 860 receives a frame at time 61.5718s ++++
++++ frame_probe ID: 1010 receives a frame at time 61.5804s ++++
generated random number is0.700467 and the threshold is 0.2. bad luck and try next time. 
the 1017th message counter data_frame_filtered has been visited 14 times  
 at 661.964 s
++++ frame_probe ID: 850 receives a frame at time 61.9824s ++++
INFO: Detected an invalid packet at item 1152
INFO: Parser returned #f
++++ frame_probe ID: 860 receives a frame at time 62.0232s ++++
++++ frame_probe ID: 1010 receives a frame at time 62.0317s ++++
generated random number is0.311261 and the threshold is 0.2. bad luck and try next time. 
the 1017th message counter data_frame_filtered has been visited 15 times  
 at 662.135 s
++++ frame_probe ID: 850 receives a frame at time 62.1527s ++++
INFO: Detected an invalid packet at item 1216
INFO: Parser returned #f
++++ frame_probe ID: 860 receives a frame at time 62.1934s ++++
++++ frame_probe ID: 1010 receives a frame at time 62.204s ++++
generated random number isthe 1018th message counter data_frame_not_filtered has been visited 5 times  
0.113472 and the threshold is 0.2. good luck. 
 at 662.315 s
++++ frame_probe ID: 850 receives a frame at time 62.333s ++++
INFO: Detected an invalid packet at item 1280
INFO: Parser returned #f
++++ frame_probe ID: 860 receives a frame at time 62.3736s ++++
++++ frame_probe ID: 1010 receives a frame at time 62.3771s ++++
generated random number is0.875232 and the threshold is 0.2. bad luck and try next time. 
the 1017th message counter data_frame_filtered has been visited 16 times  
Measurement 2/3 complete in 7 second(s).
 at 662.49 s
++++ frame_probe ID: 850 receives a frame at time 62.5083s ++++
INFO: Detected an invalid packet at item 1344
INFO: Parser returned #f
++++ frame_probe ID: 860 receives a frame at time 62.5488s ++++
++++ frame_probe ID: 1010 receives a frame at time 62.5595s ++++
generated random number isthe 1018th message counter data_frame_not_filtered has been visited 6 times  
0.108176 and the threshold is 0.2. good luck. 
 at 662.665 s
++++ frame_probe ID: 850 receives a frame at time 62.6833s ++++
INFO: Detected an invalid packet at item 1408
INFO: Parser returned #f
++++ frame_probe ID: 860 receives a frame at time 62.7239s ++++
++++ frame_probe ID: 1010 receives a frame at time 62.732s ++++
generated random number is0.303366 and the threshold is 0.2. bad luck and try next time. 
the 1017th message counter data_frame_filtered has been visited 17 times  
 at 662.95 s
++++ frame_probe ID: 850 receives a frame at time 62.9686s ++++
INFO: Detected an invalid packet at item 1472
INFO: Parser returned #f
++++ frame_probe ID: 860 receives a frame at time 63.0091s ++++
++++ frame_probe ID: 1010 receives a frame at time 63.0205s ++++
generated random number is0.432162 and the threshold is the 1017th message counter data_frame_filtered has been visited 18 times  
0.2. bad luck and try next time. 
 at 663.415 s
++++ frame_probe ID: 850 receives a frame at time 63.4336s ++++
INFO: Detected an invalid packet at item 1536
INFO: Parser returned #f
Measurement 2/3 complete in 6 second(s).
++++ frame_probe ID: 860 receives a frame at time 63.4741s ++++
++++ frame_probe ID: 1010 receives a frame at time 63.4806s ++++
generated random number is0.210994 and the threshold is 0.2. bad luck and try next time. 
the 1017th message counter data_frame_filtered has been visited 19 times  
 at 663.585 s
++++ frame_probe ID: 850 receives a frame at time 63.6036s ++++
INFO: Detected an invalid packet at item 1600
INFO: Parser returned #f
++++ frame_probe ID: 860 receives a frame at time 63.6442s ++++
++++ frame_probe ID: 1010 receives a frame at time 63.654s ++++
generated random number is0.548099 and the threshold is 0.2. bad luck and try next time. 
the 1017th message counter data_frame_filtered has been visited 20 times  
 at 663.766 s
++++ frame_probe ID: 850 receives a frame at time 63.784s ++++
INFO: Detected an invalid packet at item 1664
INFO: Parser returned #f
++++ frame_probe ID: 860 receives a frame at time 63.8247s ++++
++++ frame_probe ID: 1010 receives a frame at time 63.8363s ++++
generated random number is0.998885 and the threshold is 0.2the . bad luck and try next time. 
1017th message counter data_frame_filtered has been visited 21 times  
 at 663.967 s
++++ frame_probe ID: 850 receives a frame at time 63.9851s ++++
INFO: Detected an invalid packet at item 1728
INFO: Parser returned #f
++++ frame_probe ID: 860 receives a frame at time 64.0256s ++++
++++ frame_probe ID: 1010 receives a frame at time 64.0278s ++++
generated random number is0.810052 and the threshold is 0.2. bad luck and try next time. 
the 1017th message counter data_frame_filtered has been visited 22 times  
 at 664.207 s
++++ frame_probe ID: 850 receives a frame at time 64.2249s ++++
INFO: Detected an invalid packet at item 1792
INFO: Parser returned #f
++++ frame_probe ID: 860 receives a frame at time 64.2655s ++++
++++ frame_probe ID: 1010 receives a frame at time 64.2683s ++++
generated random number is0.713757 and the threshold is 0.2. bad luck and try next time. 
the 1017th message counter data_frame_filtered has been visited 23 times  
Measurement 2/3 complete in 5 second(s).
 at 664.483 s
++++ frame_probe ID: 850 receives a frame at time 64.5008s ++++
INFO: Detected an invalid packet at item 1856
INFO: Parser returned #f
++++ frame_probe ID: 860 receives a frame at time 64.5418s ++++
++++ frame_probe ID: 1010 receives a frame at time 64.547s ++++
generated random number is0.32026 and the threshold is 0.2the . bad luck and try next time. 
1017th message counter data_frame_filtered has been visited 24 times  
 at 664.893 s
++++ frame_probe ID: 850 receives a frame at time 64.9112s ++++
INFO: Detected an invalid packet at item 1920
INFO: Parser returned #f
++++ frame_probe ID: 860 receives a frame at time 64.9517s ++++
++++ frame_probe ID: 1010 receives a frame at time 64.9589s ++++
generated random number is0.684126 and the threshold is 0.2. bad luck and try next time. 
the 1017th message counter data_frame_filtered has been visited 25 times  
 at 665.063 s
++++ frame_probe ID: 850 receives a frame at time 65.0814s ++++
INFO: Detected an invalid packet at item 1984
INFO: Parser returned #f
++++ frame_probe ID: 860 receives a frame at time 65.1221s ++++
++++ frame_probe ID: 1010 receives a frame at time 65.1326s ++++
generated random number is0.710635 and the threshold is 0.2. bad luck and try next time. 
the 1017th message counter data_frame_filtered has been visited 26 times  
 at 665.248 s
++++ frame_probe ID: 850 receives a frame at time 65.2666s ++++
INFO: Detected an invalid packet at item 2048
INFO: Parser returned #f
++++ frame_probe ID: 860 receives a frame at time 65.3071s ++++
++++ frame_probe ID: 1010 receives a frame at time 65.3146s ++++
generated random number is0.321512 and the threshold is 0.2. bad luck and try next time. 
the 1017th message counter data_frame_filtered has been visited 27 times  
 at 665.429 s
++++ frame_probe ID: 850 receives a frame at time 65.4469s ++++
Measurement 2/3 complete in 4 second(s).
INFO: Detected an invalid packet at item 2112
INFO: Parser returned #f
++++ frame_probe ID: 860 receives a frame at time 65.4874s ++++
++++ frame_probe ID: 1010 receives a frame at time 65.497s ++++
generated random number isthe 0.0140015 and the threshold is 1018th message counter data_frame_not_filtered has been visited 7 times  0.2. good luck. 

 at 665.649 s
++++ frame_probe ID: 850 receives a frame at time 65.6673s ++++
INFO: Detected an invalid packet at item 2176
INFO: Parser returned #f
++++ frame_probe ID: 860 receives a frame at time 65.708s ++++
++++ frame_probe ID: 1010 receives a frame at time 65.7176s ++++
generated random number is0.855254 and the threshold is 0.2. bad luck and try next time. 
the 1017th message counter data_frame_filtered has been visited 28 times  
 at 665.83 s
++++ frame_probe ID: 850 receives a frame at time 65.8485s ++++
INFO: Detected an invalid packet at item 2240
INFO: Parser returned #f
++++ frame_probe ID: 860 receives a frame at time 65.8891s ++++
++++ frame_probe ID: 1010 receives a frame at time 65.9001s ++++
generated random number is0.234792 and the threshold is 0.2. bad luck and try next time. 
the 1017th message counter data_frame_filtered has been visited 29 times  
 at 666.101 s
++++ frame_probe ID: 850 receives a frame at time 66.1187s ++++
INFO: Detected an invalid packet at item 2304
INFO: Parser returned #f
++++ frame_probe ID: 860 receives a frame at time 66.1596s ++++
++++ frame_probe ID: 1010 receives a frame at time 66.1686s ++++
generated random number is0.800893 and the threshold is 0.2. bad luck and try next time. 
the 1017th message counter data_frame_filtered has been visited 30 times  
 at 666.276 s
++++ frame_probe ID: 850 receives a frame at time 66.2945s ++++
INFO: Detected an invalid packet at item 2368
INFO: Parser returned #f
++++ frame_probe ID: 860 receives a frame at time 66.3351s ++++
++++ frame_probe ID: 1010 receives a frame at time 66.3412s ++++
generated random number is0.964798 and the threshold is 0.2. bad luck and try next time. 
the 1017th message counter data_frame_filtered has been visited 31 times  
Measurement 2/3 complete in 3 second(s).
 at 666.457 s
++++ frame_probe ID: 850 receives a frame at time 66.475s ++++
INFO: Detected an invalid packet at item 2432
INFO: Parser returned #f
++++ frame_probe ID: 860 receives a frame at time 66.5157s ++++
++++ frame_probe ID: 1010 receives a frame at time 66.5236s ++++
generated random number is0.297041 and the threshold is 0.2. bad luck and try next time. 
the 1017th message counter data_frame_filtered has been visited 32 times  
 at 666.642 s
++++ frame_probe ID: 850 receives a frame at time 66.6603s ++++
INFO: Detected an invalid packet at item 2496
INFO: Parser returned #f
++++ frame_probe ID: 860 receives a frame at time 66.7009s ++++
++++ frame_probe ID: 1010 receives a frame at time 66.7059s ++++
generated random number isthe 0.0657417 and the threshold is 1018th message counter data_frame_not_filtered has been visited 0.28. good luck.  times 
 
 at 666.817 s
++++ frame_probe ID: 850 receives a frame at time 66.8356s ++++
INFO: Detected an invalid packet at item 2560
INFO: Parser returned #f
++++ frame_probe ID: 860 receives a frame at time 66.8762s ++++
++++ frame_probe ID: 1010 receives a frame at time 66.8783s ++++
generated random number is0.678034 and the threshold is the 1017th message counter data_frame_filtered has been visited 33 times  0.2
. bad luck and try next time. 
 at 666.993 s
++++ frame_probe ID: 850 receives a frame at time 67.0107s ++++
INFO: Detected an invalid packet at item 2624
INFO: Parser returned #f
++++ frame_probe ID: 860 receives a frame at time 67.0514s ++++
++++ frame_probe ID: 1010 receives a frame at time 67.0607s ++++
generated random number isthe 1018th message counter data_frame_not_filtered has been visited 9 times  
0.0065498 and the threshold is 0.2. good luck. 
 at 667.453 s
Measurement 2/3 complete in 2 second(s).
++++ frame_probe ID: 850 receives a frame at time 67.471s ++++
INFO: Detected an invalid packet at item 2688
INFO: Parser returned #f
++++ frame_probe ID: 860 receives a frame at time 67.512s ++++
++++ frame_probe ID: 1010 receives a frame at time 67.5221s ++++
generated random number is0.523144 and the threshold is 0.2. bad luck and try next time. 
the 1017th message counter data_frame_filtered has been visited 34 times  
 at 667.629 s
++++ frame_probe ID: 850 receives a frame at time 67.6474s ++++
INFO: Detected an invalid packet at item 2752
INFO: Parser returned #f
++++ frame_probe ID: 860 receives a frame at time 67.6881s ++++
++++ frame_probe ID: 1010 receives a frame at time 67.6943s ++++
generated random number is0.378398 and the threshold is 0.2. bad luck and try next time. 
the 1017th message counter data_frame_filtered has been visited 35 times  
 at 667.805 s
++++ frame_probe ID: 850 receives a frame at time 67.8228s ++++
INFO: Detected an invalid packet at item 2816
INFO: Parser returned #f
++++ frame_probe ID: 860 receives a frame at time 67.8635s ++++
++++ frame_probe ID: 1010 receives a frame at time 67.8667s ++++
generated random number is0.436486 and the threshold is 0.2. bad luck and try next time. 
the 1017th message counter data_frame_filtered has been visited 36 times  
 at 667.975 s
++++ frame_probe ID: 850 receives a frame at time 67.993s ++++
INFO: Detected an invalid packet at item 2880
INFO: Parser returned #f
++++ frame_probe ID: 860 receives a frame at time 68.0336s ++++
++++ frame_probe ID: 1010 receives a frame at time 68.0401s ++++
generated random number is0.77536 and the threshold is the 0.2. bad luck and try next time. 1017
th message counter data_frame_filtered has been visited 37 times  
 at 668.21 s
++++ frame_probe ID: 850 receives a frame at time 68.2282s ++++
INFO: Detected an invalid packet at item 2944
INFO: Parser returned #f
++++ frame_probe ID: 860 receives a frame at time 68.2691s ++++
++++ frame_probe ID: 1010 receives a frame at time 68.2796s ++++
generated random number isthe 1018th message counter data_frame_not_filtered has been visited 10 times  
0.009037 and the threshold is 0.2. good luck. 
Measurement 2/3 complete in 1 second(s).
 at 668.536 s
++++ frame_probe ID: 850 receives a frame at time 68.5539s ++++
INFO: Detected an invalid packet at item 3008
INFO: Parser returned #f
++++ frame_probe ID: 860 receives a frame at time 68.5945s ++++
++++ frame_probe ID: 1010 receives a frame at time 68.6062s ++++
generated random number is0.357914 and the threshold is 0.2. bad luck and try next time. 
the 1017th message counter data_frame_filtered has been visited 38 times  
 at 668.746 s
++++ frame_probe ID: 850 receives a frame at time 68.7639s ++++
INFO: Detected an invalid packet at item 3072
INFO: Parser returned #f
++++ frame_probe ID: 860 receives a frame at time 68.8044s ++++
++++ frame_probe ID: 1010 receives a frame at time 68.8077s ++++
generated random number is0.423656 and the threshold is 0.2. bad luck and try next time. 
the 1017th message counter data_frame_filtered has been visited 39 times  
 at 668.917 s
++++ frame_probe ID: 850 receives a frame at time 68.9347s ++++
INFO: Detected an invalid packet at item 3136
INFO: Parser returned #f
++++ frame_probe ID: 860 receives a frame at time 68.9754s ++++
++++ frame_probe ID: 1010 receives a frame at time 68.98s ++++
generated random number is0.83319 and the threshold is 0.2. bad luck and try next time. 
the 1017th message counter data_frame_filtered has been visited 40 times  
 at 669.092 s
++++ frame_probe ID: 850 receives a frame at time 69.1098s ++++
INFO: Detected an invalid packet at item 3200
INFO: Parser returned #f
++++ frame_probe ID: 860 receives a frame at time 69.1504s ++++
++++ frame_probe ID: 1010 receives a frame at time 69.1535s ++++
generated random number is0.215413 and the threshold is 0.2. bad luck and try next time. 
the 1017th message counter data_frame_filtered has been visited 41 times  
 at 669.273 s
++++ frame_probe ID: 850 receives a frame at time 69.2908s ++++
INFO: Detected an invalid packet at item 3264
INFO: Parser returned #f
++++ frame_probe ID: 860 receives a frame at time 69.3313s ++++
++++ frame_probe ID: 1010 receives a frame at time 69.3358s ++++
generated random number is0.816617 and the threshold is 0.2. bad luck and try next time. 
the 1017th message counter data_frame_filtered has been visited 42 times  
 at 669.458 s
Measurement 2 raw data directory created /home/inets/0_ba/bachelor_thesis/measurements/debug/data/38/2/.
'/home/inets/source/gr-inets/results/receiver_data_received.txt' -> '/home/inets/0_ba/bachelor_thesis/measurements/debug/data/38/2/receiver_data_received.txt'
'/home/inets/source/gr-inets/results/sender_bfr_dq.txt' -> '/home/inets/0_ba/bachelor_thesis/measurements/debug/data/38/2/sender_bfr_dq.txt'
'/home/inets/source/gr-inets/results/sender_data_sent.txt' -> '/home/inets/0_ba/bachelor_thesis/measurements/debug/data/38/2/sender_data_sent.txt'
Measurement 2 raw data moved to /home/inets/0_ba/bachelor_thesis/measurements/debug/data/38/2/.

Measurement 3/3 complete in 15 second(s).
linux; GNU C++ version 5.4.0 20160609; Boost_105800; UHD_003.009.005-45-g6768a615

linux; GNU C++ version 5.4.0 20160609; Boost_105800; UHD_003.009.005-45-g6768a615

Measurement 3/3 complete in 14 second(s).
Using Volk machine: avx_64_mmx
-- Opening a USRP2/N-Series device...
Using Volk machine: avx_64_mmx
-- Opening a USRP2/N-Series device...
-- Current recv frame size: 1472 bytes
-- Current recv frame size: 1472 bytes
-- Current send frame size: 1472 bytes
-- Current send frame size: 1472 bytes
Measurement 3/3 complete in 13 second(s).
develop_mode of random_filter ID: 1015 is activated.
the 880th message counter is activated.
the 885th message counter is activated.
the 100th message counter is activated.
the 1017th message counter is activated.
the 1018th message counter is activated.
the 1080th message counter is activated.
the 100th message counter is activated.
Measurement 3/3 complete in 12 second(s).
node starts running at 72.6526
node starts running at 72.6543
++++ frame_probe ID: 850 receives a frame at time 72.695s ++++
INFO: Detected an invalid packet at item 0
INFO: Parser returned #f
++++ frame_probe ID: 860 receives a frame at time 72.7395s ++++
++++ frame_probe ID: 1010 receives a frame at time 72.7472s ++++
generated random number is0.257068 and the threshold is 0.2. bad luck and try next time. 
the 1017th message counter data_frame_filtered has been visited 1 times  
 at 672.856 s
++++ frame_probe ID: 850 receives a frame at time 72.874s ++++
INFO: Detected an invalid packet at item 64
INFO: Parser returned #f
++++ frame_probe ID: 860 receives a frame at time 72.9146s ++++
++++ frame_probe ID: 1010 receives a frame at time 72.9204s ++++
generated random number is0.426111 and the threshold is 0.2. bad luck and try next time. 
the 1017th message counter data_frame_filtered has been visited 2 times  
 at 673.026 s
++++ frame_probe ID: 850 receives a frame at time 73.0444s ++++
INFO: Detected an invalid packet at item 128
INFO: Parser returned #f
++++ frame_probe ID: 860 receives a frame at time 73.085s ++++
++++ frame_probe ID: 1010 receives a frame at time 73.0929s ++++
generated random number is0.674262 and the threshold is 0.2. bad luck and try next time. 
the 1017th message counter data_frame_filtered has been visited 3 times  
 at 673.222 s
++++ frame_probe ID: 850 receives a frame at time 73.2397s ++++
INFO: Detected an invalid packet at item 192
INFO: Parser returned #f
++++ frame_probe ID: 860 receives a frame at time 73.2803s ++++
++++ frame_probe ID: 1010 receives a frame at time 73.2853s ++++
generated random number is0.89588 and the threshold is 0.2. bad luck and try next time. 
the 1017th message counter data_frame_filtered has been visited 4 times  
 at 673.448 s
++++ frame_probe ID: 850 receives a frame at time 73.4658s ++++
INFO: Detected an invalid packet at item 256
INFO: Parser returned #f
Measurement 3/3 complete in 11 second(s).
++++ frame_probe ID: 860 receives a frame at time 73.5064s ++++
++++ frame_probe ID: 1010 receives a frame at time 73.5148s ++++
generated random number is0.270715 and the threshold is 0.2. bad luck and try next time. 
the 1017th message counter data_frame_filtered has been visited 5 times  
 at 673.658 s
++++ frame_probe ID: 850 receives a frame at time 73.6762s ++++
INFO: Detected an invalid packet at item 320
INFO: Parser returned #f
++++ frame_probe ID: 860 receives a frame at time 73.7168s ++++
++++ frame_probe ID: 1010 receives a frame at time 73.7261s ++++
generated random number is0.550364 and the threshold is the 0.2. bad luck and try next time. 
1017th message counter data_frame_filtered has been visited 6 times  
 at 674.033 s
++++ frame_probe ID: 850 receives a frame at time 74.0516s ++++
INFO: Detected an invalid packet at item 384
INFO: Parser returned #f
++++ frame_probe ID: 860 receives a frame at time 74.0922s ++++
++++ frame_probe ID: 1010 receives a frame at time 74.1009s ++++
generated random number is0.212198 and the threshold is 0.2. bad luck and try next time. 
the 1017th message counter data_frame_filtered has been visited 7 times  
 at 674.204 s
++++ frame_probe ID: 850 receives a frame at time 74.2219s ++++
INFO: Detected an invalid packet at item 448
INFO: Parser returned #f
++++ frame_probe ID: 860 receives a frame at time 74.2626s ++++
++++ frame_probe ID: 1010 receives a frame at time 74.2733s ++++
generated random number isthe 1018th message counter data_frame_not_filtered has been visited 1 times  
0.0378542 and the threshold is 0.2. good luck. 
 at 674.379 s
++++ frame_probe ID: 850 receives a frame at time 74.3972s ++++
INFO: Detected an invalid packet at item 512
INFO: Parser returned #f
++++ frame_probe ID: 860 receives a frame at time 74.4381s ++++
++++ frame_probe ID: 1010 receives a frame at time 74.4467s ++++
generated random number is0.805953 and the threshold is 0.2. bad luck and try next time. 
the 1017th message counter data_frame_filtered has been visited 8 times  
Measurement 3/3 complete in 10 second(s).
 at 674.559 s
++++ frame_probe ID: 850 receives a frame at time 74.5775s ++++
INFO: Detected an invalid packet at item 576
INFO: Parser returned #f
++++ frame_probe ID: 860 receives a frame at time 74.618s ++++
++++ frame_probe ID: 1010 receives a frame at time 74.6292s ++++
generated random number isthe 0.06302111018th message counter data_frame_not_filtered and the threshold is  has been visited 2 times  
0.2. good luck. 
 at 674.764 s
++++ frame_probe ID: 850 receives a frame at time 74.7823s ++++
INFO: Detected an invalid packet at item 640
INFO: Parser returned #f
++++ frame_probe ID: 860 receives a frame at time 74.8229s ++++
++++ frame_probe ID: 1010 receives a frame at time 74.8307s ++++
generated random number is0.489132 and the threshold is 0.2. bad luck and try next time. 
the 1017th message counter data_frame_filtered has been visited 9 times  
 at 675.07 s
++++ frame_probe ID: 850 receives a frame at time 75.0878s ++++
INFO: Detected an invalid packet at item 704
INFO: Parser returned #f
++++ frame_probe ID: 860 receives a frame at time 75.1284s ++++
++++ frame_probe ID: 1010 receives a frame at time 75.1375s ++++
generated random number is0.437115 and the threshold is 0.2. bad luck and try next time. 
the 1017th message counter data_frame_filtered has been visited 10 times  
 at 675.415 s
++++ frame_probe ID: 850 receives a frame at time 75.4329s ++++
INFO: Detected an invalid packet at item 768
INFO: Parser returned #f
++++ frame_probe ID: 860 receives a frame at time 75.4736s ++++
++++ frame_probe ID: 1010 receives a frame at time 75.4831s ++++
generated random number is0.58793 and the threshold is 0.2. bad luck and try next time. 
the 1017th message counter data_frame_filtered has been visited 11 times  
Measurement 3/3 complete in 9 second(s).
 at 675.585 s
++++ frame_probe ID: 850 receives a frame at time 75.6032s ++++
INFO: Detected an invalid packet at item 832
INFO: Parser returned #f
++++ frame_probe ID: 860 receives a frame at time 75.6437s ++++
++++ frame_probe ID: 1010 receives a frame at time 75.6464s ++++
generated random number isthe 1018th message counter data_frame_not_filtered has been visited 3 times  
0.000756454 and the threshold is 0.2. good luck. 
 at 675.755 s
++++ frame_probe ID: 850 receives a frame at time 75.7732s ++++
INFO: Detected an invalid packet at item 896
INFO: Parser returned #f
++++ frame_probe ID: 860 receives a frame at time 75.8138s ++++
++++ frame_probe ID: 1010 receives a frame at time 75.8188s ++++
generated random number is0.396638 and the threshold is 0.2. bad luck and try next time. 
the 1017th message counter data_frame_filtered has been visited 12 times  
 at 675.946 s
++++ frame_probe ID: 850 receives a frame at time 75.9637s ++++
INFO: Detected an invalid packet at item 960
INFO: Parser returned #f
++++ frame_probe ID: 860 receives a frame at time 76.0046s ++++
++++ frame_probe ID: 1010 receives a frame at time 76.0114s ++++
generated random number is0.270071 and the threshold is 0.2. bad luck and try next time. the 
1017th message counter data_frame_filtered has been visited 13 times  
 at 676.146 s
++++ frame_probe ID: 850 receives a frame at time 76.1642s ++++
INFO: Detected an invalid packet at item 1024
INFO: Parser returned #f
++++ frame_probe ID: 860 receives a frame at time 76.2049s ++++
++++ frame_probe ID: 1010 receives a frame at time 76.2128s ++++
generated random number isthe 1018th message counter data_frame_not_filtered has been visited 4 times  
0.0821105 and the threshold is 0.2. good luck. 
 at 676.371 s
++++ frame_probe ID: 850 receives a frame at time 76.3893s ++++
INFO: Detected an invalid packet at item 1088
INFO: Parser returned #f
++++ frame_probe ID: 860 receives a frame at time 76.4299s ++++
++++ frame_probe ID: 1010 receives a frame at time 76.4333s ++++
generated random number is0.600681 and the threshold is 0.2. bad luck and try next time. 
the 1017th message counter data_frame_filtered has been visited 14 times  
Measurement 3/3 complete in 8 second(s).
 at 676.797 s
++++ frame_probe ID: 850 receives a frame at time 76.8153s ++++
INFO: Detected an invalid packet at item 1152
INFO: Parser returned #f
++++ frame_probe ID: 860 receives a frame at time 76.8561s ++++
++++ frame_probe ID: 1010 receives a frame at time 76.8654s ++++
generated random number is0.296396 and the threshold is the 10170.2th message counter . bad luck and try next time. data_frame_filtered has been visited 15 times  

 at 676.973 s
++++ frame_probe ID: 850 receives a frame at time 76.991s ++++
INFO: Detected an invalid packet at item 1216
INFO: Parser returned #f
++++ frame_probe ID: 860 receives a frame at time 77.0318s ++++
++++ frame_probe ID: 1010 receives a frame at time 77.0387s ++++
generated random number is0.463334 and the threshold is the 0.2. bad luck and try next time. 
1017th message counter data_frame_filtered has been visited 16 times  
 at 677.143 s
++++ frame_probe ID: 850 receives a frame at time 77.1616s ++++
INFO: Detected an invalid packet at item 1280
INFO: Parser returned #f
++++ frame_probe ID: 860 receives a frame at time 77.2026s ++++
++++ frame_probe ID: 1010 receives a frame at time 77.211s ++++
generated random number is0.665498 and the threshold is 0.2. bad luck and try next time. 
the 1017th message counter data_frame_filtered has been visited 17 times  
 at 677.339 s
++++ frame_probe ID: 850 receives a frame at time 77.3575s ++++
INFO: Detected an invalid packet at item 1344
INFO: Parser returned #f
++++ frame_probe ID: 860 receives a frame at time 77.3981s ++++
++++ frame_probe ID: 1010 receives a frame at time 77.4035s ++++
generated random number isthe 1018th message counter data_frame_not_filtered has been visited 5 times  
0.07323 and the threshold is 0.2. good luck. 
Measurement 3/3 complete in 7 second(s).
 at 677.585 s
++++ frame_probe ID: 850 receives a frame at time 77.6033s ++++
INFO: Detected an invalid packet at item 1408
INFO: Parser returned #f
++++ frame_probe ID: 860 receives a frame at time 77.644s ++++
++++ frame_probe ID: 1010 receives a frame at time 77.653s ++++
generated random number is0.945479 and the threshold is 0.2. bad luck and try next time. 
the 1017th message counter data_frame_filtered has been visited 18 times  
 at 677.76 s
++++ frame_probe ID: 850 receives a frame at time 77.7785s ++++
INFO: Detected an invalid packet at item 1472
INFO: Parser returned #f
++++ frame_probe ID: 860 receives a frame at time 77.8191s ++++
++++ frame_probe ID: 1010 receives a frame at time 77.8254s ++++
generated random number is0.946235 and the threshold is 0.2. bad luck and try next time. 
the 1017th message counter data_frame_filtered has been visited 19 times  
 at 677.94 s
++++ frame_probe ID: 850 receives a frame at time 77.9586s ++++
INFO: Detected an invalid packet at item 1536
INFO: Parser returned #f
++++ frame_probe ID: 860 receives a frame at time 77.9992s ++++
++++ frame_probe ID: 1010 receives a frame at time 78.0077s ++++
generated random number is0.723824 and the threshold is 0.2. bad luck and try next time. 
the 1017th message counter data_frame_filtered has been visited 20 times  
 at 678.115 s
++++ frame_probe ID: 850 receives a frame at time 78.1336s ++++
INFO: Detected an invalid packet at item 1600
INFO: Parser returned #f
++++ frame_probe ID: 860 receives a frame at time 78.1742s ++++
++++ frame_probe ID: 1010 receives a frame at time 78.1803s ++++
generated random number is0.940186 and the threshold is 0.2. bad luck and try next time. 
the 1017th message counter data_frame_filtered has been visited 21 times  
 at 678.291 s
++++ frame_probe ID: 850 receives a frame at time 78.3087s ++++
INFO: Detected an invalid packet at item 1664
INFO: Parser returned #f
++++ frame_probe ID: 860 receives a frame at time 78.3492s ++++
++++ frame_probe ID: 1010 receives a frame at time 78.3526s ++++
generated random number is0.691811the 1017th message counter data_frame_filtered has been visited 22 times  
 and the threshold is 0.2. bad luck and try next time. 
 at 678.46 s
++++ frame_probe ID: 850 receives a frame at time 78.4786s ++++
INFO: Detected an invalid packet at item 1728
INFO: Parser returned #f
Measurement 3/3 complete in 6 second(s).
++++ frame_probe ID: 860 receives a frame at time 78.5192s ++++
++++ frame_probe ID: 1010 receives a frame at time 78.525s ++++
the generated random number is1018th message counter data_frame_not_filtered has been visited 6 times  
0.103359 and the threshold is 0.2. good luck. 
 at 678.696 s
++++ frame_probe ID: 850 receives a frame at time 78.7145s ++++
INFO: Detected an invalid packet at item 1792
INFO: Parser returned #f
++++ frame_probe ID: 860 receives a frame at time 78.755s ++++
++++ frame_probe ID: 1010 receives a frame at time 78.7655s ++++
generated random number is0.819758 and the threshold is 0.2. bad luck and try next time. 
the 1017th message counter data_frame_filtered has been visited 23 times  
 at 678.912 s
++++ frame_probe ID: 850 receives a frame at time 78.9297s ++++
INFO: Detected an invalid packet at item 1856
INFO: Parser returned #f
++++ frame_probe ID: 860 receives a frame at time 78.9703s ++++
++++ frame_probe ID: 1010 receives a frame at time 78.976s ++++
generated random number isthe 1018th message counter data_frame_not_filtered has been visited 7 times  
0.0980322 and the threshold is 0.2. good luck. 
 at 679.382 s
++++ frame_probe ID: 850 receives a frame at time 79.4s ++++
INFO: Detected an invalid packet at item 1920
INFO: Parser returned #f
++++ frame_probe ID: 860 receives a frame at time 79.4406s ++++
++++ frame_probe ID: 1010 receives a frame at time 79.4463s ++++
generated random number is0.47268 and the threshold is 0.2. bad luck and try next time. 
the 1017th message counter data_frame_filtered has been visited 24 times  
Measurement 3/3 complete in 5 second(s).
 at 679.557 s
++++ frame_probe ID: 850 receives a frame at time 79.5751s ++++
INFO: Detected an invalid packet at item 1984
INFO: Parser returned #f
++++ frame_probe ID: 860 receives a frame at time 79.6158s ++++
++++ frame_probe ID: 1010 receives a frame at time 79.6195s ++++
generated random number isthe 1018th message counter data_frame_not_filtered has been visited 8 times  
0.0714321 and the threshold is 0.2. good luck. 
 at 679.742 s
++++ frame_probe ID: 850 receives a frame at time 79.7605s ++++
INFO: Detected an invalid packet at item 2048
INFO: Parser returned #f
++++ frame_probe ID: 860 receives a frame at time 79.8011s ++++
++++ frame_probe ID: 1010 receives a frame at time 79.811s ++++
generated random number is0.392772 and the threshold is 0.2. bad luck and try next time. 
the 1017th message counter data_frame_filtered has been visited 25 times  
 at 679.938 s
++++ frame_probe ID: 850 receives a frame at time 79.9559s ++++
INFO: Detected an invalid packet at item 2112
INFO: Parser returned #f
++++ frame_probe ID: 860 receives a frame at time 79.9965s ++++
++++ frame_probe ID: 1010 receives a frame at time 80.0034s ++++
generated random number is0.924997 and the threshold is 0.2. bad luck and try next time. 
the 1017th message counter data_frame_filtered has been visited 26 times  
 at 680.153 s
++++ frame_probe ID: 850 receives a frame at time 80.171s ++++
INFO: Detected an invalid packet at item 2176
INFO: Parser returned #f
++++ frame_probe ID: 860 receives a frame at time 80.2116s ++++
++++ frame_probe ID: 1010 receives a frame at time 80.2148s ++++
generated random number is0.983978 and the threshold is 0.2. bad luck and try next time. 
the 1017th message counter data_frame_filtered has been visited 27 times  
 at 680.398 s
++++ frame_probe ID: 850 receives a frame at time 80.4162s ++++
INFO: Detected an invalid packet at item 2240
INFO: Parser returned #f
++++ frame_probe ID: 860 receives a frame at time 80.4568s ++++
++++ frame_probe ID: 1010 receives a frame at time 80.4644s ++++
generated random number isthe 1017th message counter data_frame_filtered has been visited 28 times  
0.228753 and the threshold is 0.2. bad luck and try next time. 
Measurement 3/3 complete in 4 second(s).
 at 680.638 s
++++ frame_probe ID: 850 receives a frame at time 80.6564s ++++
INFO: Detected an invalid packet at item 2304
INFO: Parser returned #f
++++ frame_probe ID: 860 receives a frame at time 80.6974s ++++
++++ frame_probe ID: 1010 receives a frame at time 80.7043s ++++
generated random number is0.228941 and the threshold is 0.2. bad luck and try next time. 
the 1017th message counter data_frame_filtered has been visited 29 times  
 at 680.814 s
++++ frame_probe ID: 850 receives a frame at time 80.8325s ++++
INFO: Detected an invalid packet at item 2368
INFO: Parser returned #f
++++ frame_probe ID: 860 receives a frame at time 80.8731s ++++
++++ frame_probe ID: 1010 receives a frame at time 80.8774s ++++
generated random number is0.815437 and the threshold is 0.2. bad luck and try next time. the 
1017th message counter data_frame_filtered has been visited 30 times  
 at 680.984 s
++++ frame_probe ID: 850 receives a frame at time 81.0026s ++++
INFO: Detected an invalid packet at item 2432
INFO: Parser returned #f
++++ frame_probe ID: 860 receives a frame at time 81.0433s ++++
++++ frame_probe ID: 1010 receives a frame at time 81.0489s ++++
generated random number is0.401985 and the threshold is 0.2the . bad luck and try next time. 1017
th message counter data_frame_filtered has been visited 31 times  
 at 681.165 s
++++ frame_probe ID: 850 receives a frame at time 81.1828s ++++
INFO: Detected an invalid packet at item 2496
INFO: Parser returned #f
++++ frame_probe ID: 860 receives a frame at time 81.2236s ++++
++++ frame_probe ID: 1010 receives a frame at time 81.2314s ++++
generated random number is0.204244 and the threshold is 0.2. bad luck and try next time. 
the 1017th message counter data_frame_filtered has been visited 32 times  
 at 681.41 s
++++ frame_probe ID: 850 receives a frame at time 81.4281s ++++
INFO: Detected an invalid packet at item 2560
INFO: Parser returned #f
++++ frame_probe ID: 860 receives a frame at time 81.4687s ++++
++++ frame_probe ID: 1010 receives a frame at time 81.4717s ++++
generated random number isthe 1018th message counter data_frame_not_filtered has been visited 9 times  
0.0133573 and the threshold is 0.2. good luck. 
Measurement 3/3 complete in 3 second(s).
 at 681.605 s
++++ frame_probe ID: 850 receives a frame at time 81.6233s ++++
INFO: Detected an invalid packet at item 2624
INFO: Parser returned #f
++++ frame_probe ID: 860 receives a frame at time 81.6639s ++++
++++ frame_probe ID: 1010 receives a frame at time 81.6733s ++++
generated random number isthe 1018th message counter data_frame_not_filtered has been visited 10 times  
0.0348535 and the threshold is 0.2. good luck. 
 at 681.9 s
++++ frame_probe ID: 850 receives a frame at time 81.9184s ++++
INFO: Detected an invalid packet at item 2688
INFO: Parser returned #f
++++ frame_probe ID: 860 receives a frame at time 81.959s ++++
++++ frame_probe ID: 1010 receives a frame at time 81.9708s ++++
generated random number isthe 1018th message counter data_frame_not_filtered has been visited 11 times  
0.0965125 and the threshold is 0.2. good luck. 
 at 682.07 s
++++ frame_probe ID: 850 receives a frame at time 82.0885s ++++
INFO: Detected an invalid packet at item 2752
INFO: Parser returned #f
++++ frame_probe ID: 860 receives a frame at time 82.1292s ++++
++++ frame_probe ID: 1010 receives a frame at time 82.1342s ++++
generated random number is0.856299 and the threshold is 0.2. bad luck and try next time. 
the 1017th message counter data_frame_filtered has been visited 33 times  
 at 682.256 s
++++ frame_probe ID: 850 receives a frame at time 82.2738s ++++
INFO: Detected an invalid packet at item 2816
INFO: Parser returned #f
++++ frame_probe ID: 860 receives a frame at time 82.3144s ++++
++++ frame_probe ID: 1010 receives a frame at time 82.3258s ++++
generated random number is0.183084 and the threshold is the 0.21018. good luck. th message counter 
data_frame_not_filtered has been visited 12 times  
 at 682.462 s
++++ frame_probe ID: 850 receives a frame at time 82.4798s ++++
INFO: Detected an invalid packet at item 2880
INFO: Parser returned #f
Measurement 3/3 complete in 2 second(s).
++++ frame_probe ID: 860 receives a frame at time 82.5205s ++++
++++ frame_probe ID: 1010 receives a frame at time 82.5271s ++++
generated random number is0.461104 and the threshold is 0.2. bad luck and try next time. 
the 1017th message counter data_frame_filtered has been visited 34 times  
 at 682.667 s
++++ frame_probe ID: 850 receives a frame at time 82.6853s ++++
INFO: Detected an invalid packet at item 2944
INFO: Parser returned #f
++++ frame_probe ID: 860 receives a frame at time 82.7259s ++++
++++ frame_probe ID: 1010 receives a frame at time 82.7297s ++++
generated random number is0.312185 and the threshold is 0.2. bad luck and try next time. the 
1017th message counter data_frame_filtered has been visited 35 times  
 at 682.893 s
++++ frame_probe ID: 850 receives a frame at time 82.9113s ++++
INFO: Detected an invalid packet at item 3008
INFO: Parser returned #f
++++ frame_probe ID: 860 receives a frame at time 82.952s ++++
++++ frame_probe ID: 1010 receives a frame at time 82.9592s ++++
generated random number is0.47322 and the threshold is the 0.21017. bad luck and try next time. th message counter data_frame_filtered has been visited 36 times  

 at 683.184 s
++++ frame_probe ID: 850 receives a frame at time 83.2018s ++++
INFO: Detected an invalid packet at item 3072
INFO: Parser returned #f
++++ frame_probe ID: 860 receives a frame at time 83.2423s ++++
++++ frame_probe ID: 1010 receives a frame at time 83.2477s ++++
generated random number is0.666512 and the threshold is 0.2. bad luck and try next time. 
the 1017th message counter data_frame_filtered has been visited 37 times  
 at 683.354 s
++++ frame_probe ID: 850 receives a frame at time 83.3719s ++++
INFO: Detected an invalid packet at item 3136
INFO: Parser returned #f
++++ frame_probe ID: 860 receives a frame at time 83.4125s ++++
++++ frame_probe ID: 1010 receives a frame at time 83.4201s ++++
generated random number is0.539704 and the threshold is the 0.2. bad luck and try next time. 1017th message counter 
data_frame_filtered has been visited 38 times  
Measurement 3/3 complete in 1 second(s).
 at 683.529 s
++++ frame_probe ID: 850 receives a frame at time 83.5474s ++++
INFO: Detected an invalid packet at item 3200
INFO: Parser returned #f
++++ frame_probe ID: 860 receives a frame at time 83.588s ++++
++++ frame_probe ID: 1010 receives a frame at time 83.5935s ++++
generated random number is0.805669 and the threshold is 0.2. bad luck and try next time. 
the 1017th message counter data_frame_filtered has been visited 39 times  
 at 683.715 s
++++ frame_probe ID: 850 receives a frame at time 83.7327s ++++
INFO: Detected an invalid packet at item 3264
INFO: Parser returned #f
++++ frame_probe ID: 860 receives a frame at time 83.7734s ++++
++++ frame_probe ID: 1010 receives a frame at time 83.7852s ++++
generated random number is0.258366 and the threshold is the 1017th message counter data_frame_filtered has been visited 40 times  
0.2. bad luck and try next time. 
 at 683.885 s
++++ frame_probe ID: 850 receives a frame at time 83.903s ++++
INFO: Detected an invalid packet at item 3328
INFO: Parser returned #f
++++ frame_probe ID: 860 receives a frame at time 83.9438s ++++
++++ frame_probe ID: 1010 receives a frame at time 83.9484s ++++
generated random number is0.321103 and the threshold is the 0.2. bad luck and try next time. 1017th message counter 
data_frame_filtered has been visited 41 times  
 at 684.205 s
++++ frame_probe ID: 850 receives a frame at time 84.2236s ++++
INFO: Detected an invalid packet at item 3392
INFO: Parser returned #f
++++ frame_probe ID: 860 receives a frame at time 84.2641s ++++
++++ frame_probe ID: 1010 receives a frame at time 84.2751s ++++
generated random number is0.948649 and the threshold is 0.2. bad luck and try next time. 
the 1017th message counter data_frame_filtered has been visited 42 times  
 at 684.481 s
++++ frame_probe ID: 850 receives a frame at time 84.4992s ++++
INFO: Detected an invalid packet at item 3456
INFO: Parser returned #f
Measurement 3 raw data directory created /home/inets/0_ba/bachelor_thesis/measurements/debug/data/38/3/.
'/home/inets/source/gr-inets/results/receiver_data_received.txt' -> '/home/inets/0_ba/bachelor_thesis/measurements/debug/data/38/3/receiver_data_received.txt'
'/home/inets/source/gr-inets/results/sender_bfr_dq.txt' -> '/home/inets/0_ba/bachelor_thesis/measurements/debug/data/38/3/sender_bfr_dq.txt'
'/home/inets/source/gr-inets/results/sender_data_sent.txt' -> '/home/inets/0_ba/bachelor_thesis/measurements/debug/data/38/3/sender_data_sent.txt'
Measurement 3 raw data moved to /home/inets/0_ba/bachelor_thesis/measurements/debug/data/38/3/.

Now processing results...
Plotting Python should be: python3 (UBUNTU).
Hello from throughput.py!
Hello from variables.py!
[ 54000.  52000.  54000.]
Hello from myplot.py!
I will print a pdf for you now!
Hello from myplot.py!
I will print a cdf for you now!
<a list of 1 Patch objects>
Hello from myplot.py!
I will print a boxplot for you now!
Hello from myplot.py!
I will print a bar for you now!
Hello from rtt.py!
Hello from variables.py!
Hello from retransmissions.py!
Hello from variables.py!
File /home/inets/0_ba/bachelor_thesis/measurements/debug/data/38/1/sender_retransmissions.txt not found. Assuming not reached in GR.
File /home/inets/0_ba/bachelor_thesis/measurements/debug/data/38/1/sender_max_retransmissions.txt not found. Assuming not reached in GR.
File /home/inets/0_ba/bachelor_thesis/measurements/debug/data/38/1/receiver_retransmissions.txt not found. Assuming not reached in GR.
File /home/inets/0_ba/bachelor_thesis/measurements/debug/data/38/1/receiver_max_retransmissions.txt not found. Assuming not reached in GR.
File /home/inets/0_ba/bachelor_thesis/measurements/debug/data/38/2/sender_retransmissions.txt not found. Assuming not reached in GR.
File /home/inets/0_ba/bachelor_thesis/measurements/debug/data/38/2/sender_max_retransmissions.txt not found. Assuming not reached in GR.
File /home/inets/0_ba/bachelor_thesis/measurements/debug/data/38/2/receiver_retransmissions.txt not found. Assuming not reached in GR.
File /home/inets/0_ba/bachelor_thesis/measurements/debug/data/38/2/receiver_max_retransmissions.txt not found. Assuming not reached in GR.
File /home/inets/0_ba/bachelor_thesis/measurements/debug/data/38/3/sender_retransmissions.txt not found. Assuming not reached in GR.
File /home/inets/0_ba/bachelor_thesis/measurements/debug/data/38/3/sender_max_retransmissions.txt not found. Assuming not reached in GR.
File /home/inets/0_ba/bachelor_thesis/measurements/debug/data/38/3/receiver_retransmissions.txt not found. Assuming not reached in GR.
File /home/inets/0_ba/bachelor_thesis/measurements/debug/data/38/3/receiver_max_retransmissions.txt not found. Assuming not reached in GR.
0.0
0.0
0.0
Hello from myplot.py!
I will print a pdf for you now!
0.0
0.0
0.0
Hello from myplot.py!
I will print a pdf for you now!
0.0
0.0
0.0
Hello from myplot.py!
I will print a pdf for you now!
0.0
0.0
0.0
Hello from myplot.py!
I will print a pdf for you now!
0.0
0.0
0.0
Hello from myplot.py!
I will print a cdf for you now!
<a list of 1 Patch objects>
0.0
0.0
0.0
Hello from myplot.py!
I will print a cdf for you now!
<a list of 1 Patch objects>
0.0
0.0
0.0
Hello from myplot.py!
I will print a cdf for you now!
<a list of 1 Patch objects>
0.0
0.0
0.0
Hello from myplot.py!
I will print a cdf for you now!
<a list of 1 Patch objects>
0.0
0.0
0.0
Hello from myplot.py!
I will print a boxplot for you now!
0.0
0.0
0.0
Hello from myplot.py!
I will print a boxplot for you now!
0.0
0.0
0.0
Hello from myplot.py!
I will print a boxplot for you now!
0.0
0.0
0.0
Hello from myplot.py!
I will print a boxplot for you now!
0.0
0.0
0.0
Hello from myplot.py!
I will print a bar for you now!
0.0
0.0
0.0
Hello from myplot.py!
I will print a bar for you now!
0.0
0.0
0.0
Hello from myplot.py!
I will print a bar for you now!
0.0
0.0
0.0
Hello from myplot.py!
I will print a bar for you now!

+--------------------------------------------------------------+
| Plotting completed. Until the next measurement session then! |
+--------------------------------------------------------------+
