Measurement 1/4 complete in 5 second(s).
linux; GNU C++ version 5.4.0 20160609; Boost_105800; UHD_003.009.005-45-g6768a615
linux; GNU C++ version 5.4.0 20160609; Boost_105800; UHD_003.009.005-45-g6768a615


Using Volk machine: avx_64_mmx
-- Opening a USRP2/N-Series device...
Using Volk machine: avx_64_mmx
-- Opening a USRP2/N-Series device...
-- Current recv frame size: 1472 bytes
-- Current send frame size: 1472 bytes
-- Current recv frame size: 1472 bytes
-- Current send frame size: 1472 bytes
Measurement 1/4 complete in 4 second(s).
the 100th message counter is activated.
the 100th message counter is activated.
Measurement 1/4 complete in 3 second(s).
node starts running at 74.9983
node starts running at 75.0093
++++ frame_probe ID: 850 receives a frame at time 75.0261s ++++
INFO: Detected an invalid packet at item 0
INFO: Parser returned #f
++++ frame_probe ID: 860 receives a frame at time 75.0668s ++++
++++ frame_probe ID: 1010 receives a frame at time 75.0753s ++++
++++ frame_probe ID: 890 receives a frame at time 75.0938s ++++
the 100th message counter  has been visited 1 times  
++++ frame_probe ID: 850 receives a frame at time 75.1901s ++++
INFO: Detected an invalid packet at item 96
INFO: Parser returned #f
++++ frame_probe ID: 860 receives a frame at time 75.2307s ++++
++++ frame_probe ID: 1010 receives a frame at time 75.2386s ++++
++++ frame_probe ID: 890 receives a frame at time 75.257s ++++
the 100th message counter  has been visited 2 times  
++++ frame_probe ID: 850 receives a frame at time 75.3744s ++++
INFO: Detected an invalid packet at item 192
INFO: Parser returned #f
++++ frame_probe ID: 860 receives a frame at time 75.4149s ++++
++++ frame_probe ID: 1010 receives a frame at time 75.421s ++++
++++ frame_probe ID: 890 receives a frame at time 75.4395s ++++
the 100th message counter  has been visited 3 times  
++++ frame_probe ID: 850 receives a frame at time 75.532s ++++
INFO: Detected an invalid packet at item 288
INFO: Parser returned #f
++++ frame_probe ID: 860 receives a frame at time 75.5727s ++++
++++ frame_probe ID: 1010 receives a frame at time 75.5844s ++++
++++ frame_probe ID: 890 receives a frame at time 75.602s ++++
the 100th message counter  has been visited 4 times  
++++ frame_probe ID: 850 receives a frame at time 75.6733s ++++
Measurement 1/4 complete in 2 second(s).
INFO: Detected an invalid packet at item 384
INFO: Parser returned #f
++++ frame_probe ID: 860 receives a frame at time 75.7139s ++++
++++ frame_probe ID: 1010 receives a frame at time 75.7187s ++++
++++ frame_probe ID: 890 receives a frame at time 75.7372s ++++
the 100th message counter  has been visited 5 times  
++++ frame_probe ID: 850 receives a frame at time 75.8265s ++++
INFO: Detected an invalid packet at item 480
INFO: Parser returned #f
++++ frame_probe ID: 860 receives a frame at time 75.867s ++++
++++ frame_probe ID: 1010 receives a frame at time 75.8721s ++++
++++ frame_probe ID: 890 receives a frame at time 75.8905s ++++
the 100th message counter  has been visited 6 times  
++++ frame_probe ID: 850 receives a frame at time 75.9758s ++++
INFO: Detected an invalid packet at item 576
INFO: Parser returned #f
++++ frame_probe ID: 860 receives a frame at time 76.0165s ++++
++++ frame_probe ID: 1010 receives a frame at time 76.0254s ++++
++++ frame_probe ID: 890 receives a frame at time 76.0438s ++++
the 100th message counter  has been visited 7 times  
++++ frame_probe ID: 850 receives a frame at time 76.1402s ++++
INFO: Detected an invalid packet at item 672
INFO: Parser returned #f
++++ frame_probe ID: 860 receives a frame at time 76.1808s ++++
++++ frame_probe ID: 1010 receives a frame at time 76.1887s ++++
++++ frame_probe ID: 890 receives a frame at time 76.2073s ++++
the 100th message counter  has been visited 8 times  
++++ frame_probe ID: 850 receives a frame at time 76.3035s ++++
INFO: Detected an invalid packet at item 768
INFO: Parser returned #f
++++ frame_probe ID: 860 receives a frame at time 76.3441s ++++
++++ frame_probe ID: 1010 receives a frame at time 76.3521s ++++
++++ frame_probe ID: 890 receives a frame at time 76.3706s ++++
the 100th message counter  has been visited 9 times  
++++ frame_probe ID: 850 receives a frame at time 76.4799s ++++
INFO: Detected an invalid packet at item 864
INFO: Parser returned #f
++++ frame_probe ID: 860 receives a frame at time 76.5206s ++++
++++ frame_probe ID: 1010 receives a frame at time 76.5245s ++++
++++ frame_probe ID: 890 receives a frame at time 76.543s ++++
the 100th message counter  has been visited 10 times  
++++ frame_probe ID: 850 receives a frame at time 76.6173s ++++
INFO: Detected an invalid packet at item 960
INFO: Parser returned #f
++++ frame_probe ID: 860 receives a frame at time 76.6578s ++++
++++ frame_probe ID: 1010 receives a frame at time 76.6688s ++++
Measurement 1/4 complete in 1 second(s).
++++ frame_probe ID: 890 receives a frame at time 76.6864s ++++
the 100th message counter  has been visited 11 times  
++++ frame_probe ID: 850 receives a frame at time 76.7937s ++++
INFO: Detected an invalid packet at item 1056
INFO: Parser returned #f
++++ frame_probe ID: 860 receives a frame at time 76.8342s ++++
++++ frame_probe ID: 1010 receives a frame at time 76.8413s ++++
++++ frame_probe ID: 890 receives a frame at time 76.8597s ++++
the 100th message counter  has been visited 12 times  
++++ frame_probe ID: 850 receives a frame at time 76.975s ++++
INFO: Detected an invalid packet at item 1152
INFO: Parser returned #f
++++ frame_probe ID: 860 receives a frame at time 77.0155s ++++
++++ frame_probe ID: 1010 receives a frame at time 77.0237s ++++
++++ frame_probe ID: 890 receives a frame at time 77.0421s ++++
the 100th message counter  has been visited 13 times  
++++ frame_probe ID: 850 receives a frame at time 77.1494s ++++
INFO: Detected an invalid packet at item 1248
INFO: Parser returned #f
++++ frame_probe ID: 860 receives a frame at time 77.1899s ++++
++++ frame_probe ID: 1010 receives a frame at time 77.197s ++++
++++ frame_probe ID: 890 receives a frame at time 77.2146s ++++
the 100th message counter  has been visited 14 times  
++++ frame_probe ID: 850 receives a frame at time 77.3058s ++++
INFO: Detected an invalid packet at item 1344
INFO: Parser returned #f
++++ frame_probe ID: 860 receives a frame at time 77.3464s ++++
++++ frame_probe ID: 1010 receives a frame at time 77.3503s ++++
++++ frame_probe ID: 890 receives a frame at time 77.3679s ++++
the 100th message counter  has been visited 15 times  
++++ frame_probe ID: 850 receives a frame at time 77.4511s ++++
INFO: Detected an invalid packet at item 1440
INFO: Parser returned #f
++++ frame_probe ID: 860 receives a frame at time 77.4917s ++++
++++ frame_probe ID: 1010 receives a frame at time 77.4947s ++++
++++ frame_probe ID: 890 receives a frame at time 77.5122s ++++
the 100th message counter  has been visited 16 times  
++++ frame_probe ID: 850 receives a frame at time 77.5955s ++++
INFO: Detected an invalid packet at item 1536
INFO: Parser returned #f
++++ frame_probe ID: 860 receives a frame at time 77.6361s ++++
++++ frame_probe ID: 1010 receives a frame at time 77.638s ++++
++++ frame_probe ID: 890 receives a frame at time 77.6565s ++++
Measurement 1 raw data directory created /home/inets/0_ba/bachelor_thesis/measurements/debug/data/5/1/.
'/home/inets/source/gr-inets/results/receiver_data_received.txt' -> '/home/inets/0_ba/bachelor_thesis/measurements/debug/data/5/1/receiver_data_received.txt'
'/home/inets/source/gr-inets/results/sender_ack_received.txt' -> '/home/inets/0_ba/bachelor_thesis/measurements/debug/data/5/1/sender_ack_received.txt'
'/home/inets/source/gr-inets/results/sender_bfr_dq.txt' -> '/home/inets/0_ba/bachelor_thesis/measurements/debug/data/5/1/sender_bfr_dq.txt'
'/home/inets/source/gr-inets/results/sender_data_sent.txt' -> '/home/inets/0_ba/bachelor_thesis/measurements/debug/data/5/1/sender_data_sent.txt'
Measurement 1 raw data moved to /home/inets/0_ba/bachelor_thesis/measurements/debug/data/5/1/.

Measurement 2/4 complete in 5 second(s).
linux; GNU C++ version 5.4.0 20160609; Boost_105800; UHD_003.009.005-45-g6768a615
linux; GNU C++ version 5.4.0 20160609; Boost_105800; UHD_003.009.005-45-g6768a615


Using Volk machine: avx_64_mmx
-- Opening a USRP2/N-Series device...
Using Volk machine: avx_64_mmx
-- Opening a USRP2/N-Series device...
-- Current recv frame size: 1472 bytes
-- Current recv frame size: 1472 bytes
-- Current send frame size: 1472 bytes
-- Current send frame size: 1472 bytes
Measurement 2/4 complete in 4 second(s).
the 100th message counter is activated.
the 100th message counter is activated.
Measurement 2/4 complete in 3 second(s).
node starts running at 79.99
node starts running at 79.9949
++++ frame_probe ID: 850 receives a frame at time 80.0426s ++++
INFO: Detected an invalid packet at item 0
INFO: Parser returned #f
++++ frame_probe ID: 860 receives a frame at time 80.0833s ++++
++++ frame_probe ID: 1010 receives a frame at time 80.089s ++++
++++ frame_probe ID: 890 receives a frame at time 80.1072s ++++
the 100th message counter  has been visited 1 times  
++++ frame_probe ID: 850 receives a frame at time 80.3823s ++++
INFO: Detected an invalid packet at item 96
INFO: Parser returned #f
++++ frame_probe ID: 860 receives a frame at time 80.4228s ++++
++++ frame_probe ID: 1010 receives a frame at time 80.4347s ++++
++++ frame_probe ID: 890 receives a frame at time 80.4529s ++++
the 100th message counter  has been visited 2 times  
++++ frame_probe ID: 850 receives a frame at time 80.643s ++++
INFO: Detected an invalid packet at item 192
INFO: Parser returned #f
Measurement 2/4 complete in 2 second(s).
++++ frame_probe ID: 860 receives a frame at time 80.6836s ++++
++++ frame_probe ID: 1010 receives a frame at time 80.6942s ++++
++++ frame_probe ID: 890 receives a frame at time 80.7126s ++++
the 100th message counter  has been visited 3 times  
++++ frame_probe ID: 850 receives a frame at time 80.804s ++++
INFO: Detected an invalid packet at item 288
INFO: Parser returned #f
++++ frame_probe ID: 860 receives a frame at time 80.8445s ++++
++++ frame_probe ID: 1010 receives a frame at time 80.8476s ++++
++++ frame_probe ID: 890 receives a frame at time 80.8658s ++++
the 100th message counter  has been visited 4 times  
++++ frame_probe ID: 850 receives a frame at time 80.959s ++++
INFO: Detected an invalid packet at item 384
INFO: Parser returned #f
++++ frame_probe ID: 860 receives a frame at time 80.9995s ++++
++++ frame_probe ID: 1010 receives a frame at time 81.011s ++++
++++ frame_probe ID: 890 receives a frame at time 81.0291s ++++
the 100th message counter  has been visited 5 times  
++++ frame_probe ID: 850 receives a frame at time 81.1244s ++++
INFO: Detected an invalid packet at item 480
INFO: Parser returned #f
++++ frame_probe ID: 860 receives a frame at time 81.1651s ++++
++++ frame_probe ID: 1010 receives a frame at time 81.1743s ++++
++++ frame_probe ID: 890 receives a frame at time 81.1925s ++++
the 100th message counter  has been visited 6 times  
++++ frame_probe ID: 850 receives a frame at time 81.2658s ++++
INFO: Detected an invalid packet at item 576
INFO: Parser returned #f
++++ frame_probe ID: 860 receives a frame at time 81.3064s ++++
++++ frame_probe ID: 1010 receives a frame at time 81.3177s ++++
++++ frame_probe ID: 890 receives a frame at time 81.3359s ++++
the 100th message counter  has been visited 7 times  
++++ frame_probe ID: 850 receives a frame at time 81.4381s ++++
INFO: Detected an invalid packet at item 672
INFO: Parser returned #f
++++ frame_probe ID: 860 receives a frame at time 81.4787s ++++
++++ frame_probe ID: 1010 receives a frame at time 81.4811s ++++
++++ frame_probe ID: 890 receives a frame at time 81.4992s ++++
the 100th message counter  has been visited 8 times  
++++ frame_probe ID: 850 receives a frame at time 81.5816s ++++
INFO: Detected an invalid packet at item 768
INFO: Parser returned #f
++++ frame_probe ID: 860 receives a frame at time 81.6221s ++++
++++ frame_probe ID: 1010 receives a frame at time 81.6253s ++++
++++ frame_probe ID: 890 receives a frame at time 81.6435s ++++
Measurement 2/4 complete in 1 second(s).
the 100th message counter  has been visited 9 times  
++++ frame_probe ID: 850 receives a frame at time 81.7277s ++++
INFO: Detected an invalid packet at item 864
INFO: Parser returned #f
++++ frame_probe ID: 860 receives a frame at time 81.7684s ++++
++++ frame_probe ID: 1010 receives a frame at time 81.7787s ++++
++++ frame_probe ID: 890 receives a frame at time 81.7969s ++++
the 100th message counter  has been visited 10 times  
++++ frame_probe ID: 850 receives a frame at time 81.8852s ++++
INFO: Detected an invalid packet at item 960
INFO: Parser returned #f
++++ frame_probe ID: 860 receives a frame at time 81.9257s ++++
++++ frame_probe ID: 1010 receives a frame at time 81.932s ++++
++++ frame_probe ID: 890 receives a frame at time 81.9503s ++++
the 100th message counter  has been visited 11 times  
++++ frame_probe ID: 850 receives a frame at time 82.0336s ++++
INFO: Detected an invalid packet at item 1056
INFO: Parser returned #f
++++ frame_probe ID: 860 receives a frame at time 82.0742s ++++
++++ frame_probe ID: 1010 receives a frame at time 82.0864s ++++
++++ frame_probe ID: 890 receives a frame at time 82.1045s ++++
the 100th message counter  has been visited 12 times  
++++ frame_probe ID: 850 receives a frame at time 82.1918s ++++
INFO: Detected an invalid packet at item 1152
INFO: Parser returned #f
++++ frame_probe ID: 860 receives a frame at time 82.2323s ++++
++++ frame_probe ID: 1010 receives a frame at time 82.2397s ++++
++++ frame_probe ID: 890 receives a frame at time 82.2579s ++++
the 100th message counter  has been visited 13 times  
++++ frame_probe ID: 850 receives a frame at time 82.3642s ++++
INFO: Detected an invalid packet at item 1248
INFO: Parser returned #f
++++ frame_probe ID: 860 receives a frame at time 82.4048s ++++
++++ frame_probe ID: 1010 receives a frame at time 82.4121s ++++
++++ frame_probe ID: 890 receives a frame at time 82.4303s ++++
the 100th message counter  has been visited 14 times  
++++ frame_probe ID: 850 receives a frame at time 82.5257s ++++
INFO: Detected an invalid packet at item 1344
INFO: Parser returned #f
++++ frame_probe ID: 860 receives a frame at time 82.5662s ++++
++++ frame_probe ID: 1010 receives a frame at time 82.5755s ++++
++++ frame_probe ID: 890 receives a frame at time 82.5937s ++++
the 100th message counter  has been visited 15 times  
++++ frame_probe ID: 850 receives a frame at time 82.6669s ++++
INFO: Detected an invalid packet at item 1440
INFO: Parser returned #f
Measurement 2 raw data directory created /home/inets/0_ba/bachelor_thesis/measurements/debug/data/5/2/.
'/home/inets/source/gr-inets/results/receiver_data_received.txt' -> '/home/inets/0_ba/bachelor_thesis/measurements/debug/data/5/2/receiver_data_received.txt'
'/home/inets/source/gr-inets/results/sender_ack_received.txt' -> '/home/inets/0_ba/bachelor_thesis/measurements/debug/data/5/2/sender_ack_received.txt'
'/home/inets/source/gr-inets/results/sender_bfr_dq.txt' -> '/home/inets/0_ba/bachelor_thesis/measurements/debug/data/5/2/sender_bfr_dq.txt'
'/home/inets/source/gr-inets/results/sender_data_sent.txt' -> '/home/inets/0_ba/bachelor_thesis/measurements/debug/data/5/2/sender_data_sent.txt'
Measurement 2 raw data moved to /home/inets/0_ba/bachelor_thesis/measurements/debug/data/5/2/.

Measurement 3/4 complete in 5 second(s).
linux; GNU C++ version 5.4.0 20160609; Boost_105800; UHD_003.009.005-45-g6768a615
linux; GNU C++ version 5.4.0 20160609; Boost_105800; UHD_003.009.005-45-g6768a615


Using Volk machine: avx_64_mmx
-- Opening a USRP2/N-Series device...
Using Volk machine: avx_64_mmx
-- Opening a USRP2/N-Series device...
-- Current recv frame size: 1472 bytes
-- Current send frame size: 1472 bytes
-- Current recv frame size: 1472 bytes
-- Current send frame size: 1472 bytes
Measurement 3/4 complete in 4 second(s).
the 100th message counter is activated.
the 100th message counter is activated.
Measurement 3/4 complete in 3 second(s).
node starts running at 85.0094
node starts running at 85.0147
++++ frame_probe ID: 850 receives a frame at time 85.0486s ++++
INFO: Detected an invalid packet at item 0
INFO: Parser returned #f
++++ frame_probe ID: 860 receives a frame at time 85.0892s ++++
++++ frame_probe ID: 1010 receives a frame at time 85.0986s ++++
++++ frame_probe ID: 890 receives a frame at time 85.1177s ++++
the 100th message counter  has been visited 1 times  
++++ frame_probe ID: 850 receives a frame at time 85.5699s ++++
INFO: Detected an invalid packet at item 96
INFO: Parser returned #f
++++ frame_probe ID: 860 receives a frame at time 85.6105s ++++
++++ frame_probe ID: 1010 receives a frame at time 85.6167s ++++
++++ frame_probe ID: 890 receives a frame at time 85.6358s ++++
Measurement 3/4 complete in 2 second(s).
the 100th message counter  has been visited 2 times  
++++ frame_probe ID: 850 receives a frame at time 85.7171s ++++
INFO: Detected an invalid packet at item 192
INFO: Parser returned #f
++++ frame_probe ID: 860 receives a frame at time 85.7577s ++++
++++ frame_probe ID: 1010 receives a frame at time 85.7609s ++++
++++ frame_probe ID: 890 receives a frame at time 85.7802s ++++
the 100th message counter  has been visited 3 times  
++++ frame_probe ID: 850 receives a frame at time 85.8864s ++++
INFO: Detected an invalid packet at item 288
INFO: Parser returned #f
++++ frame_probe ID: 860 receives a frame at time 85.9271s ++++
++++ frame_probe ID: 1010 receives a frame at time 85.9343s ++++
++++ frame_probe ID: 890 receives a frame at time 85.9526s ++++
the 100th message counter  has been visited 4 times  
++++ frame_probe ID: 850 receives a frame at time 86.0328s ++++
INFO: Detected an invalid packet at item 384
INFO: Parser returned #f
++++ frame_probe ID: 860 receives a frame at time 86.0734s ++++
++++ frame_probe ID: 1010 receives a frame at time 86.0777s ++++
++++ frame_probe ID: 890 receives a frame at time 86.0959s ++++
the 100th message counter  has been visited 5 times  
++++ frame_probe ID: 850 receives a frame at time 86.2123s ++++
INFO: Detected an invalid packet at item 480
INFO: Parser returned #f
++++ frame_probe ID: 860 receives a frame at time 86.2529s ++++
++++ frame_probe ID: 1010 receives a frame at time 86.2601s ++++
++++ frame_probe ID: 890 receives a frame at time 86.2783s ++++
the 100th message counter  has been visited 6 times  
++++ frame_probe ID: 850 receives a frame at time 86.3956s ++++
INFO: Detected an invalid packet at item 576
INFO: Parser returned #f
++++ frame_probe ID: 860 receives a frame at time 86.4362s ++++
++++ frame_probe ID: 1010 receives a frame at time 86.4425s ++++
++++ frame_probe ID: 890 receives a frame at time 86.4608s ++++
the 100th message counter  has been visited 7 times  
++++ frame_probe ID: 850 receives a frame at time 86.553s ++++
INFO: Detected an invalid packet at item 672
INFO: Parser returned #f
++++ frame_probe ID: 860 receives a frame at time 86.5936s ++++
++++ frame_probe ID: 1010 receives a frame at time 86.5968s ++++
++++ frame_probe ID: 890 receives a frame at time 86.6238s ++++
Measurement 3/4 complete in 1 second(s).
the 100th message counter  has been visited 8 times  
++++ frame_probe ID: 850 receives a frame at time 86.7311s ++++
INFO: Detected an invalid packet at item 768
INFO: Parser returned #f
++++ frame_probe ID: 860 receives a frame at time 86.7717s ++++
++++ frame_probe ID: 1010 receives a frame at time 86.7783s ++++
++++ frame_probe ID: 890 receives a frame at time 86.7965s ++++
the 100th message counter  has been visited 9 times  
++++ frame_probe ID: 850 receives a frame at time 86.8688s ++++
INFO: Detected an invalid packet at item 864
INFO: Parser returned #f
++++ frame_probe ID: 860 receives a frame at time 86.9093s ++++
++++ frame_probe ID: 1010 receives a frame at time 86.9134s ++++
++++ frame_probe ID: 890 receives a frame at time 86.9405s ++++
the 100th message counter  has been visited 10 times  
++++ frame_probe ID: 850 receives a frame at time 87.0128s ++++
INFO: Detected an invalid packet at item 960
INFO: Parser returned #f
++++ frame_probe ID: 860 receives a frame at time 87.0533s ++++
++++ frame_probe ID: 1010 receives a frame at time 87.0569s ++++
++++ frame_probe ID: 890 receives a frame at time 87.0752s ++++
the 100th message counter  has been visited 11 times  
++++ frame_probe ID: 850 receives a frame at time 87.1794s ++++
INFO: Detected an invalid packet at item 1056
INFO: Parser returned #f
++++ frame_probe ID: 860 receives a frame at time 87.22s ++++
++++ frame_probe ID: 1010 receives a frame at time 87.2302s ++++
++++ frame_probe ID: 890 receives a frame at time 87.2572s ++++
the 100th message counter  has been visited 12 times  
++++ frame_probe ID: 850 receives a frame at time 87.3685s ++++
INFO: Detected an invalid packet at item 1152
INFO: Parser returned #f
++++ frame_probe ID: 860 receives a frame at time 87.4091s ++++
++++ frame_probe ID: 1010 receives a frame at time 87.4126s ++++
++++ frame_probe ID: 890 receives a frame at time 87.4397s ++++
the 100th message counter  has been visited 13 times  
++++ frame_probe ID: 850 receives a frame at time 87.5249s ++++
INFO: Detected an invalid packet at item 1248
INFO: Parser returned #f
++++ frame_probe ID: 860 receives a frame at time 87.5655s ++++
++++ frame_probe ID: 1010 receives a frame at time 87.5759s ++++
++++ frame_probe ID: 890 receives a frame at time 87.603s ++++
the 100th message counter  has been visited 14 times  
++++ frame_probe ID: 850 receives a frame at time 87.6903s ++++
Measurement 3 raw data directory created /home/inets/0_ba/bachelor_thesis/measurements/debug/data/5/3/.
'/home/inets/source/gr-inets/results/receiver_data_received.txt' -> '/home/inets/0_ba/bachelor_thesis/measurements/debug/data/5/3/receiver_data_received.txt'
'/home/inets/source/gr-inets/results/sender_ack_received.txt' -> '/home/inets/0_ba/bachelor_thesis/measurements/debug/data/5/3/sender_ack_received.txt'
'/home/inets/source/gr-inets/results/sender_bfr_dq.txt' -> '/home/inets/0_ba/bachelor_thesis/measurements/debug/data/5/3/sender_bfr_dq.txt'
'/home/inets/source/gr-inets/results/sender_data_sent.txt' -> '/home/inets/0_ba/bachelor_thesis/measurements/debug/data/5/3/sender_data_sent.txt'
Measurement 3 raw data moved to /home/inets/0_ba/bachelor_thesis/measurements/debug/data/5/3/.

Measurement 4/4 complete in 5 second(s).
linux; GNU C++ version 5.4.0 20160609; Boost_105800; UHD_003.009.005-45-g6768a615
linux; GNU C++ version 5.4.0 20160609; Boost_105800; UHD_003.009.005-45-g6768a615


Using Volk machine: avx_64_mmx
-- Opening a USRP2/N-Series device...
Using Volk machine: avx_64_mmx
-- Opening a USRP2/N-Series device...
-- Current recv frame size: 1472 bytes
-- Current send frame size: 1472 bytes
-- Current recv frame size: 1472 bytes
-- Current send frame size: 1472 bytes
Measurement 4/4 complete in 4 second(s).
the 100th message counter is activated.
the 100th message counter is activated.
Measurement 4/4 complete in 3 second(s).
node starts running at 90.019
node starts running at 90.0203
++++ frame_probe ID: 850 receives a frame at time 90.2273s ++++
++++ frame_probe ID: 860 receives a frame at time 90.268s ++++
++++ frame_probe ID: 1010 receives a frame at time 90.2791s ++++
++++ frame_probe ID: 890 receives a frame at time 90.3056s ++++
the 100th message counter  has been visited 1 times  
++++ frame_probe ID: 850 receives a frame at time 90.4894s ++++
INFO: Detected an invalid packet at item 64
INFO: Parser returned #f
++++ frame_probe ID: 860 receives a frame at time 90.53s ++++
++++ frame_probe ID: 1010 receives a frame at time 90.5377s ++++
++++ frame_probe ID: 890 receives a frame at time 90.5642s ++++
the 100th message counter  has been visited 2 times  
++++ frame_probe ID: 850 receives a frame at time 90.6584s ++++
INFO: Detected an invalid packet at item 160
INFO: Parser returned #f
Measurement 4/4 complete in 2 second(s).
++++ frame_probe ID: 860 receives a frame at time 90.699s ++++
++++ frame_probe ID: 1010 receives a frame at time 90.7111s ++++
++++ frame_probe ID: 890 receives a frame at time 90.7376s ++++
the 100th message counter  has been visited 3 times  
++++ frame_probe ID: 850 receives a frame at time 90.8519s ++++
INFO: Detected an invalid packet at item 256
INFO: Parser returned #f
++++ frame_probe ID: 860 receives a frame at time 90.8924s ++++
++++ frame_probe ID: 1010 receives a frame at time 90.9025s ++++
++++ frame_probe ID: 890 receives a frame at time 90.929s ++++
the 100th message counter  has been visited 4 times  
++++ frame_probe ID: 850 receives a frame at time 91.0103s ++++
INFO: Detected an invalid packet at item 352
INFO: Parser returned #f
++++ frame_probe ID: 860 receives a frame at time 91.0509s ++++
++++ frame_probe ID: 1010 receives a frame at time 91.0567s ++++
++++ frame_probe ID: 890 receives a frame at time 91.0827s ++++
the 100th message counter  has been visited 5 times  
++++ frame_probe ID: 850 receives a frame at time 91.184s ++++
INFO: Detected an invalid packet at item 448
INFO: Parser returned #f
++++ frame_probe ID: 860 receives a frame at time 91.2245s ++++
++++ frame_probe ID: 1010 receives a frame at time 91.2292s ++++
++++ frame_probe ID: 890 receives a frame at time 91.2551s ++++
the 100th message counter  has been visited 6 times  
++++ frame_probe ID: 850 receives a frame at time 91.3364s ++++
INFO: Detected an invalid packet at item 544
INFO: Parser returned #f
++++ frame_probe ID: 860 receives a frame at time 91.377s ++++
++++ frame_probe ID: 1010 receives a frame at time 91.3826s ++++
++++ frame_probe ID: 890 receives a frame at time 91.4085s ++++
the 100th message counter  has been visited 7 times  
++++ frame_probe ID: 850 receives a frame at time 91.5138s ++++
INFO: Detected an invalid packet at item 640
INFO: Parser returned #f
++++ frame_probe ID: 860 receives a frame at time 91.5543s ++++
++++ frame_probe ID: 1010 receives a frame at time 91.565s ++++
++++ frame_probe ID: 890 receives a frame at time 91.5909s ++++
the 100th message counter  has been visited 8 times  
++++ frame_probe ID: 850 receives a frame at time 91.6861s ++++
INFO: Detected an invalid packet at item 736
INFO: Parser returned #f
Measurement 4/4 complete in 1 second(s).
++++ frame_probe ID: 860 receives a frame at time 91.7267s ++++
++++ frame_probe ID: 1010 receives a frame at time 91.7383s ++++
++++ frame_probe ID: 890 receives a frame at time 91.7633s ++++
the 100th message counter  has been visited 9 times  
++++ frame_probe ID: 850 receives a frame at time 91.8616s ++++
INFO: Detected an invalid packet at item 832
INFO: Parser returned #f
++++ frame_probe ID: 860 receives a frame at time 91.9021s ++++
++++ frame_probe ID: 1010 receives a frame at time 91.9108s ++++
++++ frame_probe ID: 890 receives a frame at time 91.9366s ++++
the 100th message counter  has been visited 10 times  
++++ frame_probe ID: 850 receives a frame at time 92.0129s ++++
INFO: Detected an invalid packet at item 928
INFO: Parser returned #f
++++ frame_probe ID: 860 receives a frame at time 92.0534s ++++
++++ frame_probe ID: 1010 receives a frame at time 92.0641s ++++
++++ frame_probe ID: 890 receives a frame at time 92.0901s ++++
the 100th message counter  has been visited 11 times  
++++ frame_probe ID: 850 receives a frame at time 92.1593s ++++
INFO: Detected an invalid packet at item 1024
INFO: Parser returned #f
++++ frame_probe ID: 860 receives a frame at time 92.1998s ++++
++++ frame_probe ID: 1010 receives a frame at time 92.2084s ++++
++++ frame_probe ID: 890 receives a frame at time 92.2344s ++++
the 100th message counter  has been visited 12 times  
++++ frame_probe ID: 850 receives a frame at time 92.3516s ++++
INFO: Detected an invalid packet at item 1120
INFO: Parser returned #f
++++ frame_probe ID: 860 receives a frame at time 92.3924s ++++
++++ frame_probe ID: 1010 receives a frame at time 92.3999s ++++
++++ frame_probe ID: 890 receives a frame at time 92.4258s ++++
the 100th message counter  has been visited 13 times  
++++ frame_probe ID: 850 receives a frame at time 92.5191s ++++
INFO: Detected an invalid packet at item 1216
INFO: Parser returned #f
++++ frame_probe ID: 860 receives a frame at time 92.5596s ++++
++++ frame_probe ID: 1010 receives a frame at time 92.5632s ++++
++++ frame_probe ID: 890 receives a frame at time 92.5892s ++++
the 100th message counter  has been visited 14 times  
++++ frame_probe ID: 850 receives a frame at time 92.6654s ++++
INFO: Detected an invalid packet at item 1312
INFO: Parser returned #f
Measurement 4 raw data directory created /home/inets/0_ba/bachelor_thesis/measurements/debug/data/5/4/.
'/home/inets/source/gr-inets/results/receiver_data_received.txt' -> '/home/inets/0_ba/bachelor_thesis/measurements/debug/data/5/4/receiver_data_received.txt'
'/home/inets/source/gr-inets/results/sender_ack_received.txt' -> '/home/inets/0_ba/bachelor_thesis/measurements/debug/data/5/4/sender_ack_received.txt'
'/home/inets/source/gr-inets/results/sender_bfr_dq.txt' -> '/home/inets/0_ba/bachelor_thesis/measurements/debug/data/5/4/sender_bfr_dq.txt'
'/home/inets/source/gr-inets/results/sender_data_sent.txt' -> '/home/inets/0_ba/bachelor_thesis/measurements/debug/data/5/4/sender_data_sent.txt'
Measurement 4 raw data moved to /home/inets/0_ba/bachelor_thesis/measurements/debug/data/5/4/.

Now processing results...
Plotting Python should be: python3 (UBUNTU).
Hello from throughput.py!
Hello from variables.py!
[ 17000.  15000.  14000.  14000.]
Hello from myplot.py!
I will print a pdf for you now!
Hello from myplot.py!
I will print a cdf for you now!
<a list of 1 Patch objects>
Hello from myplot.py!
I will print a boxplot for you now!
Hello from myplot.py!
I will print a bar for you now!
Hello from rtt.py!
Hello from variables.py!

The resulting mean RTT of this single measurement is:
0.06557000000000002



The resulting mean RTT of this single measurement is:
0.06688133333333333



The resulting mean RTT of this single measurement is:
0.06827928571428572



The resulting mean RTT of this single measurement is:
0.07507571428571429


[ 0.06557     0.06688133  0.06827929  0.07507571]
Hello from myplot.py!
I will print a pdf for you now!
Hello from myplot.py!
I will print a cdf for you now!
<a list of 1 Patch objects>
Hello from myplot.py!
I will print a boxplot for you now!
Hello from myplot.py!
I will print a bar for you now!

+--------------------------------------------------------------+
| Plotting completed. Until the next measurement session then! |
+--------------------------------------------------------------+
