Measurement 1/4 complete in 5 second(s).
linux; GNU C++ version 5.4.0 20160609; Boost_105800; UHD_003.009.005-45-g6768a615
linux; GNU C++ version 5.4.0 20160609; Boost_105800; UHD_003.009.005-45-g6768a615


Using Volk machine: avx_64_mmx
-- Opening a USRP2/N-Series device...
Using Volk machine: avx_64_mmx
-- Opening a USRP2/N-Series device...
-- Current recv frame size: 1472 bytes
-- Current send frame size: 1472 bytes
-- Current recv frame size: 1472 bytes
-- Current send frame size: 1472 bytes
Measurement 1/4 complete in 4 second(s).
the 100th message counter is activated.
the 100th message counter is activated.
Measurement 1/4 complete in 3 second(s).
node starts running at 47.9195
node starts running at 47.9263
++++ frame_probe ID: 850 receives a frame at time 47.9587s ++++
INFO: Detected an invalid packet at item 0
INFO: Parser returned #f
++++ frame_probe ID: 860 receives a frame at time 47.9999s ++++
++++ frame_probe ID: 1010 receives a frame at time 48.0088s ++++
++++ frame_probe ID: 890 receives a frame at time 48.0356s ++++
the 100th message counter  has been visited 1 times  
++++ frame_probe ID: 850 receives a frame at time 48.1428s ++++
INFO: Detected an invalid packet at item 96
INFO: Parser returned #f
++++ frame_probe ID: 860 receives a frame at time 48.1838s ++++
++++ frame_probe ID: 1010 receives a frame at time 48.1911s ++++
++++ frame_probe ID: 890 receives a frame at time 48.2175s ++++
the 100th message counter  has been visited 2 times  
++++ frame_probe ID: 850 receives a frame at time 48.3219s ++++
INFO: Detected an invalid packet at item 192
INFO: Parser returned #f
++++ frame_probe ID: 860 receives a frame at time 48.3629s ++++
++++ frame_probe ID: 1010 receives a frame at time 48.3737s ++++
++++ frame_probe ID: 890 receives a frame at time 48.3999s ++++
the 100th message counter  has been visited 3 times  
++++ frame_probe ID: 850 receives a frame at time 48.4923s ++++
Measurement 1/4 complete in 2 second(s).
INFO: Detected an invalid packet at item 288
INFO: Parser returned #f
++++ frame_probe ID: 860 receives a frame at time 48.5336s ++++
++++ frame_probe ID: 1010 receives a frame at time 48.5368s ++++
++++ frame_probe ID: 890 receives a frame at time 48.5634s ++++
the 100th message counter  has been visited 4 times  
++++ frame_probe ID: 850 receives a frame at time 48.6568s ++++
INFO: Detected an invalid packet at item 384
INFO: Parser returned #f
++++ frame_probe ID: 860 receives a frame at time 48.6977s ++++
++++ frame_probe ID: 1010 receives a frame at time 48.7094s ++++
++++ frame_probe ID: 890 receives a frame at time 48.7368s ++++
the 100th message counter  has been visited 5 times  
++++ frame_probe ID: 850 receives a frame at time 48.8442s ++++
INFO: Detected an invalid packet at item 480
INFO: Parser returned #f
++++ frame_probe ID: 860 receives a frame at time 48.8852s ++++
++++ frame_probe ID: 1010 receives a frame at time 48.8918s ++++
++++ frame_probe ID: 890 receives a frame at time 48.9184s ++++
the 100th message counter  has been visited 6 times  
++++ frame_probe ID: 850 receives a frame at time 48.9888s ++++
INFO: Detected an invalid packet at item 576
INFO: Parser returned #f
++++ frame_probe ID: 860 receives a frame at time 49.0296s ++++
++++ frame_probe ID: 1010 receives a frame at time 49.0362s ++++
++++ frame_probe ID: 890 receives a frame at time 49.0626s ++++
the 100th message counter  has been visited 7 times  
++++ frame_probe ID: 850 receives a frame at time 49.1319s ++++
INFO: Detected an invalid packet at item 672
INFO: Parser returned #f
++++ frame_probe ID: 860 receives a frame at time 49.1728s ++++
++++ frame_probe ID: 1010 receives a frame at time 49.1793s ++++
++++ frame_probe ID: 890 receives a frame at time 49.2058s ++++
the 100th message counter  has been visited 8 times  
++++ frame_probe ID: 850 receives a frame at time 49.2881s ++++
INFO: Detected an invalid packet at item 768
INFO: Parser returned #f
++++ frame_probe ID: 860 receives a frame at time 49.3289s ++++
++++ frame_probe ID: 1010 receives a frame at time 49.3328s ++++
++++ frame_probe ID: 890 receives a frame at time 49.3601s ++++
the 100th message counter  has been visited 9 times  
++++ frame_probe ID: 850 receives a frame at time 49.4765s ++++
INFO: Detected an invalid packet at item 864
INFO: Parser returned #f
Measurement 1/4 complete in 1 second(s).
++++ frame_probe ID: 860 receives a frame at time 49.5177s ++++
++++ frame_probe ID: 1010 receives a frame at time 49.5252s ++++
++++ frame_probe ID: 890 receives a frame at time 49.5517s ++++
the 100th message counter  has been visited 10 times  
++++ frame_probe ID: 850 receives a frame at time 49.6472s ++++
INFO: Detected an invalid packet at item 960
INFO: Parser returned #f
++++ frame_probe ID: 860 receives a frame at time 49.6881s ++++
++++ frame_probe ID: 1010 receives a frame at time 49.6976s ++++
++++ frame_probe ID: 890 receives a frame at time 49.724s ++++
the 100th message counter  has been visited 11 times  
++++ frame_probe ID: 850 receives a frame at time 49.8204s ++++
INFO: Detected an invalid packet at item 1056
INFO: Parser returned #f
++++ frame_probe ID: 860 receives a frame at time 49.8615s ++++
++++ frame_probe ID: 1010 receives a frame at time 49.871s ++++
++++ frame_probe ID: 890 receives a frame at time 49.8974s ++++
the 100th message counter  has been visited 12 times  
++++ frame_probe ID: 850 receives a frame at time 49.9978s ++++
INFO: Detected an invalid packet at item 1152
INFO: Parser returned #f
++++ frame_probe ID: 860 receives a frame at time 50.0387s ++++
++++ frame_probe ID: 1010 receives a frame at time 50.0434s ++++
++++ frame_probe ID: 890 receives a frame at time 50.0698s ++++
the 100th message counter  has been visited 13 times  
++++ frame_probe ID: 850 receives a frame at time 50.1452s ++++
INFO: Detected an invalid packet at item 1248
INFO: Parser returned #f
++++ frame_probe ID: 860 receives a frame at time 50.1862s ++++
++++ frame_probe ID: 1010 receives a frame at time 50.1967s ++++
++++ frame_probe ID: 890 receives a frame at time 50.2233s ++++
the 100th message counter  has been visited 14 times  
++++ frame_probe ID: 850 receives a frame at time 50.3358s ++++
INFO: Detected an invalid packet at item 1344
INFO: Parser returned #f
++++ frame_probe ID: 860 receives a frame at time 50.3767s ++++
++++ frame_probe ID: 1010 receives a frame at time 50.3892s ++++
++++ frame_probe ID: 890 receives a frame at time 50.4159s ++++
Measurement 1 raw data directory created /home/inets/0_ba/bachelor_thesis/measurements/debug/data/1/1/.
'/home/inets/source/gr-inets/results/receiver_data_received.txt' -> '/home/inets/0_ba/bachelor_thesis/measurements/debug/data/1/1/receiver_data_received.txt'
'/home/inets/source/gr-inets/results/sender_ack_received.txt' -> '/home/inets/0_ba/bachelor_thesis/measurements/debug/data/1/1/sender_ack_received.txt'
'/home/inets/source/gr-inets/results/sender_bfr_dq.txt' -> '/home/inets/0_ba/bachelor_thesis/measurements/debug/data/1/1/sender_bfr_dq.txt'
'/home/inets/source/gr-inets/results/sender_data_sent.txt' -> '/home/inets/0_ba/bachelor_thesis/measurements/debug/data/1/1/sender_data_sent.txt'
Measurement 1 raw data moved to /home/inets/0_ba/bachelor_thesis/measurements/debug/data/1/1/.

Measurement 2/4 complete in 5 second(s).
linux; GNU C++ version 5.4.0 20160609; Boost_105800; UHD_003.009.005-45-g6768a615
linux; GNU C++ version 5.4.0 20160609; Boost_105800; UHD_003.009.005-45-g6768a615


Using Volk machine: avx_64_mmx
-- Opening a USRP2/N-Series device...
Using Volk machine: avx_64_mmx
-- Opening a USRP2/N-Series device...
-- Current recv frame size: 1472 bytes
-- Current send frame size: 1472 bytes
-- Current recv frame size: 1472 bytes
-- Current send frame size: 1472 bytes
Measurement 2/4 complete in 4 second(s).
the 100th message counter is activated.
the 100th message counter is activated.
Measurement 2/4 complete in 3 second(s).
node starts running at 52.9005
node starts running at 52.905
++++ frame_probe ID: 850 receives a frame at time 53.0994s ++++
INFO: Detected an invalid packet at item 0
INFO: Parser returned #f
++++ frame_probe ID: 860 receives a frame at time 53.1406s ++++
++++ frame_probe ID: 1010 receives a frame at time 53.1473s ++++
++++ frame_probe ID: 890 receives a frame at time 53.1691s ++++
the 100th message counter  has been visited 1 times  
++++ frame_probe ID: 850 receives a frame at time 53.2676s ++++
INFO: Detected an invalid packet at item 96
INFO: Parser returned #f
++++ frame_probe ID: 860 receives a frame at time 53.3085s ++++
++++ frame_probe ID: 1010 receives a frame at time 53.3199s ++++
++++ frame_probe ID: 890 receives a frame at time 53.3423s ++++
the 100th message counter  has been visited 2 times  
++++ frame_probe ID: 850 receives a frame at time 53.4517s ++++
INFO: Detected an invalid packet at item 192
INFO: Parser returned #f
++++ frame_probe ID: 860 receives a frame at time 53.4925s ++++
++++ frame_probe ID: 1010 receives a frame at time 53.5021s ++++
Measurement 2/4 complete in 2 second(s).
++++ frame_probe ID: 890 receives a frame at time 53.5248s ++++
the 100th message counter  has been visited 3 times  
++++ frame_probe ID: 850 receives a frame at time 53.6978s ++++
INFO: Detected an invalid packet at item 288
INFO: Parser returned #f
++++ frame_probe ID: 860 receives a frame at time 53.7388s ++++
++++ frame_probe ID: 1010 receives a frame at time 53.7426s ++++
++++ frame_probe ID: 890 receives a frame at time 53.7644s ++++
the 100th message counter  has been visited 4 times  
++++ frame_probe ID: 850 receives a frame at time 53.8797s ++++
INFO: Detected an invalid packet at item 384
INFO: Parser returned #f
++++ frame_probe ID: 860 receives a frame at time 53.9206s ++++
++++ frame_probe ID: 1010 receives a frame at time 53.9249s ++++
++++ frame_probe ID: 890 receives a frame at time 53.9468s ++++
the 100th message counter  has been visited 5 times  
++++ frame_probe ID: 850 receives a frame at time 54.0523s ++++
INFO: Detected an invalid packet at item 480
INFO: Parser returned #f
++++ frame_probe ID: 860 receives a frame at time 54.0933s ++++
++++ frame_probe ID: 1010 receives a frame at time 54.0973s ++++
++++ frame_probe ID: 890 receives a frame at time 54.1191s ++++
the 100th message counter  has been visited 6 times  
++++ frame_probe ID: 850 receives a frame at time 54.1965s ++++
INFO: Detected an invalid packet at item 576
INFO: Parser returned #f
++++ frame_probe ID: 860 receives a frame at time 54.2373s ++++
++++ frame_probe ID: 1010 receives a frame at time 54.2416s ++++
++++ frame_probe ID: 890 receives a frame at time 54.2634s ++++
the 100th message counter  has been visited 7 times  
++++ frame_probe ID: 850 receives a frame at time 54.3689s ++++
INFO: Detected an invalid packet at item 672
INFO: Parser returned #f
++++ frame_probe ID: 860 receives a frame at time 54.4098s ++++
++++ frame_probe ID: 1010 receives a frame at time 54.4139s ++++
++++ frame_probe ID: 890 receives a frame at time 54.4358s ++++
the 100th message counter  has been visited 8 times  
Measurement 2/4 complete in 1 second(s).
++++ frame_probe ID: 850 receives a frame at time 54.5312s ++++
INFO: Detected an invalid packet at item 768
INFO: Parser returned #f
++++ frame_probe ID: 860 receives a frame at time 54.572s ++++
++++ frame_probe ID: 1010 receives a frame at time 54.5773s ++++
++++ frame_probe ID: 890 receives a frame at time 54.5994s ++++
the 100th message counter  has been visited 9 times  
++++ frame_probe ID: 850 receives a frame at time 54.6797s ++++
INFO: Detected an invalid packet at item 864
INFO: Parser returned #f
++++ frame_probe ID: 860 receives a frame at time 54.7205s ++++
++++ frame_probe ID: 1010 receives a frame at time 54.7309s ++++
++++ frame_probe ID: 890 receives a frame at time 54.753s ++++
the 100th message counter  has been visited 10 times  
++++ frame_probe ID: 850 receives a frame at time 54.8334s ++++
INFO: Detected an invalid packet at item 960
INFO: Parser returned #f
++++ frame_probe ID: 860 receives a frame at time 54.8743s ++++
++++ frame_probe ID: 1010 receives a frame at time 54.8849s ++++
++++ frame_probe ID: 890 receives a frame at time 54.9065s ++++
the 100th message counter  has been visited 11 times  
++++ frame_probe ID: 850 receives a frame at time 55.0109s ++++
INFO: Detected an invalid packet at item 1056
INFO: Parser returned #f
++++ frame_probe ID: 860 receives a frame at time 55.0517s ++++
++++ frame_probe ID: 1010 receives a frame at time 55.0574s ++++
++++ frame_probe ID: 890 receives a frame at time 55.0793s ++++
the 100th message counter  has been visited 12 times  
++++ frame_probe ID: 850 receives a frame at time 55.1667s ++++
INFO: Detected an invalid packet at item 1152
INFO: Parser returned #f
++++ frame_probe ID: 860 receives a frame at time 55.2078s ++++
++++ frame_probe ID: 1010 receives a frame at time 55.2109s ++++
++++ frame_probe ID: 890 receives a frame at time 55.2328s ++++
the 100th message counter  has been visited 13 times  
++++ frame_probe ID: 850 receives a frame at time 55.3502s ++++
INFO: Detected an invalid packet at item 1248
INFO: Parser returned #f
++++ frame_probe ID: 860 receives a frame at time 55.3911s ++++
++++ frame_probe ID: 1010 receives a frame at time 55.4032s ++++
++++ frame_probe ID: 890 receives a frame at time 55.425s ++++
the 100th message counter  has been visited 14 times  
++++ frame_probe ID: 850 receives a frame at time 55.5014s ++++
INFO: Detected an invalid packet at item 1344
INFO: Parser returned #f
Measurement 2 raw data directory created /home/inets/0_ba/bachelor_thesis/measurements/debug/data/1/2/.
'/home/inets/source/gr-inets/results/receiver_data_received.txt' -> '/home/inets/0_ba/bachelor_thesis/measurements/debug/data/1/2/receiver_data_received.txt'
'/home/inets/source/gr-inets/results/sender_ack_received.txt' -> '/home/inets/0_ba/bachelor_thesis/measurements/debug/data/1/2/sender_ack_received.txt'
'/home/inets/source/gr-inets/results/sender_bfr_dq.txt' -> '/home/inets/0_ba/bachelor_thesis/measurements/debug/data/1/2/sender_bfr_dq.txt'
'/home/inets/source/gr-inets/results/sender_data_sent.txt' -> '/home/inets/0_ba/bachelor_thesis/measurements/debug/data/1/2/sender_data_sent.txt'
Measurement 2 raw data moved to /home/inets/0_ba/bachelor_thesis/measurements/debug/data/1/2/.

Measurement 3/4 complete in 5 second(s).
linux; GNU C++ version 5.4.0 20160609; Boost_105800; UHD_003.009.005-45-g6768a615
linux; GNU C++ version 5.4.0 20160609; Boost_105800; UHD_003.009.005-45-g6768a615


Using Volk machine: avx_64_mmx
-- Opening a USRP2/N-Series device...
Using Volk machine: avx_64_mmx
-- Opening a USRP2/N-Series device...
-- Current recv frame size: 1472 bytes
-- Current send frame size: 1472 bytes
-- Current recv frame size: 1472 bytes
-- Current send frame size: 1472 bytes
Measurement 3/4 complete in 4 second(s).
the 100th message counter is activated.
the 100th message counter is activated.
Measurement 3/4 complete in 3 second(s).
node starts running at 57.9027
node starts running at 57.9086
++++ frame_probe ID: 850 receives a frame at time 57.9312s ++++
INFO: Detected an invalid packet at item 0
INFO: Parser returned #f
++++ frame_probe ID: 860 receives a frame at time 57.9724s ++++
++++ frame_probe ID: 1010 receives a frame at time 57.9835s ++++
++++ frame_probe ID: 890 receives a frame at time 58.0085s ++++
the 100th message counter  has been visited 1 times  
++++ frame_probe ID: 850 receives a frame at time 58.1139s ++++
INFO: Detected an invalid packet at item 96
INFO: Parser returned #f
++++ frame_probe ID: 860 receives a frame at time 58.1549s ++++
++++ frame_probe ID: 1010 receives a frame at time 58.1657s ++++
++++ frame_probe ID: 890 receives a frame at time 58.1902s ++++
the 100th message counter  has been visited 2 times  
++++ frame_probe ID: 850 receives a frame at time 58.2806s ++++
INFO: Detected an invalid packet at item 192
INFO: Parser returned #f
++++ frame_probe ID: 860 receives a frame at time 58.3214s ++++
++++ frame_probe ID: 1010 receives a frame at time 58.3282s ++++
++++ frame_probe ID: 890 receives a frame at time 58.3536s ++++
the 100th message counter  has been visited 3 times  
++++ frame_probe ID: 850 receives a frame at time 58.443s ++++
INFO: Detected an invalid packet at item 288
INFO: Parser returned #f
++++ frame_probe ID: 860 receives a frame at time 58.4838s ++++
++++ frame_probe ID: 1010 receives a frame at time 58.4917s ++++
++++ frame_probe ID: 890 receives a frame at time 58.5162s ++++
Measurement 3/4 complete in 2 second(s).
the 100th message counter  has been visited 4 times  
++++ frame_probe ID: 850 receives a frame at time 58.6076s ++++
INFO: Detected an invalid packet at item 384
INFO: Parser returned #f
++++ frame_probe ID: 860 receives a frame at time 58.6484s ++++
++++ frame_probe ID: 1010 receives a frame at time 58.6549s ++++
++++ frame_probe ID: 890 receives a frame at time 58.6795s ++++
the 100th message counter  has been visited 5 times  
++++ frame_probe ID: 850 receives a frame at time 58.7609s ++++
INFO: Detected an invalid packet at item 480
INFO: Parser returned #f
++++ frame_probe ID: 860 receives a frame at time 58.8018s ++++
++++ frame_probe ID: 1010 receives a frame at time 58.8082s ++++
++++ frame_probe ID: 890 receives a frame at time 58.8329s ++++
the 100th message counter  has been visited 6 times  
++++ frame_probe ID: 850 receives a frame at time 58.9142s ++++
INFO: Detected an invalid packet at item 576
INFO: Parser returned #f
++++ frame_probe ID: 860 receives a frame at time 58.955s ++++
++++ frame_probe ID: 1010 receives a frame at time 58.9614s ++++
++++ frame_probe ID: 890 receives a frame at time 58.9871s ++++
the 100th message counter  has been visited 7 times  
++++ frame_probe ID: 850 receives a frame at time 59.0775s ++++
INFO: Detected an invalid packet at item 672
INFO: Parser returned #f
++++ frame_probe ID: 860 receives a frame at time 59.1183s ++++
++++ frame_probe ID: 1010 receives a frame at time 59.1251s ++++
Measurement 3/4 complete in 1 second(s).
Measurement 3 raw data directory created /home/inets/0_ba/bachelor_thesis/measurements/debug/data/1/3/.
'/home/inets/source/gr-inets/results/receiver_data_received.txt' -> '/home/inets/0_ba/bachelor_thesis/measurements/debug/data/1/3/receiver_data_received.txt'
'/home/inets/source/gr-inets/results/sender_ack_received.txt' -> '/home/inets/0_ba/bachelor_thesis/measurements/debug/data/1/3/sender_ack_received.txt'
'/home/inets/source/gr-inets/results/sender_bfr_dq.txt' -> '/home/inets/0_ba/bachelor_thesis/measurements/debug/data/1/3/sender_bfr_dq.txt'
'/home/inets/source/gr-inets/results/sender_data_sent.txt' -> '/home/inets/0_ba/bachelor_thesis/measurements/debug/data/1/3/sender_data_sent.txt'
Measurement 3 raw data moved to /home/inets/0_ba/bachelor_thesis/measurements/debug/data/1/3/.

Measurement 4/4 complete in 5 second(s).
linux; GNU C++ version 5.4.0 20160609; Boost_105800; UHD_003.009.005-45-g6768a615
linux; GNU C++ version 5.4.0 20160609; Boost_105800; UHD_003.009.005-45-g6768a615


Using Volk machine: avx_64_mmx
-- Opening a USRP2/N-Series device...
Using Volk machine: avx_64_mmx
-- Opening a USRP2/N-Series device...
-- Current recv frame size: 1472 bytes
-- Current recv frame size: 1472 bytes
-- Current send frame size: 1472 bytes
-- Current send frame size: 1472 bytes
Measurement 4/4 complete in 4 second(s).
