measurement 1/2 complete in 4 second(s).
linux; GNU C++ version 5.4.0 20160609; Boost_105800; UHD_003.009.005-45-g6768a615
linux; GNU C++ version 5.4.0 20160609; Boost_105800; UHD_003.009.005-45-g6768a615


Using Volk machine: avx_64_mmx
-- Opening a USRP2/N-Series device...
Using Volk machine: avx_64_mmx
-- Opening a USRP2/N-Series device...
-- Current recv frame size: 1472 bytes
-- Current send frame size: 1472 bytes
-- Current recv frame size: 1472 bytes
-- Current send frame size: 1472 bytes
measurement 1/2 complete in 3 second(s).
develop mode of resend_check ID: 24 is activated.
develop_mode of random_filter ID: 1015 is activated.
the 100th message counter is activated.
the 880th message counter is activated.
the 100th message counter is activated.
measurement 1/2 complete in 2 second(s).
node starts running at 99.982
node starts running at 99.9854
++++ frame_probe ID: 850 receives a frame at time 0.202822s ++++
INFO: Detected an invalid packet at item 0
INFO: Parser returned #f
++++ frame_probe ID: 860 receives a frame at time 0.243532s ++++
* header analysis ID: 7 get the 1th transmission of data frame 0 at time 1.48553e+07 s
++++ frame_probe ID: 1 receives a frame at time 0.249709s ++++
++++ frame_probe ID: 2 receives a frame at time 0.249731s ++++
++++ frame_probe ID: 1010 receives a frame at time 0.249761s ++++
generated random number is++++ frame_probe ID: 1018 receives a frame at time 0.615947 and the threshold is 1. good luck. 
0.249817s ++++
INFO: Detected an invalid packet at item 64
INFO: Parser returned #f
INFO: Detected an invalid packet at item 96
INFO: Parser returned #f
INFO: Detected an invalid packet at item 128
INFO: Parser returned #f
INFO: Detected an invalid packet at item 0
INFO: Parser returned #f
a data frame with index 0 from node: 3 has been transmitted 1th time
++++ frame_probe ID: 850 receives a frame at time 0.373137s ++++
INFO: Detected an invalid packet at item 192
INFO: Parser returned #f
++++ frame_probe ID: 860 receives a frame at time 0.413842s ++++
* header analysis ID: 7 get the 1th transmission of data frame 0 at time 1.48553e+07 s
++++ frame_probe ID: 1 receives a frame at time 0.422123s ++++
a data frame with index 0 from node: 3 has been transmitted 2th time
++++ frame_probe ID: 850 receives a frame at time 0.543264s ++++
INFO: Detected an invalid packet at item 256
INFO: Parser returned #f
++++ frame_probe ID: 860 receives a frame at time 0.583839s ++++
* header analysis ID: 7 get the 1th transmission of data frame 0 at time 1.48553e+07 s
++++ frame_probe ID: 1 receives a frame at time 0.594573s ++++
++++ frame_probe ID: 2 receives a frame at time 0.594598s ++++
++++ frame_probe ID: 1010 receives a frame at time 0.594627s ++++
generated random number is++++ frame_probe ID: 1018 receives a frame at time 0.0361234 and the threshold is 10.594676. good luck. s ++++

INFO: Detected an invalid packet at item 320
INFO: Parser returned #f
INFO: Detected an invalid packet at item 352
INFO: Parser returned #f
INFO: Detected an invalid packet at item 32
INFO: Parser returned #f
measurement 1/2 complete in 1 second(s).
a data frame with index 0 from node: 3 has been transmitted 3th time
++++ frame_probe ID: 850 receives a frame at time 0.743379s ++++
INFO: Detected an invalid packet at item 416
INFO: Parser returned #f
++++ frame_probe ID: 860 receives a frame at time 0.783953s ++++
* header analysis ID: 7 get the 1th transmission of data frame 0 at time 1.48553e+07 s
++++ frame_probe ID: 1 receives a frame at time 0.786911s ++++
a data frame with index 0 from node: 3 has been transmitted 4th time
++++ frame_probe ID: 850 receives a frame at time 0.913514s ++++
++++ frame_probe ID: 860 receives a frame at time 0.954246s ++++
* header analysis ID: 7 get the 1th transmission of data frame 0 at time 1.48553e+07 s
++++ frame_probe ID: 1 receives a frame at time 0.959327s ++++
++++ frame_probe ID: 2 receives a frame at time 0.959349s ++++
++++ frame_probe ID: 1010 receives a frame at time 0.959383s ++++
generated random number is0.0656241 and the threshold is 1. good luck. 
++++ frame_probe ID: 1018 receives a frame at time 0.959429s ++++
INFO: Detected an invalid packet at item 64
INFO: Parser returned #f
INFO: Detected an invalid packet at item 512
INFO: Parser returned #f
INFO: Detected an invalid packet at item 544
INFO: Parser returned #f
a data frame with index 0 from node: 3 has been transmitted 5th time
++++ frame_probe ID: 850 receives a frame at time 1.22906s ++++
INFO: Detected an invalid packet at item 608
INFO: Parser returned #f
++++ frame_probe ID: 860 receives a frame at time 1.26969s ++++
* header analysis ID: 7 get the 1th transmission of data frame 0 at time 1.48553e+07 s
++++ frame_probe ID: 1 receives a frame at time 1.27607s ++++
++++ frame_probe ID: 2 receives a frame at time 1.2761s ++++
++++ frame_probe ID: 1010 receives a frame at time 1.27613s ++++
generated random number is++++ frame_probe ID: 1018 receives a frame at time 0.548975 and the threshold is 1. good luck. 
1.27617s ++++
INFO: Detected an invalid packet at item 96
INFO: Parser returned #f
INFO: Detected an invalid packet at item 672
INFO: Parser returned #f
INFO: Detected an invalid packet at item 704
INFO: Parser returned #f
INFO: Detected an invalid packet at item 736
INFO: Parser returned #f
frame: 0 from node: 3 is dropped because its max retransmission counter is reached. 
counter ID 880 results at time 5101.5 is 5
++++ frame_probe ID: 850 receives a frame at time 1.51412s ++++
INFO: Detected an invalid packet at item 800
INFO: Parser returned #f
++++ frame_probe ID: 860 receives a frame at time 1.55466s ++++
* header analysis ID: 7 get the 1th transmission of data frame 1 at time 1.48553e+07 s
++++ frame_probe ID: 1 receives a frame at time 1.56467s ++++
++++ frame_probe ID: 2 receives a frame at time 1.56469s ++++
++++ frame_probe ID: 1010 receives a frame at time 1.56472s ++++
generated random number is++++ frame_probe ID: 1018 receives a frame at time 0.732523 and the threshold is 1. good luck. 
1.56477s ++++
INFO: Detected an invalid packet at item 864
INFO: Parser returned #f
INFO: Detected an invalid packet at item 896
INFO: Parser returned #f
INFO: Detected an invalid packet at item 128
INFO: Parser returned #f
measurement 1 raw data directory created /home/inets/0_ba/bachelor_thesis/measurements/debug/data/131/1/.
'/home/inets/source/gr-inets/results/ack_not_filtered.txt' -> '/home/inets/0_ba/bachelor_thesis/measurements/debug/data/131/1/ack_not_filtered.txt'
'/home/inets/source/gr-inets/results/receiver_data_received.txt' -> '/home/inets/0_ba/bachelor_thesis/measurements/debug/data/131/1/receiver_data_received.txt'
'/home/inets/source/gr-inets/results/sender_bfr_dq.txt' -> '/home/inets/0_ba/bachelor_thesis/measurements/debug/data/131/1/sender_bfr_dq.txt'
'/home/inets/source/gr-inets/results/sender_data_sent.txt' -> '/home/inets/0_ba/bachelor_thesis/measurements/debug/data/131/1/sender_data_sent.txt'
'/home/inets/source/gr-inets/results/sender_retransmissions.txt' -> '/home/inets/0_ba/bachelor_thesis/measurements/debug/data/131/1/sender_retransmissions.txt'
measurement 1 raw data moved to /home/inets/0_ba/bachelor_thesis/measurements/debug/data/131/1/.

measurement 2/2 complete in 4 second(s).
linux; GNU C++ version 5.4.0 20160609; Boost_105800; UHD_003.009.005-45-g6768a615

linux; GNU C++ version 5.4.0 20160609; Boost_105800; UHD_003.009.005-45-g6768a615

Using Volk machine: avx_64_mmx
-- Opening a USRP2/N-Series device...
Using Volk machine: avx_64_mmx
-- Opening a USRP2/N-Series device...
-- Current recv frame size: 1472 bytes
-- Current send frame size: 1472 bytes
-- Current recv frame size: 1472 bytes
-- Current send frame size: 1472 bytes
measurement 2/2 complete in 3 second(s).
develop mode of resend_check ID: 24 is activated.
develop_mode of random_filter ID: 1015 is activated.
the 880th message counter is activated.
the 100th message counter is activated.
the 100th message counter is activated.
measurement 2/2 complete in 2 second(s).
node starts running at 3.99962
node starts running at 3.99994
++++ frame_probe ID: 850 receives a frame at time 4.28805s ++++
INFO: Detected an invalid packet at item 0
INFO: Parser returned #f
++++ frame_probe ID: 860 receives a frame at time 4.32868s ++++
* header analysis ID: 7 get the 1th transmission of data frame 0 at time 1.48553e+07 s
++++ frame_probe ID: 1 receives a frame at time 4.33568s ++++
++++ frame_probe ID: 2 receives a frame at time 4.33571s ++++
++++ frame_probe ID: 1010 receives a frame at time 4.33573s ++++
generated random number is++++ frame_probe ID: 1018 receives a frame at time 0.768877 and the threshold is 4.33578s ++++
1. good luck. 
INFO: Detected an invalid packet at item 0
INFO: Parser returned #f
INFO: Detected an invalid packet at item 64
INFO: Parser returned #f
INFO: Detected an invalid packet at item 96
INFO: Parser returned #f
a data frame with index 0 from node: 3 has been transmitted 1th time
++++ frame_probe ID: 850 receives a frame at time 4.46351s ++++
INFO: Detected an invalid packet at item 160
INFO: Parser returned #f
++++ frame_probe ID: 860 receives a frame at time 4.50404s ++++
* header analysis ID: 7 get the 1th transmission of data frame 0 at time 1.48553e+07 s
++++ frame_probe ID: 1 receives a frame at time 4.50896s ++++
++++ frame_probe ID: 2 receives a frame at time 4.50899s ++++
++++ frame_probe ID: 1010 receives a frame at time 4.50901s ++++
generated random number is++++ frame_probe ID: 1018 receives a frame at time 4.50906s ++++
0.252418 and the threshold is 1. good luck. 
INFO: Detected an invalid packet at item 32
INFO: Parser returned #f
INFO: Detected an invalid packet at item 224
INFO: Parser returned #f
INFO: Detected an invalid packet at item 256
INFO: Parser returned #f
a data frame with index 0 from node: 3 has been transmitted 2th time
++++ frame_probe ID: 850 receives a frame at time 4.64881s ++++
INFO: Detected an invalid packet at item 320
INFO: Parser returned #f
measurement 2/2 complete in 1 second(s).
++++ frame_probe ID: 860 receives a frame at time 4.68937s ++++
* header analysis ID: 7 get the 1th transmission of data frame 0 at time 1.48553e+07 s
++++ frame_probe ID: 1 receives a frame at time 4.70054s ++++
++++ frame_probe ID: 2 receives a frame at time 4.70057s ++++
++++ frame_probe ID: 1010 receives a frame at time 4.70059s ++++
generated random number is++++ frame_probe ID: 1018 receives a frame at time 0.935578 and the threshold is 1. good luck. 
4.70064s ++++
INFO: Detected an invalid packet at item 64
INFO: Parser returned #f
INFO: Detected an invalid packet at item 384
INFO: Parser returned #f
INFO: Detected an invalid packet at item 416
INFO: Parser returned #f
INFO: Detected an invalid packet at item 448
INFO: Parser returned #f
a data frame with index 0 from node: 3 has been transmitted 3th time
++++ frame_probe ID: 850 receives a frame at time 4.82884s ++++
INFO: Detected an invalid packet at item 512
INFO: Parser returned #f
++++ frame_probe ID: 860 receives a frame at time 4.86935s ++++
* header analysis ID: 7 get the 1th transmission of data frame 0 at time 1.48553e+07 s
++++ frame_probe ID: 1 receives a frame at time 4.87383s ++++
++++ frame_probe ID: 2 receives a frame at time 4.87387s ++++
++++ frame_probe ID: 1010 receives a frame at time 4.87391s ++++
generated random number is++++ frame_probe ID: 1018 receives a frame at time 0.381652 and the threshold is 4.87396s ++++
1. good luck. 
+++++++++ frame_probe ID: 882 +++++++++Input mac frame has length: 15

+++++++++ frame_probe ID: 883 +++++++++ ---- ack frame detected ---- frame index is:            85;    destination address is:    86;    source address is:         254;    number of transmission is: 254;    reserved field I is:       43159;    reserved field II is:      524;    payload length is:           21845;    header length is:          11;    address check is:          0;    good frame is:             0;    analysis time is:             1.50039e+09;    frame info contains a frame with length 15 bytes: 
INFO: Detected an invalid packet at item 576
INFO: Parser returned #f
INFO: Detected an invalid packet at item 608
INFO: Parser returned #f
a data frame with index 0 from node: 3 has been transmitted 4th time
++++ frame_probe ID: 850 receives a frame at time 5.0488s ++++
INFO: Detected an invalid packet at item 672
INFO: Parser returned #f
++++ frame_probe ID: 860 receives a frame at time 5.08928s ++++
* header analysis ID: 7 get the 1th transmission of data frame 0 at time 1.48553e+07 s
++++ frame_probe ID: 1 receives a frame at time 5.09426s ++++
++++ frame_probe ID: 2 receives a frame at time 5.09428s ++++
++++ frame_probe ID: 1010 receives a frame at time 5.09431s ++++
generated random number is++++ frame_probe ID: 1018 receives a frame at time 0.314661 and the threshold is 5.094361s ++++. good luck. 

INFO: Detected an invalid packet at item 128
INFO: Parser returned #f
INFO: Detected an invalid packet at item 736
INFO: Parser returned #f
INFO: Detected an invalid packet at item 768
INFO: Parser returned #f
a data frame with index 0 from node: 3 has been transmitted 5th time
++++ frame_probe ID: 850 receives a frame at time 5.24893s ++++
INFO: Detected an invalid packet at item 832
INFO: Parser returned #f
++++ frame_probe ID: 860 receives a frame at time 5.28942s ++++
* header analysis ID: 7 get the 1th transmission of data frame 0 at time 1.48553e+07 s
++++ frame_probe ID: 1 receives a frame at time 5.29486s ++++
++++ frame_probe ID: 2 receives a frame at time 5.29489s ++++
++++ frame_probe ID: 1010 receives a frame at time 5.29494s ++++
generated random number is++++ frame_probe ID: 1018 receives a frame at time 5.294980.597976s ++++ and the threshold is 
1. good luck. 
INFO: Detected an invalid packet at item 160
INFO: Parser returned #f
INFO: Detected an invalid packet at item 896
INFO: Parser returned #f
INFO: Detected an invalid packet at item 928
INFO: Parser returned #f
frame: 0 from node: 3 is dropped because its max retransmission counter is reached. 
counter ID 880 results at time 5105.66 is 5
measurement 2 raw data directory created /home/inets/0_ba/bachelor_thesis/measurements/debug/data/131/2/.
'/home/inets/source/gr-inets/results/ack_not_filtered.txt' -> '/home/inets/0_ba/bachelor_thesis/measurements/debug/data/131/2/ack_not_filtered.txt'
'/home/inets/source/gr-inets/results/receiver_data_received.txt' -> '/home/inets/0_ba/bachelor_thesis/measurements/debug/data/131/2/receiver_data_received.txt'
'/home/inets/source/gr-inets/results/sender_bfr_dq.txt' -> '/home/inets/0_ba/bachelor_thesis/measurements/debug/data/131/2/sender_bfr_dq.txt'
'/home/inets/source/gr-inets/results/sender_data_sent.txt' -> '/home/inets/0_ba/bachelor_thesis/measurements/debug/data/131/2/sender_data_sent.txt'
'/home/inets/source/gr-inets/results/sender_retransmissions.txt' -> '/home/inets/0_ba/bachelor_thesis/measurements/debug/data/131/2/sender_retransmissions.txt'
measurement 2 raw data moved to /home/inets/0_ba/bachelor_thesis/measurements/debug/data/131/2/.

now processing results...
plotting python should be: python3 (ubuntu).
