measurement 1/2 complete in 4 second(s).
linux; GNU C++ version 5.4.0 20160609; Boost_105800; UHD_003.009.005-45-g6768a615
linux; GNU C++ version 5.4.0 20160609; Boost_105800; UHD_003.009.005-45-g6768a615


Using Volk machine: avx_64_mmx
-- Opening a USRP2/N-Series device...
Using Volk machine: avx_64_mmx
-- Opening a USRP2/N-Series device...
-- Current recv frame size: 1472 bytes
-- Current recv frame size: 1472 bytes
-- Current send frame size: 1472 bytes
-- Current send frame size: 1472 bytes
measurement 1/2 complete in 3 second(s).
develop mode of resend_check ID: 24 is activated.
develop_mode of random_filter ID: 1015 is activated.
the 100th message counter is activated.
the 880th message counter is activated.
the 100th message counter is activated.
measurement 1/2 complete in 2 second(s).
node starts running at 89.0147
node starts running at 89.0174
++++ frame_probe ID: 850 receives a frame at time 89.1303s ++++
INFO: Detected an invalid packet at item 0
INFO: Parser returned #f
++++ frame_probe ID: 860 receives a frame at time 89.171s ++++
* header analysis ID: 7 get the 1th transmission of data frame 0 at time 1.48554e+07 s
++++ frame_probe ID: 1 receives a frame at time 89.1811s ++++
++++ frame_probe ID: 2 receives a frame at time 89.1812s ++++
++++ frame_probe ID: 1010 receives a frame at time 89.1812s ++++
generated random number is++++ frame_probe ID: 1018 receives a frame at time 0.596944 and the threshold is 89.1813s ++++1
. good luck. 
INFO: Detected an invalid packet at item 64
INFO: Parser returned #f
INFO: Detected an invalid packet at item 96
INFO: Parser returned #f
INFO: Detected an invalid packet at item 0
INFO: Parser returned #f
a data frame with index 0 from node: 3 has been transmitted 1th time
++++ frame_probe ID: 850 receives a frame at time 89.3062s ++++
INFO: Detected an invalid packet at item 160
INFO: Parser returned #f
++++ frame_probe ID: 860 receives a frame at time 89.3469s ++++
* header analysis ID: 7 get the 1th transmission of data frame 0 at time 1.48554e+07 s
++++ frame_probe ID: 1 receives a frame at time 89.3535s ++++
++++ frame_probe ID: 2 receives a frame at time 89.3536s ++++
++++ frame_probe ID: 1010 receives a frame at time 89.3536s ++++
++++ frame_probe ID: 1018 receives a frame at time generated random number is89.3537s ++++
0.0972888 and the threshold is 1. good luck. 
+++++++++ frame_probe ID: 882 +++++++++Input mac frame has length: 15

+++++++++ frame_probe ID: 883 +++++++++ ---- ack frame detected ---- frame index is:            21;    destination address is:    86;    source address is:         126;    number of transmission is: 254;    reserved field I is:       43223;    reserved field II is:      652;    payload length is:           21781;    header length is:          11;    address check is:          0;    good frame is:             0;    analysis time is:             1.50039e+09;    frame info contains a frame with length 15 bytes: 
INFO: Detected an invalid packet at item 224
INFO: Parser returned #f
INFO: Detected an invalid packet at item 256
INFO: Parser returned #f
INFO: Detected an invalid packet at item 288
INFO: Parser returned #f
INFO: Detected an invalid packet at item 320
INFO: Parser returned #f
INFO: Detected an invalid packet at item 352
INFO: Parser returned #f
INFO: Detected an invalid packet at item 384
INFO: Parser returned #f
INFO: Detected an invalid packet at item 416
INFO: Parser returned #f
INFO: Detected an invalid packet at item 448
INFO: Parser returned #f
INFO: Detected an invalid packet at item 480
INFO: Parser returned #f
INFO: Detected an invalid packet at item 512
INFO: Parser returned #f
INFO: Detected an invalid packet at item 544
INFO: Parser returned #f
INFO: Detected an invalid packet at item 576
INFO: Parser returned #f
INFO: Detected an invalid packet at item 608
INFO: Parser returned #f
INFO: Detected an invalid packet at item 640
INFO: Parser returned #f
INFO: Detected an invalid packet at item 672
INFO: Parser returned #f
INFO: Detected an invalid packet at item 704
INFO: Parser returned #f
INFO: Detected an invalid packet at item 736
INFO: Parser returned #f
INFO: Detected an invalid packet at item 768
INFO: Parser returned #f
INFO: Detected an invalid packet at item 800
INFO: Parser returned #f
INFO: Detected an invalid packet at item 832
INFO: Parser returned #f
INFO: Detected an invalid packet at item 864
INFO: Parser returned #f
INFO: Detected an invalid packet at item 896
INFO: Parser returned #f
INFO: Detected an invalid packet at item 928
INFO: Parser returned #f
INFO: Detected an invalid packet at item 960
INFO: Parser returned #f
INFO: Detected an invalid packet at item 992
INFO: Parser returned #f
INFO: Detected an invalid packet at item 1024
INFO: Parser returned #f
INFO: Detected an invalid packet at item 1056
INFO: Parser returned #f
INFO: Detected an invalid packet at item 1088
INFO: Parser returned #f
INFO: Detected an invalid packet at item 1120
INFO: Parser returned #f
INFO: Detected an invalid packet at item 1152
INFO: Parser returned #f
INFO: Detected an invalid packet at item 1184
INFO: Parser returned #f
INFO: Detected an invalid packet at item 1216
INFO: Parser returned #f
INFO: Detected an invalid packet at item 1248
INFO: Parser returned #f
INFO: Detected an invalid packet at item 1280
INFO: Parser returned #f
INFO: Detected an invalid packet at item 1312
INFO: Parser returned #f
INFO: Detected an invalid packet at item 1344
INFO: Parser returned #f
INFO: Detected an invalid packet at item 1376
INFO: Parser returned #f
INFO: Detected an invalid packet at item 1408
INFO: Parser returned #f
INFO: Detected an invalid packet at item 1440
INFO: Parser returned #f
INFO: Detected an invalid packet at item 1472
INFO: Parser returned #f
INFO: Detected an invalid packet at item 1504
INFO: Parser returned #f
INFO: Detected an invalid packet at item 1536
INFO: Parser returned #f
INFO: Detected an invalid packet at item 1568
INFO: Parser returned #f
INFO: Detected an invalid packet at item 1600
INFO: Parser returned #f
INFO: Detected an invalid packet at item 1632
INFO: Parser returned #f
INFO: Detected an invalid packet at item 1664
INFO: Parser returned #f
INFO: Detected an invalid packet at item 1696
INFO: Parser returned #f
INFO: Detected an invalid packet at item 1728
INFO: Parser returned #f
INFO: Detected an invalid packet at item 1760
INFO: Parser returned #f
INFO: Detected an invalid packet at item 1792
INFO: Parser returned #f
INFO: Detected an invalid packet at item 1824
INFO: Parser returned #f
INFO: Detected an invalid packet at item 1856
INFO: Parser returned #f
INFO: Detected an invalid packet at item 1888
INFO: Parser returned #f
INFO: Detected an invalid packet at item 1920
INFO: Parser returned #f
INFO: Detected an invalid packet at item 1952
INFO: Parser returned #f
INFO: Detected an invalid packet at item 1984
INFO: Parser returned #f
INFO: Detected an invalid packet at item 2016
INFO: Parser returned #f
INFO: Detected an invalid packet at item 2048
INFO: Parser returned #f
INFO: Detected an invalid packet at item 2080
INFO: Parser returned #f
INFO: Detected an invalid packet at item 2112
INFO: Parser returned #f
INFO: Detected an invalid packet at item 2144
INFO: Parser returned #f
INFO: Detected an invalid packet at item 2176
INFO: Parser returned #f
INFO: Detected an invalid packet at item 2208
INFO: Parser returned #f
INFO: Detected an invalid packet at item 2240
INFO: Parser returned #f
INFO: Detected an invalid packet at item 2272
INFO: Parser returned #f
INFO: Detected an invalid packet at item 2304
INFO: Parser returned #f
INFO: Detected an invalid packet at item 2336
INFO: Parser returned #f
INFO: Detected an invalid packet at item 2368
INFO: Parser returned #f
INFO: Detected an invalid packet at item 2400
INFO: Parser returned #f
INFO: Detected an invalid packet at item 2432
INFO: Parser returned #f
INFO: Detected an invalid packet at item 2464
INFO: Parser returned #f
INFO: Detected an invalid packet at item 2496
INFO: Parser returned #f
INFO: Detected an invalid packet at item 2528
INFO: Parser returned #f
INFO: Detected an invalid packet at item 2560
INFO: Parser returned #f
INFO: Detected an invalid packet at item 2592
INFO: Parser returned #f
INFO: Detected an invalid packet at item 2624
INFO: Parser returned #f
INFO: Detected an invalid packet at item 2656
INFO: Parser returned #f
INFO: Detected an invalid packet at item 2688
INFO: Parser returned #f
INFO: Detected an invalid packet at item 2720
INFO: Parser returned #f
INFO: Detected an invalid packet at item 2752
INFO: Parser returned #f
INFO: Detected an invalid packet at item 2784
INFO: Parser returned #f
INFO: Detected an invalid packet at item 2816
INFO: Parser returned #f
INFO: Detected an invalid packet at item 2848
INFO: Parser returned #f
INFO: Detected an invalid packet at item 2880
INFO: Parser returned #f
INFO: Detected an invalid packet at item 2912
INFO: Parser returned #f
INFO: Detected an invalid packet at item 2944
INFO: Parser returned #f
INFO: Detected an invalid packet at item 2976
INFO: Parser returned #f
INFO: Detected an invalid packet at item 3008
INFO: Parser returned #f
INFO: Detected an invalid packet at item 3040
INFO: Parser returned #f
INFO: Detected an invalid packet at item 3072
INFO: Parser returned #f
INFO: Detected an invalid packet at item 3104
INFO: Parser returned #f
INFO: Detected an invalid packet at item 3136
INFO: Parser returned #f
INFO: Detected an invalid packet at item 3168
INFO: Parser returned #f
INFO: Detected an invalid packet at item 3200
INFO: Parser returned #f
INFO: Detected an invalid packet at item 3232
INFO: Parser returned #f
INFO: Detected an invalid packet at item 3264
INFO: Parser returned #f
INFO: Detected an invalid packet at item 3296
INFO: Parser returned #f
INFO: Detected an invalid packet at item 3328
INFO: Parser returned #f
INFO: Detected an invalid packet at item 3360
INFO: Parser returned #f
INFO: Detected an invalid packet at item 3392
INFO: Parser returned #f
INFO: Detected an invalid packet at item 3424
INFO: Parser returned #f
INFO: Detected an invalid packet at item 3456
INFO: Parser returned #f
INFO: Detected an invalid packet at item 3488
INFO: Parser returned #f
INFO: Detected an invalid packet at item 3520
INFO: Parser returned #f
INFO: Detected an invalid packet at item 3552
INFO: Parser returned #f
INFO: Detected an invalid packet at item 3584
INFO: Parser returned #f
INFO: Detected an invalid packet at item 3616
INFO: Parser returned #f
INFO: Detected an invalid packet at item 3648
INFO: Parser returned #f
INFO: Detected an invalid packet at item 3680
INFO: Parser returned #f
INFO: Detected an invalid packet at item 3712
INFO: Parser returned #f
INFO: Detected an invalid packet at item 3744
INFO: Parser returned #f
INFO: Detected an invalid packet at item 3776
INFO: Parser returned #f
INFO: Detected an invalid packet at item 3808
INFO: Parser returned #f
INFO: Detected an invalid packet at item 3840
INFO: Parser returned #f
INFO: Detected an invalid packet at item 3872
INFO: Parser returned #f
INFO: Detected an invalid packet at item 3904
INFO: Parser returned #f
INFO: Detected an invalid packet at item 3936
INFO: Parser returned #f
INFO: Detected an invalid packet at item 3968
INFO: Parser returned #f
INFO: Detected an invalid packet at item 4000
INFO: Parser returned #f
INFO: Detected an invalid packet at item 4032
INFO: Parser returned #f
INFO: Detected an invalid packet at item 4064
INFO: Parser returned #f
INFO: Detected an invalid packet at item 4096
INFO: Parser returned #f
INFO: Detected an invalid packet at item 4128
INFO: Parser returned #f
INFO: Detected an invalid packet at item 4160
INFO: Parser returned #f
INFO: Detected an invalid packet at item 4192
INFO: Parser returned #f
INFO: Detected an invalid packet at item 4224
INFO: Parser returned #f
INFO: Detected an invalid packet at item 4256
INFO: Parser returned #f
INFO: Detected an invalid packet at item 4288
INFO: Parser returned #f
INFO: Detected an invalid packet at item 4320
INFO: Parser returned #f
INFO: Detected an invalid packet at item 4352
INFO: Parser returned #f
INFO: Detected an invalid packet at item 4384
INFO: Parser returned #f
INFO: Detected an invalid packet at item 4416
INFO: Parser returned #f
INFO: Detected an invalid packet at item 4448
INFO: Parser returned #f
INFO: Detected an invalid packet at item 4480
INFO: Parser returned #f
INFO: Detected an invalid packet at item 4512
INFO: Parser returned #f
INFO: Detected an invalid packet at item 4544
INFO: Parser returned #f
INFO: Detected an invalid packet at item 4576
INFO: Parser returned #f
INFO: Detected an invalid packet at item 4608
INFO: Parser returned #f
INFO: Detected an invalid packet at item 4640
INFO: Parser returned #f
a data frame with index 0 from node: 3 has been transmitted 2th time
++++ frame_probe ID: 850 receives a frame at time 89.4864s ++++
INFO: Detected an invalid packet at item 4704
INFO: Parser returned #f
++++ frame_probe ID: 860 receives a frame at time 89.527s ++++
* header analysis ID: 7 get the 1th transmission of data frame 0 at time 1.48554e+07 s
++++ frame_probe ID: 1 receives a frame at time 89.5306s ++++
++++ frame_probe ID: 2 receives a frame at time 89.5306s ++++
++++ frame_probe ID: 1010 receives a frame at time 89.5307s ++++
generated random number is0.910009 and the threshold is 1. good luck. 
++++ frame_probe ID: 1018 receives a frame at time 89.5308s ++++
INFO: Detected an invalid packet at item 4768
INFO: Parser returned #f
INFO: Detected an invalid packet at item 4800
INFO: Parser returned #f
INFO: Detected an invalid packet at item 64
INFO: Parser returned #f
a data frame with index 0 from node: 3 has been transmitted 3th time
++++ frame_probe ID: 850 receives a frame at time 89.6918s ++++
measurement 1/2 complete in 1 second(s).
INFO: Detected an invalid packet at item 4864
INFO: Parser returned #f
++++ frame_probe ID: 860 receives a frame at time 89.7325s ++++
* header analysis ID: 7 get the 1th transmission of data frame 0 at time 1.48554e+07 s
++++ frame_probe ID: 2 receives a frame at time 89.7419s ++++
++++ frame_probe ID: 1 receives a frame at time 89.7419s ++++
++++ frame_probe ID: 1010 receives a frame at time 89.7419s ++++
generated random number is++++ frame_probe ID: 1018 receives a frame at time 0.548258 and the threshold is 1. good luck. 
89.742s ++++
INFO: Detected an invalid packet at item 4928
INFO: Parser returned #f
INFO: Detected an invalid packet at item 4960
INFO: Parser returned #f
INFO: Detected an invalid packet at item 96
INFO: Parser returned #f
a data frame with index 0 from node: 3 has been transmitted 4th time
++++ frame_probe ID: 850 receives a frame at time 89.9321s ++++
INFO: Detected an invalid packet at item 5024
INFO: Parser returned #f
++++ frame_probe ID: 860 receives a frame at time 89.9726s ++++
* header analysis ID: 7 get the 1th transmission of data frame 0 at time 1.48554e+07 s
++++ frame_probe ID: 1 receives a frame at time 89.9814s ++++
++++ frame_probe ID: 2 receives a frame at time 89.9814s ++++
++++ frame_probe ID: 1010 receives a frame at time 89.9814s ++++
generated random number is++++ frame_probe ID: 1018 receives a frame at time 0.40606 and the threshold is 1. good luck. 
89.9815s ++++
INFO: Detected an invalid packet at item 5088
INFO: Parser returned #f
INFO: Detected an invalid packet at item 5120
INFO: Parser returned #f
INFO: Detected an invalid packet at item 5152
INFO: Parser returned #f
INFO: Detected an invalid packet at item 128
INFO: Parser returned #f
a data frame with index 0 from node: 3 has been transmitted 5th time
++++ frame_probe ID: 850 receives a frame at time 90.2572s ++++
++++ frame_probe ID: 860 receives a frame at time 90.2977s ++++
* header analysis ID: 7 get the 1th transmission of data frame 0 at time 1.48554e+07 s
++++ frame_probe ID: 1 receives a frame at time 90.3081s ++++
++++ frame_probe ID: 2 receives a frame at time 90.3081s ++++
++++ frame_probe ID: 1010 receives a frame at time 90.3082s ++++
generated random number is++++ frame_probe ID: 1018 receives a frame at time 0.750295 and the threshold is 1. good luck. 90.3082s ++++

INFO: Detected an invalid packet at item 5248
INFO: Parser returned #f
INFO: Detected an invalid packet at item 5280
INFO: Parser returned #f
INFO: Detected an invalid packet at item 5312
INFO: Parser returned #f
INFO: Detected an invalid packet at item 160
INFO: Parser returned #f
frame: 0 from node: 3 is dropped because its max retransmission counter is reached. 
counter ID 880 results at time 5190.62 is 5
++++ frame_probe ID: 850 receives a frame at time 90.6373s ++++
INFO: Detected an invalid packet at item 5376
INFO: Parser returned #f
++++ frame_probe ID: 860 receives a frame at time 90.6779s ++++
* header analysis ID: 7 get the 1th transmission of data frame 1 at time 1.48554e+07 s
++++ frame_probe ID: 1 receives a frame at time 90.682s ++++
++++ frame_probe ID: 2 receives a frame at time 90.682s ++++
++++ frame_probe ID: 1010 receives a frame at time 90.6821s ++++
generated random number is++++ frame_probe ID: 1018 receives a frame at time 0.948707 and the threshold is 1. good luck. 90.6821s ++++

measurement 1 raw data directory created /home/inets/0_ba/bachelor_thesis/measurements/debug/data/132/1/.
'/home/inets/source/gr-inets/results/ack_not_filtered.txt' -> '/home/inets/0_ba/bachelor_thesis/measurements/debug/data/132/1/ack_not_filtered.txt'
'/home/inets/source/gr-inets/results/receiver_data_received.txt' -> '/home/inets/0_ba/bachelor_thesis/measurements/debug/data/132/1/receiver_data_received.txt'
'/home/inets/source/gr-inets/results/sender_bfr_dq.txt' -> '/home/inets/0_ba/bachelor_thesis/measurements/debug/data/132/1/sender_bfr_dq.txt'
'/home/inets/source/gr-inets/results/sender_data_sent.txt' -> '/home/inets/0_ba/bachelor_thesis/measurements/debug/data/132/1/sender_data_sent.txt'
'/home/inets/source/gr-inets/results/sender_retransmissions.txt' -> '/home/inets/0_ba/bachelor_thesis/measurements/debug/data/132/1/sender_retransmissions.txt'
measurement 1 raw data moved to /home/inets/0_ba/bachelor_thesis/measurements/debug/data/132/1/.

measurement 2/2 complete in 4 second(s).
linux; GNU C++ version 5.4.0 20160609; Boost_105800; UHD_003.009.005-45-g6768a615

linux; GNU C++ version 5.4.0 20160609; Boost_105800; UHD_003.009.005-45-g6768a615

Using Volk machine: avx_64_mmx
-- Opening a USRP2/N-Series device...
Using Volk machine: avx_64_mmx
-- Opening a USRP2/N-Series device...
-- Current recv frame size: 1472 bytes
-- Current send frame size: 1472 bytes
-- Current recv frame size: 1472 bytes
-- Current send frame size: 1472 bytes
measurement 2/2 complete in 3 second(s).
develop mode of resend_check ID: 24 is activated.
develop_mode of random_filter ID: 1015 is activated.
the 880th message counter is activated.
the 100th message counter is activated.
the 100th message counter is activated.
measurement 2/2 complete in 2 second(s).
node starts running at 92.9957
node starts running at 92.9969
++++ frame_probe ID: 850 receives a frame at time 93.0183s ++++
INFO: Detected an invalid packet at item 0
INFO: Parser returned #f
++++ frame_probe ID: 860 receives a frame at time 93.059s ++++
* header analysis ID: 7 get the 1th transmission of data frame 0 at time 1.48554e+07 s
++++ frame_probe ID: 1 receives a frame at time 93.063s ++++
++++ frame_probe ID: 2 receives a frame at time 93.063s ++++
++++ frame_probe ID: 1010 receives a frame at time 93.063s ++++
generated random number is++++ frame_probe ID: 1018 receives a frame at time 0.755227 and the threshold is 1. good luck. 
93.0631s ++++
INFO: Detected an invalid packet at item 64
INFO: Parser returned #f
INFO: Detected an invalid packet at item 96
INFO: Parser returned #f
INFO: Detected an invalid packet at item 128
INFO: Parser returned #f
INFO: Detected an invalid packet at item 0
INFO: Parser returned #f
a data frame with index 0 from node: 3 has been transmitted 1th time
++++ frame_probe ID: 850 receives a frame at time 93.1889s ++++
INFO: Detected an invalid packet at item 192
INFO: Parser returned #f
++++ frame_probe ID: 860 receives a frame at time 93.2297s ++++
* header analysis ID: 7 get the 1th transmission of data frame 0 at time 1.48554e+07 s
++++ frame_probe ID: 1 receives a frame at time 93.2354s ++++
++++ frame_probe ID: 2 receives a frame at time 93.2354s ++++
++++ frame_probe ID: 1010 receives a frame at time 93.2354s ++++
generated random number is++++ frame_probe ID: 1018 receives a frame at time 0.72228593.2355 and the threshold is s ++++
1. good luck. 
INFO: Detected an invalid packet at item 256
INFO: Parser returned #f
INFO: Detected an invalid packet at item 288
INFO: Parser returned #f
INFO: Detected an invalid packet at item 32
INFO: Parser returned #f
a data frame with index 0 from node: 3 has been transmitted 2th time
++++ frame_probe ID: 850 receives a frame at time 93.3743s ++++
INFO: Detected an invalid packet at item 352
INFO: Parser returned #f
++++ frame_probe ID: 860 receives a frame at time 93.4149s ++++
* header analysis ID: 7 get the 1th transmission of data frame 0 at time 1.48554e+07 s
++++ frame_probe ID: 1 receives a frame at time 93.4178s ++++
++++ frame_probe ID: 2 receives a frame at time 93.4178s ++++
++++ frame_probe ID: 1010 receives a frame at time 93.4178s ++++
++++ frame_probe ID: generated random number is1018 receives a frame at time 93.41790.937156s ++++ and the threshold is 
1. good luck. 
INFO: Detected an invalid packet at item 416
INFO: Parser returned #f
INFO: Detected an invalid packet at item 448
INFO: Parser returned #f
INFO: Detected an invalid packet at item 64
INFO: Parser returned #f
a data frame with index 0 from node: 3 has been transmitted 3th time
++++ frame_probe ID: 850 receives a frame at time 93.5443s ++++
++++ frame_probe ID: 860 receives a frame at time 93.5849s ++++
* header analysis ID: 7 get the 1th transmission of data frame 0 at time 1.48554e+07 s
++++ frame_probe ID: 1 receives a frame at time 93.5911s ++++
++++ frame_probe ID: 2 receives a frame at time 93.5911s ++++
++++ frame_probe ID: 1010 receives a frame at time 93.5911s ++++
generated random number is++++ frame_probe ID: 1018 receives a frame at time 0.340233 and the threshold is 93.5912s ++++1
. good luck. 
INFO: Detected an invalid packet at item 544
INFO: Parser returned #f
INFO: Detected an invalid packet at item 576
INFO: Parser returned #f
INFO: Detected an invalid packet at item 96
INFO: Parser returned #f
measurement 2/2 complete in 1 second(s).
a data frame with index 0 from node: 3 has been transmitted 4th time
++++ frame_probe ID: 850 receives a frame at time 93.7346s ++++
++++ frame_probe ID: 860 receives a frame at time 93.7751s ++++
* header analysis ID: 7 get the 1th transmission of data frame 0 at time 1.48554e+07 s
++++ frame_probe ID: 1 receives a frame at time 93.7826s ++++
++++ frame_probe ID: 2 receives a frame at time 93.7826s ++++
++++ frame_probe ID: 1010 receives a frame at time 93.7826s ++++
generated random number is++++ frame_probe ID: 1018 receives a frame at time 0.51734393.7827 and the threshold is s ++++
1. good luck. 
INFO: Detected an invalid packet at item 672
INFO: Parser returned #f
INFO: Detected an invalid packet at item 704
INFO: Parser returned #f
INFO: Detected an invalid packet at item 736
INFO: Parser returned #f
INFO: Detected an invalid packet at item 128
INFO: Parser returned #f
a data frame with index 0 from node: 3 has been transmitted 5th time
++++ frame_probe ID: 850 receives a frame at time 93.9896s ++++
INFO: Detected an invalid packet at item 800
INFO: Parser returned #f
++++ frame_probe ID: 860 receives a frame at time 94.0302s ++++
* header analysis ID: 7 get the 1th transmission of data frame 0 at time 1.48554e+07 s
++++ frame_probe ID: 1 receives a frame at time 94.0421s ++++
++++ frame_probe ID: 2 receives a frame at time 94.0421s ++++
++++ frame_probe ID: 1010 receives a frame at time 94.0421s ++++
generated random number is++++ frame_probe ID: 0.782257 and the threshold is 1018 receives a frame at time 1. good luck. 
94.0422s ++++
INFO: Detected an invalid packet at item 864
INFO: Parser returned #f
INFO: Detected an invalid packet at item 896
INFO: Parser returned #f
INFO: Detected an invalid packet at item 928
INFO: Parser returned #f
INFO: Detected an invalid packet at item 160
INFO: Parser returned #f
frame: 0 from node: 3 is dropped because its max retransmission counter is reached. 
counter ID 880 results at time 5194.4 is 5
++++ frame_probe ID: 850 receives a frame at time 94.4146s ++++
INFO: Detected an invalid packet at item 992
INFO: Parser returned #f
++++ frame_probe ID: 860 receives a frame at time 94.4552s ++++
* header analysis ID: 7 get the 1th transmission of data frame 1 at time 1.48554e+07 s
++++ frame_probe ID: 1 receives a frame at time 94.4641s ++++
++++ frame_probe ID: 2 receives a frame at time 94.4641s ++++
++++ frame_probe ID: 1010 receives a frame at time 94.4641s ++++
generated random number is0.82936 and the threshold is 1. good luck. 
++++ frame_probe ID: 1018 receives a frame at time 94.4642s ++++
INFO: Detected an invalid packet at item 1056
INFO: Parser returned #f
INFO: Detected an invalid packet at item 1088
INFO: Parser returned #f
INFO: Detected an invalid packet at item 192
INFO: Parser returned #f
a data frame with index 1 from node: 3 has been transmitted 1th time
++++ frame_probe ID: 850 receives a frame at time 94.5846s ++++
INFO: Detected an invalid packet at item 1152
INFO: Parser returned #f
++++ frame_probe ID: 860 receives a frame at time 94.6252s ++++
* header analysis ID: 7 get the 1th transmission of data frame 1 at time 1.48554e+07 s
++++ frame_probe ID: 1 receives a frame at time 94.6374s ++++
++++ frame_probe ID: 2 receives a frame at time 94.6374s ++++
++++ frame_probe ID: 1010 receives a frame at time 94.6375s ++++
generated random number is++++ frame_probe ID: 1018 receives a frame at time 0.121338 and the threshold is 1. good luck. 
94.6375s ++++
INFO: Detected an invalid packet at item 1216
INFO: Parser returned #f
INFO: Detected an invalid packet at item 1248
INFO: Parser returned #f
INFO: Detected an invalid packet at item 224
INFO: Parser returned #f
measurement 2 raw data directory created /home/inets/0_ba/bachelor_thesis/measurements/debug/data/132/2/.
'/home/inets/source/gr-inets/results/ack_not_filtered.txt' -> '/home/inets/0_ba/bachelor_thesis/measurements/debug/data/132/2/ack_not_filtered.txt'
'/home/inets/source/gr-inets/results/receiver_data_received.txt' -> '/home/inets/0_ba/bachelor_thesis/measurements/debug/data/132/2/receiver_data_received.txt'
'/home/inets/source/gr-inets/results/sender_bfr_dq.txt' -> '/home/inets/0_ba/bachelor_thesis/measurements/debug/data/132/2/sender_bfr_dq.txt'
'/home/inets/source/gr-inets/results/sender_data_sent.txt' -> '/home/inets/0_ba/bachelor_thesis/measurements/debug/data/132/2/sender_data_sent.txt'
'/home/inets/source/gr-inets/results/sender_retransmissions.txt' -> '/home/inets/0_ba/bachelor_thesis/measurements/debug/data/132/2/sender_retransmissions.txt'
measurement 2 raw data moved to /home/inets/0_ba/bachelor_thesis/measurements/debug/data/132/2/.

now processing results...
plotting python should be: python3 (ubuntu).
Hello from rtt.py!
hello from variables.py!
data_sent: 1500385189.130278
data_sent: 1500385189.306216
data_sent: 1500385189.486366
data_sent: 1500385189.691841
data_sent: 1500385189.932094
data_sent: 1500385190.257198
data_sent: 1500385190.637311
File /home/inets/0_ba/bachelor_thesis/measurements/debug/data/132/1/sender_ack_received.txt not found.                 Assuming not reached in GR.
retx: [5]
Last data frame wasnt acked (max tries).                         Termintating calculation here.

The resulting RTTs of this single measurement are:
[]



The resulting mean RTT of this single measurement is:
100


abs. packet loss: 7.0
packet loss in %: 100.0%
data_sent: 1500385193.018300
data_sent: 1500385193.188899
data_sent: 1500385193.374324
data_sent: 1500385193.544299
data_sent: 1500385193.734627
data_sent: 1500385193.989642
data_sent: 1500385194.414646
data_sent: 1500385194.584615
File /home/inets/0_ba/bachelor_thesis/measurements/debug/data/132/2/sender_ack_received.txt not found.                 Assuming not reached in GR.
retx: [5]
Last data frame wasnt acked (max tries).                         Termintating calculation here.

The resulting RTTs of this single measurement are:
[]



The resulting mean RTT of this single measurement is:
100


abs. packet loss: 8.0
packet loss in %: 100.0%
[ 100.  100.]
Hello from myplot.py!
I will print a pdf for you now!
Hello from myplot.py!
I will print a cdf for you now!
<a list of 1 Patch objects>
Hello from myplot.py!
I will print a boxplot for you now!
Hello from myplot.py!
I will print a bar for you now!
Hello from myplot.py!
I will print a line for you now!

+--------------------------------------------------------------+
| plotting completed. until the next measurement session then! |
+--------------------------------------------------------------+
