measurement 1/5 complete in 20 second(s).
linux; GNU C++ version 5.4.0 20160609; Boost_105800; UHD_003.009.005-45-g6768a615
linux; GNU C++ version 5.4.0 20160609; Boost_105800; UHD_003.009.005-45-g6768a615


Using Volk machine: avx_64_mmx
-- Opening a USRP2/N-Series device...
Using Volk machine: avx_64_mmx
-- Opening a USRP2/N-Series device...
-- Current recv frame size: 1472 bytes
-- Current recv frame size: 1472 bytes
-- Current send frame size: 1472 bytes
-- Current send frame size: 1472 bytes
measurement 1/5 complete in 19 second(s).
develop mode of resend_check ID: 24 is activated.
develop mode of resend_check ID: 24 is activated.
the 100th message counter is activated.
the 880th message counter is activated.
the 100th message counter is activated.
measurement 1/5 complete in 18 second(s).
node starts running at 38.9904
node starts running at 38.9963
++++ frame_probe ID: 1050 receives a frame at time 39.3197s ++++
++++ frame_probe ID: 1060 receives a frame at time 39.3607s ++++
++++ frame_probe ID: 882 receives a frame at time 39.3642s ++++
++++ frame_probe ID: 883 receives a frame at time 39.3642s ++++
++++ frame_probe ID: 890 receives a frame at time ++++ frame_probe ID: 884 receives a frame at time 39.364339.3643s ++++s ++++

++++ frame_probe ID: 860 receives a frame at time 39.3746s ++++
INFO: Detected an invalid packet at item 32
INFO: Parser returned #f
INFO: Detected an invalid packet at item 0
INFO: Parser returned #f
++++ frame_probe ID: 882 receives a frame at time 39.3842s ++++
++++ frame_probe ID: 1082 receives a frame at time 39.3844s ++++
++++ frame_probe ID: 1083 receives a frame at time 39.3844s ++++
++++ frame_probe ID: 1084 receives a frame at time 39.3844s ++++
counter results at time ++++ frame_probe ID: 3639.38 is 0
1090 receives a frame at time 39.3845s ++++
the 100th message counter node3_acked has been visited 1 times  
++++ frame_probe ID: 1050 receives a frame at time 39.4418s ++++
++++ frame_probe ID: 1060 receives a frame at time 39.4825s ++++
++++ frame_probe ID: 882 receives a frame at time 39.4884s ++++
++++ frame_probe ID: 883 receives a frame at time 39.4884s ++++
++++ frame_probe ID: 884 receives a frame at time ++++ frame_probe ID: 890 receives a frame at time 39.4885s ++++
39.4885s ++++
++++ frame_probe ID: 860 receives a frame at time 39.4987s ++++
INFO: Detected an invalid packet at item 64
INFO: Parser returned #f
++++ frame_probe ID: 1082 receives a frame at time 39.5079s ++++
++++ frame_probe ID: 1083 receives a frame at time 39.508s ++++
++++ frame_probe ID: 1084 receives a frame at time 39.508s ++++
counter results at time 3639.51 is 0
++++ frame_probe ID: 1090 receives a frame at time 39.508s ++++
INFO: Detected an invalid packet at item 128
INFO: Parser returned #f
++++ frame_probe ID: 882 receives a frame at time 39.5094s ++++
measurement 1/5 complete in 17 second(s).
the 100th message counter node3_acked has been visited 2 times  
++++ frame_probe ID: 1050 receives a frame at time 40.1834s ++++
++++ frame_probe ID: 1060 receives a frame at time 40.2243s ++++
++++ frame_probe ID: 882 receives a frame at time 40.2281s ++++
INFO: Detected an invalid packet at item 128
++++ frame_probe ID: 883 receives a frame at time 40.2281s ++++
INFO: Parser returned #f
++++ frame_probe ID: 884 receives a frame at time 40.2282s ++++
++++ frame_probe ID: 890 receives a frame at time 40.2282s ++++
++++ frame_probe ID: 860 receives a frame at time 40.2384s ++++
++++ frame_probe ID: 882 receives a frame at time 40.2474s ++++
INFO: Detected an invalid packet at item 160
INFO: Parser returned #f
++++ frame_probe ID: 1082 receives a frame at time 40.2479s ++++
++++ frame_probe ID: 1083 receives a frame at time 40.248s ++++
++++ frame_probe ID: 1084 receives a frame at time 40.248s ++++
counter results at time 3640.25 is 0
++++ frame_probe ID: 1090 receives a frame at time 40.2481s ++++
measurement 1/5 complete in 16 second(s).
the 100th message counter node3_acked has been visited 3 times  
++++ frame_probe ID: 1050 receives a frame at time 41.4755s ++++
++++ frame_probe ID: 1060 receives a frame at time 41.5164s ++++
++++ frame_probe ID: 882 receives a frame at time 41.524s ++++
INFO: Detected an invalid packet at item 224
++++ frame_probe ID: 884 receives a frame at time 41.5242s ++++
++++ frame_probe ID: 883 receives a frame at time 41.5242s ++++
++++ frame_probe ID: 890 receives a frame at time 41.5243s ++++
INFO: Parser returned #f
++++ frame_probe ID: 860 receives a frame at time 41.5344s ++++
++++ frame_probe ID: 882 receives a frame at time 41.5434s ++++
++++ frame_probe ID: 1082 receives a frame at time 41.5435s ++++
++++ frame_probe ID: 1083 receives a frame at time 41.5435s ++++
++++ frame_probe ID: 1084 receives a frame at time 41.5436s ++++
counter results at time ++++ frame_probe ID: 1090 receives a frame at time 3641.54 is 0
41.5437s ++++
measurement 1/5 complete in 15 second(s).
the 100th message counter node3_acked has been visited 4 times  
++++ frame_probe ID: 1050 receives a frame at time 41.9492s ++++
++++ frame_probe ID: 1060 receives a frame at time 41.9903s ++++
++++ frame_probe ID: 882 receives a frame at time 41.9942s ++++
++++ frame_probe ID: 883 receives a frame at time 41.9942s ++++
++++ frame_probe ID: 884 receives a frame at time 41.9943s ++++
++++ frame_probe ID: 890 receives a frame at time 41.9943s ++++
++++ frame_probe ID: 860 receives a frame at time 42.0046s ++++
++++ frame_probe ID: 882 receives a frame at time 42.0135s ++++
INFO: Detected an invalid packet at item 288
INFO: Parser returned #f
++++ frame_probe ID: 1082 receives a frame at time 42.0142s ++++
++++ frame_probe ID: 1083 receives a frame at time 42.0142s ++++
++++ frame_probe ID: 1084 receives a frame at time 42.0143s ++++
counter results at time 3642.01 is 0
++++ frame_probe ID: 1090 receives a frame at time 42.0143s ++++
measurement 1/5 complete in 14 second(s).
measurement 1/5 complete in 13 second(s).
the 100th message counter node3_acked has been visited 5 times  
++++ frame_probe ID: 1050 receives a frame at time 44.0397s ++++
++++ frame_probe ID: 1060 receives a frame at time 44.0805s ++++
++++ frame_probe ID: 882 receives a frame at time 44.0868s ++++
++++ frame_probe ID: 883 receives a frame at time 44.0868s ++++
++++ frame_probe ID: 884 receives a frame at time 44.0869s ++++
++++ frame_probe ID: 890 receives a frame at time 44.0869s ++++
++++ frame_probe ID: 860 receives a frame at time 44.0971s ++++
INFO: Detected an invalid packet at item 352
INFO: Detected an invalid packet at item 416
INFO: Parser returned #f
INFO: Parser returned #f
++++ frame_probe ID: 882 receives a frame at time 44.1067s ++++
++++ frame_probe ID: 1082 receives a frame at time 44.1068s ++++
++++ frame_probe ID: 1083 receives a frame at time 44.1068s ++++
++++ frame_probe ID: 1084 receives a frame at time 44.1068s ++++
counter results at time ++++ frame_probe ID: 1090 receives a frame at time 3644.11 is 0
44.1069s ++++
measurement 1/5 complete in 12 second(s).
measurement 1/5 complete in 11 second(s).
the 100th message counter node3_acked has been visited 6 times  
++++ frame_probe ID: 1050 receives a frame at time 46.0662s ++++
++++ frame_probe ID: 1060 receives a frame at time 46.1069s ++++
INFO: Detected an invalid packet at item 416
INFO: Parser returned #f
++++ frame_probe ID: 882 receives a frame at time 46.1121s ++++
++++ frame_probe ID: 883 receives a frame at time 46.1122s ++++
++++ frame_probe ID: 884 receives a frame at time 46.1122s ++++
++++ frame_probe ID: 890 receives a frame at time 46.1122s ++++
++++ frame_probe ID: 860 receives a frame at time 46.1223s ++++
INFO: Detected an invalid packet at item 448
INFO: Parser returned #f
++++ frame_probe ID: 1082 receives a frame at time 46.1312s ++++
++++ frame_probe ID: 1083 receives a frame at time 46.1313s ++++
++++ frame_probe ID: 1084 receives a frame at time 46.1313s ++++
counter results at time ++++ frame_probe ID: 3646.13 is 0
1090 receives a frame at time 46.1314s ++++
++++ frame_probe ID: 882 receives a frame at time 46.1316s ++++
measurement 1/5 complete in 10 second(s).
measurement 1/5 complete in 9 second(s).
measurement 1/5 complete in 8 second(s).
the 100th message counter node3_acked has been visited 7 times  
++++ frame_probe ID: 1050 receives a frame at time 48.8708s ++++
++++ frame_probe ID: 1060 receives a frame at time 48.9117s ++++
++++ frame_probe ID: 882 receives a frame at time 48.9147s ++++
++++ frame_probe ID: 883 receives a frame at time 48.9148s ++++
++++ frame_probe ID: 884 receives a frame at time 48.9148s ++++
++++ frame_probe ID: 890 receives a frame at time 48.9149s ++++
++++ frame_probe ID: 860 receives a frame at time 48.9252s ++++
++++ frame_probe ID: 1082 receives a frame at time 48.9341s ++++
++++ frame_probe ID: 1083 receives a frame at time 48.9342s ++++
++++ frame_probe ID: 1084 receives a frame at time 48.9342s ++++
++++ frame_probe ID: counter results at time 1090 receives a frame at time 48.93423648.93s ++++ is 
0
++++ frame_probe ID: 882 receives a frame at time 48.9352s ++++
measurement 1/5 complete in 7 second(s).
measurement 1/5 complete in 6 second(s).
measurement 1/5 complete in 5 second(s).
the 100th message counter node3_acked has been visited 8 times  
++++ frame_probe ID: 1050 receives a frame at time 51.8356s ++++
++++ frame_probe ID: 1060 receives a frame at time 51.8764s ++++
++++ frame_probe ID: 882 receives a frame at time 51.8813s ++++
++++ frame_probe ID: 883 receives a frame at time 51.8813s ++++
++++ frame_probe ID: 884 receives a frame at time 51.8813s ++++
++++ frame_probe ID: 890 receives a frame at time 51.8814s ++++
++++ frame_probe ID: 860 receives a frame at time 51.8915s ++++
INFO: Detected an invalid packet at item 544
INFO: Parser returned #f
++++ frame_probe ID: 1082 receives a frame at time 51.9005s ++++
++++ frame_probe ID: 1083 receives a frame at time 51.9006s ++++
++++ frame_probe ID: 1084 receives a frame at time 51.9006s ++++
counter results at time 3651.9 is 0
++++ frame_probe ID: 1090 receives a frame at time 51.9007s ++++
++++ frame_probe ID: 882 receives a frame at time 51.9008s ++++
measurement 1/5 complete in 4 second(s).
measurement 1/5 complete in 3 second(s).
measurement 1/5 complete in 2 second(s).
the 100th message counter node3_acked has been visited 9 times  
++++ frame_probe ID: 1050 receives a frame at time 54.7482s ++++
++++ frame_probe ID: 1060 receives a frame at time 54.789s ++++
INFO: Detected an invalid packet at item 608
INFO: Parser returned #f
INFO: Detected an invalid packet at item 640
INFO: Parser returned #f
++++ frame_probe ID: 882 receives a frame at time 54.8s ++++
++++ frame_probe ID: 883 receives a frame at time 54.8001s ++++
++++ frame_probe ID: 884 receives a frame at time 54.8001s ++++
++++ frame_probe ID: 890 receives a frame at time 54.8002s ++++
++++ frame_probe ID: 860 receives a frame at time 54.8105s ++++
INFO: Detected an invalid packet at item 672
INFO: Parser returned #f
++++ frame_probe ID: 1082 receives a frame at time 54.819s ++++
++++ frame_probe ID: 1083 receives a frame at time 54.819s ++++
++++ frame_probe ID: 1084 receives a frame at time 54.8191s ++++
counter results at time ++++ frame_probe ID: 1090 receives a frame at time 3654.82 is 0
54.8191s ++++
INFO: Detected an invalid packet at item 704
INFO: Parser returned #f
++++ frame_probe ID: 882 receives a frame at time 54.8199s ++++
measurement 1/5 complete in 1 second(s).
measurement 1 raw data directory created /home/inets/0_ba/bachelor_thesis/measurements/debug/data/237/1/.
'/home/inets/source/gr-inets/results/receiver_ack_sent.txt' -> '/home/inets/0_ba/bachelor_thesis/measurements/debug/data/237/1/receiver_ack_sent.txt'
'/home/inets/source/gr-inets/results/receiver_data_received.txt' -> '/home/inets/0_ba/bachelor_thesis/measurements/debug/data/237/1/receiver_data_received.txt'
'/home/inets/source/gr-inets/results/receiver_frame_anlyzed.txt' -> '/home/inets/0_ba/bachelor_thesis/measurements/debug/data/237/1/receiver_frame_anlyzed.txt'
'/home/inets/source/gr-inets/results/receiver_frame_checked_good.txt' -> '/home/inets/0_ba/bachelor_thesis/measurements/debug/data/237/1/receiver_frame_checked_good.txt'
'/home/inets/source/gr-inets/results/receiver_frame_received.txt' -> '/home/inets/0_ba/bachelor_thesis/measurements/debug/data/237/1/receiver_frame_received.txt'
'/home/inets/source/gr-inets/results/sender_ack_received.txt' -> '/home/inets/0_ba/bachelor_thesis/measurements/debug/data/237/1/sender_ack_received.txt'
'/home/inets/source/gr-inets/results/sender_bfr_dq.txt' -> '/home/inets/0_ba/bachelor_thesis/measurements/debug/data/237/1/sender_bfr_dq.txt'
'/home/inets/source/gr-inets/results/sender_data_sent.txt' -> '/home/inets/0_ba/bachelor_thesis/measurements/debug/data/237/1/sender_data_sent.txt'
'/home/inets/source/gr-inets/results/sender_frame_anlyzed.txt' -> '/home/inets/0_ba/bachelor_thesis/measurements/debug/data/237/1/sender_frame_anlyzed.txt'
'/home/inets/source/gr-inets/results/sender_frame_checked_good.txt' -> '/home/inets/0_ba/bachelor_thesis/measurements/debug/data/237/1/sender_frame_checked_good.txt'
'/home/inets/source/gr-inets/results/sender_frame_received.txt' -> '/home/inets/0_ba/bachelor_thesis/measurements/debug/data/237/1/sender_frame_received.txt'
'/home/inets/source/gr-inets/results/sender_retransmissions.txt' -> '/home/inets/0_ba/bachelor_thesis/measurements/debug/data/237/1/sender_retransmissions.txt'
measurement 1 raw data moved to /home/inets/0_ba/bachelor_thesis/measurements/debug/data/237/1/.

measurement 2/5 complete in 20 second(s).
linux; GNU C++ version 5.4.0 20160609; Boost_105800; UHD_003.009.005-45-g6768a615
linux; GNU C++ version 5.4.0 20160609; Boost_105800; UHD_003.009.005-45-g6768a615


Using Volk machine: avx_64_mmx
-- Opening a USRP2/N-Series device...
Using Volk machine: avx_64_mmx
-- Opening a USRP2/N-Series device...
-- Current recv frame size: 1472 bytes
-- Current send frame size: 1472 bytes
-- Current recv frame size: 1472 bytes
-- Current send frame size: 1472 bytes
measurement 2/5 complete in 19 second(s).
develop mode of resend_check ID: 24 is activated.
develop mode of resend_check ID: 24 is activated.
the 100th message counter is activated.
the 880th message counter is activated.
the 100th message counter is activated.
measurement 2/5 complete in 18 second(s).
node starts running at 58.9927
node starts running at 59.0195
++++ frame_probe ID: 1050 receives a frame at time 59.0926s ++++
++++ frame_probe ID: 1060 receives a frame at time 59.1338s ++++
++++ frame_probe ID: 882 receives a frame at time 59.1456s ++++
++++ frame_probe ID: 883 receives a frame at time 59.1456s ++++
++++ frame_probe ID: 884 receives a frame at time 59.1457s ++++
++++ frame_probe ID: 890 receives a frame at time 59.1457s ++++
++++ frame_probe ID: 860 receives a frame at time 59.1561s ++++
++++ frame_probe ID: 1082 receives a frame at time 59.1637s ++++
++++ frame_probe ID: 1083 receives a frame at time 59.1638s ++++
++++ frame_probe ID: 1084 receives a frame at time 59.1638s ++++
counter results at time 3659.16 is 0
++++ frame_probe ID: 1090 receives a frame at time 59.1639s ++++
++++ frame_probe ID: 882 receives a frame at time 59.1649s ++++
measurement 2/5 complete in 17 second(s).
measurement 2/5 complete in 16 second(s).
the 100th message counter node3_acked has been visited 1 times  
++++ frame_probe ID: 1050 receives a frame at time 60.7574s ++++
++++ frame_probe ID: 1060 receives a frame at time 60.7984s ++++
++++ frame_probe ID: 882 receives a frame at time 60.8062s ++++
++++ frame_probe ID: 884 receives a frame at time ++++ frame_probe ID: 883 receives a frame at time 60.8063s ++++
++++ frame_probe ID: 890 receives a frame at time 60.8063s ++++
60.8063s ++++
++++ frame_probe ID: 860 receives a frame at time 60.8167s ++++
INFO: Detected an invalid packet at item 32
INFO: Parser returned #f
++++ frame_probe ID: 1082 receives a frame at time 60.8251s ++++
++++ frame_probe ID: 1083 receives a frame at time 60.8252s ++++
++++ frame_probe ID: 1084 receives a frame at time 60.8252s ++++
counter results at time ++++ frame_probe ID: 1090 receives a frame at time 3660.83 is 0
60.8252s ++++
INFO: Detected an invalid packet at item 96
INFO: Parser returned #f
++++ frame_probe ID: 882 receives a frame at time 60.8263s ++++
measurement 2/5 complete in 15 second(s).
measurement 2/5 complete in 14 second(s).
the 100th message counter node3_acked has been visited 2 times  
++++ frame_probe ID: 1050 receives a frame at time 63.319s ++++
++++ frame_probe ID: 1060 receives a frame at time 63.3599s ++++
INFO: Detected an invalid packet at item 96
INFO: Parser returned #f
++++ frame_probe ID: 882 receives a frame at time 63.3689s ++++
++++ frame_probe ID: 883 receives a frame at time 63.369s ++++
++++ frame_probe ID: 884 receives a frame at time 63.369s ++++
++++ frame_probe ID: 890 receives a frame at time 63.3691s ++++
++++ frame_probe ID: 860 receives a frame at time 63.3793s ++++
INFO: Detected an invalid packet at item 128
INFO: Parser returned #f
++++ frame_probe ID: 1082 receives a frame at time 63.3878s ++++
++++ frame_probe ID: 1083 receives a frame at time 63.3879s ++++
++++ frame_probe ID: 1084 receives a frame at time 63.3879s ++++
counter results at time 3663.39 is 0
++++ frame_probe ID: 1090 receives a frame at time 63.388s ++++
INFO: Detected an invalid packet at item 192
INFO: Parser returned #f
++++ frame_probe ID: 882 receives a frame at time 63.389s ++++
measurement 2/5 complete in 13 second(s).
the 100th message counter node3_acked has been visited 3 times  
++++ frame_probe ID: 1050 receives a frame at time 64.6214s ++++
measurement 2/5 complete in 12 second(s).
++++ frame_probe ID: 1060 receives a frame at time 64.6624s ++++
INFO: Detected an invalid packet at item 192
INFO: Parser returned #f
++++ frame_probe ID: 882 receives a frame at time 64.6739s ++++
++++ frame_probe ID: 883 receives a frame at time 64.6739s ++++
++++ frame_probe ID: 884 receives a frame at time 64.674s ++++
++++ frame_probe ID: 890 receives a frame at time 64.674s ++++
++++ frame_probe ID: 860 receives a frame at time 64.6842s ++++
INFO: Detected an invalid packet at item 224
INFO: Parser returned #f
++++ frame_probe ID: 1082 receives a frame at time 64.6935s ++++
++++ frame_probe ID: 1083 receives a frame at time 64.6936s ++++
++++ frame_probe ID: 1084 receives a frame at time 64.6936s ++++
counter results at time 3664.69 is 0
++++ frame_probe ID: 1090 receives a frame at time 64.6937s ++++
INFO: Detected an invalid packet at item 288
INFO: Parser returned #f
++++ frame_probe ID: 882 receives a frame at time 64.6943s ++++
measurement 2/5 complete in 11 second(s).
measurement 2/5 complete in 10 second(s).
the 100th message counter node3_acked has been visited 4 times  
++++ frame_probe ID: 1050 receives a frame at time 67.163s ++++
++++ frame_probe ID: 1060 receives a frame at time 67.2039s ++++
INFO: Detected an invalid packet at item 288
INFO: Parser returned #f
++++ frame_probe ID: 882 receives a frame at time 67.2086s ++++
++++ frame_probe ID: 883 receives a frame at time 67.2086s ++++
++++ frame_probe ID: 884 receives a frame at time 67.2087s ++++
++++ frame_probe ID: 890 receives a frame at time 67.2087s ++++
++++ frame_probe ID: 860 receives a frame at time 67.2189s ++++
INFO: Detected an invalid packet at item 320
INFO: Parser returned #f
++++ frame_probe ID: 882 receives a frame at time 67.2284s ++++
++++ frame_probe ID: 1082 receives a frame at time 67.2286s ++++
++++ frame_probe ID: 1083 receives a frame at time 67.2287s ++++
++++ frame_probe ID: 1084 receives a frame at time counter results at time 67.2287s ++++
++++ frame_probe ID: 1090 receives a frame at time 67.2288s ++++
3667.23 is 0
measurement 2/5 complete in 9 second(s).
measurement 2/5 complete in 8 second(s).
measurement 2/5 complete in 7 second(s).
the 100th message counter node3_acked has been visited 5 times  
++++ frame_probe ID: 1050 receives a frame at time 69.9201s ++++
++++ frame_probe ID: 1060 receives a frame at time 69.961s ++++
++++ frame_probe ID: 882 receives a frame at time 69.9638s ++++
++++ frame_probe ID: 883 receives a frame at time 69.9639s ++++
++++ frame_probe ID: 884 receives a frame at time 69.9639s ++++
++++ frame_probe ID: 890 receives a frame at time 69.964s ++++
INFO: Detected an invalid packet at item 384
INFO: Parser returned #f
++++ frame_probe ID: 860 receives a frame at time 69.9742s ++++
++++ frame_probe ID: 1082 receives a frame at time 69.9828s ++++
++++ frame_probe ID: 1083 receives a frame at time 69.9829s ++++
++++ frame_probe ID: 1084 receives a frame at time 69.9829s ++++
counter results at time ++++ frame_probe ID: 1090 receives a frame at time 3669.98 is 0
69.983s ++++
++++ frame_probe ID: 882 receives a frame at time 69.9833s ++++
measurement 2/5 complete in 6 second(s).
measurement 2/5 complete in 5 second(s).
the 100th message counter node3_acked has been visited 6 times  
++++ frame_probe ID: 1050 receives a frame at time 71.8465s ++++
++++ frame_probe ID: 1060 receives a frame at time 71.8873s ++++
INFO: Detected an invalid packet at item 448
INFO: Parser returned #f
++++ frame_probe ID: 882 receives a frame at time 71.8932s ++++
++++ frame_probe ID: 883 receives a frame at time 71.8933s ++++
++++ frame_probe ID: 884 receives a frame at time 71.8933s ++++
++++ frame_probe ID: 890 receives a frame at time 71.8933s ++++
++++ frame_probe ID: 860 receives a frame at time 71.9036s ++++
INFO: Detected an invalid packet at item 480
INFO: Parser returned #f
INFO: Detected an invalid packet at item 512
INFO: Parser returned #f
++++ frame_probe ID: 1082 receives a frame at time 71.9132s ++++
++++ frame_probe ID: 1083 receives a frame at time 71.9133s ++++
counter results at time 3671.91 is ++++ frame_probe ID: 0
1090 receives a frame at time ++++ frame_probe ID: 1084 receives a frame at time 71.9134s ++++
71.9134s ++++
++++ frame_probe ID: 882 receives a frame at time 71.9135s ++++
measurement 2/5 complete in 4 second(s).
measurement 2/5 complete in 3 second(s).
measurement 2/5 complete in 2 second(s).
the 100th message counter node3_acked has been visited 7 times  
++++ frame_probe ID: 1050 receives a frame at time 74.7609s ++++
++++ frame_probe ID: 1060 receives a frame at time 74.8018s ++++
++++ frame_probe ID: 882 receives a frame at time 74.8116s ++++
++++ frame_probe ID: 883 receives a frame at time 74.8116s ++++
++++ frame_probe ID: 884 receives a frame at time 74.8117s ++++
++++ frame_probe ID: 890 receives a frame at time 74.8117s ++++
++++ frame_probe ID: 860 receives a frame at time 74.822s ++++
INFO: Detected an invalid packet at item 544
INFO: Parser returned #f
INFO: Detected an invalid packet at item 608
INFO: Parser returned #f
++++ frame_probe ID: 1082 receives a frame at time 74.8313s ++++
++++ frame_probe ID: 1083 receives a frame at time 74.8314s ++++
++++ frame_probe ID: 1084 receives a frame at time 74.8314s ++++
counter results at time 3674.83 is 0
++++ frame_probe ID: 1090 receives a frame at time 74.8315s ++++
++++ frame_probe ID: 882 receives a frame at time 74.8316s ++++
measurement 2/5 complete in 1 second(s).
the 100th message counter node3_acked has been visited 8 times  
++++ frame_probe ID: 1050 receives a frame at time 76.0769s ++++
++++ frame_probe ID: 1060 receives a frame at time 76.118s ++++
INFO: Detected an invalid packet at item 608
INFO: Parser returned #f
++++ frame_probe ID: 882 receives a frame at time 76.1267s ++++
++++ frame_probe ID: 883 receives a frame at time 76.1267s ++++
++++ frame_probe ID: 884 receives a frame at time 76.1268s ++++
++++ frame_probe ID: 890 receives a frame at time 76.1268s ++++
++++ frame_probe ID: 860 receives a frame at time 76.1371s ++++
INFO: Detected an invalid packet at item 640
INFO: Parser returned #f
INFO: Detected an invalid packet at item 704
INFO: Parser returned #f
++++ frame_probe ID: 1082 receives a frame at time 76.1463s ++++
++++ frame_probe ID: 1083 receives a frame at time 76.1464s ++++
++++ frame_probe ID: 1084 receives a frame at time 76.1465s ++++
counter results at time 3676.15 is 0
++++ frame_probe ID: 1090 receives a frame at time 76.1466s ++++
++++ frame_probe ID: 882 receives a frame at time 76.1469s ++++
measurement 2 raw data directory created /home/inets/0_ba/bachelor_thesis/measurements/debug/data/237/2/.
'/home/inets/source/gr-inets/results/receiver_ack_sent.txt' -> '/home/inets/0_ba/bachelor_thesis/measurements/debug/data/237/2/receiver_ack_sent.txt'
'/home/inets/source/gr-inets/results/receiver_data_received.txt' -> '/home/inets/0_ba/bachelor_thesis/measurements/debug/data/237/2/receiver_data_received.txt'
'/home/inets/source/gr-inets/results/receiver_frame_anlyzed.txt' -> '/home/inets/0_ba/bachelor_thesis/measurements/debug/data/237/2/receiver_frame_anlyzed.txt'
'/home/inets/source/gr-inets/results/receiver_frame_checked_good.txt' -> '/home/inets/0_ba/bachelor_thesis/measurements/debug/data/237/2/receiver_frame_checked_good.txt'
'/home/inets/source/gr-inets/results/receiver_frame_received.txt' -> '/home/inets/0_ba/bachelor_thesis/measurements/debug/data/237/2/receiver_frame_received.txt'
'/home/inets/source/gr-inets/results/sender_ack_received.txt' -> '/home/inets/0_ba/bachelor_thesis/measurements/debug/data/237/2/sender_ack_received.txt'
'/home/inets/source/gr-inets/results/sender_bfr_dq.txt' -> '/home/inets/0_ba/bachelor_thesis/measurements/debug/data/237/2/sender_bfr_dq.txt'
'/home/inets/source/gr-inets/results/sender_data_sent.txt' -> '/home/inets/0_ba/bachelor_thesis/measurements/debug/data/237/2/sender_data_sent.txt'
'/home/inets/source/gr-inets/results/sender_frame_anlyzed.txt' -> '/home/inets/0_ba/bachelor_thesis/measurements/debug/data/237/2/sender_frame_anlyzed.txt'
'/home/inets/source/gr-inets/results/sender_frame_checked_good.txt' -> '/home/inets/0_ba/bachelor_thesis/measurements/debug/data/237/2/sender_frame_checked_good.txt'
'/home/inets/source/gr-inets/results/sender_frame_received.txt' -> '/home/inets/0_ba/bachelor_thesis/measurements/debug/data/237/2/sender_frame_received.txt'
'/home/inets/source/gr-inets/results/sender_retransmissions.txt' -> '/home/inets/0_ba/bachelor_thesis/measurements/debug/data/237/2/sender_retransmissions.txt'
measurement 2 raw data moved to /home/inets/0_ba/bachelor_thesis/measurements/debug/data/237/2/.

measurement 3/5 complete in 20 second(s).
linux; GNU C++ version 5.4.0 20160609; Boost_105800; UHD_003.009.005-45-g6768a615
linux; GNU C++ version 5.4.0 20160609; Boost_105800; UHD_003.009.005-45-g6768a615


Using Volk machine: avx_64_mmx
-- Opening a USRP2/N-Series device...
Using Volk machine: avx_64_mmx
-- Opening a USRP2/N-Series device...
-- Current recv frame size: 1472 bytes
-- Current send frame size: 1472 bytes
-- Current recv frame size: 1472 bytes
-- Current send frame size: 1472 bytes
measurement 3/5 complete in 19 second(s).
develop mode of resend_check ID: 24 is activated.
develop mode of resend_check ID: 24 is activated.
the 100th message counter is activated.
the 880th message counter is activated.
the 100th message counter is activated.
measurement 3/5 complete in 18 second(s).
node starts running at 79.2135
node starts running at 79.2176
++++ frame_probe ID: 1050 receives a frame at time 79.2642s ++++
++++ frame_probe ID: 1060 receives a frame at time 79.3056s ++++
++++ frame_probe ID: 882 receives a frame at time 79.3117s ++++
++++ frame_probe ID: 883 receives a frame at time 79.3118s ++++
++++ frame_probe ID: 884 receives a frame at time 79.3118s ++++
++++ frame_probe ID: 890 receives a frame at time 79.3119s ++++
++++ frame_probe ID: 860 receives a frame at time 79.3223s ++++
++++ frame_probe ID: 1082 receives a frame at time 79.3261s ++++
++++ frame_probe ID: 1083 receives a frame at time 79.3262s ++++
++++ frame_probe ID: 1084 receives a frame at time 79.3263s ++++
counter results at time ++++ frame_probe ID: 1090 receives a frame at time 3679.33 is 0
79.3263s ++++
++++ frame_probe ID: 882 receives a frame at time 79.3319s ++++
measurement 3/5 complete in 17 second(s).
measurement 3/5 complete in 16 second(s).
the 100th message counter node3_acked has been visited 1 times  
++++ frame_probe ID: 1050 receives a frame at time 80.9917s ++++
++++ frame_probe ID: 1060 receives a frame at time 81.0327s ++++
++++ frame_probe ID: 882 receives a frame at time 81.0404s ++++
++++ frame_probe ID: 883 receives a frame at time 81.0404s ++++
++++ frame_probe ID: 884 receives a frame at time 81.0405s ++++
++++ frame_probe ID: 890 receives a frame at time 81.0405s ++++
++++ frame_probe ID: 860 receives a frame at time 81.0508s ++++
++++ frame_probe ID: 1082 receives a frame at time 81.0551s ++++
++++ frame_probe ID: 1083 receives a frame at time 81.0551s ++++
++++ frame_probe ID: 1084 receives a frame at time 81.0552s ++++
counter results at time 3681.06 is 0
++++ frame_probe ID: 1090 receives a frame at time 81.0553s ++++
++++ frame_probe ID: 882 receives a frame at time 81.06s ++++
measurement 3/5 complete in 15 second(s).
the 100th message counter node3_acked has been visited 2 times  
++++ frame_probe ID: 1050 receives a frame at time 82.1867s ++++
++++ frame_probe ID: 1060 receives a frame at time 82.2276s ++++
++++ frame_probe ID: 882 receives a frame at time 82.2401s ++++
++++ frame_probe ID: 883 receives a frame at time 82.2401s ++++
++++ frame_probe ID: 884 receives a frame at time 82.2402s ++++
++++ frame_probe ID: 890 receives a frame at time 82.2403s ++++
++++ frame_probe ID: 860 receives a frame at time 82.2506s ++++
INFO: Detected an invalid packet at item 64
INFO: Parser returned #f
++++ frame_probe ID: 1082 receives a frame at time 82.2553s ++++
++++ frame_probe ID: 1083 receives a frame at time 82.2554s ++++
++++ frame_probe ID: 1084 receives a frame at time 82.2554s ++++
counter results at time 3682.26 is 0
++++ frame_probe ID: 1090 receives a frame at time 82.2555s ++++
++++ frame_probe ID: 882 receives a frame at time 82.2593s ++++
measurement 3/5 complete in 14 second(s).
measurement 3/5 complete in 13 second(s).
measurement 3/5 complete in 12 second(s).
the 100th message counter node3_acked has been visited 3 times  
++++ frame_probe ID: 1050 receives a frame at time 85.2229s ++++
++++ frame_probe ID: 1060 receives a frame at time 85.2638s ++++
++++ frame_probe ID: 882 receives a frame at time 85.2739s ++++
++++ frame_probe ID: 883 receives a frame at time 85.274s ++++
++++ frame_probe ID: 884 receives a frame at time 85.274s ++++
++++ frame_probe ID: 890 receives a frame at time 85.2741s ++++
++++ frame_probe ID: 860 receives a frame at time 85.2843s ++++
INFO: Detected an invalid packet at item 128
INFO: Parser returned #f
++++ frame_probe ID: 1082 receives a frame at time 85.2889s ++++
++++ frame_probe ID: 1083 receives a frame at time 85.289s ++++
++++ frame_probe ID: 1084 receives a frame at time 85.289s ++++
counter results at time 3685.29 is 0++++ frame_probe ID: 
1090 receives a frame at time 85.2891s ++++
INFO: Detected an invalid packet at item 224
INFO: Parser returned #f
++++ frame_probe ID: 882 receives a frame at time 85.2937s ++++
measurement 3/5 complete in 11 second(s).
the 100th message counter node3_acked has been visited 4 times  
++++ frame_probe ID: 1050 receives a frame at time 86.3604s ++++
++++ frame_probe ID: 1060 receives a frame at time 86.4014s ++++
++++ frame_probe ID: 882 receives a frame at time 86.4064s ++++
++++ frame_probe ID: 883 receives a frame at time 86.4064s ++++
++++ frame_probe ID: 884 receives a frame at time 86.4065s ++++
++++ frame_probe ID: 890 receives a frame at time 86.4065s ++++
++++ frame_probe ID: 860 receives a frame at time 86.4168s ++++
INFO: Detected an invalid packet at item 192
INFO: Parser returned #f
++++ frame_probe ID: 1082 receives a frame at time 86.4216s ++++
++++ frame_probe ID: 1083 receives a frame at time 86.4217s ++++
counter results at time ++++ frame_probe ID: ++++ frame_probe ID: 10903686.421084 receives a frame at time  receives a frame at time  is 0
86.4218s ++++
86.4218s ++++
++++ frame_probe ID: 882 receives a frame at time 86.4257s ++++
measurement 3/5 complete in 10 second(s).
measurement 3/5 complete in 9 second(s).
measurement 3/5 complete in 8 second(s).
the 100th message counter node3_acked has been visited 5 times  
++++ frame_probe ID: 1050 receives a frame at time 88.9331s ++++
++++ frame_probe ID: 1060 receives a frame at time 88.9741s ++++
++++ frame_probe ID: 882 receives a frame at time 88.9793s ++++
++++ frame_probe ID: 883 receives a frame at time 88.9794s ++++
++++ frame_probe ID: 884 receives a frame at time 88.9794s ++++
++++ frame_probe ID: 890 receives a frame at time 88.9795s ++++
++++ frame_probe ID: 860 receives a frame at time 88.9898s ++++
INFO: Detected an invalid packet at item 256
INFO: Parser returned #f
++++ frame_probe ID: 1082 receives a frame at time 88.9943s ++++
++++ frame_probe ID: 1083 receives a frame at time 88.9944s ++++
++++ frame_probe ID: 1084 receives a frame at time 88.9944s ++++
counter results at time 3688.99 is 0
++++ frame_probe ID: 1090 receives a frame at time 88.9945s ++++
INFO: Detected an invalid packet at item 384
INFO: Parser returned #f
++++ frame_probe ID: 882 receives a frame at time 88.9992s ++++
measurement 3/5 complete in 7 second(s).
measurement 3/5 complete in 6 second(s).
measurement 3/5 complete in 5 second(s).
the 100th message counter node3_acked has been visited 6 times  
++++ frame_probe ID: 1050 receives a frame at time 91.9919s ++++
++++ frame_probe ID: 1060 receives a frame at time 92.0328s ++++
INFO: Detected an invalid packet at item 320
INFO: Parser returned #f
++++ frame_probe ID: 882 receives a frame at time 92.0411s ++++
++++ frame_probe ID: 883 receives a frame at time 92.0412s ++++
++++ frame_probe ID: 884 receives a frame at time 92.0412s ++++
++++ frame_probe ID: 890 receives a frame at time 92.0413s ++++
++++ frame_probe ID: 860 receives a frame at time 92.0515s ++++
INFO: Detected an invalid packet at item 352
INFO: Parser returned #f
++++ frame_probe ID: 1082 receives a frame at time 92.0576s ++++
++++ frame_probe ID: 1083 receives a frame at time 92.0577s ++++
++++ frame_probe ID: 1084 receives a frame at time 92.0578s ++++
counter results at time 3692.06 is 0
++++ frame_probe ID: 1090 receives a frame at time 92.0578s ++++
++++ frame_probe ID: 882 receives a frame at time 92.0615s ++++
measurement 3/5 complete in 4 second(s).
measurement 3/5 complete in 3 second(s).
the 100th message counter node3_acked has been visited 7 times  
++++ frame_probe ID: 1050 receives a frame at time 94.4312s ++++
++++ frame_probe ID: 1060 receives a frame at time 94.4722s ++++
++++ frame_probe ID: 882 receives a frame at time 94.4796s ++++
++++ frame_probe ID: 883 receives a frame at time 94.4796s ++++
++++ frame_probe ID: 884 receives a frame at time 94.4796s ++++
++++ frame_probe ID: 890 receives a frame at time 94.4797s ++++
++++ frame_probe ID: 860 receives a frame at time 94.49s ++++
++++ frame_probe ID: 1082 receives a frame at time 94.4941s ++++
++++ frame_probe ID: 1083 receives a frame at time 94.4941s ++++
++++ frame_probe ID: 1084 receives a frame at time 94.4942s ++++
counter results at time 3694.49 is 0
++++ frame_probe ID: 1090 receives a frame at time 94.4942s ++++
++++ frame_probe ID: 882 receives a frame at time 94.4998s ++++
measurement 3/5 complete in 2 second(s).
measurement 3/5 complete in 1 second(s).
measurement 3 raw data directory created /home/inets/0_ba/bachelor_thesis/measurements/debug/data/237/3/.
'/home/inets/source/gr-inets/results/receiver_ack_sent.txt' -> '/home/inets/0_ba/bachelor_thesis/measurements/debug/data/237/3/receiver_ack_sent.txt'
'/home/inets/source/gr-inets/results/receiver_data_received.txt' -> '/home/inets/0_ba/bachelor_thesis/measurements/debug/data/237/3/receiver_data_received.txt'
'/home/inets/source/gr-inets/results/receiver_frame_anlyzed.txt' -> '/home/inets/0_ba/bachelor_thesis/measurements/debug/data/237/3/receiver_frame_anlyzed.txt'
'/home/inets/source/gr-inets/results/receiver_frame_checked_good.txt' -> '/home/inets/0_ba/bachelor_thesis/measurements/debug/data/237/3/receiver_frame_checked_good.txt'
'/home/inets/source/gr-inets/results/receiver_frame_received.txt' -> '/home/inets/0_ba/bachelor_thesis/measurements/debug/data/237/3/receiver_frame_received.txt'
'/home/inets/source/gr-inets/results/sender_ack_received.txt' -> '/home/inets/0_ba/bachelor_thesis/measurements/debug/data/237/3/sender_ack_received.txt'
'/home/inets/source/gr-inets/results/sender_bfr_dq.txt' -> '/home/inets/0_ba/bachelor_thesis/measurements/debug/data/237/3/sender_bfr_dq.txt'
'/home/inets/source/gr-inets/results/sender_data_sent.txt' -> '/home/inets/0_ba/bachelor_thesis/measurements/debug/data/237/3/sender_data_sent.txt'
'/home/inets/source/gr-inets/results/sender_frame_anlyzed.txt' -> '/home/inets/0_ba/bachelor_thesis/measurements/debug/data/237/3/sender_frame_anlyzed.txt'
'/home/inets/source/gr-inets/results/sender_frame_checked_good.txt' -> '/home/inets/0_ba/bachelor_thesis/measurements/debug/data/237/3/sender_frame_checked_good.txt'
'/home/inets/source/gr-inets/results/sender_frame_received.txt' -> '/home/inets/0_ba/bachelor_thesis/measurements/debug/data/237/3/sender_frame_received.txt'
'/home/inets/source/gr-inets/results/sender_retransmissions.txt' -> '/home/inets/0_ba/bachelor_thesis/measurements/debug/data/237/3/sender_retransmissions.txt'
measurement 3 raw data moved to /home/inets/0_ba/bachelor_thesis/measurements/debug/data/237/3/.

measurement 4/5 complete in 20 second(s).
linux; GNU C++ version 5.4.0 20160609; Boost_105800; UHD_003.009.005-45-g6768a615
linux; GNU C++ version 5.4.0 20160609; Boost_105800; UHD_003.009.005-45-g6768a615


Using Volk machine: avx_64_mmx
-- Opening a USRP2/N-Series device...
Using Volk machine: avx_64_mmx
-- Opening a USRP2/N-Series device...
-- Current recv frame size: 1472 bytes
-- Current recv frame size: 1472 bytes
-- Current send frame size: 1472 bytes
-- Current send frame size: 1472 bytes
measurement 4/5 complete in 19 second(s).
develop mode of resend_check ID: 24 is activated.
develop mode of resend_check ID: 24 is activated.
the 100th message counter is activated.
the 880th message counter is activated.
the 100th message counter is activated.
measurement 4/5 complete in 18 second(s).
node starts running at 99.1031
node starts running at 99.1065
++++ frame_probe ID: 1050 receives a frame at time 99.1325s ++++
++++ frame_probe ID: 1060 receives a frame at time 99.1736s ++++
++++ frame_probe ID: 882 receives a frame at time 99.1831s ++++
++++ frame_probe ID: 883 receives a frame at time ++++ frame_probe ID: 884 receives a frame at time 99.1832s ++++
99.1832s ++++
++++ frame_probe ID: 890 receives a frame at time 99.1832s ++++
++++ frame_probe ID: 860 receives a frame at time 99.1936s ++++
++++ frame_probe ID: 882 receives a frame at time 99.2027s ++++
++++ frame_probe ID: 1082 receives a frame at time 99.2029s ++++
++++ frame_probe ID: 1083 receives a frame at time 99.203s ++++
counter results at time 3699.2 is 0
++++ frame_probe ID: 1090 receives a frame at time ++++ frame_probe ID: 1084 receives a frame at time 99.2031s ++++
99.2031s ++++
measurement 4/5 complete in 17 second(s).
measurement 4/5 complete in 16 second(s).
the 100th message counter node3_acked has been visited 1 times  
++++ frame_probe ID: 1050 receives a frame at time 1.39047s ++++
++++ frame_probe ID: 1060 receives a frame at time 1.43127s ++++
INFO: Detected an invalid packet at item 32
++++ frame_probe ID: 882 receives a frame at time 1.43915s ++++
INFO: Parser returned #f
++++ frame_probe ID: 883 receives a frame at time 1.43922s ++++
++++ frame_probe ID: 884 receives a frame at time 1.43926s ++++
++++ frame_probe ID: 890 receives a frame at time 1.43929s ++++
++++ frame_probe ID: 860 receives a frame at time 1.44958s ++++
++++ frame_probe ID: 882 receives a frame at time 1.45848s ++++
INFO: Detected an invalid packet at item 64
INFO: Parser returned #f
++++ frame_probe ID: 1082 receives a frame at time 1.45924s ++++
++++ frame_probe ID: 1083 receives a frame at time 1.45929s ++++
++++ frame_probe ID: 1084 receives a frame at time 1.45933s ++++
counter results at time 3701.46 is ++++ frame_probe ID: 0
1090 receives a frame at time 1.45938s ++++
measurement 4/5 complete in 15 second(s).
measurement 4/5 complete in 14 second(s).
measurement 4/5 complete in 13 second(s).
the 100th message counter node3_acked has been visited 2 times  
++++ frame_probe ID: 1050 receives a frame at time 3.76077s ++++
++++ frame_probe ID: 1060 receives a frame at time 3.80171s ++++
++++ frame_probe ID: 882 receives a frame at time 3.80946s ++++
++++ frame_probe ID: 883 receives a frame at time 3.80952s ++++
INFO: Detected an invalid packet at item 128
++++ frame_probe ID: 884 receives a frame at time 3.80959s ++++
INFO: Parser returned #f
++++ frame_probe ID: 890 receives a frame at time 3.80964s ++++
++++ frame_probe ID: 860 receives a frame at time 3.81984s ++++
INFO: Detected an invalid packet at item 160
++++ frame_probe ID: 882 receives a frame at time 3.82968s ++++
INFO: Parser returned #f
++++ frame_probe ID: 1082 receives a frame at time 3.82993s ++++
++++ frame_probe ID: 1083 receives a frame at time 3.82997s ++++
++++ frame_probe ID: 1084 receives a frame at time 3.82999s ++++
counter results at time ++++ frame_probe ID: 1090 receives a frame at time 3703.83 is 0
3.83003s ++++
measurement 4/5 complete in 12 second(s).
the 100th message counter node3_acked has been visited 3 times  
++++ frame_probe ID: 1050 receives a frame at time 5.30341s ++++
++++ frame_probe ID: 1060 receives a frame at time 5.34433s ++++
++++ frame_probe ID: 882 receives a frame at time 5.35577s ++++
++++ frame_probe ID: 883 receives a frame at time 5.35583s ++++
++++ frame_probe ID: 884 receives a frame at time 5.35587s ++++
++++ frame_probe ID: 890 receives a frame at time 5.35591s ++++
++++ frame_probe ID: 860 receives a frame at time 5.36616s ++++
INFO: Detected an invalid packet at item 224
INFO: Parser returned #f
INFO: Detected an invalid packet at item 224
INFO: Parser returned #f
++++ frame_probe ID: 882 receives a frame at time 5.37582s ++++
++++ frame_probe ID: 1082 receives a frame at time 5.37602s ++++
++++ frame_probe ID: 1083 receives a frame at time 5.37607s ++++
++++ frame_probe ID: 1084 receives a frame at time 5.37611s ++++
counter results at time 3705.38 is 0
++++ frame_probe ID: 1090 receives a frame at time 5.37615s ++++
measurement 4/5 complete in 11 second(s).
the 100th message counter node3_acked has been visited 4 times  
++++ frame_probe ID: 1050 receives a frame at time 5.88358s ++++
++++ frame_probe ID: 1060 receives a frame at time 5.92451s ++++
++++ frame_probe ID: 882 receives a frame at time 5.9313s ++++
INFO: Detected an invalid packet at item 288
++++ frame_probe ID: 883 receives a frame at time 5.93134s ++++
INFO: Parser returned #f
++++ frame_probe ID: 884 receives a frame at time 5.93143s ++++
++++ frame_probe ID: 890 receives a frame at time 5.93145s ++++
++++ frame_probe ID: 860 receives a frame at time 5.94163s ++++
++++ frame_probe ID: 882 receives a frame at time 5.95058s ++++
++++ frame_probe ID: 1082 receives a frame at time 5.95069s ++++
++++ frame_probe ID: 1083 receives a frame at time 5.95073s ++++
++++ frame_probe ID: 1084 receives a frame at time 5.95076s ++++
counter results at time 3705.95++++ frame_probe ID:  is 1090 receives a frame at time 0
5.95081s ++++
the 100th message counter node3_acked has been visited 5 times  
++++ frame_probe ID: 1050 receives a frame at time 6.66231s ++++
measurement 4/5 complete in 10 second(s).
++++ frame_probe ID: 1060 receives a frame at time 6.70318s ++++
++++ frame_probe ID: 882 receives a frame at time 6.70885s ++++
++++ frame_probe ID: 883 receives a frame at time 6.70891s ++++
++++ frame_probe ID: 884 receives a frame at time 6.70895s ++++
++++ frame_probe ID: 890 receives a frame at time 6.70898s ++++
++++ frame_probe ID: 860 receives a frame at time 6.71918s ++++
INFO: Detected an invalid packet at item 384
INFO: Detected an invalid packet at item 352
INFO: Parser returned #f
INFO: Parser returned #f
++++ frame_probe ID: 1082 receives a frame at time 6.72928s ++++
++++ frame_probe ID: 882 receives a frame at time 6.72929s ++++
++++ frame_probe ID: 1083 receives a frame at time 6.72938s ++++
++++ frame_probe ID: 1084 receives a frame at time 6.72942s ++++
counter results at time 3706.73 is 0
++++ frame_probe ID: 1090 receives a frame at time 6.72947s ++++
measurement 4/5 complete in 9 second(s).
measurement 4/5 complete in 8 second(s).
the 100th message counter node3_acked has been visited 6 times  
++++ frame_probe ID: 1050 receives a frame at time 8.92888s ++++
++++ frame_probe ID: 1060 receives a frame at time 8.97001s ++++
++++ frame_probe ID: 882 receives a frame at time 8.97406s ++++
++++ frame_probe ID: 883 receives a frame at time 8.97411s ++++
++++ frame_probe ID: 884 receives a frame at time 8.97418s ++++
++++ frame_probe ID: 890 receives a frame at time 8.9742s ++++
INFO: Detected an invalid packet at item 416
INFO: Parser returned #f
++++ frame_probe ID: 860 receives a frame at time 8.98446s ++++
++++ frame_probe ID: 882 receives a frame at time 8.99357s ++++
++++ frame_probe ID: 1082 receives a frame at time 8.99372s ++++
++++ frame_probe ID: 1083 receives a frame at time 8.99379s ++++
++++ frame_probe ID: 1084 receives a frame at time 8.99382s ++++
++++ frame_probe ID: 1090 receives a frame at time 8.99389s ++++
counter results at time 3708.99 is 0
the 100th message counter node3_acked has been visited 7 times  
++++ frame_probe ID: 1050 receives a frame at time 9.19535s ++++
++++ frame_probe ID: 1060 receives a frame at time 9.23626s ++++
++++ frame_probe ID: 882 receives a frame at time 9.24265s ++++
++++ frame_probe ID: 883 receives a frame at time 9.2427s ++++
++++ frame_probe ID: 884 receives a frame at time 9.24275s ++++
++++ frame_probe ID: 890 receives a frame at time 9.24278s ++++
++++ frame_probe ID: 860 receives a frame at time 9.25295s ++++
++++ frame_probe ID: 882 receives a frame at time 9.26198s ++++
++++ frame_probe ID: 1082 receives a frame at time 9.2621s ++++
++++ frame_probe ID: 1083 receives a frame at time 9.26214s ++++
++++ frame_probe ID: 1084 receives a frame at time 9.26216s ++++
counter results at time 3709.26 is 0
++++ frame_probe ID: 1090 receives a frame at time 9.26221s ++++
measurement 4/5 complete in 7 second(s).
the 100th message counter node3_acked has been visited 8 times  
++++ frame_probe ID: 1050 receives a frame at time 9.73952s ++++
++++ frame_probe ID: 1060 receives a frame at time 9.78036s ++++
++++ frame_probe ID: 882 receives a frame at time 9.78992s ++++
++++ frame_probe ID: 883 receives a frame at time 9.78997s ++++
++++ frame_probe ID: 884 receives a frame at time 9.79001s ++++
++++ frame_probe ID: 890 receives a frame at time 9.79007s ++++
++++ frame_probe ID: 860 receives a frame at time 9.80034s ++++
++++ frame_probe ID: 1082 receives a frame at time 9.80944s ++++
++++ frame_probe ID: 1083 receives a frame at time 9.80949s ++++
INFO: Detected an invalid packet at item 608
++++ frame_probe ID: 1084 receives a frame at time 9.80959s ++++
counter results at time 3709.81 is 0
INFO: Parser returned #f
++++ frame_probe ID: 1090 receives a frame at time 9.80963s ++++
++++ frame_probe ID: 882 receives a frame at time 9.80996s ++++
the 100th message counter node3_acked has been visited 9 times  
++++ frame_probe ID: 1050 receives a frame at time 10.3712s ++++
++++ frame_probe ID: 1060 receives a frame at time 10.4121s ++++
++++ frame_probe ID: 882 receives a frame at time 10.4233s ++++
++++ frame_probe ID: 883 receives a frame at time 10.4233s ++++
++++ frame_probe ID: 884 receives a frame at time 10.4234s ++++
++++ frame_probe ID: 890 receives a frame at time 10.4234s ++++
++++ frame_probe ID: 860 receives a frame at time 10.4336s ++++
++++ frame_probe ID: 882 receives a frame at time 10.4427s ++++
++++ frame_probe ID: 1082 receives a frame at time 10.4438s ++++
++++ frame_probe ID: 1083 receives a frame at time 10.4438s ++++
++++ frame_probe ID: 1084 receives a frame at time 10.4439s ++++
counter results at time ++++ frame_probe ID: 1090 receives a frame at time 3710.44 is 0
10.4439s ++++
measurement 4/5 complete in 6 second(s).
measurement 4/5 complete in 5 second(s).
the 100th message counter node3_acked has been visited 10 times  
++++ frame_probe ID: 1050 receives a frame at time 12.6613s ++++
measurement 4/5 complete in 4 second(s).
++++ frame_probe ID: 1060 receives a frame at time 12.7023s ++++
++++ frame_probe ID: 883 receives a frame at time ++++ frame_probe ID: 882 receives a frame at time 12.7085s ++++
++++ frame_probe ID: 884 receives a frame at time 12.7085s ++++
++++ frame_probe ID: 890 receives a frame at time 12.7085s ++++
12.7085s ++++
INFO: Detected an invalid packet at item 576
INFO: Parser returned #f
++++ frame_probe ID: 860 receives a frame at time 12.7191s ++++
++++ frame_probe ID: 882 receives a frame at time 12.7276s ++++
++++ frame_probe ID: 1082 receives a frame at time 12.7279s ++++
++++ frame_probe ID: 1083 receives a frame at time 12.7279s ++++
++++ frame_probe ID: 1084 receives a frame at time counter results at time 12.728s ++++
++++ frame_probe ID: 1090 receives a frame at time 3712.73 is 0
12.728s ++++
measurement 4/5 complete in 3 second(s).
measurement 4/5 complete in 2 second(s).
the 100th message counter node3_acked has been visited 11 times  
++++ frame_probe ID: 1050 receives a frame at time 15.4975s ++++
++++ frame_probe ID: 1060 receives a frame at time 15.5385s ++++
++++ frame_probe ID: 882 receives a frame at time 15.5499s ++++
++++ frame_probe ID: 883 receives a frame at time 15.5499s ++++
++++ frame_probe ID: 884 receives a frame at time 15.55s ++++
++++ frame_probe ID: 890 receives a frame at time 15.5501s ++++
INFO: Detected an invalid packet at item 640
INFO: Parser returned #f
++++ frame_probe ID: 860 receives a frame at time 15.5603s ++++
INFO: Detected an invalid packet at item 832
INFO: Parser returned #f
INFO: Detected an invalid packet at item 672
INFO: Parser returned #f
++++ frame_probe ID: 882 receives a frame at time 15.5696s ++++
++++ frame_probe ID: 1082 receives a frame at time 15.5699s ++++
++++ frame_probe ID: 1083 receives a frame at time 15.5699s ++++
++++ frame_probe ID: 1084 receives a frame at time 15.5699s ++++
counter results at time 3715.57 is 0
++++ frame_probe ID: 1090 receives a frame at time 15.57s ++++
measurement 4/5 complete in 1 second(s).
measurement 4 raw data directory created /home/inets/0_ba/bachelor_thesis/measurements/debug/data/237/4/.
'/home/inets/source/gr-inets/results/receiver_ack_sent.txt' -> '/home/inets/0_ba/bachelor_thesis/measurements/debug/data/237/4/receiver_ack_sent.txt'
'/home/inets/source/gr-inets/results/receiver_data_received.txt' -> '/home/inets/0_ba/bachelor_thesis/measurements/debug/data/237/4/receiver_data_received.txt'
'/home/inets/source/gr-inets/results/receiver_frame_anlyzed.txt' -> '/home/inets/0_ba/bachelor_thesis/measurements/debug/data/237/4/receiver_frame_anlyzed.txt'
'/home/inets/source/gr-inets/results/receiver_frame_checked_good.txt' -> '/home/inets/0_ba/bachelor_thesis/measurements/debug/data/237/4/receiver_frame_checked_good.txt'
'/home/inets/source/gr-inets/results/receiver_frame_received.txt' -> '/home/inets/0_ba/bachelor_thesis/measurements/debug/data/237/4/receiver_frame_received.txt'
'/home/inets/source/gr-inets/results/sender_ack_received.txt' -> '/home/inets/0_ba/bachelor_thesis/measurements/debug/data/237/4/sender_ack_received.txt'
'/home/inets/source/gr-inets/results/sender_bfr_dq.txt' -> '/home/inets/0_ba/bachelor_thesis/measurements/debug/data/237/4/sender_bfr_dq.txt'
'/home/inets/source/gr-inets/results/sender_data_sent.txt' -> '/home/inets/0_ba/bachelor_thesis/measurements/debug/data/237/4/sender_data_sent.txt'
'/home/inets/source/gr-inets/results/sender_frame_anlyzed.txt' -> '/home/inets/0_ba/bachelor_thesis/measurements/debug/data/237/4/sender_frame_anlyzed.txt'
'/home/inets/source/gr-inets/results/sender_frame_checked_good.txt' -> '/home/inets/0_ba/bachelor_thesis/measurements/debug/data/237/4/sender_frame_checked_good.txt'
'/home/inets/source/gr-inets/results/sender_frame_received.txt' -> '/home/inets/0_ba/bachelor_thesis/measurements/debug/data/237/4/sender_frame_received.txt'
'/home/inets/source/gr-inets/results/sender_retransmissions.txt' -> '/home/inets/0_ba/bachelor_thesis/measurements/debug/data/237/4/sender_retransmissions.txt'
measurement 4 raw data moved to /home/inets/0_ba/bachelor_thesis/measurements/debug/data/237/4/.

measurement 5/5 complete in 20 second(s).
linux; GNU C++ version 5.4.0 20160609; Boost_105800; UHD_003.009.005-45-g6768a615
linux; GNU C++ version 5.4.0 20160609; Boost_105800; UHD_003.009.005-45-g6768a615


Using Volk machine: avx_64_mmx
-- Opening a USRP2/N-Series device...
Using Volk machine: avx_64_mmx
-- Opening a USRP2/N-Series device...
-- Current recv frame size: 1472 bytes
-- Current send frame size: 1472 bytes
-- Current recv frame size: 1472 bytes
-- Current send frame size: 1472 bytes
measurement 5/5 complete in 19 second(s).
develop mode of resend_check ID: 24 is activated.
develop mode of resend_check ID: 24 is activated.
the 880th message counter is activated.
the 100th message counter is activated.
the 100th message counter is activated.
measurement 5/5 complete in 18 second(s).
node starts running at 19.0957
node starts running at 19.1129
++++ frame_probe ID: 1050 receives a frame at time 19.1671s ++++
++++ frame_probe ID: 1060 receives a frame at time 19.2083s ++++
++++ frame_probe ID: 882 receives a frame at time 19.2119s ++++
++++ frame_probe ID: 883 receives a frame at time 19.212s ++++
++++ frame_probe ID: 884 receives a frame at time 19.212s ++++
++++ frame_probe ID: 890 receives a frame at time 19.2121s ++++
INFO: Detected an invalid packet at item 0
INFO: Parser returned #f
++++ frame_probe ID: 860 receives a frame at time 19.2223s ++++
++++ frame_probe ID: 1082 receives a frame at time 19.2291s ++++
++++ frame_probe ID: 1083 receives a frame at time 19.2292s ++++
++++ frame_probe ID: 1084 receives a frame at time counter results at time 19.2292s ++++
3719.23++++ frame_probe ID:  is 01090
 receives a frame at time 19.2293s ++++
INFO: Detected an invalid packet at item 32
INFO: Parser returned #f
++++ frame_probe ID: 882 receives a frame at time 19.2316s ++++
measurement 5/5 complete in 17 second(s).
measurement 5/5 complete in 16 second(s).
the 100th message counter node3_acked has been visited 1 times  
++++ frame_probe ID: 1050 receives a frame at time 20.9848s ++++
++++ frame_probe ID: 1060 receives a frame at time 21.0266s ++++
++++ frame_probe ID: 882 receives a frame at time 21.0359s ++++
++++ frame_probe ID: 883 receives a frame at time 21.036s ++++
++++ frame_probe ID: 884 receives a frame at time 21.036s ++++
++++ frame_probe ID: 890 receives a frame at time 21.036s ++++
++++ frame_probe ID: 860 receives a frame at time 21.0463s ++++
INFO: Detected an invalid packet at item 64
INFO: Parser returned #f
++++ frame_probe ID: 1082 receives a frame at time 21.0538s ++++
++++ frame_probe ID: 1083 receives a frame at time 21.0538s ++++
++++ frame_probe ID: 1084 receives a frame at time 21.0539s ++++
counter results at time 3721.05 is 0
++++ frame_probe ID: 1090 receives a frame at time 21.054s ++++
++++ frame_probe ID: 882 receives a frame at time 21.0551s ++++
measurement 5/5 complete in 15 second(s).
measurement 5/5 complete in 14 second(s).
measurement 5/5 complete in 13 second(s).
the 100th message counter node3_acked has been visited 2 times  
++++ frame_probe ID: 1050 receives a frame at time 23.9673s ++++
++++ frame_probe ID: 1060 receives a frame at time 24.0082s ++++
++++ frame_probe ID: 882 receives a frame at time 24.0116s ++++
++++ frame_probe ID: 883 receives a frame at time 24.0116s ++++
++++ frame_probe ID: 884 receives a frame at time 24.0116s ++++
++++ frame_probe ID: 890 receives a frame at time 24.0117s ++++
INFO: Detected an invalid packet at item 128
INFO: Parser returned #f
++++ frame_probe ID: 860 receives a frame at time 24.0218s ++++
++++ frame_probe ID: 1082 receives a frame at time 24.0288s ++++
++++ frame_probe ID: 1083 receives a frame at time 24.0288s ++++
++++ frame_probe ID: 1084 receives a frame at time 24.0288s ++++
counter results at time 3724.03 is 0++++ frame_probe ID: 
1090 receives a frame at time 24.0289s ++++
++++ frame_probe ID: 882 receives a frame at time 24.0308s ++++
measurement 5/5 complete in 12 second(s).
measurement 5/5 complete in 11 second(s).
the 100th message counter node3_acked has been visited 3 times  
++++ frame_probe ID: 1050 receives a frame at time 25.7903s ++++
++++ frame_probe ID: 1060 receives a frame at time 25.8311s ++++
++++ frame_probe ID: 882 receives a frame at time 25.8357s ++++
++++ frame_probe ID: 883 receives a frame at time 25.8357s ++++
++++ frame_probe ID: 884 receives a frame at time 25.8358s ++++
++++ frame_probe ID: 890 receives a frame at time 25.8358s ++++
INFO: Detected an invalid packet at item 192
INFO: Parser returned #f
++++ frame_probe ID: 860 receives a frame at time 25.8461s ++++
++++ frame_probe ID: 1082 receives a frame at time 25.8529s ++++
++++ frame_probe ID: 1083 receives a frame at time 25.8529s ++++
++++ frame_probe ID: 1084 receives a frame at time 25.853s ++++
counter results at time ++++ frame_probe ID: 3725.85 is 10900 receives a frame at time 
25.853s ++++
++++ frame_probe ID: 882 receives a frame at time 25.8549s ++++
the 100th message counter node3_acked has been visited 4 times  
++++ frame_probe ID: 1050 receives a frame at time 26.7085s ++++
measurement 5/5 complete in 10 second(s).
++++ frame_probe ID: 1060 receives a frame at time 26.7494s ++++
INFO: Detected an invalid packet at item 256
INFO: Parser returned #f
++++ frame_probe ID: 882 receives a frame at time 26.7568s ++++
++++ frame_probe ID: 883 receives a frame at time 26.7569s ++++
++++ frame_probe ID: 884 receives a frame at time 26.7569s ++++
++++ frame_probe ID: 890 receives a frame at time 26.7569s ++++
++++ frame_probe ID: 860 receives a frame at time 26.7671s ++++
++++ frame_probe ID: 1082 receives a frame at time 26.7741s ++++
++++ frame_probe ID: 1083 receives a frame at time 26.7741s ++++
++++ frame_probe ID: 1084 receives a frame at time 26.7742s ++++
counter results at time 3726.77 is 0
++++ frame_probe ID: 1090 receives a frame at time 26.7742s ++++
++++ frame_probe ID: 882 receives a frame at time 26.7769s ++++
measurement 5/5 complete in 9 second(s).
the 100th message counter node3_acked has been visited 5 times  
++++ frame_probe ID: 1050 receives a frame at time 28.0495s ++++
++++ frame_probe ID: 1060 receives a frame at time 28.0911s ++++
INFO: Detected an invalid packet at item 320
INFO: Parser returned #f
++++ frame_probe ID: 882 receives a frame at time 28.1007s ++++
++++ frame_probe ID: 883 receives a frame at time 28.1008s ++++
++++ frame_probe ID: 884 receives a frame at time 28.1008s ++++
++++ frame_probe ID: 890 receives a frame at time 28.1009s ++++
++++ frame_probe ID: 860 receives a frame at time 28.1111s ++++
INFO: Detected an invalid packet at item 352
INFO: Parser returned #f
++++ frame_probe ID: 1082 receives a frame at time 28.1187s ++++
++++ frame_probe ID: 1083 receives a frame at time 28.1188s ++++
++++ frame_probe ID: 1084 receives a frame at time 28.1188s ++++
counter results at time ++++ frame_probe ID: 1090 receives a frame at time 3728.12 is 0
28.1188s ++++
++++ frame_probe ID: 882 receives a frame at time 28.121s ++++
measurement 5/5 complete in 8 second(s).
measurement 5/5 complete in 7 second(s).
the 100th message counter node3_acked has been visited 6 times  
++++ frame_probe ID: 1050 receives a frame at time 30.1562s ++++
++++ frame_probe ID: 1060 receives a frame at time 30.197s ++++
INFO: Detected an invalid packet at item 416
INFO: Parser returned #f
++++ frame_probe ID: 882 receives a frame at time 30.2034s ++++
++++ frame_probe ID: 883 receives a frame at time 30.2034s ++++
++++ frame_probe ID: 884 receives a frame at time 30.2035s ++++
++++ frame_probe ID: 890 receives a frame at time 30.2035s ++++
++++ frame_probe ID: 860 receives a frame at time 30.2138s ++++
++++ frame_probe ID: 1082 receives a frame at time 30.2207s ++++
++++ frame_probe ID: 1083 receives a frame at time 30.2208s ++++
++++ frame_probe ID: 1084 receives a frame at time 30.2208s ++++
counter results at time 3730.22 is 0
++++ frame_probe ID: 1090 receives a frame at time 30.2208s ++++
++++ frame_probe ID: 882 receives a frame at time 30.2227s ++++
the 100th message counter node3_acked has been visited 7 times  
++++ frame_probe ID: 1050 receives a frame at time 30.2422s ++++
++++ frame_probe ID: 1060 receives a frame at time 30.283s ++++
++++ frame_probe ID: 882 receives a frame at time 30.2895s ++++
++++ frame_probe ID: 883 receives a frame at time 30.2896s ++++
++++ frame_probe ID: 884 receives a frame at time 30.2896s ++++
++++ frame_probe ID: 890 receives a frame at time 30.2896s ++++
++++ frame_probe ID: 860 receives a frame at time 30.2998s ++++
++++ frame_probe ID: 1082 receives a frame at time 30.3069s ++++
++++ frame_probe ID: 1083 receives a frame at time 30.3069s ++++
++++ frame_probe ID: 1084 receives a frame at time 30.3069s ++++
counter results at time ++++ frame_probe ID: 1090 receives a frame at time 3730.31 is 30.3069s ++++0

++++ frame_probe ID: 882 receives a frame at time 30.3088s ++++
measurement 5/5 complete in 6 second(s).
the 100th message counter node3_acked has been visited 8 times  
++++ frame_probe ID: 1050 receives a frame at time 31.7263s ++++
measurement 5/5 complete in 5 second(s).
++++ frame_probe ID: 1060 receives a frame at time 31.7676s ++++
++++ frame_probe ID: 882 receives a frame at time 31.7779s ++++
++++ frame_probe ID: 883 receives a frame at time 31.778s ++++
++++ frame_probe ID: 884 receives a frame at time 31.778s ++++
++++ frame_probe ID: 890 receives a frame at time 31.7781s ++++
++++ frame_probe ID: 860 receives a frame at time 31.7882s ++++
INFO: Detected an invalid packet at item 512
INFO: Parser returned #f
++++ frame_probe ID: 1082 receives a frame at time 31.7958s ++++
++++ frame_probe ID: 1084 receives a frame at time 31.7959s ++++
++++ frame_probe ID: 1083 receives a frame at time 31.7959s ++++
++++ frame_probe ID: 1090 receives a frame at time 31.7959s ++++
counter results at time 3731.8 is 0
++++ frame_probe ID: 882 receives a frame at time 31.7973s ++++
the 100th message counter node3_acked has been visited 9 times  
++++ frame_probe ID: 1050 receives a frame at time 32.4894s ++++
++++ frame_probe ID: 1060 receives a frame at time 32.5303s ++++
INFO: Detected an invalid packet at item 576
INFO: Parser returned #f
++++ frame_probe ID: 882 receives a frame at time 32.5357s ++++
++++ frame_probe ID: 883 receives a frame at time 32.5358s ++++
++++ frame_probe ID: 884 receives a frame at time 32.5358s ++++
++++ frame_probe ID: 890 receives a frame at time 32.5358s ++++
++++ frame_probe ID: 860 receives a frame at time 32.546s ++++
++++ frame_probe ID: 1082 receives a frame at time 32.5533s ++++
++++ frame_probe ID: 1083 receives a frame at time 32.5533s ++++
++++ frame_probe ID: 1084 receives a frame at time 32.5533s ++++
counter results at time ++++ frame_probe ID: 1090 receives a frame at time 3732.55 is 0
32.5534s ++++
++++ frame_probe ID: 882 receives a frame at time 32.5552s ++++
the 100th message counter node3_acked has been visited 10 times  
++++ frame_probe ID: 1050 receives a frame at time 32.6888s ++++
measurement 5/5 complete in 4 second(s).
++++ frame_probe ID: 1060 receives a frame at time 32.7297s ++++
++++ frame_probe ID: 882 receives a frame at time 32.7371s ++++
++++ frame_probe ID: 883 receives a frame at time 32.7371s ++++
++++ frame_probe ID: 884 receives a frame at time 32.7372s ++++
++++ frame_probe ID: 890 receives a frame at time 32.7372s ++++
INFO: Detected an invalid packet at item 704
INFO: Parser returned #f
++++ frame_probe ID: 860 receives a frame at time 32.7474s ++++
++++ frame_probe ID: 1082 receives a frame at time 32.7555s ++++
++++ frame_probe ID: 1083 receives a frame at time 32.7555s ++++
++++ frame_probe ID: 1084 receives a frame at time 32.7556s ++++
counter results at time 3732.76 is 0
++++ frame_probe ID: 1090 receives a frame at time 32.7556s ++++
++++ frame_probe ID: 882 receives a frame at time 32.7574s ++++
the 100th message counter node3_acked has been visited 11 times  
++++ frame_probe ID: 1050 receives a frame at time 33.551s ++++
++++ frame_probe ID: 1060 receives a frame at time 33.592s ++++
INFO: Detected an invalid packet at item 672
INFO: Parser returned #f
++++ frame_probe ID: 882 receives a frame at time 33.6011s ++++
++++ frame_probe ID: 883 receives a frame at time 33.6012s ++++
++++ frame_probe ID: 884 receives a frame at time 33.6012s ++++
++++ frame_probe ID: 890 receives a frame at time 33.6013s ++++
++++ frame_probe ID: 860 receives a frame at time 33.6115s ++++
INFO: Detected an invalid packet at item 704
INFO: Parser returned #f
++++ frame_probe ID: 1082 receives a frame at time 33.6201s ++++
++++ frame_probe ID: 1083 receives a frame at time 33.6202s ++++
++++ frame_probe ID: 1084 receives a frame at time 33.6202s ++++
counter results at time 3733.62 is 0
++++ frame_probe ID: 1090 receives a frame at time 33.6203s ++++
INFO: Detected an invalid packet at item 800
INFO: Parser returned #f
++++ frame_probe ID: 882 receives a frame at time 33.6214s ++++
measurement 5/5 complete in 3 second(s).
measurement 5/5 complete in 2 second(s).
the 100th message counter node3_acked has been visited 12 times  
++++ frame_probe ID: 1050 receives a frame at time 35.4836s ++++
++++ frame_probe ID: 1060 receives a frame at time 35.5246s ++++
INFO: Detected an invalid packet at item 768
INFO: Parser returned #f
++++ frame_probe ID: 882 receives a frame at time 35.5311s ++++
++++ frame_probe ID: 884 receives a frame at time 35.5312s ++++++++ frame_probe ID: 
883 receives a frame at time 35.5312s ++++
++++ frame_probe ID: 890 receives a frame at time 35.5312s ++++
++++ frame_probe ID: 860 receives a frame at time 35.5415s ++++
INFO: Detected an invalid packet at item 800
INFO: Parser returned #f
++++ frame_probe ID: 1082 receives a frame at time 35.5491s ++++
++++ frame_probe ID: 1083 receives a frame at time 35.5492s ++++
++++ frame_probe ID: 1084 receives a frame at time 35.5492s ++++
counter results at time 3735.55 is 0
++++ frame_probe ID: 1090 receives a frame at time 35.5492s ++++
++++ frame_probe ID: 882 receives a frame at time 35.5506s ++++
measurement 5/5 complete in 1 second(s).
measurement 5 raw data directory created /home/inets/0_ba/bachelor_thesis/measurements/debug/data/237/5/.
'/home/inets/source/gr-inets/results/receiver_ack_sent.txt' -> '/home/inets/0_ba/bachelor_thesis/measurements/debug/data/237/5/receiver_ack_sent.txt'
'/home/inets/source/gr-inets/results/receiver_data_received.txt' -> '/home/inets/0_ba/bachelor_thesis/measurements/debug/data/237/5/receiver_data_received.txt'
'/home/inets/source/gr-inets/results/receiver_frame_anlyzed.txt' -> '/home/inets/0_ba/bachelor_thesis/measurements/debug/data/237/5/receiver_frame_anlyzed.txt'
'/home/inets/source/gr-inets/results/receiver_frame_checked_good.txt' -> '/home/inets/0_ba/bachelor_thesis/measurements/debug/data/237/5/receiver_frame_checked_good.txt'
'/home/inets/source/gr-inets/results/receiver_frame_received.txt' -> '/home/inets/0_ba/bachelor_thesis/measurements/debug/data/237/5/receiver_frame_received.txt'
'/home/inets/source/gr-inets/results/sender_ack_received.txt' -> '/home/inets/0_ba/bachelor_thesis/measurements/debug/data/237/5/sender_ack_received.txt'
'/home/inets/source/gr-inets/results/sender_bfr_dq.txt' -> '/home/inets/0_ba/bachelor_thesis/measurements/debug/data/237/5/sender_bfr_dq.txt'
'/home/inets/source/gr-inets/results/sender_data_sent.txt' -> '/home/inets/0_ba/bachelor_thesis/measurements/debug/data/237/5/sender_data_sent.txt'
'/home/inets/source/gr-inets/results/sender_frame_anlyzed.txt' -> '/home/inets/0_ba/bachelor_thesis/measurements/debug/data/237/5/sender_frame_anlyzed.txt'
'/home/inets/source/gr-inets/results/sender_frame_checked_good.txt' -> '/home/inets/0_ba/bachelor_thesis/measurements/debug/data/237/5/sender_frame_checked_good.txt'
'/home/inets/source/gr-inets/results/sender_frame_received.txt' -> '/home/inets/0_ba/bachelor_thesis/measurements/debug/data/237/5/sender_frame_received.txt'
'/home/inets/source/gr-inets/results/sender_retransmissions.txt' -> '/home/inets/0_ba/bachelor_thesis/measurements/debug/data/237/5/sender_retransmissions.txt'
measurement 5 raw data moved to /home/inets/0_ba/bachelor_thesis/measurements/debug/data/237/5/.

now processing results...
plotting python should be: python3 (ubuntu).
Hello from rtt.py!
hello from variables.py!
data_sent: 1501763639.319662
data_sent: 1501763639.441837
data_sent: 1501763640.183374
data_sent: 1501763641.475470
data_sent: 1501763641.949250
data_sent: 1501763644.039725
data_sent: 1501763646.066190
data_sent: 1501763648.870804
data_sent: 1501763651.835593
data_sent: 1501763654.748157
ack_received: 1501763639.384484
ack_received: 1501763639.508022
ack_received: 1501763640.248061
ack_received: 1501763641.543696
ack_received: 1501763642.014306
ack_received: 1501763644.106870
ack_received: 1501763646.131380
ack_received: 1501763648.934250
ack_received: 1501763651.900743
ack_received: 1501763654.819106
retx: [0]
retx: [0, 0]
retx: [0, 0, 0]
retx: [0, 0, 0, 0]
retx: [0, 0, 0, 0, 0]
retx: [0, 0, 0, 0, 0, 0]
retx: [0, 0, 0, 0, 0, 0, 0]
retx: [0, 0, 0, 0, 0, 0, 0, 0]
retx: [0, 0, 0, 0, 0, 0, 0, 0, 0]
retx: [0, 0, 0, 0, 0, 0, 0, 0, 0, 0]

The resulting RTTs of this single measurement are:
[0.06482, 0.06618, 0.06469, 0.06823, 0.06506, 0.06714, 0.06519, 0.06345, 0.06515, 0.07095]



The resulting mean RTT of this single measurement is:
0.066086


abs. packet loss: 0.0
packet loss in %: 0.0%
data_sent: 1501763659.092563
data_sent: 1501763660.757391
data_sent: 1501763663.318980
data_sent: 1501763664.621401
data_sent: 1501763667.163039
data_sent: 1501763669.920104
data_sent: 1501763671.846459
data_sent: 1501763674.760867
data_sent: 1501763676.076914
ack_received: 1501763659.163888
ack_received: 1501763660.825221
ack_received: 1501763663.387967
ack_received: 1501763664.693657
ack_received: 1501763667.228755
ack_received: 1501763669.982976
ack_received: 1501763671.913352
ack_received: 1501763674.831489
ack_received: 1501763676.146577
retx: [0]
retx: [0, 0]
retx: [0, 0, 0]
retx: [0, 0, 0, 0]
retx: [0, 0, 0, 0, 0]
retx: [0, 0, 0, 0, 0, 0]
retx: [0, 0, 0, 0, 0, 0, 0]
retx: [0, 0, 0, 0, 0, 0, 0, 0]
retx: [0, 0, 0, 0, 0, 0, 0, 0, 0]

The resulting RTTs of this single measurement are:
[0.07133, 0.06783, 0.06899, 0.07226, 0.06572, 0.06287, 0.06689, 0.07062, 0.06966]



The resulting mean RTT of this single measurement is:
0.06846333333333332


abs. packet loss: 0.0
packet loss in %: 0.0%
data_sent: 1501763679.264205
data_sent: 1501763680.991718
data_sent: 1501763682.186686
data_sent: 1501763685.222866
data_sent: 1501763686.360433
data_sent: 1501763688.933141
data_sent: 1501763691.991943
data_sent: 1501763694.431201
ack_received: 1501763679.326298
ack_received: 1501763681.055269
ack_received: 1501763682.255466
ack_received: 1501763685.289055
ack_received: 1501763686.421777
ack_received: 1501763688.994474
ack_received: 1501763692.057824
ack_received: 1501763694.494220
retx: [0]
retx: [0, 0]
retx: [0, 0, 0]
retx: [0, 0, 0, 0]
retx: [0, 0, 0, 0, 0]
retx: [0, 0, 0, 0, 0, 0]
retx: [0, 0, 0, 0, 0, 0, 0]
retx: [0, 0, 0, 0, 0, 0, 0, 0]

The resulting RTTs of this single measurement are:
[0.06209, 0.06355, 0.06878, 0.06619, 0.06134, 0.06133, 0.06588, 0.06302]



The resulting mean RTT of this single measurement is:
0.0640225


abs. packet loss: 0.0
packet loss in %: 0.0%
data_sent: 1501763699.132544
data_sent: 1501763701.390472
data_sent: 1501763703.760772
data_sent: 1501763705.303409
data_sent: 1501763705.883575
data_sent: 1501763706.662313
data_sent: 1501763708.928879
data_sent: 1501763709.195349
data_sent: 1501763709.739516
data_sent: 1501763710.371203
data_sent: 1501763712.661295
data_sent: 1501763715.497514
ack_received: 1501763699.203060
ack_received: 1501763701.459381
ack_received: 1501763703.830028
ack_received: 1501763705.376155
ack_received: 1501763705.950807
ack_received: 1501763706.729466
ack_received: 1501763708.993892
ack_received: 1501763709.262210
ack_received: 1501763709.809632
ack_received: 1501763710.443925
ack_received: 1501763712.727988
ack_received: 1501763715.569995
retx: [0]
retx: [0, 0]
retx: [0, 0, 0]
retx: [0, 0, 0, 0]
retx: [0, 0, 0, 0, 0]
retx: [0, 0, 0, 0, 0, 0]
retx: [0, 0, 0, 0, 0, 0, 0]
retx: [0, 0, 0, 0, 0, 0, 0, 0]
retx: [0, 0, 0, 0, 0, 0, 0, 0, 0]
retx: [0, 0, 0, 0, 0, 0, 0, 0, 0, 0]
retx: [0, 0, 0, 0, 0, 0, 0, 0, 0, 0, 0]
retx: [0, 0, 0, 0, 0, 0, 0, 0, 0, 0, 0, 0]

The resulting RTTs of this single measurement are:
[0.07052, 0.06891, 0.06926, 0.07275, 0.06723, 0.06715, 0.06501, 0.06686, 0.07012, 0.07272, 0.06669, 0.07248]



The resulting mean RTT of this single measurement is:
0.06914166666666667


abs. packet loss: 0.0
packet loss in %: 0.0%
data_sent: 1501763719.167138
data_sent: 1501763720.984793
data_sent: 1501763723.967345
data_sent: 1501763725.790266
data_sent: 1501763726.708462
data_sent: 1501763728.049540
data_sent: 1501763730.156207
data_sent: 1501763730.242208
data_sent: 1501763731.726279
data_sent: 1501763732.489405
data_sent: 1501763732.688821
data_sent: 1501763733.551047
data_sent: 1501763735.483625
ack_received: 1501763719.229264
ack_received: 1501763721.053978
ack_received: 1501763724.028872
ack_received: 1501763725.853003
ack_received: 1501763726.774211
ack_received: 1501763728.118834
ack_received: 1501763730.220809
ack_received: 1501763730.306941
ack_received: 1501763731.795937
ack_received: 1501763732.553379
ack_received: 1501763732.755616
ack_received: 1501763733.620251
ack_received: 1501763735.549223
retx: [0]
retx: [0, 0]
retx: [0, 0, 0]
retx: [0, 0, 0, 0]
retx: [0, 0, 0, 0, 0]
retx: [0, 0, 0, 0, 0, 0]
retx: [0, 0, 0, 0, 0, 0, 0]
retx: [0, 0, 0, 0, 0, 0, 0, 0]
retx: [0, 0, 0, 0, 0, 0, 0, 0, 0]
retx: [0, 0, 0, 0, 0, 0, 0, 0, 0, 0]
retx: [0, 0, 0, 0, 0, 0, 0, 0, 0, 0, 0]
retx: [0, 0, 0, 0, 0, 0, 0, 0, 0, 0, 0, 0]
retx: [0, 0, 0, 0, 0, 0, 0, 0, 0, 0, 0, 0, 0]

The resulting RTTs of this single measurement are:
[0.06213, 0.06919, 0.06153, 0.06274, 0.06575, 0.06929, 0.0646, 0.06473, 0.06966, 0.06397, 0.06679, 0.0692, 0.0656]



The resulting mean RTT of this single measurement is:
0.06578307692307693


abs. packet loss: 0.0
packet loss in %: 0.0%
[ 0.066086    0.06846333  0.0640225   0.06914167  0.06578308]
Hello from myplot.py!
I will print a pdf for you now!
Hello from myplot.py!
I will print a pdf for you now!
Hello from myplot.py!
I will print a pdf for you now!
Hello from myplot.py!
I will print a cdf for you now!
<a list of 1 Patch objects>
Hello from myplot.py!
I will print a cdf for you now!
<a list of 1 Patch objects>
Hello from myplot.py!
I will print a cdf for you now!
<a list of 1 Patch objects>
Hello from myplot.py!
I will print a boxplot for you now!
Hello from myplot.py!
I will print a boxplot for you now!
Hello from myplot.py!
I will print a boxplot for you now!
Hello from myplot.py!
I will print a bar for you now!
Hello from myplot.py!
I will print a bar for you now!
Hello from myplot.py!
I will print a bar for you now!
Hello from myplot.py!
I will print a line for you now!
Hello from myplot.py!
I will print a line for you now!
Hello from myplot.py!
I will print a line for you now!
Hello from throughput.py!
hello from variables.py!
ackcount: 10
datacount: 10
ackcount: 9
datacount: 9
ackcount: 8
datacount: 8
ackcount: 12
datacount: 12
ackcount: 13
datacount: 13
[ 500.  450.  400.  600.  650.]
Hello from myplot.py!
I will print a pdf for you now!
Hello from myplot.py!
I will print a cdf for you now!
<a list of 1 Patch objects>
Hello from myplot.py!
I will print a boxplot for you now!
Hello from myplot.py!
I will print a bar for you now!
Hello from myplot.py!
I will print a line for you now!

+--------------------------------------------------------------+
| plotting completed. until the next measurement session then! |
+--------------------------------------------------------------+
