Measurement 1/3 complete in 5 second(s).
linux; GNU C++ version 5.4.0 20160609; Boost_105800; UHD_003.009.005-45-g6768a615
linux; GNU C++ version 5.4.0 20160609; Boost_105800; UHD_003.009.005-45-g6768a615


Using Volk machine: avx_64_mmx
-- Opening a USRP2/N-Series device...
Using Volk machine: avx_64_mmx
-- Opening a USRP2/N-Series device...
-- Current recv frame size: 1472 bytes
-- Current recv frame size: 1472 bytes
-- Current send frame size: 1472 bytes
-- Current send frame size: 1472 bytes
Measurement 1/3 complete in 4 second(s).
develop_mode of random_filter ID: 1015 is activated.
the 1017th message counter is activated.
the 880th message counter is activated.
the 885th message counter is activated.
the 1018th message counter is activated.
the 100th message counter is activated.
the 1080th message counter is activated.
the 100th message counter is activated.
Measurement 1/3 complete in 3 second(s).
node starts running at 27.7509
node starts running at 27.7512
++++ frame_probe ID: 850 receives a frame at time 27.7969s ++++
++++ frame_probe ID: 860 receives a frame at time 27.8382s ++++
++++ frame_probe ID: 1010 receives a frame at time 27.8468s ++++
generated random number is at 0.833054 and the threshold is 1. good luck. 
5827.85 s
INFO: Detected an invalid packet at item 0
INFO: Parser returned #f
++++ frame_probe ID: 882 receives a frame at time 27.8694s ++++
++++ frame_probe ID: 883 receives a frame at time 27.8695s ++++
++++ frame_probe ID: 890 receives a frame at time 27.8696s ++++
the 100th message counter  has been visited 1 times  
++++ frame_probe ID: 850 receives a frame at time 27.9907s ++++
++++ frame_probe ID: 860 receives a frame at time 28.0321s ++++
++++ frame_probe ID: 1010 receives a frame at time 28.0381s ++++
generated random number is0.0176345 at  and the threshold is 1. good luck. 
5828.04 s
INFO: Detected an invalid packet at item 64
INFO: Parser returned #f
INFO: Detected an invalid packet at item 96
INFO: Parser returned #f
 at 5828.14 s
++++ frame_probe ID: 850 receives a frame at time 28.162s ++++
++++ frame_probe ID: 860 receives a frame at time 28.2031s ++++
++++ frame_probe ID: 1010 receives a frame at time 28.2115s ++++
generated random number is at 0.00782967 and the threshold is 1. good luck. 
5828.21 s
INFO: Detected an invalid packet at item 128
INFO: Parser returned #f
++++ frame_probe ID: 882 receives a frame at time 28.2342s ++++
++++ frame_probe ID: 883 receives a frame at time 28.2342s ++++
++++ frame_probe ID: 890 receives a frame at time 28.2343s ++++
the 100th message counter  has been visited 2 times  
++++ frame_probe ID: 850 receives a frame at time 28.3357s ++++
Measurement 1/3 complete in 2 second(s).
++++ frame_probe ID: 860 receives a frame at time 28.3765s ++++
++++ frame_probe ID: 1010 receives a frame at time 28.3836s ++++
generated random number is0.915882 and the threshold is 1. good luck. 
 at 5828.38 s
INFO: Detected an invalid packet at item 192
INFO: Parser returned #f
++++ frame_probe ID: 882 receives a frame at time 28.4074s ++++
++++ frame_probe ID: 883 receives a frame at time 28.4074s ++++
 at 5828.49 s
++++ frame_probe ID: 850 receives a frame at time 28.5064s ++++
++++ frame_probe ID: 860 receives a frame at time 28.5475s ++++
++++ frame_probe ID: 1010 receives a frame at time 28.5561s ++++
generated random number is at 0.304943 and the threshold is 1. good luck. 
5828.56 s
++++ frame_probe ID: 882 receives a frame at time 28.5799s ++++
++++ frame_probe ID: 883 receives a frame at time 28.58s ++++
++++ frame_probe ID: 890 receives a frame at time 28.58s ++++
the 100th message counter  has been visited 3 times  
++++ frame_probe ID: 850 receives a frame at time 28.6574s ++++
++++ frame_probe ID: 860 receives a frame at time 28.6982s ++++
INFO: Detected an invalid packet at item 288
INFO: Parser returned #f
++++ frame_probe ID: 1010 receives a frame at time 28.7104s ++++
generated random number is0.056354 and the threshold is 1. good luck. 
 at 5828.71 s
++++ frame_probe ID: 882 receives a frame at time 28.7333s ++++
++++ frame_probe ID: 883 receives a frame at time 28.7333s ++++
++++ frame_probe ID: 890 receives a frame at time 28.7334s ++++
the 100th message counter  has been visited 4 times  
++++ frame_probe ID: 850 receives a frame at time 28.8357s ++++
++++ frame_probe ID: 860 receives a frame at time 28.8766s ++++
++++ frame_probe ID: 1010 receives a frame at time 28.8831s ++++
generated random number is at 0.32251 and the threshold is 1. good luck. 
5828.88 s
INFO: Detected an invalid packet at item 352
INFO: Parser returned #f
++++ frame_probe ID: 882 receives a frame at time 28.9065s ++++
++++ frame_probe ID: 883 receives a frame at time 28.9065s ++++
++++ frame_probe ID: 890 receives a frame at time 28.9066s ++++
the 100th message counter  has been visited 5 times  
++++ frame_probe ID: 850 receives a frame at time 28.9799s ++++
++++ frame_probe ID: 860 receives a frame at time 29.0206s ++++
++++ frame_probe ID: 1010 receives a frame at time 29.0275s ++++
generated random number is0.57934 and the threshold is 1. good luck. 
 at 5829.03 s
++++ frame_probe ID: 882 receives a frame at time 29.05s ++++
++++ frame_probe ID: 883 receives a frame at time 29.05s ++++
++++ frame_probe ID: 890 receives a frame at time 29.0501s ++++
the 100th message counter  has been visited 6 times  
++++ frame_probe ID: 850 receives a frame at time 29.1275s ++++
++++ frame_probe ID: 860 receives a frame at time 29.1683s ++++
++++ frame_probe ID: 1010 receives a frame at time 29.1804s ++++
generated random number is at 0.55044 and the threshold is 5829.18 s1
. good luck. 
++++ frame_probe ID: 882 receives a frame at time 29.2041s ++++
++++ frame_probe ID: 883 receives a frame at time 29.2042s ++++
++++ frame_probe ID: 890 receives a frame at time 29.2042s ++++
the 100th message counter  has been visited 7 times  
++++ frame_probe ID: 850 receives a frame at time 29.3126s ++++
Measurement 1/3 complete in 1 second(s).
++++ frame_probe ID: 860 receives a frame at time 29.3534s ++++
++++ frame_probe ID: 1010 receives a frame at time 29.3631s ++++
generated random number is at 0.0990267 and the threshold is 5829.361 s. good luck. 

++++ frame_probe ID: 882 receives a frame at time 29.3866s ++++
++++ frame_probe ID: 883 receives a frame at time 29.3866s ++++
++++ frame_probe ID: 890 receives a frame at time 29.3867s ++++
the 100th message counter  has been visited 8 times  
++++ frame_probe ID: 850 receives a frame at time 29.475s ++++
++++ frame_probe ID: 860 receives a frame at time 29.5159s ++++
INFO: Detected an invalid packet at item 512
INFO: Parser returned #f
++++ frame_probe ID: 1010 receives a frame at time 29.5262s ++++
generated random number is at 0.860313 and the threshold is 1. good luck. 
5829.53 s
++++ frame_probe ID: 882 receives a frame at time 29.5489s ++++
++++ frame_probe ID: 883 receives a frame at time 29.549s ++++
++++ frame_probe ID: 890 receives a frame at time 29.549s ++++
the 100th message counter  has been visited 9 times  
++++ frame_probe ID: 850 receives a frame at time 29.6533s ++++
++++ frame_probe ID: 860 receives a frame at time 29.694s ++++
++++ frame_probe ID: 1010 receives a frame at time 29.6986s ++++
generated random number is at 0.776728 and the threshold is 1. good luck. 
5829.7 s
INFO: Detected an invalid packet at item 576
INFO: Parser returned #f
INFO: Detected an invalid packet at item 608
INFO: Parser returned #f
 at 5829.81 s
++++ frame_probe ID: 850 receives a frame at time 29.8288s ++++
++++ frame_probe ID: 860 receives a frame at time 29.8697s ++++
++++ frame_probe ID: 1010 receives a frame at time 29.8811s ++++
generated random number is at 0.767766 and the threshold is 5829.88 s
1. good luck. 
++++ frame_probe ID: 882 receives a frame at time 29.9049s ++++
++++ frame_probe ID: 883 receives a frame at time 29.9049s ++++
++++ frame_probe ID: 890 receives a frame at time 29.905s ++++
the 100th message counter  has been visited 10 times  
++++ frame_probe ID: 850 receives a frame at time 30.0074s ++++
++++ frame_probe ID: 860 receives a frame at time 30.0482s ++++
++++ frame_probe ID: 1010 receives a frame at time 30.0545s ++++
generated random number is at 0.266791 and the threshold is 1. good luck. 
5830.05 s
INFO: Detected an invalid packet at item 672
INFO: Parser returned #f
++++ frame_probe ID: 882 receives a frame at time 30.0773s ++++
++++ frame_probe ID: 883 receives a frame at time 30.0773s ++++
 at 5830.17 s
++++ frame_probe ID: 850 receives a frame at time 30.1832s ++++
++++ frame_probe ID: 860 receives a frame at time 30.224s ++++
++++ frame_probe ID: 1010 receives a frame at time 30.2369s ++++
generated random number is at 0.800467 and the threshold is 1. good luck. 
5830.24 s
++++ frame_probe ID: 882 receives a frame at time 30.2598s ++++
++++ frame_probe ID: 883 receives a frame at time 30.2598s ++++
++++ frame_probe ID: 890 receives a frame at time 30.2599s ++++
the 100th message counter  has been visited 11 times  
++++ frame_probe ID: 850 receives a frame at time 30.3303s ++++
Measurement 1 raw data directory created /home/inets/0_ba/bachelor_thesis/measurements/debug/data/53/1/.
'/home/inets/source/gr-inets/results/receiver_data_received.txt' -> '/home/inets/0_ba/bachelor_thesis/measurements/debug/data/53/1/receiver_data_received.txt'
'/home/inets/source/gr-inets/results/sender_ack_received.txt' -> '/home/inets/0_ba/bachelor_thesis/measurements/debug/data/53/1/sender_ack_received.txt'
'/home/inets/source/gr-inets/results/sender_bfr_dq.txt' -> '/home/inets/0_ba/bachelor_thesis/measurements/debug/data/53/1/sender_bfr_dq.txt'
'/home/inets/source/gr-inets/results/sender_data_sent.txt' -> '/home/inets/0_ba/bachelor_thesis/measurements/debug/data/53/1/sender_data_sent.txt'
Measurement 1 raw data moved to /home/inets/0_ba/bachelor_thesis/measurements/debug/data/53/1/.

Measurement 2/3 complete in 5 second(s).
linux; GNU C++ version 5.4.0 20160609; Boost_105800; UHD_003.009.005-45-g6768a615
linux; GNU C++ version 5.4.0 20160609; Boost_105800; UHD_003.009.005-45-g6768a615


Using Volk machine: avx_64_mmx
-- Opening a USRP2/N-Series device...
Using Volk machine: avx_64_mmx
-- Opening a USRP2/N-Series device...
-- Current recv frame size: 1472 bytes
-- Current send frame size: 1472 bytes
-- Current recv frame size: 1472 bytes
-- Current send frame size: 1472 bytes
Measurement 2/3 complete in 4 second(s).
the 880th message counter is activated.
the 885th message counter is activated.
the 100th message counter is activated.
develop_mode of random_filter ID: 1015 is activated.
the 1017th message counter is activated.
the 1018th message counter is activated.
the 1080th message counter is activated.
the 100th message counter is activated.
Measurement 2/3 complete in 3 second(s).
node starts running at 32.7075
node starts running at 32.7276
++++ frame_probe ID: 850 receives a frame at time 32.7861s ++++
++++ frame_probe ID: 860 receives a frame at time 32.8272s ++++
INFO: Detected an invalid packet at item 0
INFO: Parser returned #f
++++ frame_probe ID: 1010 receives a frame at time 32.8363s ++++
generated random number is at 0.345983 and the threshold is 5832.841 s. good luck. 

++++ frame_probe ID: 882 receives a frame at time 32.8604s ++++
++++ frame_probe ID: 883 receives a frame at time 32.8605s ++++
++++ frame_probe ID: 890 receives a frame at time 32.8606s ++++
the 100th message counter  has been visited 1 times  
++++ frame_probe ID: 850 receives a frame at time 32.971s ++++
++++ frame_probe ID: 860 receives a frame at time 33.012s ++++
++++ frame_probe ID: 1010 receives a frame at time 33.0186s ++++
generated random number is at 0.2816825833.02 and the threshold is  s
1. good luck. 
INFO: Detected an invalid packet at item 64
INFO: Parser returned #f
++++ frame_probe ID: 882 receives a frame at time 33.0427s ++++
++++ frame_probe ID: 883 receives a frame at time 33.0429s ++++
 at 5833.12 s
++++ frame_probe ID: 850 receives a frame at time 33.1425s ++++
++++ frame_probe ID: 860 receives a frame at time 33.1834s ++++
INFO: Detected an invalid packet at item 128
INFO: Parser returned #f
++++ frame_probe ID: 1010 receives a frame at time 33.1909s ++++
generated random number is at 0.621512 and the threshold is 1. good luck. 
5833.19 s
++++ frame_probe ID: 882 receives a frame at time 33.2159s ++++
++++ frame_probe ID: 883 receives a frame at time 33.216s ++++
++++ frame_probe ID: 890 receives a frame at time 33.2161s ++++
the 100th message counter  has been visited 2 times  
Measurement 2/3 complete in 2 second(s).
++++ frame_probe ID: 850 receives a frame at time 33.3711s ++++
++++ frame_probe ID: 860 receives a frame at time 33.4121s ++++
INFO: Detected an invalid packet at item 192
INFO: Parser returned #f
++++ frame_probe ID: 1010 receives a frame at time 33.4214s ++++
generated random number is at 0.536638 and the threshold is 15833.42. good luck. 
 s
++++ frame_probe ID: 882 receives a frame at time 33.4466s ++++
++++ frame_probe ID: 883 receives a frame at time 33.4466s ++++
++++ frame_probe ID: 890 receives a frame at time 33.4467s ++++
the 100th message counter  has been visited 3 times  
++++ frame_probe ID: 850 receives a frame at time 33.559s ++++
++++ frame_probe ID: 860 receives a frame at time 33.5999s ++++
++++ frame_probe ID: 1010 receives a frame at time 33.6037s ++++
generated random number is at 5833.6 s0.467712
 and the threshold is 1. good luck. 
INFO: Detected an invalid packet at item 256
INFO: Parser returned #f
INFO: Detected an invalid packet at item 288
INFO: Parser returned #f
 at 5833.72 s
++++ frame_probe ID: 850 receives a frame at time 33.7349s ++++
++++ frame_probe ID: 860 receives a frame at time 33.7757s ++++
++++ frame_probe ID: 1010 receives a frame at time 33.7861s ++++
generated random number is at 5833.790.843077 s
 and the threshold is 1. good luck. 
++++ frame_probe ID: 882 receives a frame at time 33.8114s ++++
++++ frame_probe ID: 883 receives a frame at time 33.8115s ++++
++++ frame_probe ID: 890 receives a frame at time 33.8115s ++++
the 100th message counter  has been visited 4 times  
++++ frame_probe ID: 850 receives a frame at time 33.9019s ++++
++++ frame_probe ID: 860 receives a frame at time 33.943s ++++
++++ frame_probe ID: 1010 receives a frame at time 33.9495s ++++
generated random number is0.671027 and the threshold is 1. good luck.  at 
5833.95 s
INFO: Detected an invalid packet at item 352
INFO: Parser returned #f
INFO: Detected an invalid packet at item 384
INFO: Parser returned #f
 at 5834.05 s
++++ frame_probe ID: 850 receives a frame at time 34.0729s ++++
++++ frame_probe ID: 860 receives a frame at time 34.1138s ++++
INFO: Detected an invalid packet at item 416
INFO: Parser returned #f
++++ frame_probe ID: 1010 receives a frame at time 34.1219s ++++
generated random number is at 0.149322 and the threshold is 5834.12 s
1. good luck. 
++++ frame_probe ID: 882 receives a frame at time 34.1472s ++++
++++ frame_probe ID: 883 receives a frame at time 34.1473s ++++
++++ frame_probe ID: 890 receives a frame at time 34.1474s ++++
the 100th message counter  has been visited 5 times  
++++ frame_probe ID: 850 receives a frame at time 34.2488s ++++
++++ frame_probe ID: 860 receives a frame at time 34.2896s ++++
++++ frame_probe ID: 1010 receives a frame at time 34.2953s ++++
generated random number is at 0.758864 and the threshold is 5834.3 s
1. good luck. 
INFO: Detected an invalid packet at item 480
INFO: Parser returned #f
++++ frame_probe ID: 882 receives a frame at time 34.3196s ++++
++++ frame_probe ID: 883 receives a frame at time 34.3197s ++++
Measurement 2/3 complete in 1 second(s).
 at 5834.41 s
++++ frame_probe ID: 850 receives a frame at time 34.4251s ++++
++++ frame_probe ID: 860 receives a frame at time 34.4661s ++++
INFO: Detected an invalid packet at item 544
INFO: Parser returned #f
++++ frame_probe ID: 1010 receives a frame at time 34.4777s ++++
generated random number is at 0.177705 and the threshold is 5834.48 s
1. good luck. 
++++ frame_probe ID: 882 receives a frame at time 34.502s ++++
++++ frame_probe ID: 883 receives a frame at time 34.502s ++++
++++ frame_probe ID: 890 receives a frame at time 34.5021s ++++
the 100th message counter  has been visited 6 times  
++++ frame_probe ID: 850 receives a frame at time 34.5864s ++++
++++ frame_probe ID: 860 receives a frame at time 34.6274s ++++
++++ frame_probe ID: 1010 receives a frame at time 34.6313s ++++
generated random number is at 5834.63 s
0.221669 and the threshold is 1. good luck. 
INFO: Detected an invalid packet at item 608
INFO: Parser returned #f
 at 5834.74 s
++++ frame_probe ID: 850 receives a frame at time 34.7576s ++++
++++ frame_probe ID: 860 receives a frame at time 34.7985s ++++
++++ frame_probe ID: 1010 receives a frame at time 34.8034s ++++
generated random number is at 0.8051175834.8 and the threshold is  s
1. good luck. 
INFO: Detected an invalid packet at item 640
INFO: Parser returned #f
INFO: Detected an invalid packet at item 672
INFO: Parser returned #f
 at 5834.92 s
++++ frame_probe ID: 850 receives a frame at time 34.9384s ++++
++++ frame_probe ID: 860 receives a frame at time 34.9792s ++++
INFO: Detected an invalid packet at item 704
INFO: Parser returned #f
++++ frame_probe ID: 1010 receives a frame at time 34.9859s ++++
generated random number is at 0.469192 and the threshold is 1. good luck. 
5834.99 s
INFO: Detected an invalid packet at item 736
INFO: Parser returned #f
 at 5835.13 s
++++ frame_probe ID: 850 receives a frame at time 35.144s ++++
++++ frame_probe ID: 860 receives a frame at time 35.1849s ++++
++++ frame_probe ID: 1010 receives a frame at time 35.1974s ++++
generated random number is at 0.6006775835.2 and the threshold is  s
1. good luck. 
++++ frame_probe ID: 882 receives a frame at time 35.2225s ++++
++++ frame_probe ID: 883 receives a frame at time 35.2225s ++++
++++ frame_probe ID: 890 receives a frame at time 35.2226s ++++
the 100th message counter  has been visited 7 times  
++++ frame_probe ID: 850 receives a frame at time 35.3239s ++++
Measurement 2 raw data directory created /home/inets/0_ba/bachelor_thesis/measurements/debug/data/53/2/.
'/home/inets/source/gr-inets/results/receiver_data_received.txt' -> '/home/inets/0_ba/bachelor_thesis/measurements/debug/data/53/2/receiver_data_received.txt'
'/home/inets/source/gr-inets/results/sender_ack_received.txt' -> '/home/inets/0_ba/bachelor_thesis/measurements/debug/data/53/2/sender_ack_received.txt'
'/home/inets/source/gr-inets/results/sender_bfr_dq.txt' -> '/home/inets/0_ba/bachelor_thesis/measurements/debug/data/53/2/sender_bfr_dq.txt'
'/home/inets/source/gr-inets/results/sender_data_sent.txt' -> '/home/inets/0_ba/bachelor_thesis/measurements/debug/data/53/2/sender_data_sent.txt'
Measurement 2 raw data moved to /home/inets/0_ba/bachelor_thesis/measurements/debug/data/53/2/.

Measurement 3/3 complete in 5 second(s).
linux; GNU C++ version 5.4.0 20160609; Boost_105800; UHD_003.009.005-45-g6768a615
linux; GNU C++ version 5.4.0 20160609; Boost_105800; UHD_003.009.005-45-g6768a615


Using Volk machine: avx_64_mmx
-- Opening a USRP2/N-Series device...
Using Volk machine: avx_64_mmx
-- Opening a USRP2/N-Series device...
-- Current recv frame size: 1472 bytes
-- Current recv frame size: 1472 bytes
-- Current send frame size: 1472 bytes
-- Current send frame size: 1472 bytes
Measurement 3/3 complete in 4 second(s).
the 880th message counter is activated.
the 885th message counter is activated.
the 100th message counter is activated.
develop_mode of random_filter ID: 1015 is activated.
the 1017th message counter is activated.
the 1018th message counter is activated.
the 1080th message counter is activated.
the 100th message counter is activated.
Measurement 3/3 complete in 3 second(s).
node starts running at 37.7482
node starts running at 37.7554
++++ frame_probe ID: 850 receives a frame at time 37.8746s ++++
++++ frame_probe ID: 860 receives a frame at time 37.916s ++++
INFO: Detected an invalid packet at item 0
INFO: Parser returned #f
++++ frame_probe ID: 1010 receives a frame at time 37.9276s ++++
 at generated random number is5837.93 s0.354735
 and the threshold is 1. good luck. 
++++ frame_probe ID: 882 receives a frame at time 37.9491s ++++
++++ frame_probe ID: 883 receives a frame at time 37.9492s ++++
++++ frame_probe ID: 890 receives a frame at time 37.9493s ++++
the 100th message counter  has been visited 1 times  
++++ frame_probe ID: 850 receives a frame at time 38.0647s ++++
++++ frame_probe ID: 860 receives a frame at time 38.1056s ++++
++++ frame_probe ID: 1010 receives a frame at time 38.1095s ++++
 at generated random number is0.720271 and the threshold is 5838.11 s
1. good luck. 
++++ frame_probe ID: 882 receives a frame at time 38.1315s ++++
++++ frame_probe ID: 883 receives a frame at time 38.1315s ++++
++++ frame_probe ID: 890 receives a frame at time 38.1316s ++++
the 100th message counter  has been visited 2 times  
++++ frame_probe ID: 850 receives a frame at time 38.23s ++++
++++ frame_probe ID: 860 receives a frame at time 38.2709s ++++
++++ frame_probe ID: 1010 receives a frame at time 38.2829s ++++
generated random number is at 0.469241 and the threshold is 1. good luck. 
5838.28 s
++++ frame_probe ID: 882 receives a frame at time 38.3047s ++++
++++ frame_probe ID: 883 receives a frame at time 38.3048s ++++
++++ frame_probe ID: 890 receives a frame at time 38.3048s ++++
Measurement 3/3 complete in 2 second(s).
the 100th message counter  has been visited 3 times  
++++ frame_probe ID: 850 receives a frame at time 38.3782s ++++
++++ frame_probe ID: 860 receives a frame at time 38.4191s ++++
++++ frame_probe ID: 1010 receives a frame at time 38.4262s ++++
generated random number is at 0.145069 and the threshold is 1. good luck. 
5838.43 s
INFO: Detected an invalid packet at item 128
INFO: Parser returned #f
++++ frame_probe ID: 882 receives a frame at time 38.448s ++++
++++ frame_probe ID: 883 receives a frame at time 38.4481s ++++
++++ frame_probe ID: 890 receives a frame at time 38.4481s ++++
the 100th message counter  has been visited 4 times  
++++ frame_probe ID: 850 receives a frame at time 38.5294s ++++
++++ frame_probe ID: 860 receives a frame at time 38.5702s ++++
++++ frame_probe ID: 1010 receives a frame at time 38.5805s ++++
generated random number is at 0.229713 and the threshold is 5838.58 s
1. good luck. 
INFO: Detected an invalid packet at item 192
INFO: Parser returned #f
++++ frame_probe ID: 882 receives a frame at time 38.6014s ++++
++++ frame_probe ID: 883 receives a frame at time 38.6014s ++++
++++ frame_probe ID: 890 receives a frame at time 38.6015s ++++
the 100th message counter  has been visited 5 times  
++++ frame_probe ID: 850 receives a frame at time 38.6979s ++++
++++ frame_probe ID: 860 receives a frame at time 38.7388s ++++
++++ frame_probe ID: 1010 receives a frame at time 38.7441s ++++
generated random number is at 0.425062 and the threshold is 1. good luck. 
5838.74 s
INFO: Detected an invalid packet at item 256
INFO: Parser returned #f
INFO: Detected an invalid packet at item 288
INFO: Parser returned #f
 at 5838.85 s
++++ frame_probe ID: 850 receives a frame at time 38.8691s ++++
++++ frame_probe ID: 860 receives a frame at time 38.91s ++++
++++ frame_probe ID: 1010 receives a frame at time 38.9165s ++++
generated random number is0.35933 and the threshold is 1 at . good luck. 
5838.92 s
INFO: Detected an invalid packet at item 320
INFO: Parser returned #f
++++ frame_probe ID: 882 receives a frame at time 38.9372s ++++
++++ frame_probe ID: 883 receives a frame at time 38.9373s ++++
++++ frame_probe ID: 890 receives a frame at time 38.9373s ++++
the 100th message counter  has been visited 6 times  
++++ frame_probe ID: 850 receives a frame at time 39.0107s ++++
++++ frame_probe ID: 860 receives a frame at time 39.0516s ++++
++++ frame_probe ID: 1010 receives a frame at time 39.0607s ++++
 at generated random number is5839.06 s
0.460355 and the threshold is 1. good luck. 
INFO: Detected an invalid packet at item 384
INFO: Parser returned #f
++++ frame_probe ID: 882 receives a frame at time 39.0814s ++++
++++ frame_probe ID: 883 receives a frame at time 39.0815s ++++
++++ frame_probe ID: 890 receives a frame at time 39.0816s ++++
the 100th message counter  has been visited 7 times  
++++ frame_probe ID: 850 receives a frame at time 39.1939s ++++
++++ frame_probe ID: 860 receives a frame at time 39.2349s ++++
++++ frame_probe ID: 1010 receives a frame at time 39.243s ++++
generated random number is at 0.608649 and the threshold is 5839.24 s
1. good luck. 
INFO: Detected an invalid packet at item 448
INFO: Parser returned #f
++++ frame_probe ID: 882 receives a frame at time 39.2639s ++++
++++ frame_probe ID: 883 receives a frame at time 39.264s ++++
++++ frame_probe ID: 890 receives a frame at time 39.2641s ++++
Measurement 3/3 complete in 1 second(s).
the 100th message counter  has been visited 8 times  
++++ frame_probe ID: 850 receives a frame at time 39.3804s ++++
++++ frame_probe ID: 860 receives a frame at time 39.4213s ++++
++++ frame_probe ID: 1010 receives a frame at time 39.4254s ++++
generated random number is at 5839.430.0701331 s and the threshold is 
1. good luck. 
INFO: Detected an invalid packet at item 512
INFO: Parser returned #f
INFO: Detected an invalid packet at item 544
INFO: Parser returned #f
 at 5839.54 s
++++ frame_probe ID: 850 receives a frame at time 39.5558s ++++
++++ frame_probe ID: 860 receives a frame at time 39.5969s ++++
++++ frame_probe ID: 1010 receives a frame at time 39.608s ++++
generated random number is at 0.519323 and the threshold is 5839.61 s
1. good luck. 
++++ frame_probe ID: 882 receives a frame at time 39.6288s ++++
++++ frame_probe ID: 883 receives a frame at time 39.6288s ++++
++++ frame_probe ID: 890 receives a frame at time 39.6289s ++++
the 100th message counter  has been visited 9 times  
++++ frame_probe ID: 850 receives a frame at time 39.7012s ++++
++++ frame_probe ID: 860 receives a frame at time 39.7421s ++++
++++ frame_probe ID: 1010 receives a frame at time 39.7512s ++++
generated random number is at 0.3574895839.75 and the threshold is  s
1. good luck. 
++++ frame_probe ID: 882 receives a frame at time 39.7731s ++++
++++ frame_probe ID: 883 receives a frame at time 39.7731s ++++
++++ frame_probe ID: 890 receives a frame at time 39.7732s ++++
the 100th message counter  has been visited 10 times  
++++ frame_probe ID: 850 receives a frame at time 39.8805s ++++
++++ frame_probe ID: 860 receives a frame at time 39.9214s ++++
INFO: Detected an invalid packet at item 640
INFO: Parser returned #f
++++ frame_probe ID: 1010 receives a frame at time 39.9335s ++++
generated random number is at 0.50289 and the threshold is 1. good luck. 
5839.93 s
++++ frame_probe ID: 882 receives a frame at time 39.9554s ++++
++++ frame_probe ID: 883 receives a frame at time 39.9554s ++++
++++ frame_probe ID: 890 receives a frame at time 39.9555s ++++
the 100th message counter  has been visited 11 times  
++++ frame_probe ID: 850 receives a frame at time 40.0628s ++++
++++ frame_probe ID: 860 receives a frame at time 40.1037s ++++
++++ frame_probe ID: 1010 receives a frame at time 40.107s ++++
generated random number is at 0.8984725840.11 and the threshold is  s
1. good luck. 
++++ frame_probe ID: 882 receives a frame at time 40.1279s ++++
++++ frame_probe ID: 883 receives a frame at time 40.1279s ++++
 at 5840.22 s
++++ frame_probe ID: 850 receives a frame at time 40.2336s ++++
++++ frame_probe ID: 860 receives a frame at time 40.2744s ++++
++++ frame_probe ID: 1010 receives a frame at time 40.2795s ++++
generated random number is at 0.618743 and the threshold is 1. good luck. 5840.28 s

INFO: Detected an invalid packet at item 736
INFO: Parser returned #f
++++ frame_probe ID: 882 receives a frame at time 40.3013s ++++
Measurement 3 raw data directory created /home/inets/0_ba/bachelor_thesis/measurements/debug/data/53/3/.
'/home/inets/source/gr-inets/results/receiver_data_received.txt' -> '/home/inets/0_ba/bachelor_thesis/measurements/debug/data/53/3/receiver_data_received.txt'
'/home/inets/source/gr-inets/results/sender_ack_received.txt' -> '/home/inets/0_ba/bachelor_thesis/measurements/debug/data/53/3/sender_ack_received.txt'
'/home/inets/source/gr-inets/results/sender_bfr_dq.txt' -> '/home/inets/0_ba/bachelor_thesis/measurements/debug/data/53/3/sender_bfr_dq.txt'
'/home/inets/source/gr-inets/results/sender_data_sent.txt' -> '/home/inets/0_ba/bachelor_thesis/measurements/debug/data/53/3/sender_data_sent.txt'
Measurement 3 raw data moved to /home/inets/0_ba/bachelor_thesis/measurements/debug/data/53/3/.

Now processing results...
Plotting Python should be: python3 (UBUNTU).
Hello from rtt.py!
Hello from variables.py!
data_sent: 1499955827.796932
data_sent: 1499955827.990651
data_sent: 1499955828.162026
data_sent: 1499955828.335655
data_sent: 1499955828.506441
data_sent: 1499955828.657417
data_sent: 1499955828.835746
data_sent: 1499955828.979906
data_sent: 1499955829.127474
data_sent: 1499955829.312605
data_sent: 1499955829.475043
data_sent: 1499955829.653304
data_sent: 1499955829.828828
data_sent: 1499955830.007431
data_sent: 1499955830.183237
data_sent: 1499955830.330274
ack_received: 1499955827.869586
ack_received: 1499955828.234338
ack_received: 1499955828.580038
ack_received: 1499955828.733400
ack_received: 1499955828.906581
ack_received: 1499955829.050115
ack_received: 1499955829.204228
ack_received: 1499955829.386671
ack_received: 1499955829.549031
ack_received: 1499955829.905008
ack_received: 1499955830.259923

+--------------------------------------------------------------+
| Plotting completed. Until the next measurement session then! |
+--------------------------------------------------------------+
