Measurement 1/3 complete in 5 second(s).
linux; GNU C++ version 5.4.0 20160609; Boost_105800; UHD_003.009.005-45-g6768a615
linux; GNU C++ version 5.4.0 20160609; Boost_105800; UHD_003.009.005-45-g6768a615


Using Volk machine: avx_64_mmx
-- Opening a USRP2/N-Series device...
Using Volk machine: avx_64_mmx
-- Opening a USRP2/N-Series device...
-- Current recv frame size: 1472 bytes
-- Current send frame size: 1472 bytes
-- Current recv frame size: 1472 bytes
-- Current send frame size: 1472 bytes
Measurement 1/3 complete in 4 second(s).
the 880th message counter is activated.
the 885th message counter is activated.
the 100th message counter is activated.
develop_mode of random_filter ID: 1015 is activated.
the 1017th message counter is activated.
the 1018th message counter is activated.
the 1080th message counter is activated.
the 100th message counter is activated.
Measurement 1/3 complete in 3 second(s).
node starts running at 93.5643
node starts running at 93.5671
++++ frame_probe ID: 850 receives a frame at time 93.672s ++++
++++ frame_probe ID: 860 receives a frame at time 93.7132s ++++
++++ frame_probe ID: 1010 receives a frame at time 93.7195s ++++
generated random number is0.0390039 and the threshold is 1. good luck. 
 at 5893.72 s
++++ frame_probe ID: 882 receives a frame at time 93.7405s ++++
++++ frame_probe ID: 883 receives a frame at time 93.7406s ++++
++++ frame_probe ID: 890 receives a frame at time 93.7407s ++++
the 100th message counter  has been visited 1 times  
++++ frame_probe ID: 850 receives a frame at time 93.8452s ++++
++++ frame_probe ID: 860 receives a frame at time 93.886s ++++
++++ frame_probe ID: 1010 receives a frame at time 93.8926s ++++
generated random number is at 5893.89 s
0.313126 and the threshold is 1. good luck. 
++++ frame_probe ID: 882 receives a frame at time 93.9134s ++++
++++ frame_probe ID: 883 receives a frame at time 93.9134s ++++
++++ frame_probe ID: 890 receives a frame at time 93.9135s ++++
the 100th message counter  has been visited 2 times  
++++ frame_probe ID: 850 receives a frame at time 94.0059s ++++
++++ frame_probe ID: 860 receives a frame at time 94.0469s ++++
++++ frame_probe ID: 1010 receives a frame at time 94.0561s ++++
 at generated random number is5894.06 s
0.52966 and the threshold is 1. good luck. 
INFO: Detected an invalid packet at item 64
INFO: Parser returned #f
++++ frame_probe ID: 882 receives a frame at time 94.0766s ++++
++++ frame_probe ID: 883 receives a frame at time 94.0767s ++++
++++ frame_probe ID: 890 receives a frame at time 94.0767s ++++
the 100th message counter  has been visited 3 times  
++++ frame_probe ID: 850 receives a frame at time 94.1701s ++++
Measurement 1/3 complete in 2 second(s).
++++ frame_probe ID: 860 receives a frame at time 94.211s ++++
++++ frame_probe ID: 1010 receives a frame at time 94.2186s ++++
generated random number is at 0.541398 and the threshold is 1. good luck. 
5894.22 s
INFO: Detected an invalid packet at item 128
INFO: Parser returned #f
++++ frame_probe ID: 882 receives a frame at time 94.2398s ++++
++++ frame_probe ID: 883 receives a frame at time 94.2399s ++++
++++ frame_probe ID: 890 receives a frame at time 94.24s ++++
the 100th message counter  has been visited 4 times  
++++ frame_probe ID: 850 receives a frame at time 94.3313s ++++
++++ frame_probe ID: 860 receives a frame at time 94.372s ++++
++++ frame_probe ID: 1010 receives a frame at time 94.3819s ++++
generated random number is at 0.706088 and the threshold is 1. good luck. 
5894.38 s
++++ frame_probe ID: 882 receives a frame at time 94.4033s ++++
++++ frame_probe ID: 883 receives a frame at time 94.4034s ++++
++++ frame_probe ID: 890 receives a frame at time 94.4034s ++++
the 100th message counter  has been visited 5 times  
++++ frame_probe ID: 850 receives a frame at time 94.4998s ++++
++++ frame_probe ID: 860 receives a frame at time 94.5407s ++++
++++ frame_probe ID: 1010 receives a frame at time 94.5451s ++++
generated random number is at 5894.55 s0.782385
 and the threshold is 1. good luck. 
INFO: Detected an invalid packet at item 224
INFO: Parser returned #f
INFO: Detected an invalid packet at item 256
INFO: Parser returned #f
 at 5894.66 s
++++ frame_probe ID: 850 receives a frame at time 94.676s ++++
++++ frame_probe ID: 860 receives a frame at time 94.7168s ++++
++++ frame_probe ID: 1010 receives a frame at time 94.7279s ++++
 at generated random number is0.0719148 and the threshold is 5894.731. good luck.  s

INFO: Detected an invalid packet at item 288
INFO: Parser returned #f
++++ frame_probe ID: 882 receives a frame at time 94.7482s ++++
++++ frame_probe ID: 883 receives a frame at time 94.7482s ++++
++++ frame_probe ID: 890 receives a frame at time 94.7483s ++++
the 100th message counter  has been visited 6 times  
++++ frame_probe ID: 850 receives a frame at time 94.8518s ++++
++++ frame_probe ID: 860 receives a frame at time 94.8927s ++++
++++ frame_probe ID: 1010 receives a frame at time 94.9001s ++++
generated random number is at 0.1665785894.9 and the threshold is  s
1. good luck. 
INFO: Detected an invalid packet at item 352
INFO: Parser returned #f
++++ frame_probe ID: 882 receives a frame at time 94.9215s ++++
++++ frame_probe ID: 883 receives a frame at time 94.9216s ++++
++++ frame_probe ID: 890 receives a frame at time 94.9217s ++++
the 100th message counter  has been visited 7 times  
++++ frame_probe ID: 850 receives a frame at time 95.0141s ++++
++++ frame_probe ID: 860 receives a frame at time 95.0551s ++++
++++ frame_probe ID: 1010 receives a frame at time 95.0634s ++++
generated random number is at 0.932454 and the threshold is 5895.06 s
1. good luck. 
++++ frame_probe ID: 882 receives a frame at time 95.085s ++++
++++ frame_probe ID: 883 receives a frame at time 95.085s ++++
++++ frame_probe ID: 890 receives a frame at time 95.0852s ++++
the 100th message counter  has been visited 8 times  
Measurement 1/3 complete in 1 second(s).
++++ frame_probe ID: 850 receives a frame at time 95.1755s ++++
++++ frame_probe ID: 860 receives a frame at time 95.2167s ++++
++++ frame_probe ID: 1010 receives a frame at time 95.2269s ++++
generated random number is at 0.808485 and the threshold is 5895.23 s
1. good luck. 
INFO: Detected an invalid packet at item 448
INFO: Parser returned #f
++++ frame_probe ID: 882 receives a frame at time 95.2473s ++++
++++ frame_probe ID: 883 receives a frame at time 95.2474s ++++
++++ frame_probe ID: 890 receives a frame at time 95.2474s ++++
the 100th message counter  has been visited 9 times  
++++ frame_probe ID: 850 receives a frame at time 95.3619s ++++
++++ frame_probe ID: 860 receives a frame at time 95.4029s ++++
++++ frame_probe ID: 1010 receives a frame at time 95.4093s ++++
generated random number is at 0.88499 and the threshold is 15895.41. good luck.  s

++++ frame_probe ID: 882 receives a frame at time 95.4296s ++++
++++ frame_probe ID: 883 receives a frame at time 95.4297s ++++
++++ frame_probe ID: 890 receives a frame at time 95.4298s ++++
the 100th message counter  has been visited 10 times  
++++ frame_probe ID: 850 receives a frame at time 95.5191s ++++
++++ frame_probe ID: 860 receives a frame at time 95.5602s ++++
++++ frame_probe ID: 1010 receives a frame at time 95.5724s ++++
generated random number is at 0.602222 and the threshold is 1. good luck. 
5895.57 s
++++ frame_probe ID: 882 receives a frame at time 95.593s ++++
++++ frame_probe ID: 883 receives a frame at time 95.5931s ++++
++++ frame_probe ID: 890 receives a frame at time 95.5931s ++++
the 100th message counter  has been visited 11 times  
++++ frame_probe ID: 850 receives a frame at time 95.6635s ++++
++++ frame_probe ID: 860 receives a frame at time 95.7045s ++++
INFO: Detected an invalid packet at item 576
INFO: Parser returned #f
++++ frame_probe ID: 1010 receives a frame at time 95.717s ++++
 at generated random number is5895.72 s
0.10357 and the threshold is 1. good luck. 
++++ frame_probe ID: 882 receives a frame at time 95.7375s ++++
++++ frame_probe ID: 883 receives a frame at time 95.7375s ++++
++++ frame_probe ID: 890 receives a frame at time 95.7376s ++++
the 100th message counter  has been visited 12 times  
++++ frame_probe ID: 850 receives a frame at time 95.8149s ++++
++++ frame_probe ID: 860 receives a frame at time 95.8557s ++++
++++ frame_probe ID: 1010 receives a frame at time 95.86s ++++
generated random number is0.505455 and the threshold is 1. good luck. 
 at 5895.86 s
INFO: Detected an invalid packet at item 640
INFO: Parser returned #f
++++ frame_probe ID: 882 receives a frame at time 95.8815s ++++
++++ frame_probe ID: 883 receives a frame at time 95.8816s ++++
 at 5895.97 s
++++ frame_probe ID: 850 receives a frame at time 95.9856s ++++
++++ frame_probe ID: 860 receives a frame at time 96.0265s ++++
++++ frame_probe ID: 1010 receives a frame at time 96.0337s ++++
generated random number is0.259867 and the threshold is 1. good luck.  at 
5896.03 s
++++ frame_probe ID: 882 receives a frame at time 96.0541s ++++
++++ frame_probe ID: 883 receives a frame at time 96.0541s ++++
++++ frame_probe ID: 890 receives a frame at time 96.0542s ++++
the 100th message counter  has been visited 13 times  
++++ frame_probe ID: 850 receives a frame at time 96.1616s ++++
Measurement 1 raw data directory created /home/inets/0_ba/bachelor_thesis/measurements/debug/data/54/1/.
'/home/inets/source/gr-inets/results/receiver_data_received.txt' -> '/home/inets/0_ba/bachelor_thesis/measurements/debug/data/54/1/receiver_data_received.txt'
'/home/inets/source/gr-inets/results/sender_ack_received.txt' -> '/home/inets/0_ba/bachelor_thesis/measurements/debug/data/54/1/sender_ack_received.txt'
'/home/inets/source/gr-inets/results/sender_bfr_dq.txt' -> '/home/inets/0_ba/bachelor_thesis/measurements/debug/data/54/1/sender_bfr_dq.txt'
'/home/inets/source/gr-inets/results/sender_data_sent.txt' -> '/home/inets/0_ba/bachelor_thesis/measurements/debug/data/54/1/sender_data_sent.txt'
Measurement 1 raw data moved to /home/inets/0_ba/bachelor_thesis/measurements/debug/data/54/1/.

Measurement 2/3 complete in 5 second(s).
linux; GNU C++ version 5.4.0 20160609; Boost_105800; UHD_003.009.005-45-g6768a615
linux; GNU C++ version 5.4.0 20160609; Boost_105800; UHD_003.009.005-45-g6768a615


Using Volk machine: avx_64_mmx
-- Opening a USRP2/N-Series device...
Using Volk machine: avx_64_mmx
-- Opening a USRP2/N-Series device...
-- Current recv frame size: 1472 bytes
-- Current send frame size: 1472 bytes
-- Current recv frame size: 1472 bytes
-- Current send frame size: 1472 bytes
Measurement 2/3 complete in 4 second(s).
the 880th message counter is activated.
the 885th message counter is activated.
the 100th message counter is activated.
develop_mode of random_filter ID: 1015 is activated.
the 1017th message counter is activated.
the 1018th message counter is activated.
the 1080th message counter is activated.
the 100th message counter is activated.
Measurement 2/3 complete in 3 second(s).
node starts running at 98.5536
node starts running at 98.5736
++++ frame_probe ID: 850 receives a frame at time 98.6072s ++++
++++ frame_probe ID: 860 receives a frame at time 98.6485s ++++
++++ frame_probe ID: 1010 receives a frame at time 98.652s ++++
generated random number is at 0.431852 and the threshold is 1. good luck. 
5898.65 s
++++ frame_probe ID: 882 receives a frame at time 98.6798s ++++
 at 5898.76 s
++++ frame_probe ID: 850 receives a frame at time 98.7788s ++++
++++ frame_probe ID: 860 receives a frame at time 98.8197s ++++
INFO: Detected an invalid packet at item 32
INFO: Parser returned #f
++++ frame_probe ID: 1010 receives a frame at time 98.8243s ++++
generated random number is at 0.699212 and the threshold is 1. good luck. 
5898.82 s
INFO: Detected an invalid packet at item 64
INFO: Parser returned #f
 at 5898.94 s
++++ frame_probe ID: 850 receives a frame at time 98.9595s ++++
++++ frame_probe ID: 860 receives a frame at time 99.0002s ++++
INFO: Detected an invalid packet at item 96
INFO: Parser returned #f
++++ frame_probe ID: 1010 receives a frame at time 99.0067s ++++
generated random number is at 0.513224 and the threshold is 1. good luck. 
5899.01 s
++++ frame_probe ID: 882 receives a frame at time 99.0252s ++++
++++ frame_probe ID: 883 receives a frame at time 99.0253s ++++
 at 5899.11 s
++++ frame_probe ID: 850 receives a frame at time 99.1306s ++++
++++ frame_probe ID: 860 receives a frame at time 99.1714s ++++
++++ frame_probe ID: 1010 receives a frame at time 99.1792s ++++
 at generated random number is5899.18 s
0.598476 and the threshold is 1. good luck. 
Measurement 2/3 complete in 2 second(s).
++++ frame_probe ID: 882 receives a frame at time 99.1983s ++++
++++ frame_probe ID: 883 receives a frame at time 99.1984s ++++
++++ frame_probe ID: 890 receives a frame at time 99.1984s ++++
the 100th message counter  has been visited 1 times  
++++ frame_probe ID: 850 receives a frame at time 99.3109s ++++
++++ frame_probe ID: 860 receives a frame at time 99.3517s ++++
++++ frame_probe ID: 1010 receives a frame at time 99.3615s ++++
generated random number is0.218641 and the threshold is  at 1. good luck. 
5899.36 s
++++ frame_probe ID: 882 receives a frame at time 99.3811s ++++
++++ frame_probe ID: 883 receives a frame at time 99.3811s ++++
++++ frame_probe ID: 890 receives a frame at time 99.3812s ++++
the 100th message counter  has been visited 2 times  
++++ frame_probe ID: 850 receives a frame at time 99.4885s ++++
++++ frame_probe ID: 860 receives a frame at time 99.5298s ++++
++++ frame_probe ID: 1010 receives a frame at time 99.5348s ++++
generated random number is at 0.595277 and the threshold is 1. good luck. 
5899.53 s
++++ frame_probe ID: 882 receives a frame at time 99.5534s ++++
++++ frame_probe ID: 883 receives a frame at time 99.5535s ++++
++++ frame_probe ID: 890 receives a frame at time 99.5536s ++++
the 100th message counter  has been visited 3 times  
++++ frame_probe ID: 850 receives a frame at time 99.6661s ++++
++++ frame_probe ID: 860 receives a frame at time 99.7069s ++++
INFO: Detected an invalid packet at item 256
INFO: Parser returned #f
++++ frame_probe ID: 1010 receives a frame at time 99.7173s ++++
generated random number is at 0.408612 and the threshold is 1. good luck. 
5899.72 s
++++ frame_probe ID: 882 receives a frame at time 99.7357s ++++
++++ frame_probe ID: 883 receives a frame at time 99.7357s ++++
++++ frame_probe ID: 890 receives a frame at time 99.7358s ++++
the 100th message counter  has been visited 4 times  
++++ frame_probe ID: 850 receives a frame at time 99.8121s ++++
++++ frame_probe ID: 860 receives a frame at time 99.8529s ++++
++++ frame_probe ID: 1010 receives a frame at time 99.8615s ++++
generated random number is at 0.5471355899.86 s
 and the threshold is 1. good luck. 
++++ frame_probe ID: 882 receives a frame at time 99.8802s ++++
++++ frame_probe ID: 883 receives a frame at time 99.8803s ++++
++++ frame_probe ID: 890 receives a frame at time 99.8803s ++++
the 100th message counter  has been visited 5 times  
++++ frame_probe ID: 850 receives a frame at time 99.9597s ++++
++++ frame_probe ID: 860 receives a frame at time 0.000889s ++++
INFO: Detected an invalid packet at item 352
++++ frame_probe ID: 1010 receives a frame at time 0.004963s ++++
INFO: Parser returned #f
generated random number is at 0.0466916 and the threshold is 5900.01 s
1. good luck. 
++++ frame_probe ID: 882 receives a frame at time 0.024485s ++++
++++ frame_probe ID: 883 receives a frame at time 0.02452s ++++
 at 5900.11 s
++++ frame_probe ID: 850 receives a frame at time 0.131204s ++++
++++ frame_probe ID: 860 receives a frame at time 0.172159s ++++
++++ frame_probe ID: 1010 receives a frame at time 0.178219s ++++
generated random number is at 0.099558 and the threshold is 5900.18 s
1. good luck. 
Measurement 2/3 complete in 1 second(s).
INFO: Detected an invalid packet at item 416
INFO: Parser returned #f
 at 5900.3 s
++++ frame_probe ID: 850 receives a frame at time 0.317117s ++++
++++ frame_probe ID: 860 receives a frame at time 0.357897s ++++
INFO: Detected an invalid packet at item 448
INFO: Parser returned #f
++++ frame_probe ID: 1010 receives a frame at time 0.369727s ++++
generated random number is at 0.460661 and the threshold is 5900.37 s
1. good luck. 
++++ frame_probe ID: 882 receives a frame at time 0.389125s ++++
++++ frame_probe ID: 883 receives a frame at time 0.389159s ++++
++++ frame_probe ID: 890 receives a frame at time 0.389274s ++++
the 100th message counter  has been visited 6 times  
++++ frame_probe ID: 850 receives a frame at time 0.486647s ++++
++++ frame_probe ID: 860 receives a frame at time 0.527461s ++++
INFO: Detected an invalid packet at item 512
INFO: Parser returned #f
++++ frame_probe ID: 1010 receives a frame at time 0.533101s ++++
 at generated random number is0.203659 and the threshold is 1. good luck. 
5900.53 s
INFO: Detected an invalid packet at item 544
INFO: Parser returned #f
 at 5900.64 s
++++ frame_probe ID: 850 receives a frame at time 0.657092s ++++
++++ frame_probe ID: 860 receives a frame at time 0.697822s ++++
++++ frame_probe ID: 1010 receives a frame at time 0.705568s ++++
INFO: Detected an invalid packet at item 576
INFO: Parser returned #f
generated random number is at 0.883489 and the threshold is 1. good luck. 
5900.71 s
++++ frame_probe ID: 882 receives a frame at time 0.724815s ++++
++++ frame_probe ID: 883 receives a frame at time 0.724857s ++++
++++ frame_probe ID: 890 receives a frame at time 0.724953s ++++
the 100th message counter  has been visited 7 times  
++++ frame_probe ID: 850 receives a frame at time 0.827244s ++++
++++ frame_probe ID: 860 receives a frame at time 0.868058s ++++
INFO: Detected an invalid packet at item 640
INFO: Parser returned #f
++++ frame_probe ID: 1010 receives a frame at time 0.878741s ++++
generated random number is0.988371 and the threshold is 1. good luck. 
 at 5900.88 s
++++ frame_probe ID: 882 receives a frame at time 0.897308s ++++
++++ frame_probe ID: 883 receives a frame at time 0.897361s ++++
++++ frame_probe ID: 890 receives a frame at time 0.897446s ++++
the 100th message counter  has been visited 8 times  
++++ frame_probe ID: 850 receives a frame at time 0.979742s ++++
++++ frame_probe ID: 860 receives a frame at time 1.02062s ++++
INFO: Detected an invalid packet at item 704
INFO: Parser returned #f
++++ frame_probe ID: 1010 receives a frame at time 1.03223s ++++
 at generated random number is0.0266121 and the threshold is 5901.03 s1
. good luck. 
++++ frame_probe ID: 882 receives a frame at time 1.05156s ++++
++++ frame_probe ID: 883 receives a frame at time 1.05159s ++++
++++ frame_probe ID: 890 receives a frame at time 1.0517s ++++
the 100th message counter  has been visited 9 times  
++++ frame_probe ID: 850 receives a frame at time 1.15299s ++++
Measurement 2 raw data directory created /home/inets/0_ba/bachelor_thesis/measurements/debug/data/54/2/.
'/home/inets/source/gr-inets/results/receiver_data_received.txt' -> '/home/inets/0_ba/bachelor_thesis/measurements/debug/data/54/2/receiver_data_received.txt'
'/home/inets/source/gr-inets/results/sender_ack_received.txt' -> '/home/inets/0_ba/bachelor_thesis/measurements/debug/data/54/2/sender_ack_received.txt'
'/home/inets/source/gr-inets/results/sender_bfr_dq.txt' -> '/home/inets/0_ba/bachelor_thesis/measurements/debug/data/54/2/sender_bfr_dq.txt'
'/home/inets/source/gr-inets/results/sender_data_sent.txt' -> '/home/inets/0_ba/bachelor_thesis/measurements/debug/data/54/2/sender_data_sent.txt'
Measurement 2 raw data moved to /home/inets/0_ba/bachelor_thesis/measurements/debug/data/54/2/.

Measurement 3/3 complete in 5 second(s).
linux; GNU C++ version 5.4.0 20160609; Boost_105800; UHD_003.009.005-45-g6768a615
linux; GNU C++ version 5.4.0 20160609; Boost_105800; UHD_003.009.005-45-g6768a615


Using Volk machine: avx_64_mmx
-- Opening a USRP2/N-Series device...
Using Volk machine: avx_64_mmx
-- Opening a USRP2/N-Series device...
-- Current recv frame size: 1472 bytes
-- Current send frame size: 1472 bytes
-- Current recv frame size: 1472 bytes
-- Current send frame size: 1472 bytes
Measurement 3/3 complete in 4 second(s).
develop_mode of random_filter ID: 1015 is activated.
the 880th message counter is activated.
the 885th message counter is activated.
the 1017th message counter is activated.
the 100th message counter is activated.
the 1018th message counter is activated.
the 1080th message counter is activated.
the 100th message counter is activated.
Measurement 3/3 complete in 3 second(s).
node starts running at 3.58804
node starts running at 3.58838
++++ frame_probe ID: 850 receives a frame at time 3.60721s ++++
++++ frame_probe ID: 860 receives a frame at time 3.64829s ++++
++++ frame_probe ID: 1010 receives a frame at time 3.65519s ++++
generated random number is at 0.8313325903.66 and the threshold is  s
1. good luck. 
++++ frame_probe ID: 882 receives a frame at time 3.67442s ++++
++++ frame_probe ID: 883 receives a frame at time 3.67448s ++++
++++ frame_probe ID: 890 receives a frame at time 3.67459s ++++
the 100th message counter  has been visited 1 times  
++++ frame_probe ID: 850 receives a frame at time 3.94408s ++++
++++ frame_probe ID: 860 receives a frame at time 3.98487s ++++
++++ frame_probe ID: 1010 receives a frame at time 3.9907s ++++
generated random number is at 0.595244 and the threshold is 5903.99 s
1. good luck. 
INFO: Detected an invalid packet at item 32
INFO: Parser returned #f
++++ frame_probe ID: 882 receives a frame at time 4.00967s ++++
++++ frame_probe ID: 883 receives a frame at time 4.00971s ++++
++++ frame_probe ID: 890 receives a frame at time 4.00979s ++++
the 100th message counter  has been visited 2 times  
++++ frame_probe ID: 850 receives a frame at time 4.08716s ++++
++++ frame_probe ID: 860 receives a frame at time 4.12796s ++++
++++ frame_probe ID: 1010 receives a frame at time 4.13409s ++++
generated random number is at 0.558814 and the threshold is 1. good luck. 
5904.13 s
++++ frame_probe ID: 882 receives a frame at time 4.15426s ++++
++++ frame_probe ID: 883 receives a frame at time 4.15432s ++++
++++ frame_probe ID: 890 receives a frame at time 4.1544s ++++
Measurement 3/3 complete in 2 second(s).
the 100th message counter  has been visited 3 times  
++++ frame_probe ID: 850 receives a frame at time 4.25877s ++++
++++ frame_probe ID: 860 receives a frame at time 4.29967s ++++
INFO: Detected an invalid packet at item 128
INFO: Parser returned #f
++++ frame_probe ID: 1010 receives a frame at time 4.30754s ++++
generated random number is0.834045 and the threshold is  at 1. good luck. 
5904.31 s
++++ frame_probe ID: 882 receives a frame at time 4.32741s ++++
++++ frame_probe ID: 883 receives a frame at time 4.32746s ++++
++++ frame_probe ID: 890 receives a frame at time 4.32752s ++++
the 100th message counter  has been visited 4 times  
++++ frame_probe ID: 850 receives a frame at time 4.40084s ++++
++++ frame_probe ID: 860 receives a frame at time 4.44182s ++++
++++ frame_probe ID: 1010 receives a frame at time 4.45169s ++++
 at generated random number is0.218105 and the threshold is 5904.45 s
1. good luck. 
++++ frame_probe ID: 882 receives a frame at time 4.47092s ++++
++++ frame_probe ID: 883 receives a frame at time 4.47097s ++++
++++ frame_probe ID: 890 receives a frame at time 4.47104s ++++
the 100th message counter  has been visited 5 times  
++++ frame_probe ID: 850 receives a frame at time 4.58149s ++++
++++ frame_probe ID: 860 receives a frame at time 4.62262s ++++
++++ frame_probe ID: 1010 receives a frame at time 4.63412s ++++
generated random number is at 0.698281 and the threshold is 1. good luck. 
5904.63 s
++++ frame_probe ID: 882 receives a frame at time 4.65314s ++++
++++ frame_probe ID: 883 receives a frame at time 4.65319s ++++
++++ frame_probe ID: 890 receives a frame at time 4.65326s ++++
the 100th message counter  has been visited 6 times  
++++ frame_probe ID: 850 receives a frame at time 4.74665s ++++
++++ frame_probe ID: 860 receives a frame at time 4.78757s ++++
++++ frame_probe ID: 1010 receives a frame at time 4.79652s ++++
generated random number is at 0.407773 and the threshold is 1. good luck. 
5904.8 s
INFO: Detected an invalid packet at item 256
INFO: Parser returned #f
++++ frame_probe ID: 882 receives a frame at time 4.8165s ++++
++++ frame_probe ID: 883 receives a frame at time 4.81654s ++++
++++ frame_probe ID: 890 receives a frame at time 4.81666s ++++
the 100th message counter  has been visited 7 times  
++++ frame_probe ID: 850 receives a frame at time 4.89299s ++++
++++ frame_probe ID: 860 receives a frame at time 4.93383s ++++
++++ frame_probe ID: 1010 receives a frame at time 4.94012s ++++
 at generated random number is5904.94 s
0.00315265 and the threshold is 1. good luck. 
INFO: Detected an invalid packet at item 320
INFO: Parser returned #f
++++ frame_probe ID: 882 receives a frame at time 4.96077s ++++
++++ frame_probe ID: 883 receives a frame at time 4.96082s ++++
++++ frame_probe ID: 890 receives a frame at time 4.96089s ++++
the 100th message counter  has been visited 8 times  
++++ frame_probe ID: 850 receives a frame at time 5.05626s ++++
++++ frame_probe ID: 860 receives a frame at time 5.09715s ++++
++++ frame_probe ID: 1010 receives a frame at time 5.1032s ++++
generated random number is at 0.461459 and the threshold is 5905.1 s
1. good luck. 
++++ frame_probe ID: 882 receives a frame at time 5.12441s ++++
++++ frame_probe ID: 883 receives a frame at time 5.12444s ++++
++++ frame_probe ID: 890 receives a frame at time 5.12453s ++++
Measurement 3/3 complete in 1 second(s).
the 100th message counter  has been visited 9 times  
++++ frame_probe ID: 850 receives a frame at time 5.23595s ++++
++++ frame_probe ID: 860 receives a frame at time 5.27681s ++++
++++ frame_probe ID: 1010 receives a frame at time 5.28578s ++++
 at generated random number is0.5255225905.29 and the threshold is  s
1. good luck. 
INFO: Detected an invalid packet at item 416
INFO: Parser returned #f
++++ frame_probe ID: 882 receives a frame at time 5.30641s ++++
++++ frame_probe ID: 883 receives a frame at time 5.30645s ++++
++++ frame_probe ID: 890 receives a frame at time 5.30652s ++++
the 100th message counter  has been visited 10 times  
++++ frame_probe ID: 850 receives a frame at time 5.38919s ++++
++++ frame_probe ID: 860 receives a frame at time 5.42997s ++++
++++ frame_probe ID: 1010 receives a frame at time 5.44s ++++
generated random number is0.188983 at  and the threshold is 1. good luck. 
5905.44 s
INFO: Detected an invalid packet at item 480
INFO: Parser returned #f
++++ frame_probe ID: 882 receives a frame at time 5.45994s ++++
++++ frame_probe ID: 883 receives a frame at time 5.45999s ++++
++++ frame_probe ID: 890 receives a frame at time 5.46006s ++++
the 100th message counter  has been visited 11 times  
++++ frame_probe ID: 850 receives a frame at time 5.57044s ++++
++++ frame_probe ID: 860 receives a frame at time 5.61131s ++++
++++ frame_probe ID: 1010 receives a frame at time 5.62157s ++++
generated random number is at 0.74315 and the threshold is 5905.62 s
1. good luck. 
INFO: Detected an invalid packet at item 544
INFO: Parser returned #f
++++ frame_probe ID: 882 receives a frame at time 5.64239s ++++
++++ frame_probe ID: 883 receives a frame at time 5.64243s ++++
++++ frame_probe ID: 890 receives a frame at time 5.64251s ++++
the 100th message counter  has been visited 12 times  
++++ frame_probe ID: 850 receives a frame at time 5.74792s ++++
++++ frame_probe ID: 860 receives a frame at time 5.78871s ++++
++++ frame_probe ID: 1010 receives a frame at time 5.79493s ++++
generated random number is at 0.112919 and the threshold is 5905.79 s
1. good luck. 
++++ frame_probe ID: 882 receives a frame at time 5.81559s ++++
++++ frame_probe ID: 883 receives a frame at time 5.81564s ++++
++++ frame_probe ID: 890 receives a frame at time 5.8157s ++++
the 100th message counter  has been visited 13 times  
++++ frame_probe ID: 850 receives a frame at time 5.89097s ++++
++++ frame_probe ID: 860 receives a frame at time 5.9319s ++++
++++ frame_probe ID: 1010 receives a frame at time 5.93802s ++++
generated random number is at 0.352384 and the threshold is 5905.94 s1
. good luck. 
INFO: Detected an invalid packet at item 640
INFO: Parser returned #f
++++ frame_probe ID: 882 receives a frame at time 5.95893s ++++
++++ frame_probe ID: 883 receives a frame at time 5.95898s ++++
++++ frame_probe ID: 890 receives a frame at time 5.95905s ++++
the 100th message counter  has been visited 14 times  
++++ frame_probe ID: 850 receives a frame at time 6.06344s ++++
++++ frame_probe ID: 860 receives a frame at time 6.10439s ++++
++++ frame_probe ID: 1010 receives a frame at time 6.11071s ++++
generated random number is at 0.372884 and the threshold is 1. good luck. 
5906.11 s
INFO: Detected an invalid packet at item 704
INFO: Parser returned #f
++++ frame_probe ID: 882 receives a frame at time 6.13229s ++++
++++ frame_probe ID: 883 receives a frame at time 6.13236s ++++
++++ frame_probe ID: 890 receives a frame at time 6.13243s ++++
the 100th message counter  has been visited 15 times  
Measurement 3 raw data directory created /home/inets/0_ba/bachelor_thesis/measurements/debug/data/54/3/.
'/home/inets/source/gr-inets/results/receiver_data_received.txt' -> '/home/inets/0_ba/bachelor_thesis/measurements/debug/data/54/3/receiver_data_received.txt'
'/home/inets/source/gr-inets/results/sender_ack_received.txt' -> '/home/inets/0_ba/bachelor_thesis/measurements/debug/data/54/3/sender_ack_received.txt'
'/home/inets/source/gr-inets/results/sender_bfr_dq.txt' -> '/home/inets/0_ba/bachelor_thesis/measurements/debug/data/54/3/sender_bfr_dq.txt'
'/home/inets/source/gr-inets/results/sender_data_sent.txt' -> '/home/inets/0_ba/bachelor_thesis/measurements/debug/data/54/3/sender_data_sent.txt'
Measurement 3 raw data moved to /home/inets/0_ba/bachelor_thesis/measurements/debug/data/54/3/.

Now processing results...
Plotting Python should be: python3 (UBUNTU).
Hello from rtt.py!
Hello from variables.py!
data_sent: 1499955893.671991
data_sent: 1499955893.845168
data_sent: 1499955894.005886
data_sent: 1499955894.170092
data_sent: 1499955894.331273
data_sent: 1499955894.499850
data_sent: 1499955894.675951
data_sent: 1499955894.851769
data_sent: 1499955895.014069
data_sent: 1499955895.175483
data_sent: 1499955895.361855
data_sent: 1499955895.519144
data_sent: 1499955895.663500
data_sent: 1499955895.814903
data_sent: 1499955895.985634
data_sent: 1499955896.161555
ack_received: 1499955893.740698
ack_received: 1499955893.913508
ack_received: 1499955894.076747
ack_received: 1499955894.239951
ack_received: 1499955894.403449
ack_received: 1499955894.748295
ack_received: 1499955894.921661
ack_received: 1499955895.085156
ack_received: 1499955895.247446
ack_received: 1499955895.429767
ack_received: 1499955895.593130
ack_received: 1499955895.737569
ack_received: 1499955896.054179
abs. packet loss: 3.0
packet loss in %: 18.75%

The resulting mean RTT of this single measurement is:
0.18504230769230773


data_sent: 1499955898.607183
data_sent: 1499955898.778820
data_sent: 1499955898.959506
data_sent: 1499955899.130570
data_sent: 1499955899.310904
data_sent: 1499955899.488488
data_sent: 1499955899.666059
data_sent: 1499955899.812079
data_sent: 1499955899.959692
data_sent: 1499955900.131204
data_sent: 1499955900.317117
data_sent: 1499955900.486647
data_sent: 1499955900.657092
data_sent: 1499955900.827244
data_sent: 1499955900.979742
data_sent: 1499955901.152986
ack_received: 1499955899.198428
ack_received: 1499955899.381181
ack_received: 1499955899.553618
ack_received: 1499955899.735812
ack_received: 1499955899.880345
ack_received: 1499955900.389274
ack_received: 1499955900.724953
ack_received: 1499955900.897446
ack_received: 1499955901.051696
abs. packet loss: 7.0
packet loss in %: 43.75%

The resulting mean RTT of this single measurement is:
0.7888266666666666


data_sent: 1499955903.607212
data_sent: 1499955903.944081
data_sent: 1499955904.087163
data_sent: 1499955904.258774
data_sent: 1499955904.400842
data_sent: 1499955904.581488
data_sent: 1499955904.746647
data_sent: 1499955904.892992
data_sent: 1499955905.056262
data_sent: 1499955905.235951
data_sent: 1499955905.389187
data_sent: 1499955905.570438
data_sent: 1499955905.747918
data_sent: 1499955905.890967
data_sent: 1499955906.063440
ack_received: 1499955903.674594
ack_received: 1499955904.009792
ack_received: 1499955904.154398
ack_received: 1499955904.327522
ack_received: 1499955904.471044
ack_received: 1499955904.653264
ack_received: 1499955904.816657
ack_received: 1499955904.960888
ack_received: 1499955905.124531
ack_received: 1499955905.306521
ack_received: 1499955905.460061
ack_received: 1499955905.642508
ack_received: 1499955905.815696
ack_received: 1499955905.959051
ack_received: 1499955906.132430
abs. packet loss: 0.0
packet loss in %: 0.0%

The resulting mean RTT of this single measurement is:
0.06903933333333333


[ 0.18504231  0.78882667  0.06903933]
Hello from myplot.py!
I will print a pdf for you now!
Hello from myplot.py!
I will print a cdf for you now!
<a list of 1 Patch objects>
Hello from myplot.py!
I will print a boxplot for you now!
Hello from myplot.py!
I will print a bar for you now!

+--------------------------------------------------------------+
| Plotting completed. Until the next measurement session then! |
+--------------------------------------------------------------+
