Measurement 1/2 complete in 4 second(s).
linux; GNU C++ version 5.4.0 20160609; Boost_105800; UHD_003.009.005-45-g6768a615
linux; GNU C++ version 5.4.0 20160609; Boost_105800; UHD_003.009.005-45-g6768a615


Using Volk machine: avx_64_mmx
-- Opening a USRP2/N-Series device...
Using Volk machine: avx_64_mmx
-- Opening a USRP2/N-Series device...
-- Current recv frame size: 1472 bytes
-- Current send frame size: 1472 bytes
-- Current recv frame size: 1472 bytes
-- Current send frame size: 1472 bytes
Measurement 1/2 complete in 3 second(s).
develop_mode of random_filter ID: 1015 is activated.
the 100th message counter is activated.
the 880th message counter is activated.
the 100th message counter is activated.
Measurement 1/2 complete in 2 second(s).
node starts running at 28.6376
node starts running at 28.6503
++++ frame_probe ID: 850 receives a frame at time 28.7027s ++++
++++ frame_probe ID: 860 receives a frame at time 28.744s ++++
++++ frame_probe ID: 1010 receives a frame at time 28.7524s ++++
generated random number is0.926784 and the threshold is 1. good luck. 
++++ frame_probe ID: 1018 receives a frame at time 28.7525s ++++
INFO: Detected an invalid packet at item 0
INFO: Parser returned #f
++++ frame_probe ID: 882 receives a frame at time 28.7759s ++++
++++ frame_probe ID: 883 receives a frame at time 28.776s ++++
++++ frame_probe ID: 890 receives a frame at time 28.776s ++++
the 100th message counter  has been visited 1 times  
++++ frame_probe ID: 850 receives a frame at time 28.8564s ++++
++++ frame_probe ID: 860 receives a frame at time 28.8973s ++++
++++ frame_probe ID: 1010 receives a frame at time 28.9056s ++++
generated random number is++++ frame_probe ID: 1018 receives a frame at time 0.618203 and the threshold is 1. good luck. 
28.9057s ++++
INFO: Detected an invalid packet at item 64
INFO: Parser returned #f
INFO: Detected an invalid packet at item 96
INFO: Parser returned #f
++++ frame_probe ID: 882 receives a frame at time 28.9285s ++++
++++ frame_probe ID: 883 receives a frame at time 28.9286s ++++
++++ frame_probe ID: 890 receives a frame at time 28.9286s ++++
the 100th message counter  has been visited 2 times  
++++ frame_probe ID: 850 receives a frame at time 29.0319s ++++
++++ frame_probe ID: 860 receives a frame at time 29.0731s ++++
++++ frame_probe ID: 1010 receives a frame at time 29.0789s ++++
generated random number is0.0638178 and the threshold is 1. good luck. 
++++ frame_probe ID: 1018 receives a frame at time 29.079s ++++
INFO: Detected an invalid packet at item 160
INFO: Parser returned #f
INFO: Detected an invalid packet at item 192
INFO: Parser returned #f
++++ frame_probe ID: 882 receives a frame at time 29.1012s ++++
++++ frame_probe ID: 883 receives a frame at time 29.1013s ++++
++++ frame_probe ID: 890 receives a frame at time 29.1013s ++++
the 100th message counter  has been visited 3 times  
++++ frame_probe ID: 850 receives a frame at time 29.1938s ++++
Measurement 1/2 complete in 1 second(s).
++++ frame_probe ID: 860 receives a frame at time 29.2345s ++++
++++ frame_probe ID: 1010 receives a frame at time 29.2414s ++++
generated random number is++++ frame_probe ID: 1018 receives a frame at time 0.57487 and the threshold is 29.2414s ++++
1. good luck. 
INFO: Detected an invalid packet at item 256
INFO: Parser returned #f
++++ frame_probe ID: 882 receives a frame at time 29.2644s ++++
++++ frame_probe ID: 883 receives a frame at time 29.2645s ++++
++++ frame_probe ID: 890 receives a frame at time 29.2646s ++++
the 100th message counter  has been visited 4 times  
++++ frame_probe ID: 850 receives a frame at time 29.3669s ++++
++++ frame_probe ID: 860 receives a frame at time 29.4077s ++++
++++ frame_probe ID: 1010 receives a frame at time 29.4146s ++++
generated random number is++++ frame_probe ID: 1018 receives a frame at time 0.557049 and the threshold is 1. good luck. 29.4146
s ++++
INFO: Detected an invalid packet at item 320
INFO: Parser returned #f
INFO: Detected an invalid packet at item 352
INFO: Parser returned #f
INFO: Detected an invalid packet at item 384
INFO: Parser returned #f
++++ frame_probe ID: 882 receives a frame at time 29.4376s ++++
++++ frame_probe ID: 883 receives a frame at time 29.4377s ++++
++++ frame_probe ID: 890 receives a frame at time 29.4378s ++++
the 100th message counter  has been visited 5 times  
++++ frame_probe ID: 850 receives a frame at time 29.5271s ++++
++++ frame_probe ID: 860 receives a frame at time 29.5682s ++++
++++ frame_probe ID: 1010 receives a frame at time 29.5774s ++++
generated random number is++++ frame_probe ID: 1018 receives a frame at time 0.406776 and the threshold is 129.5775. good luck. s ++++

INFO: Detected an invalid packet at item 448
INFO: Parser returned #f
INFO: Detected an invalid packet at item 480
INFO: Parser returned #f
++++ frame_probe ID: 882 receives a frame at time 29.6005s ++++
++++ frame_probe ID: 883 receives a frame at time 29.6006s ++++
++++ frame_probe ID: 890 receives a frame at time 29.6006s ++++
the 100th message counter  has been visited 6 times  
++++ frame_probe ID: 850 receives a frame at time 29.9457s ++++
++++ frame_probe ID: 860 receives a frame at time 29.9865s ++++
++++ frame_probe ID: 1010 receives a frame at time 29.9904s ++++
++++ frame_probe ID: 1018 receives a frame at time generated random number is29.9905s ++++0.535175
 and the threshold is 1. good luck. 
INFO: Detected an invalid packet at item 544
INFO: Parser returned #f
++++ frame_probe ID: 882 receives a frame at time 30.0129s ++++
++++ frame_probe ID: 883 receives a frame at time 30.013s ++++
++++ frame_probe ID: 890 receives a frame at time 30.013s ++++
the 100th message counter  has been visited 7 times  
++++ frame_probe ID: 850 receives a frame at time 30.0865s ++++
++++ frame_probe ID: 860 receives a frame at time 30.1274s ++++
++++ frame_probe ID: 1010 receives a frame at time 30.1344s ++++
generated random number is0.913099 and the threshold is 1. good luck. 
++++ frame_probe ID: 1018 receives a frame at time 30.1345s ++++
INFO: Detected an invalid packet at item 608
INFO: Parser returned #f
++++ frame_probe ID: 882 receives a frame at time 30.1576s ++++
++++ frame_probe ID: 883 receives a frame at time 30.1577s ++++
++++ frame_probe ID: 890 receives a frame at time 30.1578s ++++
the 100th message counter  has been visited 8 times  
Measurement 1 raw data directory created /home/inets/0_ba/bachelor_thesis/measurements/debug/data/94/1/.
'/home/inets/source/gr-inets/results/ack_not_filtered.txt' -> '/home/inets/0_ba/bachelor_thesis/measurements/debug/data/94/1/ack_not_filtered.txt'
'/home/inets/source/gr-inets/results/receiver_data_received.txt' -> '/home/inets/0_ba/bachelor_thesis/measurements/debug/data/94/1/receiver_data_received.txt'
'/home/inets/source/gr-inets/results/sender_ack_received.txt' -> '/home/inets/0_ba/bachelor_thesis/measurements/debug/data/94/1/sender_ack_received.txt'
'/home/inets/source/gr-inets/results/sender_bfr_dq.txt' -> '/home/inets/0_ba/bachelor_thesis/measurements/debug/data/94/1/sender_bfr_dq.txt'
'/home/inets/source/gr-inets/results/sender_data_sent.txt' -> '/home/inets/0_ba/bachelor_thesis/measurements/debug/data/94/1/sender_data_sent.txt'
Measurement 1 raw data moved to /home/inets/0_ba/bachelor_thesis/measurements/debug/data/94/1/.

Measurement 2/2 complete in 4 second(s).
linux; GNU C++ version 5.4.0 20160609; Boost_105800; UHD_003.009.005-45-g6768a615
linux; GNU C++ version 5.4.0 20160609; Boost_105800; UHD_003.009.005-45-g6768a615


Using Volk machine: avx_64_mmx
-- Opening a USRP2/N-Series device...
Using Volk machine: avx_64_mmx
-- Opening a USRP2/N-Series device...
-- Current recv frame size: 1472 bytes
-- Current send frame size: 1472 bytes
-- Current recv frame size: 1472 bytes
-- Current send frame size: 1472 bytes
Measurement 2/2 complete in 3 second(s).
the 880th message counter is activated.
the 100th message counter is activated.
develop_mode of random_filter ID: 1015 is activated.
the 100th message counter is activated.
Measurement 2/2 complete in 2 second(s).
node starts running at 32.6144
node starts running at 32.6398
++++ frame_probe ID: 850 receives a frame at time 32.8227s ++++
++++ frame_probe ID: 860 receives a frame at time 32.8638s ++++
++++ frame_probe ID: 1010 receives a frame at time 32.87s ++++
generated random number is++++ frame_probe ID: 1018 receives a frame at time 0.780357 and the threshold is 1. good luck. 
32.8702s ++++
INFO: Detected an invalid packet at item 0
INFO: Parser returned #f
INFO: Detected an invalid packet at item 32
INFO: Parser returned #f
++++ frame_probe ID: 882 receives a frame at time 32.8942s ++++
++++ frame_probe ID: 883 receives a frame at time 32.8943s ++++
++++ frame_probe ID: 890 receives a frame at time 32.8944s ++++
the 100th message counter  has been visited 1 times  
++++ frame_probe ID: 850 receives a frame at time 33.0068s ++++
++++ frame_probe ID: 860 receives a frame at time 33.0478s ++++
++++ frame_probe ID: 1010 receives a frame at time 33.0524s ++++
generated random number is++++ frame_probe ID: 0.5055251018 receives a frame at time  and the threshold is 1. good luck. 
33.0524s ++++
INFO: Detected an invalid packet at item 96
INFO: Parser returned #f
++++ frame_probe ID: 882 receives a frame at time 33.0767s ++++
++++ frame_probe ID: 883 receives a frame at time 33.0767s ++++
++++ frame_probe ID: 890 receives a frame at time 33.0768s ++++
the 100th message counter  has been visited 2 times  
++++ frame_probe ID: 850 receives a frame at time 33.1721s ++++
++++ frame_probe ID: 860 receives a frame at time 33.213s ++++
++++ frame_probe ID: 1010 receives a frame at time 33.2247s ++++
generated random number is++++ frame_probe ID: 1018 receives a frame at time 0.844123 and the threshold is 1. good luck. 
33.2247s ++++
Measurement 2/2 complete in 1 second(s).
INFO: Detected an invalid packet at item 160
INFO: Parser returned #f
++++ frame_probe ID: 882 receives a frame at time 33.249s ++++
++++ frame_probe ID: 883 receives a frame at time 33.249s ++++
++++ frame_probe ID: 890 receives a frame at time 33.2491s ++++
the 100th message counter  has been visited 3 times  
++++ frame_probe ID: 850 receives a frame at time 33.3565s ++++
++++ frame_probe ID: 860 receives a frame at time 33.3973s ++++
++++ frame_probe ID: 1010 receives a frame at time 33.4071s ++++
generated random number is++++ frame_probe ID: 1018 receives a frame at time 0.518327 and the threshold is 1. good luck. 
33.4072s ++++
INFO: Detected an invalid packet at item 224
INFO: Parser returned #f
++++ frame_probe ID: 882 receives a frame at time 33.4314s ++++
++++ frame_probe ID: 883 receives a frame at time 33.4314s ++++
++++ frame_probe ID: 890 receives a frame at time 33.4315s ++++
the 100th message counter  has been visited 4 times  
++++ frame_probe ID: 850 receives a frame at time 33.5459s ++++
++++ frame_probe ID: 860 receives a frame at time 33.5867s ++++
++++ frame_probe ID: 1010 receives a frame at time 33.5896s ++++
generated random number is++++ frame_probe ID: 1018 receives a frame at time 0.179283 and the threshold is 1. good luck. 
33.5897s ++++
INFO: Detected an invalid packet at item 288
INFO: Parser returned #f
++++ frame_probe ID: 882 receives a frame at time 33.6137s ++++
++++ frame_probe ID: 883 receives a frame at time 33.6138s ++++
++++ frame_probe ID: 890 receives a frame at time 33.6138s ++++
the 100th message counter  has been visited 5 times  
++++ frame_probe ID: 850 receives a frame at time 33.6952s ++++
++++ frame_probe ID: 860 receives a frame at time 33.736s ++++
++++ frame_probe ID: 1010 receives a frame at time 33.7437s ++++
generated random number is0.610423 and the threshold is 1. good luck. 
++++ frame_probe ID: 1018 receives a frame at time 33.7437s ++++
INFO: Detected an invalid packet at item 352
INFO: Parser returned #f
++++ frame_probe ID: 882 receives a frame at time 33.7668s ++++
++++ frame_probe ID: 883 receives a frame at time 33.7669s ++++
++++ frame_probe ID: 890 receives a frame at time 33.7669s ++++
the 100th message counter  has been visited 6 times  
++++ frame_probe ID: 850 receives a frame at time 33.8603s ++++
++++ frame_probe ID: 860 receives a frame at time 33.9014s ++++
++++ frame_probe ID: 1010 receives a frame at time 33.9063s ++++
generated random number is0.840379 and the threshold is ++++ frame_probe ID: 11018 receives a frame at time . good luck. 
33.9064s ++++
INFO: Detected an invalid packet at item 416
INFO: Parser returned #f
INFO: Detected an invalid packet at item 448
INFO: Parser returned #f
++++ frame_probe ID: 882 receives a frame at time 33.9303s ++++
++++ frame_probe ID: 883 receives a frame at time 33.9304s ++++
++++ frame_probe ID: 890 receives a frame at time 33.9305s ++++
the 100th message counter  has been visited 7 times  
++++ frame_probe ID: 850 receives a frame at time 34.0048s ++++
++++ frame_probe ID: 860 receives a frame at time 34.0456s ++++
++++ frame_probe ID: 1010 receives a frame at time 34.0506s ++++
generated random number is++++ frame_probe ID: 1018 receives a frame at time 0.631822 and the threshold is 1. good luck. 
34.0507s ++++
INFO: Detected an invalid packet at item 512
INFO: Parser returned #f
++++ frame_probe ID: 882 receives a frame at time 34.0748s ++++
++++ frame_probe ID: 883 receives a frame at time 34.0748s ++++
++++ frame_probe ID: 890 receives a frame at time 34.0749s ++++
the 100th message counter  has been visited 8 times  
++++ frame_probe ID: 850 receives a frame at time 34.1902s ++++
++++ frame_probe ID: 860 receives a frame at time 34.2312s ++++
Measurement 2 raw data directory created /home/inets/0_ba/bachelor_thesis/measurements/debug/data/94/2/.
'/home/inets/source/gr-inets/results/ack_not_filtered.txt' -> '/home/inets/0_ba/bachelor_thesis/measurements/debug/data/94/2/ack_not_filtered.txt'
'/home/inets/source/gr-inets/results/receiver_data_received.txt' -> '/home/inets/0_ba/bachelor_thesis/measurements/debug/data/94/2/receiver_data_received.txt'
'/home/inets/source/gr-inets/results/sender_ack_received.txt' -> '/home/inets/0_ba/bachelor_thesis/measurements/debug/data/94/2/sender_ack_received.txt'
'/home/inets/source/gr-inets/results/sender_bfr_dq.txt' -> '/home/inets/0_ba/bachelor_thesis/measurements/debug/data/94/2/sender_bfr_dq.txt'
'/home/inets/source/gr-inets/results/sender_data_sent.txt' -> '/home/inets/0_ba/bachelor_thesis/measurements/debug/data/94/2/sender_data_sent.txt'
Measurement 2 raw data moved to /home/inets/0_ba/bachelor_thesis/measurements/debug/data/94/2/.

Now processing results...
Plotting Python should be: python3 (UBUNTU).
Hello from rtt.py!
Hello from variables.py!
data_sent: 1500295828.702727
data_sent: 1500295828.856359
data_sent: 1500295829.031940
data_sent: 1500295829.193760
data_sent: 1500295829.366909
data_sent: 1500295829.527123
data_sent: 1500295829.945650
data_sent: 1500295830.086468
ack_received: 1500295828.776027
ack_received: 1500295828.928619
ack_received: 1500295829.101330
ack_received: 1500295829.264567
ack_received: 1500295829.437771
ack_received: 1500295829.600625
ack_received: 1500295830.013047
ack_received: 1500295830.157761
File /home/inets/0_ba/bachelor_thesis/measurements/debug/data/94/1/sender_retransmissions.txt not found.                 Assuming not reached in GR.

The resulting RTTs of this single measurement are:
[]


Hello from throughput.py!
Hello from variables.py!
[ 8000.  8000.]

+--------------------------------------------------------------+
| Plotting completed. Until the next measurement session then! |
+--------------------------------------------------------------+
