Measurement 1/3 complete in 5 second(s).
linux; GNU C++ version 5.4.0 20160609; Boost_105800; UHD_003.009.005-45-g6768a615

linux; GNU C++ version 5.4.0 20160609; Boost_105800; UHD_003.009.005-45-g6768a615

Measurement 1/3 complete in 4 second(s).
Using Volk machine: avx_64_mmx
-- Opening a USRP2/N-Series device...
Using Volk machine: avx_64_mmx
-- Opening a USRP2/N-Series device...
-- Current recv frame size: 1472 bytes
-- Current send frame size: 1472 bytes
-- Current recv frame size: 1472 bytes
-- Current send frame size: 1472 bytes
Measurement 1/3 complete in 3 second(s).
develop_mode of random_filter ID: 1015 is activated.
the 1017th message counter is activated.
the 1018th message counter is activated.
the 880th message counter is activated.
the 1080th message counter is activated.
the 885th message counter is activated.
the 100th message counter is activated.
the 100th message counter is activated.
Measurement 1/3 complete in 2 second(s).
node starts running at 97.3899
node starts running at 97.3922
++++ frame_probe ID: 850 receives a frame at time 97.5238s ++++
INFO: Detected an invalid packet at item 0
INFO: Parser returned #f
++++ frame_probe ID: 860 receives a frame at time 97.5724s ++++
++++ frame_probe ID: 1010 receives a frame at time 97.5778s ++++
generated random number isthe 1018th message counter data_frame_not_filtered has been visited 0.1916811 and the threshold is  times  
0.2. good luck. 
 at 297.685 s
++++ frame_probe ID: 850 receives a frame at time 97.7027s ++++
INFO: Detected an invalid packet at item 32
INFO: Parser returned #f
++++ frame_probe ID: 860 receives a frame at time 97.7432s ++++
++++ frame_probe ID: 1010 receives a frame at time 97.7489s ++++
generated random number is0.433589 and the threshold is 0.2. bad luck and try next time. 
the 1017th message counter data_frame_filtered has been visited 1 times  
 at 297.86 s
++++ frame_probe ID: 850 receives a frame at time 97.8777s ++++
INFO: Detected an invalid packet at item 96
INFO: Parser returned #f
++++ frame_probe ID: 860 receives a frame at time 97.9183s ++++
++++ frame_probe ID: 1010 receives a frame at time 97.9213s ++++
generated random number is0.578307 and the threshold is 0.2. bad luck and try next time. 
the 1017th message counter data_frame_filtered has been visited 2 times  
 at 298.065 s
++++ frame_probe ID: 850 receives a frame at time 98.0827s ++++
INFO: Detected an invalid packet at item 160
INFO: Parser returned #f
++++ frame_probe ID: 860 receives a frame at time 98.1233s ++++
++++ frame_probe ID: 1010 receives a frame at time 98.1327s ++++
generated random number is0.380078 and the threshold is 0.2. bad luck and try next time. 
the 1017th message counter data_frame_filtered has been visited 3 times  
Measurement 1/3 complete in 1 second(s).
 at 298.26 s
++++ frame_probe ID: 850 receives a frame at time 98.2778s ++++
INFO: Detected an invalid packet at item 224
INFO: Parser returned #f
++++ frame_probe ID: 860 receives a frame at time 98.3184s ++++
++++ frame_probe ID: 1010 receives a frame at time 98.3242s ++++
generated random number is0.442056 and the threshold is 0.2. bad luck and try next time. 
the 1017th message counter data_frame_filtered has been visited 4 times  
 at 298.46 s
++++ frame_probe ID: 850 receives a frame at time 98.4782s ++++
INFO: Detected an invalid packet at item 288
INFO: Parser returned #f
++++ frame_probe ID: 860 receives a frame at time 98.5188s ++++
++++ frame_probe ID: 1010 receives a frame at time 98.5259s ++++
generated random number isthe 0.5573061017th message counter  and the threshold is data_frame_filtered has been visited 5 times  
0.2. bad luck and try next time. 
 at 298.815 s
++++ frame_probe ID: 850 receives a frame at time 98.8334s ++++
INFO: Detected an invalid packet at item 352
INFO: Parser returned #f
++++ frame_probe ID: 860 receives a frame at time 98.8739s ++++
++++ frame_probe ID: 1010 receives a frame at time 98.8815s ++++
generated random number is0.556521 and the threshold is 0.2. bad luck and try next time. 
the 1017th message counter data_frame_filtered has been visited 6 times  
 at 298.986 s
++++ frame_probe ID: 850 receives a frame at time 99.004s ++++
INFO: Detected an invalid packet at item 416
INFO: Parser returned #f
++++ frame_probe ID: 860 receives a frame at time 99.0446s ++++
++++ frame_probe ID: 1010 receives a frame at time 99.0538s ++++
generated random number is0.803664 and the threshold is the 0.2. bad luck and try next time. 1017
th message counter data_frame_filtered has been visited 7 times  
 at 299.166 s
++++ frame_probe ID: 850 receives a frame at time 99.1844s ++++
Measurement 1 raw data directory created /home/inets/0_ba/bachelor_thesis/measurements/debug/data/36/1/.
'/home/inets/source/gr-inets/results/receiver_data_received.txt' -> '/home/inets/0_ba/bachelor_thesis/measurements/debug/data/36/1/receiver_data_received.txt'
'/home/inets/source/gr-inets/results/sender_bfr_dq.txt' -> '/home/inets/0_ba/bachelor_thesis/measurements/debug/data/36/1/sender_bfr_dq.txt'
'/home/inets/source/gr-inets/results/sender_data_sent.txt' -> '/home/inets/0_ba/bachelor_thesis/measurements/debug/data/36/1/sender_data_sent.txt'
Measurement 1 raw data moved to /home/inets/0_ba/bachelor_thesis/measurements/debug/data/36/1/.

Measurement 2/3 complete in 5 second(s).
linux; GNU C++ version 5.4.0 20160609; Boost_105800; UHD_003.009.005-45-g6768a615
linux; GNU C++ version 5.4.0 20160609; Boost_105800; UHD_003.009.005-45-g6768a615


Measurement 2/3 complete in 4 second(s).
Using Volk machine: avx_64_mmx
-- Opening a USRP2/N-Series device...
Using Volk machine: avx_64_mmx
-- Opening a USRP2/N-Series device...
-- Current recv frame size: 1472 bytes
-- Current send frame size: 1472 bytes
-- Current recv frame size: 1472 bytes
-- Current send frame size: 1472 bytes
Measurement 2/3 complete in 3 second(s).
develop_mode of random_filter ID: 1015 is activated.
the 1017th message counter is activated.
the 880th message counter is activated.
the 885th message counter is activated.
the 1018th message counter is activated.
the 100th message counter is activated.
the 1080th message counter is activated.
the 100th message counter is activated.
Measurement 2/3 complete in 2 second(s).
node starts running at 2.2908
node starts running at 2.29432
++++ frame_probe ID: 850 receives a frame at time 2.46543s ++++
INFO: Detected an invalid packet at item 0
INFO: Parser returned #f
++++ frame_probe ID: 860 receives a frame at time 2.51128s ++++
++++ frame_probe ID: 1010 receives a frame at time 2.52299s ++++
generated random number is0.703037 and the threshold is 0.2. bad luck and try next time. 
the 1017th message counter data_frame_filtered has been visited 1 times  
 at 302.628 s
++++ frame_probe ID: 850 receives a frame at time 2.64651s ++++
INFO: Detected an invalid packet at item 64
INFO: Parser returned #f
++++ frame_probe ID: 860 receives a frame at time 2.68711s ++++
++++ frame_probe ID: 1010 receives a frame at time 2.69295s ++++
generated random number is0.961217 and the threshold is the 0.2. bad luck and try next time. 
1017th message counter data_frame_filtered has been visited 2 times  
 at 302.809 s
++++ frame_probe ID: 850 receives a frame at time 2.82748s ++++
INFO: Detected an invalid packet at item 128
INFO: Parser returned #f
++++ frame_probe ID: 860 receives a frame at time 2.86818s ++++
++++ frame_probe ID: 1010 receives a frame at time 2.87505s ++++
generated random number is0.302285 and the threshold is 0.2. bad luck and try next time. 
the 1017th message counter data_frame_filtered has been visited 3 times  
 at 303.004 s
++++ frame_probe ID: 850 receives a frame at time 3.02257s ++++
INFO: Detected an invalid packet at item 192
INFO: Parser returned #f
++++ frame_probe ID: 860 receives a frame at time 3.06324s ++++
++++ frame_probe ID: 1010 receives a frame at time 3.06728s ++++
generated random number is0.511922 and the threshold is 0.2. bad luck and try next time. 
the 1017th message counter data_frame_filtered has been visited 4 times  
Measurement 2/3 complete in 1 second(s).
 at 303.235 s
++++ frame_probe ID: 850 receives a frame at time 3.25304s ++++
INFO: Detected an invalid packet at item 256
INFO: Parser returned #f
++++ frame_probe ID: 860 receives a frame at time 3.29386s ++++
++++ frame_probe ID: 1010 receives a frame at time 3.29782s ++++
generated random number is0.913967 and the threshold is the 0.2. bad luck and try next time. 
1017th message counter data_frame_filtered has been visited 5 times  
 at 303.421 s
++++ frame_probe ID: 850 receives a frame at time 3.43867s ++++
INFO: Detected an invalid packet at item 320
INFO: Parser returned #f
++++ frame_probe ID: 860 receives a frame at time 3.47923s ++++
++++ frame_probe ID: 1010 receives a frame at time 3.48935s ++++
generated random number isthe 1018th message counter data_frame_not_filtered has been visited 1 times  
0.131193 and the threshold is 0.2. good luck. 
 at 303.671 s
++++ frame_probe ID: 850 receives a frame at time 3.68872s ++++
INFO: Detected an invalid packet at item 384
INFO: Parser returned #f
++++ frame_probe ID: 860 receives a frame at time 3.7294s ++++
++++ frame_probe ID: 1010 receives a frame at time 3.73903s ++++
generated random number is0.939318 and the threshold is 0.2. bad luck and try next time. 
the 1017th message counter data_frame_filtered has been visited 6 times  
 at 303.841 s
++++ frame_probe ID: 850 receives a frame at time 3.85889s ++++
INFO: Detected an invalid packet at item 448
INFO: Parser returned #f
++++ frame_probe ID: 860 receives a frame at time 3.89969s ++++
++++ frame_probe ID: 1010 receives a frame at time 3.90224s ++++
generated random number isthe 1018th message counter data_frame_not_filtered has been visited 2 times  
0.132082 and the threshold is 0.2. good luck. 
 at 304.022 s
++++ frame_probe ID: 850 receives a frame at time 4.03989s ++++
INFO: Detected an invalid packet at item 512
INFO: Parser returned #f
++++ frame_probe ID: 860 receives a frame at time 4.08041s ++++
++++ frame_probe ID: 1010 receives a frame at time 4.0846s ++++
generated random number isthe 1018th message counter data_frame_not_filtered has been visited 3 times  
0.152252 and the threshold is 0.2. good luck. 
 at 304.212 s
Measurement 2 raw data directory created /home/inets/0_ba/bachelor_thesis/measurements/debug/data/36/2/.
'/home/inets/source/gr-inets/results/receiver_data_received.txt' -> '/home/inets/0_ba/bachelor_thesis/measurements/debug/data/36/2/receiver_data_received.txt'
'/home/inets/source/gr-inets/results/sender_bfr_dq.txt' -> '/home/inets/0_ba/bachelor_thesis/measurements/debug/data/36/2/sender_bfr_dq.txt'
'/home/inets/source/gr-inets/results/sender_data_sent.txt' -> '/home/inets/0_ba/bachelor_thesis/measurements/debug/data/36/2/sender_data_sent.txt'
Measurement 2 raw data moved to /home/inets/0_ba/bachelor_thesis/measurements/debug/data/36/2/.

Measurement 3/3 complete in 5 second(s).
linux; GNU C++ version 5.4.0 20160609; Boost_105800; UHD_003.009.005-45-g6768a615
linux; GNU C++ version 5.4.0 20160609; Boost_105800; UHD_003.009.005-45-g6768a615


Measurement 3/3 complete in 4 second(s).
Using Volk machine: avx_64_mmx
-- Opening a USRP2/N-Series device...
Using Volk machine: avx_64_mmx
-- Opening a USRP2/N-Series device...
-- Current recv frame size: 1472 bytes
-- Current recv frame size: 1472 bytes
-- Current send frame size: 1472 bytes
-- Current send frame size: 1472 bytes
develop_mode of random_filter ID: 1015 is activated.
the 1017th message counter is activated.
the 880th message counter is activated.
the 1018th message counter is activated.
the 885th message counter is activated.
the 1080th message counter is activated.
the 100th message counter is activated.
the 100th message counter is activated.
Measurement 3/3 complete in 3 second(s).
node starts running at 7.23776
node starts running at 7.23942
Measurement 3/3 complete in 2 second(s).
++++ frame_probe ID: 850 receives a frame at time 7.85409s ++++
INFO: Detected an invalid packet at item 0
INFO: Parser returned #f
++++ frame_probe ID: 860 receives a frame at time 7.89898s ++++
++++ frame_probe ID: 1010 receives a frame at time 7.90351s ++++
generated random number is0.916229 and the threshold is 0.2. bad luck and try next time. 
the 1017th message counter data_frame_filtered has been visited 1 times  
 at 308.042 s
++++ frame_probe ID: 850 receives a frame at time 8.0599s ++++
INFO: Detected an invalid packet at item 64
INFO: Parser returned #f
++++ frame_probe ID: 860 receives a frame at time 8.1005s ++++
++++ frame_probe ID: 1010 receives a frame at time 8.10494s ++++
generated random number isthe 1018th message counter data_frame_not_filtered has been visited 1 times  
0.0626852 and the threshold is 0.2. good luck. 
 at 308.202 s
++++ frame_probe ID: 850 receives a frame at time 8.2201s ++++
INFO: Detected an invalid packet at item 128
INFO: Parser returned #f
Measurement 3/3 complete in 1 second(s).
++++ frame_probe ID: 860 receives a frame at time 8.26072s ++++
++++ frame_probe ID: 1010 receives a frame at time 8.26825s ++++
generated random number is0.723364 and the threshold is the 0.2. bad luck and try next time. 1017
th message counter data_frame_filtered has been visited 2 times  
 at 308.363 s
++++ frame_probe ID: 850 receives a frame at time 8.38141s ++++
INFO: Detected an invalid packet at item 192
INFO: Parser returned #f
++++ frame_probe ID: 860 receives a frame at time 8.42193s ++++
++++ frame_probe ID: 1010 receives a frame at time 8.43068s ++++
generated random number is0.295281 and the threshold is 0.2. bad luck and try next time. 
the 1017th message counter data_frame_filtered has been visited 3 times  
 at 308.588 s
++++ frame_probe ID: 850 receives a frame at time 8.60634s ++++
INFO: Detected an invalid packet at item 256
INFO: Parser returned #f
++++ frame_probe ID: 860 receives a frame at time 8.64707s ++++
++++ frame_probe ID: 1010 receives a frame at time 8.65217s ++++
generated random number is0.465564 and the threshold is 0.2. bad luck and try next time. 
the 1017th message counter data_frame_filtered has been visited 4 times  
 at 308.764 s
++++ frame_probe ID: 850 receives a frame at time 8.78234s ++++
INFO: Detected an invalid packet at item 320
INFO: Parser returned #f
++++ frame_probe ID: 860 receives a frame at time 8.82297s ++++
++++ frame_probe ID: 1010 receives a frame at time 8.83457s ++++
generated random number is0.891834 and the threshold is 0.2. bad luck and try next time. 
the 1017th message counter data_frame_filtered has been visited 5 times  
 at 309.225 s
++++ frame_probe ID: 850 receives a frame at time 9.24284s ++++
Measurement 3 raw data directory created /home/inets/0_ba/bachelor_thesis/measurements/debug/data/36/3/.
'/home/inets/source/gr-inets/results/receiver_data_received.txt' -> '/home/inets/0_ba/bachelor_thesis/measurements/debug/data/36/3/receiver_data_received.txt'
'/home/inets/source/gr-inets/results/sender_bfr_dq.txt' -> '/home/inets/0_ba/bachelor_thesis/measurements/debug/data/36/3/sender_bfr_dq.txt'
'/home/inets/source/gr-inets/results/sender_data_sent.txt' -> '/home/inets/0_ba/bachelor_thesis/measurements/debug/data/36/3/sender_data_sent.txt'
Measurement 3 raw data moved to /home/inets/0_ba/bachelor_thesis/measurements/debug/data/36/3/.

Now processing results...
Plotting Python should be: python3 (UBUNTU).
Hello from retransmissions.py!
Hello from variables.py!
File /home/inets/0_ba/bachelor_thesis/measurements/debug/data/36/1/sender_retransmissions.txt not found. Assuming not reached in GR.
File /home/inets/0_ba/bachelor_thesis/measurements/debug/data/36/1/sender_max_retransmissions.txt not found. Assuming not reached in GR.
File /home/inets/0_ba/bachelor_thesis/measurements/debug/data/36/1/receiver_retransmissions.txt not found. Assuming not reached in GR.
File /home/inets/0_ba/bachelor_thesis/measurements/debug/data/36/1/receiver_max_retransmissions.txt not found. Assuming not reached in GR.
File /home/inets/0_ba/bachelor_thesis/measurements/debug/data/36/2/sender_retransmissions.txt not found. Assuming not reached in GR.
File /home/inets/0_ba/bachelor_thesis/measurements/debug/data/36/2/sender_max_retransmissions.txt not found. Assuming not reached in GR.
File /home/inets/0_ba/bachelor_thesis/measurements/debug/data/36/2/receiver_retransmissions.txt not found. Assuming not reached in GR.
File /home/inets/0_ba/bachelor_thesis/measurements/debug/data/36/2/receiver_max_retransmissions.txt not found. Assuming not reached in GR.
File /home/inets/0_ba/bachelor_thesis/measurements/debug/data/36/3/sender_retransmissions.txt not found. Assuming not reached in GR.
File /home/inets/0_ba/bachelor_thesis/measurements/debug/data/36/3/sender_max_retransmissions.txt not found. Assuming not reached in GR.
File /home/inets/0_ba/bachelor_thesis/measurements/debug/data/36/3/receiver_retransmissions.txt not found. Assuming not reached in GR.
File /home/inets/0_ba/bachelor_thesis/measurements/debug/data/36/3/receiver_max_retransmissions.txt not found. Assuming not reached in GR.
0.0
0.0
0.0
Hello from myplot.py!
I will print a pdf for you now!
0.0
0.0
0.0
Hello from myplot.py!
I will print a pdf for you now!
0.0
0.0
0.0
Hello from myplot.py!
I will print a pdf for you now!
0.0
0.0
0.0
Hello from myplot.py!
I will print a pdf for you now!
0.0
0.0
0.0
Hello from myplot.py!
I will print a cdf for you now!
<a list of 1 Patch objects>
0.0
0.0
0.0
Hello from myplot.py!
I will print a cdf for you now!
<a list of 1 Patch objects>
0.0
0.0
0.0
Hello from myplot.py!
I will print a cdf for you now!
<a list of 1 Patch objects>
0.0
0.0
0.0
Hello from myplot.py!
I will print a cdf for you now!
<a list of 1 Patch objects>
0.0
0.0
0.0
Hello from myplot.py!
I will print a boxplot for you now!
0.0
0.0
0.0
Hello from myplot.py!
I will print a boxplot for you now!
0.0
0.0
0.0
Hello from myplot.py!
I will print a boxplot for you now!
0.0
0.0
0.0
Hello from myplot.py!
I will print a boxplot for you now!
0.0
0.0
0.0
Hello from myplot.py!
I will print a bar for you now!
0.0
0.0
0.0
Hello from myplot.py!
I will print a bar for you now!
0.0
0.0
0.0
Hello from myplot.py!
I will print a bar for you now!
0.0
0.0
0.0
Hello from myplot.py!
I will print a bar for you now!

+--------------------------------------------------------------+
| Plotting completed. Until the next measurement session then! |
+--------------------------------------------------------------+
