Measurement 1/3 complete in 5 second(s).
linux; GNU C++ version 5.4.0 20160609; Boost_105800; UHD_003.009.005-45-g6768a615
linux; GNU C++ version 5.4.0 20160609; Boost_105800; UHD_003.009.005-45-g6768a615


Using Volk machine: avx_64_mmx
-- Opening a USRP2/N-Series device...
Using Volk machine: avx_64_mmx
-- Opening a USRP2/N-Series device...
-- Current recv frame size: 1472 bytes
-- Current send frame size: 1472 bytes
-- Current recv frame size: 1472 bytes
-- Current send frame size: 1472 bytes
Measurement 1/3 complete in 4 second(s).
develop_mode of random_filter ID: 1015 is activated.
the 1017th message counter is activated.
the 1018th message counter is activated.
the 1080th message counter is activated.
the 100th message counter is activated.
the 880th message counter is activated.
the 885th message counter is activated.
the 100th message counter is activated.
Measurement 1/3 complete in 3 second(s).
node starts running at 28.8517
node starts running at 28.853
Measurement 1/3 complete in 2 second(s).
++++ frame_probe ID: 850 receives a frame at time 29.548s ++++
INFO: Detected an invalid packet at item 0
INFO: Parser returned #f
++++ frame_probe ID: 860 receives a frame at time 29.5889s ++++
++++ frame_probe ID: 1010 receives a frame at time generated random number isthe 1017th message counter data_frame_filtered has been visited 1 times  
0.970857 and the threshold is 29.6007s ++++0.2. bad luck and try next time. 

 at 9729.7 s
++++ frame_probe ID: 850 receives a frame at time 29.7183s ++++
INFO: Detected an invalid packet at item 64
INFO: Parser returned #f
++++ frame_probe ID: 860 receives a frame at time 29.7588s ++++
++++ frame_probe ID: 1010 receives a frame at time 29.764s ++++
the 1018th message counter data_frame_not_filtered has been visited 1 times  
generated random number is0.121178 and the threshold is 0.2. good luck. 
 at 9729.88 s
++++ frame_probe ID: 850 receives a frame at time 29.8934s ++++
INFO: Detected an invalid packet at item 128
INFO: Parser returned #f
++++ frame_probe ID: 860 receives a frame at time 29.934s ++++
++++ frame_probe ID: 1010 receives a frame at time 29.9364s ++++
generated random number is0.667301 and the threshold is 0.2. bad luck and try next time. the 
1017th message counter data_frame_filtered has been visited 2 times  
 at 9730.07 s
++++ frame_probe ID: 850 receives a frame at time 30.0884s ++++
INFO: Detected an invalid packet at item 192
INFO: Parser returned #f
++++ frame_probe ID: 860 receives a frame at time 30.1289s ++++
++++ frame_probe ID: 1010 receives a frame at time 30.1388s ++++
generated random number is0.588868 and the threshold is 0.2. bad luck and try next time. 
the 1017th message counter data_frame_filtered has been visited 3 times  
 at 9730.3 s
++++ frame_probe ID: 850 receives a frame at time 30.3187s ++++
INFO: Detected an invalid packet at item 256
INFO: Parser returned #f
++++ frame_probe ID: 860 receives a frame at time 30.3592s ++++
++++ frame_probe ID: 1010 receives a frame at time 30.3684s ++++
generated random number isthe 0.35773 and the threshold is 1017th message counter data_frame_filtered has been visited 4 times  
0.2. bad luck and try next time. 
Measurement 1/3 complete in 1 second(s).
 at 9730.51 s
++++ frame_probe ID: 850 receives a frame at time 30.5238s ++++
INFO: Detected an invalid packet at item 320
INFO: Parser returned #f
++++ frame_probe ID: 860 receives a frame at time 30.5644s ++++
++++ frame_probe ID: 1010 receives a frame at time 30.5699s ++++
generated random number is0.401148 and the threshold is 0.2. bad luck and try next time. 
the 1017th message counter data_frame_filtered has been visited 5 times  
 at 9730.74 s
++++ frame_probe ID: 850 receives a frame at time 30.7538s ++++
INFO: Detected an invalid packet at item 384
INFO: Parser returned #f
++++ frame_probe ID: 860 receives a frame at time 30.7943s ++++
++++ frame_probe ID: 1010 receives a frame at time 30.8004s ++++
generated random number is0.805705 and the threshold is 0.2. bad luck and try next time. 
the 1017th message counter data_frame_filtered has been visited 6 times  
 at 9730.91 s
++++ frame_probe ID: 850 receives a frame at time 30.9289s ++++
INFO: Detected an invalid packet at item 448
INFO: Parser returned #f
++++ frame_probe ID: 860 receives a frame at time 30.9693s ++++
++++ frame_probe ID: 1010 receives a frame at time 30.9728s ++++
the 1018generated random number isth message counter data_frame_not_filtered has been visited 2 times  
0.106406 and the threshold is 0.2. good luck. 
 at 9731.09 s
++++ frame_probe ID: 850 receives a frame at time 31.109s ++++
INFO: Detected an invalid packet at item 512
INFO: Parser returned #f
++++ frame_probe ID: 860 receives a frame at time 31.1496s ++++
++++ frame_probe ID: 1010 receives a frame at time 31.1553s ++++
generated random number is0.762646 and the threshold is 0.2. bad luck and try next time. 
the 1017th message counter data_frame_filtered has been visited 7 times  
 at 9731.3 s
++++ frame_probe ID: 850 receives a frame at time 31.3148s ++++
INFO: Detected an invalid packet at item 576
INFO: Parser returned #f
++++ frame_probe ID: 860 receives a frame at time 31.3553s ++++
++++ frame_probe ID: 1010 receives a frame at time 31.3667s ++++
generated random number isthe 1018th message counter data_frame_not_filtered has been visited 3 times  
0.0330699 and the threshold is 0.2. good luck. 
 at 9731.47 s
++++ frame_probe ID: 850 receives a frame at time 31.4847s ++++
INFO: Detected an invalid packet at item 640
INFO: Parser returned #f
Measurement 1 raw data directory created /home/inets/0_ba/bachelor_thesis/measurements/debug/data/34/1/.
'/home/inets/source/gr-inets/results/receiver_data_received.txt' -> '/home/inets/0_ba/bachelor_thesis/measurements/debug/data/34/1/receiver_data_received.txt'
'/home/inets/source/gr-inets/results/sender_bfr_dq.txt' -> '/home/inets/0_ba/bachelor_thesis/measurements/debug/data/34/1/sender_bfr_dq.txt'
'/home/inets/source/gr-inets/results/sender_data_sent.txt' -> '/home/inets/0_ba/bachelor_thesis/measurements/debug/data/34/1/sender_data_sent.txt'
Measurement 1 raw data moved to /home/inets/0_ba/bachelor_thesis/measurements/debug/data/34/1/.

Measurement 2/3 complete in 5 second(s).
linux; GNU C++ version 5.4.0 20160609; Boost_105800; UHD_003.009.005-45-g6768a615
linux; GNU C++ version 5.4.0 20160609; Boost_105800; UHD_003.009.005-45-g6768a615


Using Volk machine: avx_64_mmx
-- Opening a USRP2/N-Series device...
Using Volk machine: avx_64_mmx
-- Opening a USRP2/N-Series device...
-- Current recv frame size: 1472 bytes
-- Current send frame size: 1472 bytes
-- Current recv frame size: 1472 bytes
-- Current send frame size: 1472 bytes
Measurement 2/3 complete in 4 second(s).
the 880th message counter is activated.
the 885th message counter is activated.
the 100th message counter is activated.
develop_mode of random_filter ID: 1015 is activated.
the 1017th message counter is activated.
the 1018th message counter is activated.
the 1080th message counter is activated.
the 100th message counter is activated.
Measurement 2/3 complete in 3 second(s).
node starts running at 33.8898
node starts running at 33.8942
++++ frame_probe ID: 850 receives a frame at time 33.9315s ++++
INFO: Detected an invalid packet at item 0
INFO: Parser returned #f
++++ frame_probe ID: 860 receives a frame at time 33.9722s ++++
++++ frame_probe ID: 1010 receives a frame at time generated random number is33.9829s ++++
the 1017th message counter data_frame_filtered has been visited 1 times  
0.995535 and the threshold is 0.2. bad luck and try next time. 
 at 9734.08 s
++++ frame_probe ID: 850 receives a frame at time 34.1018s ++++
INFO: Detected an invalid packet at item 64
INFO: Parser returned #f
++++ frame_probe ID: 860 receives a frame at time 34.1424s ++++
++++ frame_probe ID: 1010 receives a frame at time 34.1463s ++++
generated random number is0.425462 and the threshold is 0.2. bad luck and try next time. the 
1017th message counter data_frame_filtered has been visited 2 times  
 at 9734.26 s
++++ frame_probe ID: 850 receives a frame at time 34.2768s ++++
INFO: Detected an invalid packet at item 128
INFO: Parser returned #f
++++ frame_probe ID: 860 receives a frame at time 34.3173s ++++
++++ frame_probe ID: 1010 receives a frame at time 34.3287s ++++
generated random number is0.311848 and the threshold is 0.2. bad luck and try next time. 
the 1017th message counter data_frame_filtered has been visited 3 times  
 at 9734.44 s
++++ frame_probe ID: 850 receives a frame at time 34.4617s ++++
INFO: Detected an invalid packet at item 192
INFO: Parser returned #f
++++ frame_probe ID: 860 receives a frame at time 34.5022s ++++
Measurement 2/3 complete in 2 second(s).
++++ frame_probe ID: 1010 receives a frame at time generated random number is34.511s ++++
0.21172 and the threshold is 0.2. bad luck and try next time. 
the 1017th message counter data_frame_filtered has been visited 4 times  
 at 9734.61 s
++++ frame_probe ID: 850 receives a frame at time 34.6319s ++++
INFO: Detected an invalid packet at item 256
INFO: Parser returned #f
++++ frame_probe ID: 860 receives a frame at time 34.6725s ++++
++++ frame_probe ID: 1010 receives a frame at time 34.6835s ++++
the generated random number is0.854505 and the threshold is 0.2. bad luck and try next time. 
1017th message counter data_frame_filtered has been visited 5 times  
 at 9734.84 s
++++ frame_probe ID: 850 receives a frame at time 34.862s ++++
INFO: Detected an invalid packet at item 320
INFO: Parser returned #f
++++ frame_probe ID: 860 receives a frame at time 34.9025s ++++
++++ frame_probe ID: 1010 receives a frame at time 34.914s ++++generated random number is
0.958308 and the threshold is 0.2. bad luck and try next time. the 
1017th message counter data_frame_filtered has been visited 6 times  
 at 9735.02 s
++++ frame_probe ID: 850 receives a frame at time 35.0423s ++++
INFO: Detected an invalid packet at item 384
INFO: Parser returned #f
++++ frame_probe ID: 860 receives a frame at time 35.0828s ++++
++++ frame_probe ID: 1010 receives a frame at time 35.0873s ++++
generated random number isthe 1017th message counter data_frame_filtered has been visited 7 times  
0.2185 and the threshold is 0.2. bad luck and try next time. 
 at 9735.19 s
++++ frame_probe ID: 850 receives a frame at time 35.2122s ++++
INFO: Detected an invalid packet at item 448
INFO: Parser returned #f
++++ frame_probe ID: 860 receives a frame at time 35.2527s ++++
++++ frame_probe ID: 1010 receives a frame at time 35.2598s ++++
generated random number isthe 1017th message counter data_frame_filtered has been visited 80.827339 times  and the threshold is  
0.2. bad luck and try next time. 
 at 9735.37 s
++++ frame_probe ID: 850 receives a frame at time 35.3871s ++++
INFO: Detected an invalid packet at item 512
INFO: Parser returned #f
++++ frame_probe ID: 860 receives a frame at time 35.4277s ++++
++++ frame_probe ID: 1010 receives a frame at time 35.4331s ++++
generated random number is0.460131 and the threshold is the 0.2. bad luck and try next time. 1017
th message counter data_frame_filtered has been visited 9 times  
Measurement 2/3 complete in 1 second(s).
 at 9735.55 s
++++ frame_probe ID: 850 receives a frame at time 35.5671s ++++
INFO: Detected an invalid packet at item 576
INFO: Parser returned #f
++++ frame_probe ID: 860 receives a frame at time 35.6077s ++++
++++ frame_probe ID: 1010 receives a frame at time 35.6155s ++++
generated random number isthe 1017th message counter data_frame_filtered has been visited 10 times  
0.778113 and the threshold is 0.2. bad luck and try next time. 
 at 9735.78 s
++++ frame_probe ID: 850 receives a frame at time 35.797s ++++
INFO: Detected an invalid packet at item 640
INFO: Parser returned #f
++++ frame_probe ID: 860 receives a frame at time 35.8376s ++++
++++ frame_probe ID: 1010 receives a frame at time 35.8451s ++++
generated random number isthe 1018th message counter data_frame_not_filtered has been visited 1 times  
0.00989304 and the threshold is 0.2. good luck. 
 at 9736.1 s
++++ frame_probe ID: 850 receives a frame at time 36.1223s ++++
INFO: Detected an invalid packet at item 704
INFO: Parser returned #f
++++ frame_probe ID: 860 receives a frame at time 36.1628s ++++
++++ frame_probe ID: 1010 receives a frame at time 36.1718s ++++
generated random number isthe 1018th message counter data_frame_not_filtered has been visited 20.00542828 times  and the threshold is  
0.2. good luck. 
Measurement 2 raw data directory created /home/inets/0_ba/bachelor_thesis/measurements/debug/data/34/2/.
'/home/inets/source/gr-inets/results/receiver_data_received.txt' -> '/home/inets/0_ba/bachelor_thesis/measurements/debug/data/34/2/receiver_data_received.txt'
'/home/inets/source/gr-inets/results/sender_bfr_dq.txt' -> '/home/inets/0_ba/bachelor_thesis/measurements/debug/data/34/2/sender_bfr_dq.txt'
'/home/inets/source/gr-inets/results/sender_data_sent.txt' -> '/home/inets/0_ba/bachelor_thesis/measurements/debug/data/34/2/sender_data_sent.txt'
Measurement 2 raw data moved to /home/inets/0_ba/bachelor_thesis/measurements/debug/data/34/2/.

Measurement 3/3 complete in 5 second(s).
linux; GNU C++ version 5.4.0 20160609; Boost_105800; UHD_003.009.005-45-g6768a615
linux; GNU C++ version 5.4.0 20160609; Boost_105800; UHD_003.009.005-45-g6768a615


Using Volk machine: avx_64_mmx
-- Opening a USRP2/N-Series device...
Using Volk machine: avx_64_mmx
-- Opening a USRP2/N-Series device...
-- Current recv frame size: 1472 bytes
-- Current recv frame size: 1472 bytes
-- Current send frame size: 1472 bytes
-- Current send frame size: 1472 bytes
Measurement 3/3 complete in 4 second(s).
develop_mode of random_filter ID: 1015 is activated.
the 1017th message counter is activated.
the 1018th message counter is activated.
the 1080th message counter is activated.
the 100th message counter is activated.
the 880th message counter is activated.
the 885th message counter is activated.
the 100th message counter is activated.
Measurement 3/3 complete in 3 second(s).
node starts running at 38.8362
node starts running at 38.8387
++++ frame_probe ID: 850 receives a frame at time 39.1066s ++++
INFO: Detected an invalid packet at item 0
INFO: Parser returned #f
++++ frame_probe ID: 860 receives a frame at time 39.1472s ++++
++++ frame_probe ID: 1010 receives a frame at time 39.1538s ++++generated random number is
the 1017th message counter 0.272431data_frame_filtered has been visited  and the threshold is 1 times  
0.2. bad luck and try next time. 
 at 9739.26 s
++++ frame_probe ID: 850 receives a frame at time 39.2769s ++++
INFO: Detected an invalid packet at item 64
INFO: Parser returned #f
++++ frame_probe ID: 860 receives a frame at time 39.3174s ++++
++++ frame_probe ID: 1010 receives a frame at time 39.3271s ++++
generated random number isthe 1018th message counter data_frame_not_filtered has been visited 1 times  
0.15489 and the threshold is 0.2. good luck. 
 at 9739.43 s
++++ frame_probe ID: 850 receives a frame at time 39.4468s ++++
INFO: Detected an invalid packet at item 128
INFO: Parser returned #f
++++ frame_probe ID: 860 receives a frame at time 39.4873s ++++
++++ frame_probe ID: 1010 receives a frame at time generated random number is39.4895s ++++
0.256607the  and the threshold is 1017th message counter data_frame_filtered has been visited 2 times  
0.2. bad luck and try next time. 
Measurement 3/3 complete in 2 second(s).
 at 9739.63 s
++++ frame_probe ID: 850 receives a frame at time 39.6519s ++++
INFO: Detected an invalid packet at item 192
INFO: Parser returned #f
++++ frame_probe ID: 860 receives a frame at time 39.6924s ++++
++++ frame_probe ID: 1010 receives a frame at time 39.701s ++++
generated random number isthe 1017th message counter data_frame_filtered has been visited 3 times  
0.231546 and the threshold is 0.2. bad luck and try next time. 
 at 9739.87 s
++++ frame_probe ID: 850 receives a frame at time 39.8871s ++++
INFO: Detected an invalid packet at item 256
INFO: Parser returned #f
++++ frame_probe ID: 860 receives a frame at time 39.9277s ++++
++++ frame_probe ID: 1010 receives a frame at time 39.9315s ++++
generated random number is0.843101 and the threshold is 0.2. bad luck and try next time. 
the 1017th message counter data_frame_filtered has been visited 4 times  
 at 9740.19 s
++++ frame_probe ID: 850 receives a frame at time 40.2124s ++++
INFO: Detected an invalid packet at item 320
INFO: Parser returned #f
++++ frame_probe ID: 860 receives a frame at time 40.2529s ++++
++++ frame_probe ID: 1010 receives a frame at time 40.2582s ++++
generated random number isthe 1017th message counter data_frame_filtered has been visited 5 times  
0.810657 and the threshold is 0.2. bad luck and try next time. 
 at 9740.48 s
++++ frame_probe ID: 850 receives a frame at time 40.4977s ++++
Measurement 3/3 complete in 1 second(s).
INFO: Detected an invalid packet at item 384
INFO: Parser returned #f
++++ frame_probe ID: 860 receives a frame at time 40.5382s ++++
++++ frame_probe ID: 1010 receives a frame at time 40.5458s ++++
generated random number is0.527647 and the threshold is 0.2. bad luck and try next time. 
the 1017th message counter data_frame_filtered has been visited 6 times  
 at 9740.65 s
++++ frame_probe ID: 850 receives a frame at time 40.6679s ++++
INFO: Detected an invalid packet at item 448
INFO: Parser returned #f
++++ frame_probe ID: 860 receives a frame at time 40.7084s ++++
++++ frame_probe ID: 1010 receives a frame at time 40.7183s ++++
the generated random number is1018th message counter data_frame_not_filtered has been visited 2 times  
0.0892535 and the threshold is 0.2. good luck. 
 at 9740.83 s
++++ frame_probe ID: 850 receives a frame at time 40.8478s ++++
INFO: Detected an invalid packet at item 512
INFO: Parser returned #f
++++ frame_probe ID: 860 receives a frame at time 40.8883s ++++
++++ frame_probe ID: 1010 receives a frame at time 40.8916s ++++
generated random number is0.299734 and the threshold is 0.2. bad luck and try next time. 
the 1017th message counter data_frame_filtered has been visited 7 times  
 at 9741 s
++++ frame_probe ID: 850 receives a frame at time 41.018s ++++
INFO: Detected an invalid packet at item 576
INFO: Parser returned #f
++++ frame_probe ID: 860 receives a frame at time 41.0586s ++++
++++ frame_probe ID: 1010 receives a frame at time 41.064s ++++
generated random number is0.528058 and the threshold is 0.2. bad luck and try next time. the 
1017th message counter data_frame_filtered has been visited 8 times  
 at 9741.18 s
++++ frame_probe ID: 850 receives a frame at time 41.1986s ++++
INFO: Detected an invalid packet at item 640
INFO: Parser returned #f
++++ frame_probe ID: 860 receives a frame at time 41.2392s ++++
++++ frame_probe ID: 1010 receives a frame at time 41.2464s ++++
generated random number isthe 1018th message counter data_frame_not_filtered has been visited 3 times  
0.0688044 and the threshold is 0.2. good luck. 
 at 9741.49 s
++++ frame_probe ID: 850 receives a frame at time 41.5045s ++++
Measurement 3 raw data directory created /home/inets/0_ba/bachelor_thesis/measurements/debug/data/34/3/.
'/home/inets/source/gr-inets/results/receiver_data_received.txt' -> '/home/inets/0_ba/bachelor_thesis/measurements/debug/data/34/3/receiver_data_received.txt'
'/home/inets/source/gr-inets/results/sender_bfr_dq.txt' -> '/home/inets/0_ba/bachelor_thesis/measurements/debug/data/34/3/sender_bfr_dq.txt'
'/home/inets/source/gr-inets/results/sender_data_sent.txt' -> '/home/inets/0_ba/bachelor_thesis/measurements/debug/data/34/3/sender_data_sent.txt'
Measurement 3 raw data moved to /home/inets/0_ba/bachelor_thesis/measurements/debug/data/34/3/.

Now processing results...
Plotting Python should be: python3 (UBUNTU).
Hello from retransmissions.py!
Hello from variables.py!
File /home/inets/0_ba/bachelor_thesis/measurements/debug/data/34/1/sender_retransmissions.txt not found. Assuming not reached in GR.
File /home/inets/0_ba/bachelor_thesis/measurements/debug/data/34/1/sender_max_retransmissions.txt not found. Assuming not reached in GR.
File /home/inets/0_ba/bachelor_thesis/measurements/debug/data/34/1/invalid_file.txt not found. Assuming not reached in GR.
File /home/inets/0_ba/bachelor_thesis/measurements/debug/data/34/1/invalid_file_2.txt not found. Assuming not reached in GR.
File /home/inets/0_ba/bachelor_thesis/measurements/debug/data/34/2/sender_retransmissions.txt not found. Assuming not reached in GR.
File /home/inets/0_ba/bachelor_thesis/measurements/debug/data/34/2/sender_max_retransmissions.txt not found. Assuming not reached in GR.
File /home/inets/0_ba/bachelor_thesis/measurements/debug/data/34/2/invalid_file.txt not found. Assuming not reached in GR.
File /home/inets/0_ba/bachelor_thesis/measurements/debug/data/34/2/invalid_file_2.txt not found. Assuming not reached in GR.
File /home/inets/0_ba/bachelor_thesis/measurements/debug/data/34/3/sender_retransmissions.txt not found. Assuming not reached in GR.
File /home/inets/0_ba/bachelor_thesis/measurements/debug/data/34/3/sender_max_retransmissions.txt not found. Assuming not reached in GR.
File /home/inets/0_ba/bachelor_thesis/measurements/debug/data/34/3/invalid_file.txt not found. Assuming not reached in GR.
File /home/inets/0_ba/bachelor_thesis/measurements/debug/data/34/3/invalid_file_2.txt not found. Assuming not reached in GR.
0.0
0.0
0.0
Hello from myplot.py!
I will print a pdf for you now!
0.0
0.0
0.0
Hello from myplot.py!
I will print a pdf for you now!
0.0
0.0
0.0
Hello from myplot.py!
I will print a pdf for you now!
0.0
0.0
0.0
Hello from myplot.py!
I will print a pdf for you now!
0.0
0.0
0.0
Hello from myplot.py!
I will print a cdf for you now!
<a list of 1 Patch objects>
0.0
0.0
0.0
Hello from myplot.py!
I will print a cdf for you now!
<a list of 1 Patch objects>
0.0
0.0
0.0
Hello from myplot.py!
I will print a cdf for you now!
<a list of 1 Patch objects>
0.0
0.0
0.0
Hello from myplot.py!
I will print a cdf for you now!
<a list of 1 Patch objects>
0.0
0.0
0.0
Hello from myplot.py!
I will print a boxplot for you now!
0.0
0.0
0.0
Hello from myplot.py!
I will print a boxplot for you now!
0.0
0.0
0.0
Hello from myplot.py!
I will print a boxplot for you now!
0.0
0.0
0.0
Hello from myplot.py!
I will print a boxplot for you now!
0.0
0.0
0.0
Hello from myplot.py!
I will print a bar for you now!
0.0
0.0
0.0
Hello from myplot.py!
I will print a bar for you now!
0.0
0.0
0.0
Hello from myplot.py!
I will print a bar for you now!
0.0
0.0
0.0
Hello from myplot.py!
I will print a bar for you now!

+--------------------------------------------------------------+
| Plotting completed. Until the next measurement session then! |
+--------------------------------------------------------------+
