measurement 1/2 complete in 5 second(s).
linux; GNU C++ version 5.4.0 20160609; Boost_105800; UHD_003.009.005-45-g6768a615
linux; GNU C++ version 5.4.0 20160609; Boost_105800; UHD_003.009.005-45-g6768a615


Using Volk machine: avx_64_mmx
-- Opening a USRP2/N-Series device...
Using Volk machine: avx_64_mmx
-- Opening a USRP2/N-Series device...
-- Current recv frame size: 1472 bytes
-- Current send frame size: 1472 bytes
-- Current recv frame size: 1472 bytes
-- Current send frame size: 1472 bytes
measurement 1/2 complete in 4 second(s).
develop mode of resend_check ID: 24 is activated.
develop mode of resend_check ID: 24 is activated.
the 100th message counter is activated.
the 880th message counter is activated.
the 100th message counter is activated.
measurement 1/2 complete in 3 second(s).
node starts running at 60.5896
node starts running at 60.5901
++++ frame_probe ID: 1050 receives a frame at time 60.8582s ++++
++++ frame_probe ID: 1060 receives a frame at time 60.8994s ++++
++++ frame_probe ID: 882 receives a frame at time 60.9059s ++++
++++ frame_probe ID: 883 receives a frame at time 60.906s ++++
++++ frame_probe ID: 884 receives a frame at time 60.906s ++++
++++ frame_probe ID: 890 receives a frame at time 60.9061s ++++
++++ frame_probe ID: 860 receives a frame at time 60.9215s ++++
++++ frame_probe ID: 882 receives a frame at time 60.9252s ++++
INFO: Detected an invalid packet at item 0
INFO: Parser returned #f
a data frame with index 0 from node: 3 has been transmitted 1th time
++++ frame_probe ID: 1050 receives a frame at time 61.0294s ++++
++++ frame_probe ID: 1060 receives a frame at time 61.0702s ++++
++++ frame_probe ID: 882 receives a frame at time 61.0782s ++++
++++ frame_probe ID: 883 receives a frame at time 61.0783s ++++
++++ frame_probe ID: 884 receives a frame at time 61.0783s ++++
++++ frame_probe ID: 890 receives a frame at time 61.0783s ++++
++++ frame_probe ID: 860 receives a frame at time 61.094s ++++
++++ frame_probe ID: 882 receives a frame at time 61.0985s ++++
++++ frame_probe ID: 1082 receives a frame at time 61.1025s ++++
++++ frame_probe ID: 1083 receives a frame at time 61.1026s ++++
++++ frame_probe ID: 1085 receives a frame at time 61.1026s ++++
measurement 1/2 complete in 2 second(s).
a data frame with index 0 from node: 3 has been transmitted 2th time
++++ frame_probe ID: 1050 receives a frame at time 61.2104s ++++
++++ frame_probe ID: 1060 receives a frame at time 61.2512s ++++
++++ frame_probe ID: 882 receives a frame at time 61.2607s ++++
++++ frame_probe ID: 883 receives a frame at time 61.2607s ++++
++++ frame_probe ID: 884 receives a frame at time 61.2608s ++++
++++ frame_probe ID: 890 receives a frame at time 61.2608s ++++
++++ frame_probe ID: 860 receives a frame at time 61.2761s ++++
++++ frame_probe ID: 882 receives a frame at time 61.2811s ++++
INFO: Detected an invalid packet at item 64
INFO: Parser returned #f
a data frame with index 0 from node: 3 has been transmitted 3th time
++++ frame_probe ID: 1050 receives a frame at time 61.406s ++++
++++ frame_probe ID: 1060 receives a frame at time 61.4469s ++++
++++ frame_probe ID: 882 receives a frame at time 61.453s ++++
++++ frame_probe ID: 883 receives a frame at time 61.4531s ++++
++++ frame_probe ID: 884 receives a frame at time 61.4531s ++++
++++ frame_probe ID: 890 receives a frame at time 61.4532s ++++
++++ frame_probe ID: 860 receives a frame at time 61.4684s ++++
++++ frame_probe ID: 882 receives a frame at time 61.4724s ++++
++++ frame_probe ID: 1082 receives a frame at time 61.4762s ++++
++++ frame_probe ID: 1083 receives a frame at time 61.4763s ++++
++++ frame_probe ID: 1085 receives a frame at time 61.4763s ++++
a data frame with index 0 from node: 3 has been transmitted 4th time
++++ frame_probe ID: 1050 receives a frame at time 61.6021s ++++
++++ frame_probe ID: 1060 receives a frame at time 61.643s ++++
++++ frame_probe ID: 882 receives a frame at time 61.6545s ++++
++++ frame_probe ID: 883 receives a frame at time 61.6545s ++++
++++ frame_probe ID: 884 receives a frame at time 61.6546s ++++
++++ frame_probe ID: 890 receives a frame at time 61.6547s ++++
++++ frame_probe ID: 860 receives a frame at time 61.6699s ++++
++++ frame_probe ID: 882 receives a frame at time 61.6739s ++++
INFO: Detected an invalid packet at item 128
INFO: Parser returned #f
a data frame with index 0 from node: 3 has been transmitted 5th time
++++ frame_probe ID: 1050 receives a frame at time 61.8631s ++++
++++ frame_probe ID: 1060 receives a frame at time 61.904s ++++
++++ frame_probe ID: 882 receives a frame at time 61.9141s ++++
++++ frame_probe ID: 883 receives a frame at time 61.9141s ++++
++++ frame_probe ID: 884 receives a frame at time 61.9142s ++++
++++ frame_probe ID: 890 receives a frame at time 61.9142s ++++
++++ frame_probe ID: 860 receives a frame at time 61.9294s ++++
++++ frame_probe ID: 882 receives a frame at time 61.9334s ++++
++++ frame_probe ID: 1082 receives a frame at time 61.9373s ++++
++++ frame_probe ID: 1083 receives a frame at time 61.9373s ++++
++++ frame_probe ID: 1085 receives a frame at time 61.9374s ++++
frame: 0 from node: 3 is dropped because its max retransmission counter is reached. 
counter ID 880 results at time 7762.11 is 5
++++ frame_probe ID: 1050 receives a frame at time 62.1289s ++++
++++ frame_probe ID: 1060 receives a frame at time 62.1697s ++++
++++ frame_probe ID: 882 receives a frame at time 62.1727s ++++
++++ frame_probe ID: 883 receives a frame at time 62.1728s ++++
++++ frame_probe ID: 884 receives a frame at time 62.1728s ++++
++++ frame_probe ID: 890 receives a frame at time 62.1728s ++++
measurement 1/2 complete in 1 second(s).
++++ frame_probe ID: 860 receives a frame at time 62.1881s ++++
++++ frame_probe ID: 882 receives a frame at time 62.1921s ++++
++++ frame_probe ID: 1082 receives a frame at time 62.1969s ++++
++++ frame_probe ID: 1083 receives a frame at time 62.197s ++++
++++ frame_probe ID: 1084 receives a frame at time 62.197s ++++
++++ frame_probe ID: 1090 receives a frame at time 62.1971s ++++
counter ID 880 results at time 7762.2 is 1
the 100th message counter node3_acked has been visited 1 times  
++++ frame_probe ID: 1050 receives a frame at time 62.2696s ++++
++++ frame_probe ID: 1060 receives a frame at time 62.3106s ++++
++++ frame_probe ID: 882 receives a frame at time 62.3171s ++++
++++ frame_probe ID: 883 receives a frame at time 62.3171s ++++
++++ frame_probe ID: 884 receives a frame at time 62.3172s ++++
++++ frame_probe ID: 890 receives a frame at time 62.3172s ++++
++++ frame_probe ID: 860 receives a frame at time 62.3324s ++++
++++ frame_probe ID: 882 receives a frame at time 62.3364s ++++
++++ frame_probe ID: 1082 receives a frame at time 62.3404s ++++
++++ frame_probe ID: 1083 receives a frame at time 62.3404s ++++
++++ frame_probe ID: 1084 receives a frame at time 62.3404s ++++
counter ID 880 results at time ++++ frame_probe ID: 1090 receives a frame at time 7762.34 is 0
62.3405s ++++
the 100th message counter node3_acked has been visited 2 times  
++++ frame_probe ID: 1050 receives a frame at time 62.4219s ++++
++++ frame_probe ID: 1060 receives a frame at time 62.4631s ++++
++++ frame_probe ID: 882 receives a frame at time 62.4704s ++++
++++ frame_probe ID: 883 receives a frame at time 62.4705s ++++
++++ frame_probe ID: 884 receives a frame at time 62.4705s ++++
++++ frame_probe ID: 890 receives a frame at time 62.4706s ++++
++++ frame_probe ID: 860 receives a frame at time 62.4859s ++++
++++ frame_probe ID: 882 receives a frame at time 62.4897s ++++
INFO: Detected an invalid packet at item 256
INFO: Parser returned #f
a data frame with index 3 from node: 3 has been transmitted 1th time
++++ frame_probe ID: 1050 receives a frame at time 62.5982s ++++
++++ frame_probe ID: 1060 receives a frame at time 62.639s ++++
++++ frame_probe ID: 882 receives a frame at time 62.6437s ++++
++++ frame_probe ID: 883 receives a frame at time 62.6438s ++++
++++ frame_probe ID: 884 receives a frame at time 62.6438s ++++
++++ frame_probe ID: 890 receives a frame at time 62.6439s ++++
++++ frame_probe ID: 860 receives a frame at time 62.6591s ++++
++++ frame_probe ID: 882 receives a frame at time 62.6628s ++++
++++ frame_probe ID: 1082 receives a frame at time 62.6668s ++++
++++ frame_probe ID: 1083 receives a frame at time 62.6669s ++++
++++ frame_probe ID: 1084 receives a frame at time 62.6669s ++++
counter ID 880 results at time 7762.67 is 1
++++ frame_probe ID: 1090 receives a frame at time 62.667s ++++
the 100th message counter node3_acked has been visited 3 times  
++++ frame_probe ID: 1050 receives a frame at time 62.7494s ++++
++++ frame_probe ID: 1060 receives a frame at time 62.7902s ++++
++++ frame_probe ID: 882 receives a frame at time 62.797s ++++
++++ frame_probe ID: 883 receives a frame at time 62.7971s ++++
++++ frame_probe ID: 884 receives a frame at time 62.7971s ++++
++++ frame_probe ID: 890 receives a frame at time 62.7971s ++++
++++ frame_probe ID: 860 receives a frame at time 62.8125s ++++
++++ frame_probe ID: 882 receives a frame at time 62.8167s ++++
++++ frame_probe ID: 1082 receives a frame at time 62.8204s ++++
++++ frame_probe ID: 1083 receives a frame at time 62.8204s ++++
++++ frame_probe ID: 1084 receives a frame at time 62.8205s ++++
counter ID 880 results at time 7762.82 is 0
++++ frame_probe ID: 1090 receives a frame at time 62.8205s ++++
the 100th message counter node3_acked has been visited 4 times  
++++ frame_probe ID: 1050 receives a frame at time 62.9289s ++++
++++ frame_probe ID: 1060 receives a frame at time 62.9698s ++++
++++ frame_probe ID: 882 receives a frame at time 62.9794s ++++
++++ frame_probe ID: 883 receives a frame at time 62.9795s ++++
++++ frame_probe ID: 884 receives a frame at time 62.9795s ++++
++++ frame_probe ID: 890 receives a frame at time 62.9796s ++++
++++ frame_probe ID: 860 receives a frame at time 62.9948s ++++
++++ frame_probe ID: 882 receives a frame at time 62.9989s ++++
++++ frame_probe ID: 1082 receives a frame at time 63.0029s ++++
++++ frame_probe ID: 1083 receives a frame at time 63.0029s ++++
++++ frame_probe ID: 1084 receives a frame at time 63.0029s ++++
counter ID 880 results at time 7763 is 0
++++ frame_probe ID: 1090 receives a frame at time 63.003s ++++
the 100th message counter node3_acked has been visited 5 times  
++++ frame_probe ID: 1050 receives a frame at time 63.0804s ++++
++++ frame_probe ID: 1060 receives a frame at time 63.1213s ++++
++++ frame_probe ID: 882 receives a frame at time 63.133s ++++
++++ frame_probe ID: 883 receives a frame at time 63.1331s ++++
++++ frame_probe ID: 884 receives a frame at time 63.1331s ++++
++++ frame_probe ID: 890 receives a frame at time 63.1331s ++++
++++ frame_probe ID: 860 receives a frame at time 63.1484s ++++
++++ frame_probe ID: 882 receives a frame at time 63.1521s ++++
++++ frame_probe ID: 1082 receives a frame at time 63.1561s ++++
++++ frame_probe ID: 1083 receives a frame at time 63.1562s ++++
++++ frame_probe ID: 1084 receives a frame at time 63.1562s ++++
counter ID 880 results at time 7763.16 is 0
++++ frame_probe ID: 1090 receives a frame at time 63.1562s ++++
measurement 1 raw data directory created /home/inets/0_ba/bachelor_thesis/measurements/debug/data/169/1/.
'/home/inets/source/gr-inets/results/receiver_ack_sent.txt' -> '/home/inets/0_ba/bachelor_thesis/measurements/debug/data/169/1/receiver_ack_sent.txt'
'/home/inets/source/gr-inets/results/receiver_data_received.txt' -> '/home/inets/0_ba/bachelor_thesis/measurements/debug/data/169/1/receiver_data_received.txt'
'/home/inets/source/gr-inets/results/receiver_frame_anlyzed.txt' -> '/home/inets/0_ba/bachelor_thesis/measurements/debug/data/169/1/receiver_frame_anlyzed.txt'
'/home/inets/source/gr-inets/results/receiver_frame_checked_good.txt' -> '/home/inets/0_ba/bachelor_thesis/measurements/debug/data/169/1/receiver_frame_checked_good.txt'
'/home/inets/source/gr-inets/results/receiver_frame_received.txt' -> '/home/inets/0_ba/bachelor_thesis/measurements/debug/data/169/1/receiver_frame_received.txt'
'/home/inets/source/gr-inets/results/sender_ack_received.txt' -> '/home/inets/0_ba/bachelor_thesis/measurements/debug/data/169/1/sender_ack_received.txt'
'/home/inets/source/gr-inets/results/sender_bfr_dq.txt' -> '/home/inets/0_ba/bachelor_thesis/measurements/debug/data/169/1/sender_bfr_dq.txt'
'/home/inets/source/gr-inets/results/sender_data_sent.txt' -> '/home/inets/0_ba/bachelor_thesis/measurements/debug/data/169/1/sender_data_sent.txt'
'/home/inets/source/gr-inets/results/sender_frame_anlyzed.txt' -> '/home/inets/0_ba/bachelor_thesis/measurements/debug/data/169/1/sender_frame_anlyzed.txt'
'/home/inets/source/gr-inets/results/sender_frame_checked_bad.txt' -> '/home/inets/0_ba/bachelor_thesis/measurements/debug/data/169/1/sender_frame_checked_bad.txt'
'/home/inets/source/gr-inets/results/sender_frame_checked_good.txt' -> '/home/inets/0_ba/bachelor_thesis/measurements/debug/data/169/1/sender_frame_checked_good.txt'
'/home/inets/source/gr-inets/results/sender_frame_received.txt' -> '/home/inets/0_ba/bachelor_thesis/measurements/debug/data/169/1/sender_frame_received.txt'
'/home/inets/source/gr-inets/results/sender_retransmissions.txt' -> '/home/inets/0_ba/bachelor_thesis/measurements/debug/data/169/1/sender_retransmissions.txt'
measurement 1 raw data moved to /home/inets/0_ba/bachelor_thesis/measurements/debug/data/169/1/.

measurement 2/2 complete in 5 second(s).
linux; GNU C++ version 5.4.0 20160609; Boost_105800; UHD_003.009.005-45-g6768a615
linux; GNU C++ version 5.4.0 20160609; Boost_105800; UHD_003.009.005-45-g6768a615


Using Volk machine: avx_64_mmx
-- Opening a USRP2/N-Series device...
Using Volk machine: avx_64_mmx
-- Opening a USRP2/N-Series device...
-- Current recv frame size: 1472 bytes
-- Current send frame size: 1472 bytes
-- Current recv frame size: 1472 bytes
-- Current send frame size: 1472 bytes
measurement 2/2 complete in 4 second(s).
develop mode of resend_check ID: 24 is activated.
develop mode of resend_check ID: 24 is activated.
the 880th message counter is activated.
the 100th message counter is activated.
the 100th message counter is activated.
