Measurement 1/4 complete in 5 second(s).
linux; GNU C++ version 5.4.0 20160609; Boost_105800; UHD_003.009.005-45-g6768a615

linux; GNU C++ version 5.4.0 20160609; Boost_105800; UHD_003.009.005-45-g6768a615

Using Volk machine: avx_64_mmx
Using Volk machine: avx_64_mmx
-- Opening a USRP2/N-Series device...
-- Current recv frame size: 1472 bytes
-- Current send frame size: 1472 bytes
Measurement 1/4 complete in 4 second(s).
the 100th message counter is activated.
Measurement 1/4 complete in 3 second(s).
node starts running at 74.0657
++++ frame_probe ID: 850 receives a frame at time 74.2782s ++++
INFO: Detected an invalid packet at item 0
INFO: Parser returned #f
++++ frame_probe ID: 860 receives a frame at time 74.3193s ++++
++++ frame_probe ID: 850 receives a frame at time 74.4494s ++++
INFO: Detected an invalid packet at item 64
INFO: Parser returned #f
++++ frame_probe ID: 860 receives a frame at time 74.4904s ++++
++++ frame_probe ID: 850 receives a frame at time 74.6252s ++++
INFO: Detected an invalid packet at item 128
INFO: Parser returned #f
++++ frame_probe ID: 860 receives a frame at time 74.6662s ++++
Measurement 1/4 complete in 2 second(s).
++++ frame_probe ID: 850 receives a frame at time 74.8163s ++++
INFO: Detected an invalid packet at item 192
INFO: Parser returned #f
++++ frame_probe ID: 860 receives a frame at time 74.8576s ++++
++++ frame_probe ID: 850 receives a frame at time 75.0378s ++++
INFO: Detected an invalid packet at item 256
INFO: Parser returned #f
++++ frame_probe ID: 860 receives a frame at time 75.0788s ++++
++++ frame_probe ID: 850 receives a frame at time 75.2293s ++++
INFO: Detected an invalid packet at item 320
INFO: Parser returned #f
++++ frame_probe ID: 860 receives a frame at time 75.2703s ++++
++++ frame_probe ID: 850 receives a frame at time 75.5558s ++++
INFO: Detected an invalid packet at item 384
INFO: Parser returned #f
++++ frame_probe ID: 860 receives a frame at time 75.597s ++++
Measurement 1/4 complete in 1 second(s).
++++ frame_probe ID: 850 receives a frame at time 75.7322s ++++
INFO: Detected an invalid packet at item 448
INFO: Parser returned #f
++++ frame_probe ID: 860 receives a frame at time 75.7731s ++++
++++ frame_probe ID: 850 receives a frame at time 75.908s ++++
INFO: Detected an invalid packet at item 512
INFO: Parser returned #f
++++ frame_probe ID: 860 receives a frame at time 75.9489s ++++
++++ frame_probe ID: 850 receives a frame at time 76.0989s ++++
INFO: Detected an invalid packet at item 576
INFO: Parser returned #f
++++ frame_probe ID: 860 receives a frame at time 76.1398s ++++
++++ frame_probe ID: 850 receives a frame at time 76.2847s ++++
INFO: Detected an invalid packet at item 640
INFO: Parser returned #f
++++ frame_probe ID: 860 receives a frame at time 76.3255s ++++
++++ frame_probe ID: 850 receives a frame at time 76.6007s ++++
INFO: Detected an invalid packet at item 704
INFO: Parser returned #f
++++ frame_probe ID: 860 receives a frame at time 76.6417s ++++
Measurement 1 raw data directory created /home/inets/0_ba/bachelor_thesis/measurements/debug/data/84/1/.
'/home/inets/source/gr-inets/results/receiver_data_received.txt' -> '/home/inets/0_ba/bachelor_thesis/measurements/debug/data/84/1/receiver_data_received.txt'
'/home/inets/source/gr-inets/results/sender_bfr_dq.txt' -> '/home/inets/0_ba/bachelor_thesis/measurements/debug/data/84/1/sender_bfr_dq.txt'
'/home/inets/source/gr-inets/results/sender_data_sent.txt' -> '/home/inets/0_ba/bachelor_thesis/measurements/debug/data/84/1/sender_data_sent.txt'
Measurement 1 raw data moved to /home/inets/0_ba/bachelor_thesis/measurements/debug/data/84/1/.

Measurement 2/4 complete in 5 second(s).
linux; GNU C++ version 5.4.0 20160609; Boost_105800; UHD_003.009.005-45-g6768a615
linux; GNU C++ version 5.4.0 20160609; Boost_105800; UHD_003.009.005-45-g6768a615


Using Volk machine: avx_64_mmx
-- Opening a USRP2/N-Series device...
Using Volk machine: avx_64_mmx
-- Current recv frame size: 1472 bytes
-- Current send frame size: 1472 bytes
Measurement 2/4 complete in 4 second(s).
the 100th message counter is activated.
Measurement 2/4 complete in 3 second(s).
node starts running at 79.0582
++++ frame_probe ID: 850 receives a frame at time 79.1598s ++++
INFO: Detected an invalid packet at item 0
INFO: Parser returned #f
++++ frame_probe ID: 860 receives a frame at time 79.2011s ++++
++++ frame_probe ID: 850 receives a frame at time 79.3366s ++++
INFO: Detected an invalid packet at item 64
INFO: Parser returned #f
++++ frame_probe ID: 860 receives a frame at time 79.3777s ++++
++++ frame_probe ID: 850 receives a frame at time 79.5072s ++++
INFO: Detected an invalid packet at item 128
INFO: Parser returned #f
++++ frame_probe ID: 860 receives a frame at time 79.5481s ++++
Measurement 2/4 complete in 2 second(s).
++++ frame_probe ID: 850 receives a frame at time 79.6879s ++++
INFO: Detected an invalid packet at item 192
INFO: Parser returned #f
++++ frame_probe ID: 860 receives a frame at time 79.7287s ++++
++++ frame_probe ID: 850 receives a frame at time 79.9192s ++++
INFO: Detected an invalid packet at item 256
INFO: Parser returned #f
++++ frame_probe ID: 860 receives a frame at time 79.9601s ++++
++++ frame_probe ID: 850 receives a frame at time 80.1402s ++++
INFO: Detected an invalid packet at item 320
INFO: Parser returned #f
++++ frame_probe ID: 860 receives a frame at time 80.1811s ++++
++++ frame_probe ID: 850 receives a frame at time 80.416s ++++
INFO: Detected an invalid packet at item 384
INFO: Parser returned #f
++++ frame_probe ID: 860 receives a frame at time 80.4569s ++++
++++ frame_probe ID: 850 receives a frame at time 80.5865s ++++
INFO: Detected an invalid packet at item 448
INFO: Parser returned #f
++++ frame_probe ID: 860 receives a frame at time 80.6274s ++++
Measurement 2/4 complete in 1 second(s).
++++ frame_probe ID: 850 receives a frame at time 80.7624s ++++
INFO: Detected an invalid packet at item 512
INFO: Parser returned #f
++++ frame_probe ID: 860 receives a frame at time 80.8032s ++++
++++ frame_probe ID: 850 receives a frame at time 80.9636s ++++
INFO: Detected an invalid packet at item 576
INFO: Parser returned #f
++++ frame_probe ID: 860 receives a frame at time 81.0045s ++++
++++ frame_probe ID: 850 receives a frame at time 81.2047s ++++
INFO: Detected an invalid packet at item 640
INFO: Parser returned #f
++++ frame_probe ID: 860 receives a frame at time 81.2456s ++++
++++ frame_probe ID: 850 receives a frame at time 81.4956s ++++
INFO: Detected an invalid packet at item 704
INFO: Parser returned #f
++++ frame_probe ID: 860 receives a frame at time 81.5367s ++++
Measurement 2 raw data directory created /home/inets/0_ba/bachelor_thesis/measurements/debug/data/84/2/.
'/home/inets/source/gr-inets/results/receiver_data_received.txt' -> '/home/inets/0_ba/bachelor_thesis/measurements/debug/data/84/2/receiver_data_received.txt'
'/home/inets/source/gr-inets/results/sender_bfr_dq.txt' -> '/home/inets/0_ba/bachelor_thesis/measurements/debug/data/84/2/sender_bfr_dq.txt'
'/home/inets/source/gr-inets/results/sender_data_sent.txt' -> '/home/inets/0_ba/bachelor_thesis/measurements/debug/data/84/2/sender_data_sent.txt'
Measurement 2 raw data moved to /home/inets/0_ba/bachelor_thesis/measurements/debug/data/84/2/.

Measurement 3/4 complete in 5 second(s).
linux; GNU C++ version 5.4.0 20160609; Boost_105800; UHD_003.009.005-45-g6768a615
linux; GNU C++ version 5.4.0 20160609; Boost_105800; UHD_003.009.005-45-g6768a615


Using Volk machine: avx_64_mmx
-- Opening a USRP2/N-Series device...
Using Volk machine: avx_64_mmx
-- Current recv frame size: 1472 bytes
-- Current send frame size: 1472 bytes
Measurement 3/4 complete in 4 second(s).
the 100th message counter is activated.
Measurement 3/4 complete in 3 second(s).
node starts running at 84.0505
++++ frame_probe ID: 850 receives a frame at time 84.2177s ++++
INFO: Detected an invalid packet at item 0
INFO: Parser returned #f
++++ frame_probe ID: 860 receives a frame at time 84.2588s ++++
++++ frame_probe ID: 850 receives a frame at time 84.3889s ++++
INFO: Detected an invalid packet at item 64
INFO: Parser returned #f
++++ frame_probe ID: 860 receives a frame at time 84.4302s ++++
++++ frame_probe ID: 850 receives a frame at time 84.5601s ++++
INFO: Detected an invalid packet at item 128
INFO: Parser returned #f
++++ frame_probe ID: 860 receives a frame at time 84.601s ++++
Measurement 3/4 complete in 2 second(s).
++++ frame_probe ID: 850 receives a frame at time 84.756s ++++
INFO: Detected an invalid packet at item 192
INFO: Parser returned #f
++++ frame_probe ID: 860 receives a frame at time 84.7968s ++++
++++ frame_probe ID: 850 receives a frame at time 84.9717s ++++
INFO: Detected an invalid packet at item 256
INFO: Parser returned #f
++++ frame_probe ID: 860 receives a frame at time 85.0125s ++++
++++ frame_probe ID: 850 receives a frame at time 85.2626s ++++
INFO: Detected an invalid packet at item 320
INFO: Parser returned #f
++++ frame_probe ID: 860 receives a frame at time 85.3036s ++++
++++ frame_probe ID: 850 receives a frame at time 85.5187s ++++
INFO: Detected an invalid packet at item 384
INFO: Parser returned #f
++++ frame_probe ID: 860 receives a frame at time 85.5595s ++++
++++ frame_probe ID: 850 receives a frame at time 85.6951s ++++
Measurement 3/4 complete in 1 second(s).
INFO: Detected an invalid packet at item 448
INFO: Parser returned #f
++++ frame_probe ID: 860 receives a frame at time 85.7362s ++++
++++ frame_probe ID: 850 receives a frame at time 85.8758s ++++
INFO: Detected an invalid packet at item 512
INFO: Parser returned #f
++++ frame_probe ID: 860 receives a frame at time 85.9168s ++++
++++ frame_probe ID: 850 receives a frame at time 86.0469s ++++
INFO: Detected an invalid packet at item 576
INFO: Parser returned #f
++++ frame_probe ID: 860 receives a frame at time 86.0879s ++++
++++ frame_probe ID: 850 receives a frame at time 86.2728s ++++
INFO: Detected an invalid packet at item 640
INFO: Parser returned #f
++++ frame_probe ID: 860 receives a frame at time 86.3137s ++++
++++ frame_probe ID: 850 receives a frame at time 86.5233s ++++
INFO: Detected an invalid packet at item 704
INFO: Parser returned #f
++++ frame_probe ID: 860 receives a frame at time 86.5642s ++++
Measurement 3 raw data directory created /home/inets/0_ba/bachelor_thesis/measurements/debug/data/84/3/.
'/home/inets/source/gr-inets/results/receiver_data_received.txt' -> '/home/inets/0_ba/bachelor_thesis/measurements/debug/data/84/3/receiver_data_received.txt'
'/home/inets/source/gr-inets/results/sender_bfr_dq.txt' -> '/home/inets/0_ba/bachelor_thesis/measurements/debug/data/84/3/sender_bfr_dq.txt'
'/home/inets/source/gr-inets/results/sender_data_sent.txt' -> '/home/inets/0_ba/bachelor_thesis/measurements/debug/data/84/3/sender_data_sent.txt'
Measurement 3 raw data moved to /home/inets/0_ba/bachelor_thesis/measurements/debug/data/84/3/.

Measurement 4/4 complete in 5 second(s).
linux; GNU C++ version 5.4.0 20160609; Boost_105800; UHD_003.009.005-45-g6768a615
linux; GNU C++ version 5.4.0 20160609; Boost_105800; UHD_003.009.005-45-g6768a615


Using Volk machine: avx_64_mmx
-- Opening a USRP2/N-Series device...
Using Volk machine: avx_64_mmx
-- Current recv frame size: 1472 bytes
-- Current send frame size: 1472 bytes
Measurement 4/4 complete in 4 second(s).
the 100th message counter is activated.
Measurement 4/4 complete in 3 second(s).
node starts running at 89.0883
++++ frame_probe ID: 850 receives a frame at time 89.1726s ++++
INFO: Detected an invalid packet at item 0
INFO: Parser returned #f
++++ frame_probe ID: 860 receives a frame at time 89.2136s ++++
++++ frame_probe ID: 850 receives a frame at time 89.3483s ++++
INFO: Detected an invalid packet at item 64
INFO: Parser returned #f
++++ frame_probe ID: 860 receives a frame at time 89.3892s ++++
++++ frame_probe ID: 850 receives a frame at time 89.5239s ++++
INFO: Detected an invalid packet at item 128
INFO: Parser returned #f
++++ frame_probe ID: 860 receives a frame at time 89.5648s ++++
Measurement 4/4 complete in 2 second(s).
++++ frame_probe ID: 850 receives a frame at time 89.7098s ++++
INFO: Detected an invalid packet at item 192
INFO: Parser returned #f
++++ frame_probe ID: 860 receives a frame at time 89.7507s ++++
++++ frame_probe ID: 850 receives a frame at time 89.9103s ++++
INFO: Detected an invalid packet at item 256
INFO: Parser returned #f
++++ frame_probe ID: 860 receives a frame at time 89.9512s ++++
++++ frame_probe ID: 850 receives a frame at time 90.1863s ++++
INFO: Detected an invalid packet at item 320
INFO: Parser returned #f
++++ frame_probe ID: 860 receives a frame at time 90.2271s ++++
++++ frame_probe ID: 850 receives a frame at time 90.3773s ++++
INFO: Detected an invalid packet at item 384
INFO: Parser returned #f
++++ frame_probe ID: 860 receives a frame at time 90.418s ++++
++++ frame_probe ID: 850 receives a frame at time 90.5479s ++++
INFO: Detected an invalid packet at item 448
INFO: Parser returned #f
++++ frame_probe ID: 860 receives a frame at time 90.5888s ++++
Measurement 4/4 complete in 1 second(s).
++++ frame_probe ID: 850 receives a frame at time 90.7237s ++++
INFO: Detected an invalid packet at item 512
INFO: Parser returned #f
++++ frame_probe ID: 860 receives a frame at time 90.7646s ++++
++++ frame_probe ID: 850 receives a frame at time 90.9146s ++++
INFO: Detected an invalid packet at item 576
INFO: Parser returned #f
++++ frame_probe ID: 860 receives a frame at time 90.9554s ++++
++++ frame_probe ID: 850 receives a frame at time 91.1s ++++
INFO: Detected an invalid packet at item 640
INFO: Parser returned #f
++++ frame_probe ID: 860 receives a frame at time 91.1409s ++++
++++ frame_probe ID: 850 receives a frame at time 91.421s ++++
INFO: Detected an invalid packet at item 704
INFO: Parser returned #f
++++ frame_probe ID: 860 receives a frame at time 91.4618s ++++
Measurement 4 raw data directory created /home/inets/0_ba/bachelor_thesis/measurements/debug/data/84/4/.
'/home/inets/source/gr-inets/results/receiver_data_received.txt' -> '/home/inets/0_ba/bachelor_thesis/measurements/debug/data/84/4/receiver_data_received.txt'
'/home/inets/source/gr-inets/results/sender_bfr_dq.txt' -> '/home/inets/0_ba/bachelor_thesis/measurements/debug/data/84/4/sender_bfr_dq.txt'
'/home/inets/source/gr-inets/results/sender_data_sent.txt' -> '/home/inets/0_ba/bachelor_thesis/measurements/debug/data/84/4/sender_data_sent.txt'
Measurement 4 raw data moved to /home/inets/0_ba/bachelor_thesis/measurements/debug/data/84/4/.

Now processing results...
Plotting Python should be: python3 (UBUNTU).
Hello from throughput.py!
Hello from variables.py!
[ 116000.   12000.   12000.   12000.]
Hello from myplot.py!
I will print a pdf for you now!
Hello from myplot.py!
I will print a cdf for you now!
<a list of 1 Patch objects>
Hello from myplot.py!
I will print a boxplot for you now!
Hello from myplot.py!
I will print a bar for you now!
Hello from rtt.py!
Hello from variables.py!

+--------------------------------------------------------------+
| Plotting completed. Until the next measurement session then! |
+--------------------------------------------------------------+
Measurement 1/8 complete in 4 second(s).
linux; GNU C++ version 5.4.0 20160609; Boost_105800; UHD_003.009.005-45-g6768a615
linux; GNU C++ version 5.4.0 20160609; Boost_105800; UHD_003.009.005-45-g6768a615


Using Volk machine: avx_64_mmx
-- Opening a USRP2/N-Series device...
Using Volk machine: avx_64_mmx
-- Current recv frame size: 1472 bytes
-- Current send frame size: 1472 bytes
Measurement 1/8 complete in 3 second(s).
the 880th message counter is activated.
the 100th message counter is activated.
Measurement 1/8 complete in 2 second(s).
node starts running at 88.1107
++++ frame_probe ID: 850 receives a frame at time 88.259s ++++
++++ frame_probe ID: 860 receives a frame at time 88.3002s ++++
INFO: Detected an invalid packet at item 0
INFO: Parser returned #f
INFO: Detected an invalid packet at item 32
INFO: Parser returned #f
++++ frame_probe ID: 882 receives a frame at time 88.331s ++++
++++ frame_probe ID: 883 receives a frame at time 88.331s ++++
++++ frame_probe ID: 890 receives a frame at time 88.3311s ++++
the 100th message counter  has been visited 1 times  
++++ frame_probe ID: 850 receives a frame at time 88.4205s ++++
++++ frame_probe ID: 860 receives a frame at time 88.4615s ++++
INFO: Detected an invalid packet at item 96
INFO: Parser returned #f
INFO: Detected an invalid packet at item 128
INFO: Parser returned #f
++++ frame_probe ID: 882 receives a frame at time 88.4945s ++++
++++ frame_probe ID: 883 receives a frame at time 88.4946s ++++
++++ frame_probe ID: 890 receives a frame at time 88.4947s ++++
the 100th message counter  has been visited 2 times  
++++ frame_probe ID: 850 receives a frame at time 88.585s ++++
++++ frame_probe ID: 860 receives a frame at time 88.626s ++++
INFO: Detected an invalid packet at item 192
INFO: Parser returned #f
INFO: Detected an invalid packet at item 224
INFO: Parser returned #f
++++ frame_probe ID: 882 receives a frame at time 88.6577s ++++
++++ frame_probe ID: 883 receives a frame at time 88.6577s ++++
++++ frame_probe ID: 890 receives a frame at time 88.6578s ++++
the 100th message counter  has been visited 3 times  
Measurement 1/8 complete in 1 second(s).
++++ frame_probe ID: 850 receives a frame at time 88.7552s ++++
++++ frame_probe ID: 860 receives a frame at time 88.7961s ++++
INFO: Detected an invalid packet at item 288
INFO: Parser returned #f
++++ frame_probe ID: 882 receives a frame at time 88.831s ++++
++++ frame_probe ID: 883 receives a frame at time 88.8311s ++++
++++ frame_probe ID: 890 receives a frame at time 88.8311s ++++
the 100th message counter  has been visited 4 times  
++++ frame_probe ID: 850 receives a frame at time 88.9125s ++++
++++ frame_probe ID: 860 receives a frame at time 88.9537s ++++
INFO: Detected an invalid packet at item 352
INFO: Parser returned #f
INFO: Detected an invalid packet at item 384
INFO: Parser returned #f
++++ frame_probe ID: 882 receives a frame at time 88.9844s ++++
++++ frame_probe ID: 883 receives a frame at time 88.9845s ++++
++++ frame_probe ID: 890 receives a frame at time 88.9845s ++++
the 100th message counter  has been visited 5 times  
++++ frame_probe ID: 850 receives a frame at time 89.0909s ++++
++++ frame_probe ID: 860 receives a frame at time 89.1324s ++++
INFO: Detected an invalid packet at item 448
INFO: Parser returned #f
++++ frame_probe ID: 882 receives a frame at time 89.1669s ++++
++++ frame_probe ID: 883 receives a frame at time 89.167s ++++
++++ frame_probe ID: 890 receives a frame at time 89.1671s ++++
the 100th message counter  has been visited 6 times  
++++ frame_probe ID: 850 receives a frame at time 89.2395s ++++
++++ frame_probe ID: 860 receives a frame at time 89.2805s ++++
INFO: Detected an invalid packet at item 512
INFO: Parser returned #f
INFO: Detected an invalid packet at item 544
INFO: Parser returned #f
++++ frame_probe ID: 882 receives a frame at time 89.3114s ++++
++++ frame_probe ID: 883 receives a frame at time 89.3115s ++++
++++ frame_probe ID: 890 receives a frame at time 89.3115s ++++
the 100th message counter  has been visited 7 times  
++++ frame_probe ID: 850 receives a frame at time 89.4093s ++++
++++ frame_probe ID: 860 receives a frame at time 89.4502s ++++
INFO: Detected an invalid packet at item 608
INFO: Parser returned #f
INFO: Detected an invalid packet at item 640
INFO: Parser returned #f
++++ frame_probe ID: 882 receives a frame at time 89.4836s ++++
++++ frame_probe ID: 883 receives a frame at time 89.4837s ++++
++++ frame_probe ID: 890 receives a frame at time 89.4838s ++++
the 100th message counter  has been visited 8 times  
++++ frame_probe ID: 850 receives a frame at time 89.5862s ++++
++++ frame_probe ID: 860 receives a frame at time 89.6271s ++++
INFO: Detected an invalid packet at item 704
INFO: Parser returned #f
INFO: Detected an invalid packet at item 736
INFO: Parser returned #f
INFO: Detected an invalid packet at item 768
INFO: Parser returned #f
++++ frame_probe ID: 882 receives a frame at time 89.6558s ++++
++++ frame_probe ID: 883 receives a frame at time 89.6559s ++++
++++ frame_probe ID: 890 receives a frame at time 89.6559s ++++
Measurement 1 raw data directory created /home/inets/0_ba/bachelor_thesis/measurements/debug/data/84/1/.
'/home/inets/source/gr-inets/results/receiver_data_received.txt' -> '/home/inets/0_ba/bachelor_thesis/measurements/debug/data/84/1/receiver_data_received.txt'
'/home/inets/source/gr-inets/results/sender_ack_received.txt' -> '/home/inets/0_ba/bachelor_thesis/measurements/debug/data/84/1/sender_ack_received.txt'
'/home/inets/source/gr-inets/results/sender_bfr_dq.txt' -> '/home/inets/0_ba/bachelor_thesis/measurements/debug/data/84/1/sender_bfr_dq.txt'
'/home/inets/source/gr-inets/results/sender_data_sent.txt' -> '/home/inets/0_ba/bachelor_thesis/measurements/debug/data/84/1/sender_data_sent.txt'
Measurement 1 raw data moved to /home/inets/0_ba/bachelor_thesis/measurements/debug/data/84/1/.

Measurement 2/8 complete in 4 second(s).
linux; GNU C++ version 5.4.0 20160609; Boost_105800; UHD_003.009.005-45-g6768a615
linux; GNU C++ version 5.4.0 20160609; Boost_105800; UHD_003.009.005-45-g6768a615


Using Volk machine: avx_64_mmx
-- Opening a USRP2/N-Series device...
Using Volk machine: avx_64_mmx
-- Current recv frame size: 1472 bytes
-- Current send frame size: 1472 bytes
Measurement 2/8 complete in 3 second(s).
the 880th message counter is activated.
the 100th message counter is activated.
Measurement 2/8 complete in 2 second(s).
node starts running at 92.0815
++++ frame_probe ID: 850 receives a frame at time 92.1352s ++++
++++ frame_probe ID: 860 receives a frame at time 92.1762s ++++
INFO: Detected an invalid packet at item 0
INFO: Parser returned #f
INFO: Detected an invalid packet at item 32
INFO: Parser returned #f
++++ frame_probe ID: 882 receives a frame at time 92.2073s ++++
++++ frame_probe ID: 883 receives a frame at time 92.2073s ++++
++++ frame_probe ID: 890 receives a frame at time 92.2074s ++++
the 100th message counter  has been visited 1 times  
++++ frame_probe ID: 850 receives a frame at time 92.3239s ++++
++++ frame_probe ID: 860 receives a frame at time 92.3649s ++++
INFO: Detected an invalid packet at item 96
INFO: Parser returned #f
++++ frame_probe ID: 882 receives a frame at time 92.3989s ++++
++++ frame_probe ID: 883 receives a frame at time 92.3989s ++++
++++ frame_probe ID: 890 receives a frame at time 92.399s ++++
the 100th message counter  has been visited 2 times  
++++ frame_probe ID: 850 receives a frame at time 92.5135s ++++
++++ frame_probe ID: 860 receives a frame at time 92.5546s ++++
INFO: Detected an invalid packet at item 160
INFO: Parser returned #f
++++ frame_probe ID: 882 receives a frame at time 92.5898s ++++
++++ frame_probe ID: 883 receives a frame at time 92.5898s ++++
++++ frame_probe ID: 890 receives a frame at time 92.59s ++++
the 100th message counter  has been visited 3 times  
++++ frame_probe ID: 850 receives a frame at time 92.6827s ++++
++++ frame_probe ID: 860 receives a frame at time 92.7236s ++++
INFO: Detected an invalid packet at item 224
INFO: Parser returned #f
Measurement 2/8 complete in 1 second(s).
INFO: Detected an invalid packet at item 256
INFO: Parser returned #f
++++ frame_probe ID: 882 receives a frame at time 92.7544s ++++
++++ frame_probe ID: 883 receives a frame at time 92.7545s ++++
++++ frame_probe ID: 890 receives a frame at time 92.7546s ++++
the 100th message counter  has been visited 4 times  
++++ frame_probe ID: 850 receives a frame at time 92.865s ++++
++++ frame_probe ID: 860 receives a frame at time 92.9059s ++++
INFO: Detected an invalid packet at item 320
INFO: Parser returned #f
INFO: Detected an invalid packet at item 352
INFO: Parser returned #f
++++ frame_probe ID: 882 receives a frame at time 92.9364s ++++
++++ frame_probe ID: 883 receives a frame at time 92.9364s ++++
++++ frame_probe ID: 890 receives a frame at time 92.9365s ++++
the 100th message counter  has been visited 5 times  
++++ frame_probe ID: 850 receives a frame at time 93.0468s ++++
++++ frame_probe ID: 860 receives a frame at time 93.0878s ++++
INFO: Detected an invalid packet at item 416
INFO: Parser returned #f
INFO: Detected an invalid packet at item 448
INFO: Parser returned #f
++++ frame_probe ID: 882 receives a frame at time 93.1189s ++++
++++ frame_probe ID: 883 receives a frame at time 93.119s ++++
++++ frame_probe ID: 890 receives a frame at time 93.1191s ++++
the 100th message counter  has been visited 6 times  
++++ frame_probe ID: 850 receives a frame at time 93.2264s ++++
++++ frame_probe ID: 860 receives a frame at time 93.2673s ++++
INFO: Detected an invalid packet at item 512
INFO: Parser returned #f
++++ frame_probe ID: 882 receives a frame at time 93.3016s ++++
++++ frame_probe ID: 883 receives a frame at time 93.3017s ++++
++++ frame_probe ID: 890 receives a frame at time 93.3018s ++++
the 100th message counter  has been visited 7 times  
++++ frame_probe ID: 850 receives a frame at time 93.4062s ++++
++++ frame_probe ID: 860 receives a frame at time 93.4472s ++++
INFO: Detected an invalid packet at item 576
INFO: Parser returned #f
++++ frame_probe ID: 882 receives a frame at time 93.4739s ++++
++++ frame_probe ID: 883 receives a frame at time 93.474s ++++
++++ frame_probe ID: 890 receives a frame at time 93.4741s ++++
the 100th message counter  has been visited 8 times  
++++ frame_probe ID: 850 receives a frame at time 93.5505s ++++
++++ frame_probe ID: 860 receives a frame at time 93.5914s ++++
INFO: Detected an invalid packet at item 640
INFO: Parser returned #f
INFO: Detected an invalid packet at item 672
INFO: Parser returned #f
++++ frame_probe ID: 882 receives a frame at time 93.6182s ++++
++++ frame_probe ID: 883 receives a frame at time 93.6182s ++++
++++ frame_probe ID: 890 receives a frame at time 93.6183s ++++
the 100th message counter  has been visited 9 times  
++++ frame_probe ID: 850 receives a frame at time 93.7096s ++++
Measurement 2 raw data directory created /home/inets/0_ba/bachelor_thesis/measurements/debug/data/84/2/.
'/home/inets/source/gr-inets/results/receiver_data_received.txt' -> '/home/inets/0_ba/bachelor_thesis/measurements/debug/data/84/2/receiver_data_received.txt'
'/home/inets/source/gr-inets/results/sender_ack_received.txt' -> '/home/inets/0_ba/bachelor_thesis/measurements/debug/data/84/2/sender_ack_received.txt'
'/home/inets/source/gr-inets/results/sender_bfr_dq.txt' -> '/home/inets/0_ba/bachelor_thesis/measurements/debug/data/84/2/sender_bfr_dq.txt'
'/home/inets/source/gr-inets/results/sender_data_sent.txt' -> '/home/inets/0_ba/bachelor_thesis/measurements/debug/data/84/2/sender_data_sent.txt'
Measurement 2 raw data moved to /home/inets/0_ba/bachelor_thesis/measurements/debug/data/84/2/.

Measurement 3/8 complete in 4 second(s).
linux; GNU C++ version 5.4.0 20160609; Boost_105800; UHD_003.009.005-45-g6768a615
linux; GNU C++ version 5.4.0 20160609; Boost_105800; UHD_003.009.005-45-g6768a615


Using Volk machine: avx_64_mmx
-- Opening a USRP2/N-Series device...
Using Volk machine: avx_64_mmx
-- Current recv frame size: 1472 bytes
-- Current send frame size: 1472 bytes
Measurement 3/8 complete in 3 second(s).
the 880th message counter is activated.
the 100th message counter is activated.
Measurement 3/8 complete in 2 second(s).
node starts running at 96.1146
++++ frame_probe ID: 850 receives a frame at time 96.3282s ++++
++++ frame_probe ID: 860 receives a frame at time 96.3693s ++++
INFO: Detected an invalid packet at item 0
INFO: Parser returned #f
INFO: Detected an invalid packet at item 32
INFO: Parser returned #f
++++ frame_probe ID: 882 receives a frame at time 96.4053s ++++
++++ frame_probe ID: 883 receives a frame at time 96.4053s ++++
++++ frame_probe ID: 890 receives a frame at time 96.4054s ++++
the 100th message counter  has been visited 1 times  
++++ frame_probe ID: 850 receives a frame at time 96.7548s ++++
Measurement 3/8 complete in 1 second(s).
++++ frame_probe ID: 860 receives a frame at time 96.7958s ++++
INFO: Detected an invalid packet at item 96
INFO: Parser returned #f
INFO: Detected an invalid packet at item 128
INFO: Parser returned #f
++++ frame_probe ID: 882 receives a frame at time 96.8277s ++++
++++ frame_probe ID: 883 receives a frame at time 96.8277s ++++
++++ frame_probe ID: 890 receives a frame at time 96.8278s ++++
the 100th message counter  has been visited 2 times  
++++ frame_probe ID: 850 receives a frame at time 96.9211s ++++
++++ frame_probe ID: 860 receives a frame at time 96.9624s ++++
INFO: Detected an invalid packet at item 192
INFO: Parser returned #f
INFO: Detected an invalid packet at item 224
INFO: Parser returned #f
INFO: Detected an invalid packet at item 256
INFO: Parser returned #f
INFO: Detected an invalid packet at item 288
INFO: Parser returned #f
INFO: Detected an invalid packet at item 320
INFO: Parser returned #f
INFO: Detected an invalid packet at item 352
INFO: Parser returned #f
INFO: Detected an invalid packet at item 384
INFO: Parser returned #f
INFO: Detected an invalid packet at item 416
INFO: Parser returned #f
INFO: Detected an invalid packet at item 448
INFO: Parser returned #f
++++ frame_probe ID: 882 receives a frame at time 97.0037s ++++
++++ frame_probe ID: 883 receives a frame at time 97.0038s ++++
++++ frame_probe ID: 890 receives a frame at time 97.0038s ++++
the 100th message counter  has been visited 3 times  
++++ frame_probe ID: 850 receives a frame at time 97.1101s ++++
++++ frame_probe ID: 860 receives a frame at time 97.1511s ++++
INFO: Detected an invalid packet at item 512
INFO: Parser returned #f
++++ frame_probe ID: 882 receives a frame at time 97.1861s ++++
++++ frame_probe ID: 883 receives a frame at time 97.1861s ++++
++++ frame_probe ID: 890 receives a frame at time 97.1862s ++++
the 100th message counter  has been visited 4 times  
++++ frame_probe ID: 850 receives a frame at time 97.2605s ++++
++++ frame_probe ID: 860 receives a frame at time 97.3016s ++++
INFO: Detected an invalid packet at item 576
INFO: Parser returned #f
INFO: Detected an invalid packet at item 608
INFO: Parser returned #f
++++ frame_probe ID: 882 receives a frame at time 97.3395s ++++
++++ frame_probe ID: 883 receives a frame at time 97.3395s ++++
++++ frame_probe ID: 890 receives a frame at time 97.3396s ++++
the 100th message counter  has been visited 5 times  
++++ frame_probe ID: 850 receives a frame at time 97.433s ++++
++++ frame_probe ID: 860 receives a frame at time 97.4737s ++++
INFO: Detected an invalid packet at item 672
INFO: Parser returned #f
INFO: Detected an invalid packet at item 704
INFO: Parser returned #f
++++ frame_probe ID: 882 receives a frame at time 97.5128s ++++
++++ frame_probe ID: 883 receives a frame at time 97.5128s ++++
++++ frame_probe ID: 890 receives a frame at time 97.5129s ++++
the 100th message counter  has been visited 6 times  
++++ frame_probe ID: 850 receives a frame at time 97.5833s ++++
++++ frame_probe ID: 860 receives a frame at time 97.6239s ++++
INFO: Detected an invalid packet at item 768
INFO: Parser returned #f
INFO: Detected an invalid packet at item 800
INFO: Parser returned #f
++++ frame_probe ID: 882 receives a frame at time 97.6562s ++++
++++ frame_probe ID: 883 receives a frame at time 97.6562s ++++
++++ frame_probe ID: 890 receives a frame at time 97.6563s ++++
the 100th message counter  has been visited 7 times  
Measurement 3 raw data directory created /home/inets/0_ba/bachelor_thesis/measurements/debug/data/84/3/.
'/home/inets/source/gr-inets/results/receiver_data_received.txt' -> '/home/inets/0_ba/bachelor_thesis/measurements/debug/data/84/3/receiver_data_received.txt'
'/home/inets/source/gr-inets/results/sender_ack_received.txt' -> '/home/inets/0_ba/bachelor_thesis/measurements/debug/data/84/3/sender_ack_received.txt'
'/home/inets/source/gr-inets/results/sender_bfr_dq.txt' -> '/home/inets/0_ba/bachelor_thesis/measurements/debug/data/84/3/sender_bfr_dq.txt'
'/home/inets/source/gr-inets/results/sender_data_sent.txt' -> '/home/inets/0_ba/bachelor_thesis/measurements/debug/data/84/3/sender_data_sent.txt'
Measurement 3 raw data moved to /home/inets/0_ba/bachelor_thesis/measurements/debug/data/84/3/.

Measurement 4/8 complete in 4 second(s).
linux; GNU C++ version 5.4.0 20160609; Boost_105800; UHD_003.009.005-45-g6768a615
linux; GNU C++ version 5.4.0 20160609; Boost_105800; UHD_003.009.005-45-g6768a615


Using Volk machine: avx_64_mmx
-- Opening a USRP2/N-Series device...
Using Volk machine: avx_64_mmx
-- Current recv frame size: 1472 bytes
-- Current send frame size: 1472 bytes
Measurement 4/8 complete in 3 second(s).
the 880th message counter is activated.
the 100th message counter is activated.
Measurement 4/8 complete in 2 second(s).
node starts running at 0.10181
++++ frame_probe ID: 850 receives a frame at time 0.176534s ++++
++++ frame_probe ID: 860 receives a frame at time 0.217573s ++++
INFO: Detected an invalid packet at item 0
INFO: Parser returned #f
++++ frame_probe ID: 882 receives a frame at time 0.258233s ++++
++++ frame_probe ID: 883 receives a frame at time 0.25828s ++++
++++ frame_probe ID: 890 receives a frame at time 0.258341s ++++
the 100th message counter  has been visited 1 times  
++++ frame_probe ID: 850 receives a frame at time 0.360254s ++++
++++ frame_probe ID: 860 receives a frame at time 0.401004s ++++
INFO: Detected an invalid packet at item 64
INFO: Parser returned #f
INFO: Detected an invalid packet at item 96
INFO: Parser returned #f
++++ frame_probe ID: 882 receives a frame at time 0.440693s ++++
++++ frame_probe ID: 883 receives a frame at time 0.440732s ++++
++++ frame_probe ID: 890 receives a frame at time 0.440792s ++++
the 100th message counter  has been visited 2 times  
++++ frame_probe ID: 850 receives a frame at time 0.557194s ++++
++++ frame_probe ID: 860 receives a frame at time 0.598112s ++++
INFO: Detected an invalid packet at item 160
INFO: Parser returned #f
INFO: Detected an invalid packet at item 192
INFO: Parser returned #f
++++ frame_probe ID: 882 receives a frame at time 0.632868s ++++
++++ frame_probe ID: 883 receives a frame at time 0.632912s ++++
++++ frame_probe ID: 890 receives a frame at time 0.632974s ++++
the 100th message counter  has been visited 3 times  
++++ frame_probe ID: 850 receives a frame at time 0.72431s ++++
Measurement 4/8 complete in 1 second(s).
++++ frame_probe ID: 860 receives a frame at time 0.765145s ++++
INFO: Detected an invalid packet at item 256
INFO: Parser returned #f
++++ frame_probe ID: 882 receives a frame at time 0.805162s ++++
++++ frame_probe ID: 883 receives a frame at time 0.805202s ++++
++++ frame_probe ID: 890 receives a frame at time 0.805259s ++++
the 100th message counter  has been visited 4 times  
++++ frame_probe ID: 850 receives a frame at time 0.921651s ++++
++++ frame_probe ID: 860 receives a frame at time 0.962734s ++++
INFO: Detected an invalid packet at item 320
INFO: Parser returned #f
INFO: Detected an invalid packet at item 352
INFO: Parser returned #f
++++ frame_probe ID: 882 receives a frame at time 0.997905s ++++
++++ frame_probe ID: 883 receives a frame at time 0.997956s ++++
++++ frame_probe ID: 890 receives a frame at time 0.99804s ++++
the 100th message counter  has been visited 5 times  
++++ frame_probe ID: 850 receives a frame at time 1.06642s ++++
++++ frame_probe ID: 860 receives a frame at time 1.10742s ++++
INFO: Detected an invalid packet at item 416
INFO: Parser returned #f
INFO: Detected an invalid packet at item 448
INFO: Parser returned #f
++++ frame_probe ID: 882 receives a frame at time 1.14109s ++++
++++ frame_probe ID: 883 receives a frame at time 1.14113s ++++
++++ frame_probe ID: 890 receives a frame at time 1.14125s ++++
the 100th message counter  has been visited 6 times  
++++ frame_probe ID: 850 receives a frame at time 1.21459s ++++
++++ frame_probe ID: 860 receives a frame at time 1.25537s ++++
INFO: Detected an invalid packet at item 512
INFO: Parser returned #f
INFO: Detected an invalid packet at item 544
INFO: Parser returned #f
++++ frame_probe ID: 882 receives a frame at time 1.29425s ++++
++++ frame_probe ID: 883 receives a frame at time 1.29429s ++++
++++ frame_probe ID: 890 receives a frame at time 1.29435s ++++
the 100th message counter  has been visited 7 times  
++++ frame_probe ID: 850 receives a frame at time 1.40271s ++++
++++ frame_probe ID: 860 receives a frame at time 1.44334s ++++
INFO: Detected an invalid packet at item 608
INFO: Parser returned #f
++++ frame_probe ID: 882 receives a frame at time 1.47662s ++++
++++ frame_probe ID: 883 receives a frame at time 1.47666s ++++
++++ frame_probe ID: 890 receives a frame at time 1.47671s ++++
the 100th message counter  has been visited 8 times  
++++ frame_probe ID: 850 receives a frame at time 1.58404s ++++
++++ frame_probe ID: 860 receives a frame at time 1.62488s ++++
INFO: Detected an invalid packet at item 672
INFO: Parser returned #f
INFO: Detected an invalid packet at item 704
INFO: Parser returned #f
++++ frame_probe ID: 882 receives a frame at time 1.65938s ++++
++++ frame_probe ID: 883 receives a frame at time 1.65943s ++++
++++ frame_probe ID: 890 receives a frame at time 1.65952s ++++
the 100th message counter  has been visited 9 times  
++++ frame_probe ID: 850 receives a frame at time 1.73589s ++++
Measurement 4 raw data directory created /home/inets/0_ba/bachelor_thesis/measurements/debug/data/84/4/.
'/home/inets/source/gr-inets/results/receiver_data_received.txt' -> '/home/inets/0_ba/bachelor_thesis/measurements/debug/data/84/4/receiver_data_received.txt'
'/home/inets/source/gr-inets/results/sender_ack_received.txt' -> '/home/inets/0_ba/bachelor_thesis/measurements/debug/data/84/4/sender_ack_received.txt'
'/home/inets/source/gr-inets/results/sender_bfr_dq.txt' -> '/home/inets/0_ba/bachelor_thesis/measurements/debug/data/84/4/sender_bfr_dq.txt'
'/home/inets/source/gr-inets/results/sender_data_sent.txt' -> '/home/inets/0_ba/bachelor_thesis/measurements/debug/data/84/4/sender_data_sent.txt'
Measurement 4 raw data moved to /home/inets/0_ba/bachelor_thesis/measurements/debug/data/84/4/.

Measurement 5/8 complete in 4 second(s).
linux; GNU C++ version 5.4.0 20160609; Boost_105800; UHD_003.009.005-45-g6768a615
linux; GNU C++ version 5.4.0 20160609; Boost_105800; UHD_003.009.005-45-g6768a615


Using Volk machine: avx_64_mmx
-- Opening a USRP2/N-Series device...
Using Volk machine: avx_64_mmx
-- Current recv frame size: 1472 bytes
-- Current send frame size: 1472 bytes
Measurement 5/8 complete in 3 second(s).
the 880th message counter is activated.
the 100th message counter is activated.
Measurement 5/8 complete in 2 second(s).
node starts running at 4.09273
++++ frame_probe ID: 850 receives a frame at time 4.63161s ++++
++++ frame_probe ID: 860 receives a frame at time 4.67269s ++++
INFO: Detected an invalid packet at item 0
INFO: Parser returned #f
++++ frame_probe ID: 882 receives a frame at time 4.70762s ++++
++++ frame_probe ID: 883 receives a frame at time 4.70768s ++++
++++ frame_probe ID: 890 receives a frame at time 4.70775s ++++
the 100th message counter  has been visited 1 times  
Measurement 5/8 complete in 1 second(s).
++++ frame_probe ID: 850 receives a frame at time 4.78411s ++++
++++ frame_probe ID: 860 receives a frame at time 4.82499s ++++
INFO: Detected an invalid packet at item 64
INFO: Parser returned #f
INFO: Detected an invalid packet at item 96
INFO: Parser returned #f
++++ frame_probe ID: 882 receives a frame at time 4.86059s ++++
++++ frame_probe ID: 883 receives a frame at time 4.86062s ++++
++++ frame_probe ID: 890 receives a frame at time 4.86069s ++++
the 100th message counter  has been visited 2 times  
++++ frame_probe ID: 850 receives a frame at time 4.95608s ++++
++++ frame_probe ID: 860 receives a frame at time 4.99685s ++++
INFO: Detected an invalid packet at item 160
INFO: Parser returned #f
++++ frame_probe ID: 882 receives a frame at time 5.03385s ++++
++++ frame_probe ID: 883 receives a frame at time 5.03395s ++++
++++ frame_probe ID: 890 receives a frame at time 5.03404s ++++
the 100th message counter  has been visited 3 times  
++++ frame_probe ID: 850 receives a frame at time 5.14946s ++++
++++ frame_probe ID: 860 receives a frame at time 5.19027s ++++
INFO: Detected an invalid packet at item 224
INFO: Parser returned #f
INFO: Detected an invalid packet at item 256
INFO: Parser returned #f
++++ frame_probe ID: 882 receives a frame at time 5.22555s ++++
++++ frame_probe ID: 883 receives a frame at time 5.22559s ++++
++++ frame_probe ID: 890 receives a frame at time 5.22567s ++++
the 100th message counter  has been visited 4 times  
++++ frame_probe ID: 850 receives a frame at time 5.30307s ++++
++++ frame_probe ID: 860 receives a frame at time 5.34392s ++++
INFO: Detected an invalid packet at item 320
INFO: Parser returned #f
++++ frame_probe ID: 882 receives a frame at time 5.38023s ++++
++++ frame_probe ID: 883 receives a frame at time 5.38029s ++++
++++ frame_probe ID: 890 receives a frame at time 5.38036s ++++
the 100th message counter  has been visited 5 times  
++++ frame_probe ID: 850 receives a frame at time 5.45677s ++++
++++ frame_probe ID: 860 receives a frame at time 5.49759s ++++
INFO: Detected an invalid packet at item 384
INFO: Parser returned #f
INFO: Detected an invalid packet at item 416
INFO: Parser returned #f
++++ frame_probe ID: 882 receives a frame at time 5.53342s ++++
++++ frame_probe ID: 883 receives a frame at time 5.53346s ++++
++++ frame_probe ID: 890 receives a frame at time 5.53354s ++++
the 100th message counter  has been visited 6 times  
++++ frame_probe ID: 850 receives a frame at time 5.63488s ++++
++++ frame_probe ID: 860 receives a frame at time 5.67576s ++++
INFO: Detected an invalid packet at item 480
INFO: Parser returned #f
++++ frame_probe ID: 882 receives a frame at time 5.70573s ++++
++++ frame_probe ID: 883 receives a frame at time 5.70579s ++++
++++ frame_probe ID: 890 receives a frame at time 5.70585s ++++
Measurement 5 raw data directory created /home/inets/0_ba/bachelor_thesis/measurements/debug/data/84/5/.
'/home/inets/source/gr-inets/results/receiver_data_received.txt' -> '/home/inets/0_ba/bachelor_thesis/measurements/debug/data/84/5/receiver_data_received.txt'
'/home/inets/source/gr-inets/results/sender_ack_received.txt' -> '/home/inets/0_ba/bachelor_thesis/measurements/debug/data/84/5/sender_ack_received.txt'
'/home/inets/source/gr-inets/results/sender_bfr_dq.txt' -> '/home/inets/0_ba/bachelor_thesis/measurements/debug/data/84/5/sender_bfr_dq.txt'
'/home/inets/source/gr-inets/results/sender_data_sent.txt' -> '/home/inets/0_ba/bachelor_thesis/measurements/debug/data/84/5/sender_data_sent.txt'
Measurement 5 raw data moved to /home/inets/0_ba/bachelor_thesis/measurements/debug/data/84/5/.

Measurement 6/8 complete in 4 second(s).
linux; GNU C++ version 5.4.0 20160609; Boost_105800; UHD_003.009.005-45-g6768a615
linux; GNU C++ version 5.4.0 20160609; Boost_105800; UHD_003.009.005-45-g6768a615


Using Volk machine: avx_64_mmx
-- Opening a USRP2/N-Series device...
Using Volk machine: avx_64_mmx
-- Current recv frame size: 1472 bytes
-- Current send frame size: 1472 bytes
Measurement 6/8 complete in 3 second(s).
the 880th message counter is activated.
the 100th message counter is activated.
Measurement 6/8 complete in 2 second(s).
node starts running at 8.12939
++++ frame_probe ID: 850 receives a frame at time 8.22963s ++++
++++ frame_probe ID: 860 receives a frame at time 8.27069s ++++
INFO: Detected an invalid packet at item 0
INFO: Parser returned #f
++++ frame_probe ID: 882 receives a frame at time 8.31196s ++++
++++ frame_probe ID: 883 receives a frame at time 8.31201s ++++
++++ frame_probe ID: 890 receives a frame at time 8.3121s ++++
the 100th message counter  has been visited 1 times  
++++ frame_probe ID: 850 receives a frame at time 8.39049s ++++
++++ frame_probe ID: 860 receives a frame at time 8.43145s ++++
INFO: Detected an invalid packet at item 64
INFO: Parser returned #f
++++ frame_probe ID: 882 receives a frame at time 8.46523s ++++
++++ frame_probe ID: 883 receives a frame at time 8.46533s ++++
++++ frame_probe ID: 890 receives a frame at time 8.46535s ++++
the 100th message counter  has been visited 2 times  
++++ frame_probe ID: 850 receives a frame at time 8.5637s ++++
++++ frame_probe ID: 860 receives a frame at time 8.60461s ++++
++++ frame_probe ID: 882 receives a frame at time 8.63775s ++++
++++ frame_probe ID: 883 receives a frame at time 8.63779s ++++
++++ frame_probe ID: 890 receives a frame at time 8.63788s ++++
the 100th message counter  has been visited 3 times  
++++ frame_probe ID: 850 receives a frame at time 8.73931s ++++
++++ frame_probe ID: 860 receives a frame at time 8.78018s ++++
Measurement 6/8 complete in 1 second(s).
INFO: Detected an invalid packet at item 160
INFO: Parser returned #f
++++ frame_probe ID: 882 receives a frame at time 8.82018s ++++
++++ frame_probe ID: 883 receives a frame at time 8.82023s ++++
++++ frame_probe ID: 890 receives a frame at time 8.8203s ++++
the 100th message counter  has been visited 4 times  
++++ frame_probe ID: 850 receives a frame at time 8.9248s ++++
++++ frame_probe ID: 860 receives a frame at time 8.96758s ++++
INFO: Detected an invalid packet at item 224
INFO: Parser returned #f
INFO: Detected an invalid packet at item 256
INFO: Parser returned #f
++++ frame_probe ID: 882 receives a frame at time 9.00215s ++++
++++ frame_probe ID: 883 receives a frame at time 9.00219s ++++
++++ frame_probe ID: 890 receives a frame at time 9.00225s ++++
the 100th message counter  has been visited 5 times  
++++ frame_probe ID: 850 receives a frame at time 9.1086s ++++
++++ frame_probe ID: 860 receives a frame at time 9.14927s ++++
INFO: Detected an invalid packet at item 320
INFO: Parser returned #f
++++ frame_probe ID: 882 receives a frame at time 9.18485s ++++
++++ frame_probe ID: 883 receives a frame at time 9.1849s ++++
++++ frame_probe ID: 890 receives a frame at time 9.18497s ++++
the 100th message counter  has been visited 6 times  
++++ frame_probe ID: 850 receives a frame at time 9.30134s ++++
++++ frame_probe ID: 860 receives a frame at time 9.34226s ++++
INFO: Detected an invalid packet at item 384
INFO: Parser returned #f
INFO: Detected an invalid packet at item 416
INFO: Parser returned #f
++++ frame_probe ID: 882 receives a frame at time 9.37748s ++++
++++ frame_probe ID: 883 receives a frame at time 9.37752s ++++
++++ frame_probe ID: 890 receives a frame at time 9.3776s ++++
the 100th message counter  has been visited 7 times  
++++ frame_probe ID: 850 receives a frame at time 9.49002s ++++
++++ frame_probe ID: 860 receives a frame at time 9.53094s ++++
INFO: Detected an invalid packet at item 480
INFO: Parser returned #f
INFO: Detected an invalid packet at item 512
INFO: Parser returned #f
++++ frame_probe ID: 882 receives a frame at time 9.57012s ++++
++++ frame_probe ID: 883 receives a frame at time 9.57017s ++++
++++ frame_probe ID: 890 receives a frame at time 9.5703s ++++
the 100th message counter  has been visited 8 times  
++++ frame_probe ID: 850 receives a frame at time 9.64686s ++++
++++ frame_probe ID: 860 receives a frame at time 9.68774s ++++
INFO: Detected an invalid packet at item 576
INFO: Parser returned #f
INFO: Detected an invalid packet at item 608
INFO: Parser returned #f
++++ frame_probe ID: 882 receives a frame at time 9.72166s ++++
++++ frame_probe ID: 883 receives a frame at time 9.72169s ++++
++++ frame_probe ID: 890 receives a frame at time 9.72177s ++++
Measurement 6 raw data directory created /home/inets/0_ba/bachelor_thesis/measurements/debug/data/84/6/.
'/home/inets/source/gr-inets/results/receiver_data_received.txt' -> '/home/inets/0_ba/bachelor_thesis/measurements/debug/data/84/6/receiver_data_received.txt'
'/home/inets/source/gr-inets/results/sender_ack_received.txt' -> '/home/inets/0_ba/bachelor_thesis/measurements/debug/data/84/6/sender_ack_received.txt'
'/home/inets/source/gr-inets/results/sender_bfr_dq.txt' -> '/home/inets/0_ba/bachelor_thesis/measurements/debug/data/84/6/sender_bfr_dq.txt'
'/home/inets/source/gr-inets/results/sender_data_sent.txt' -> '/home/inets/0_ba/bachelor_thesis/measurements/debug/data/84/6/sender_data_sent.txt'
Measurement 6 raw data moved to /home/inets/0_ba/bachelor_thesis/measurements/debug/data/84/6/.

Measurement 7/8 complete in 4 second(s).
linux; GNU C++ version 5.4.0 20160609; Boost_105800; UHD_003.009.005-45-g6768a615

linux; GNU C++ version 5.4.0 20160609; Boost_105800; UHD_003.009.005-45-g6768a615

Using Volk machine: avx_64_mmx
-- Opening a USRP2/N-Series device...
Using Volk machine: avx_64_mmx
-- Current recv frame size: 1472 bytes
-- Current send frame size: 1472 bytes
Measurement 7/8 complete in 3 second(s).
the 880th message counter is activated.
the 100th message counter is activated.
Measurement 7/8 complete in 2 second(s).
node starts running at 12.1225
++++ frame_probe ID: 850 receives a frame at time 12.2393s ++++
++++ frame_probe ID: 860 receives a frame at time 12.2806s ++++
INFO: Detected an invalid packet at item 0
INFO: Parser returned #f
++++ frame_probe ID: 882 receives a frame at time 12.3163s ++++
++++ frame_probe ID: 883 receives a frame at time 12.3163s ++++
++++ frame_probe ID: 890 receives a frame at time 12.3164s ++++
the 100th message counter  has been visited 1 times  
++++ frame_probe ID: 850 receives a frame at time 12.4498s ++++
++++ frame_probe ID: 860 receives a frame at time 12.4908s ++++
INFO: Detected an invalid packet at item 64
INFO: Parser returned #f
 at 12.6076 s
++++ frame_probe ID: 850 receives a frame at time 12.6258s ++++
++++ frame_probe ID: 860 receives a frame at time 12.667s ++++
INFO: Detected an invalid packet at item 96
INFO: Parser returned #f
 at 12.7936 s
Measurement 7/8 complete in 1 second(s).
++++ frame_probe ID: 850 receives a frame at time 12.8128s ++++
++++ frame_probe ID: 860 receives a frame at time 12.8536s ++++
INFO: Detected an invalid packet at item 128
INFO: Parser returned #f
 at 13.0006 s
++++ frame_probe ID: 850 receives a frame at time 13.0188s ++++
++++ frame_probe ID: 860 receives a frame at time 13.0598s ++++
INFO: Detected an invalid packet at item 160
INFO: Parser returned #f
++++ frame_probe ID: 882 receives a frame at time 13.0849s ++++
++++ frame_probe ID: 883 receives a frame at time 13.085s ++++
++++ frame_probe ID: 890 receives a frame at time 13.085s ++++
the 100th message counter  has been visited 2 times  
++++ frame_probe ID: 850 receives a frame at time 13.1704s ++++
++++ frame_probe ID: 860 receives a frame at time 13.2111s ++++
 at 13.3228 s
++++ frame_probe ID: 850 receives a frame at time 13.341s ++++
++++ frame_probe ID: 860 receives a frame at time 13.3818s ++++
INFO: Detected an invalid packet at item 224
INFO: Parser returned #f
++++ frame_probe ID: 882 receives a frame at time 13.4116s ++++
++++ frame_probe ID: 883 receives a frame at time 13.4116s ++++
++++ frame_probe ID: 890 receives a frame at time 13.4117s ++++
the 100th message counter  has been visited 3 times  
++++ frame_probe ID: 850 receives a frame at time 13.5041s ++++
++++ frame_probe ID: 860 receives a frame at time 13.545s ++++
INFO: Detected an invalid packet at item 288
INFO: Parser returned #f
INFO: Detected an invalid packet at item 320
INFO: Parser returned #f
++++ frame_probe ID: 882 receives a frame at time 13.5744s ++++
++++ frame_probe ID: 883 receives a frame at time 13.5744s ++++
++++ frame_probe ID: 890 receives a frame at time 13.5745s ++++
the 100th message counter  has been visited 4 times  
++++ frame_probe ID: 850 receives a frame at time 13.6609s ++++
++++ frame_probe ID: 860 receives a frame at time 13.7018s ++++
Measurement 7 raw data directory created /home/inets/0_ba/bachelor_thesis/measurements/debug/data/84/7/.
'/home/inets/source/gr-inets/results/receiver_data_received.txt' -> '/home/inets/0_ba/bachelor_thesis/measurements/debug/data/84/7/receiver_data_received.txt'
'/home/inets/source/gr-inets/results/sender_ack_received.txt' -> '/home/inets/0_ba/bachelor_thesis/measurements/debug/data/84/7/sender_ack_received.txt'
'/home/inets/source/gr-inets/results/sender_bfr_dq.txt' -> '/home/inets/0_ba/bachelor_thesis/measurements/debug/data/84/7/sender_bfr_dq.txt'
'/home/inets/source/gr-inets/results/sender_data_sent.txt' -> '/home/inets/0_ba/bachelor_thesis/measurements/debug/data/84/7/sender_data_sent.txt'
Measurement 7 raw data moved to /home/inets/0_ba/bachelor_thesis/measurements/debug/data/84/7/.

Measurement 8/8 complete in 4 second(s).
linux; GNU C++ version 5.4.0 20160609; Boost_105800; UHD_003.009.005-45-g6768a615

linux; GNU C++ version 5.4.0 20160609; Boost_105800; UHD_003.009.005-45-g6768a615

Using Volk machine: avx_64_mmx
-- Opening a USRP2/N-Series device...
Using Volk machine: avx_64_mmx
-- Current recv frame size: 1472 bytes
-- Current send frame size: 1472 bytes
Measurement 8/8 complete in 3 second(s).
the 880th message counter is activated.
the 100th message counter is activated.
Measurement 8/8 complete in 2 second(s).
node starts running at 16.1809
++++ frame_probe ID: 850 receives a frame at time 16.3162s ++++
++++ frame_probe ID: 860 receives a frame at time 16.3573s ++++
INFO: Detected an invalid packet at item 0
INFO: Parser returned #f
INFO: Detected an invalid packet at item 32
INFO: Parser returned #f
++++ frame_probe ID: 882 receives a frame at time 16.3936s ++++
++++ frame_probe ID: 883 receives a frame at time 16.3937s ++++
++++ frame_probe ID: 890 receives a frame at time 16.3938s ++++
the 100th message counter  has been visited 1 times  
++++ frame_probe ID: 850 receives a frame at time 16.4651s ++++
++++ frame_probe ID: 860 receives a frame at time 16.506s ++++
INFO: Detected an invalid packet at item 96
INFO: Parser returned #f
++++ frame_probe ID: 882 receives a frame at time 16.5369s ++++
++++ frame_probe ID: 883 receives a frame at time 16.5369s ++++
++++ frame_probe ID: 890 receives a frame at time 16.537s ++++
the 100th message counter  has been visited 2 times  
++++ frame_probe ID: 850 receives a frame at time 16.6273s ++++
++++ frame_probe ID: 860 receives a frame at time 16.668s ++++
INFO: Detected an invalid packet at item 160
INFO: Parser returned #f
INFO: Detected an invalid packet at item 192
INFO: Parser returned #f
INFO: Detected an invalid packet at item 224
INFO: Parser returned #f
++++ frame_probe ID: 882 receives a frame at time 16.7001s ++++
++++ frame_probe ID: 883 receives a frame at time 16.7001s ++++
++++ frame_probe ID: 890 receives a frame at time 16.7002s ++++
the 100th message counter  has been visited 3 times  
++++ frame_probe ID: 850 receives a frame at time 16.7816s ++++
Measurement 8/8 complete in 1 second(s).
++++ frame_probe ID: 860 receives a frame at time 16.8223s ++++
INFO: Detected an invalid packet at item 288
INFO: Parser returned #f
++++ frame_probe ID: 882 receives a frame at time 16.8536s ++++
++++ frame_probe ID: 883 receives a frame at time 16.8537s ++++
++++ frame_probe ID: 890 receives a frame at time 16.8537s ++++
the 100th message counter  has been visited 4 times  
++++ frame_probe ID: 850 receives a frame at time 16.9482s ++++
++++ frame_probe ID: 860 receives a frame at time 16.9891s ++++
INFO: Detected an invalid packet at item 352
INFO: Parser returned #f
++++ frame_probe ID: 882 receives a frame at time 17.0269s ++++
++++ frame_probe ID: 883 receives a frame at time 17.0269s ++++
++++ frame_probe ID: 890 receives a frame at time 17.027s ++++
the 100th message counter  has been visited 5 times  
++++ frame_probe ID: 850 receives a frame at time 17.0952s ++++
++++ frame_probe ID: 860 receives a frame at time 17.1361s ++++
INFO: Detected an invalid packet at item 416
INFO: Parser returned #f
INFO: Detected an invalid packet at item 448
INFO: Parser returned #f
++++ frame_probe ID: 882 receives a frame at time 17.171s ++++
++++ frame_probe ID: 883 receives a frame at time 17.1711s ++++
++++ frame_probe ID: 890 receives a frame at time 17.1711s ++++
the 100th message counter  has been visited 6 times  
++++ frame_probe ID: 850 receives a frame at time 17.2785s ++++
++++ frame_probe ID: 860 receives a frame at time 17.3194s ++++
INFO: Detected an invalid packet at item 512
INFO: Parser returned #f
INFO: Detected an invalid packet at item 544
INFO: Parser returned #f
++++ frame_probe ID: 882 receives a frame at time 17.3538s ++++
++++ frame_probe ID: 883 receives a frame at time 17.3538s ++++
++++ frame_probe ID: 890 receives a frame at time 17.3539s ++++
the 100th message counter  has been visited 7 times  
++++ frame_probe ID: 850 receives a frame at time 17.513s ++++
++++ frame_probe ID: 860 receives a frame at time 17.5537s ++++
INFO: Detected an invalid packet at item 608
INFO: Parser returned #f
INFO: Detected an invalid packet at item 640
INFO: Parser returned #f
++++ frame_probe ID: 882 receives a frame at time 17.5932s ++++
++++ frame_probe ID: 883 receives a frame at time 17.5933s ++++
++++ frame_probe ID: 890 receives a frame at time 17.5933s ++++
the 100th message counter  has been visited 8 times  
++++ frame_probe ID: 850 receives a frame at time 17.6957s ++++
++++ frame_probe ID: 860 receives a frame at time 17.7366s ++++
INFO: Detected an invalid packet at item 704
INFO: Parser returned #f
INFO: Detected an invalid packet at item 736
INFO: Parser returned #f
++++ frame_probe ID: 882 receives a frame at time 17.7759s ++++
++++ frame_probe ID: 883 receives a frame at time 17.776s ++++
++++ frame_probe ID: 890 receives a frame at time 17.7761s ++++
Measurement 8 raw data directory created /home/inets/0_ba/bachelor_thesis/measurements/debug/data/84/8/.
'/home/inets/source/gr-inets/results/receiver_data_received.txt' -> '/home/inets/0_ba/bachelor_thesis/measurements/debug/data/84/8/receiver_data_received.txt'
'/home/inets/source/gr-inets/results/sender_ack_received.txt' -> '/home/inets/0_ba/bachelor_thesis/measurements/debug/data/84/8/sender_ack_received.txt'
'/home/inets/source/gr-inets/results/sender_bfr_dq.txt' -> '/home/inets/0_ba/bachelor_thesis/measurements/debug/data/84/8/sender_bfr_dq.txt'
'/home/inets/source/gr-inets/results/sender_data_sent.txt' -> '/home/inets/0_ba/bachelor_thesis/measurements/debug/data/84/8/sender_data_sent.txt'
Measurement 8 raw data moved to /home/inets/0_ba/bachelor_thesis/measurements/debug/data/84/8/.

Now processing results...
Plotting Python should be: python3 (UBUNTU).
Hello from rtt.py!
Hello from variables.py!
data_sent: 1499969988.258984
data_sent: 1499969988.420539
data_sent: 1499969988.585028
data_sent: 1499969988.755219
data_sent: 1499969988.912546
data_sent: 1499969989.090943
data_sent: 1499969989.239540
data_sent: 1499969989.409311
data_sent: 1499969989.586212
ack_received: 1499969988.331134
ack_received: 1499969988.494658
ack_received: 1499969988.657810
ack_received: 1499969988.831149
ack_received: 1499969988.984539
ack_received: 1499969989.167080
ack_received: 1499969989.311525
ack_received: 1499969989.483770
ack_received: 1499969989.655933
abs. packet loss: 0.0
packet loss in %: 0.0%

The resulting RTTs of this single measurement are:
[0.07215, 0.07412, 0.07278, 0.07593, 0.07199, 0.07614, 0.07199, 0.07446, 0.06972]



The resulting mean RTT of this single measurement is:
0.07325333333333334


data_sent: 1499969992.135194
data_sent: 1499969992.323932
data_sent: 1499969992.513485
data_sent: 1499969992.682715
data_sent: 1499969992.865002
data_sent: 1499969993.046787
data_sent: 1499969993.226416
data_sent: 1499969993.406205
data_sent: 1499969993.550480
data_sent: 1499969993.709626
ack_received: 1499969992.207414
ack_received: 1499969992.399008
ack_received: 1499969992.589967
ack_received: 1499969992.754576
ack_received: 1499969992.936477
ack_received: 1499969993.119055
ack_received: 1499969993.301786
ack_received: 1499969993.474070
ack_received: 1499969993.618299
abs. packet loss: 1.0
packet loss in %: 10.0%

The resulting RTTs of this single measurement are:
[0.07222, 0.07508, 0.07648, 0.07186, 0.07148, 0.07227, 0.07537, 0.06787, 0.06782]



The resulting mean RTT of this single measurement is:
0.07227222222222222


data_sent: 1499969996.328206
data_sent: 1499969996.754801
data_sent: 1499969996.921079
data_sent: 1499969997.110082
data_sent: 1499969997.260527
data_sent: 1499969997.432977
data_sent: 1499969997.583279
ack_received: 1499969996.405395
ack_received: 1499969996.827778
ack_received: 1499969997.003813
ack_received: 1499969997.186168
ack_received: 1499969997.339591
ack_received: 1499969997.512883
ack_received: 1499969997.656262
abs. packet loss: 0.0
packet loss in %: 0.0%

The resulting RTTs of this single measurement are:
[0.07719, 0.07298, 0.08273, 0.07609, 0.07906, 0.07991, 0.07298]



The resulting mean RTT of this single measurement is:
0.07727714285714285


data_sent: 1499970000.176534
data_sent: 1499970000.360254
data_sent: 1499970000.557194
data_sent: 1499970000.724310
data_sent: 1499970000.921651
data_sent: 1499970001.066424
data_sent: 1499970001.214586
data_sent: 1499970001.402713
data_sent: 1499970001.584039
data_sent: 1499970001.735886
ack_received: 1499970000.258341
ack_received: 1499970000.440792
ack_received: 1499970000.632974
ack_received: 1499970000.805259
ack_received: 1499970000.998040
ack_received: 1499970001.141253
ack_received: 1499970001.294353
ack_received: 1499970001.476712
ack_received: 1499970001.659524
abs. packet loss: 1.0
packet loss in %: 10.0%

The resulting RTTs of this single measurement are:
[0.08181, 0.08054, 0.07578, 0.08095, 0.07639, 0.07483, 0.07977, 0.074, 0.07548]



The resulting mean RTT of this single measurement is:
0.07772777777777778


data_sent: 1499970004.631613
data_sent: 1499970004.784112
data_sent: 1499970004.956079
data_sent: 1499970005.149463
data_sent: 1499970005.303069
data_sent: 1499970005.456770
data_sent: 1499970005.634884
ack_received: 1499970004.707751
ack_received: 1499970004.860690
ack_received: 1499970005.034041
ack_received: 1499970005.225672
ack_received: 1499970005.380356
ack_received: 1499970005.533536
ack_received: 1499970005.705850
abs. packet loss: 0.0
packet loss in %: 0.0%

The resulting RTTs of this single measurement are:
[0.07614, 0.07658, 0.07796, 0.07621, 0.07729, 0.07677, 0.07097]



The resulting mean RTT of this single measurement is:
0.07598857142857142


data_sent: 1499970008.229628
data_sent: 1499970008.390493
data_sent: 1499970008.563703
data_sent: 1499970008.739306
data_sent: 1499970008.924796
data_sent: 1499970009.108603
data_sent: 1499970009.301340
data_sent: 1499970009.490018
data_sent: 1499970009.646855
ack_received: 1499970008.312103
ack_received: 1499970008.465348
ack_received: 1499970008.637881
ack_received: 1499970008.820304
ack_received: 1499970009.002248
ack_received: 1499970009.184973
ack_received: 1499970009.377599
ack_received: 1499970009.570297
ack_received: 1499970009.721771
abs. packet loss: 0.0
packet loss in %: 0.0%

The resulting RTTs of this single measurement are:
[0.08247, 0.07486, 0.07418, 0.081, 0.07745, 0.07637, 0.07626, 0.08028, 0.07492]



The resulting mean RTT of this single measurement is:
0.07753222222222222


data_sent: 1499970012.239332
data_sent: 1499970012.449808
data_sent: 1499970012.625760
data_sent: 1499970012.812817
data_sent: 1499970013.018791
data_sent: 1499970013.170405
data_sent: 1499970013.341029
data_sent: 1499970013.504087
data_sent: 1499970013.660867
ack_received: 1499970012.316442
ack_received: 1499970013.085031
ack_received: 1499970013.411699
ack_received: 1499970013.574479
abs. packet loss: 5.0
packet loss in %: 55.56%

The resulting RTTs of this single measurement are:
[0.07711, 0.63522, 0.78594, 0.76166]



The resulting mean RTT of this single measurement is:
0.5649824999999999


data_sent: 1499970016.316233
data_sent: 1499970016.465147
data_sent: 1499970016.627252
data_sent: 1499970016.781621
data_sent: 1499970016.948162
data_sent: 1499970017.095246
data_sent: 1499970017.278495
data_sent: 1499970017.512951
data_sent: 1499970017.695652
ack_received: 1499970016.393806
ack_received: 1499970016.536984
ack_received: 1499970016.700197
ack_received: 1499970016.853748
ack_received: 1499970017.026960
ack_received: 1499970017.171119
ack_received: 1499970017.353890
ack_received: 1499970017.593330
ack_received: 1499970017.776112
abs. packet loss: 0.0
packet loss in %: 0.0%

The resulting RTTs of this single measurement are:
[0.07757, 0.07184, 0.07294, 0.07213, 0.0788, 0.07587, 0.07539, 0.08038, 0.08046]



The resulting mean RTT of this single measurement is:
0.07615333333333332


[ 0.07325333  0.07227222  0.07727714  0.07772778  0.07598857  0.07753222
  0.5649825   0.07615333]
Hello from myplot.py!
I will print a pdf for you now!
Hello from myplot.py!
I will print a cdf for you now!
<a list of 1 Patch objects>
Hello from myplot.py!
I will print a boxplot for you now!
Hello from myplot.py!
I will print a bar for you now!
Hello from myplot.py!
I will print a line for you now!
Hello from throughput.py!
Hello from variables.py!
[ 9000.  9000.  8000.  9000.  8000.  9000.  4000.  9000.]
Hello from myplot.py!
I will print a pdf for you now!
Hello from myplot.py!
I will print a cdf for you now!
<a list of 1 Patch objects>
Hello from myplot.py!
I will print a boxplot for you now!
Hello from myplot.py!
I will print a bar for you now!
Hello from myplot.py!
I will print a line for you now!

+--------------------------------------------------------------+
| Plotting completed. Until the next measurement session then! |
+--------------------------------------------------------------+
