Measurement 1/5 complete in 1 second(s).
Measurement 1 raw data directory created /media/inets/tbohome/alex/0_ba/git/measurements/debug/data/0/1/.
Measurement 1 raw data moved to /media/inets/tbohome/alex/0_ba/git/measurements/debug/data/0/1/.

Measurement 2/5 complete in 1 second(s).
Measurement 2 raw data directory created /media/inets/tbohome/alex/0_ba/git/measurements/debug/data/0/2/.
Measurement 2 raw data moved to /media/inets/tbohome/alex/0_ba/git/measurements/debug/data/0/2/.

Measurement 3/5 complete in 1 second(s).
Measurement 3 raw data directory created /media/inets/tbohome/alex/0_ba/git/measurements/debug/data/0/3/.
Measurement 3 raw data moved to /media/inets/tbohome/alex/0_ba/git/measurements/debug/data/0/3/.

Measurement 4/5 complete in 1 second(s).
Measurement 4 raw data directory created /media/inets/tbohome/alex/0_ba/git/measurements/debug/data/0/4/.
Measurement 4 raw data moved to /media/inets/tbohome/alex/0_ba/git/measurements/debug/data/0/4/.

Measurement 5/5 complete in 1 second(s).
Measurement 5 raw data directory created /media/inets/tbohome/alex/0_ba/git/measurements/debug/data/0/5/.
Measurement 5 raw data moved to /media/inets/tbohome/alex/0_ba/git/measurements/debug/data/0/5/.

Now processing results...
Starting to generate plots...
Plotting Python is: python3 (UBUNTU).

+--------------------------------------------------------------+
| Plotting completed. Until the next measurement session then! |
+--------------------------------------------------------------+
