measurement 1/2 complete in 20 second(s).
linux; GNU C++ version 5.4.0 20160609; Boost_105800; UHD_003.009.005-45-g6768a615

linux; GNU C++ version 5.4.0 20160609; Boost_105800; UHD_003.009.005-45-g6768a615

Using Volk machine: avx_64_mmx
-- Opening a USRP2/N-Series device...
Using Volk machine: avx_64_mmx
-- Opening a USRP2/N-Series device...
-- Current recv frame size: 1472 bytes
-- Current send frame size: 1472 bytes
-- Current recv frame size: 1472 bytes
-- Current send frame size: 1472 bytes
measurement 1/2 complete in 19 second(s).
develop mode of resend_check ID: 24 is activated.
-- Opening a USRP2/N-Series device...
-- Current recv frame size: 1472 bytes
-- Current send frame size: 1472 bytes
measurement 1/2 complete in 18 second(s).
develop_mode of general_timer ID: 1 is activated.
measurement 1/2 complete in 17 second(s).
node starts running at 27.8003
general_timer 1 is triggered at time 27.8003 s
timer start time: 27.8005
++++ frame_probe ID: 1050 receives a frame at time 27.8549s ++++
++++ frame_probe ID: 1060 receives a frame at time 27.8955s ++++
++++ frame_probe ID: 1060 receives a frame at time 28.0385s ++++
++++ frame_probe ID: 1060 receives a frame at time 28.1811s ++++
++++ frame_probe ID: 1060 receives a frame at time 28.3234s ++++
measurement 1/2 complete in 16 second(s).
++++ frame_probe ID: 1060 receives a frame at time 28.466s ++++
++++ frame_probe ID: 1050 receives a frame at time 28.568s ++++
++++ frame_probe ID: 1060 receives a frame at time 28.6086s ++++
++++ frame_probe ID: 1060 receives a frame at time 28.7509s ++++
++++ frame_probe ID: 1060 receives a frame at time 28.8932s ++++
++++ frame_probe ID: 1060 receives a frame at time 29.0356s ++++
++++ frame_probe ID: 1060 receives a frame at time 29.1781s ++++
++++ frame_probe ID: 1050 receives a frame at time 29.2795s ++++
++++ frame_probe ID: 1060 receives a frame at time 29.32s ++++
measurement 1/2 complete in 15 second(s).
measurement 1/2 complete in 14 second(s).
measurement 1/2 complete in 13 second(s).
measurement 1/2 complete in 12 second(s).
measurement 1/2 complete in 11 second(s).
measurement 1/2 complete in 10 second(s).
measurement 1/2 complete in 9 second(s).
measurement 1/2 complete in 8 second(s).
measurement 1/2 complete in 7 second(s).
measurement 1/2 complete in 6 second(s).
measurement 1/2 complete in 5 second(s).
measurement 1/2 complete in 4 second(s).
measurement 1/2 complete in 3 second(s).
measurement 1/2 complete in 2 second(s).
measurement 1/2 complete in 1 second(s).
measurement 1 raw data directory created /home/inets/0_ba/bachelor_thesis/measurements/debug/data/78/1/.
regex pattern is: _________________________________
*_1.txt
/home/inets/source/gr-inets/results
sender_bfr_dq_1.txt sender_data_sent_1.txt sender_frame_received_1.txt sender_retransmissions_1.txt
'sender_bfr_dq_1.txt' -> '/home/inets/0_ba/bachelor_thesis/measurements/debug/data/78/1/sender_bfr_dq_1.txt'
'sender_data_sent_1.txt' -> '/home/inets/0_ba/bachelor_thesis/measurements/debug/data/78/1/sender_data_sent_1.txt'
'sender_frame_received_1.txt' -> '/home/inets/0_ba/bachelor_thesis/measurements/debug/data/78/1/sender_frame_received_1.txt'
'sender_retransmissions_1.txt' -> '/home/inets/0_ba/bachelor_thesis/measurements/debug/data/78/1/sender_retransmissions_1.txt'
measurement 1 raw data moved to /home/inets/0_ba/bachelor_thesis/measurements/debug/data/78/1/.

measurement 2/2 complete in 20 second(s).
linux; GNU C++ version 5.4.0 20160609; Boost_105800; UHD_003.009.005-45-g6768a615

linux; GNU C++ version 5.4.0 20160609; Boost_105800; UHD_003.009.005-45-g6768a615

Using Volk machine: avx_64_mmx
-- Opening a USRP2/N-Series device...
Using Volk machine: avx_64_mmx
-- Opening a USRP2/N-Series device...
-- Current recv frame size: 1472 bytes
-- Current send frame size: 1472 bytes
-- Current recv frame size: 1472 bytes
-- Current send frame size: 1472 bytes
measurement 2/2 complete in 19 second(s).
develop mode of resend_check ID: 24 is activated.
-- Opening a USRP2/N-Series device...
-- Current recv frame size: 1472 bytes
-- Current send frame size: 1472 bytes
-- Opening a USRP2/N-Series device...
-- Current recv frame size: 1472 bytes
-- Current send frame size: 1472 bytes
measurement 2/2 complete in 18 second(s).
develop_mode of general_timer ID: 1 is activated.
the 880th message counter is activated.
the 100th message counter is activated.
develop_mode of backoff ID 100 is activated.
develop_mode of backoff ID 10 is activated.
measurement 2/2 complete in 17 second(s).
node starts running at 48.1082
general_timer 1 is triggered at time 48.1082 s
timer start time: 48.1083
node starts running at 48.1627
++++ frame_probe ID: 1050 receives a frame at time 48.191s ++++
++++ frame_probe ID: 1060 receives a frame at time 48.2318s ++++
++++ frame_probe ID: 1050 receives a frame at time 48.3098s ++++
++++ backoff ID: 10 starts the 5th backoff. 
++++ frame_probe ID: 1060 receives a frame at time 48.3504s ++++
measurement 2/2 complete in 16 second(s).
++++ backoff ID: 10 is expired at time 8.48915 s.  actual duration is: 0.156004s and the timer bias is 6.50883e-05s
a data frame with index 0 from node: 3 has been transmitted 2th time
++++ frame_probe ID: 1060 receives a frame at time 48.493s ++++
++++ frame_probe ID: 1050 receives a frame at time 48.5044s ++++
++++ frame_probe ID: 1060 receives a frame at time 48.5449s ++++
++++ frame_probe ID: 1060 receives a frame at time 48.635s ++++
++++ backoff ID: 10 starts the 6th backoff. 
++++ backoff ID: 10 is expired at time 8.73089 s.  actual duration is: 0.0840049s and the timer bias is 6.19888e-05s
a data frame with index 0 from node: 3 has been transmitted 3th time
++++ frame_probe ID: 1050 receives a frame at time 48.7461s ++++
++++ frame_probe ID: 1060 receives a frame at time 48.7775s ++++
++++ frame_probe ID: 1060 receives a frame at time 48.7867s ++++
++++ backoff ID: 10 starts the 7th backoff. 
++++ frame_probe ID: 1060 receives a frame at time 48.9194s ++++
++++ frame_probe ID: 1050 receives a frame at time 49.0206s ++++
++++ frame_probe ID: 1060 receives a frame at time 49.0611s ++++
++++ backoff ID: 10 is expired at time 9.08608 s.  actual duration is: 0.198043s and the timer bias is 6.19888e-05s
a data frame with index 0 from node: 3 has been transmitted 4th time
++++ frame_probe ID: 1050 receives a frame at time 49.1013s ++++
++++ frame_probe ID: 1060 receives a frame at time 49.1418s ++++
++++ frame_probe ID: 1060 receives a frame at time 49.2028s ++++
++++ backoff ID: 10 starts the 8th backoff. 
++++ backoff ID: 10 is expired at time 9.24297 s.  actual duration is: 6.19888e-06s and the timer bias is 6.19888e-05s
a data frame with index 0 from node: 3 has been transmitted 5th time
++++ frame_probe ID: 1050 receives a frame at time 49.2582s ++++
++++ frame_probe ID: 1060 receives a frame at time 49.2987s ++++
++++ frame_probe ID: 1060 receives a frame at time 49.3448s ++++
++++ backoff ID: 10 starts the 9th backoff. 
measurement 2/2 complete in 15 second(s).
++++ frame_probe ID: 1060 receives a frame at time 49.4865s ++++
++++ frame_probe ID: 1060 receives a frame at time 49.6292s ++++
++++ frame_probe ID: 1050 receives a frame at time 49.7313s ++++
++++ frame_probe ID: 1060 receives a frame at time 49.7718s ++++
++++ frame_probe ID: 1060 receives a frame at time 49.9137s ++++
++++ backoff ID: 10 is expired at time 9.91591 s.  actual duration is: 0.51604s and the timer bias is 6.38962e-05s
frame: 0 from node: 3 is dropped because its max retransmission counter is reached. 
counter results at time 8449.92 is 4
++++ frame_probe ID: 1050 receives a frame at time 49.9312s ++++
++++ frame_probe ID: 1060 receives a frame at time 49.9717s ++++
++++ frame_probe ID: 1060 receives a frame at time 50.0553s ++++
++++ backoff ID: 10 starts the 5th backoff. 
++++ frame_probe ID: 1060 receives a frame at time 50.1971s ++++
++++ backoff ID: 10 is expired at time 0.241297 s.  actual duration is: 0.168059s and the timer bias is 6.19888e-05s
a data frame with index 1 from node: 3 has been transmitted 2th time
++++ frame_probe ID: 1050 receives a frame at time 50.2564s ++++
++++ frame_probe ID: 1060 receives a frame at time 50.2969s ++++
++++ frame_probe ID: 1060 receives a frame at time 50.3395s ++++
++++ backoff ID: 10 starts the 6th backoff. 
++++ backoff ID: 10 is expired at time 0.422345 s.  actual duration is: 0.0240049s and the timer bias is 6.29425e-05s
a data frame with index 1 from node: 3 has been transmitted 3th time
++++ frame_probe ID: 1050 receives a frame at time 50.4376s ++++
measurement 2/2 complete in 14 second(s).
++++ frame_probe ID: 1050 receives a frame at time 50.4407s ++++
++++ frame_probe ID: 1060 receives a frame at time 50.4781s ++++
++++ frame_probe ID: 1060 receives a frame at time 50.4812s ++++
++++ backoff ID: 10 starts the 7th backoff. 
