measurement 1/5 complete in 15 second(s).
linux; GNU C++ version 5.4.0 20160609; Boost_105800; UHD_003.009.005-45-g6768a615
linux; GNU C++ version 5.4.0 20160609; Boost_105800; UHD_003.009.005-45-g6768a615


Using Volk machine: avx_64_mmx
-- Opening a USRP2/N-Series device...
Using Volk machine: avx_64_mmx
-- Opening a USRP2/N-Series device...
-- Current recv frame size: 1472 bytes
-- Current send frame size: 1472 bytes
-- Current recv frame size: 1472 bytes
-- Current send frame size: 1472 bytes
measurement 1/5 complete in 14 second(s).
develop_mode of general_timer ID: 1 is activated.
measurement 1/5 complete in 13 second(s).
node starts running at 81.597
general_timer 1 is triggered at time 81.5971 s
timer start time: 81.5972
++++ frame_probe ID: 1050 receives a frame at time 81.7228s ++++
++++ frame_probe ID: 1060 receives a frame at time 81.764s ++++
++++ frame_probe ID: 882 receives a frame at time 81.7692s ++++
++++ frame_probe ID: 883 receives a frame at time 81.7693s ++++
++++ frame_probe ID: 884 receives a frame at time 81.7694s ++++
++++ frame_probe ID: 890 receives a frame at time 81.7694s ++++
++++ frame_probe ID: 1082 receives a frame at time 81.7725s ++++
++++ frame_probe ID: 860 receives a frame at time 81.7768s ++++
INFO: Detected an invalid packet at item 32
INFO: Parser returned #f
INFO: Detected an invalid packet at item 64
INFO: Parser returned #f
++++ frame_probe ID: 1082 receives a frame at time 81.7829s ++++
++++ frame_probe ID: 1083 receives a frame at time ++++ frame_probe ID: 1084 receives a frame at time 81.783s ++++
81.783s ++++
++++ frame_probe ID: 1090 receives a frame at time 81.7831s ++++
++++ frame_probe ID: 1050 receives a frame at time 81.7832s ++++
++++ frame_probe ID: 882 receives a frame at time 81.7892s ++++
++++ frame_probe ID: 1060 receives a frame at time 81.7906s ++++
++++ frame_probe ID: 882 receives a frame at time 81.8273s ++++
++++ frame_probe ID: 883 receives a frame at time 81.8273s ++++
++++ frame_probe ID: 884 receives a frame at time 81.8274s ++++
++++ frame_probe ID: 890 receives a frame at time 81.8274s ++++
++++ frame_probe ID: 1082 receives a frame at time 81.8307s ++++
++++ frame_probe ID: 860 receives a frame at time 81.8346s ++++
INFO: Detected an invalid packet at item 160
INFO: Parser returned #f
INFO: Detected an invalid packet at item 192
INFO: Parser returned #f
++++ frame_probe ID: 1082 receives a frame at time 81.8399s ++++
++++ frame_probe ID: 1083 receives a frame at time 81.8399s ++++
++++ frame_probe ID: 1084 receives a frame at time 81.8399s ++++
++++ frame_probe ID: 1090 receives a frame at time 81.84s ++++
++++ frame_probe ID: 882 receives a frame at time 81.8464s ++++
++++ frame_probe ID: 882 receives a frame at time 81.8557s ++++
++++ frame_probe ID: 1082 receives a frame at time 81.8594s ++++
++++ frame_probe ID: 1083 receives a frame at time 81.8594s ++++
++++ frame_probe ID: 1084 receives a frame at time 81.8595s ++++
++++ frame_probe ID: 1090 receives a frame at time 81.8595s ++++
++++ frame_probe ID: 1050 receives a frame at time 82.0667s ++++
++++ frame_probe ID: 1060 receives a frame at time 82.1077s ++++
++++ frame_probe ID: 882 receives a frame at time 82.1148s ++++
++++ frame_probe ID: 883 receives a frame at time 82.1149s ++++
++++ frame_probe ID: 884 receives a frame at time 82.1149s ++++
++++ frame_probe ID: 890 receives a frame at time 82.115s ++++
++++ frame_probe ID: 1082 receives a frame at time 82.1183s ++++
++++ frame_probe ID: 860 receives a frame at time 82.1222s ++++
INFO: Detected an invalid packet at item 320
INFO: Parser returned #f
INFO: Detected an invalid packet at item 352
INFO: Parser returned #f
++++ frame_probe ID: 1082 receives a frame at time 82.1285s ++++
++++ frame_probe ID: 1083 receives a frame at time 82.1285s ++++
++++ frame_probe ID: 1084 receives a frame at time 82.1286s ++++
++++ frame_probe ID: 1090 receives a frame at time 82.1287s ++++
++++ frame_probe ID: 882 receives a frame at time 82.1335s ++++
++++ frame_probe ID: 882 receives a frame at time 82.1432s ++++
++++ frame_probe ID: 1082 receives a frame at time 82.1476s ++++
++++ frame_probe ID: 1083 receives a frame at time 82.1476s ++++
++++ frame_probe ID: 1084 receives a frame at time 82.1476s ++++
++++ frame_probe ID: 1090 receives a frame at time 82.1477s ++++
measurement 1/5 complete in 12 second(s).
++++ frame_probe ID: 1050 receives a frame at time 82.3631s ++++
++++ frame_probe ID: 1060 receives a frame at time 82.4042s ++++
++++ frame_probe ID: 882 receives a frame at time 82.4119s ++++
++++ frame_probe ID: 883 receives a frame at time 82.4119s ++++
++++ frame_probe ID: 884 receives a frame at time 82.412s ++++
++++ frame_probe ID: 890 receives a frame at time 82.412s ++++
++++ frame_probe ID: 1082 receives a frame at time 82.4159s ++++
++++ frame_probe ID: 860 receives a frame at time 82.4193s ++++
INFO: Detected an invalid packet at item 480
INFO: Parser returned #f
INFO: Detected an invalid packet at item 512
INFO: Parser returned #f
++++ frame_probe ID: 1082 receives a frame at time 82.4254s ++++
++++ frame_probe ID: 1083 receives a frame at time 82.4255s ++++
++++ frame_probe ID: 1084 receives a frame at time 82.4255s ++++
++++ frame_probe ID: 1090 receives a frame at time 82.4256s ++++
++++ frame_probe ID: 1050 receives a frame at time 82.4257s ++++
++++ frame_probe ID: 882 receives a frame at time 82.4316s ++++
++++ frame_probe ID: 1060 receives a frame at time 82.4332s ++++
++++ frame_probe ID: 1082 receives a frame at time 82.4731s ++++
++++ frame_probe ID: 882 receives a frame at time 82.479s ++++
++++ frame_probe ID: 883 receives a frame at time 82.479s ++++
++++ frame_probe ID: 884 receives a frame at time 82.479s ++++
++++ frame_probe ID: 890 receives a frame at time 82.4791s ++++
++++ frame_probe ID: 860 receives a frame at time 82.4862s ++++
INFO: Detected an invalid packet at item 608
INFO: Parser returned #f
INFO: Detected an invalid packet at item 640
INFO: Parser returned #f
++++ frame_probe ID: 1082 receives a frame at time 82.4924s ++++
++++ frame_probe ID: 1083 receives a frame at time 82.4924s ++++
++++ frame_probe ID: 1084 receives a frame at time 82.4925s ++++
++++ frame_probe ID: 1090 receives a frame at time 82.4925s ++++
++++ frame_probe ID: 882 receives a frame at time 82.4982s ++++
++++ frame_probe ID: 882 receives a frame at time 82.5071s ++++
++++ frame_probe ID: 1082 receives a frame at time 82.5111s ++++
++++ frame_probe ID: 1083 receives a frame at time 82.5111s ++++
++++ frame_probe ID: 1084 receives a frame at time 82.5111s ++++
++++ frame_probe ID: 1090 receives a frame at time 82.5112s ++++
measurement 1/5 complete in 11 second(s).
measurement 1/5 complete in 10 second(s).
++++ frame_probe ID: 1050 receives a frame at time 84.7053s ++++
++++ frame_probe ID: 1060 receives a frame at time 84.7463s ++++
++++ frame_probe ID: 882 receives a frame at time 84.7539s ++++
++++ frame_probe ID: 883 receives a frame at time 84.7539s ++++
++++ frame_probe ID: 884 receives a frame at time 84.754s ++++
++++ frame_probe ID: 890 receives a frame at time 84.754s ++++
++++ frame_probe ID: 1082 receives a frame at time 84.7582s ++++
++++ frame_probe ID: 860 receives a frame at time 84.7611s ++++
INFO: Detected an invalid packet at item 768
INFO: Parser returned #f
INFO: Detected an invalid packet at item 800
INFO: Parser returned #f
++++ frame_probe ID: 1082 receives a frame at time 84.7677s ++++
++++ frame_probe ID: 1083 receives a frame at time 84.7678s ++++
++++ frame_probe ID: 1084 receives a frame at time 84.7678s ++++
++++ frame_probe ID: 1090 receives a frame at time 84.768s ++++
++++ frame_probe ID: 882 receives a frame at time 84.7723s ++++
++++ frame_probe ID: 882 receives a frame at time 84.7823s ++++
++++ frame_probe ID: 1082 receives a frame at time 84.7866s ++++
++++ frame_probe ID: 1083 receives a frame at time 84.7867s ++++
++++ frame_probe ID: 1084 receives a frame at time 84.7867s ++++
++++ frame_probe ID: 1090 receives a frame at time 84.7868s ++++
++++ frame_probe ID: 1050 receives a frame at time 85.1834s ++++
measurement 1/5 complete in 9 second(s).
++++ frame_probe ID: 1060 receives a frame at time 85.2243s ++++
++++ frame_probe ID: 1082 receives a frame at time 85.2283s ++++
++++ frame_probe ID: 882 receives a frame at time 85.2331s ++++
++++ frame_probe ID: 883 receives a frame at time 85.2332s ++++
++++ frame_probe ID: 884 receives a frame at time 85.2332s ++++
++++ frame_probe ID: 890 receives a frame at time 85.2333s ++++
++++ frame_probe ID: 860 receives a frame at time 85.2406s ++++
INFO: Detected an invalid packet at item 928
INFO: Parser returned #f
INFO: Detected an invalid packet at item 960
INFO: Parser returned #f
++++ frame_probe ID: 1082 receives a frame at time 85.2475s ++++
++++ frame_probe ID: 1083 receives a frame at time 85.2476s ++++
++++ frame_probe ID: 1084 receives a frame at time 85.2476s ++++
++++ frame_probe ID: 1090 receives a frame at time 85.2477s ++++
++++ frame_probe ID: 882 receives a frame at time 85.2524s ++++
++++ frame_probe ID: 882 receives a frame at time 85.2615s ++++
++++ frame_probe ID: 1082 receives a frame at time 85.2667s ++++
++++ frame_probe ID: 1083 receives a frame at time 85.2667s ++++
++++ frame_probe ID: 1084 receives a frame at time 85.2668s ++++
++++ frame_probe ID: 1090 receives a frame at time 85.2668s ++++
++++ frame_probe ID: 1050 receives a frame at time 85.4701s ++++
++++ frame_probe ID: 1060 receives a frame at time 85.5118s ++++
++++ frame_probe ID: 1082 receives a frame at time 85.5158s ++++
++++ frame_probe ID: 882 receives a frame at time 85.5205s ++++
++++ frame_probe ID: 883 receives a frame at time 85.5205s ++++
++++ frame_probe ID: 884 receives a frame at time 85.5206s ++++
++++ frame_probe ID: 890 receives a frame at time 85.5206s ++++
++++ frame_probe ID: 860 receives a frame at time 85.5277s ++++
INFO: Detected an invalid packet at item 1088
INFO: Parser returned #f
INFO: Detected an invalid packet at item 1120
INFO: Parser returned #f
++++ frame_probe ID: 1082 receives a frame at time 85.5352s ++++
++++ frame_probe ID: 1083 receives a frame at time 85.5352s ++++
++++ frame_probe ID: 1084 receives a frame at time 85.5353s ++++
++++ frame_probe ID: 1090 receives a frame at time 85.5354s ++++
++++ frame_probe ID: 882 receives a frame at time 85.5395s ++++
++++ frame_probe ID: 882 receives a frame at time 85.55s ++++
++++ frame_probe ID: 1082 receives a frame at time 85.5542s ++++
++++ frame_probe ID: 1083 receives a frame at time 85.5543s ++++
++++ frame_probe ID: 1084 receives a frame at time 85.5543s ++++
++++ frame_probe ID: 1090 receives a frame at time 85.5544s ++++
++++ frame_probe ID: 1050 receives a frame at time 85.5689s ++++
++++ frame_probe ID: 1060 receives a frame at time 85.6097s ++++
++++ frame_probe ID: 882 receives a frame at time 85.6159s ++++
++++ frame_probe ID: 883 receives a frame at time 85.616s ++++
++++ frame_probe ID: 884 receives a frame at time 85.616s ++++
++++ frame_probe ID: 890 receives a frame at time 85.616s ++++
++++ frame_probe ID: 1082 receives a frame at time 85.6211s ++++
++++ frame_probe ID: 860 receives a frame at time 85.623s ++++
INFO: Detected an invalid packet at item 1248
INFO: Parser returned #f
INFO: Detected an invalid packet at item 1280
INFO: Parser returned #f
++++ frame_probe ID: 1082 receives a frame at time 85.6309s ++++
++++ frame_probe ID: 1083 receives a frame at time 85.6309s ++++
++++ frame_probe ID: 1084 receives a frame at time 85.631s ++++
++++ frame_probe ID: 1090 receives a frame at time 85.6311s ++++
++++ frame_probe ID: 882 receives a frame at time 85.635s ++++
++++ frame_probe ID: 882 receives a frame at time 85.6455s ++++
++++ frame_probe ID: 1082 receives a frame at time 85.6497s ++++
++++ frame_probe ID: 1083 receives a frame at time 85.6497s ++++
++++ frame_probe ID: 1084 receives a frame at time 85.6497s ++++
++++ frame_probe ID: 1090 receives a frame at time 85.6498s ++++
++++ frame_probe ID: 1050 receives a frame at time 85.6922s ++++
++++ frame_probe ID: 1060 receives a frame at time 85.7332s ++++
++++ frame_probe ID: 882 receives a frame at time 85.741s ++++
++++ frame_probe ID: 883 receives a frame at time 85.7411s ++++
++++ frame_probe ID: 884 receives a frame at time 85.7412s ++++
++++ frame_probe ID: 890 receives a frame at time 85.7412s ++++
++++ frame_probe ID: 1082 receives a frame at time 85.7456s ++++
++++ frame_probe ID: 860 receives a frame at time 85.7483s ++++
INFO: Detected an invalid packet at item 1408
INFO: Parser returned #f
INFO: Detected an invalid packet at item 1440
INFO: Parser returned #f
++++ frame_probe ID: 1082 receives a frame at time 85.755s ++++
++++ frame_probe ID: 1083 receives a frame at time 85.755s ++++
++++ frame_probe ID: 1084 receives a frame at time 85.7551s ++++
++++ frame_probe ID: 1090 receives a frame at time 85.7552s ++++
++++ frame_probe ID: 882 receives a frame at time 85.7594s ++++
++++ frame_probe ID: 882 receives a frame at time 85.7695s ++++
++++ frame_probe ID: 1050 receives a frame at time 85.7712s ++++
++++ frame_probe ID: 1082 receives a frame at time 85.7737s ++++
++++ frame_probe ID: 1083 receives a frame at time 85.7738s ++++
++++ frame_probe ID: 1084 receives a frame at time 85.7738s ++++
++++ frame_probe ID: 1090 receives a frame at time 85.7739s ++++
++++ frame_probe ID: 1060 receives a frame at time 85.8119s ++++
++++ frame_probe ID: 882 receives a frame at time 85.8172s ++++
++++ frame_probe ID: 883 receives a frame at time 85.8172s ++++
++++ frame_probe ID: 884 receives a frame at time 85.8173s ++++
++++ frame_probe ID: 890 receives a frame at time 85.8173s ++++
++++ frame_probe ID: 1082 receives a frame at time 85.8216s ++++
++++ frame_probe ID: 860 receives a frame at time 85.8243s ++++
INFO: Detected an invalid packet at item 1568
INFO: Parser returned #f
INFO: Detected an invalid packet at item 1600
INFO: Parser returned #f
++++ frame_probe ID: 1082 receives a frame at time 85.8308s ++++
++++ frame_probe ID: 1083 receives a frame at time 85.8309s ++++
++++ frame_probe ID: 1084 receives a frame at time 85.8309s ++++
++++ frame_probe ID: 1090 receives a frame at time 85.8309s ++++
++++ frame_probe ID: 882 receives a frame at time 85.8361s ++++
++++ frame_probe ID: 1050 receives a frame at time 85.8419s ++++
++++ frame_probe ID: 882 receives a frame at time 85.8456s ++++
++++ frame_probe ID: 1082 receives a frame at time 85.8503s ++++
++++ frame_probe ID: 1083 receives a frame at time 85.8504s ++++
++++ frame_probe ID: 1084 receives a frame at time 85.8504s ++++
++++ frame_probe ID: 1090 receives a frame at time 85.8504s ++++
++++ frame_probe ID: 1060 receives a frame at time 85.8825s ++++
++++ frame_probe ID: 1082 receives a frame at time 85.8887s ++++
++++ frame_probe ID: 882 receives a frame at time 85.8934s ++++
++++ frame_probe ID: 883 receives a frame at time 85.8935s ++++
++++ frame_probe ID: 884 receives a frame at time 85.8935s ++++
++++ frame_probe ID: 890 receives a frame at time 85.8935s ++++
++++ frame_probe ID: 860 receives a frame at time 85.9006s ++++
INFO: Detected an invalid packet at item 1728
INFO: Parser returned #f
INFO: Detected an invalid packet at item 1760
INFO: Parser returned #f
++++ frame_probe ID: 1082 receives a frame at time 85.908s ++++
++++ frame_probe ID: 1083 receives a frame at time 85.908s ++++
++++ frame_probe ID: 1084 receives a frame at time 85.9081s ++++
++++ frame_probe ID: 1090 receives a frame at time 85.9081s ++++
++++ frame_probe ID: 882 receives a frame at time 85.9124s ++++
++++ frame_probe ID: 882 receives a frame at time 85.9227s ++++
++++ frame_probe ID: 1082 receives a frame at time 85.9268s ++++
++++ frame_probe ID: 1083 receives a frame at time 85.9268s ++++
++++ frame_probe ID: 1084 receives a frame at time 85.9268s ++++
++++ frame_probe ID: 1090 receives a frame at time 85.9269s ++++
++++ frame_probe ID: 1050 receives a frame at time 86.0904s ++++
++++ frame_probe ID: 1060 receives a frame at time 86.1315s ++++
++++ frame_probe ID: 1082 receives a frame at time 86.1376s ++++
++++ frame_probe ID: 882 receives a frame at time 86.1433s ++++
++++ frame_probe ID: 883 receives a frame at time 86.1433s ++++
++++ frame_probe ID: 884 receives a frame at time 86.1434s ++++
++++ frame_probe ID: 890 receives a frame at time 86.1434s ++++
++++ frame_probe ID: 860 receives a frame at time 86.1506s ++++
INFO: Detected an invalid packet at item 1888
INFO: Parser returned #f
INFO: Detected an invalid packet at item 1920
INFO: Parser returned #f
++++ frame_probe ID: 1082 receives a frame at time 86.1577s ++++
++++ frame_probe ID: 1083 receives a frame at time 86.1578s ++++
++++ frame_probe ID: 1084 receives a frame at time 86.1578s ++++
++++ frame_probe ID: 1090 receives a frame at time 86.1579s ++++
++++ frame_probe ID: 882 receives a frame at time 86.163s ++++
++++ frame_probe ID: 882 receives a frame at time 86.1725s ++++
++++ frame_probe ID: 1082 receives a frame at time 86.1768s ++++
++++ frame_probe ID: 1083 receives a frame at time 86.1768s ++++
++++ frame_probe ID: 1084 receives a frame at time 86.1769s ++++
++++ frame_probe ID: 1090 receives a frame at time 86.1769s ++++
measurement 1/5 complete in 8 second(s).
++++ frame_probe ID: 1050 receives a frame at time 86.6428s ++++
++++ frame_probe ID: 1060 receives a frame at time 86.6839s ++++
++++ frame_probe ID: 882 receives a frame at time 86.6907s ++++
++++ frame_probe ID: 883 receives a frame at time 86.6908s ++++
++++ frame_probe ID: 884 receives a frame at time 86.6909s ++++
++++ frame_probe ID: 890 receives a frame at time 86.691s ++++
++++ frame_probe ID: 1082 receives a frame at time 86.6949s ++++
++++ frame_probe ID: 860 receives a frame at time 86.6984s ++++
INFO: Detected an invalid packet at item 2048
INFO: Parser returned #f
INFO: Detected an invalid packet at item 2080
INFO: Parser returned #f
++++ frame_probe ID: 1082 receives a frame at time 86.7044s ++++
++++ frame_probe ID: 1083 receives a frame at time 86.7044s ++++
++++ frame_probe ID: 1084 receives a frame at time 86.7045s ++++
++++ frame_probe ID: 1090 receives a frame at time 86.7046s ++++
++++ frame_probe ID: 882 receives a frame at time 86.7099s ++++
++++ frame_probe ID: 882 receives a frame at time 86.7191s ++++
++++ frame_probe ID: 1082 receives a frame at time 86.7233s ++++
++++ frame_probe ID: 1083 receives a frame at time 86.7233s ++++
++++ frame_probe ID: 1084 receives a frame at time 86.7233s ++++
++++ frame_probe ID: 1090 receives a frame at time 86.7234s ++++
++++ frame_probe ID: 1050 receives a frame at time 86.8425s ++++
++++ frame_probe ID: 1060 receives a frame at time 86.8836s ++++
++++ frame_probe ID: 882 receives a frame at time 86.8921s ++++
++++ frame_probe ID: 883 receives a frame at time 86.8922s ++++
++++ frame_probe ID: 884 receives a frame at time 86.8922s ++++
++++ frame_probe ID: 890 receives a frame at time 86.8923s ++++
++++ frame_probe ID: 1082 receives a frame at time 86.8953s ++++
++++ frame_probe ID: 860 receives a frame at time 86.8995s ++++
INFO: Detected an invalid packet at item 2208
INFO: Parser returned #f
INFO: Detected an invalid packet at item 2240
INFO: Parser returned #f
++++ frame_probe ID: 1082 receives a frame at time 86.9055s ++++
++++ frame_probe ID: 1083 receives a frame at time 86.9056s ++++
++++ frame_probe ID: 1084 receives a frame at time 86.9056s ++++
++++ frame_probe ID: 1090 receives a frame at time 86.9057s ++++
++++ frame_probe ID: 882 receives a frame at time 86.9112s ++++
++++ frame_probe ID: 882 receives a frame at time 86.9202s ++++
++++ frame_probe ID: 1082 receives a frame at time 86.9246s ++++
++++ frame_probe ID: 1083 receives a frame at time 86.9246s ++++
++++ frame_probe ID: 1084 receives a frame at time 86.9246s ++++
++++ frame_probe ID: 1090 receives a frame at time 86.9247s ++++
measurement 1/5 complete in 7 second(s).
++++ frame_probe ID: 1050 receives a frame at time 87.9072s ++++
++++ frame_probe ID: 1060 receives a frame at time 87.9483s ++++
++++ frame_probe ID: 1082 receives a frame at time 87.9509s ++++
++++ frame_probe ID: 882 receives a frame at time 87.9574s ++++
++++ frame_probe ID: 883 receives a frame at time 87.9575s ++++
++++ frame_probe ID: 884 receives a frame at time 87.9575s ++++
++++ frame_probe ID: 890 receives a frame at time 87.9576s ++++
++++ frame_probe ID: 860 receives a frame at time 87.9647s ++++
INFO: Detected an invalid packet at item 2368
INFO: Parser returned #f
INFO: Detected an invalid packet at item 2400
INFO: Parser returned #f
++++ frame_probe ID: 1082 receives a frame at time 87.9712s ++++
++++ frame_probe ID: 1083 receives a frame at time 87.9713s ++++
++++ frame_probe ID: 1084 receives a frame at time 87.9713s ++++
++++ frame_probe ID: 1090 receives a frame at time 87.9714s ++++
++++ frame_probe ID: 882 receives a frame at time 87.9759s ++++
++++ frame_probe ID: 882 receives a frame at time 87.9857s ++++
++++ frame_probe ID: 1082 receives a frame at time 87.9902s ++++
++++ frame_probe ID: 1083 receives a frame at time 87.9903s ++++
++++ frame_probe ID: 1084 receives a frame at time 87.9903s ++++
++++ frame_probe ID: 1090 receives a frame at time 87.9904s ++++
++++ frame_probe ID: 1050 receives a frame at time 87.9906s ++++
++++ frame_probe ID: 1060 receives a frame at time 88.0313s ++++
++++ frame_probe ID: 1082 receives a frame at time 88.0377s ++++
++++ frame_probe ID: 882 receives a frame at time 88.0436s ++++
++++ frame_probe ID: 883 receives a frame at time 88.0436s ++++
++++ frame_probe ID: 884 receives a frame at time 88.0437s ++++
++++ frame_probe ID: 890 receives a frame at time 88.0437s ++++
++++ frame_probe ID: 860 receives a frame at time 88.0508s ++++
INFO: Detected an invalid packet at item 2528
INFO: Parser returned #f
INFO: Detected an invalid packet at item 2560
INFO: Parser returned #f
++++ frame_probe ID: 1082 receives a frame at time 88.0571s ++++
++++ frame_probe ID: 1083 receives a frame at time 88.0572s ++++
++++ frame_probe ID: 1084 receives a frame at time 88.0572s ++++
++++ frame_probe ID: 1090 receives a frame at time 88.0573s ++++
++++ frame_probe ID: 882 receives a frame at time 88.0621s ++++
++++ frame_probe ID: 882 receives a frame at time 88.0719s ++++
++++ frame_probe ID: 1082 receives a frame at time 88.0763s ++++
++++ frame_probe ID: 1083 receives a frame at time 88.0763s ++++
++++ frame_probe ID: 1084 receives a frame at time 88.0763s ++++
++++ frame_probe ID: 1090 receives a frame at time 88.0764s ++++
++++ frame_probe ID: 1050 receives a frame at time 88.117s ++++
++++ frame_probe ID: 1060 receives a frame at time 88.1578s ++++
++++ frame_probe ID: 1082 receives a frame at time 88.1618s ++++
++++ frame_probe ID: 882 receives a frame at time 88.1676s ++++
++++ frame_probe ID: 883 receives a frame at time 88.1676s ++++
++++ frame_probe ID: 884 receives a frame at time 88.1677s ++++
++++ frame_probe ID: 890 receives a frame at time 88.1677s ++++
++++ frame_probe ID: 860 receives a frame at time 88.1747s ++++
INFO: Detected an invalid packet at item 2688
INFO: Parser returned #f
INFO: Detected an invalid packet at item 2720
INFO: Parser returned #f
++++ frame_probe ID: 1082 receives a frame at time 88.1812s ++++
++++ frame_probe ID: 1083 receives a frame at time 88.1812s ++++
++++ frame_probe ID: 1084 receives a frame at time 88.1812s ++++
++++ frame_probe ID: 1090 receives a frame at time 88.1813s ++++
++++ frame_probe ID: 882 receives a frame at time 88.1866s ++++
++++ frame_probe ID: 882 receives a frame at time 88.196s ++++
++++ frame_probe ID: 1082 receives a frame at time 88.1999s ++++
++++ frame_probe ID: 1083 receives a frame at time 88.1999s ++++
++++ frame_probe ID: 1084 receives a frame at time 88.2s ++++
++++ frame_probe ID: 1090 receives a frame at time 88.2s ++++
measurement 1/5 complete in 6 second(s).
++++ frame_probe ID: 1050 receives a frame at time 88.2845s ++++
++++ frame_probe ID: 1060 receives a frame at time 88.3253s ++++
++++ frame_probe ID: 882 receives a frame at time 88.331s ++++
++++ frame_probe ID: 883 receives a frame at time 88.3311s ++++
++++ frame_probe ID: 884 receives a frame at time 88.3311s ++++
++++ frame_probe ID: 890 receives a frame at time 88.3312s ++++
++++ frame_probe ID: 1082 receives a frame at time 88.3346s ++++
++++ frame_probe ID: 860 receives a frame at time 88.3383s ++++
INFO: Detected an invalid packet at item 2848
INFO: Parser returned #f
INFO: Detected an invalid packet at item 2880
INFO: Parser returned #f
++++ frame_probe ID: 1082 receives a frame at time 88.3447s ++++
++++ frame_probe ID: 1083 receives a frame at time 88.3447s ++++
++++ frame_probe ID: 1084 receives a frame at time 88.3447s ++++
++++ frame_probe ID: 1090 receives a frame at time 88.3448s ++++
++++ frame_probe ID: 882 receives a frame at time 88.3494s ++++
++++ frame_probe ID: 882 receives a frame at time 88.3593s ++++
++++ frame_probe ID: 1082 receives a frame at time 88.3634s ++++
++++ frame_probe ID: 1083 receives a frame at time 88.3635s ++++
++++ frame_probe ID: 1084 receives a frame at time 88.3636s ++++
++++ frame_probe ID: 1090 receives a frame at time 88.3636s ++++
++++ frame_probe ID: 1050 receives a frame at time 88.8638s ++++
++++ frame_probe ID: 1060 receives a frame at time 88.9045s ++++
++++ frame_probe ID: 1082 receives a frame at time 88.9109s ++++
++++ frame_probe ID: 882 receives a frame at time 88.9156s ++++
++++ frame_probe ID: 883 receives a frame at time 88.9157s ++++
++++ frame_probe ID: 884 receives a frame at time 88.9157s ++++
++++ frame_probe ID: 890 receives a frame at time 88.9158s ++++
++++ frame_probe ID: 860 receives a frame at time 88.9229s ++++
INFO: Detected an invalid packet at item 3008
INFO: Parser returned #f
INFO: Detected an invalid packet at item 3040
INFO: Parser returned #f
++++ frame_probe ID: 1082 receives a frame at time 88.9302s ++++
++++ frame_probe ID: 1083 receives a frame at time 88.9302s ++++
++++ frame_probe ID: 1084 receives a frame at time 88.9303s ++++
++++ frame_probe ID: 1090 receives a frame at time 88.9304s ++++
++++ frame_probe ID: 882 receives a frame at time 88.9347s ++++
++++ frame_probe ID: 882 receives a frame at time 88.9449s ++++
++++ frame_probe ID: 1082 receives a frame at time 88.9493s ++++
++++ frame_probe ID: 1083 receives a frame at time 88.9493s ++++
++++ frame_probe ID: 1084 receives a frame at time 88.9494s ++++
++++ frame_probe ID: 1090 receives a frame at time 88.9494s ++++
++++ frame_probe ID: 1050 receives a frame at time 89.1203s ++++
++++ frame_probe ID: 1060 receives a frame at time 89.1614s ++++
++++ frame_probe ID: 882 receives a frame at time 89.1653s ++++
++++ frame_probe ID: 883 receives a frame at time 89.1654s ++++
++++ frame_probe ID: 884 receives a frame at time 89.1654s ++++
++++ frame_probe ID: 890 receives a frame at time 89.1655s ++++
++++ frame_probe ID: 1082 receives a frame at time 89.1695s ++++
++++ frame_probe ID: 860 receives a frame at time 89.1727s ++++
INFO: Detected an invalid packet at item 3168
INFO: Parser returned #f
INFO: Detected an invalid packet at item 3200
INFO: Parser returned #f
++++ frame_probe ID: 1082 receives a frame at time 89.1797s ++++
++++ frame_probe ID: 1083 receives a frame at time 89.1798s ++++
++++ frame_probe ID: 1084 receives a frame at time 89.1798s ++++
++++ frame_probe ID: 1090 receives a frame at time 89.1799s ++++
++++ frame_probe ID: 882 receives a frame at time 89.1841s ++++
++++ frame_probe ID: 882 receives a frame at time 89.1945s ++++
++++ frame_probe ID: 1082 receives a frame at time 89.199s ++++
++++ frame_probe ID: 1083 receives a frame at time 89.199s ++++
++++ frame_probe ID: 1084 receives a frame at time 89.199s ++++
++++ frame_probe ID: 1090 receives a frame at time 89.1991s ++++
measurement 1/5 complete in 5 second(s).
++++ frame_probe ID: 1050 receives a frame at time 89.4215s ++++
++++ frame_probe ID: 1060 receives a frame at time 89.4624s ++++
++++ frame_probe ID: 1082 receives a frame at time 89.4673s ++++
++++ frame_probe ID: 882 receives a frame at time 89.4728s ++++
++++ frame_probe ID: 883 receives a frame at time 89.4728s ++++
++++ frame_probe ID: 884 receives a frame at time 89.4729s ++++
++++ frame_probe ID: 890 receives a frame at time 89.4729s ++++
++++ frame_probe ID: 860 receives a frame at time 89.4802s ++++
INFO: Detected an invalid packet at item 3328
INFO: Parser returned #f
INFO: Detected an invalid packet at item 3360
INFO: Parser returned #f
++++ frame_probe ID: 1082 receives a frame at time 89.4864s ++++
++++ frame_probe ID: 1083 receives a frame at time 89.4865s ++++
++++ frame_probe ID: 1084 receives a frame at time 89.4865s ++++
++++ frame_probe ID: 1090 receives a frame at time 89.4866s ++++
++++ frame_probe ID: 882 receives a frame at time 89.4913s ++++
++++ frame_probe ID: 882 receives a frame at time 89.5012s ++++
++++ frame_probe ID: 1082 receives a frame at time 89.5056s ++++
++++ frame_probe ID: 1083 receives a frame at time 89.5056s ++++
++++ frame_probe ID: 1084 receives a frame at time 89.5057s ++++
++++ frame_probe ID: 1090 receives a frame at time 89.5057s ++++
measurement 1/5 complete in 4 second(s).
++++ frame_probe ID: 1050 receives a frame at time 90.4269s ++++
++++ frame_probe ID: 1060 receives a frame at time 90.4678s ++++
++++ frame_probe ID: 1082 receives a frame at time 90.4748s ++++
++++ frame_probe ID: 882 receives a frame at time 90.4804s ++++
++++ frame_probe ID: 884 receives a frame at time 90.4805s ++++
++++ frame_probe ID: 890 receives a frame at time 90.4806s ++++
++++ frame_probe ID: 883 receives a frame at time 90.4806s ++++
++++ frame_probe ID: 860 receives a frame at time 90.4878s ++++
INFO: Detected an invalid packet at item 3488
INFO: Parser returned #f
INFO: Detected an invalid packet at item 3520
INFO: Parser returned #f
++++ frame_probe ID: 1082 receives a frame at time 90.4942s ++++
++++ frame_probe ID: 1083 receives a frame at time 90.4942s ++++
++++ frame_probe ID: 1084 receives a frame at time 90.4943s ++++
++++ frame_probe ID: 1090 receives a frame at time 90.4943s ++++
++++ frame_probe ID: 882 receives a frame at time 90.4998s ++++
++++ frame_probe ID: 882 receives a frame at time 90.5087s ++++
++++ frame_probe ID: 1082 receives a frame at time 90.5131s ++++
++++ frame_probe ID: 1083 receives a frame at time 90.5131s ++++
++++ frame_probe ID: 1084 receives a frame at time 90.5131s ++++
++++ frame_probe ID: 1090 receives a frame at time 90.5132s ++++
++++ frame_probe ID: 1050 receives a frame at time 90.74s ++++
++++ frame_probe ID: 1060 receives a frame at time 90.781s ++++
++++ frame_probe ID: 882 receives a frame at time 90.7873s ++++
++++ frame_probe ID: 883 receives a frame at time 90.7874s ++++
++++ frame_probe ID: 884 receives a frame at time 90.7874s ++++
++++ frame_probe ID: 890 receives a frame at time 90.7874s ++++
++++ frame_probe ID: 1082 receives a frame at time 90.7912s ++++
++++ frame_probe ID: 860 receives a frame at time 90.7945s ++++
INFO: Detected an invalid packet at item 3648
INFO: Parser returned #f
INFO: Detected an invalid packet at item 3680
INFO: Parser returned #f
++++ frame_probe ID: 1082 receives a frame at time 90.8008s ++++
++++ frame_probe ID: 1083 receives a frame at time 90.8008s ++++
++++ frame_probe ID: 1084 receives a frame at time 90.8008s ++++
++++ frame_probe ID: 1090 receives a frame at time 90.8009s ++++
++++ frame_probe ID: 882 receives a frame at time 90.8065s ++++
++++ frame_probe ID: 882 receives a frame at time 90.8155s ++++
++++ frame_probe ID: 1082 receives a frame at time 90.8201s ++++
++++ frame_probe ID: 1083 receives a frame at time 90.8202s ++++
++++ frame_probe ID: 1084 receives a frame at time 90.8202s ++++
++++ frame_probe ID: 1090 receives a frame at time 90.8203s ++++
++++ frame_probe ID: 1050 receives a frame at time 91.0303s ++++
++++ frame_probe ID: 1060 receives a frame at time 91.0713s ++++
++++ frame_probe ID: 882 receives a frame at time 91.0747s ++++
++++ frame_probe ID: 883 receives a frame at time 91.0748s ++++
++++ frame_probe ID: 884 receives a frame at time 91.0748s ++++
++++ frame_probe ID: 890 receives a frame at time 91.0749s ++++
++++ frame_probe ID: 1082 receives a frame at time 91.0789s ++++
++++ frame_probe ID: 860 receives a frame at time 91.082s ++++
INFO: Detected an invalid packet at item 3808
INFO: Parser returned #f
INFO: Detected an invalid packet at item 3840
INFO: Parser returned #f
++++ frame_probe ID: 1082 receives a frame at time 91.0893s ++++
++++ frame_probe ID: 1083 receives a frame at time 91.0894s ++++
++++ frame_probe ID: 1084 receives a frame at time 91.0894s ++++
++++ frame_probe ID: 1090 receives a frame at time 91.0895s ++++
++++ frame_probe ID: 882 receives a frame at time 91.0939s ++++
++++ frame_probe ID: 882 receives a frame at time 91.1033s ++++
++++ frame_probe ID: 1082 receives a frame at time 91.1082s ++++
++++ frame_probe ID: 1083 receives a frame at time 91.1083s ++++
++++ frame_probe ID: 1084 receives a frame at time 91.1083s ++++
++++ frame_probe ID: 1090 receives a frame at time 91.1084s ++++
measurement 1/5 complete in 3 second(s).
++++ frame_probe ID: 1050 receives a frame at time 91.3039s ++++
++++ frame_probe ID: 1060 receives a frame at time 91.3449s ++++
++++ frame_probe ID: 882 receives a frame at time 91.3524s ++++
++++ frame_probe ID: 883 receives a frame at time 91.3525s ++++
++++ frame_probe ID: 884 receives a frame at time 91.3525s ++++
++++ frame_probe ID: 890 receives a frame at time 91.3526s ++++
++++ frame_probe ID: 1082 receives a frame at time 91.3579s ++++
++++ frame_probe ID: 860 receives a frame at time 91.3597s ++++
INFO: Detected an invalid packet at item 3968
INFO: Parser returned #f
INFO: Detected an invalid packet at item 4000
INFO: Parser returned #f
++++ frame_probe ID: 1082 receives a frame at time 91.368s ++++
++++ frame_probe ID: 1083 receives a frame at time 91.3681s ++++
++++ frame_probe ID: 1084 receives a frame at time 91.3681s ++++
++++ frame_probe ID: 1090 receives a frame at time 91.3682s ++++
++++ frame_probe ID: 882 receives a frame at time 91.3713s ++++
++++ frame_probe ID: 882 receives a frame at time 91.3818s ++++
++++ frame_probe ID: 1082 receives a frame at time 91.3869s ++++
++++ frame_probe ID: 1083 receives a frame at time 91.387s ++++
++++ frame_probe ID: 1084 receives a frame at time 91.387s ++++
++++ frame_probe ID: 1090 receives a frame at time 91.3871s ++++
++++ frame_probe ID: 1050 receives a frame at time 91.5733s ++++
++++ frame_probe ID: 1060 receives a frame at time 91.6142s ++++
++++ frame_probe ID: 882 receives a frame at time 91.6212s ++++
++++ frame_probe ID: 883 receives a frame at time 91.6212s ++++
++++ frame_probe ID: 884 receives a frame at time 91.6213s ++++
++++ frame_probe ID: 890 receives a frame at time 91.6213s ++++
++++ frame_probe ID: 1082 receives a frame at time 91.6264s ++++
++++ frame_probe ID: 860 receives a frame at time 91.6285s ++++
INFO: Detected an invalid packet at item 4128
INFO: Parser returned #f
INFO: Detected an invalid packet at item 4160
INFO: Parser returned #f
++++ frame_probe ID: 1082 receives a frame at time 91.6365s ++++
++++ frame_probe ID: 1083 receives a frame at time 91.6366s ++++
++++ frame_probe ID: 1084 receives a frame at time 91.6366s ++++
++++ frame_probe ID: 1090 receives a frame at time 91.6367s ++++
++++ frame_probe ID: 882 receives a frame at time 91.6411s ++++
++++ frame_probe ID: 882 receives a frame at time 91.6504s ++++
++++ frame_probe ID: 1082 receives a frame at time 91.6555s ++++
++++ frame_probe ID: 1084 receives a frame at time ++++ frame_probe ID: 1083 receives a frame at time 91.6555s ++++
91.6555s ++++
++++ frame_probe ID: 1090 receives a frame at time 91.6556s ++++
++++ frame_probe ID: 1050 receives a frame at time 91.7245s ++++
++++ frame_probe ID: 1060 receives a frame at time 91.7654s ++++
++++ frame_probe ID: 1082 receives a frame at time 91.7703s ++++
++++ frame_probe ID: 882 receives a frame at time 91.7753s ++++
++++ frame_probe ID: 883 receives a frame at time 91.7754s ++++
++++ frame_probe ID: 884 receives a frame at time 91.7754s ++++
++++ frame_probe ID: 890 receives a frame at time 91.7755s ++++
++++ frame_probe ID: 860 receives a frame at time 91.7826s ++++
INFO: Detected an invalid packet at item 4288
INFO: Parser returned #f
INFO: Detected an invalid packet at item 4320
INFO: Parser returned #f
++++ frame_probe ID: 1082 receives a frame at time 91.7899s ++++
++++ frame_probe ID: 1083 receives a frame at time 91.79s ++++
++++ frame_probe ID: 1084 receives a frame at time 91.7901s ++++
++++ frame_probe ID: 1090 receives a frame at time 91.7902s ++++
++++ frame_probe ID: 882 receives a frame at time 91.7947s ++++
++++ frame_probe ID: 882 receives a frame at time 91.8038s ++++
++++ frame_probe ID: 1082 receives a frame at time 91.8089s ++++
++++ frame_probe ID: 1083 receives a frame at time 91.8089s ++++
++++ frame_probe ID: 1084 receives a frame at time 91.809s ++++
++++ frame_probe ID: 1090 receives a frame at time 91.809s ++++
++++ frame_probe ID: 1050 receives a frame at time 92.0935s ++++
++++ frame_probe ID: 1060 receives a frame at time 92.1344s ++++
++++ frame_probe ID: 882 receives a frame at time 92.1392s ++++
++++ frame_probe ID: 883 receives a frame at time 92.1393s ++++
++++ frame_probe ID: 884 receives a frame at time 92.1393s ++++
++++ frame_probe ID: 890 receives a frame at time 92.1394s ++++
++++ frame_probe ID: 1082 receives a frame at time 92.1446s ++++
++++ frame_probe ID: 860 receives a frame at time 92.1465s ++++
INFO: Detected an invalid packet at item 4448
INFO: Parser returned #f
INFO: Detected an invalid packet at item 4480
INFO: Parser returned #f
++++ frame_probe ID: 1082 receives a frame at time 92.1547s ++++
++++ frame_probe ID: 1083 receives a frame at time 92.1547s ++++
++++ frame_probe ID: 1084 receives a frame at time 92.1547s ++++
++++ frame_probe ID: 1090 receives a frame at time 92.1548s ++++
++++ frame_probe ID: 1050 receives a frame at time 92.1549s ++++
++++ frame_probe ID: 882 receives a frame at time 92.1589s ++++
++++ frame_probe ID: 1060 receives a frame at time 92.1623s ++++
++++ frame_probe ID: 1082 receives a frame at time 92.2024s ++++
++++ frame_probe ID: 882 receives a frame at time 92.2063s ++++
++++ frame_probe ID: 883 receives a frame at time 92.2064s ++++
++++ frame_probe ID: 884 receives a frame at time 92.2064s ++++
++++ frame_probe ID: 890 receives a frame at time 92.2064s ++++
measurement 1/5 complete in 2 second(s).
++++ frame_probe ID: 860 receives a frame at time 92.2135s ++++
INFO: Detected an invalid packet at item 4576
INFO: Parser returned #f
INFO: Detected an invalid packet at item 4608
INFO: Parser returned #f
++++ frame_probe ID: 1082 receives a frame at time 92.2219s ++++
++++ frame_probe ID: 1083 receives a frame at time 92.222s ++++
++++ frame_probe ID: 1084 receives a frame at time 92.222s ++++
++++ frame_probe ID: 1090 receives a frame at time 92.2221s ++++
++++ frame_probe ID: 882 receives a frame at time 92.2262s ++++
++++ frame_probe ID: 882 receives a frame at time 92.2357s ++++
++++ frame_probe ID: 1082 receives a frame at time 92.2409s ++++
++++ frame_probe ID: 1083 receives a frame at time 92.2409s ++++
++++ frame_probe ID: 1084 receives a frame at time 92.241s ++++
++++ frame_probe ID: 1090 receives a frame at time 92.241s ++++
++++ frame_probe ID: 1050 receives a frame at time 92.5089s ++++
++++ frame_probe ID: 1060 receives a frame at time 92.5497s ++++
++++ frame_probe ID: 1082 receives a frame at time 92.5572s ++++
++++ frame_probe ID: 882 receives a frame at time 92.5621s ++++
++++ frame_probe ID: 883 receives a frame at time 92.5622s ++++
++++ frame_probe ID: 884 receives a frame at time 92.5622s ++++
++++ frame_probe ID: 890 receives a frame at time 92.5622s ++++
++++ frame_probe ID: 860 receives a frame at time 92.5694s ++++
INFO: Detected an invalid packet at item 4736
INFO: Parser returned #f
INFO: Detected an invalid packet at item 4768
INFO: Parser returned #f
++++ frame_probe ID: 1082 receives a frame at time 92.5765s ++++
++++ frame_probe ID: 1083 receives a frame at time 92.5765s ++++
++++ frame_probe ID: 1084 receives a frame at time 92.5765s ++++
++++ frame_probe ID: 1090 receives a frame at time 92.5766s ++++
++++ frame_probe ID: 1050 receives a frame at time 92.5767s ++++
++++ frame_probe ID: 882 receives a frame at time 92.5815s ++++
++++ frame_probe ID: 1060 receives a frame at time 92.5841s ++++
++++ frame_probe ID: 1082 receives a frame at time 92.6243s ++++
++++ frame_probe ID: 882 receives a frame at time 92.6282s ++++
++++ frame_probe ID: 883 receives a frame at time 92.6282s ++++
++++ frame_probe ID: 884 receives a frame at time 92.6282s ++++
++++ frame_probe ID: 890 receives a frame at time 92.6283s ++++
++++ frame_probe ID: 860 receives a frame at time 92.6353s ++++
INFO: Detected an invalid packet at item 4864
INFO: Parser returned #f
INFO: Detected an invalid packet at item 4896
INFO: Parser returned #f
++++ frame_probe ID: 1082 receives a frame at time 92.6436s ++++
++++ frame_probe ID: 1083 receives a frame at time 92.6437s ++++
++++ frame_probe ID: 1084 receives a frame at time 92.6437s ++++
++++ frame_probe ID: 1090 receives a frame at time 92.6438s ++++
++++ frame_probe ID: 1050 receives a frame at time 92.6439s ++++
++++ frame_probe ID: 882 receives a frame at time 92.648s ++++
++++ frame_probe ID: 1060 receives a frame at time 92.6512s ++++
++++ frame_probe ID: 1082 receives a frame at time 92.6915s ++++
++++ frame_probe ID: 882 receives a frame at time 92.6954s ++++
++++ frame_probe ID: 883 receives a frame at time 92.6954s ++++
++++ frame_probe ID: 884 receives a frame at time 92.6955s ++++
++++ frame_probe ID: 890 receives a frame at time 92.6955s ++++
++++ frame_probe ID: 860 receives a frame at time 92.7027s ++++
INFO: Detected an invalid packet at item 4992
INFO: Parser returned #f
INFO: Detected an invalid packet at item 5024
INFO: Parser returned #f
++++ frame_probe ID: 1082 receives a frame at time 92.711s ++++
++++ frame_probe ID: 1083 receives a frame at time 92.711s ++++
++++ frame_probe ID: 1084 receives a frame at time 92.711s ++++
++++ frame_probe ID: 1090 receives a frame at time 92.7111s ++++
++++ frame_probe ID: 882 receives a frame at time 92.7153s ++++
++++ frame_probe ID: 882 receives a frame at time 92.725s ++++
++++ frame_probe ID: 1082 receives a frame at time 92.7301s ++++
++++ frame_probe ID: 1083 receives a frame at time 92.7302s ++++
++++ frame_probe ID: 1084 receives a frame at time 92.7302s ++++
++++ frame_probe ID: 1090 receives a frame at time 92.7302s ++++
++++ frame_probe ID: 1050 receives a frame at time 92.7319s ++++
++++ frame_probe ID: 1060 receives a frame at time 92.7728s ++++
++++ frame_probe ID: 1082 receives a frame at time 92.7777s ++++
++++ frame_probe ID: 882 receives a frame at time 92.7827s ++++
++++ frame_probe ID: 883 receives a frame at time 92.7828s ++++
++++ frame_probe ID: 884 receives a frame at time 92.7828s ++++
++++ frame_probe ID: 890 receives a frame at time 92.7829s ++++
++++ frame_probe ID: 860 receives a frame at time 92.79s ++++
INFO: Detected an invalid packet at item 5152
INFO: Parser returned #f
INFO: Detected an invalid packet at item 5184
INFO: Parser returned #f
++++ frame_probe ID: 1082 receives a frame at time 92.7971s ++++
++++ frame_probe ID: 1083 receives a frame at time 92.7971s ++++
++++ frame_probe ID: 1084 receives a frame at time 92.7972s ++++
++++ frame_probe ID: 1090 receives a frame at time 92.7972s ++++
++++ frame_probe ID: 882 receives a frame at time 92.8018s ++++
++++ frame_probe ID: 882 receives a frame at time 92.8109s ++++
++++ frame_probe ID: 1082 receives a frame at time 92.8161s ++++
++++ frame_probe ID: 1083 receives a frame at time 92.8161s ++++
++++ frame_probe ID: 1084 receives a frame at time 92.8162s ++++
++++ frame_probe ID: 1090 receives a frame at time 92.8162s ++++
++++ frame_probe ID: 1050 receives a frame at time 93.0705s ++++
++++ frame_probe ID: 1060 receives a frame at time 93.1114s ++++
++++ frame_probe ID: 882 receives a frame at time 93.1176s ++++
++++ frame_probe ID: 883 receives a frame at time 93.1177s ++++
++++ frame_probe ID: 884 receives a frame at time 93.1177s ++++
++++ frame_probe ID: 890 receives a frame at time 93.1177s ++++
++++ frame_probe ID: 1082 receives a frame at time 93.1227s ++++
++++ frame_probe ID: 860 receives a frame at time 93.1249s ++++
INFO: Detected an invalid packet at item 5312
INFO: Parser returned #f
INFO: Detected an invalid packet at item 5344
INFO: Parser returned #f
++++ frame_probe ID: 1082 receives a frame at time 93.133s ++++
++++ frame_probe ID: 1083 receives a frame at time 93.1331s ++++
++++ frame_probe ID: 1084 receives a frame at time 93.1331s ++++
++++ frame_probe ID: 1090 receives a frame at time 93.1332s ++++
++++ frame_probe ID: 882 receives a frame at time 93.1373s ++++
++++ frame_probe ID: 882 receives a frame at time 93.1471s ++++
++++ frame_probe ID: 1082 receives a frame at time 93.152s ++++
++++ frame_probe ID: 1083 receives a frame at time 93.1521s ++++
++++ frame_probe ID: 1084 receives a frame at time 93.1521s ++++
++++ frame_probe ID: 1090 receives a frame at time 93.1522s ++++
++++ frame_probe ID: 1050 receives a frame at time 93.1658s ++++
++++ frame_probe ID: 1060 receives a frame at time 93.2066s ++++
measurement 1/5 complete in 1 second(s).
++++ frame_probe ID: 882 receives a frame at time 93.2136s ++++
++++ frame_probe ID: 883 receives a frame at time 93.2137s ++++
++++ frame_probe ID: 884 receives a frame at time 93.2137s ++++
++++ frame_probe ID: 890 receives a frame at time 93.2137s ++++
++++ frame_probe ID: 1082 receives a frame at time 93.2192s ++++
++++ frame_probe ID: 860 receives a frame at time 93.2209s ++++
INFO: Detected an invalid packet at item 5472
INFO: Parser returned #f
INFO: Detected an invalid packet at item 5504
INFO: Parser returned #f
++++ frame_probe ID: 1082 receives a frame at time 93.2285s ++++
++++ frame_probe ID: 1083 receives a frame at time 93.2285s ++++
++++ frame_probe ID: 1084 receives a frame at time 93.2286s ++++
++++ frame_probe ID: 1090 receives a frame at time 93.2287s ++++
++++ frame_probe ID: 882 receives a frame at time 93.2326s ++++
++++ frame_probe ID: 882 receives a frame at time 93.2431s ++++
++++ frame_probe ID: 1082 receives a frame at time 93.2472s ++++
++++ frame_probe ID: 1083 receives a frame at time 93.2473s ++++
++++ frame_probe ID: 1084 receives a frame at time 93.2473s ++++
++++ frame_probe ID: 1090 receives a frame at time 93.2474s ++++
++++ frame_probe ID: 1050 receives a frame at time 93.2995s ++++
++++ frame_probe ID: 1060 receives a frame at time 93.3403s ++++
++++ frame_probe ID: 882 receives a frame at time 93.348s ++++
++++ frame_probe ID: 883 receives a frame at time 93.348s ++++
++++ frame_probe ID: 884 receives a frame at time 93.3481s ++++
++++ frame_probe ID: 890 receives a frame at time 93.3481s ++++
++++ frame_probe ID: 1082 receives a frame at time 93.3531s ++++
++++ frame_probe ID: 860 receives a frame at time 93.3552s ++++
INFO: Detected an invalid packet at item 5632
INFO: Parser returned #f
INFO: Detected an invalid packet at item 5664
INFO: Parser returned #f
++++ frame_probe ID: 1082 receives a frame at time 93.3626s ++++
++++ frame_probe ID: 1083 receives a frame at time 93.3627s ++++
++++ frame_probe ID: 1084 receives a frame at time 93.3627s ++++
++++ frame_probe ID: 1090 receives a frame at time 93.3628s ++++
++++ frame_probe ID: 882 receives a frame at time 93.3667s ++++
++++ frame_probe ID: 882 receives a frame at time 93.3771s ++++
++++ frame_probe ID: 1082 receives a frame at time 93.3815s ++++
++++ frame_probe ID: 1083 receives a frame at time 93.3815s ++++
++++ frame_probe ID: 1084 receives a frame at time 93.3816s ++++
++++ frame_probe ID: 1090 receives a frame at time 93.3816s ++++
++++ frame_probe ID: 1050 receives a frame at time 93.4918s ++++
++++ frame_probe ID: 1060 receives a frame at time 93.5329s ++++
++++ frame_probe ID: 882 receives a frame at time 93.5404s ++++
++++ frame_probe ID: 883 receives a frame at time 93.5404s ++++
++++ frame_probe ID: 884 receives a frame at time 93.5404s ++++
++++ frame_probe ID: 890 receives a frame at time 93.5405s ++++
++++ frame_probe ID: 1082 receives a frame at time 93.5445s ++++
++++ frame_probe ID: 860 receives a frame at time 93.5476s ++++
INFO: Detected an invalid packet at item 5792
INFO: Parser returned #f
INFO: Detected an invalid packet at item 5824
INFO: Parser returned #f
++++ frame_probe ID: 1082 receives a frame at time 93.554s ++++
++++ frame_probe ID: 1083 receives a frame at time 93.5541s ++++
++++ frame_probe ID: 1084 receives a frame at time 93.5541s ++++
++++ frame_probe ID: 1090 receives a frame at time 93.5542s ++++
++++ frame_probe ID: 882 receives a frame at time 93.5587s ++++
++++ frame_probe ID: 882 receives a frame at time 93.5686s ++++
++++ frame_probe ID: 1082 receives a frame at time 93.5731s ++++
++++ frame_probe ID: 1083 receives a frame at time 93.5731s ++++
++++ frame_probe ID: 1084 receives a frame at time 93.5732s ++++
++++ frame_probe ID: 1090 receives a frame at time 93.5732s ++++
++++ frame_probe ID: 1050 receives a frame at time 94.1468s ++++
++++ frame_probe ID: 1060 receives a frame at time 94.1879s ++++
++++ frame_probe ID: 882 receives a frame at time 94.1932s ++++
++++ frame_probe ID: 883 receives a frame at time 94.1932s ++++
++++ frame_probe ID: 884 receives a frame at time 94.1933s ++++
++++ frame_probe ID: 890 receives a frame at time 94.1933s ++++
++++ frame_probe ID: 1082 receives a frame at time 94.1963s ++++
++++ frame_probe ID: 860 receives a frame at time 94.2005s ++++
INFO: Detected an invalid packet at item 5952
INFO: Parser returned #f
INFO: Detected an invalid packet at item 5984
INFO: Parser returned #f
++++ frame_probe ID: 1082 receives a frame at time 94.2068s ++++
++++ frame_probe ID: 1083 receives a frame at time 94.2068s ++++
++++ frame_probe ID: 1084 receives a frame at time 94.2069s ++++
++++ frame_probe ID: 1090 receives a frame at time 94.2069s ++++
measurement 1 raw data directory created /home/inets/0_ba/bachelor_thesis/measurements/debug/data/33/1/.
regex pattern is: _________________________________
*_1.txt
/home/inets/source/gr-inets/results
2017_8_9_17_39_19_block1050_sender_bfr_dq_1.txt 2017_8_9_17_39_19_block1060_sender_data_sent_1.txt 2017_8_9_17_39_19_block1082_sender_frame_received_1.txt 2017_8_9_17_39_19_block1083_sender_frame_analyzed_1.txt 2017_8_9_17_39_19_block1084_sender_frame_checked_good_1.txt 2017_8_9_17_39_19_block1090_sender_ack_received_1.txt 2017_8_9_17_39_19_block860_receiver_ack_sent_1.txt 2017_8_9_17_39_19_block882_receiver_frame_received_1.txt 2017_8_9_17_39_19_block883_receiver_frame_analyzed_1.txt 2017_8_9_17_39_19_block884_sender_frame_checked_good_1.txt 2017_8_9_17_39_19_block890_receiver_data_received_1.txt 2017_8_9_17_39_19_counter100_sender_retransmissions_1.txt receiver_ack_sent_1.txt receiver_data_received_1.txt receiver_frame_analyzed_1.txt receiver_frame_received_1.txt sender_ack_received_1.txt sender_bfr_dq_1.txt sender_data_sent_1.txt sender_frame_analyzed_1.txt sender_frame_checked_good_1.txt sender_frame_received_1.txt sender_retransmissions_1.txt
'2017_8_9_17_39_19_block1050_sender_bfr_dq_1.txt' -> '/home/inets/0_ba/bachelor_thesis/measurements/debug/data/33/1/2017_8_9_17_39_19_block1050_sender_bfr_dq_1.txt'
'2017_8_9_17_39_19_block1060_sender_data_sent_1.txt' -> '/home/inets/0_ba/bachelor_thesis/measurements/debug/data/33/1/2017_8_9_17_39_19_block1060_sender_data_sent_1.txt'
'2017_8_9_17_39_19_block1082_sender_frame_received_1.txt' -> '/home/inets/0_ba/bachelor_thesis/measurements/debug/data/33/1/2017_8_9_17_39_19_block1082_sender_frame_received_1.txt'
'2017_8_9_17_39_19_block1083_sender_frame_analyzed_1.txt' -> '/home/inets/0_ba/bachelor_thesis/measurements/debug/data/33/1/2017_8_9_17_39_19_block1083_sender_frame_analyzed_1.txt'
'2017_8_9_17_39_19_block1084_sender_frame_checked_good_1.txt' -> '/home/inets/0_ba/bachelor_thesis/measurements/debug/data/33/1/2017_8_9_17_39_19_block1084_sender_frame_checked_good_1.txt'
'2017_8_9_17_39_19_block1090_sender_ack_received_1.txt' -> '/home/inets/0_ba/bachelor_thesis/measurements/debug/data/33/1/2017_8_9_17_39_19_block1090_sender_ack_received_1.txt'
'2017_8_9_17_39_19_block860_receiver_ack_sent_1.txt' -> '/home/inets/0_ba/bachelor_thesis/measurements/debug/data/33/1/2017_8_9_17_39_19_block860_receiver_ack_sent_1.txt'
'2017_8_9_17_39_19_block882_receiver_frame_received_1.txt' -> '/home/inets/0_ba/bachelor_thesis/measurements/debug/data/33/1/2017_8_9_17_39_19_block882_receiver_frame_received_1.txt'
'2017_8_9_17_39_19_block883_receiver_frame_analyzed_1.txt' -> '/home/inets/0_ba/bachelor_thesis/measurements/debug/data/33/1/2017_8_9_17_39_19_block883_receiver_frame_analyzed_1.txt'
'2017_8_9_17_39_19_block884_sender_frame_checked_good_1.txt' -> '/home/inets/0_ba/bachelor_thesis/measurements/debug/data/33/1/2017_8_9_17_39_19_block884_sender_frame_checked_good_1.txt'
'2017_8_9_17_39_19_block890_receiver_data_received_1.txt' -> '/home/inets/0_ba/bachelor_thesis/measurements/debug/data/33/1/2017_8_9_17_39_19_block890_receiver_data_received_1.txt'
'2017_8_9_17_39_19_counter100_sender_retransmissions_1.txt' -> '/home/inets/0_ba/bachelor_thesis/measurements/debug/data/33/1/2017_8_9_17_39_19_counter100_sender_retransmissions_1.txt'
'receiver_ack_sent_1.txt' -> '/home/inets/0_ba/bachelor_thesis/measurements/debug/data/33/1/receiver_ack_sent_1.txt'
'receiver_data_received_1.txt' -> '/home/inets/0_ba/bachelor_thesis/measurements/debug/data/33/1/receiver_data_received_1.txt'
'receiver_frame_analyzed_1.txt' -> '/home/inets/0_ba/bachelor_thesis/measurements/debug/data/33/1/receiver_frame_analyzed_1.txt'
'receiver_frame_received_1.txt' -> '/home/inets/0_ba/bachelor_thesis/measurements/debug/data/33/1/receiver_frame_received_1.txt'
'sender_ack_received_1.txt' -> '/home/inets/0_ba/bachelor_thesis/measurements/debug/data/33/1/sender_ack_received_1.txt'
'sender_bfr_dq_1.txt' -> '/home/inets/0_ba/bachelor_thesis/measurements/debug/data/33/1/sender_bfr_dq_1.txt'
'sender_data_sent_1.txt' -> '/home/inets/0_ba/bachelor_thesis/measurements/debug/data/33/1/sender_data_sent_1.txt'
'sender_frame_analyzed_1.txt' -> '/home/inets/0_ba/bachelor_thesis/measurements/debug/data/33/1/sender_frame_analyzed_1.txt'
'sender_frame_checked_good_1.txt' -> '/home/inets/0_ba/bachelor_thesis/measurements/debug/data/33/1/sender_frame_checked_good_1.txt'
'sender_frame_received_1.txt' -> '/home/inets/0_ba/bachelor_thesis/measurements/debug/data/33/1/sender_frame_received_1.txt'
'sender_retransmissions_1.txt' -> '/home/inets/0_ba/bachelor_thesis/measurements/debug/data/33/1/sender_retransmissions_1.txt'
measurement 1 raw data moved to /home/inets/0_ba/bachelor_thesis/measurements/debug/data/33/1/.

measurement 2/5 complete in 15 second(s).
linux; GNU C++ version 5.4.0 20160609; Boost_105800; UHD_003.009.005-45-g6768a615

linux; GNU C++ version 5.4.0 20160609; Boost_105800; UHD_003.009.005-45-g6768a615

Using Volk machine: avx_64_mmx
-- Opening a USRP2/N-Series device...
Using Volk machine: avx_64_mmx
-- Opening a USRP2/N-Series device...
-- Current recv frame size: 1472 bytes
-- Current send frame size: 1472 bytes
-- Current recv frame size: 1472 bytes
-- Current send frame size: 1472 bytes
measurement 2/5 complete in 14 second(s).
develop_mode of general_timer ID: 1 is activated.
measurement 2/5 complete in 13 second(s).
node starts running at 96.6375
general_timer 1 is triggered at time 96.6376 s
timer start time: 96.6378
++++ frame_probe ID: 1050 receives a frame at time 97.1162s ++++
++++ frame_probe ID: 1060 receives a frame at time 97.1574s ++++
++++ frame_probe ID: 882 receives a frame at time 97.16s ++++
++++ frame_probe ID: 883 receives a frame at time 97.1601s ++++
++++ frame_probe ID: 884 receives a frame at time 97.1601s ++++
++++ frame_probe ID: 890 receives a frame at time 97.1601s ++++
++++ frame_probe ID: 1082 receives a frame at time 97.1666s ++++
++++ frame_probe ID: 860 receives a frame at time 97.1674s ++++
INFO: Detected an invalid packet at item 32
INFO: Parser returned #f
INFO: Detected an invalid packet at item 64
INFO: Parser returned #f
++++ frame_probe ID: 1082 receives a frame at time 97.1758s ++++
++++ frame_probe ID: 1083 receives a frame at time 97.1759s ++++
++++ frame_probe ID: 1084 receives a frame at time 97.1759s ++++
++++ frame_probe ID: 1090 receives a frame at time 97.176s ++++
++++ frame_probe ID: 882 receives a frame at time 97.1797s ++++
++++ frame_probe ID: 1050 receives a frame at time 97.1828s ++++
++++ frame_probe ID: 882 receives a frame at time 97.1892s ++++
++++ frame_probe ID: 1082 receives a frame at time 97.1956s ++++
++++ frame_probe ID: 1083 receives a frame at time ++++ frame_probe ID: 1084 receives a frame at time 97.1957s ++++
97.1957s ++++
++++ frame_probe ID: 1090 receives a frame at time 97.1958s ++++
++++ frame_probe ID: 1060 receives a frame at time 97.2236s ++++
measurement 2/5 complete in 12 second(s).
++++ frame_probe ID: 882 receives a frame at time 97.227s ++++
++++ frame_probe ID: 883 receives a frame at time 97.227s ++++
++++ frame_probe ID: 884 receives a frame at time 97.2271s ++++
++++ frame_probe ID: 890 receives a frame at time 97.2271s ++++
++++ frame_probe ID: 1082 receives a frame at time 97.2334s ++++
++++ frame_probe ID: 860 receives a frame at time 97.2342s ++++
INFO: Detected an invalid packet at item 192
INFO: Parser returned #f
INFO: Detected an invalid packet at item 224
INFO: Parser returned #f
++++ frame_probe ID: 1082 receives a frame at time 97.2428s ++++
++++ frame_probe ID: 1083 receives a frame at time 97.2428s ++++
++++ frame_probe ID: 1084 receives a frame at time 97.2429s ++++
++++ frame_probe ID: 1090 receives a frame at time 97.2429s ++++
++++ frame_probe ID: 882 receives a frame at time 97.2467s ++++
++++ frame_probe ID: 882 receives a frame at time 97.2562s ++++
++++ frame_probe ID: 1082 receives a frame at time 97.2623s ++++
++++ frame_probe ID: 1083 receives a frame at time 97.2623s ++++
++++ frame_probe ID: 1084 receives a frame at time 97.2624s ++++
++++ frame_probe ID: 1090 receives a frame at time 97.2624s ++++
++++ frame_probe ID: 1050 receives a frame at time 97.2698s ++++
++++ frame_probe ID: 1060 receives a frame at time 97.3104s ++++
++++ frame_probe ID: 882 receives a frame at time 97.3142s ++++
++++ frame_probe ID: 883 receives a frame at time 97.3142s ++++
++++ frame_probe ID: 884 receives a frame at time 97.3143s ++++
++++ frame_probe ID: 890 receives a frame at time 97.3143s ++++
++++ frame_probe ID: 1082 receives a frame at time 97.3198s ++++
++++ frame_probe ID: 860 receives a frame at time 97.3214s ++++
INFO: Detected an invalid packet at item 352
INFO: Parser returned #f
INFO: Detected an invalid packet at item 384
INFO: Parser returned #f
++++ frame_probe ID: 1082 receives a frame at time 97.3299s ++++
++++ frame_probe ID: 1083 receives a frame at time 97.3299s ++++
++++ frame_probe ID: 1084 receives a frame at time 97.33s ++++
++++ frame_probe ID: 1090 receives a frame at time 97.33s ++++
++++ frame_probe ID: 1050 receives a frame at time 97.3301s ++++
++++ frame_probe ID: 882 receives a frame at time 97.3325s ++++
++++ frame_probe ID: 1060 receives a frame at time 97.3373s ++++
++++ frame_probe ID: 1082 receives a frame at time 97.3767s ++++
++++ frame_probe ID: 882 receives a frame at time 97.3803s ++++
++++ frame_probe ID: 883 receives a frame at time 97.3804s ++++
++++ frame_probe ID: 884 receives a frame at time 97.3804s ++++
++++ frame_probe ID: 890 receives a frame at time 97.3805s ++++
++++ frame_probe ID: 860 receives a frame at time 97.3875s ++++
INFO: Detected an invalid packet at item 480
INFO: Parser returned #f
INFO: Detected an invalid packet at item 512
INFO: Parser returned #f
++++ frame_probe ID: 1082 receives a frame at time 97.3961s ++++
++++ frame_probe ID: 1083 receives a frame at time 97.3962s ++++
++++ frame_probe ID: 1084 receives a frame at time 97.3962s ++++
++++ frame_probe ID: 1090 receives a frame at time 97.3962s ++++
++++ frame_probe ID: 1050 receives a frame at time 97.3963s ++++
++++ frame_probe ID: 882 receives a frame at time 97.3996s ++++
++++ frame_probe ID: 1060 receives a frame at time 97.4035s ++++
++++ frame_probe ID: 1082 receives a frame at time 97.4441s ++++
++++ frame_probe ID: 882 receives a frame at time 97.4475s ++++
++++ frame_probe ID: 883 receives a frame at time 97.4475s ++++
++++ frame_probe ID: 884 receives a frame at time 97.4476s ++++
++++ frame_probe ID: 890 receives a frame at time 97.4476s ++++
++++ frame_probe ID: 860 receives a frame at time 97.4545s ++++
INFO: Detected an invalid packet at item 608
INFO: Parser returned #f
INFO: Detected an invalid packet at item 640
INFO: Parser returned #f
++++ frame_probe ID: 1082 receives a frame at time 97.4633s ++++
++++ frame_probe ID: 1083 receives a frame at time 97.4633s ++++
++++ frame_probe ID: 1084 receives a frame at time 97.4633s ++++
++++ frame_probe ID: 1090 receives a frame at time 97.4634s ++++
++++ frame_probe ID: 882 receives a frame at time 97.4664s ++++
++++ frame_probe ID: 882 receives a frame at time 97.4759s ++++
++++ frame_probe ID: 1082 receives a frame at time 97.4828s ++++
++++ frame_probe ID: 1083 receives a frame at time 97.4828s ++++
++++ frame_probe ID: 1084 receives a frame at time 97.4828s ++++
++++ frame_probe ID: 1090 receives a frame at time 97.4829s ++++
++++ frame_probe ID: 1050 receives a frame at time 97.8471s ++++
++++ frame_probe ID: 1060 receives a frame at time 97.888s ++++
++++ frame_probe ID: 1082 receives a frame at time 97.8959s ++++
++++ frame_probe ID: 882 receives a frame at time 97.8984s ++++
++++ frame_probe ID: 883 receives a frame at time 97.8985s ++++
++++ frame_probe ID: 884 receives a frame at time 97.8985s ++++
++++ frame_probe ID: 890 receives a frame at time 97.8986s ++++
++++ frame_probe ID: 860 receives a frame at time 97.9058s ++++
INFO: Detected an invalid packet at item 768
INFO: Parser returned #f
INFO: Detected an invalid packet at item 800
INFO: Parser returned #f
++++ frame_probe ID: 1082 receives a frame at time 97.9151s ++++
++++ frame_probe ID: 1083 receives a frame at time 97.9152s ++++
++++ frame_probe ID: 1084 receives a frame at time 97.9152s ++++
++++ frame_probe ID: 1090 receives a frame at time 97.9152s ++++
++++ frame_probe ID: 882 receives a frame at time 97.9175s ++++
++++ frame_probe ID: 882 receives a frame at time 97.9277s ++++
++++ frame_probe ID: 1082 receives a frame at time 97.9333s ++++
++++ frame_probe ID: 1083 receives a frame at time 97.9334s ++++
++++ frame_probe ID: 1084 receives a frame at time 97.9334s ++++
++++ frame_probe ID: 1090 receives a frame at time 97.9334s ++++
measurement 2/5 complete in 11 second(s).
++++ frame_probe ID: 1050 receives a frame at time 98.243s ++++
++++ frame_probe ID: 1060 receives a frame at time 98.2839s ++++
++++ frame_probe ID: 1082 receives a frame at time 98.2888s ++++
++++ frame_probe ID: 882 receives a frame at time 98.2924s ++++
++++ frame_probe ID: 883 receives a frame at time 98.2925s ++++
++++ frame_probe ID: 884 receives a frame at time 98.2925s ++++
++++ frame_probe ID: 890 receives a frame at time 98.2926s ++++
++++ frame_probe ID: 860 receives a frame at time 98.2996s ++++
INFO: Detected an invalid packet at item 928
INFO: Parser returned #f
INFO: Detected an invalid packet at item 960
INFO: Parser returned #f
++++ frame_probe ID: 1082 receives a frame at time 98.3083s ++++
++++ frame_probe ID: 1083 receives a frame at time 98.3083s ++++
++++ frame_probe ID: 1084 receives a frame at time 98.3083s ++++
++++ frame_probe ID: 1090 receives a frame at time 98.3084s ++++
++++ frame_probe ID: 1050 receives a frame at time 98.3085s ++++
++++ frame_probe ID: 882 receives a frame at time 98.3108s ++++
++++ frame_probe ID: 1060 receives a frame at time 98.3157s ++++
++++ frame_probe ID: 1082 receives a frame at time 98.3551s ++++
++++ frame_probe ID: 882 receives a frame at time 98.3586s ++++
++++ frame_probe ID: 883 receives a frame at time 98.3586s ++++
++++ frame_probe ID: 884 receives a frame at time 98.3587s ++++
++++ frame_probe ID: 890 receives a frame at time 98.3587s ++++
++++ frame_probe ID: 860 receives a frame at time 98.3658s ++++
INFO: Detected an invalid packet at item 1056
INFO: Parser returned #f
INFO: Detected an invalid packet at item 1088
INFO: Parser returned #f
++++ frame_probe ID: 1082 receives a frame at time 98.3753s ++++
++++ frame_probe ID: 1083 receives a frame at time 98.3753s ++++
++++ frame_probe ID: 1084 receives a frame at time 98.3753s ++++
++++ frame_probe ID: 1090 receives a frame at time 98.3754s ++++
++++ frame_probe ID: 882 receives a frame at time 98.3776s ++++
++++ frame_probe ID: 882 receives a frame at time 98.3878s ++++
++++ frame_probe ID: 1082 receives a frame at time 98.3935s ++++
++++ frame_probe ID: 1083 receives a frame at time 98.3935s ++++
++++ frame_probe ID: 1084 receives a frame at time 98.3935s ++++
++++ frame_probe ID: 1090 receives a frame at time 98.3936s ++++
++++ frame_probe ID: 1050 receives a frame at time 98.4235s ++++
++++ frame_probe ID: 1060 receives a frame at time 98.4642s ++++
++++ frame_probe ID: 1082 receives a frame at time 98.4702s ++++
++++ frame_probe ID: 882 receives a frame at time 98.4737s ++++
++++ frame_probe ID: 884 receives a frame at time ++++ frame_probe ID: 98.4738s ++++883 receives a frame at time 
++++ frame_probe ID: 890 receives a frame at time 98.4739s ++++
98.4739s ++++
++++ frame_probe ID: 860 receives a frame at time 98.481s ++++
INFO: Detected an invalid packet at item 1216
INFO: Parser returned #f
INFO: Detected an invalid packet at item 1248
INFO: Parser returned #f
++++ frame_probe ID: 1082 receives a frame at time 98.4896s ++++
++++ frame_probe ID: 1083 receives a frame at time 98.4896s ++++
++++ frame_probe ID: 1084 receives a frame at time 98.4896s ++++
++++ frame_probe ID: 1090 receives a frame at time 98.4897s ++++
++++ frame_probe ID: 882 receives a frame at time 98.4927s ++++
++++ frame_probe ID: 882 receives a frame at time 98.503s ++++
++++ frame_probe ID: 1082 receives a frame at time 98.5082s ++++
++++ frame_probe ID: 1083 receives a frame at time 98.5082s ++++
++++ frame_probe ID: 1084 receives a frame at time 98.5083s ++++
++++ frame_probe ID: 1090 receives a frame at time 98.5083s ++++
++++ frame_probe ID: 1050 receives a frame at time 98.6225s ++++
++++ frame_probe ID: 1060 receives a frame at time 98.6631s ++++
++++ frame_probe ID: 1082 receives a frame at time 98.6719s ++++
++++ frame_probe ID: 882 receives a frame at time 98.6756s ++++
++++ frame_probe ID: 883 receives a frame at time 98.6756s ++++
++++ frame_probe ID: 884 receives a frame at time 98.6756s ++++
++++ frame_probe ID: 890 receives a frame at time 98.6757s ++++
++++ frame_probe ID: 860 receives a frame at time 98.6827s ++++
INFO: Detected an invalid packet at item 1376
INFO: Parser returned #f
INFO: Detected an invalid packet at item 1408
INFO: Parser returned #f
++++ frame_probe ID: 1082 receives a frame at time 98.6911s ++++
++++ frame_probe ID: 1083 receives a frame at time 98.6911s ++++
++++ frame_probe ID: 1084 receives a frame at time 98.6911s ++++
++++ frame_probe ID: 1090 receives a frame at time 98.6912s ++++
++++ frame_probe ID: 882 receives a frame at time 98.6942s ++++
++++ frame_probe ID: 882 receives a frame at time 98.7045s ++++
++++ frame_probe ID: 1082 receives a frame at time 98.7106s ++++
++++ frame_probe ID: 1083 receives a frame at time 98.7106s ++++
++++ frame_probe ID: 1084 receives a frame at time 98.7107s ++++
++++ frame_probe ID: 1090 receives a frame at time 98.7107s ++++
measurement 2/5 complete in 10 second(s).
++++ frame_probe ID: 1050 receives a frame at time 99.9857s ++++
++++ frame_probe ID: 1060 receives a frame at time 0.02662s ++++
++++ frame_probe ID: 1082 receives a frame at time 0.035148s ++++
++++ frame_probe ID: 882 receives a frame at time 0.038646s ++++
++++ frame_probe ID: 883 receives a frame at time 0.038677s ++++
++++ frame_probe ID: 884 receives a frame at time 0.038733s ++++
++++ frame_probe ID: 890 receives a frame at time 0.038778s ++++
++++ frame_probe ID: 860 receives a frame at time 0.046003s ++++
INFO: Detected an invalid packet at item 1536
INFO: Parser returned #f
INFO: Detected an invalid packet at item 1568
INFO: Parser returned #f
++++ frame_probe ID: 1082 receives a frame at time 0.055359s ++++
++++ frame_probe ID: 1083 receives a frame at time 0.055417s ++++
++++ frame_probe ID: 1084 receives a frame at time 0.055432s ++++
++++ frame_probe ID: 1090 receives a frame at time 0.055506s ++++
++++ frame_probe ID: 1050 receives a frame at time 0.05563s ++++
++++ frame_probe ID: 882 receives a frame at time 0.057536s ++++
++++ frame_probe ID: 1060 receives a frame at time 0.063029s ++++
++++ frame_probe ID: 1082 receives a frame at time 0.102141s ++++
++++ frame_probe ID: 882 receives a frame at time 0.105775s ++++
++++ frame_probe ID: 883 receives a frame at time 0.105847s ++++
++++ frame_probe ID: 884 receives a frame at time 0.105959s ++++
++++ frame_probe ID: 890 receives a frame at time 0.106011s ++++
++++ frame_probe ID: 860 receives a frame at time 0.113273s ++++
INFO: Detected an invalid packet at item 1664
INFO: Parser returned #f
INFO: Detected an invalid packet at item 1696
INFO: Parser returned #f
++++ frame_probe ID: 1082 receives a frame at time 0.122531s ++++
++++ frame_probe ID: 1083 receives a frame at time 0.122576s ++++
++++ frame_probe ID: 1084 receives a frame at time 0.122614s ++++
++++ frame_probe ID: 1090 receives a frame at time 0.122703s ++++
++++ frame_probe ID: 882 receives a frame at time 0.125587s ++++
++++ frame_probe ID: 882 receives a frame at time 0.135051s ++++
++++ frame_probe ID: 1082 receives a frame at time 0.141294s ++++
++++ frame_probe ID: 1083 receives a frame at time 0.141337s ++++
++++ frame_probe ID: 1084 receives a frame at time 0.141349s ++++
++++ frame_probe ID: 1090 receives a frame at time 0.141408s ++++
measurement 2/5 complete in 9 second(s).
++++ frame_probe ID: 1050 receives a frame at time 0.464538s ++++
++++ frame_probe ID: 1060 receives a frame at time 0.505543s ++++
++++ frame_probe ID: 882 receives a frame at time 0.50955s ++++
++++ frame_probe ID: 883 receives a frame at time 0.509642s ++++
++++ frame_probe ID: 884 receives a frame at time 0.509679s ++++
++++ frame_probe ID: 890 receives a frame at time 0.509726s ++++
++++ frame_probe ID: 1082 receives a frame at time 0.514958s ++++
++++ frame_probe ID: 860 receives a frame at time 0.516856s ++++
INFO: Detected an invalid packet at item 1824
INFO: Parser returned #f
INFO: Detected an invalid packet at item 1856
INFO: Parser returned #f
++++ frame_probe ID: 1082 receives a frame at time 0.525411s ++++
++++ frame_probe ID: 1083 receives a frame at time 0.525444s ++++
++++ frame_probe ID: 1090 receives a frame at time 0.525536s ++++
++++ frame_probe ID: 1084 receives a frame at time 0.525548s ++++
++++ frame_probe ID: 882 receives a frame at time 0.52795s ++++
++++ frame_probe ID: 882 receives a frame at time 0.537868s ++++
++++ frame_probe ID: 1082 receives a frame at time 0.544199s ++++
++++ frame_probe ID: 1083 receives a frame at time 0.544232s ++++
++++ frame_probe ID: 1084 receives a frame at time 0.544247s ++++
++++ frame_probe ID: 1090 receives a frame at time 0.544312s ++++
++++ frame_probe ID: 1050 receives a frame at time 1.1921s ++++
measurement 2/5 complete in 8 second(s).
++++ frame_probe ID: 1060 receives a frame at time 1.23331s ++++
++++ frame_probe ID: 882 receives a frame at time 1.23827s ++++
++++ frame_probe ID: 883 receives a frame at time 1.23832s ++++
++++ frame_probe ID: 884 receives a frame at time 1.23835s ++++
++++ frame_probe ID: 890 receives a frame at time 1.2384s ++++
++++ frame_probe ID: 1082 receives a frame at time 1.24475s ++++
++++ frame_probe ID: 860 receives a frame at time 1.24553s ++++
INFO: Detected an invalid packet at item 1984
INFO: Parser returned #f
INFO: Detected an invalid packet at item 2016
INFO: Parser returned #f
++++ frame_probe ID: 1082 receives a frame at time 1.25496s ++++
++++ frame_probe ID: 1083 receives a frame at time 1.25501s ++++
++++ frame_probe ID: 1084 receives a frame at time 1.25504s ++++
++++ frame_probe ID: 1090 receives a frame at time 1.25512s ++++
++++ frame_probe ID: 882 receives a frame at time 1.25713s ++++
++++ frame_probe ID: 882 receives a frame at time 1.26768s ++++
++++ frame_probe ID: 1082 receives a frame at time 1.27394s ++++
++++ frame_probe ID: 1084 receives a frame at time 1.27401s ++++
++++ frame_probe ID: 1083 receives a frame at time 1.27402s ++++
++++ frame_probe ID: 1090 receives a frame at time 1.27407s ++++
++++ frame_probe ID: 1050 receives a frame at time 1.58094s ++++
++++ frame_probe ID: 1060 receives a frame at time 1.62188s ++++
++++ frame_probe ID: 1082 receives a frame at time 1.62878s ++++
++++ frame_probe ID: 882 receives a frame at time 1.63207s ++++
++++ frame_probe ID: 883 receives a frame at time 1.63213s ++++
++++ frame_probe ID: 884 receives a frame at time 1.63215s ++++
++++ frame_probe ID: 890 receives a frame at time 1.6322s ++++
++++ frame_probe ID: 860 receives a frame at time 1.6393s ++++
INFO: Detected an invalid packet at item 2144
INFO: Parser returned #f
INFO: Detected an invalid packet at item 2176
INFO: Parser returned #f
++++ frame_probe ID: 1082 receives a frame at time 1.64807s ++++
++++ frame_probe ID: 1083 receives a frame at time 1.64811s ++++
++++ frame_probe ID: 1084 receives a frame at time 1.64822s ++++
++++ frame_probe ID: 1090 receives a frame at time 1.64836s ++++
++++ frame_probe ID: 1050 receives a frame at time 1.64838s ++++
++++ frame_probe ID: 882 receives a frame at time 1.65102s ++++
++++ frame_probe ID: 1060 receives a frame at time 1.65562s ++++
++++ frame_probe ID: 1082 receives a frame at time 1.69578s ++++
++++ frame_probe ID: 882 receives a frame at time 1.69909s ++++
++++ frame_probe ID: 883 receives a frame at time 1.69914s ++++
++++ frame_probe ID: 884 receives a frame at time 1.6992s ++++
++++ frame_probe ID: 890 receives a frame at time 1.6993s ++++
++++ frame_probe ID: 860 receives a frame at time 1.70639s ++++
INFO: Detected an invalid packet at item 2272
INFO: Parser returned #f
INFO: Detected an invalid packet at item 2304
INFO: Parser returned #f
++++ frame_probe ID: 1082 receives a frame at time 1.71495s ++++
++++ frame_probe ID: 1083 receives a frame at time 1.71499s ++++
++++ frame_probe ID: 1084 receives a frame at time 1.715s ++++
++++ frame_probe ID: 1090 receives a frame at time 1.71507s ++++
++++ frame_probe ID: 882 receives a frame at time 1.71831s ++++
++++ frame_probe ID: 882 receives a frame at time 1.72848s ++++
++++ frame_probe ID: 1082 receives a frame at time 1.73308s ++++
++++ frame_probe ID: 1083 receives a frame at time 1.73317s ++++
++++ frame_probe ID: 1084 receives a frame at time 1.73318s ++++
++++ frame_probe ID: 1090 receives a frame at time 1.73329s ++++
++++ frame_probe ID: 1050 receives a frame at time 2.00198s ++++
++++ frame_probe ID: 1060 receives a frame at time 2.04286s ++++
++++ frame_probe ID: 1082 receives a frame at time 2.0499s ++++
++++ frame_probe ID: 882 receives a frame at time 2.05435s ++++
++++ frame_probe ID: 883 receives a frame at time 2.05443s ++++
++++ frame_probe ID: 884 receives a frame at time 2.05446s ++++
++++ frame_probe ID: 890 receives a frame at time 2.05449s ++++
++++ frame_probe ID: 860 receives a frame at time 2.06159s ++++
INFO: Detected an invalid packet at item 2432
INFO: Parser returned #f
INFO: Detected an invalid packet at item 2464
INFO: Parser returned #f
++++ frame_probe ID: 1082 receives a frame at time 2.07001s ++++
++++ frame_probe ID: 1083 receives a frame at time 2.07006s ++++
++++ frame_probe ID: 1084 receives a frame at time 2.07018s ++++
++++ frame_probe ID: 1090 receives a frame at time 2.07032s ++++
++++ frame_probe ID: 882 receives a frame at time 2.07387s ++++
++++ frame_probe ID: 882 receives a frame at time 2.08333s ++++
++++ frame_probe ID: 1082 receives a frame at time 2.0889s ++++
++++ frame_probe ID: 1084 receives a frame at time 2.08896s ++++
++++ frame_probe ID: 1083 receives a frame at time 2.08898s ++++
++++ frame_probe ID: 1090 receives a frame at time 2.08908s ++++
++++ frame_probe ID: 1050 receives a frame at time 2.09277s ++++
++++ frame_probe ID: 1060 receives a frame at time 2.13354s ++++
++++ frame_probe ID: 882 receives a frame at time 2.14127s ++++
++++ frame_probe ID: 883 receives a frame at time 2.14132s ++++
++++ frame_probe ID: 884 receives a frame at time 2.14136s ++++
++++ frame_probe ID: 890 receives a frame at time 2.14138s ++++
++++ frame_probe ID: 1082 receives a frame at time 2.14586s ++++
++++ frame_probe ID: 860 receives a frame at time 2.1485s ++++
INFO: Detected an invalid packet at item 2592
INFO: Parser returned #f
INFO: Detected an invalid packet at item 2624
INFO: Parser returned #f
++++ frame_probe ID: 1082 receives a frame at time 2.15598s ++++
++++ frame_probe ID: 1083 receives a frame at time 2.15602s ++++
++++ frame_probe ID: 1084 receives a frame at time 2.15605s ++++
++++ frame_probe ID: 1090 receives a frame at time 2.15611s ++++
++++ frame_probe ID: 882 receives a frame at time 2.15944s ++++
++++ frame_probe ID: 882 receives a frame at time 2.16941s ++++
++++ frame_probe ID: 1082 receives a frame at time 2.1741s ++++
++++ frame_probe ID: 1083 receives a frame at time ++++ frame_probe ID: 1084 receives a frame at time 2.17416s ++++
2.17417s ++++
++++ frame_probe ID: 1090 receives a frame at time 2.17422s ++++
measurement 2/5 complete in 7 second(s).
++++ frame_probe ID: 1050 receives a frame at time 2.30016s ++++
++++ frame_probe ID: 1060 receives a frame at time 2.34091s ++++
++++ frame_probe ID: 1082 receives a frame at time 2.34719s ++++
++++ frame_probe ID: 882 receives a frame at time 2.3515s ++++
++++ frame_probe ID: 883 receives a frame at time 2.35156s ++++
++++ frame_probe ID: 884 receives a frame at time 2.35162s ++++
++++ frame_probe ID: 890 receives a frame at time 2.35163s ++++
++++ frame_probe ID: 860 receives a frame at time 2.35868s ++++
INFO: Detected an invalid packet at item 2752
INFO: Parser returned #f
INFO: Detected an invalid packet at item 2784
INFO: Parser returned #f
++++ frame_probe ID: 1082 receives a frame at time 2.36655s ++++
++++ frame_probe ID: 1084 receives a frame at time 2.36661s ++++
++++ frame_probe ID: 1083 receives a frame at time 2.36662s ++++
++++ frame_probe ID: 1090 receives a frame at time 2.36668s ++++
++++ frame_probe ID: 882 receives a frame at time 2.37054s ++++
++++ frame_probe ID: 882 receives a frame at time 2.38083s ++++
++++ frame_probe ID: 1082 receives a frame at time 2.38522s ++++
++++ frame_probe ID: 1083 receives a frame at time 2.38525s ++++
++++ frame_probe ID: 1084 receives a frame at time 2.38527s ++++
++++ frame_probe ID: 1090 receives a frame at time 2.38532s ++++
