measurement 1/5 complete in 15 second(s).
linux; GNU C++ version 5.4.0 20160609; Boost_105800; UHD_003.009.005-45-g6768a615

linux; GNU C++ version 5.4.0 20160609; Boost_105800; UHD_003.009.005-45-g6768a615

Using Volk machine: avx_64_mmx
-- Opening a USRP2/N-Series device...
Using Volk machine: avx_64_mmx
-- Opening a USRP2/N-Series device...
-- Current recv frame size: 1472 bytes
-- Current send frame size: 1472 bytes
-- Current recv frame size: 1472 bytes
-- Current send frame size: 1472 bytes
measurement 1/5 complete in 14 second(s).
develop_mode of general_timer ID: 1 is activated.
measurement 1/5 complete in 13 second(s).
node starts running at 33.3411
general_timer 1 is triggered at time 33.3412 s
timer start time: 33.3413
measurement 1/5 complete in 12 second(s).
++++ frame_probe ID: 1050 receives a frame at time 34.7267s ++++
++++ frame_probe ID: 1060 receives a frame at time 34.7679s ++++
++++ frame_probe ID: 882 receives a frame at time 34.774s ++++
++++ frame_probe ID: 883 receives a frame at time 34.7741s ++++
++++ frame_probe ID: 884 receives a frame at time 34.7742s ++++
++++ frame_probe ID: 890 receives a frame at time 34.7742s ++++
++++ frame_probe ID: 1082 receives a frame at time 34.7746s ++++
++++ frame_probe ID: 860 receives a frame at time 34.7816s ++++
INFO: Detected an invalid packet at item 32
INFO: Parser returned #f
INFO: Detected an invalid packet at item 64
INFO: Parser returned #f
++++ frame_probe ID: 882 receives a frame at time 34.7932s ++++
++++ frame_probe ID: 1082 receives a frame at time 34.7935s ++++
++++ frame_probe ID: 1083 receives a frame at time 34.7935s ++++
++++ frame_probe ID: 1084 receives a frame at time 34.7936s ++++
++++ frame_probe ID: 1090 receives a frame at time 34.7936s ++++
++++ frame_probe ID: 882 receives a frame at time 34.8121s ++++
++++ frame_probe ID: 1082 receives a frame at time 34.8127s ++++
++++ frame_probe ID: 1083 receives a frame at time 34.8127s ++++
++++ frame_probe ID: 1084 receives a frame at time 34.8128s ++++
++++ frame_probe ID: 1090 receives a frame at time 34.8128s ++++
measurement 1/5 complete in 11 second(s).
measurement 1/5 complete in 10 second(s).
measurement 1/5 complete in 9 second(s).
measurement 1/5 complete in 8 second(s).
measurement 1/5 complete in 7 second(s).
measurement 1/5 complete in 6 second(s).
measurement 1/5 complete in 5 second(s).
measurement 1/5 complete in 4 second(s).
measurement 1/5 complete in 3 second(s).
measurement 1/5 complete in 2 second(s).
measurement 1/5 complete in 1 second(s).
measurement 1 raw data directory created /home/inets/0_ba/bachelor_thesis/measurements/debug/data/36/1/.
regex pattern is: _________________________________
*_1.txt
/home/inets/source/gr-inets/results
receiver_ack_sent_1.txt receiver_data_received_1.txt receiver_frame_analyzed_1.txt receiver_frame_received_1.txt sender_ack_received_1.txt sender_bfr_dq_1.txt sender_data_sent_1.txt sender_frame_analyzed_1.txt sender_frame_checked_good_1.txt sender_frame_received_1.txt sender_retransmissions_1.txt
'receiver_ack_sent_1.txt' -> '/home/inets/0_ba/bachelor_thesis/measurements/debug/data/36/1/receiver_ack_sent_1.txt'
'receiver_data_received_1.txt' -> '/home/inets/0_ba/bachelor_thesis/measurements/debug/data/36/1/receiver_data_received_1.txt'
'receiver_frame_analyzed_1.txt' -> '/home/inets/0_ba/bachelor_thesis/measurements/debug/data/36/1/receiver_frame_analyzed_1.txt'
'receiver_frame_received_1.txt' -> '/home/inets/0_ba/bachelor_thesis/measurements/debug/data/36/1/receiver_frame_received_1.txt'
'sender_ack_received_1.txt' -> '/home/inets/0_ba/bachelor_thesis/measurements/debug/data/36/1/sender_ack_received_1.txt'
'sender_bfr_dq_1.txt' -> '/home/inets/0_ba/bachelor_thesis/measurements/debug/data/36/1/sender_bfr_dq_1.txt'
'sender_data_sent_1.txt' -> '/home/inets/0_ba/bachelor_thesis/measurements/debug/data/36/1/sender_data_sent_1.txt'
'sender_frame_analyzed_1.txt' -> '/home/inets/0_ba/bachelor_thesis/measurements/debug/data/36/1/sender_frame_analyzed_1.txt'
'sender_frame_checked_good_1.txt' -> '/home/inets/0_ba/bachelor_thesis/measurements/debug/data/36/1/sender_frame_checked_good_1.txt'
'sender_frame_received_1.txt' -> '/home/inets/0_ba/bachelor_thesis/measurements/debug/data/36/1/sender_frame_received_1.txt'
'sender_retransmissions_1.txt' -> '/home/inets/0_ba/bachelor_thesis/measurements/debug/data/36/1/sender_retransmissions_1.txt'
measurement 1 raw data moved to /home/inets/0_ba/bachelor_thesis/measurements/debug/data/36/1/.

measurement 2/5 complete in 15 second(s).
linux; GNU C++ version 5.4.0 20160609; Boost_105800; UHD_003.009.005-45-g6768a615
linux; GNU C++ version 5.4.0 20160609; Boost_105800; UHD_003.009.005-45-g6768a615


Using Volk machine: avx_64_mmx
-- Opening a USRP2/N-Series device...
Using Volk machine: avx_64_mmx
-- Opening a USRP2/N-Series device...
-- Current recv frame size: 1472 bytes
-- Current recv frame size: 1472 bytes
-- Current send frame size: 1472 bytes
-- Current send frame size: 1472 bytes
measurement 2/5 complete in 14 second(s).
develop_mode of general_timer ID: 1 is activated.
measurement 2/5 complete in 13 second(s).
node starts running at 48.4023
general_timer 1 is triggered at time 48.4025 s
timer start time: 48.4026
++++ frame_probe ID: 1050 receives a frame at time 48.4462s ++++
++++ frame_probe ID: 1060 receives a frame at time 48.4874s ++++
++++ frame_probe ID: 882 receives a frame at time 48.4944s ++++
++++ frame_probe ID: 883 receives a frame at time 48.4945s ++++
++++ frame_probe ID: 884 receives a frame at time 48.4945s ++++
++++ frame_probe ID: 890 receives a frame at time 48.4946s ++++
++++ frame_probe ID: 1082 receives a frame at time 48.4981s ++++
++++ frame_probe ID: 860 receives a frame at time 48.5019s ++++
INFO: Detected an invalid packet at item 32
INFO: Parser returned #f
INFO: Detected an invalid packet at item 64
INFO: Parser returned #f
++++ frame_probe ID: 1082 receives a frame at time 48.5073s ++++
++++ frame_probe ID: 1083 receives a frame at time 48.5074s ++++
++++ frame_probe ID: 1084 receives a frame at time 48.5074s ++++
++++ frame_probe ID: 1090 receives a frame at time 48.5074s ++++
++++ frame_probe ID: 882 receives a frame at time 48.5135s ++++
++++ frame_probe ID: 882 receives a frame at time 48.5226s ++++
++++ frame_probe ID: 1082 receives a frame at time 48.5264s ++++
++++ frame_probe ID: 1083 receives a frame at time 48.5264s ++++
++++ frame_probe ID: 1084 receives a frame at time 48.5265s ++++
++++ frame_probe ID: 1090 receives a frame at time 48.5265s ++++
measurement 2/5 complete in 12 second(s).
measurement 2/5 complete in 11 second(s).
measurement 2/5 complete in 10 second(s).
measurement 2/5 complete in 9 second(s).
measurement 2/5 complete in 8 second(s).
measurement 2/5 complete in 7 second(s).
measurement 2/5 complete in 6 second(s).
measurement 2/5 complete in 5 second(s).
measurement 2/5 complete in 4 second(s).
measurement 2/5 complete in 3 second(s).
