measurement 1/2 complete in 6 second(s).
linux; GNU C++ version 5.4.0 20160609; Boost_105800; UHD_003.009.005-45-g6768a615
linux; GNU C++ version 5.4.0 20160609; Boost_105800; UHD_003.009.005-45-g6768a615


Using Volk machine: avx_64_mmx
-- Opening a USRP2/N-Series device...
Using Volk machine: avx_64_mmx
-- Opening a USRP2/N-Series device...
-- Current recv frame size: 1472 bytes
-- Current send frame size: 1472 bytes
-- Current recv frame size: 1472 bytes
-- Current send frame size: 1472 bytes
measurement 1/2 complete in 5 second(s).
develop mode of resend_check ID: 24 is activated.
develop mode of resend_check ID: 24 is activated.
the 100th message counter is activated.
the 880th message counter is activated.
the 100th message counter is activated.
measurement 1/2 complete in 4 second(s).
node starts running at 26.576
node starts running at 26.5869
++++ frame_probe ID: 1050 receives a frame at time 26.6124s ++++
++++ frame_probe ID: 1060 receives a frame at time 26.6532s ++++
++++ frame_probe ID: 882 receives a frame at time 26.6633s ++++
++++ frame_probe ID: 883 receives a frame at time 26.6633s ++++
++++ frame_probe ID: 884 receives a frame at time 26.6634s ++++
++++ frame_probe ID: 890 receives a frame at time 26.6634s ++++
++++ frame_probe ID: 860 receives a frame at time 26.6736s ++++
++++ frame_probe ID: 1082 receives a frame at time 26.68s ++++
++++ frame_probe ID: 1083 receives a frame at time 26.6801s ++++
++++ frame_probe ID: 1084 receives a frame at time 26.6801s ++++
counter results at time 2026.68 is 0
++++ frame_probe ID: 1090 receives a frame at time 26.6802s ++++
++++ frame_probe ID: 882 receives a frame at time 26.6825s ++++
the 100th message counter node3_acked has been visited 1 times  
++++ frame_probe ID: 1050 receives a frame at time 26.8757s ++++
++++ frame_probe ID: 1060 receives a frame at time 26.9163s ++++
++++ frame_probe ID: 882 receives a frame at time 26.9219s ++++
++++ frame_probe ID: 883 receives a frame at time 26.9219s ++++
++++ frame_probe ID: 884 receives a frame at time 26.922s ++++
++++ frame_probe ID: 890 receives a frame at time 26.922s ++++
++++ frame_probe ID: 860 receives a frame at time 26.932s ++++
++++ frame_probe ID: 1082 receives a frame at time 26.9387s ++++
++++ frame_probe ID: 1083 receives a frame at time 26.9387s ++++
++++ frame_probe ID: 1084 receives a frame at time 26.9388s ++++
counter results at time 2026.94 is 0
++++ frame_probe ID: 1090 receives a frame at time 26.9388s ++++
++++ frame_probe ID: 882 receives a frame at time 26.9411s ++++
the 100th message counter node3_acked has been visited 2 times  
measurement 1/2 complete in 3 second(s).
++++ frame_probe ID: 1050 receives a frame at time 27.4396s ++++
++++ frame_probe ID: 1060 receives a frame at time 27.4803s ++++
INFO: Detected an invalid packet at item 64
INFO: Parser returned #f
++++ frame_probe ID: 882 receives a frame at time 27.4882s ++++
++++ frame_probe ID: 883 receives a frame at time 27.4882s ++++
++++ frame_probe ID: 884 receives a frame at time 27.4883s ++++
++++ frame_probe ID: 890 receives a frame at time 27.4883s ++++
++++ frame_probe ID: 860 receives a frame at time 27.4984s ++++
++++ frame_probe ID: 1082 receives a frame at time 27.5058s ++++
++++ frame_probe ID: 1083 receives a frame at time 27.5059s ++++
++++ frame_probe ID: 1084 receives a frame at time 27.5059s ++++
++++ frame_probe ID: 1090 receives a frame at time 27.506s ++++
counter results at time 2027.51 is 0
++++ frame_probe ID: 882 receives a frame at time 27.5075s ++++
the 100th message counter node3_acked has been visited 3 times  
++++ frame_probe ID: 1050 receives a frame at time 27.6326s ++++
++++ frame_probe ID: 1060 receives a frame at time 27.6732s ++++
INFO: Detected an invalid packet at item 128
INFO: Parser returned #f
++++ frame_probe ID: 882 receives a frame at time 27.6806s ++++
++++ frame_probe ID: 883 receives a frame at time 27.6806s ++++
++++ frame_probe ID: 884 receives a frame at time 27.6807s ++++
++++ frame_probe ID: 890 receives a frame at time 27.6807s ++++
++++ frame_probe ID: 860 receives a frame at time 27.6908s ++++
++++ frame_probe ID: 1082 receives a frame at time 27.6973s ++++
++++ frame_probe ID: 1083 receives a frame at time 27.6973s ++++
++++ frame_probe ID: 1084 receives a frame at time 27.6973s ++++
counter results at time 2027.7 is 0
++++ frame_probe ID: 1090 receives a frame at time 27.6974s ++++
++++ frame_probe ID: 882 receives a frame at time 27.6998s ++++
the 100th message counter node3_acked has been visited 4 times  
++++ frame_probe ID: 1050 receives a frame at time 27.8508s ++++
++++ frame_probe ID: 1060 receives a frame at time 27.8915s ++++
INFO: Detected an invalid packet at item 192
INFO: Parser returned #f
++++ frame_probe ID: 882 receives a frame at time 27.9011s ++++
++++ frame_probe ID: 883 receives a frame at time 27.9012s ++++
++++ frame_probe ID: 884 receives a frame at time 27.9012s ++++
++++ frame_probe ID: 890 receives a frame at time 27.9013s ++++
++++ frame_probe ID: 860 receives a frame at time 27.9113s ++++
++++ frame_probe ID: 1082 receives a frame at time 27.9178s ++++
++++ frame_probe ID: 1083 receives a frame at time 27.9178s ++++
++++ frame_probe ID: 1084 receives a frame at time 27.9179s ++++
counter results at time 2027.92 is 0
++++ frame_probe ID: 1090 receives a frame at time 27.918s ++++
++++ frame_probe ID: 882 receives a frame at time 27.9204s ++++
the 100th message counter node3_acked has been visited 5 times  
++++ frame_probe ID: 1050 receives a frame at time 28.0655s ++++
++++ frame_probe ID: 1060 receives a frame at time 28.1062s ++++
INFO: Detected an invalid packet at item 256
INFO: Parser returned #f
++++ frame_probe ID: 882 receives a frame at time 28.1116s ++++
++++ frame_probe ID: 884 receives a frame at time ++++ frame_probe ID: 883 receives a frame at time 28.1117s ++++
28.1117s ++++
++++ frame_probe ID: 890 receives a frame at time 28.1117s ++++
++++ frame_probe ID: 860 receives a frame at time 28.1218s ++++
++++ frame_probe ID: 1082 receives a frame at time 28.1293s ++++
++++ frame_probe ID: 1083 receives a frame at time 28.1293s ++++
++++ frame_probe ID: 1084 receives a frame at time counter results at time ++++ frame_probe ID: 1090 receives a frame at time 2028.13 is 0
28.1295s ++++
28.1295s ++++
++++ frame_probe ID: 882 receives a frame at time 28.1309s ++++
the 100th message counter node3_acked has been visited 6 times  
++++ frame_probe ID: 1050 receives a frame at time 28.1782s ++++
++++ frame_probe ID: 1060 receives a frame at time 28.2189s ++++
++++ frame_probe ID: 882 receives a frame at time 28.2269s ++++
++++ frame_probe ID: 883 receives a frame at time 28.227s ++++
++++ frame_probe ID: 884 receives a frame at time 28.2271s ++++
++++ frame_probe ID: 890 receives a frame at time 28.2271s ++++
++++ frame_probe ID: 860 receives a frame at time 28.2371s ++++
++++ frame_probe ID: 1082 receives a frame at time 28.2446s ++++
++++ frame_probe ID: 1083 receives a frame at time 28.2446s ++++
++++ frame_probe ID: 1084 receives a frame at time 28.2446s ++++
counter results at time 2028.24 is 0
++++ frame_probe ID: 1090 receives a frame at time 28.2447s ++++
++++ frame_probe ID: 882 receives a frame at time 28.2462s ++++
measurement 1/2 complete in 2 second(s).
the 100th message counter node3_acked has been visited 7 times  
++++ frame_probe ID: 1050 receives a frame at time 28.3139s ++++
++++ frame_probe ID: 1060 receives a frame at time 28.3544s ++++
++++ frame_probe ID: 882 receives a frame at time 28.3612s ++++
++++ frame_probe ID: 883 receives a frame at time 28.3612s ++++
++++ frame_probe ID: 884 receives a frame at time 28.3613s ++++
++++ frame_probe ID: 890 receives a frame at time 28.3613s ++++
++++ frame_probe ID: 860 receives a frame at time 28.3713s ++++
++++ frame_probe ID: 1082 receives a frame at time 28.3789s ++++
++++ frame_probe ID: 1083 receives a frame at time 28.3789s ++++
++++ frame_probe ID: 1084 receives a frame at time 28.379s ++++
counter results at time 2028.38 is 0
++++ frame_probe ID: 1090 receives a frame at time 28.379s ++++
++++ frame_probe ID: 882 receives a frame at time 28.3805s ++++
the 100th message counter node3_acked has been visited 8 times  
++++ frame_probe ID: 1050 receives a frame at time 28.5086s ++++
++++ frame_probe ID: 1060 receives a frame at time 28.5491s ++++
++++ frame_probe ID: 882 receives a frame at time 28.5536s ++++
++++ frame_probe ID: 883 receives a frame at time 28.5536s ++++
++++ frame_probe ID: 884 receives a frame at time 28.5537s ++++
++++ frame_probe ID: 890 receives a frame at time 28.5537s ++++
++++ frame_probe ID: 860 receives a frame at time 28.5637s ++++
++++ frame_probe ID: 1082 receives a frame at time 28.5713s ++++
++++ frame_probe ID: 1083 receives a frame at time 28.5713s ++++
++++ frame_probe ID: 1084 receives a frame at time 28.5714s ++++
counter results at time 2028.57 is 0
++++ frame_probe ID: 1090 receives a frame at time 28.5715s ++++
++++ frame_probe ID: 882 receives a frame at time 28.5729s ++++
the 100th message counter node3_acked has been visited 9 times  
++++ frame_probe ID: 1050 receives a frame at time 28.6708s ++++
++++ frame_probe ID: 1060 receives a frame at time 28.7116s ++++
INFO: Detected an invalid packet at item 416
INFO: Parser returned #f
++++ frame_probe ID: 882 receives a frame at time 28.717s ++++
++++ frame_probe ID: 883 receives a frame at time 28.717s ++++
++++ frame_probe ID: 884 receives a frame at time 28.7171s ++++
++++ frame_probe ID: 890 receives a frame at time 28.7171s ++++
++++ frame_probe ID: 860 receives a frame at time 28.7271s ++++
++++ frame_probe ID: 1082 receives a frame at time 28.7346s ++++
++++ frame_probe ID: 1083 receives a frame at time 28.7346s ++++
++++ frame_probe ID: 1084 receives a frame at time 28.7347s ++++
++++ frame_probe ID: 1090 receives a frame at time 28.7348s ++++
counter results at time 2028.73 is 0
++++ frame_probe ID: 882 receives a frame at time 28.7362s ++++
the 100th message counter node3_acked has been visited 10 times  
++++ frame_probe ID: 1050 receives a frame at time 28.8281s ++++
++++ frame_probe ID: 1060 receives a frame at time 28.8686s ++++
++++ frame_probe ID: 882 receives a frame at time 28.8803s ++++
++++ frame_probe ID: 883 receives a frame at time 28.8804s ++++
++++ frame_probe ID: 884 receives a frame at time 28.8804s ++++
++++ frame_probe ID: 890 receives a frame at time 28.8804s ++++
++++ frame_probe ID: 860 receives a frame at time 28.8904s ++++
++++ frame_probe ID: 1082 receives a frame at time 28.8979s ++++
++++ frame_probe ID: 1083 receives a frame at time 28.8979s ++++
++++ frame_probe ID: 1084 receives a frame at time 28.898s ++++
counter results at time 2028.9 is 0
++++ frame_probe ID: 1090 receives a frame at time 28.8981s ++++
the 100th message counter node3_acked has been visited 11 times  
++++ frame_probe ID: 882 receives a frame at time 28.8996s ++++
++++ frame_probe ID: 1050 receives a frame at time 28.9135s ++++
++++ frame_probe ID: 1060 receives a frame at time 28.954s ++++
++++ frame_probe ID: 882 receives a frame at time 28.9565s ++++
++++ frame_probe ID: 883 receives a frame at time 28.9566s ++++
++++ frame_probe ID: 884 receives a frame at time 28.9566s ++++
++++ frame_probe ID: 890 receives a frame at time 28.9566s ++++
++++ frame_probe ID: 860 receives a frame at time 28.9666s ++++
++++ frame_probe ID: 1082 receives a frame at time 28.9742s ++++
++++ frame_probe ID: 1084 receives a frame at time ++++ frame_probe ID: 1083 receives a frame at time 28.9742s ++++28.9742s ++++

counter results at time 2028.97 is 0
++++ frame_probe ID: 1090 receives a frame at time 28.9743s ++++
++++ frame_probe ID: 882 receives a frame at time 28.9758s ++++
the 100th message counter node3_acked has been visited 12 times  
++++ frame_probe ID: 1050 receives a frame at time 29.1696s ++++
++++ frame_probe ID: 1060 receives a frame at time 29.2103s ++++
INFO: Detected an invalid packet at item 544
INFO: Parser returned #f
++++ frame_probe ID: 882 receives a frame at time 29.2161s ++++
++++ frame_probe ID: 883 receives a frame at time 29.2161s ++++
++++ frame_probe ID: 884 receives a frame at time 29.2161s ++++
++++ frame_probe ID: 890 receives a frame at time 29.2162s ++++
++++ frame_probe ID: 860 receives a frame at time 29.2262s ++++
++++ frame_probe ID: 1082 receives a frame at time 29.2337s ++++
++++ frame_probe ID: 1083 receives a frame at time 29.2337s ++++
++++ frame_probe ID: 1084 receives a frame at time 29.2337s ++++
counter results at time 2029.23 is 0
++++ frame_probe ID: 1090 receives a frame at time 29.2338s ++++
++++ frame_probe ID: 882 receives a frame at time 29.2354s ++++
measurement 1/2 complete in 1 second(s).
the 100th message counter node3_acked has been visited 13 times  
++++ frame_probe ID: 1050 receives a frame at time 29.4172s ++++
++++ frame_probe ID: 1060 receives a frame at time 29.4578s ++++
++++ frame_probe ID: 882 receives a frame at time 29.4656s ++++
++++ frame_probe ID: 883 receives a frame at time 29.4657s ++++
++++ frame_probe ID: 884 receives a frame at time 29.4658s ++++
++++ frame_probe ID: 890 receives a frame at time 29.4659s ++++
++++ frame_probe ID: 860 receives a frame at time 29.4759s ++++
++++ frame_probe ID: 1082 receives a frame at time 29.4833s ++++
++++ frame_probe ID: 1083 receives a frame at time 29.4833s ++++
++++ frame_probe ID: 1084 receives a frame at time 29.4834s ++++
++++ frame_probe ID: 1090 receives a frame at time 29.4834s ++++
counter results at time 2029.48 is 0
++++ frame_probe ID: 882 receives a frame at time 29.4849s ++++
the 100th message counter node3_acked has been visited 14 times  
++++ frame_probe ID: 1050 receives a frame at time 29.5108s ++++
++++ frame_probe ID: 1060 receives a frame at time 29.5515s ++++
++++ frame_probe ID: 882 receives a frame at time 29.5618s ++++
++++ frame_probe ID: 883 receives a frame at time 29.5619s ++++
++++ frame_probe ID: 884 receives a frame at time 29.5619s ++++
++++ frame_probe ID: 890 receives a frame at time 29.5621s ++++
++++ frame_probe ID: 860 receives a frame at time 29.5721s ++++
++++ frame_probe ID: 1082 receives a frame at time 29.5795s ++++
++++ frame_probe ID: 1083 receives a frame at time 29.5795s ++++
++++ frame_probe ID: 1084 receives a frame at time 29.5797s ++++
counter results at time 2029.58 is 0
++++ frame_probe ID: 1090 receives a frame at time 29.5798s ++++
++++ frame_probe ID: 882 receives a frame at time 29.5811s ++++
the 100th message counter node3_acked has been visited 15 times  
++++ frame_probe ID: 1050 receives a frame at time 29.7331s ++++
++++ frame_probe ID: 1060 receives a frame at time 29.7736s ++++
INFO: Detected an invalid packet at item 672
INFO: Parser returned #f
INFO: Detected an invalid packet at item 704
INFO: Parser returned #f
INFO: Detected an invalid packet at item 736
INFO: Parser returned #f
++++ frame_probe ID: 882 receives a frame at time 29.7824s ++++
++++ frame_probe ID: 884 receives a frame at time 29.7825s ++++
++++ frame_probe ID: 883 receives a frame at time 29.7825s ++++
++++ frame_probe ID: 890 receives a frame at time 29.7827s ++++
++++ frame_probe ID: 860 receives a frame at time 29.7927s ++++
++++ frame_probe ID: 1082 receives a frame at time 29.7991s ++++
++++ frame_probe ID: 1083 receives a frame at time 29.7991s ++++
++++ frame_probe ID: 1084 receives a frame at time 29.7992s ++++
counter results at time 2029.8 is 0
++++ frame_probe ID: 1090 receives a frame at time 29.7992s ++++
++++ frame_probe ID: 882 receives a frame at time 29.8016s ++++
the 100th message counter node3_acked has been visited 16 times  
++++ frame_probe ID: 1050 receives a frame at time 29.8625s ++++
++++ frame_probe ID: 1060 receives a frame at time 29.9032s ++++
++++ frame_probe ID: 882 receives a frame at time 29.9067s ++++
++++ frame_probe ID: 883 receives a frame at time 29.9067s ++++
++++ frame_probe ID: 884 receives a frame at time 29.9068s ++++
++++ frame_probe ID: 890 receives a frame at time 29.9069s ++++
INFO: Detected an invalid packet at item 800
INFO: Parser returned #f
++++ frame_probe ID: 860 receives a frame at time 29.9169s ++++
++++ frame_probe ID: 1082 receives a frame at time 29.9234s ++++
++++ frame_probe ID: 1083 receives a frame at time 29.9235s ++++
++++ frame_probe ID: 1084 receives a frame at time 29.9235s ++++
counter results at time 2029.92 is 0
++++ frame_probe ID: 1090 receives a frame at time 29.9236s ++++
++++ frame_probe ID: 882 receives a frame at time 29.9268s ++++
the 100th message counter node3_acked has been visited 17 times  
++++ frame_probe ID: 1050 receives a frame at time 30.1248s ++++
++++ frame_probe ID: 1060 receives a frame at time 30.1654s ++++
INFO: Detected an invalid packet at item 864
INFO: Parser returned #f
++++ frame_probe ID: 882 receives a frame at time 30.1762s ++++
++++ frame_probe ID: 883 receives a frame at time 30.1762s ++++
++++ frame_probe ID: 884 receives a frame at time 30.1763s ++++
++++ frame_probe ID: 890 receives a frame at time 30.1764s ++++
++++ frame_probe ID: 860 receives a frame at time 30.1864s ++++
++++ frame_probe ID: 1082 receives a frame at time 30.193s ++++
++++ frame_probe ID: 1083 receives a frame at time 30.193s ++++
++++ frame_probe ID: 1084 receives a frame at time 30.193s ++++
++++ frame_probe ID: 1090 receives a frame at time counter results at time 2030.19 is 0
30.1931s ++++
++++ frame_probe ID: 882 receives a frame at time 30.1955s ++++
the 100th message counter node3_acked has been visited 18 times  
++++ frame_probe ID: 1050 receives a frame at time 30.2385s ++++
measurement 1 raw data directory created /home/inets/0_ba/bachelor_thesis/measurements/debug/data/11/1/.
regex pattern is: _________________________________
*_1.txt
/home/inets/source/gr-inets/results
receiver_ack_sent_1.txt receiver_data_received_1.txt receiver_frame_anlyzed_1.txt receiver_frame_checked_good_1.txt receiver_frame_received_1.txt sender_ack_received_1.txt sender_bfr_dq_1.txt sender_data_sent_1.txt sender_frame_anlyzed_1.txt sender_frame_checked_good_1.txt sender_frame_received_1.txt sender_retransmissions_1.txt
'receiver_ack_sent_1.txt' -> '/home/inets/0_ba/bachelor_thesis/measurements/debug/data/11/1/receiver_ack_sent_1.txt'
'receiver_data_received_1.txt' -> '/home/inets/0_ba/bachelor_thesis/measurements/debug/data/11/1/receiver_data_received_1.txt'
'receiver_frame_anlyzed_1.txt' -> '/home/inets/0_ba/bachelor_thesis/measurements/debug/data/11/1/receiver_frame_anlyzed_1.txt'
'receiver_frame_checked_good_1.txt' -> '/home/inets/0_ba/bachelor_thesis/measurements/debug/data/11/1/receiver_frame_checked_good_1.txt'
'receiver_frame_received_1.txt' -> '/home/inets/0_ba/bachelor_thesis/measurements/debug/data/11/1/receiver_frame_received_1.txt'
'sender_ack_received_1.txt' -> '/home/inets/0_ba/bachelor_thesis/measurements/debug/data/11/1/sender_ack_received_1.txt'
'sender_bfr_dq_1.txt' -> '/home/inets/0_ba/bachelor_thesis/measurements/debug/data/11/1/sender_bfr_dq_1.txt'
'sender_data_sent_1.txt' -> '/home/inets/0_ba/bachelor_thesis/measurements/debug/data/11/1/sender_data_sent_1.txt'
'sender_frame_anlyzed_1.txt' -> '/home/inets/0_ba/bachelor_thesis/measurements/debug/data/11/1/sender_frame_anlyzed_1.txt'
'sender_frame_checked_good_1.txt' -> '/home/inets/0_ba/bachelor_thesis/measurements/debug/data/11/1/sender_frame_checked_good_1.txt'
'sender_frame_received_1.txt' -> '/home/inets/0_ba/bachelor_thesis/measurements/debug/data/11/1/sender_frame_received_1.txt'
'sender_retransmissions_1.txt' -> '/home/inets/0_ba/bachelor_thesis/measurements/debug/data/11/1/sender_retransmissions_1.txt'
measurement 1 raw data moved to /home/inets/0_ba/bachelor_thesis/measurements/debug/data/11/1/.

measurement 2/2 complete in 6 second(s).
linux; GNU C++ version 5.4.0 20160609; Boost_105800; UHD_003.009.005-45-g6768a615
linux; GNU C++ version 5.4.0 20160609; Boost_105800; UHD_003.009.005-45-g6768a615


Using Volk machine: avx_64_mmx
-- Opening a USRP2/N-Series device...
Using Volk machine: avx_64_mmx
-- Opening a USRP2/N-Series device...
-- Current recv frame size: 1472 bytes
-- Current send frame size: 1472 bytes
-- Current recv frame size: 1472 bytes
-- Current send frame size: 1472 bytes
measurement 2/2 complete in 5 second(s).
develop mode of resend_check ID: 24 is activated.
develop mode of resend_check ID: 24 is activated.
the 100th message counter is activated.
the 880th message counter is activated.
the 100th message counter is activated.
measurement 2/2 complete in 4 second(s).
node starts running at 32.5892
node starts running at 32.5956
++++ frame_probe ID: 1050 receives a frame at time 32.6698s ++++
++++ frame_probe ID: 1060 receives a frame at time 32.7107s ++++
++++ frame_probe ID: 882 receives a frame at time 32.7138s ++++
++++ frame_probe ID: 883 receives a frame at time 32.7138s ++++
++++ frame_probe ID: 884 receives a frame at time 32.7139s ++++
++++ frame_probe ID: 890 receives a frame at time 32.7139s ++++
INFO: Detected an invalid packet at item 0
INFO: Parser returned #f
++++ frame_probe ID: 860 receives a frame at time 32.7242s ++++
++++ frame_probe ID: 1082 receives a frame at time 32.7292s ++++
++++ frame_probe ID: 1083 receives a frame at time 32.7293s ++++
++++ frame_probe ID: 1084 receives a frame at time 32.7293s ++++
counter results at time 2032.73 is 0
++++ frame_probe ID: 1090 receives a frame at time 32.7295s ++++
++++ frame_probe ID: 882 receives a frame at time 32.733s ++++
the 100th message counter node3_acked has been visited 1 times  
++++ frame_probe ID: 1050 receives a frame at time 32.8532s ++++
++++ frame_probe ID: 1060 receives a frame at time 32.8938s ++++
INFO: Detected an invalid packet at item 64
INFO: Parser returned #f
++++ frame_probe ID: 882 receives a frame at time 32.9052s ++++
++++ frame_probe ID: 883 receives a frame at time 32.9052s ++++
++++ frame_probe ID: 884 receives a frame at time 32.9053s ++++
++++ frame_probe ID: 890 receives a frame at time 32.9053s ++++
++++ frame_probe ID: 860 receives a frame at time 32.9154s ++++
++++ frame_probe ID: 1082 receives a frame at time 32.9221s ++++
++++ frame_probe ID: 1083 receives a frame at time 32.9221s ++++
++++ frame_probe ID: 1084 receives a frame at time 32.9222s ++++
counter results at time 2032.92 is 0
++++ frame_probe ID: 1090 receives a frame at time 32.9222s ++++
++++ frame_probe ID: 882 receives a frame at time 32.9245s ++++
the 100th message counter node3_acked has been visited 2 times  
++++ frame_probe ID: 1050 receives a frame at time 33.1175s ++++
++++ frame_probe ID: 1060 receives a frame at time 33.1581s ++++
++++ frame_probe ID: 882 receives a frame at time 33.1648s ++++
++++ frame_probe ID: 883 receives a frame at time 33.1648s ++++
++++ frame_probe ID: 884 receives a frame at time 33.1648s ++++
++++ frame_probe ID: 890 receives a frame at time 33.1649s ++++
++++ frame_probe ID: 860 receives a frame at time 33.1748s ++++
INFO: Detected an invalid packet at item 128
INFO: Parser returned #f
++++ frame_probe ID: 1082 receives a frame at time 33.1807s ++++
++++ frame_probe ID: 1083 receives a frame at time 33.1807s ++++
++++ frame_probe ID: 1084 receives a frame at time 33.1807s ++++
++++ frame_probe ID: 1090 receives a frame at time 33.1808s ++++
counter results at time 2033.18 is 0
++++ frame_probe ID: 882 receives a frame at time 33.184s ++++
the 100th message counter node3_acked has been visited 3 times  
++++ frame_probe ID: 1050 receives a frame at time 33.2201s ++++
++++ frame_probe ID: 1060 receives a frame at time 33.2607s ++++
INFO: Detected an invalid packet at item 192
INFO: Parser returned #f
measurement 2/2 complete in 3 second(s).
++++ frame_probe ID: 882 receives a frame at time 33.2701s ++++
++++ frame_probe ID: 883 receives a frame at time 33.2701s ++++
++++ frame_probe ID: 884 receives a frame at time 33.2701s ++++
++++ frame_probe ID: 890 receives a frame at time 33.2702s ++++
++++ frame_probe ID: 860 receives a frame at time 33.2802s ++++
++++ frame_probe ID: 1082 receives a frame at time 33.2865s ++++
++++ frame_probe ID: 1084 receives a frame at time 33.2865s ++++
++++ frame_probe ID: 1083 receives a frame at time 33.2865s ++++
counter results at time 2033.29 is 0
++++ frame_probe ID: 1090 receives a frame at time 33.2866s ++++
++++ frame_probe ID: 882 receives a frame at time 33.2893s ++++
the 100th message counter node3_acked has been visited 4 times  
++++ frame_probe ID: 1050 receives a frame at time 33.3498s ++++
++++ frame_probe ID: 1060 receives a frame at time 33.3903s ++++
++++ frame_probe ID: 882 receives a frame at time 33.3953s ++++
++++ frame_probe ID: 884 receives a frame at time ++++ frame_probe ID: 883 receives a frame at time 33.395333.3953s ++++s ++++

++++ frame_probe ID: 890 receives a frame at time 33.3954s ++++
++++ frame_probe ID: 860 receives a frame at time 33.4053s ++++
++++ frame_probe ID: 1082 receives a frame at time 33.4111s ++++
++++ frame_probe ID: 1083 receives a frame at time 33.4111s ++++
++++ frame_probe ID: 1084 receives a frame at time 33.4112s ++++
counter results at time 2033.41 is ++++ frame_probe ID: 0
1090 receives a frame at time 33.4112s ++++
++++ frame_probe ID: 882 receives a frame at time 33.4145s ++++
the 100th message counter node3_acked has been visited 5 times  
++++ frame_probe ID: 1050 receives a frame at time 33.4564s ++++
++++ frame_probe ID: 1060 receives a frame at time 33.4969s ++++
++++ frame_probe ID: 882 receives a frame at time 33.5005s ++++
++++ frame_probe ID: 883 receives a frame at time 33.5006s ++++
++++ frame_probe ID: 884 receives a frame at time 33.5006s ++++
++++ frame_probe ID: 890 receives a frame at time 33.5007s ++++
++++ frame_probe ID: 860 receives a frame at time 33.5107s ++++
++++ frame_probe ID: 1082 receives a frame at time 33.517s ++++
++++ frame_probe ID: 1083 receives a frame at time 33.517s ++++
++++ frame_probe ID: 1084 receives a frame at time 33.5172s ++++
++++ frame_probe ID: 1090 receives a frame at time 33.5172s ++++
counter results at time 2033.52 is 0
++++ frame_probe ID: 882 receives a frame at time 33.5198s ++++
the 100th message counter node3_acked has been visited 6 times  
++++ frame_probe ID: 1050 receives a frame at time 33.6766s ++++
++++ frame_probe ID: 1060 receives a frame at time 33.7172s ++++
++++ frame_probe ID: 882 receives a frame at time 33.7211s ++++
++++ frame_probe ID: 883 receives a frame at time 33.7211s ++++
++++ frame_probe ID: 884 receives a frame at time 33.7211s ++++
++++ frame_probe ID: 890 receives a frame at time 33.7212s ++++
++++ frame_probe ID: 860 receives a frame at time 33.7311s ++++
++++ frame_probe ID: 1082 receives a frame at time 33.7375s ++++
++++ frame_probe ID: 1083 receives a frame at time 33.7376s ++++
++++ frame_probe ID: 1084 receives a frame at time 33.7376s ++++
counter results at time 2033.74 is 0
++++ frame_probe ID: 1090 receives a frame at time 33.7377s ++++
++++ frame_probe ID: 882 receives a frame at time 33.7403s ++++
the 100th message counter node3_acked has been visited 7 times  
++++ frame_probe ID: 1050 receives a frame at time 33.8875s ++++
++++ frame_probe ID: 1060 receives a frame at time 33.9284s ++++
++++ frame_probe ID: 882 receives a frame at time 33.9325s ++++
++++ frame_probe ID: 884 receives a frame at time 33.9326s ++++
++++ frame_probe ID: 890 receives a frame at time 33.9326s ++++
++++ frame_probe ID: 883 receives a frame at time 33.9326s ++++
INFO: Detected an invalid packet at item 352
INFO: Parser returned #f
++++ frame_probe ID: 860 receives a frame at time 33.9427s ++++
++++ frame_probe ID: 1082 receives a frame at time 33.9489s ++++
++++ frame_probe ID: 1083 receives a frame at time 33.949s ++++
++++ frame_probe ID: 1084 receives a frame at time 33.949s ++++
++++ frame_probe ID: 1090 receives a frame at time 33.9492s ++++
counter results at time 2033.95 is 0
++++ frame_probe ID: 882 receives a frame at time 33.9518s ++++
the 100th message counter node3_acked has been visited 8 times  
++++ frame_probe ID: 1050 receives a frame at time 34.0486s ++++
++++ frame_probe ID: 1060 receives a frame at time 34.0893s ++++
++++ frame_probe ID: 882 receives a frame at time 34.095s ++++
++++ frame_probe ID: 883 receives a frame at time 34.095s ++++
++++ frame_probe ID: 884 receives a frame at time 34.0951s ++++
++++ frame_probe ID: 890 receives a frame at time 34.0951s ++++
++++ frame_probe ID: 860 receives a frame at time 34.1051s ++++
++++ frame_probe ID: 1082 receives a frame at time 34.1114s ++++
++++ frame_probe ID: 1083 receives a frame at time 34.1115s ++++
++++ frame_probe ID: 1084 receives a frame at time 34.1115s ++++
counter results at time 2034.11 is 0
++++ frame_probe ID: 1090 receives a frame at time 34.1116s ++++
++++ frame_probe ID: 882 receives a frame at time 34.1143s ++++
the 100th message counter node3_acked has been visited 9 times  
++++ frame_probe ID: 1050 receives a frame at time 34.163s ++++
++++ frame_probe ID: 1060 receives a frame at time 34.2036s ++++
++++ frame_probe ID: 882 receives a frame at time 34.2102s ++++
++++ frame_probe ID: 883 receives a frame at time 34.2103s ++++
++++ frame_probe ID: 884 receives a frame at time 34.2103s ++++
++++ frame_probe ID: 890 receives a frame at time 34.2103s ++++
++++ frame_probe ID: 860 receives a frame at time 34.2204s ++++
++++ frame_probe ID: 1082 receives a frame at time 34.2267s ++++
++++ frame_probe ID: 1083 receives a frame at time 34.2268s ++++
++++ frame_probe ID: 1084 receives a frame at time 34.2268s ++++
++++ frame_probe ID: 1090 receives a frame at time 34.2269s ++++
counter results at time 2034.23 is 0
++++ frame_probe ID: 882 receives a frame at time 34.2294s ++++
measurement 2/2 complete in 2 second(s).
the 100th message counter node3_acked has been visited 10 times  
++++ frame_probe ID: 1050 receives a frame at time 34.2903s ++++
++++ frame_probe ID: 1060 receives a frame at time 34.3309s ++++
++++ frame_probe ID: 882 receives a frame at time 34.3354s ++++
++++ frame_probe ID: 883 receives a frame at time ++++ frame_probe ID: 884 receives a frame at time 34.3355s ++++
++++ frame_probe ID: 890 receives a frame at time 34.3356s ++++
34.3355s ++++
++++ frame_probe ID: 860 receives a frame at time 34.3456s ++++
++++ frame_probe ID: 1082 receives a frame at time 34.3519s ++++
++++ frame_probe ID: 1083 receives a frame at time 34.352s ++++
++++ frame_probe ID: 1084 receives a frame at time 34.352s ++++
counter results at time 2034.35 is 0
++++ frame_probe ID: 1090 receives a frame at time 34.3521s ++++
++++ frame_probe ID: 882 receives a frame at time 34.3547s ++++
the 100th message counter node3_acked has been visited 11 times  
++++ frame_probe ID: 1050 receives a frame at time 34.4034s ++++
++++ frame_probe ID: 1060 receives a frame at time 34.444s ++++
++++ frame_probe ID: 882 receives a frame at time 34.4498s ++++
++++ frame_probe ID: 883 receives a frame at time 34.4499s ++++
++++ frame_probe ID: 890 receives a frame at time 34.4499s ++++
++++ frame_probe ID: 884 receives a frame at time 34.45s ++++
++++ frame_probe ID: 860 receives a frame at time 34.4599s ++++
++++ frame_probe ID: 1082 receives a frame at time 34.4672s ++++
++++ frame_probe ID: 1083 receives a frame at time 34.4672s ++++
++++ frame_probe ID: 1084 receives a frame at time 34.4672s ++++
++++ frame_probe ID: 1090 receives a frame at time 34.4674s ++++
counter results at time 2034.47 is 0
++++ frame_probe ID: 882 receives a frame at time 34.4691s ++++
the 100th message counter node3_acked has been visited 12 times  
++++ frame_probe ID: 1050 receives a frame at time 34.5306s ++++
++++ frame_probe ID: 1060 receives a frame at time 34.5713s ++++
++++ frame_probe ID: 882 receives a frame at time 34.5751s ++++
++++ frame_probe ID: 883 receives a frame at time 34.5751s ++++
++++ frame_probe ID: 884 receives a frame at time 34.5752s ++++
++++ frame_probe ID: 890 receives a frame at time 34.5752s ++++
INFO: Detected an invalid packet at item 544
INFO: Parser returned #f
++++ frame_probe ID: 860 receives a frame at time 34.5852s ++++
++++ frame_probe ID: 1082 receives a frame at time 34.5915s ++++
++++ frame_probe ID: 1083 receives a frame at time 34.5916s ++++
counter results at time 2034.59 is 0
++++ frame_probe ID: 1090 receives a frame at time 34.5916s ++++
++++ frame_probe ID: 1084 receives a frame at time 34.5917s ++++
++++ frame_probe ID: 882 receives a frame at time 34.5944s ++++
the 100th message counter node3_acked has been visited 13 times  
++++ frame_probe ID: 1050 receives a frame at time 34.6249s ++++
++++ frame_probe ID: 1060 receives a frame at time 34.6655s ++++
++++ frame_probe ID: 882 receives a frame at time 34.6704s ++++
++++ frame_probe ID: 883 receives a frame at time 34.6704s ++++
++++ frame_probe ID: 884 receives a frame at time 34.6705s ++++
++++ frame_probe ID: 890 receives a frame at time 34.6705s ++++
++++ frame_probe ID: 860 receives a frame at time 34.6807s ++++
++++ frame_probe ID: 1082 receives a frame at time 34.6877s ++++
++++ frame_probe ID: 1084 receives a frame at time 34.6878s ++++++++ frame_probe ID: 
1083 receives a frame at time 34.6878s ++++
counter results at time 2034.69 is 0
++++ frame_probe ID: 1090 receives a frame at time 34.6879s ++++
++++ frame_probe ID: 882 receives a frame at time 34.6897s ++++
the 100th message counter node3_acked has been visited 14 times  
++++ frame_probe ID: 1050 receives a frame at time 34.8232s ++++
++++ frame_probe ID: 1060 receives a frame at time 34.8638s ++++
INFO: Detected an invalid packet at item 640
INFO: Parser returned #f
++++ frame_probe ID: 882 receives a frame at time 34.8719s ++++
++++ frame_probe ID: 883 receives a frame at time 34.8719s ++++
++++ frame_probe ID: 884 receives a frame at time 34.872s ++++
++++ frame_probe ID: 890 receives a frame at time 34.872s ++++
++++ frame_probe ID: 860 receives a frame at time 34.882s ++++
++++ frame_probe ID: 1082 receives a frame at time 34.8892s ++++
++++ frame_probe ID: 1083 receives a frame at time 34.8892s ++++
++++ frame_probe ID: 1084 receives a frame at time 34.8892s ++++
counter results at time 2034.89 is 0
++++ frame_probe ID: 1090 receives a frame at time 34.8893s ++++
++++ frame_probe ID: 882 receives a frame at time 34.8922s ++++
the 100th message counter node3_acked has been visited 15 times  
++++ frame_probe ID: 1050 receives a frame at time 35.0427s ++++
++++ frame_probe ID: 1060 receives a frame at time 35.0834s ++++
INFO: Detected an invalid packet at item 704
INFO: Parser returned #f
++++ frame_probe ID: 882 receives a frame at time 35.0933s ++++
++++ frame_probe ID: 883 receives a frame at time 35.0933s ++++
++++ frame_probe ID: 884 receives a frame at time 35.0934s ++++
++++ frame_probe ID: 890 receives a frame at time 35.0936s ++++
++++ frame_probe ID: 860 receives a frame at time 35.1036s ++++
++++ frame_probe ID: 1082 receives a frame at time 35.1106s ++++
++++ frame_probe ID: 1083 receives a frame at time 35.1106s ++++
++++ frame_probe ID: 1084 receives a frame at time 35.1106s ++++
counter results at time 2035.11 is 0
++++ frame_probe ID: 1090 receives a frame at time 35.1108s ++++
++++ frame_probe ID: 882 receives a frame at time 35.1126s ++++
the 100th message counter node3_acked has been visited 16 times  
++++ frame_probe ID: 1050 receives a frame at time 35.2702s ++++
measurement 2/2 complete in 1 second(s).
++++ frame_probe ID: 1060 receives a frame at time 35.3108s ++++
++++ frame_probe ID: 882 receives a frame at time 35.3138s ++++
++++ frame_probe ID: 883 receives a frame at time 35.3138s ++++
++++ frame_probe ID: 884 receives a frame at time 35.3139s ++++
++++ frame_probe ID: 890 receives a frame at time 35.3139s ++++
++++ frame_probe ID: 860 receives a frame at time 35.3241s ++++
++++ frame_probe ID: 1082 receives a frame at time 35.3312s ++++
++++ frame_probe ID: 1083 receives a frame at time 35.3312s ++++
++++ frame_probe ID: 1084 receives a frame at time 35.3312s ++++
counter results at time 2035.33 is 0
++++ frame_probe ID: 1090 receives a frame at time 35.3313s ++++
++++ frame_probe ID: 882 receives a frame at time 35.3331s ++++
the 100th message counter node3_acked has been visited 17 times  
++++ frame_probe ID: 1050 receives a frame at time 35.3649s ++++
++++ frame_probe ID: 1060 receives a frame at time 35.4055s ++++
++++ frame_probe ID: 882 receives a frame at time 35.41s ++++
++++ frame_probe ID: 883 receives a frame at time 35.41s ++++
++++ frame_probe ID: 884 receives a frame at time 35.4101s ++++
++++ frame_probe ID: 890 receives a frame at time 35.4103s ++++
++++ frame_probe ID: 860 receives a frame at time 35.4203s ++++
++++ frame_probe ID: 1082 receives a frame at time 35.4274s ++++
++++ frame_probe ID: 1083 receives a frame at time 35.4274s ++++
++++ frame_probe ID: 1084 receives a frame at time 35.4275s ++++
++++ frame_probe ID: 1090 receives a frame at time 35.4276s ++++
counter results at time 2035.43 is 0
++++ frame_probe ID: 882 receives a frame at time 35.4293s ++++
the 100th message counter node3_acked has been visited 18 times  
++++ frame_probe ID: 1050 receives a frame at time 35.5749s ++++
++++ frame_probe ID: 1060 receives a frame at time 35.6155s ++++
++++ frame_probe ID: 882 receives a frame at time 35.6215s ++++
++++ frame_probe ID: 883 receives a frame at time 35.6215s ++++
++++ frame_probe ID: 884 receives a frame at time 35.6215s ++++
++++ frame_probe ID: 890 receives a frame at time 35.6215s ++++
++++ frame_probe ID: 860 receives a frame at time 35.6316s ++++
++++ frame_probe ID: 1082 receives a frame at time 35.6387s ++++
++++ frame_probe ID: 1083 receives a frame at time 35.6388s ++++
++++ frame_probe ID: 1084 receives a frame at time 35.6388s ++++
counter results at time 2035.64 is 0
++++ frame_probe ID: 1090 receives a frame at time 35.6389s ++++
++++ frame_probe ID: 882 receives a frame at time 35.6408s ++++
the 100th message counter node3_acked has been visited 19 times  
++++ frame_probe ID: 1050 receives a frame at time 35.6723s ++++
++++ frame_probe ID: 1060 receives a frame at time 35.7128s ++++
++++ frame_probe ID: 882 receives a frame at time 35.7168s ++++
++++ frame_probe ID: 883 receives a frame at time 35.7168s ++++
++++ frame_probe ID: 884 receives a frame at time 35.7168s ++++
++++ frame_probe ID: 890 receives a frame at time 35.7169s ++++
INFO: Detected an invalid packet at item 864
INFO: Parser returned #f
++++ frame_probe ID: 860 receives a frame at time 35.7268s ++++
++++ frame_probe ID: 1082 receives a frame at time 35.734s ++++
++++ frame_probe ID: 1083 receives a frame at time 35.7341s ++++
++++ frame_probe ID: 1084 receives a frame at time 35.7341s ++++
++++ frame_probe ID: 1090 receives a frame at time 35.7342s ++++
counter results at time 2035.73 is 0
++++ frame_probe ID: 882 receives a frame at time 35.7369s ++++
the 100th message counter node3_acked has been visited 20 times  
++++ frame_probe ID: 1050 receives a frame at time 35.8275s ++++
++++ frame_probe ID: 1060 receives a frame at time 35.8681s ++++
++++ frame_probe ID: 882 receives a frame at time 35.871s ++++
++++ frame_probe ID: 883 receives a frame at time 35.871s ++++
++++ frame_probe ID: 884 receives a frame at time 35.8711s ++++
++++ frame_probe ID: 890 receives a frame at time 35.8712s ++++
++++ frame_probe ID: 860 receives a frame at time 35.8813s ++++
++++ frame_probe ID: 1082 receives a frame at time 35.8884s ++++
++++ frame_probe ID: 1083 receives a frame at time 35.8884s ++++
++++ frame_probe ID: 1084 receives a frame at time 35.8885s ++++
++++ frame_probe ID: 1090 receives a frame at time 35.8885s ++++
counter results at time 2035.89 is 0
++++ frame_probe ID: 882 receives a frame at time 35.8903s ++++
the 100th message counter node3_acked has been visited 21 times  
++++ frame_probe ID: 1050 receives a frame at time 35.9639s ++++
++++ frame_probe ID: 1060 receives a frame at time 36.0045s ++++
INFO: Detected an invalid packet at item 960
INFO: Parser returned #f
INFO: Detected an invalid packet at item 992
INFO: Parser returned #f
++++ frame_probe ID: 882 receives a frame at time 36.0144s ++++
++++ frame_probe ID: 883 receives a frame at time 36.0145s ++++
++++ frame_probe ID: 890 receives a frame at time 36.0146s ++++
++++ frame_probe ID: 884 receives a frame at time 36.0147s ++++
++++ frame_probe ID: 860 receives a frame at time 36.0245s ++++
INFO: Detected an invalid packet at item 1024
INFO: Parser returned #f
++++ frame_probe ID: 1082 receives a frame at time 36.0321s ++++
++++ frame_probe ID: 1083 receives a frame at time 36.0321s ++++
++++ frame_probe ID: 1084 receives a frame at time 36.0322s ++++
counter results at time ++++ frame_probe ID: 1090 receives a frame at time 2036.03 is 0
36.0322s ++++
++++ frame_probe ID: 882 receives a frame at time 36.0337s ++++
the 100th message counter node3_acked has been visited 22 times  
++++ frame_probe ID: 1050 receives a frame at time 36.1616s ++++
++++ frame_probe ID: 1060 receives a frame at time 36.2022s ++++
++++ frame_probe ID: 882 receives a frame at time 36.2068s ++++
++++ frame_probe ID: 884 receives a frame at time 36.2068s ++++
++++ frame_probe ID: 883 receives a frame at time ++++ frame_probe ID: 890 receives a frame at time 36.2069s ++++
36.2068s ++++
++++ frame_probe ID: 860 receives a frame at time 36.2168s ++++
++++ frame_probe ID: 1082 receives a frame at time 36.2241s ++++
++++ frame_probe ID: 1083 receives a frame at time 36.2242s ++++
++++ frame_probe ID: 1084 receives a frame at time 36.2242s ++++
counter results at time 2036.22 is 0
++++ frame_probe ID: 1090 receives a frame at time 36.2243s ++++
++++ frame_probe ID: 882 receives a frame at time 36.2261s ++++
measurement 2 raw data directory created /home/inets/0_ba/bachelor_thesis/measurements/debug/data/11/2/.
regex pattern is: _________________________________
*_1.txt
/home/inets/source/gr-inets/results
receiver_ack_sent_1.txt receiver_data_received_1.txt receiver_frame_anlyzed_1.txt receiver_frame_checked_good_1.txt receiver_frame_received_1.txt sender_ack_received_1.txt sender_bfr_dq_1.txt sender_data_sent_1.txt sender_frame_anlyzed_1.txt sender_frame_checked_good_1.txt sender_frame_received_1.txt sender_retransmissions_1.txt
'receiver_ack_sent_1.txt' -> '/home/inets/0_ba/bachelor_thesis/measurements/debug/data/11/2/receiver_ack_sent_1.txt'
'receiver_data_received_1.txt' -> '/home/inets/0_ba/bachelor_thesis/measurements/debug/data/11/2/receiver_data_received_1.txt'
'receiver_frame_anlyzed_1.txt' -> '/home/inets/0_ba/bachelor_thesis/measurements/debug/data/11/2/receiver_frame_anlyzed_1.txt'
'receiver_frame_checked_good_1.txt' -> '/home/inets/0_ba/bachelor_thesis/measurements/debug/data/11/2/receiver_frame_checked_good_1.txt'
'receiver_frame_received_1.txt' -> '/home/inets/0_ba/bachelor_thesis/measurements/debug/data/11/2/receiver_frame_received_1.txt'
'sender_ack_received_1.txt' -> '/home/inets/0_ba/bachelor_thesis/measurements/debug/data/11/2/sender_ack_received_1.txt'
'sender_bfr_dq_1.txt' -> '/home/inets/0_ba/bachelor_thesis/measurements/debug/data/11/2/sender_bfr_dq_1.txt'
'sender_data_sent_1.txt' -> '/home/inets/0_ba/bachelor_thesis/measurements/debug/data/11/2/sender_data_sent_1.txt'
'sender_frame_anlyzed_1.txt' -> '/home/inets/0_ba/bachelor_thesis/measurements/debug/data/11/2/sender_frame_anlyzed_1.txt'
'sender_frame_checked_good_1.txt' -> '/home/inets/0_ba/bachelor_thesis/measurements/debug/data/11/2/sender_frame_checked_good_1.txt'
'sender_frame_received_1.txt' -> '/home/inets/0_ba/bachelor_thesis/measurements/debug/data/11/2/sender_frame_received_1.txt'
'sender_retransmissions_1.txt' -> '/home/inets/0_ba/bachelor_thesis/measurements/debug/data/11/2/sender_retransmissions_1.txt'
measurement 2 raw data moved to /home/inets/0_ba/bachelor_thesis/measurements/debug/data/11/2/.

now processing results...
plotting python should be: python3 (ubuntu).
Hello from rtt.py!
hello from variables.py!
data_sent: 1502202026.612387
data_sent: 1502202026.875694
data_sent: 1502202027.439638
data_sent: 1502202027.632612
data_sent: 1502202027.850818
data_sent: 1502202028.065503
data_sent: 1502202028.178220
data_sent: 1502202028.313911
data_sent: 1502202028.508556
data_sent: 1502202028.670807
data_sent: 1502202028.828063
data_sent: 1502202028.913487
data_sent: 1502202029.169590
data_sent: 1502202029.417212
data_sent: 1502202029.510806
data_sent: 1502202029.733143
data_sent: 1502202029.862492
data_sent: 1502202030.124836
data_sent: 1502202030.238451
ack_received: 1502202026.680207
ack_received: 1502202026.938806
ack_received: 1502202027.505978
ack_received: 1502202027.697396
ack_received: 1502202027.917972
ack_received: 1502202028.129492
ack_received: 1502202028.244657
ack_received: 1502202028.379041
ack_received: 1502202028.571471
ack_received: 1502202028.734801
ack_received: 1502202028.898064
ack_received: 1502202028.974316
ack_received: 1502202029.233772
ack_received: 1502202029.483439
ack_received: 1502202029.579829
ack_received: 1502202029.799213
ack_received: 1502202029.923565
ack_received: 1502202030.193075
retx: [0, 0, 0, 0, 0, 0, 0, 0, 0, 0, 0, 0, 0, 0, 0, 0, 0, 0]

The resulting RTTs of this single measurement are:
[0.06782, 0.06311, 0.06634, 0.06478, 0.06715, 0.06399, 0.06644, 0.06513, 0.06292, 0.06399, 0.07, 0.06083, 0.06418, 0.06623, 0.06902, 0.06607, 0.06107, 0.06824]



The resulting mean RTT of this single measurement is:
0.06540611111111111


abs. packet loss: 1.0
packet loss in %: 5.26%
data_sent: 1502202032.669794
data_sent: 1502202032.853230
data_sent: 1502202033.117518
data_sent: 1502202033.220056
data_sent: 1502202033.349793
data_sent: 1502202033.456424
data_sent: 1502202033.676586
data_sent: 1502202033.887478
data_sent: 1502202034.048622
data_sent: 1502202034.163007
data_sent: 1502202034.290300
data_sent: 1502202034.403427
data_sent: 1502202034.530644
data_sent: 1502202034.624928
data_sent: 1502202034.823212
data_sent: 1502202035.042678
data_sent: 1502202035.270186
data_sent: 1502202035.364899
data_sent: 1502202035.574939
data_sent: 1502202035.672257
data_sent: 1502202035.827511
data_sent: 1502202035.963930
data_sent: 1502202036.161562
ack_received: 1502202032.729524
ack_received: 1502202032.922214
ack_received: 1502202033.180786
ack_received: 1502202033.286568
ack_received: 1502202033.411189
ack_received: 1502202033.517225
ack_received: 1502202033.737652
ack_received: 1502202033.949163
ack_received: 1502202034.111582
ack_received: 1502202034.226867
ack_received: 1502202034.352132
ack_received: 1502202034.467363
ack_received: 1502202034.591615
ack_received: 1502202034.687935
ack_received: 1502202034.889327
ack_received: 1502202035.110798
ack_received: 1502202035.331345
ack_received: 1502202035.427569
ack_received: 1502202035.638855
ack_received: 1502202035.734194
ack_received: 1502202035.888514
ack_received: 1502202036.032214
ack_received: 1502202036.224336
retx: [0, 0, 0, 0, 0, 0, 0, 0, 0, 0, 0, 0, 0, 0, 0, 0, 0, 0, 0, 0, 0, 0, 0]

The resulting RTTs of this single measurement are:
[0.05973, 0.06898, 0.06327, 0.06651, 0.0614, 0.0608, 0.06107, 0.06168, 0.06296, 0.06386, 0.06183, 0.06394, 0.06097, 0.06301, 0.06612, 0.06812, 0.06116, 0.06267, 0.06392, 0.06194, 0.061, 0.06828, 0.06277]



The resulting mean RTT of this single measurement is:
0.06330391304347827


abs. packet loss: 0.0
packet loss in %: 0.0%
[ 0.06540611  0.06330391]
Hello from myplot.py!
I will print a pdf for you now!
Hello from myplot.py!
I will print a pdf for you now!
Hello from myplot.py!
I will print a pdf for you now!
Hello from myplot.py!
I will print a cdf for you now!
<a list of 1 Patch objects>
Hello from myplot.py!
I will print a cdf for you now!
<a list of 1 Patch objects>
Hello from myplot.py!
I will print a cdf for you now!
<a list of 1 Patch objects>
Hello from myplot.py!
I will print a boxplot for you now!
Hello from myplot.py!
I will print a boxplot for you now!
Hello from myplot.py!
I will print a boxplot for you now!
Hello from myplot.py!
I will print a bar for you now!
Hello from myplot.py!
I will print a bar for you now!
Hello from myplot.py!
I will print a bar for you now!
Hello from myplot.py!
I will print a line for you now!
Hello from myplot.py!
I will print a line for you now!
Hello from myplot.py!
I will print a line for you now!
Hello from throughput.py!
hello from variables.py!
Hi, I'm busy with numpy.
Numpy zeros done.
I'll do my best to count some ACKs!
Done.
ackcount: 18
datacount: 18
I'll do my best to count some ACKs!
Done.
ackcount: 23
datacount: 23
[ 3000.          3833.33333333]
I'll plot some nice stuff for you!
Hello from myplot.py!
I will print a pdf for you now!
Congrats, plotting throughput put through!
I'll plot some nice stuff for you!
Hello from myplot.py!
I will print a cdf for you now!
<a list of 1 Patch objects>
Congrats, plotting throughput put through!
I'll plot some nice stuff for you!
Hello from myplot.py!
I will print a boxplot for you now!
Congrats, plotting throughput put through!
I'll plot some nice stuff for you!
Hello from myplot.py!
I will print a bar for you now!
Congrats, plotting throughput put through!
I'll plot some nice stuff for you!
Hello from myplot.py!
I will print a line for you now!
Congrats, plotting throughput put through!

+--------------------------------------------------------------+
| plotting completed. until the next measurement session then! |
+--------------------------------------------------------------+
