measurement 1/2 complete in 20 second(s).
linux; GNU C++ version 5.4.0 20160609; Boost_105800; UHD_003.009.005-45-g6768a615

linux; GNU C++ version 5.4.0 20160609; Boost_105800; UHD_003.009.005-45-g6768a615

Using Volk machine: avx_64_mmx
develop_mode of timeout ID: 10 is activated.
Using Volk machine: avx_64_mmx
-- Opening a USRP2/N-Series device...
-- Opening a USRP2/N-Series device...
-- Current recv frame size: 1472 bytes
-- Current send frame size: 1472 bytes
-- Current recv frame size: 1472 bytes
-- Current send frame size: 1472 bytes
measurement 1/2 complete in 19 second(s).
INFO: Detected an invalid packet at item 0
INFO: Parser returned #f
++++ frame_probe ID: 882 receives a frame at time 91.6712s ++++
++++ frame_probe ID: 883 receives a frame at time 91.6712s ++++
++++ frame_probe ID: 884 receives a frame at time 91.6712s ++++
++++ frame_probe ID: 890 receives a frame at time 91.6713s ++++
++++ frame_probe ID: 860 receives a frame at time 91.6785s ++++
INFO: Detected an invalid packet at item 64
INFO: Parser returned #f
develop_mode of general_timer ID: 1 is activated.
INFO: Detected an invalid packet at item 96
INFO: Parser returned #f
++++ frame_probe ID: 882 receives a frame at time 91.8052s ++++
++++ frame_probe ID: 883 receives a frame at time 91.8052s ++++
++++ frame_probe ID: 884 receives a frame at time 91.8052s ++++
++++ frame_probe ID: 890 receives a frame at time 91.8053s ++++
++++ frame_probe ID: 860 receives a frame at time 91.8124s ++++
++++ frame_probe ID: 1082 receives a frame at time 91.8165s ++++
++++ frame_probe ID: 1083 receives a frame at time 91.8165s ++++
++++ frame_probe ID: 1084 receives a frame at time 91.8166s ++++
++++ frame_probe ID: 1090 receives a frame at time 91.8166s ++++
++++ frame_probe ID: 882 receives a frame at time 91.8246s ++++
INFO: Detected an invalid packet at item 192
INFO: Parser returned #f
++++ frame_probe ID: 882 receives a frame at time 92.2946s ++++
++++ frame_probe ID: 883 receives a frame at time 92.2947s ++++
++++ frame_probe ID: 884 receives a frame at time 92.2947s ++++
++++ frame_probe ID: 890 receives a frame at time 92.2947s ++++
++++ frame_probe ID: 860 receives a frame at time 92.3018s ++++
++++ frame_probe ID: 882 receives a frame at time 92.3139s ++++
measurement 1/2 complete in 18 second(s).
INFO: Detected an invalid packet at item 288
INFO: Parser returned #f
++++ frame_probe ID: 882 receives a frame at time 92.4671s ++++
++++ frame_probe ID: 883 receives a frame at time 92.4671s ++++
++++ frame_probe ID: 884 receives a frame at time 92.4672s ++++
++++ frame_probe ID: 890 receives a frame at time 92.4672s ++++
++++ frame_probe ID: 860 receives a frame at time 92.4743s ++++
++++ frame_probe ID: 882 receives a frame at time 92.4863s ++++
INFO: Detected an invalid packet at item 384
INFO: Parser returned #f
++++ frame_probe ID: 882 receives a frame at time 92.6393s ++++
++++ frame_probe ID: 883 receives a frame at time 92.6393s ++++
++++ frame_probe ID: 884 receives a frame at time 92.6394s ++++
++++ frame_probe ID: 890 receives a frame at time 92.6394s ++++
++++ frame_probe ID: 860 receives a frame at time 92.6464s ++++
INFO: Detected an invalid packet at item 448
INFO: Parser returned #f
++++ frame_probe ID: 882 receives a frame at time 92.6586s ++++
measurement 1/2 complete in 17 second(s).
INFO: Detected an invalid packet at item 512
INFO: Parser returned #f
++++ frame_probe ID: 882 receives a frame at time 93.5223s ++++
++++ frame_probe ID: 883 receives a frame at time 93.5224s ++++
++++ frame_probe ID: 884 receives a frame at time 93.5224s ++++
++++ frame_probe ID: 890 receives a frame at time 93.5225s ++++
++++ frame_probe ID: 860 receives a frame at time 93.5296s ++++
INFO: Detected an invalid packet at item 576
INFO: Parser returned #f
++++ frame_probe ID: 882 receives a frame at time 93.5423s ++++
++++ frame_probe ID: 882 receives a frame at time 93.5893s ++++
++++ frame_probe ID: 883 receives a frame at time 93.5894s ++++
++++ frame_probe ID: 884 receives a frame at time 93.5894s ++++
++++ frame_probe ID: 890 receives a frame at time 93.5894s ++++
++++ frame_probe ID: 860 receives a frame at time 93.5964s ++++
INFO: Detected an invalid packet at item 672
INFO: Parser returned #f
++++ frame_probe ID: 882 receives a frame at time 93.6478s ++++
++++ frame_probe ID: 883 receives a frame at time 93.6478s ++++
++++ frame_probe ID: 884 receives a frame at time 93.6478s ++++
++++ frame_probe ID: 890 receives a frame at time 93.6479s ++++
++++ frame_probe ID: 860 receives a frame at time 93.6549s ++++
INFO: Detected an invalid packet at item 736
INFO: Parser returned #f
++++ frame_probe ID: 882 receives a frame at time 93.7045s ++++
++++ frame_probe ID: 883 receives a frame at time 93.7046s ++++
++++ frame_probe ID: 884 receives a frame at time 93.7046s ++++
++++ frame_probe ID: 890 receives a frame at time 93.7046s ++++
++++ frame_probe ID: 860 receives a frame at time 93.7116s ++++
INFO: Detected an invalid packet at item 800
INFO: Parser returned #f
INFO: Detected an invalid packet at item 832
INFO: Parser returned #f
++++ frame_probe ID: 882 receives a frame at time 93.7716s ++++
++++ frame_probe ID: 883 receives a frame at time 93.7716s ++++
++++ frame_probe ID: 884 receives a frame at time 93.7717s ++++
++++ frame_probe ID: 890 receives a frame at time 93.7717s ++++
++++ frame_probe ID: 860 receives a frame at time 93.7786s ++++
INFO: Detected an invalid packet at item 896
INFO: Parser returned #f
++++ frame_probe ID: 882 receives a frame at time 93.7909s ++++
INFO: Detected an invalid packet at item 960
INFO: Parser returned #f
++++ frame_probe ID: 882 receives a frame at time 94.1848s ++++
++++ frame_probe ID: 883 receives a frame at time 94.1848s ++++
++++ frame_probe ID: 884 receives a frame at time 94.1849s ++++
++++ frame_probe ID: 890 receives a frame at time 94.1849s ++++
++++ frame_probe ID: 860 receives a frame at time 94.1919s ++++
INFO: Detected an invalid packet at item 1024
INFO: Parser returned #f
++++ frame_probe ID: 882 receives a frame at time 94.2044s ++++
measurement 1/2 complete in 16 second(s).
INFO: Detected an invalid packet at item 1088
INFO: Parser returned #f
++++ frame_probe ID: 882 receives a frame at time 94.6165s ++++
++++ frame_probe ID: 884 receives a frame at time ++++ frame_probe ID: 883 receives a frame at time 94.6166s ++++
94.6166s ++++
++++ frame_probe ID: 890 receives a frame at time 94.6166s ++++
++++ frame_probe ID: 860 receives a frame at time 94.6236s ++++
INFO: Detected an invalid packet at item 1152
INFO: Parser returned #f
++++ frame_probe ID: 882 receives a frame at time 94.6752s ++++
++++ frame_probe ID: 883 receives a frame at time 94.6752s ++++
++++ frame_probe ID: 884 receives a frame at time 94.6753s ++++
++++ frame_probe ID: 890 receives a frame at time 94.6753s ++++
++++ frame_probe ID: 860 receives a frame at time 94.6824s ++++
INFO: Detected an invalid packet at item 1216
INFO: Parser returned #f
INFO: Detected an invalid packet at item 1248
INFO: Parser returned #f
++++ frame_probe ID: 882 receives a frame at time 94.9436s ++++
++++ frame_probe ID: 883 receives a frame at time 94.9437s ++++
++++ frame_probe ID: 884 receives a frame at time 94.9437s ++++
++++ frame_probe ID: 890 receives a frame at time 94.9438s ++++
++++ frame_probe ID: 860 receives a frame at time 94.9508s ++++
++++ frame_probe ID: 882 receives a frame at time 94.9629s ++++
INFO: Detected an invalid packet at item 1344
INFO: Parser returned #f
++++ frame_probe ID: 882 receives a frame at time 95.0777s ++++
++++ frame_probe ID: 883 receives a frame at time 95.0777s ++++
++++ frame_probe ID: 884 receives a frame at time 95.0778s ++++
++++ frame_probe ID: 890 receives a frame at time 95.0779s ++++
++++ frame_probe ID: 860 receives a frame at time 95.0848s ++++
++++ frame_probe ID: 882 receives a frame at time 95.0969s ++++
measurement 1/2 complete in 15 second(s).
INFO: Detected an invalid packet at item 1440
INFO: Parser returned #f
++++ frame_probe ID: 882 receives a frame at time 95.4716s ++++
++++ frame_probe ID: 883 receives a frame at time 95.4716s ++++
++++ frame_probe ID: 884 receives a frame at time 95.4717s ++++
++++ frame_probe ID: 890 receives a frame at time 95.4717s ++++
++++ frame_probe ID: 860 receives a frame at time 95.4787s ++++
++++ frame_probe ID: 882 receives a frame at time 95.5287s ++++
++++ frame_probe ID: 883 receives a frame at time 95.5287s ++++
++++ frame_probe ID: 884 receives a frame at time 95.5287s ++++
++++ frame_probe ID: 890 receives a frame at time 95.5288s ++++
++++ frame_probe ID: 860 receives a frame at time 95.5357s ++++
INFO: Detected an invalid packet at item 1536
INFO: Parser returned #f
++++ frame_probe ID: 882 receives a frame at time 95.5868s ++++
++++ frame_probe ID: 883 receives a frame at time 95.5868s ++++
++++ frame_probe ID: 884 receives a frame at time 95.5869s ++++
++++ frame_probe ID: 890 receives a frame at time 95.5869s ++++
++++ frame_probe ID: 860 receives a frame at time 95.5939s ++++
INFO: Detected an invalid packet at item 1600
INFO: Parser returned #f
++++ frame_probe ID: 882 receives a frame at time 95.9608s ++++
++++ frame_probe ID: 883 receives a frame at time 95.9608s ++++
++++ frame_probe ID: 884 receives a frame at time 95.9609s ++++
++++ frame_probe ID: 890 receives a frame at time 95.9609s ++++
++++ frame_probe ID: 860 receives a frame at time 95.968s ++++
INFO: Detected an invalid packet at item 1664
INFO: Parser returned #f
measurement 1/2 complete in 14 second(s).
INFO: Detected an invalid packet at item 1696
INFO: Parser returned #f
++++ frame_probe ID: 882 receives a frame at time 96.4409s ++++
++++ frame_probe ID: 883 receives a frame at time 96.4409s ++++
++++ frame_probe ID: 884 receives a frame at time 96.441s ++++
++++ frame_probe ID: 890 receives a frame at time 96.441s ++++
++++ frame_probe ID: 860 receives a frame at time 96.448s ++++
INFO: Detected an invalid packet at item 1760
INFO: Parser returned #f
++++ frame_probe ID: 882 receives a frame at time 96.4988s ++++
++++ frame_probe ID: 883 receives a frame at time 96.4989s ++++
++++ frame_probe ID: 884 receives a frame at time 96.4989s ++++
++++ frame_probe ID: 890 receives a frame at time 96.499s ++++
++++ frame_probe ID: 860 receives a frame at time 96.5059s ++++
++++ frame_probe ID: 882 receives a frame at time 96.5559s ++++
++++ frame_probe ID: 883 receives a frame at time 96.5559s ++++
++++ frame_probe ID: 884 receives a frame at time 96.556s ++++
++++ frame_probe ID: 890 receives a frame at time 96.556s ++++
++++ frame_probe ID: 860 receives a frame at time 96.5629s ++++
INFO: Detected an invalid packet at item 1856
INFO: Parser returned #f
INFO: Detected an invalid packet at item 1888
INFO: Parser returned #f
++++ frame_probe ID: 882 receives a frame at time 96.6612s ++++
++++ frame_probe ID: 883 receives a frame at time 96.6613s ++++
++++ frame_probe ID: 884 receives a frame at time 96.6613s ++++
++++ frame_probe ID: 890 receives a frame at time 96.6614s ++++
++++ frame_probe ID: 860 receives a frame at time 96.6684s ++++
INFO: Detected an invalid packet at item 1952
INFO: Parser returned #f
++++ frame_probe ID: 882 receives a frame at time 96.6815s ++++
INFO: Detected an invalid packet at item 2016
INFO: Parser returned #f
++++ frame_probe ID: 882 receives a frame at time 96.8345s ++++
++++ frame_probe ID: 883 receives a frame at time 96.8345s ++++
++++ frame_probe ID: 884 receives a frame at time 96.8346s ++++
++++ frame_probe ID: 890 receives a frame at time 96.8346s ++++
++++ frame_probe ID: 860 receives a frame at time 96.8416s ++++
INFO: Detected an invalid packet at item 2080
INFO: Parser returned #f
++++ frame_probe ID: 882 receives a frame at time 96.854s ++++
INFO: Detected an invalid packet at item 2144
INFO: Parser returned #f
++++ frame_probe ID: 882 receives a frame at time 97.2377s ++++
++++ frame_probe ID: 883 receives a frame at time 97.2377s ++++
++++ frame_probe ID: 884 receives a frame at time 97.2378s ++++
++++ frame_probe ID: 890 receives a frame at time 97.2378s ++++
++++ frame_probe ID: 860 receives a frame at time 97.245s ++++
measurement 1/2 complete in 13 second(s).
INFO: Detected an invalid packet at item 2208
INFO: Parser returned #f
++++ frame_probe ID: 882 receives a frame at time 97.7658s ++++
++++ frame_probe ID: 884 receives a frame at time ++++ frame_probe ID: 97.7659s ++++
883 receives a frame at time 97.7659s ++++
++++ frame_probe ID: 890 receives a frame at time 97.7659s ++++
++++ frame_probe ID: 860 receives a frame at time 97.773s ++++
INFO: Detected an invalid packet at item 2272
INFO: Parser returned #f
++++ frame_probe ID: 882 receives a frame at time 97.7854s ++++
INFO: Detected an invalid packet at item 2336
INFO: Parser returned #f
++++ frame_probe ID: 882 receives a frame at time 97.8812s ++++
++++ frame_probe ID: 883 receives a frame at time 97.8812s ++++
++++ frame_probe ID: 884 receives a frame at time 97.8813s ++++
++++ frame_probe ID: 890 receives a frame at time 97.8813s ++++
++++ frame_probe ID: 860 receives a frame at time 97.8883s ++++
INFO: Detected an invalid packet at item 2400
INFO: Parser returned #f
++++ frame_probe ID: 882 receives a frame at time 97.9006s ++++
INFO: Detected an invalid packet at item 2464
INFO: Parser returned #f
++++ frame_probe ID: 882 receives a frame at time 98.1497s ++++
++++ frame_probe ID: 883 receives a frame at time 98.1497s ++++
++++ frame_probe ID: 884 receives a frame at time 98.1498s ++++
++++ frame_probe ID: 890 receives a frame at time 98.1498s ++++
++++ frame_probe ID: 860 receives a frame at time 98.1567s ++++
INFO: Detected an invalid packet at item 2528
INFO: Parser returned #f
measurement 1/2 complete in 12 second(s).
INFO: Detected an invalid packet at item 2560
INFO: Parser returned #f
++++ frame_probe ID: 882 receives a frame at time 98.5816s ++++
++++ frame_probe ID: ++++ frame_probe ID: 884 receives a frame at time 883 receives a frame at time 98.5817s ++++98.5817s ++++

++++ frame_probe ID: 890 receives a frame at time 98.5817s ++++
++++ frame_probe ID: 860 receives a frame at time 98.5888s ++++
INFO: Detected an invalid packet at item 2624
INFO: Parser returned #f
++++ frame_probe ID: 882 receives a frame at time 98.6011s ++++
INFO: Detected an invalid packet at item 2688
INFO: Parser returned #f
++++ frame_probe ID: 882 receives a frame at time 98.706s ++++
++++ frame_probe ID: 883 receives a frame at time 98.7061s ++++
++++ frame_probe ID: 884 receives a frame at time 98.7061s ++++
++++ frame_probe ID: 890 receives a frame at time 98.7061s ++++
++++ frame_probe ID: 860 receives a frame at time 98.7131s ++++
INFO: Detected an invalid packet at item 2752
INFO: Parser returned #f
++++ frame_probe ID: 882 receives a frame at time 98.7263s ++++
INFO: Detected an invalid packet at item 2816
INFO: Parser returned #f
++++ frame_probe ID: 882 receives a frame at time 98.8411s ++++
++++ frame_probe ID: 883 receives a frame at time 98.8411s ++++
++++ frame_probe ID: 884 receives a frame at time 98.8411s ++++
++++ frame_probe ID: 890 receives a frame at time 98.8412s ++++
++++ frame_probe ID: 860 receives a frame at time 98.8481s ++++
++++ frame_probe ID: 882 receives a frame at time 98.8981s ++++
++++ frame_probe ID: 883 receives a frame at time 98.8982s ++++
++++ frame_probe ID: 884 receives a frame at time 98.8982s ++++
++++ frame_probe ID: 890 receives a frame at time 98.8982s ++++
++++ frame_probe ID: 860 receives a frame at time 98.9053s ++++
INFO: Detected an invalid packet at item 2912
INFO: Parser returned #f
INFO: Detected an invalid packet at item 2944
INFO: Parser returned #f
++++ frame_probe ID: 882 receives a frame at time 99.2351s ++++
++++ frame_probe ID: 883 receives a frame at time 99.2352s ++++
++++ frame_probe ID: 884 receives a frame at time 99.2352s ++++
++++ frame_probe ID: 890 receives a frame at time 99.2353s ++++
++++ frame_probe ID: 860 receives a frame at time 99.2423s ++++
++++ frame_probe ID: 882 receives a frame at time 99.2921s ++++
++++ frame_probe ID: 883 receives a frame at time 99.2922s ++++
++++ frame_probe ID: 884 receives a frame at time 99.2922s ++++
++++ frame_probe ID: 890 receives a frame at time 99.2923s ++++
++++ frame_probe ID: 860 receives a frame at time 99.2993s ++++
INFO: Detected an invalid packet at item 3040
INFO: Parser returned #f
measurement 1/2 complete in 11 second(s).
INFO: Detected an invalid packet at item 3072
INFO: Parser returned #f
++++ frame_probe ID: 882 receives a frame at time 99.5226s ++++
++++ frame_probe ID: 883 receives a frame at time 99.5226s ++++
++++ frame_probe ID: 884 receives a frame at time 99.5227s ++++
++++ frame_probe ID: 890 receives a frame at time 99.5227s ++++
++++ frame_probe ID: 860 receives a frame at time 99.5297s ++++
INFO: Detected an invalid packet at item 3136
INFO: Parser returned #f
++++ frame_probe ID: 882 receives a frame at time 99.5421s ++++
++++ frame_probe ID: 882 receives a frame at time 99.5898s ++++
++++ frame_probe ID: 883 receives a frame at time 99.5898s ++++
++++ frame_probe ID: 884 receives a frame at time 99.5899s ++++
++++ frame_probe ID: 890 receives a frame at time 99.59s ++++
++++ frame_probe ID: 860 receives a frame at time 99.597s ++++
INFO: Detected an invalid packet at item 3264
INFO: Parser returned #f
++++ frame_probe ID: 882 receives a frame at time 99.6002s ++++
++++ frame_probe ID: 882 receives a frame at time 99.6478s ++++
++++ frame_probe ID: 883 receives a frame at time 99.6478s ++++
++++ frame_probe ID: 884 receives a frame at time 99.6479s ++++
++++ frame_probe ID: 890 receives a frame at time 99.6479s ++++
++++ frame_probe ID: 860 receives a frame at time 99.6549s ++++
++++ frame_probe ID: 882 receives a frame at time 99.6672s ++++
INFO: Detected an invalid packet at item 3360
INFO: Parser returned #f
++++ frame_probe ID: 882 receives a frame at time 99.8492s ++++
++++ frame_probe ID: 883 receives a frame at time 99.8492s ++++
++++ frame_probe ID: 884 receives a frame at time 99.8492s ++++
++++ frame_probe ID: 890 receives a frame at time 99.8493s ++++
++++ frame_probe ID: 860 receives a frame at time 99.8562s ++++
INFO: Detected an invalid packet at item 3424
INFO: Parser returned #f
++++ frame_probe ID: 882 receives a frame at time 99.868s ++++
INFO: Detected an invalid packet at item 3488
INFO: Parser returned #f
++++ frame_probe ID: 882 receives a frame at time 99.9155s ++++
++++ frame_probe ID: 883 receives a frame at time 99.9155s ++++
++++ frame_probe ID: 884 receives a frame at time 99.9156s ++++
++++ frame_probe ID: 890 receives a frame at time 99.9156s ++++
++++ frame_probe ID: 860 receives a frame at time 99.9226s ++++
INFO: Detected an invalid packet at item 3552
INFO: Parser returned #f
++++ frame_probe ID: 882 receives a frame at time 99.9348s ++++
INFO: Detected an invalid packet at item 3616
INFO: Parser returned #f
++++ frame_probe ID: 882 receives a frame at time 99.9826s ++++
++++ frame_probe ID: 883 receives a frame at time 99.9826s ++++
++++ frame_probe ID: 884 receives a frame at time 99.9826s ++++
++++ frame_probe ID: 890 receives a frame at time 99.9826s ++++
++++ frame_probe ID: 860 receives a frame at time 99.9896s ++++
INFO: Detected an invalid packet at item 3680
INFO: Parser returned #f
++++ frame_probe ID: 882 receives a frame at time 0.002148s ++++
INFO: Detected an invalid packet at item 3744
INFO: Parser returned #f
++++ frame_probe ID: 882 receives a frame at time 0.04979s ++++
++++ frame_probe ID: 883 receives a frame at time 0.049846s ++++
++++ frame_probe ID: 884 receives a frame at time 0.049873s ++++
++++ frame_probe ID: 890 receives a frame at time 0.049903s ++++
++++ frame_probe ID: 860 receives a frame at time 0.056931s ++++
INFO: Detected an invalid packet at item 3808
INFO: Parser returned #f
++++ frame_probe ID: 882 receives a frame at time 0.069224s ++++
measurement 1/2 complete in 10 second(s).
INFO: Detected an invalid packet at item 3872
INFO: Parser returned #f
++++ frame_probe ID: 882 receives a frame at time 0.674318s ++++
++++ frame_probe ID: 883 receives a frame at time 0.674364s ++++
++++ frame_probe ID: 884 receives a frame at time 0.6744s ++++
++++ frame_probe ID: 890 receives a frame at time 0.674433s ++++
++++ frame_probe ID: 860 receives a frame at time 0.68145s ++++
INFO: Detected an invalid packet at item 3936
INFO: Parser returned #f
INFO: Detected an invalid packet at item 3968
INFO: Parser returned #f
INFO: Detected an invalid packet at item 4000
INFO: Parser returned #f
measurement 1/2 complete in 9 second(s).
INFO: Detected an invalid packet at item 4032
INFO: Parser returned #f
++++ frame_probe ID: 882 receives a frame at time 1.67266s ++++
++++ frame_probe ID: 883 receives a frame at time 1.67269s ++++
++++ frame_probe ID: 884 receives a frame at time 1.67273s ++++
++++ frame_probe ID: 890 receives a frame at time 1.67277s ++++
++++ frame_probe ID: 860 receives a frame at time 1.67988s ++++
++++ frame_probe ID: 882 receives a frame at time 1.69248s ++++
INFO: Detected an invalid packet at item 4128
INFO: Parser returned #f
++++ frame_probe ID: 882 receives a frame at time 1.73962s ++++
++++ frame_probe ID: 883 receives a frame at time 1.73968s ++++
++++ frame_probe ID: 884 receives a frame at time 1.7397s ++++
++++ frame_probe ID: 890 receives a frame at time 1.73973s ++++
++++ frame_probe ID: 860 receives a frame at time 1.74676s ++++
++++ frame_probe ID: 882 receives a frame at time 1.75894s ++++
INFO: Detected an invalid packet at item 4224
INFO: Parser returned #f
++++ frame_probe ID: 882 receives a frame at time 1.95097s ++++
++++ frame_probe ID: 883 receives a frame at time 1.95101s ++++
++++ frame_probe ID: 884 receives a frame at time 1.95103s ++++
++++ frame_probe ID: 890 receives a frame at time 1.95108s ++++
++++ frame_probe ID: 860 receives a frame at time 1.95806s ++++
INFO: Detected an invalid packet at item 4288
INFO: Parser returned #f
++++ frame_probe ID: 882 receives a frame at time 1.97043s ++++
INFO: Detected an invalid packet at item 4352
INFO: Parser returned #f
++++ frame_probe ID: 882 receives a frame at time 2.06638s ++++
++++ frame_probe ID: 883 receives a frame at time 2.06643s ++++
++++ frame_probe ID: 884 receives a frame at time 2.06647s ++++
++++ frame_probe ID: 890 receives a frame at time 2.06652s ++++
++++ frame_probe ID: 860 receives a frame at time 2.07351s ++++
++++ frame_probe ID: 882 receives a frame at time 2.0859s ++++
measurement 1/2 complete in 8 second(s).
INFO: Detected an invalid packet at item 4448
INFO: Parser returned #f
++++ frame_probe ID: 882 receives a frame at time 2.60371s ++++
++++ frame_probe ID: 883 receives a frame at time 2.60376s ++++
++++ frame_probe ID: 884 receives a frame at time 2.60379s ++++
++++ frame_probe ID: 890 receives a frame at time 2.60383s ++++
++++ frame_probe ID: 860 receives a frame at time 2.61089s ++++
INFO: Detected an invalid packet at item 4512
INFO: Parser returned #f
INFO: Detected an invalid packet at item 4544
INFO: Parser returned #f
INFO: Detected an invalid packet at item 4576
INFO: Parser returned #f
++++ frame_probe ID: 882 receives a frame at time 2.92049s ++++
++++ frame_probe ID: 883 receives a frame at time 2.92055s ++++
++++ frame_probe ID: 884 receives a frame at time 2.9206s ++++
++++ frame_probe ID: 890 receives a frame at time 2.92063s ++++
++++ frame_probe ID: 860 receives a frame at time 2.92761s ++++
++++ frame_probe ID: 882 receives a frame at time 2.93995s ++++
INFO: Detected an invalid packet at item 4672
INFO: Parser returned #f
++++ frame_probe ID: 882 receives a frame at time 3.15089s ++++
++++ frame_probe ID: 883 receives a frame at time 3.15095s ++++
++++ frame_probe ID: 884 receives a frame at time 3.15098s ++++
++++ frame_probe ID: 890 receives a frame at time 3.15101s ++++
++++ frame_probe ID: 860 receives a frame at time 3.15801s ++++
INFO: Detected an invalid packet at item 4768
++++ frame_probe ID: 882 receives a frame at time 3.1605s ++++
INFO: Parser returned #f
++++ frame_probe ID: 883 receives a frame at time 3.16054s ++++
++++ frame_probe ID: 885 receives a frame at time 3.16056s ++++
INFO: Detected an invalid packet at item 4800
INFO: Parser returned #f
measurement 1/2 complete in 7 second(s).
++++ frame_probe ID: 882 receives a frame at time 3.39066s ++++
++++ frame_probe ID: 883 receives a frame at time 3.39071s ++++
++++ frame_probe ID: 884 receives a frame at time 3.39076s ++++
++++ frame_probe ID: 890 receives a frame at time 3.39081s ++++
++++ frame_probe ID: 860 receives a frame at time 3.39788s ++++
++++ frame_probe ID: 882 receives a frame at time 3.41073s ++++
INFO: Detected an invalid packet at item 4896
INFO: Parser returned #f
++++ frame_probe ID: 882 receives a frame at time 3.57274s ++++
++++ frame_probe ID: 883 receives a frame at time 3.57278s ++++
++++ frame_probe ID: 884 receives a frame at time 3.57281s ++++
++++ frame_probe ID: 890 receives a frame at time 3.57284s ++++
++++ frame_probe ID: 860 receives a frame at time 3.57989s ++++
INFO: Detected an invalid packet at item 4960
INFO: Parser returned #f
++++ frame_probe ID: 882 receives a frame at time 3.59296s ++++
INFO: Detected an invalid packet at item 5024
INFO: Parser returned #f
++++ frame_probe ID: 882 receives a frame at time 3.81329s ++++
++++ frame_probe ID: 883 receives a frame at time 3.81333s ++++
++++ frame_probe ID: 884 receives a frame at time 3.81337s ++++
++++ frame_probe ID: 890 receives a frame at time 3.81341s ++++
++++ frame_probe ID: 860 receives a frame at time 3.82042s ++++
INFO: Detected an invalid packet at item 5088
INFO: Parser returned #f
++++ frame_probe ID: 882 receives a frame at time 3.83269s ++++
INFO: Detected an invalid packet at item 5152
INFO: Parser returned #f
++++ frame_probe ID: 882 receives a frame at time 4.28345s ++++
++++ frame_probe ID: 883 receives a frame at time 4.2835s ++++
++++ frame_probe ID: 884 receives a frame at time 4.28354s ++++
++++ frame_probe ID: 890 receives a frame at time 4.28357s ++++
++++ frame_probe ID: 860 receives a frame at time 4.29058s ++++
INFO: Detected an invalid packet at item 5216
INFO: Parser returned #f
++++ frame_probe ID: 882 receives a frame at time 4.3023s ++++
measurement 1/2 complete in 6 second(s).
INFO: Detected an invalid packet at item 5280
INFO: Parser returned #f
++++ frame_probe ID: 882 receives a frame at time 4.81074s ++++
++++ frame_probe ID: 883 receives a frame at time 4.81079s ++++
++++ frame_probe ID: 884 receives a frame at time 4.81085s ++++
++++ frame_probe ID: 890 receives a frame at time 4.81089s ++++
++++ frame_probe ID: 860 receives a frame at time 4.81794s ++++
INFO: Detected an invalid packet at item 5344
INFO: Parser returned #f
measurement 1/2 complete in 5 second(s).
INFO: Detected an invalid packet at item 5376
INFO: Parser returned #f
++++ frame_probe ID: 882 receives a frame at time 6.11572s ++++
++++ frame_probe ID: 883 receives a frame at time 6.11576s ++++
++++ frame_probe ID: 884 receives a frame at time 6.11584s ++++
++++ frame_probe ID: 890 receives a frame at time 6.11587s ++++
++++ frame_probe ID: 860 receives a frame at time 6.1231s ++++
INFO: Detected an invalid packet at item 5440
INFO: Parser returned #f
++++ frame_probe ID: 882 receives a frame at time 6.33723s ++++
++++ frame_probe ID: 883 receives a frame at time 6.33728s ++++
++++ frame_probe ID: 884 receives a frame at time 6.33735s ++++
++++ frame_probe ID: 890 receives a frame at time 6.33737s ++++
++++ frame_probe ID: 860 receives a frame at time 6.3445s ++++
INFO: Detected an invalid packet at item 5504
INFO: Parser returned #f
++++ frame_probe ID: 882 receives a frame at time 6.35743s ++++
measurement 1/2 complete in 4 second(s).
INFO: Detected an invalid packet at item 5568
INFO: Parser returned #f
++++ frame_probe ID: 882 receives a frame at time 6.6529s ++++
++++ frame_probe ID: 883 receives a frame at time 6.65296s ++++
++++ frame_probe ID: 884 receives a frame at time 6.65303s ++++
++++ frame_probe ID: 890 receives a frame at time 6.65305s ++++
++++ frame_probe ID: 860 receives a frame at time 6.66022s ++++
++++ frame_probe ID: 882 receives a frame at time 6.67318s ++++
INFO: Detected an invalid packet at item 5664
INFO: Parser returned #f
++++ frame_probe ID: 882 receives a frame at time 6.76809s ++++
++++ frame_probe ID: 883 receives a frame at time 6.76814s ++++
++++ frame_probe ID: 884 receives a frame at time 6.76821s ++++
++++ frame_probe ID: 890 receives a frame at time 6.76824s ++++
++++ frame_probe ID: 860 receives a frame at time 6.7753s ++++
INFO: Detected an invalid packet at item 5728
INFO: Parser returned #f
++++ frame_probe ID: 882 receives a frame at time 6.78822s ++++
INFO: Detected an invalid packet at item 5792
INFO: Parser returned #f
++++ frame_probe ID: 882 receives a frame at time 6.83516s ++++
++++ frame_probe ID: 883 receives a frame at time 6.83519s ++++
++++ frame_probe ID: 884 receives a frame at time 6.83522s ++++
++++ frame_probe ID: 890 receives a frame at time 6.83527s ++++
++++ frame_probe ID: 860 receives a frame at time 6.84225s ++++
++++ frame_probe ID: 882 receives a frame at time 6.85457s ++++
INFO: Detected an invalid packet at item 5888
INFO: Parser returned #f
++++ frame_probe ID: 882 receives a frame at time 6.96942s ++++
++++ frame_probe ID: 883 receives a frame at time 6.96948s ++++
++++ frame_probe ID: 884 receives a frame at time 6.96956s ++++
++++ frame_probe ID: 890 receives a frame at time 6.96959s ++++
++++ frame_probe ID: 860 receives a frame at time 6.97662s ++++
INFO: Detected an invalid packet at item 5952
INFO: Parser returned #f
++++ frame_probe ID: 882 receives a frame at time 7.2771s ++++
++++ frame_probe ID: 883 receives a frame at time 7.27715s ++++
++++ frame_probe ID: 884 receives a frame at time 7.27718s ++++
++++ frame_probe ID: 890 receives a frame at time 7.27722s ++++
++++ frame_probe ID: 860 receives a frame at time 7.28421s ++++
INFO: Detected an invalid packet at item 6016
INFO: Parser returned #f
++++ frame_probe ID: 882 receives a frame at time 7.29589s ++++
measurement 1/2 complete in 3 second(s).
INFO: Detected an invalid packet at item 6080
INFO: Parser returned #f
++++ frame_probe ID: 882 receives a frame at time 7.46788s ++++
++++ frame_probe ID: 883 receives a frame at time 7.46791s ++++
++++ frame_probe ID: 884 receives a frame at time 7.46794s ++++
++++ frame_probe ID: 890 receives a frame at time 7.46797s ++++
++++ frame_probe ID: 860 receives a frame at time 7.47499s ++++
INFO: Detected an invalid packet at item 6144
INFO: Parser returned #f
INFO: Detected an invalid packet at item 6176
INFO: Parser returned #f
INFO: Detected an invalid packet at item 6208
INFO: Parser returned #f
++++ frame_probe ID: 882 receives a frame at time 7.69948s ++++
++++ frame_probe ID: 883 receives a frame at time 7.69953s ++++
++++ frame_probe ID: 884 receives a frame at time 7.69956s ++++
++++ frame_probe ID: 890 receives a frame at time 7.69959s ++++
++++ frame_probe ID: 860 receives a frame at time 7.70663s ++++
INFO: Detected an invalid packet at item 6272
INFO: Parser returned #f
INFO: Detected an invalid packet at item 6304
INFO: Parser returned #f
++++ frame_probe ID: 882 receives a frame at time 7.82338s ++++
++++ frame_probe ID: 883 receives a frame at time 7.82343s ++++
++++ frame_probe ID: 884 receives a frame at time 7.82345s ++++
++++ frame_probe ID: 890 receives a frame at time 7.82348s ++++
++++ frame_probe ID: 860 receives a frame at time 7.83043s ++++
INFO: Detected an invalid packet at item 6368
INFO: Parser returned #f
INFO: Detected an invalid packet at item 6400
INFO: Parser returned #f
INFO: Detected an invalid packet at item 6432
INFO: Parser returned #f
++++ frame_probe ID: 882 receives a frame at time 8.11143s ++++
++++ frame_probe ID: 883 receives a frame at time 8.11148s ++++
++++ frame_probe ID: 884 receives a frame at time 8.11153s ++++
++++ frame_probe ID: 890 receives a frame at time 8.11158s ++++
++++ frame_probe ID: 860 receives a frame at time 8.11864s ++++
INFO: Detected an invalid packet at item 6496
INFO: Parser returned #f
++++ frame_probe ID: 882 receives a frame at time 8.13196s ++++
INFO: Detected an invalid packet at item 6560
INFO: Parser returned #f
++++ frame_probe ID: 882 receives a frame at time 8.1785s ++++
++++ frame_probe ID: 883 receives a frame at time 8.17855s ++++
++++ frame_probe ID: 884 receives a frame at time 8.17858s ++++
++++ frame_probe ID: 890 receives a frame at time 8.17862s ++++
++++ frame_probe ID: 860 receives a frame at time 8.18561s ++++
INFO: Detected an invalid packet at item 6624
INFO: Parser returned #f
++++ frame_probe ID: 882 receives a frame at time 8.19873s ++++
INFO: Detected an invalid packet at item 6688
INFO: Parser returned #f
++++ frame_probe ID: 882 receives a frame at time 8.33268s ++++
++++ frame_probe ID: 883 receives a frame at time 8.33272s ++++
++++ frame_probe ID: 884 receives a frame at time 8.33276s ++++
++++ frame_probe ID: 890 receives a frame at time 8.33278s ++++
++++ frame_probe ID: 860 receives a frame at time 8.33975s ++++
INFO: Detected an invalid packet at item 6752
INFO: Parser returned #f
++++ frame_probe ID: 882 receives a frame at time 8.35239s ++++
measurement 1/2 complete in 2 second(s).
INFO: Detected an invalid packet at item 6816
INFO: Parser returned #f
++++ frame_probe ID: 882 receives a frame at time 8.73561s ++++
++++ frame_probe ID: 883 receives a frame at time 8.73565s ++++
++++ frame_probe ID: 884 receives a frame at time 8.73569s ++++
++++ frame_probe ID: 890 receives a frame at time 8.73572s ++++
++++ frame_probe ID: 860 receives a frame at time 8.74281s ++++
INFO: Detected an invalid packet at item 6880
INFO: Parser returned #f
INFO: Detected an invalid packet at item 6912
INFO: Parser returned #f
INFO: Detected an invalid packet at item 6944
INFO: Parser returned #f
++++ frame_probe ID: 882 receives a frame at time 9.0423s ++++
++++ frame_probe ID: 883 receives a frame at time 9.04234s ++++
++++ frame_probe ID: 884 receives a frame at time 9.04239s ++++
++++ frame_probe ID: 890 receives a frame at time 9.04244s ++++
++++ frame_probe ID: 860 receives a frame at time 9.04949s ++++
INFO: Detected an invalid packet at item 7008
INFO: Parser returned #f
++++ frame_probe ID: 882 receives a frame at time 9.06255s ++++
measurement 1/2 complete in 1 second(s).
measurement 1 raw data directory created /home/inets/0_ba/bachelor_thesis/measurements/debug/data/109/1/.
regex pattern is: _________________________________
*_3.txt
/home/inets/source/gr-inets/results
receiver_ack_sent_3.txt receiver_data_received_3.txt receiver_frame_analyzed_3.txt receiver_frame_received_3.txt sender_ack_received_3.txt sender_frame_analyzed_3.txt sender_frame_checked_bad_3.txt sender_frame_checked_good_3.txt sender_frame_received_3.txt sender_retransmissions_3.txt
'receiver_ack_sent_3.txt' -> '/home/inets/0_ba/bachelor_thesis/measurements/debug/data/109/1/receiver_ack_sent_3.txt'
'receiver_data_received_3.txt' -> '/home/inets/0_ba/bachelor_thesis/measurements/debug/data/109/1/receiver_data_received_3.txt'
'receiver_frame_analyzed_3.txt' -> '/home/inets/0_ba/bachelor_thesis/measurements/debug/data/109/1/receiver_frame_analyzed_3.txt'
'receiver_frame_received_3.txt' -> '/home/inets/0_ba/bachelor_thesis/measurements/debug/data/109/1/receiver_frame_received_3.txt'
'sender_ack_received_3.txt' -> '/home/inets/0_ba/bachelor_thesis/measurements/debug/data/109/1/sender_ack_received_3.txt'
'sender_frame_analyzed_3.txt' -> '/home/inets/0_ba/bachelor_thesis/measurements/debug/data/109/1/sender_frame_analyzed_3.txt'
'sender_frame_checked_bad_3.txt' -> '/home/inets/0_ba/bachelor_thesis/measurements/debug/data/109/1/sender_frame_checked_bad_3.txt'
'sender_frame_checked_good_3.txt' -> '/home/inets/0_ba/bachelor_thesis/measurements/debug/data/109/1/sender_frame_checked_good_3.txt'
'sender_frame_received_3.txt' -> '/home/inets/0_ba/bachelor_thesis/measurements/debug/data/109/1/sender_frame_received_3.txt'
'sender_retransmissions_3.txt' -> '/home/inets/0_ba/bachelor_thesis/measurements/debug/data/109/1/sender_retransmissions_3.txt'
measurement 1 raw data moved to /home/inets/0_ba/bachelor_thesis/measurements/debug/data/109/1/.

measurement 2/2 complete in 20 second(s).
linux; GNU C++ version 5.4.0 20160609; Boost_105800; UHD_003.009.005-45-g6768a615
linux; GNU C++ version 5.4.0 20160609; Boost_105800; UHD_003.009.005-45-g6768a615


Using Volk machine: avx_64_mmx
develop_mode of timeout ID: 10 is activated.
-- Opening a USRP2/N-Series device...
Using Volk machine: avx_64_mmx
-- Opening a USRP2/N-Series device...
-- Current recv frame size: 1472 bytes
-- Current send frame size: 1472 bytes
-- Current recv frame size: 1472 bytes
-- Current send frame size: 1472 bytes
measurement 2/2 complete in 19 second(s).
develop_mode of general_timer ID: 1 is activated.
INFO: Detected an invalid packet at item 0
INFO: Parser returned #f
++++ frame_probe ID: 882 receives a frame at time 11.8457s ++++
++++ frame_probe ID: 883 receives a frame at time 11.8457s ++++
++++ frame_probe ID: 884 receives a frame at time 11.8458s ++++
++++ frame_probe ID: 890 receives a frame at time 11.8458s ++++
++++ frame_probe ID: 860 receives a frame at time 11.8529s ++++
++++ frame_probe ID: 1082 receives a frame at time 11.8599s ++++
++++ frame_probe ID: 1083 receives a frame at time 11.86s ++++
++++ frame_probe ID: 1084 receives a frame at time 11.86s ++++
+++  timeout ID: ++++ frame_probe ID: 10 kill timeout  +++1090 receives a frame at time 11.8601s ++++
++++ frame_probe ID: 882 receives a frame at time 11.865s ++++
++++ frame_probe ID: 882 receives a frame at time 11.9127s ++++
++++ frame_probe ID: 883 receives a frame at time 11.9127s ++++
++++ frame_probe ID: 884 receives a frame at time 11.9127s ++++
++++ frame_probe ID: 890 receives a frame at time 11.9128s ++++
++++ frame_probe ID: 860 receives a frame at time 11.9198s ++++
INFO: Detected an invalid packet at item 128
INFO: Parser returned #f
++++ frame_probe ID: 882 receives a frame at time 11.9329s ++++
INFO: Detected an invalid packet at item 192
INFO: Parser returned #f
++++ frame_probe ID: 882 receives a frame at time 12.326s ++++
++++ frame_probe ID: 883 receives a frame at time 12.326s ++++
++++ frame_probe ID: 884 receives a frame at time 12.3261s ++++
++++ frame_probe ID: 890 receives a frame at time 12.3261s ++++
++++ frame_probe ID: 860 receives a frame at time 12.3331s ++++
INFO: Detected an invalid packet at item 256
INFO: Parser returned #f
++++ frame_probe ID: 882 receives a frame at time 12.3455s ++++
INFO: Detected an invalid packet at item 320
INFO: Parser returned #f
measurement 2/2 complete in 18 second(s).
++++ frame_probe ID: 882 receives a frame at time 12.4119s ++++
++++ frame_probe ID: 883 receives a frame at time 12.412s ++++
++++ frame_probe ID: 884 receives a frame at time 12.4121s ++++
++++ frame_probe ID: 890 receives a frame at time 12.4121s ++++
++++ frame_probe ID: 860 receives a frame at time 12.4191s ++++
INFO: Detected an invalid packet at item 384
INFO: Parser returned #f
++++ frame_probe ID: 882 receives a frame at time 12.4321s ++++
INFO: Detected an invalid packet at item 448
INFO: Parser returned #f
++++ frame_probe ID: 882 receives a frame at time 12.5946s ++++
++++ frame_probe ID: 883 receives a frame at time 12.5946s ++++
++++ frame_probe ID: 884 receives a frame at time 12.5947s ++++
++++ frame_probe ID: 890 receives a frame at time 12.5947s ++++
++++ frame_probe ID: 860 receives a frame at time 12.6018s ++++
++++ frame_probe ID: 882 receives a frame at time 12.6147s ++++
INFO: Detected an invalid packet at item 544
INFO: Parser returned #f
++++ frame_probe ID: 882 receives a frame at time 12.6715s ++++
++++ frame_probe ID: 883 receives a frame at time 12.6715s ++++
++++ frame_probe ID: 884 receives a frame at time 12.6716s ++++
++++ frame_probe ID: 890 receives a frame at time 12.6716s ++++
++++ frame_probe ID: 860 receives a frame at time 12.6787s ++++
INFO: Detected an invalid packet at item 608
INFO: Parser returned #f
++++ frame_probe ID: 882 receives a frame at time 12.6909s ++++
INFO: Detected an invalid packet at item 672
INFO: Parser returned #f
++++ frame_probe ID: 882 receives a frame at time 12.7388s ++++
++++ frame_probe ID: 883 receives a frame at time 12.7388s ++++
++++ frame_probe ID: 884 receives a frame at time 12.7388s ++++
++++ frame_probe ID: 890 receives a frame at time 12.7388s ++++
++++ frame_probe ID: 860 receives a frame at time 12.746s ++++
INFO: Detected an invalid packet at item 736
INFO: Parser returned #f
++++ frame_probe ID: 882 receives a frame at time 12.7575s ++++
INFO: Detected an invalid packet at item 800
INFO: Parser returned #f
++++ frame_probe ID: 882 receives a frame at time 13.2181s ++++
++++ frame_probe ID: 883 receives a frame at time 13.2181s ++++
++++ frame_probe ID: 884 receives a frame at time 13.2182s ++++
++++ frame_probe ID: 890 receives a frame at time 13.2182s ++++
++++ frame_probe ID: 860 receives a frame at time 13.2253s ++++
INFO: Detected an invalid packet at item 864
INFO: Parser returned #f
++++ frame_probe ID: 882 receives a frame at time 13.2376s ++++
INFO: Detected an invalid packet at item 928
INFO: Parser returned #f
++++ frame_probe ID: 882 receives a frame at time 13.285s ++++
++++ frame_probe ID: 883 receives a frame at time 13.2851s ++++
++++ frame_probe ID: 884 receives a frame at time 13.2851s ++++
++++ frame_probe ID: 890 receives a frame at time 13.2851s ++++
++++ frame_probe ID: 860 receives a frame at time 13.2921s ++++
++++ frame_probe ID: 882 receives a frame at time 13.3044s ++++
INFO: Detected an invalid packet at item 1024
INFO: Parser returned #f
measurement 2/2 complete in 17 second(s).
++++ frame_probe ID: 882 receives a frame at time 13.4002s ++++
++++ frame_probe ID: 883 receives a frame at time 13.4003s ++++
++++ frame_probe ID: 884 receives a frame at time 13.4003s ++++
++++ frame_probe ID: 890 receives a frame at time 13.4004s ++++
++++ frame_probe ID: 860 receives a frame at time 13.4074s ++++
++++ frame_probe ID: 882 receives a frame at time 13.4196s ++++
measurement 2/2 complete in 16 second(s).
INFO: Detected an invalid packet at item 1120
INFO: Parser returned #f
++++ frame_probe ID: 882 receives a frame at time 15.1384s ++++
++++ frame_probe ID: ++++ frame_probe ID: 884 receives a frame at time 883 receives a frame at time 15.1385s ++++
15.1385s ++++
++++ frame_probe ID: 890 receives a frame at time 15.1385s ++++
++++ frame_probe ID: 860 receives a frame at time 15.1459s ++++
INFO: Detected an invalid packet at item 1184
INFO: Parser returned #f
INFO: Detected an invalid packet at item 1216
INFO: Parser returned #f
++++ frame_probe ID: 882 receives a frame at time 15.2043s ++++
++++ frame_probe ID: 883 receives a frame at time 15.2044s ++++
++++ frame_probe ID: 884 receives a frame at time 15.2044s ++++
++++ frame_probe ID: 890 receives a frame at time 15.2044s ++++
++++ frame_probe ID: 860 receives a frame at time 15.2114s ++++
++++ frame_probe ID: 882 receives a frame at time 15.2246s ++++
INFO: Detected an invalid packet at item 1312
INFO: Parser returned #f
++++ frame_probe ID: 882 receives a frame at time 15.3197s ++++
++++ frame_probe ID: 883 receives a frame at time 15.3197s ++++
++++ frame_probe ID: 884 receives a frame at time 15.3198s ++++
++++ frame_probe ID: 890 receives a frame at time 15.3198s ++++
++++ frame_probe ID: 860 receives a frame at time 15.327s ++++
INFO: Detected an invalid packet at item 1376
INFO: Parser returned #f
++++ frame_probe ID: 882 receives a frame at time 15.3394s ++++
measurement 2/2 complete in 15 second(s).
INFO: Detected an invalid packet at item 1440
INFO: Parser returned #f
++++ frame_probe ID: 882 receives a frame at time 15.829s ++++
++++ frame_probe ID: 883 receives a frame at time 15.829s ++++
++++ frame_probe ID: 884 receives a frame at time 15.829s ++++
++++ frame_probe ID: 890 receives a frame at time 15.8291s ++++
++++ frame_probe ID: 860 receives a frame at time 15.8362s ++++
INFO: Detected an invalid packet at item 1504
INFO: Parser returned #f
++++ frame_probe ID: 882 receives a frame at time 15.8489s ++++
measurement 2/2 complete in 14 second(s).
INFO: Detected an invalid packet at item 1568
INFO: Parser returned #f
++++ frame_probe ID: 882 receives a frame at time 16.6637s ++++
++++ frame_probe ID: 883 receives a frame at time 16.6638s ++++
++++ frame_probe ID: 884 receives a frame at time 16.6638s ++++
++++ frame_probe ID: 890 receives a frame at time 16.6639s ++++
++++ frame_probe ID: 860 receives a frame at time 16.6709s ++++
INFO: Detected an invalid packet at item 1632
INFO: Parser returned #f
++++ frame_probe ID: 882 receives a frame at time 16.683s ++++
INFO: Detected an invalid packet at item 1696
INFO: Parser returned #f
++++ frame_probe ID: 882 receives a frame at time 16.817s ++++
++++ frame_probe ID: 883 receives a frame at time 16.817s ++++
++++ frame_probe ID: 884 receives a frame at time 16.8171s ++++
++++ frame_probe ID: 890 receives a frame at time 16.8171s ++++
++++ frame_probe ID: 860 receives a frame at time 16.8242s ++++
INFO: Detected an invalid packet at item 1760
INFO: Parser returned #f
++++ frame_probe ID: 882 receives a frame at time 16.8364s ++++
INFO: Detected an invalid packet at item 1824
INFO: Parser returned #f
++++ frame_probe ID: 882 receives a frame at time 17.191s ++++
++++ frame_probe ID: 883 receives a frame at time 17.191s ++++
++++ frame_probe ID: 884 receives a frame at time 17.191s ++++
++++ frame_probe ID: 890 receives a frame at time 17.1911s ++++
++++ frame_probe ID: 860 receives a frame at time 17.198s ++++
INFO: Detected an invalid packet at item 1888
INFO: Parser returned #f
++++ frame_probe ID: 882 receives a frame at time 17.2102s ++++
measurement 2/2 complete in 13 second(s).
INFO: Detected an invalid packet at item 1952
INFO: Parser returned #f
++++ frame_probe ID: 882 receives a frame at time 17.4975s ++++
++++ frame_probe ID: 883 receives a frame at time 17.4976s ++++
++++ frame_probe ID: 884 receives a frame at time 17.4976s ++++
++++ frame_probe ID: 890 receives a frame at time 17.4977s ++++
++++ frame_probe ID: 860 receives a frame at time 17.5047s ++++
INFO: Detected an invalid packet at item 2016
INFO: Parser returned #f
++++ frame_probe ID: 882 receives a frame at time 17.5179s ++++
INFO: Detected an invalid packet at item 2080
INFO: Parser returned #f
++++ frame_probe ID: 882 receives a frame at time 17.7954s ++++
++++ frame_probe ID: 883 receives a frame at time 17.7954s ++++
++++ frame_probe ID: 884 receives a frame at time 17.7955s ++++
++++ frame_probe ID: 890 receives a frame at time 17.7955s ++++
++++ frame_probe ID: 860 receives a frame at time 17.8026s ++++
INFO: Detected an invalid packet at item 2144
INFO: Parser returned #f
INFO: Detected an invalid packet at item 2176
INFO: Parser returned #f
INFO: Detected an invalid packet at item 2208
INFO: Parser returned #f
++++ frame_probe ID: 882 receives a frame at time 18.1603s ++++
++++ frame_probe ID: 883 receives a frame at time 18.1604s ++++
++++ frame_probe ID: 884 receives a frame at time 18.1604s ++++
++++ frame_probe ID: 890 receives a frame at time 18.1605s ++++
++++ frame_probe ID: 860 receives a frame at time 18.1675s ++++
INFO: Detected an invalid packet at item 2272
INFO: Parser returned #f
++++ frame_probe ID: 882 receives a frame at time 18.1801s ++++
INFO: Detected an invalid packet at item 2336
INFO: Parser returned #f
++++ frame_probe ID: 882 receives a frame at time 18.2655s ++++
++++ frame_probe ID: 883 receives a frame at time 18.2655s ++++
++++ frame_probe ID: 884 receives a frame at time 18.2655s ++++
++++ frame_probe ID: 890 receives a frame at time 18.2656s ++++
++++ frame_probe ID: 860 receives a frame at time 18.2726s ++++
INFO: Detected an invalid packet at item 2400
INFO: Parser returned #f
measurement 2/2 complete in 12 second(s).
INFO: Detected an invalid packet at item 2432
INFO: Parser returned #f
++++ frame_probe ID: 882 receives a frame at time 18.871s ++++
++++ frame_probe ID: 883 receives a frame at time 18.8711s ++++
++++ frame_probe ID: 884 receives a frame at time 18.8712s ++++
++++ frame_probe ID: 890 receives a frame at time 18.8712s ++++
++++ frame_probe ID: 860 receives a frame at time 18.8783s ++++
++++ frame_probe ID: 882 receives a frame at time 18.8802s ++++
INFO: Detected an invalid packet at item 2528
INFO: Parser returned #f
