measurement 1/2 complete in 20 second(s).
linux; GNU C++ version 5.4.0 20160609; Boost_105800; UHD_003.009.005-45-g6768a615
linux; GNU C++ version 5.4.0 20160609; Boost_105800; UHD_003.009.005-45-g6768a615


Using Volk machine: avx_64_mmx
-- Opening a USRP2/N-Series device...
Using Volk machine: avx_64_mmx
-- Opening a USRP2/N-Series device...
-- Current recv frame size: 1472 bytes
-- Current recv frame size: 1472 bytes
-- Current send frame size: 1472 bytes
-- Current send frame size: 1472 bytes
measurement 1/2 complete in 19 second(s).
develop mode of resend_check ID: 24 is activated.
develop mode of resend_check ID: 24 is activated.
the 880th message counter is activated.
the 100th message counter is activated.
develop_mode of backoff ID 100 is activated.
develop_mode of backoff ID 10 is activated.
the 100th message counter is activated.
develop_mode of backoff ID 8 is activated.
measurement 1/2 complete in 18 second(s).
node starts running at 40.3746
node starts running at 40.3797
++++ frame_probe ID: 1050 receives a frame at time 40.5501s ++++
++++ frame_probe ID: 1060 receives a frame at time 40.5911s ++++
++++ frame_probe ID: 882 receives a frame at time 40.5995s ++++
++++ frame_probe ID: 884 receives a frame at time ++++ frame_probe ID: 883 receives a frame at time 40.5996s ++++
40.5996s ++++
++++ frame_probe ID: 890 receives a frame at time 40.5997s ++++
++++ frame_probe ID: 860 receives a frame at time 40.6098s ++++
++++ frame_probe ID: 1082 receives a frame at time 40.6174s ++++
++++ frame_probe ID: 1083 receives a frame at time 40.6174s ++++
++++ frame_probe ID: 1084 receives a frame at time 40.6175s ++++
++++ frame_probe ID: 1090 receives a frame at time 40.6175s ++++
counter results at time 9740.62 is 0
backoff ID 100 is trigger by ACK frame means the last DATA frame is successfully acked. 
++++ backoff ID: 100 starts the 5th backoff. 
++++ frame_probe ID: 882 receives a frame at time 40.6191s ++++
++++ backoff ID: 100 is expired at time 0.696482 s.  actual duration is: 0.0780439s and the timer bias is 6.19888e-05s
the 100th message counter node3_acked has been visited 1 times  
++++ frame_probe ID: 1050 receives a frame at time 40.7121s ++++
++++ frame_probe ID: 1060 receives a frame at time 40.7526s ++++
++++ frame_probe ID: 882 receives a frame at time 40.7626s ++++
++++ frame_probe ID: 883 receives a frame at time 40.7627s ++++
++++ frame_probe ID: 884 receives a frame at time 40.7627s ++++
++++ frame_probe ID: 890 receives a frame at time 40.7627s ++++
++++ frame_probe ID: 860 receives a frame at time 40.7727s ++++
++++ frame_probe ID: 882 receives a frame at time 40.7729s ++++
++++ frame_probe ID: 1082 receives a frame at time 40.7807s ++++
++++ frame_probe ID: 1083 receives a frame at time 40.7808s ++++
+++++++++ frame_probe ID: 1085 +++++++++ ---- ack frame detected ---- frame index is:            1;    destination address is:    3;    source address is:         1;    number of transmission is: 1;    reserved field I is:       43159;    reserved field II is:      43074;    payload length is:           35362;    header length is:          11;    address check is:          0;    good frame is:             0;    analysis time is:             1.50237e+09;    frame info contains a frame with length 15 bytes: 
++++ frame_probe ID: 1082 receives a frame at time 40.7815s ++++
++++ frame_probe ID: 1083 receives a frame at time 40.7815s ++++
++++ frame_probe ID: 1084 receives a frame at time 40.7816s ++++
counter results at time 9740.78++++ frame_probe ID:  is 0
1090 receives a frame at time 40.7816s ++++
backoff ID 100 is trigger by ACK frame means the last DATA frame is successfully acked. 
++++ backoff ID: 100 starts the 5th backoff. 
++++ frame_probe ID: 882 receives a frame at time 40.782s ++++
++++ backoff ID: 100 is expired at time 0.907725 s.  actual duration is: 0.126043s and the timer bias is 6.48499e-05s
the 100th message counter node3_acked has been visited 2 times  
++++ frame_probe ID: 1050 receives a frame at time 40.923s ++++
++++ frame_probe ID: 1060 receives a frame at time 40.9638s ++++
INFO: Detected an invalid packet at item 96
INFO: Parser returned #f
++++ frame_probe ID: 882 receives a frame at time 40.9744s ++++
++++ frame_probe ID: 883 receives a frame at time 40.9744s ++++
++++ frame_probe ID: 884 receives a frame at time 40.9745s ++++
++++ frame_probe ID: 890 receives a frame at time 40.9745s ++++
++++ frame_probe ID: 882 receives a frame at time 40.9843s ++++
++++ frame_probe ID: 860 receives a frame at time 40.9847s ++++
++++ frame_probe ID: 1082 receives a frame at time 40.9916s ++++
++++ frame_probe ID: 1083 receives a frame at time 40.9916s ++++
++++ frame_probe ID: 1084 receives a frame at time 40.9916s ++++
counter results at time 9740.99 is 0
++++ frame_probe ID: 1090 receives a frame at time 40.9917s ++++
backoff ID 100 is trigger by ACK frame means the last DATA frame is successfully acked. 
++++ backoff ID: 100 starts the 5th backoff. 
++++ frame_probe ID: 1082 receives a frame at time 40.9918s ++++
++++ frame_probe ID: 1083 receives a frame at time 40.9918s ++++
++++ frame_probe ID: 1084 receives a frame at time 40.9918s ++++
counter results at time ++++ frame_probe ID: 1090 receives a frame at time 9740.99 is 0
40.9919s ++++
++++ frame_probe ID: 882 receives a frame at time 40.9938s ++++
measurement 1/2 complete in 17 second(s).
++++ backoff ID: 100 is expired at time 1.0158 s.  actual duration is: 0.0240359s and the timer bias is 6.19888e-05s
the 100th message counter node3_acked has been visited 3 times  
++++ frame_probe ID: 1050 receives a frame at time 41.031s ++++
++++ frame_probe ID: 1060 receives a frame at time 41.0717s ++++
++++ frame_probe ID: 882 receives a frame at time 41.0796s ++++
++++ frame_probe ID: 883 receives a frame at time 41.0797s ++++
++++ frame_probe ID: 884 receives a frame at time 41.0797s ++++
++++ frame_probe ID: 890 receives a frame at time 41.0797s ++++
++++ frame_probe ID: 1082 receives a frame at time 41.0874s ++++
++++ frame_probe ID: 1084 receives a frame at time 41.0875s ++++
++++ frame_probe ID: 1083 receives a frame at time counter results at time 9741.09 is 0
++++ frame_probe ID: 1090 receives a frame at time 41.0876s ++++
41.0875s ++++
backoff ID 100 is trigger by ACK frame means the last DATA frame is successfully acked. 
++++ backoff ID: 100 starts the 5th backoff. 
++++ frame_probe ID: 882 receives a frame at time 41.0899s ++++
++++ frame_probe ID: 860 receives a frame at time 41.09s ++++
++++ frame_probe ID: 1082 receives a frame at time 41.0975s ++++
++++ frame_probe ID: 1083 receives a frame at time 41.0975s ++++
++++ frame_probe ID: 1084 receives a frame at time 41.0975s ++++
counter results at time 9741.1++++ frame_probe ID:  is 1090 receives a frame at time 0
41.0975s ++++
++++ frame_probe ID: 882 receives a frame at time 41.0988s ++++
++++ backoff ID: 100 is expired at time 1.27368 s.  actual duration is: 0.186029s and the timer bias is 6.48499e-05s
the 100th message counter node3_acked has been visited 4 times  
++++ frame_probe ID: 1050 receives a frame at time 41.289s ++++
++++ frame_probe ID: 1060 receives a frame at time 41.3296s ++++
INFO: Detected an invalid packet at item 256
INFO: Parser returned #f
++++ frame_probe ID: 882 receives a frame at time 41.3391s ++++
++++ frame_probe ID: 883 receives a frame at time 41.3391s ++++
++++ frame_probe ID: 884 receives a frame at time 41.3392s ++++
++++ frame_probe ID: 890 receives a frame at time 41.3392s ++++
++++ frame_probe ID: 1082 receives a frame at time 41.3472s ++++
++++ frame_probe ID: 1083 receives a frame at time 41.3472s ++++
++++ frame_probe ID: 1084 receives a frame at time 41.3473s ++++
counter results at time 9741.35 is 0
++++ frame_probe ID: 1090 receives a frame at time 41.3474s ++++
backoff ID 100 is trigger by ACK frame means the last DATA frame is successfully acked. 
++++ backoff ID: 100 starts the 5th backoff. 
++++ frame_probe ID: 882 receives a frame at time 41.3494s ++++
++++ frame_probe ID: 860 receives a frame at time 41.3497s ++++
++++ frame_probe ID: 1082 receives a frame at time 41.3559s ++++
++++ frame_probe ID: 1083 receives a frame at time 41.3559s ++++
++++ frame_probe ID: 1084 receives a frame at time 41.3559s ++++
counter results at time 9741.36 is 0
++++ frame_probe ID: 1090 receives a frame at time 41.356s ++++
++++ frame_probe ID: 882 receives a frame at time 41.3583s ++++
++++ backoff ID: 100 is expired at time 1.49154 s.  actual duration is: 0.144053s and the timer bias is 6.41346e-05s
the 100th message counter node3_acked has been visited 5 times  
++++ frame_probe ID: 1050 receives a frame at time 41.5068s ++++
++++ frame_probe ID: 1060 receives a frame at time 41.5476s ++++
++++ frame_probe ID: 882 receives a frame at time 41.5508s ++++
++++ frame_probe ID: 883 receives a frame at time 41.5508s ++++
++++ frame_probe ID: 884 receives a frame at time 41.5509s ++++
++++ frame_probe ID: 890 receives a frame at time 41.551s ++++
++++ frame_probe ID: 860 receives a frame at time 41.5612s ++++
++++ frame_probe ID: 1082 receives a frame at time 41.5676s ++++
++++ frame_probe ID: 882 receives a frame at time 41.57s ++++
++++ backoff ID: 10 starts the 5th backoff. 
++++ backoff ID: 10 is expired at time 1.78746 s.  actual duration is: 0.138028s and the timer bias is 6.29425e-05s
a data frame with index 5 from node: 3 has been transmitted 2th time
++++ frame_probe ID: 1050 receives a frame at time 41.8028s ++++
++++ frame_probe ID: 1060 receives a frame at time 41.8437s ++++
++++ frame_probe ID: 882 receives a frame at time 41.8484s ++++
++++ frame_probe ID: 883 receives a frame at time 41.8485s ++++
++++ frame_probe ID: 884 receives a frame at time 41.8485s ++++
++++ frame_probe ID: 890 receives a frame at time 41.8486s ++++
INFO: Detected an invalid packet at item 384
INFO: Parser returned #f
++++ frame_probe ID: 860 receives a frame at time 41.8588s ++++
INFO: Detected an invalid packet at item 416
INFO: Parser returned #f
++++ frame_probe ID: 882 receives a frame at time 41.8677s ++++
++++ backoff ID: 10 starts the 6th backoff. 
measurement 1/2 complete in 16 second(s).
++++ backoff ID: 10 is expired at time 2.01735 s.  actual duration is: 0.0720091s and the timer bias is 6.38962e-05s
a data frame with index 5 from node: 3 has been transmitted 3th time
++++ frame_probe ID: 1050 receives a frame at time 42.0327s ++++
++++ frame_probe ID: 1060 receives a frame at time 42.0735s ++++
++++ frame_probe ID: 882 receives a frame at time 42.0779s ++++
++++ frame_probe ID: 883 receives a frame at time 42.078s ++++
++++ frame_probe ID: 884 receives a frame at time 42.078s ++++
++++ frame_probe ID: 890 receives a frame at time 42.0781s ++++
++++ frame_probe ID: 860 receives a frame at time 42.0882s ++++
++++ frame_probe ID: 1082 receives a frame at time 42.0957s ++++
++++ frame_probe ID: 1083 receives a frame at time 42.0958s ++++
+++++++++ frame_probe ID: 1085 +++++++++ ---- ack frame detected ---- frame index is:            5;    destination address is:    3;    source address is:         1;    number of transmission is: 1;    reserved field I is:       318;    reserved field II is:      43790;    payload length is:           43690;    header length is:          11;    address check is:          0;    good frame is:             0;    analysis time is:             1.50237e+09;    frame info contains a frame with length 15 bytes: 
++++ frame_probe ID: 882 receives a frame at time 42.0981s ++++
++++ backoff ID: 10 starts the 7th backoff. 
++++ backoff ID: 10 is expired at time 2.30097 s.  actual duration is: 0.126062s and the timer bias is 6.38962e-05s
a data frame with index 5 from node: 3 has been transmitted 4th time
++++ frame_probe ID: 1050 receives a frame at time 42.3163s ++++
++++ frame_probe ID: 1060 receives a frame at time 42.3569s ++++
INFO: Detected an invalid packet at item 480
INFO: Parser returned #f
++++ frame_probe ID: 882 receives a frame at time 42.3663s ++++
++++ frame_probe ID: 883 receives a frame at time 42.3664s ++++
++++ frame_probe ID: ++++ frame_probe ID: 884 receives a frame at time 890 receives a frame at time 42.3665s ++++
42.3665s ++++
++++ frame_probe ID: 1082 receives a frame at time 42.3733s ++++
++++ frame_probe ID: 1083 receives a frame at time 42.3734s ++++
++++ frame_probe ID: 1084 receives a frame at time 42.3734s ++++
counter results at time 9742.37 is 3
++++ frame_probe ID: 1090 receives a frame at time 42.3734s ++++
backoff ID 100 is trigger by ACK frame means the last DATA frame is successfully acked. 
++++ backoff ID: 100 starts the 5th backoff. 
++++ frame_probe ID: 882 receives a frame at time 42.3757s ++++
++++ frame_probe ID: 860 receives a frame at time 42.3766s ++++
++++ frame_probe ID: 1082 receives a frame at time 42.3832s ++++
++++ frame_probe ID: 1083 receives a frame at time 42.3832s ++++
++++ frame_probe ID: 1084 receives a frame at time 42.3833s ++++
counter results at time 9742.38 is 0
++++ frame_probe ID: 1090 receives a frame at time 42.3833s ++++
++++ frame_probe ID: 882 receives a frame at time 42.3856s ++++
++++ backoff ID: 100 is expired at time 2.40352 s.  actual duration is: 0.0300009s and the timer bias is 6.19888e-05s
the 100th message counter node3_acked has been visited 6 times  
++++ frame_probe ID: 1050 receives a frame at time 42.4188s ++++
++++ frame_probe ID: 1060 receives a frame at time 42.4595s ++++
++++ frame_probe ID: 882 receives a frame at time 42.4625s ++++
++++ frame_probe ID: 883 receives a frame at time 42.4626s ++++
++++ frame_probe ID: 884 receives a frame at time 42.4626s ++++
++++ frame_probe ID: 890 receives a frame at time 42.4627s ++++
++++ frame_probe ID: 860 receives a frame at time 42.4728s ++++
INFO: Detected an invalid packet at item 576
INFO: Parser returned #f
++++ frame_probe ID: 882 receives a frame at time 42.4825s ++++
++++ backoff ID: 10 starts the 5th backoff. 
++++ backoff ID: 10 is expired at time 2.61471 s.  actual duration is: 0.0540431s and the timer bias is 7.51019e-05s
a data frame with index 6 from node: 3 has been transmitted 2th time
++++ frame_probe ID: 1050 receives a frame at time 42.6299s ++++
++++ frame_probe ID: 1060 receives a frame at time 42.6709s ++++
++++ frame_probe ID: 882 receives a frame at time 42.6831s ++++
++++ frame_probe ID: 883 receives a frame at time 42.6831s ++++
++++ frame_probe ID: 884 receives a frame at time 42.6832s ++++
++++ frame_probe ID: 890 receives a frame at time 42.6832s ++++
++++ frame_probe ID: 1082 receives a frame at time 42.6911s ++++
++++ frame_probe ID: 1083 receives a frame at time 42.6911s ++++
++++ frame_probe ID: 1084 receives a frame at time 42.6911s ++++
counter results at time 9742.69 is 1
++++ frame_probe ID: 1090 receives a frame at time 42.6912s ++++
backoff ID 100 is trigger by ACK frame means the last DATA frame is successfully acked. 
++++ backoff ID: 100 starts the 5th backoff. 
++++ frame_probe ID: 882 receives a frame at time 42.6924s ++++
++++ frame_probe ID: 860 receives a frame at time 42.6934s ++++
++++ frame_probe ID: 1082 receives a frame at time 42.7s ++++
++++ frame_probe ID: 1083 receives a frame at time 42.7s ++++
++++ frame_probe ID: 1084 receives a frame at time 42.7s ++++
counter results at time ++++ frame_probe ID: 1090 receives a frame at time 9742.7 is 0
42.7001s ++++
++++ frame_probe ID: 882 receives a frame at time 42.7023s ++++
++++ backoff ID: 100 is expired at time 2.75129 s.  actual duration is: 0.0600331s and the timer bias is 5.79357e-05s
the 100th message counter node3_acked has been visited 7 times  
++++ frame_probe ID: 1050 receives a frame at time 42.7665s ++++
++++ frame_probe ID: 1060 receives a frame at time 42.8073s ++++
++++ frame_probe ID: 882 receives a frame at time 42.8176s ++++
++++ frame_probe ID: 883 receives a frame at time 42.8177s ++++
++++ frame_probe ID: 884 receives a frame at time 42.8177s ++++
++++ frame_probe ID: 890 receives a frame at time 42.8178s ++++
++++ frame_probe ID: 860 receives a frame at time 42.8279s ++++
++++ frame_probe ID: 882 receives a frame at time 42.8367s ++++
++++ frame_probe ID: 1082 receives a frame at time 42.8383s ++++
++++ frame_probe ID: 1083 receives a frame at time 42.8383s ++++
+++++++++ frame_probe ID: 1085 +++++++++ ---- ack frame detected ---- frame index is:            7;    destination address is:    3;    source address is:         1;    number of transmission is: 1;    reserved field I is:       318;    reserved field II is:      600;    payload length is:           0;    header length is:          11;    address check is:          0;    good frame is:             0;    analysis time is:             1.50237e+09;    frame info contains a frame with length 15 bytes: 
++++ backoff ID: 10 starts the 5th backoff. 
measurement 1/2 complete in 15 second(s).
++++ backoff ID: 10 is expired at time 3.0709 s.  actual duration is: 0.162007s and the timer bias is 6.60419e-05s
a data frame with index 7 from node: 3 has been transmitted 2th time
++++ frame_probe ID: 1050 receives a frame at time 43.0862s ++++
++++ frame_probe ID: 1060 receives a frame at time 43.1269s ++++
INFO: Detected an invalid packet at item 704
INFO: Parser returned #f
++++ frame_probe ID: 882 receives a frame at time 43.1343s ++++
++++ frame_probe ID: 883 receives a frame at time 43.1343s ++++
++++ frame_probe ID: 884 receives a frame at time 43.1344s ++++
++++ frame_probe ID: 890 receives a frame at time 43.1344s ++++
++++ frame_probe ID: 860 receives a frame at time 43.1445s ++++
++++ frame_probe ID: 1083 receives a frame at time 43.1449++++ frame_probe ID: 1084 receives a frame at time 43.1449s ++++
s ++++
counter results at time 9743.14 is 1
++++ frame_probe ID: ++++ frame_probe ID: 1090 receives a frame at time 1082 receives a frame at time 43.145s ++++
43.145s ++++
backoff ID 100 is trigger by ACK frame means the last DATA frame is successfully acked. 
++++ backoff ID: 100 starts the 5th backoff. 
++++ frame_probe ID: 882 receives a frame at time 43.1454s ++++
++++ frame_probe ID: 1082 receives a frame at time 43.1513s ++++
++++ frame_probe ID: 1083 receives a frame at time 43.1513s ++++
++++ frame_probe ID: 1084 receives a frame at time 43.1513s ++++
counter results at time 9743.15 is ++++ frame_probe ID: 0
1090 receives a frame at time 43.1514s ++++
++++ frame_probe ID: 882 receives a frame at time 43.1535s ++++
++++ backoff ID: 100 is expired at time 3.2472 s.  actual duration is: 0.102035s and the timer bias is 6.98566e-05s
the 100th message counter node3_acked has been visited 8 times  
++++ frame_probe ID: 1050 receives a frame at time 43.2625s ++++
++++ frame_probe ID: 1060 receives a frame at time 43.3035s ++++
++++ frame_probe ID: 882 receives a frame at time 43.3066s ++++
++++ frame_probe ID: 883 receives a frame at time 43.3067s ++++
++++ frame_probe ID: 884 receives a frame at time 43.3067s ++++
++++ frame_probe ID: 890 receives a frame at time 43.3068s ++++
++++ frame_probe ID: 860 receives a frame at time 43.3169s ++++
++++ frame_probe ID: 1082 receives a frame at time 43.3247s ++++
++++ frame_probe ID: 1083 receives a frame at time 43.3248s ++++
++++ frame_probe ID: 1084 receives a frame at time 43.3248s ++++
counter results at time 9743.32 is 0
++++ frame_probe ID: 1090 receives a frame at time 43.3249s ++++
backoff ID 100 is trigger by ACK frame means the last DATA frame is successfully acked. 
++++ backoff ID: 100 starts the 5th backoff. 
++++ frame_probe ID: 882 receives a frame at time 43.3298s ++++
++++ frame_probe ID: 882 receives a frame at time 43.3298s ++++
++++ frame_probe ID: 1082 receives a frame at time 43.3331s ++++
++++ frame_probe ID: 1083 receives a frame at time 43.3331s ++++
++++ frame_probe ID: 1084 receives a frame at time 43.3331s ++++
counter results at time 9743.33 is 0
++++ frame_probe ID: 1090 receives a frame at time 43.3332s ++++
++++ backoff ID: 100 is expired at time 3.36101 s.  actual duration is: 0.0360601s and the timer bias is 6.19888e-05s
the 100th message counter node3_acked has been visited 9 times  
++++ frame_probe ID: 1050 receives a frame at time 43.3763s ++++
++++ frame_probe ID: 1060 receives a frame at time 43.4169s ++++
INFO: Detected an invalid packet at item 864
INFO: Parser returned #f
++++ frame_probe ID: 882 receives a frame at time 43.4218s ++++
++++ frame_probe ID: 883 receives a frame at time 43.4218s ++++
++++ frame_probe ID: 884 receives a frame at time 43.4218s ++++
++++ frame_probe ID: 890 receives a frame at time 43.4219s ++++
++++ frame_probe ID: 860 receives a frame at time 43.432s ++++
++++ frame_probe ID: 1082 receives a frame at time 43.4396s ++++
++++ frame_probe ID: 1083 receives a frame at time 43.4397s ++++
++++ frame_probe ID: 1084 receives a frame at time 43.4397s ++++
counter results at time 9743.44 is 0
++++ frame_probe ID: 1090 receives a frame at time 43.4398s ++++
backoff ID 100 is trigger by ACK frame means the last DATA frame is successfully acked. 
++++ backoff ID: 100 starts the 5th backoff. 
++++ frame_probe ID: 882 receives a frame at time 43.4419s ++++
++++ backoff ID: 100 is expired at time 3.48787 s.  actual duration is: 0.0480251s and the timer bias is 6.19888e-05s
the 100th message counter node3_acked has been visited 10 times  
++++ frame_probe ID: 1050 receives a frame at time 43.5031s ++++
++++ frame_probe ID: 1060 receives a frame at time 43.5437s ++++
++++ frame_probe ID: 882 receives a frame at time 43.547s ++++
++++ frame_probe ID: 883 receives a frame at time 43.5471s ++++
++++ frame_probe ID: 884 receives a frame at time 43.5472s ++++
++++ frame_probe ID: 890 receives a frame at time 43.5472s ++++
++++ frame_probe ID: 860 receives a frame at time 43.5575s ++++
INFO: Detected an invalid packet at item 928
INFO: Parser returned #f
++++ frame_probe ID: 882 receives a frame at time 43.5664s ++++
++++ backoff ID: 10 starts the 5th backoff. 
++++ backoff ID: 10 is expired at time 3.65143 s.  actual duration is: 0.00606513s and the timer bias is 6.19888e-05s
a data frame with index 10 from node: 3 has been transmitted 2th time
++++ frame_probe ID: 1050 receives a frame at time 43.6667s ++++
++++ frame_probe ID: 1060 receives a frame at time 43.7074s ++++
++++ frame_probe ID: 882 receives a frame at time 43.7104s ++++
++++ frame_probe ID: 883 receives a frame at time 43.7105s ++++
++++ frame_probe ID: 884 receives a frame at time 43.7105s ++++
++++ frame_probe ID: 890 receives a frame at time 43.7105s ++++
INFO: Detected an invalid packet at item 960
INFO: Parser returned #f
++++ frame_probe ID: 860 receives a frame at time 43.7207s ++++
++++ frame_probe ID: 1082 receives a frame at time 43.7271s ++++
++++ frame_probe ID: 1083 receives a frame at time 43.7271s ++++
++++ frame_probe ID: 1084 receives a frame at time 43.7272s ++++
counter results at time 9743.73 is 1
++++ frame_probe ID: 1090 receives a frame at time 43.7272s ++++
backoff ID 100 is trigger by ACK frame means the last DATA frame is successfully acked. 
++++ backoff ID: 100 starts the 5th backoff. 
++++ frame_probe ID: 882 receives a frame at time 43.7296s ++++
++++ backoff ID: 100 is expired at time 3.79935 s.  actual duration is: 0.0720611s and the timer bias is 6.19888e-05s
the 100th message counter node3_acked has been visited 11 times  
++++ frame_probe ID: 1050 receives a frame at time 43.8147s ++++
++++ frame_probe ID: 1060 receives a frame at time 43.8553s ++++
++++ frame_probe ID: 882 receives a frame at time 43.8636s ++++
++++ frame_probe ID: 883 receives a frame at time 43.8637s ++++
++++ frame_probe ID: 884 receives a frame at time 43.8637s ++++
++++ frame_probe ID: 890 receives a frame at time 43.8637s ++++
++++ frame_probe ID: 860 receives a frame at time 43.8739s ++++
++++ frame_probe ID: 1082 receives a frame at time 43.8806s ++++
++++ frame_probe ID: 1083 receives a frame at time 43.8807s ++++
++++ frame_probe ID: 1084 receives a frame at time 43.8807s ++++
counter results at time 9743.88 is ++++ frame_probe ID: 01090
 receives a frame at time 43.8807s ++++
backoff ID 100 is trigger by ACK frame means the last DATA frame is successfully acked. 
++++ backoff ID: 100 starts the 5th backoff. 
++++ frame_probe ID: 882 receives a frame at time 43.8832s ++++
++++ backoff ID: 100 is expired at time 3.97088 s.  actual duration is: 0.0900569s and the timer bias is 6.38962e-05s
the 100th message counter node3_acked has been visited 12 times  
++++ frame_probe ID: 1050 receives a frame at time 43.9862s ++++
measurement 1/2 complete in 14 second(s).
++++ frame_probe ID: 1060 receives a frame at time 44.027s ++++
INFO: Detected an invalid packet at item 1056
INFO: Parser returned #f
++++ frame_probe ID: 882 receives a frame at time 44.0365s ++++
++++ frame_probe ID: 883 receives a frame at time 44.0366s ++++
++++ frame_probe ID: 884 receives a frame at time 44.0366s ++++
++++ frame_probe ID: 890 receives a frame at time 44.0367s ++++
++++ frame_probe ID: 860 receives a frame at time 44.047s ++++
++++ frame_probe ID: 1082 receives a frame at time 44.0542s ++++
++++ frame_probe ID: 1083 receives a frame at time 44.0543s ++++
++++ frame_probe ID: 1084 receives a frame at time 44.0543s ++++
counter results at time 9744.05 is 0
++++ frame_probe ID: 1090 receives a frame at time 44.0544s ++++
backoff ID 100 is trigger by ACK frame means the last DATA frame is successfully acked. 
++++ backoff ID: 100 starts the 5th backoff. 
++++ frame_probe ID: 882 receives a frame at time 44.0566s ++++
++++ backoff ID: 100 is expired at time 4.12056 s.  actual duration is: 0.06603s and the timer bias is 6.38962e-05s
the 100th message counter node3_acked has been visited 13 times  
++++ frame_probe ID: 1050 receives a frame at time 44.1358s ++++
++++ frame_probe ID: 1060 receives a frame at time 44.1767s ++++
++++ frame_probe ID: 882 receives a frame at time 44.1807s ++++
++++ frame_probe ID: 883 receives a frame at time 44.1807s ++++
++++ frame_probe ID: 884 receives a frame at time 44.1808s ++++
++++ frame_probe ID: 890 receives a frame at time 44.1808s ++++
++++ frame_probe ID: 860 receives a frame at time 44.191s ++++
++++ frame_probe ID: 1082 receives a frame at time 44.1975s ++++
++++ frame_probe ID: 1083 receives a frame at time 44.1976s ++++
++++ frame_probe ID: 1084 receives a frame at time 44.1976s ++++
++++ frame_probe ID: 1090 receives a frame at time 44.1977s ++++
counter results at time 9744.2 is 0
backoff ID 100 is trigger by ACK frame means the last DATA frame is successfully acked. 
++++ backoff ID: 100 starts the 5th backoff. 
++++ frame_probe ID: 882 receives a frame at time 44.2s ++++
++++ backoff ID: 100 is expired at time 4.24595 s.  actual duration is: 0.0480859s and the timer bias is 7.41482e-05s
the 100th message counter node3_acked has been visited 14 times  
++++ frame_probe ID: 1050 receives a frame at time 44.2613s ++++
++++ frame_probe ID: 1060 receives a frame at time 44.3026s ++++
++++ frame_probe ID: 882 receives a frame at time 44.3057s ++++
++++ frame_probe ID: 883 receives a frame at time 44.3058s ++++
++++ frame_probe ID: 884 receives a frame at time 44.3058s ++++
++++ frame_probe ID: 890 receives a frame at time 44.3058s ++++
INFO: Detected an invalid packet at item 1152
INFO: Parser returned #f
++++ frame_probe ID: 860 receives a frame at time 44.316s ++++
++++ frame_probe ID: 1082 receives a frame at time 44.3225s ++++
++++ frame_probe ID: 1084 receives a frame at time 44.3225s ++++
++++ frame_probe ID: ++++ frame_probe ID: 1090 receives a frame at time 44.3226s ++++
counter results at time 9744.32 is 0
1083 receives a frame at time 44.3225s ++++
backoff ID 100 is trigger by ACK frame means the last DATA frame is successfully acked. 
++++ backoff ID: 100 starts the 5th backoff. 
++++ frame_probe ID: 882 receives a frame at time 44.3249s ++++
++++ backoff ID: 100 is expired at time 4.3767 s.  actual duration is: 0.054029s and the timer bias is 6.19888e-05s
the 100th message counter node3_acked has been visited 15 times  
++++ frame_probe ID: 1050 receives a frame at time 44.3919s ++++
++++ frame_probe ID: 1060 receives a frame at time 44.4324s ++++
INFO: Detected an invalid packet at item 1216
INFO: Parser returned #f
++++ frame_probe ID: 882 receives a frame at time 44.4399s ++++
++++ frame_probe ID: 884 receives a frame at time ++++ frame_probe ID: 883 receives a frame at time 44.4399s ++++
44.4399s ++++
++++ frame_probe ID: 890 receives a frame at time 44.44s ++++
++++ frame_probe ID: 860 receives a frame at time 44.45s ++++
++++ frame_probe ID: 1082 receives a frame at time 44.4566s ++++
++++ frame_probe ID: 1084 receives a frame at time 44.4567s ++++
++++ frame_probe ID: 1083 receives a frame at time 44.4567s ++++
counter results at time 9744.46 is 0
++++ frame_probe ID: 1090 receives a frame at time 44.4567s ++++
backoff ID 100 is trigger by ACK frame means the last DATA frame is successfully acked. 
++++ backoff ID: 100 starts the 5th backoff. 
++++ frame_probe ID: 882 receives a frame at time 44.4592s ++++
++++ backoff ID: 100 is expired at time 4.53491 s.  actual duration is: 0.0780592s and the timer bias is 6.29425e-05s
the 100th message counter node3_acked has been visited 16 times  
++++ frame_probe ID: 1050 receives a frame at time 44.5501s ++++
++++ frame_probe ID: 1060 receives a frame at time 44.5906s ++++
++++ frame_probe ID: 882 receives a frame at time 44.5933s ++++
++++ frame_probe ID: 883 receives a frame at time 44.5933s ++++
++++ frame_probe ID: 884 receives a frame at time 44.5934s ++++
++++ frame_probe ID: 890 receives a frame at time 44.5934s ++++
++++ frame_probe ID: 860 receives a frame at time 44.6058s ++++
++++ frame_probe ID: 1082 receives a frame at time 44.614s ++++
++++ frame_probe ID: 1083 receives a frame at time 44.6141s ++++
++++ frame_probe ID: 1084 receives a frame at time 44.6141s ++++
counter results at time 9744.61 is 0
++++ frame_probe ID: 1090 receives a frame at time 44.6142s ++++
backoff ID 100 is trigger by ACK frame means the last DATA frame is successfully acked. 
++++ backoff ID: 100 starts the 5th backoff. 
++++ frame_probe ID: 882 receives a frame at time 44.6149s ++++
++++ backoff ID: 100 is expired at time 4.72833 s.  actual duration is: 0.114035s and the timer bias is 6.19888e-05s
the 100th message counter node3_acked has been visited 17 times  
++++ frame_probe ID: 1050 receives a frame at time 44.7435s ++++
++++ frame_probe ID: 1060 receives a frame at time 44.7841s ++++
INFO: Detected an invalid packet at item 1312
INFO: Parser returned #f
++++ frame_probe ID: 882 receives a frame at time 44.7946s ++++
++++ frame_probe ID: 883 receives a frame at time 44.7946s ++++
++++ frame_probe ID: 884 receives a frame at time 44.7947s ++++
++++ frame_probe ID: 890 receives a frame at time 44.7947s ++++
++++ frame_probe ID: 860 receives a frame at time 44.8046s ++++
++++ frame_probe ID: 1082 receives a frame at time 44.8115s ++++
++++ frame_probe ID: 1083 receives a frame at time 44.8115s ++++
++++ frame_probe ID: 1084 receives a frame at time 44.8115s ++++
counter results at time 9744.81++++ frame_probe ID: 1090 receives a frame at time  is 0
44.8116s ++++
backoff ID 100 is trigger by ACK frame means the last DATA frame is successfully acked. 
++++ backoff ID: 100 starts the 5th backoff. 
++++ frame_probe ID: 882 receives a frame at time 44.8139s ++++
++++ backoff ID: 100 is expired at time 4.89568 s.  actual duration is: 0.0840089s and the timer bias is 6.60419e-05s
the 100th message counter node3_acked has been visited 18 times  
++++ frame_probe ID: 1050 receives a frame at time 44.911s ++++
++++ frame_probe ID: 1060 receives a frame at time 44.9515s ++++
++++ frame_probe ID: 882 receives a frame at time 44.9573s ++++
++++ frame_probe ID: 883 receives a frame at time 44.9573s ++++
++++ frame_probe ID: 884 receives a frame at time 44.9574s ++++
++++ frame_probe ID: 890 receives a frame at time 44.9574s ++++
++++ frame_probe ID: 860 receives a frame at time 44.9674s ++++
++++ frame_probe ID: 1082 receives a frame at time 44.9752s ++++
++++ frame_probe ID: 1083 receives a frame at time 44.9752s ++++
++++ frame_probe ID: 1084 receives a frame at time 44.9752s ++++
counter results at time 9744.98 is 0
++++ frame_probe ID: 1090 receives a frame at time 44.9753s ++++
backoff ID 100 is trigger by ACK frame means the last DATA frame is successfully acked. 
++++ backoff ID: 100 starts the 5th backoff. 
++++ frame_probe ID: 882 receives a frame at time 44.9767s ++++
measurement 1/2 complete in 13 second(s).
++++ backoff ID: 100 is expired at time 5.11337 s.  actual duration is: 0.138004s and the timer bias is 6.38962e-05s
the 100th message counter node3_acked has been visited 19 times  
++++ frame_probe ID: 1050 receives a frame at time 45.1287s ++++
++++ frame_probe ID: 1060 receives a frame at time 45.1695s ++++
INFO: Detected an invalid packet at item 1408
INFO: Parser returned #f
++++ frame_probe ID: 882 receives a frame at time 45.1789s ++++
++++ frame_probe ID: 883 receives a frame at time 45.179s ++++
++++ frame_probe ID: 884 receives a frame at time 45.179s ++++
++++ frame_probe ID: 890 receives a frame at time 45.1791s ++++
++++ frame_probe ID: 860 receives a frame at time 45.1893s ++++
++++ frame_probe ID: 1082 receives a frame at time 45.1968s ++++
++++ frame_probe ID: 1083 receives a frame at time 45.1968s ++++
++++ frame_probe ID: 1084 receives a frame at time 45.1969s ++++
counter results at time ++++ frame_probe ID: 9745.21090 receives a frame at time  is 0
45.1969s ++++
backoff ID 100 is trigger by ACK frame means the last DATA frame is successfully acked. 
++++ backoff ID: 100 starts the 5th backoff. 
++++ frame_probe ID: 882 receives a frame at time 45.1984s ++++
++++ backoff ID: 100 is expired at time 5.38307 s.  actual duration is: 0.186008s and the timer bias is 6.38962e-05s
the 100th message counter node3_acked has been visited 20 times  
++++ frame_probe ID: 1050 receives a frame at time 45.3984s ++++
++++ frame_probe ID: 1060 receives a frame at time 45.4393s ++++
++++ frame_probe ID: 882 receives a frame at time 45.4476s ++++
++++ frame_probe ID: 883 receives a frame at time 45.4476s ++++
++++ frame_probe ID: 884 receives a frame at time 45.4477s ++++
++++ frame_probe ID: 890 receives a frame at time 45.4478s ++++
++++ frame_probe ID: 860 receives a frame at time 45.458s ++++
++++ frame_probe ID: 1082 receives a frame at time 45.4656s ++++
++++ frame_probe ID: 1083 receives a frame at time 45.4656s ++++
++++ frame_probe ID: 1084 receives a frame at time 45.4657s ++++
counter results at time 9745.47 is 0
++++ frame_probe ID: 1090 receives a frame at time 45.4658s ++++
backoff ID 100 is trigger by ACK frame means the last DATA frame is successfully acked. 
++++ backoff ID: 100 starts the 5th backoff. 
++++ backoff ID: 100 is expired at time 5.466 s.  actual duration is: 2.00272e-05s and the timer bias is 6.38962e-05s
the 100th message counter node3_acked has been visited 21 times  
++++ frame_probe ID: 882 receives a frame at time 45.4672s ++++
++++ frame_probe ID: 1050 receives a frame at time 45.4815s ++++
++++ frame_probe ID: 1060 receives a frame at time 45.5224s ++++
++++ frame_probe ID: 882 receives a frame at time 45.5337s ++++
++++ frame_probe ID: 883 receives a frame at time 45.5338s ++++
++++ frame_probe ID: 884 receives a frame at time 45.5339s ++++
++++ frame_probe ID: 890 receives a frame at time 45.5339s ++++
++++ frame_probe ID: 860 receives a frame at time 45.5442s ++++
++++ frame_probe ID: 1082 receives a frame at time 45.5516s ++++
++++ frame_probe ID: 1083 receives a frame at time 45.5517s ++++
++++ frame_probe ID: 1084 receives a frame at time 45.5517s ++++
counter results at time 9745.55 is 0
++++ frame_probe ID: 1090 receives a frame at time 45.5518s ++++
backoff ID 100 is trigger by ACK frame means the last DATA frame is successfully acked. 
++++ backoff ID: 100 starts the 5th backoff. 
++++ frame_probe ID: 882 receives a frame at time 45.5531s ++++
++++ backoff ID: 100 is expired at time 5.68994 s.  actual duration is: 0.138062s and the timer bias is 7.79629e-05s
the 100th message counter node3_acked has been visited 22 times  
++++ frame_probe ID: 1050 receives a frame at time 45.7052s ++++
++++ frame_probe ID: 1060 receives a frame at time 45.7463s ++++
INFO: Detected an invalid packet at item 1536
INFO: Parser returned #f
++++ frame_probe ID: 882 receives a frame at time 45.7545s ++++
++++ frame_probe ID: 883 receives a frame at time 45.7545s ++++
++++ frame_probe ID: 884 receives a frame at time 45.7546s ++++
++++ frame_probe ID: 890 receives a frame at time 45.7546s ++++
++++ frame_probe ID: 860 receives a frame at time 45.7649s ++++
++++ frame_probe ID: 1082 receives a frame at time 45.7722s ++++
++++ frame_probe ID: 1083 receives a frame at time 45.7723s ++++
++++ frame_probe ID: 1084 receives a frame at time 45.7723s ++++
++++ frame_probe ID: 1090 receives a frame at time 45.7724s ++++
counter results at time 9745.77 is 0
backoff ID 100 is trigger by ACK frame means the last DATA frame is successfully acked. 
++++ backoff ID: 100 starts the 5th backoff. 
++++ frame_probe ID: 882 receives a frame at time 45.774s ++++
++++ backoff ID: 100 is expired at time 5.85661 s.  actual duration is: 0.084048s and the timer bias is 6.38962e-05s
the 100th message counter node3_acked has been visited 23 times  
++++ frame_probe ID: 1050 receives a frame at time 45.8719s ++++
++++ frame_probe ID: 1060 receives a frame at time 45.913s ++++
++++ frame_probe ID: 882 receives a frame at time 45.9176s ++++
++++ frame_probe ID: 883 receives a frame at time 45.9177s ++++
++++ frame_probe ID: 884 receives a frame at time 45.9177s ++++
++++ frame_probe ID: 890 receives a frame at time 45.9178s ++++
++++ frame_probe ID: 860 receives a frame at time 45.9279s ++++
++++ frame_probe ID: 1082 receives a frame at time 45.9355s ++++
++++ frame_probe ID: 1083 receives a frame at time 45.9355s ++++
++++ frame_probe ID: 1084 receives a frame at time 45.9356s ++++
counter results at time 9745.94 is 0
++++ frame_probe ID: 1090 receives a frame at time 45.9356s ++++
backoff ID 100 is trigger by ACK frame means the last DATA frame is successfully acked. 
++++ backoff ID: 100 starts the 5th backoff. 
++++ frame_probe ID: 882 receives a frame at time 45.9371s ++++
measurement 1/2 complete in 12 second(s).
++++ backoff ID: 100 is expired at time 6.10375 s.  actual duration is: 0.168033s and the timer bias is 6.58035e-05s
the 100th message counter node3_acked has been visited 24 times  
++++ frame_probe ID: 1050 receives a frame at time 46.1191s ++++
++++ frame_probe ID: 1060 receives a frame at time 46.1599s ++++
INFO: Detected an invalid packet at item 1632
INFO: Parser returned #f
++++ frame_probe ID: 882 receives a frame at time 46.1674s ++++
++++ frame_probe ID: 883 receives a frame at time 46.1674s ++++
++++ frame_probe ID: 884 receives a frame at time 46.1675s ++++
++++ frame_probe ID: 890 receives a frame at time 46.1675s ++++
++++ frame_probe ID: 860 receives a frame at time 46.1778s ++++
++++ frame_probe ID: 1082 receives a frame at time 46.1851s ++++
++++ frame_probe ID: 1083 receives a frame at time 46.1851s ++++
++++ frame_probe ID: 1084 receives a frame at time 46.1852s ++++
++++ frame_probe ID: 1090 receives a frame at time 46.1853s ++++
counter results at time 9746.19 is 0
backoff ID 100 is trigger by ACK frame means the last DATA frame is successfully acked. 
++++ backoff ID: 100 starts the 5th backoff. 
++++ frame_probe ID: 882 receives a frame at time 46.1866s ++++
++++ backoff ID: 100 is expired at time 6.32346 s.  actual duration is: 0.138025s and the timer bias is 6.38962e-05s
the 100th message counter node3_acked has been visited 25 times  
++++ frame_probe ID: 1050 receives a frame at time 46.3387s ++++
++++ frame_probe ID: 1060 receives a frame at time 46.3797s ++++
INFO: Detected an invalid packet at item 1696
INFO: Parser returned #f
++++ frame_probe ID: 882 receives a frame at time 46.3888s ++++
++++ frame_probe ID: 884 receives a frame at time 46.3889s ++++
++++ frame_probe ID: 890 receives a frame at time 46.389s ++++
++++ frame_probe ID: 883 receives a frame at time 46.3898s ++++
++++ frame_probe ID: 860 receives a frame at time 46.3993s ++++
++++ frame_probe ID: 1082 receives a frame at time 46.4057s ++++
++++ frame_probe ID: 1083 receives a frame at time 46.4057s ++++
++++ frame_probe ID: 1084 receives a frame at time 46.4058s ++++
++++ frame_probe ID: 1090 receives a frame at time 46.4058s ++++
counter results at time 9746.41 is 0
backoff ID 100 is trigger by ACK frame means the last DATA frame is successfully acked. 
++++ backoff ID: 100 starts the 5th backoff. 
++++ frame_probe ID: 882 receives a frame at time 46.408s ++++
