measurement 1/2 complete in 20 second(s).
linux; GNU C++ version 5.4.0 20160609; Boost_105800; UHD_003.009.005-45-g6768a615

linux; GNU C++ version 5.4.0 20160609; Boost_105800; UHD_003.009.005-45-g6768a615

Using Volk machine: avx_64_mmx
develop_mode of timeout ID: 10 is activated.
Using Volk machine: avx_64_mmx
-- Opening a USRP2/N-Series device...
-- Opening a USRP2/N-Series device...
-- Current recv frame size: 1472 bytes
-- Current send frame size: 1472 bytes
-- Current recv frame size: 1472 bytes
-- Current send frame size: 1472 bytes
measurement 1/2 complete in 19 second(s).
INFO: Detected an invalid packet at item 0
INFO: Parser returned #f
++++ frame_probe ID: 882 receives a frame at time 43.0185s ++++
INFO: Detected an invalid packet at item 64
INFO: Parser returned #f
develop_mode of general_timer ID: 1 is activated.
++++ frame_probe ID: 882 receives a frame at time 43.171s ++++
++++ frame_probe ID: 884 receives a frame at time 43.1711s ++++
++++ frame_probe ID: 890 receives a frame at time 43.1712s ++++
++++ frame_probe ID: 883 receives a frame at time 43.1713s ++++
++++ frame_probe ID: 860 receives a frame at time 43.1789s ++++
++++ frame_probe ID: 882 receives a frame at time 43.2003s ++++
INFO: Detected an invalid packet at item 160
INFO: Parser returned #f
++++ frame_probe ID: 882 receives a frame at time 43.3251s ++++
++++ frame_probe ID: 883 receives a frame at time 43.3252s ++++
++++ frame_probe ID: 884 receives a frame at time 43.3253s ++++
++++ frame_probe ID: 890 receives a frame at time 43.3254s ++++
++++ frame_probe ID: 860 receives a frame at time 43.3325s ++++
++++ frame_probe ID: 1082 receives a frame at time 43.3362s ++++
++++ frame_probe ID: 1083 receives a frame at time 43.3362s ++++
++++ frame_probe ID: 1084 receives a frame at time 43.3364s ++++
++++ frame_probe ID: 1090 receives a frame at time 43.3365s ++++
INFO: Detected an invalid packet at item 224
INFO: Parser returned #f
++++ frame_probe ID: 882 receives a frame at time 43.3447s ++++
INFO: Detected an invalid packet at item 288
INFO: Parser returned #f
++++ frame_probe ID: 882 receives a frame at time 43.5268s ++++
++++ frame_probe ID: 883 receives a frame at time 43.5268s ++++
++++ frame_probe ID: 884 receives a frame at time 43.5269s ++++
++++ frame_probe ID: 890 receives a frame at time 43.5269s ++++
++++ frame_probe ID: 860 receives a frame at time 43.5342s ++++
INFO: Detected an invalid packet at item 352
INFO: Parser returned #f
++++ frame_probe ID: 882 receives a frame at time 43.651s ++++
++++ frame_probe ID: 883 receives a frame at time 43.651s ++++
++++ frame_probe ID: 884 receives a frame at time 43.6511s ++++
++++ frame_probe ID: 890 receives a frame at time 43.6512s ++++
++++ frame_probe ID: 860 receives a frame at time 43.6583s ++++
INFO: Detected an invalid packet at item 416
INFO: Parser returned #f
measurement 1/2 complete in 18 second(s).
INFO: Detected an invalid packet at item 448
INFO: Parser returned #f
INFO: Detected an invalid packet at item 480
INFO: Parser returned #f
++++ frame_probe ID: 882 receives a frame at time 43.7953s ++++
++++ frame_probe ID: 883 receives a frame at time 43.7953s ++++
++++ frame_probe ID: 884 receives a frame at time 43.7953s ++++
++++ frame_probe ID: 890 receives a frame at time 43.7954s ++++
++++ frame_probe ID: 860 receives a frame at time 43.8024s ++++
INFO: Detected an invalid packet at item 544
INFO: Parser returned #f
++++ frame_probe ID: 882 receives a frame at time 44.0257s ++++
++++ frame_probe ID: 883 receives a frame at time 44.0258s ++++
++++ frame_probe ID: 884 receives a frame at time 44.0258s ++++
++++ frame_probe ID: 890 receives a frame at time 44.0259s ++++
++++ frame_probe ID: 860 receives a frame at time 44.0332s ++++
INFO: Detected an invalid packet at item 608
INFO: Parser returned #f
INFO: Detected an invalid packet at item 640
INFO: Parser returned #f
++++ frame_probe ID: 882 receives a frame at time 44.2081s ++++
++++ frame_probe ID: 883 receives a frame at time 44.2081s ++++
++++ frame_probe ID: 884 receives a frame at time 44.2082s ++++
++++ frame_probe ID: 890 receives a frame at time 44.2083s ++++
++++ frame_probe ID: 860 receives a frame at time 44.2154s ++++
INFO: Detected an invalid packet at item 704
INFO: Parser returned #f
INFO: Detected an invalid packet at item 736
INFO: Parser returned #f
++++ frame_probe ID: 882 receives a frame at time 44.3325s ++++
++++ frame_probe ID: 883 receives a frame at time 44.3326s ++++
++++ frame_probe ID: 884 receives a frame at time 44.3326s ++++
++++ frame_probe ID: 890 receives a frame at time 44.3327s ++++
++++ frame_probe ID: 860 receives a frame at time 44.3397s ++++
++++ frame_probe ID: 882 receives a frame at time 44.3528s ++++
INFO: Detected an invalid packet at item 832
INFO: Parser returned #f
++++ frame_probe ID: 882 receives a frame at time 44.5249s ++++
++++ frame_probe ID: 883 receives a frame at time 44.5249s ++++
++++ frame_probe ID: 884 receives a frame at time 44.525s ++++
++++ frame_probe ID: 890 receives a frame at time 44.5251s ++++
++++ frame_probe ID: 860 receives a frame at time 44.5321s ++++
INFO: Detected an invalid packet at item 896
INFO: Parser returned #f
measurement 1/2 complete in 17 second(s).
INFO: Detected an invalid packet at item 928
INFO: Parser returned #f
++++ frame_probe ID: 882 receives a frame at time 44.7935s ++++
++++ frame_probe ID: 883 receives a frame at time 44.7936s ++++
++++ frame_probe ID: 884 receives a frame at time 44.7936s ++++
++++ frame_probe ID: 890 receives a frame at time 44.7937s ++++
++++ frame_probe ID: 860 receives a frame at time 44.8008s ++++
INFO: Detected an invalid packet at item 992
INFO: Parser returned #f
INFO: Detected an invalid packet at item 1024
INFO: Parser returned #f
++++ frame_probe ID: 882 receives a frame at time 44.9668s ++++
++++ frame_probe ID: 883 receives a frame at time 44.9668s ++++
++++ frame_probe ID: 884 receives a frame at time 44.9669s ++++
++++ frame_probe ID: 890 receives a frame at time 44.9669s ++++
++++ frame_probe ID: 860 receives a frame at time 44.974s ++++
INFO: Detected an invalid packet at item 1088
INFO: Parser returned #f
INFO: Detected an invalid packet at item 1120
INFO: Parser returned #f
++++ frame_probe ID: 882 receives a frame at time 45.2064s ++++
++++ frame_probe ID: 883 receives a frame at time 45.2064s ++++
++++ frame_probe ID: 884 receives a frame at time 45.2065s ++++
++++ frame_probe ID: 890 receives a frame at time 45.2098s ++++
++++ frame_probe ID: 860 receives a frame at time 45.2171s ++++
INFO: Detected an invalid packet at item 1184
INFO: Parser returned #f
INFO: Detected an invalid packet at item 1216
INFO: Parser returned #f
++++ frame_probe ID: 882 receives a frame at time 45.3888s ++++
++++ frame_probe ID: 883 receives a frame at time 45.3889s ++++
++++ frame_probe ID: 884 receives a frame at time 45.3889s ++++
++++ frame_probe ID: 890 receives a frame at time 45.389s ++++
++++ frame_probe ID: 860 receives a frame at time 45.3961s ++++
INFO: Detected an invalid packet at item 1280
INFO: Parser returned #f
++++ frame_probe ID: 882 receives a frame at time 45.5621s ++++
++++ frame_probe ID: 883 receives a frame at time 45.5622s ++++
++++ frame_probe ID: 884 receives a frame at time 45.5622s ++++
++++ frame_probe ID: 890 receives a frame at time 45.5623s ++++
++++ frame_probe ID: 860 receives a frame at time 45.5697s ++++
INFO: Detected an invalid packet at item 1344
INFO: Parser returned #f
measurement 1/2 complete in 16 second(s).
INFO: Detected an invalid packet at item 1376
INFO: Parser returned #f
++++ frame_probe ID: 882 receives a frame at time 45.7817s ++++
++++ frame_probe ID: 883 receives a frame at time 45.7818s ++++
++++ frame_probe ID: 890 receives a frame at time 45.7819s ++++
++++ frame_probe ID: 884 receives a frame at time 45.7819s ++++
++++ frame_probe ID: 860 receives a frame at time 45.789s ++++
INFO: Detected an invalid packet at item 1440
INFO: Parser returned #f
++++ frame_probe ID: 882 receives a frame at time 45.8019s ++++
INFO: Detected an invalid packet at item 1504
INFO: Parser returned #f
++++ frame_probe ID: 882 receives a frame at time 45.8879s ++++
++++ frame_probe ID: 883 receives a frame at time 45.888s ++++
++++ frame_probe ID: 884 receives a frame at time 45.888s ++++
++++ frame_probe ID: 890 receives a frame at time 45.8881s ++++
++++ frame_probe ID: 860 receives a frame at time 45.8954s ++++
INFO: Detected an invalid packet at item 1568
INFO: Parser returned #f
++++ frame_probe ID: 882 receives a frame at time 45.9075s ++++
measurement 1/2 complete in 15 second(s).
measurement 1/2 complete in 14 second(s).
measurement 1/2 complete in 13 second(s).
