measurement 1/2 complete in 20 second(s).
linux; GNU C++ version 5.4.0 20160609; Boost_105800; UHD_003.009.005-45-g6768a615
linux; GNU C++ version 5.4.0 20160609; Boost_105800; UHD_003.009.005-45-g6768a615


Using Volk machine: avx_64_mmx
develop_mode of timeout ID: 10 is activated.
-- Opening a USRP2/N-Series device...
Using Volk machine: avx_64_mmx
-- Opening a USRP2/N-Series device...
-- Current recv frame size: 1472 bytes
-- Current send frame size: 1472 bytes
-- Current recv frame size: 1472 bytes
-- Current send frame size: 1472 bytes
measurement 1/2 complete in 19 second(s).
INFO: Detected an invalid packet at item 0
INFO: Parser returned #f
++++ frame_probe ID: 882 receives a frame at time 39.9812s ++++
++++ frame_probe ID: 883 receives a frame at time 39.9812s ++++
++++ frame_probe ID: 884 receives a frame at time 39.9812s ++++
++++ frame_probe ID: 890 receives a frame at time 39.9813s ++++
++++ frame_probe ID: 860 receives a frame at time 39.9884s ++++
++++ frame_probe ID: 882 receives a frame at time 40.0003s ++++
develop_mode of general_timer ID: 1 is activated.
INFO: Detected an invalid packet at item 96
INFO: Parser returned #f
++++ frame_probe ID: 882 receives a frame at time 40.2875s ++++
++++ frame_probe ID: 883 receives a frame at time 40.2876s ++++
++++ frame_probe ID: 884 receives a frame at time 40.2876s ++++
++++ frame_probe ID: 890 receives a frame at time 40.2877s ++++
++++ frame_probe ID: 860 receives a frame at time 40.2948s ++++
++++ frame_probe ID: 1082 receives a frame at time 40.2994s ++++
++++ frame_probe ID: 1083 receives a frame at time 40.2994s ++++
++++ frame_probe ID: 1084 receives a frame at time 40.2995s ++++
++++ frame_probe ID: 1090 receives a frame at time 40.2995s ++++
INFO: Detected an invalid packet at item 160
INFO: Parser returned #f
++++ frame_probe ID: 882 receives a frame at time 40.3074s ++++
INFO: Detected an invalid packet at item 224
INFO: Parser returned #f
++++ frame_probe ID: 882 receives a frame at time 40.3926s ++++
++++ frame_probe ID: 883 receives a frame at time 40.3926s ++++
++++ frame_probe ID: 884 receives a frame at time 40.3927s ++++
++++ frame_probe ID: 890 receives a frame at time 40.3927s ++++
++++ frame_probe ID: 860 receives a frame at time 40.3998s ++++
INFO: Detected an invalid packet at item 288
INFO: Parser returned #f
++++ frame_probe ID: 882 receives a frame at time 40.4128s ++++
INFO: Detected an invalid packet at item 352
INFO: Parser returned #f
++++ frame_probe ID: 882 receives a frame at time 40.5369s ++++
++++ frame_probe ID: 883 receives a frame at time 40.537s ++++
++++ frame_probe ID: 884 receives a frame at time 40.537s ++++
++++ frame_probe ID: 890 receives a frame at time 40.537s ++++
++++ frame_probe ID: 860 receives a frame at time 40.5441s ++++
++++ frame_probe ID: 882 receives a frame at time 40.5562s ++++
INFO: Detected an invalid packet at item 448
INFO: Parser returned #f
++++ frame_probe ID: 882 receives a frame at time 40.604s ++++
++++ frame_probe ID: 883 receives a frame at time 40.6041s ++++
++++ frame_probe ID: 884 receives a frame at time 40.6041s ++++
++++ frame_probe ID: 890 receives a frame at time 40.6041s ++++
++++ frame_probe ID: 860 receives a frame at time 40.6111s ++++
INFO: Detected an invalid packet at item 512
INFO: Parser returned #f
++++ frame_probe ID: 882 receives a frame at time 40.6232s ++++
INFO: Detected an invalid packet at item 576
INFO: Parser returned #f
++++ frame_probe ID: 882 receives a frame at time 40.6711s ++++
++++ frame_probe ID: 883 receives a frame at time 40.6711s ++++
++++ frame_probe ID: 884 receives a frame at time 40.6712s ++++
++++ frame_probe ID: 890 receives a frame at time 40.6712s ++++
++++ frame_probe ID: 860 receives a frame at time 40.6781s ++++
measurement 1/2 complete in 18 second(s).
++++ frame_probe ID: 882 receives a frame at time 40.6906s ++++
INFO: Detected an invalid packet at item 672
INFO: Parser returned #f
++++ frame_probe ID: 882 receives a frame at time 40.7385s ++++
++++ frame_probe ID: 883 receives a frame at time 40.7385s ++++
++++ frame_probe ID: 884 receives a frame at time 40.7385s ++++
++++ frame_probe ID: 890 receives a frame at time 40.7386s ++++
++++ frame_probe ID: 860 receives a frame at time 40.7455s ++++
++++ frame_probe ID: 882 receives a frame at time 40.7577s ++++
INFO: Detected an invalid packet at item 768
INFO: Parser returned #f
++++ frame_probe ID: 882 receives a frame at time 41.3822s ++++
++++ frame_probe ID: 883 receives a frame at time 41.3823s ++++
++++ frame_probe ID: 884 receives a frame at time 41.3823s ++++
++++ frame_probe ID: 890 receives a frame at time 41.3824s ++++
++++ frame_probe ID: 860 receives a frame at time 41.3895s ++++
INFO: Detected an invalid packet at item 832
INFO: Parser returned #f
INFO: Detected an invalid packet at item 864
INFO: Parser returned #f
measurement 1/2 complete in 17 second(s).
INFO: Detected an invalid packet at item 896
INFO: Parser returned #f
++++ frame_probe ID: 882 receives a frame at time 41.8232s ++++
++++ frame_probe ID: 883 receives a frame at time 41.8232s ++++
++++ frame_probe ID: 884 receives a frame at time 41.8233s ++++
++++ frame_probe ID: 890 receives a frame at time 41.8233s ++++
++++ frame_probe ID: 860 receives a frame at time 41.8303s ++++
++++ frame_probe ID: 882 receives a frame at time 41.8425s ++++
INFO: Detected an invalid packet at item 992
INFO: Parser returned #f
++++ frame_probe ID: 882 receives a frame at time 42.6009s ++++
++++ frame_probe ID: 883 receives a frame at time 42.601s ++++
++++ frame_probe ID: 884 receives a frame at time 42.601s ++++
++++ frame_probe ID: 890 receives a frame at time 42.601s ++++
++++ frame_probe ID: 860 receives a frame at time 42.6082s ++++
INFO: Detected an invalid packet at item 1056
INFO: Parser returned #f
++++ frame_probe ID: 882 receives a frame at time 42.6204s ++++
INFO: Detected an invalid packet at item 1120
INFO: Parser returned #f
