measurement 1/2 complete in 6 second(s).
linux; GNU C++ version 5.4.0 20160609; Boost_105800; UHD_003.009.005-45-g6768a615
linux; GNU C++ version 5.4.0 20160609; Boost_105800; UHD_003.009.005-45-g6768a615


Using Volk machine: avx_64_mmx
-- Opening a USRP2/N-Series device...
Using Volk machine: avx_64_mmx
-- Opening a USRP2/N-Series device...
-- Current recv frame size: 1472 bytes
-- Current send frame size: 1472 bytes
-- Current recv frame size: 1472 bytes
-- Current send frame size: 1472 bytes
measurement 1/2 complete in 5 second(s).
develop mode of resend_check ID: 24 is activated.
develop mode of resend_check ID: 24 is activated.
the 880th message counter is activated.
the 100th message counter is activated.
the 100th message counter is activated.
measurement 1/2 complete in 4 second(s).
node starts running at 43.068
node starts running at 43.0682
++++ frame_probe ID: 1050 receives a frame at time 43.2746s ++++
++++ frame_probe ID: 1060 receives a frame at time 43.3153s ++++
++++ frame_probe ID: 882 receives a frame at time 43.3186s ++++
++++ frame_probe ID: 884 receives a frame at time ++++ frame_probe ID: 883 receives a frame at time 43.3187s ++++
43.3187s ++++
INFO: Detected an invalid packet at item 0
INFO: Parser returned #f
++++ frame_probe ID: 890 receives a frame at time 43.3188s ++++
++++ frame_probe ID: 860 receives a frame at time 43.3289s ++++
++++ frame_probe ID: 882 receives a frame at time 43.338s ++++
++++ frame_probe ID: 1082 receives a frame at time 43.3382s ++++
++++ frame_probe ID: 1083 receives a frame at time 43.3382s ++++
++++ frame_probe ID: 1084 receives a frame at time 43.3382s ++++
counter results at time 1643.34 is ++++ frame_probe ID: 0
1090 receives a frame at time 43.3383s ++++
the 100th message counter node3_acked has been visited 1 times  
++++ frame_probe ID: 1050 receives a frame at time 43.3656s ++++
++++ frame_probe ID: 1060 receives a frame at time 43.4062s ++++
++++ frame_probe ID: 882 receives a frame at time 43.4149s ++++
++++ frame_probe ID: 883 receives a frame at time 43.4149s ++++
++++ frame_probe ID: 884 receives a frame at time 43.415s ++++
++++ frame_probe ID: 890 receives a frame at time 43.415s ++++
++++ frame_probe ID: 860 receives a frame at time 43.4251s ++++
++++ frame_probe ID: 1082 receives a frame at time 43.434s ++++
++++ frame_probe ID: 1083 receives a frame at time 43.4341s ++++
++++ frame_probe ID: 1084 receives a frame at time 43.4341s ++++
counter results at time 1643.43 is 0
++++ frame_probe ID: 1090 receives a frame at time 43.4342s ++++
++++ frame_probe ID: 882 receives a frame at time 43.4344s ++++
the 100th message counter node3_acked has been visited 2 times  
++++ frame_probe ID: 1050 receives a frame at time 43.4794s ++++
++++ frame_probe ID: 1060 receives a frame at time 43.5199s ++++
INFO: Detected an invalid packet at item 96
++++ frame_probe ID: 882 receives a frame at time 43.53s ++++
++++ frame_probe ID: 883 receives a frame at time 43.5301s ++++
INFO: Parser returned #f
++++ frame_probe ID: 884 receives a frame at time 43.5301s ++++
++++ frame_probe ID: 890 receives a frame at time 43.5301s ++++
++++ frame_probe ID: 860 receives a frame at time 43.5401s ++++
++++ frame_probe ID: 1082 receives a frame at time 43.5493s ++++
++++ frame_probe ID: 1083 receives a frame at time 43.5493s ++++
++++ frame_probe ID: 1084 receives a frame at time 43.5493s ++++
++++ frame_probe ID: 882 receives a frame at time 43.5493s ++++
counter results at time 1643.55 is 0
++++ frame_probe ID: 1090 receives a frame at time 43.5494s ++++
the 100th message counter node3_acked has been visited 3 times  
++++ frame_probe ID: 1050 receives a frame at time 43.7446s ++++
measurement 1/2 complete in 3 second(s).
++++ frame_probe ID: 1060 receives a frame at time 43.7851s ++++
INFO: Detected an invalid packet at item 160
++++ frame_probe ID: 882 receives a frame at time 43.7887s ++++
INFO: Parser returned #f
++++ frame_probe ID: 883 receives a frame at time ++++ frame_probe ID: 884 receives a frame at time 43.7887s ++++
++++ frame_probe ID: 43.7887890s ++++ receives a frame at time 
43.7888s ++++
++++ frame_probe ID: 860 receives a frame at time 43.7987s ++++
++++ frame_probe ID: 882 receives a frame at time 43.8088s ++++
++++ frame_probe ID: 1082 receives a frame at time 43.8088s ++++
++++ frame_probe ID: 1083 receives a frame at time 43.8088s ++++
++++ frame_probe ID: 1084 receives a frame at time 43.8089s ++++
counter results at time 1643.81 is 0
++++ frame_probe ID: 1090 receives a frame at time 43.8089s ++++
the 100th message counter node3_acked has been visited 4 times  
++++ frame_probe ID: 1050 receives a frame at time 43.9381s ++++
++++ frame_probe ID: 1060 receives a frame at time 43.9789s ++++
++++ frame_probe ID: 882 receives a frame at time 43.981s ++++
++++ frame_probe ID: 883 receives a frame at time 43.9811s ++++
++++ frame_probe ID: 884 receives a frame at time 43.9811s ++++
++++ frame_probe ID: 890 receives a frame at time 43.9811s ++++
INFO: Detected an invalid packet at item 224
INFO: Parser returned #f
++++ frame_probe ID: 860 receives a frame at time 43.9911s ++++
++++ frame_probe ID: 882 receives a frame at time 44.0003s ++++
++++ frame_probe ID: 1082 receives a frame at time 44.0003s ++++
++++ frame_probe ID: 1083 receives a frame at time 44.0004s ++++
++++ frame_probe ID: 1084 receives a frame at time 44.0004s ++++
counter results at time ++++ frame_probe ID: 16441090 receives a frame at time  is 0
44.0005s ++++
the 100th message counter node3_acked has been visited 5 times  
++++ frame_probe ID: 1050 receives a frame at time 44.1717s ++++
++++ frame_probe ID: 1060 receives a frame at time 44.2123s ++++
++++ frame_probe ID: 882 receives a frame at time 44.2206s ++++
++++ frame_probe ID: 883 receives a frame at time 44.2206s ++++
++++ frame_probe ID: 884 receives a frame at time 44.2207s ++++
++++ frame_probe ID: 890 receives a frame at time 44.2207s ++++
++++ frame_probe ID: 860 receives a frame at time 44.2306s ++++
++++ frame_probe ID: 882 receives a frame at time 44.2408s ++++
++++ frame_probe ID: 1082 receives a frame at time 44.2408s ++++
++++ frame_probe ID: 1083 receives a frame at time 44.2408s ++++
++++ frame_probe ID: 1084 receives a frame at time 44.2409s ++++
counter results at time 1644.24 is 0
++++ frame_probe ID: 1090 receives a frame at time 44.2409s ++++
the 100th message counter node3_acked has been visited 6 times  
++++ frame_probe ID: 1050 receives a frame at time 44.4001s ++++
++++ frame_probe ID: 1060 receives a frame at time 44.4407s ++++
++++ frame_probe ID: 882 receives a frame at time 44.4511s ++++
++++ frame_probe ID: 883 receives a frame at time 44.4511s ++++
++++ frame_probe ID: 884 receives a frame at time 44.4512s ++++
++++ frame_probe ID: 890 receives a frame at time 44.4512s ++++
INFO: Detected an invalid packet at item 320
INFO: Parser returned #f
++++ frame_probe ID: 860 receives a frame at time 44.4611s ++++
++++ frame_probe ID: 1082 receives a frame at time 44.4706s ++++
++++ frame_probe ID: 882 receives a frame at time 44.4706s ++++
++++ frame_probe ID: 1083 receives a frame at time 44.4706s ++++
++++ frame_probe ID: 1084 receives a frame at time 44.4706s ++++
counter results at time 1644.47 is 0
++++ frame_probe ID: 1090 receives a frame at time 44.4707s ++++
the 100th message counter node3_acked has been visited 7 times  
++++ frame_probe ID: 1050 receives a frame at time 44.4859s ++++
++++ frame_probe ID: 1060 receives a frame at time 44.5264s ++++
INFO: Detected an invalid packet at item 384
INFO: Parser returned #f
++++ frame_probe ID: 882 receives a frame at time 44.5382s ++++
++++ frame_probe ID: 883 receives a frame at time 44.5383s ++++
++++ frame_probe ID: 884 receives a frame at time 44.5383s ++++
++++ frame_probe ID: 890 receives a frame at time 44.5383s ++++
++++ frame_probe ID: 860 receives a frame at time 44.5483s ++++
++++ frame_probe ID: 1082 receives a frame at time 44.5565s ++++
++++ frame_probe ID: 1084 receives a frame at time ++++ frame_probe ID: 1083 receives a frame at time 44.5566s ++++
44.5566s ++++
counter results at time 1644.56 is 0
++++ frame_probe ID: 1090 receives a frame at time 44.5567s ++++
++++ frame_probe ID: 882 receives a frame at time 44.5575s ++++
the 100th message counter node3_acked has been visited 8 times  
++++ frame_probe ID: 1050 receives a frame at time 44.5899s ++++
++++ frame_probe ID: 1060 receives a frame at time 44.6305s ++++
++++ frame_probe ID: 882 receives a frame at time 44.6335s ++++
INFO: Detected an invalid packet at item 448
INFO: Parser returned #f
++++ frame_probe ID: 884 receives a frame at time ++++ frame_probe ID: 44.6336883 receives a frame at time s ++++
44.6336s ++++
++++ frame_probe ID: 890 receives a frame at time 44.6336s ++++
++++ frame_probe ID: 860 receives a frame at time 44.6436s ++++
++++ frame_probe ID: 882 receives a frame at time 44.6531s ++++
++++ frame_probe ID: 1082 receives a frame at time 44.6531s ++++
++++ frame_probe ID: 1083 receives a frame at time 44.6532s ++++
++++ frame_probe ID: 1084 receives a frame at time 44.6532s ++++
counter results at time 1644.65 is 0
++++ frame_probe ID: 1090 receives a frame at time 44.6532s ++++
the 100th message counter node3_acked has been visited 9 times  
++++ frame_probe ID: 1050 receives a frame at time 44.7406s ++++
measurement 1/2 complete in 2 second(s).
++++ frame_probe ID: 1060 receives a frame at time 44.7811s ++++
++++ frame_probe ID: 882 receives a frame at time 44.7869s ++++
++++ frame_probe ID: 883 receives a frame at time 44.787s ++++
++++ frame_probe ID: 884 receives a frame at time 44.7871s ++++
++++ frame_probe ID: 890 receives a frame at time 44.7871s ++++
++++ frame_probe ID: 860 receives a frame at time 44.797s ++++
++++ frame_probe ID: 882 receives a frame at time 44.8061s ++++
++++ frame_probe ID: 1082 receives a frame at time 44.8062s ++++
++++ frame_probe ID: 1083 receives a frame at time 44.8062s ++++
counter results at time ++++ frame_probe ID: 1084 receives a frame at time 1644.81 is 0
++++ frame_probe ID: 1090 receives a frame at time 44.8063s ++++
44.8063s ++++
the 100th message counter node3_acked has been visited 10 times  
++++ frame_probe ID: 1050 receives a frame at time 44.8696s ++++
++++ frame_probe ID: 1060 receives a frame at time 44.9102s ++++
++++ frame_probe ID: 882 receives a frame at time 44.9212s ++++
INFO: Detected an invalid packet at item 544
++++ frame_probe ID: 883 receives a frame at time 44.9213s ++++
INFO: Parser returned #f
++++ frame_probe ID: 890 receives a frame at time ++++ frame_probe ID: 884 receives a frame at time 44.9213s ++++
44.9213s ++++
++++ frame_probe ID: 860 receives a frame at time 44.9315s ++++
INFO: Detected an invalid packet at item 576
INFO: Parser returned #f
++++ frame_probe ID: 1082 receives a frame at time 44.9405s ++++
++++ frame_probe ID: 882 receives a frame at time 44.9405s ++++
++++ frame_probe ID: 1083 receives a frame at time 44.9405s ++++
++++ frame_probe ID: 1084 receives a frame at time 44.9406s ++++
counter results at time ++++ frame_probe ID: 1090 receives a frame at time 44.9406s ++++
1644.94 is 0
the 100th message counter node3_acked has been visited 11 times  
++++ frame_probe ID: 1050 receives a frame at time 45.0579s ++++
++++ frame_probe ID: 1060 receives a frame at time 45.0984s ++++
INFO: Detected an invalid packet at item 640
INFO: Parser returned #f
++++ frame_probe ID: 882 receives a frame at time 45.1036s ++++
++++ frame_probe ID: ++++ frame_probe ID: 884883 receives a frame at time  receives a frame at time 45.103745.1037s ++++s ++++

++++ frame_probe ID: 890 receives a frame at time 45.1037s ++++
++++ frame_probe ID: 860 receives a frame at time 45.1137s ++++
++++ frame_probe ID: 1082 receives a frame at time 45.1229s ++++
++++ frame_probe ID: 1083 receives a frame at time 45.1229s ++++
++++ frame_probe ID: 1084 receives a frame at time 45.1229s ++++
++++ frame_probe ID: 882 receives a frame at time 45.1229s ++++
counter results at time 1645.12 is 0
++++ frame_probe ID: 1090 receives a frame at time 45.123s ++++
the 100th message counter node3_acked has been visited 12 times  
++++ frame_probe ID: 1050 receives a frame at time 45.1443s ++++
++++ frame_probe ID: 1060 receives a frame at time 45.1849s ++++
++++ frame_probe ID: 882 receives a frame at time 45.1898s ++++
++++ frame_probe ID: 883 receives a frame at time 45.1898s ++++
++++ frame_probe ID: 884 receives a frame at time 45.1899s ++++
INFO: Detected an invalid packet at item 704
INFO: Parser returned #f
++++ frame_probe ID: 890 receives a frame at time 45.19s ++++
++++ frame_probe ID: 860 receives a frame at time 45.1999s ++++
++++ frame_probe ID: 882 receives a frame at time 45.2091s ++++
++++ frame_probe ID: 1082 receives a frame at time 45.21s ++++
++++ frame_probe ID: 1084 receives a frame at time ++++ frame_probe ID: 1083 receives a frame at time 45.21s ++++
45.21s ++++
++++ frame_probe ID: 1090 receives a frame at time 45.21s ++++
counter results at time 1645.21 is 0
the 100th message counter node3_acked has been visited 13 times  
++++ frame_probe ID: 1050 receives a frame at time 45.3873s ++++
++++ frame_probe ID: 1060 receives a frame at time 45.4278s ++++
++++ frame_probe ID: 882 receives a frame at time 45.4303s ++++
++++ frame_probe ID: 883 receives a frame at time 45.4303s ++++
++++ frame_probe ID: 884 receives a frame at time 45.4304s ++++
++++ frame_probe ID: 890 receives a frame at time 45.4304s ++++
++++ frame_probe ID: 860 receives a frame at time 45.4403s ++++
++++ frame_probe ID: 882 receives a frame at time 45.4495s ++++
++++ frame_probe ID: 1082 receives a frame at time 45.4495s ++++
++++ frame_probe ID: 1083 receives a frame at time 45.4496s ++++
++++ frame_probe ID: 1084 receives a frame at time 45.4496s ++++
counter results at time ++++ frame_probe ID: 1645.451090 receives a frame at time  is 0
45.4497s ++++
the 100th message counter node3_acked has been visited 14 times  
++++ frame_probe ID: 1050 receives a frame at time 45.6389s ++++
++++ frame_probe ID: 1060 receives a frame at time 45.6794s ++++
INFO: Detected an invalid packet at item 800
++++ frame_probe ID: 882 receives a frame at time 45.689s ++++
++++ frame_probe ID: 883 receives a frame at time 45.6891s ++++
++++ frame_probe ID: 884 receives a frame at time 45.6891s ++++
++++ frame_probe ID: 890 receives a frame at time 45.6891s ++++
INFO: Parser returned #f
++++ frame_probe ID: 860 receives a frame at time 45.6991s ++++
++++ frame_probe ID: 1082 receives a frame at time 45.7091s ++++
++++ frame_probe ID: 882 receives a frame at time 45.7091s ++++
++++ frame_probe ID: 1083 receives a frame at time ++++ frame_probe ID: 1084 receives a frame at time 45.7092s ++++
45.7092s ++++
counter results at time ++++ frame_probe ID: 1090 receives a frame at time 1645.7145.7092 is s ++++0

the 100th message counter node3_acked has been visited 15 times  
++++ frame_probe ID: 1050 receives a frame at time 45.7425s ++++
measurement 1/2 complete in 1 second(s).
++++ frame_probe ID: 1060 receives a frame at time 45.783s ++++
++++ frame_probe ID: 882 receives a frame at time 45.7852s ++++
++++ frame_probe ID: 883 receives a frame at time 45.7852s ++++
++++ frame_probe ID: 884 receives a frame at time 45.7853s ++++
++++ frame_probe ID: 890 receives a frame at time 45.7853s ++++
++++ frame_probe ID: 860 receives a frame at time 45.7952s ++++
++++ frame_probe ID: 882 receives a frame at time 45.8044s ++++
++++ frame_probe ID: 1082 receives a frame at time 45.8046s ++++
++++ frame_probe ID: 1083 receives a frame at time 45.8047s ++++
++++ frame_probe ID: 1084 receives a frame at time 45.8047s ++++
counter results at time 1645.8 is 0
++++ frame_probe ID: 1090 receives a frame at time 45.8047s ++++
the 100th message counter node3_acked has been visited 16 times  
++++ frame_probe ID: 1050 receives a frame at time 45.9761s ++++
++++ frame_probe ID: 1060 receives a frame at time 46.0166s ++++
++++ frame_probe ID: 882 receives a frame at time 46.0256s ++++
++++ frame_probe ID: 883 receives a frame at time 46.0257s ++++
++++ frame_probe ID: 884 receives a frame at time 46.0257s ++++
++++ frame_probe ID: 890 receives a frame at time 46.0257s ++++
++++ frame_probe ID: 860 receives a frame at time 46.0357s ++++
++++ frame_probe ID: 1082 receives a frame at time 46.0449s ++++
++++ frame_probe ID: 1083 receives a frame at time 46.045s ++++
++++ frame_probe ID: 1084 receives a frame at time 46.045s ++++
++++ frame_probe ID: 1090 receives a frame at time 46.045s ++++
counter results at time 1646.05 is 0
++++ frame_probe ID: 882 receives a frame at time 46.0452s ++++
the 100th message counter node3_acked has been visited 17 times  
++++ frame_probe ID: 1050 receives a frame at time 46.1624s ++++
++++ frame_probe ID: 1060 receives a frame at time 46.2029s ++++
++++ frame_probe ID: 882 receives a frame at time 46.2082s ++++
++++ frame_probe ID: 883 receives a frame at time 46.2082s ++++
++++ frame_probe ID: 884 receives a frame at time 46.2082s ++++
++++ frame_probe ID: 890 receives a frame at time 46.2082s ++++
++++ frame_probe ID: 860 receives a frame at time 46.2183s ++++
++++ frame_probe ID: 882 receives a frame at time 46.2273s ++++
++++ frame_probe ID: 1082 receives a frame at time 46.2274s ++++
++++ frame_probe ID: 1083 receives a frame at time 46.2274s ++++
++++ frame_probe ID: 1084 receives a frame at time 46.2275s ++++
counter results at time 1646.23 is 0
++++ frame_probe ID: 1090 receives a frame at time 46.2275s ++++
the 100th message counter node3_acked has been visited 18 times  
++++ frame_probe ID: 1050 receives a frame at time 46.3628s ++++
++++ frame_probe ID: 1060 receives a frame at time 46.4033s ++++
INFO: Detected an invalid packet at item 960
++++ frame_probe ID: 882 receives a frame at time 46.4096s ++++
INFO: Parser returned #f
++++ frame_probe ID: 883 receives a frame at time 46.4096s ++++
++++ frame_probe ID: 884 receives a frame at time 46.4096s ++++
++++ frame_probe ID: 890 receives a frame at time 46.4097s ++++
++++ frame_probe ID: 860 receives a frame at time 46.4196s ++++
++++ frame_probe ID: 1082 receives a frame at time 46.4288s ++++
++++ frame_probe ID: 882 receives a frame at time 46.4288s ++++
++++ frame_probe ID: 1083 receives a frame at time 46.4288s ++++
++++ frame_probe ID: 1084 receives a frame at time 46.4288s ++++
counter results at time 1646.43 is 0
++++ frame_probe ID: 1090 receives a frame at time 46.4289s ++++
the 100th message counter node3_acked has been visited 19 times  
++++ frame_probe ID: 1050 receives a frame at time 46.4622s ++++
++++ frame_probe ID: 1060 receives a frame at time 46.5027s ++++
++++ frame_probe ID: 882 receives a frame at time 46.5048s ++++
++++ frame_probe ID: 883 receives a frame at time 46.5048s ++++
++++ frame_probe ID: 884 receives a frame at time 46.5049s ++++
++++ frame_probe ID: 890 receives a frame at time 46.5049s ++++
++++ frame_probe ID: 860 receives a frame at time 46.5148s ++++
++++ frame_probe ID: 882 receives a frame at time 46.525s ++++
++++ frame_probe ID: 1082 receives a frame at time 46.525s ++++
++++ frame_probe ID: 1083 receives a frame at time 46.525s ++++
++++ frame_probe ID: 1084 receives a frame at time 46.525s ++++
counter results at time 1646.53 is 0
++++ frame_probe ID: 1090 receives a frame at time 46.5251s ++++
the 100th message counter node3_acked has been visited 20 times  
++++ frame_probe ID: 1050 receives a frame at time 46.6664s ++++
++++ frame_probe ID: 1060 receives a frame at time 46.7069s ++++
++++ frame_probe ID: 882 receives a frame at time 46.7163s ++++
INFO: Detected an invalid packet at item 1056
INFO: Parser returned #f
++++ frame_probe ID: 884 receives a frame at time ++++ frame_probe ID: 883 receives a frame at time 46.7163s ++++
46.7163s ++++
++++ frame_probe ID: 890 receives a frame at time 46.7164s ++++
++++ frame_probe ID: 860 receives a frame at time 46.7263s ++++
++++ frame_probe ID: 882 receives a frame at time 46.7355s ++++
++++ frame_probe ID: 1082 receives a frame at time 46.7364s ++++
++++ frame_probe ID: 1083 receives a frame at time 46.7364s ++++
++++ frame_probe ID: 1084 receives a frame at time 46.7364s ++++
counter results at time 1646.74 is 0
++++ frame_probe ID: 1090 receives a frame at time 46.7365s ++++
the 100th message counter node3_acked has been visited 21 times  
measurement 1 raw data directory created /home/inets/0_ba/bachelor_thesis/measurements/debug/data/8/1/.
regex pattern is: _________________________________
*_1.txt
/home/inets/source/gr-inets/results
sender_ack_received_1.txt sender_bfr_dq_1.txt sender_data_sent_1.txt sender_frame_anlyzed_1.txt sender_frame_checked_good_1.txt sender_frame_received_1.txt sender_retransmissions_1.txt
measurement 1 raw data moved to /home/inets/0_ba/bachelor_thesis/measurements/debug/data/8/1/.

measurement 2/2 complete in 6 second(s).
linux; GNU C++ version 5.4.0 20160609; Boost_105800; UHD_003.009.005-45-g6768a615
linux; GNU C++ version 5.4.0 20160609; Boost_105800; UHD_003.009.005-45-g6768a615


Using Volk machine: avx_64_mmx
-- Opening a USRP2/N-Series device...
Using Volk machine: avx_64_mmx
-- Opening a USRP2/N-Series device...
-- Current recv frame size: 1472 bytes
-- Current recv frame size: 1472 bytes
-- Current send frame size: 1472 bytes
-- Current send frame size: 1472 bytes
measurement 2/2 complete in 5 second(s).
develop mode of resend_check ID: 24 is activated.
develop mode of resend_check ID: 24 is activated.
the 100th message counter is activated.
the 880th message counter is activated.
the 100th message counter is activated.
measurement 2/2 complete in 4 second(s).
node starts running at 49.0804
node starts running at 49.0832
++++ frame_probe ID: 1050 receives a frame at time 49.2181s ++++
++++ frame_probe ID: 1060 receives a frame at time 49.2589s ++++
++++ frame_probe ID: 882 receives a frame at time 49.2636s ++++
++++ frame_probe ID: 884++++ frame_probe ID:  receives a frame at time 883 receives a frame at time 49.2637s ++++
49.2637s ++++
++++ frame_probe ID: 890 receives a frame at time 49.2637s ++++
INFO: Detected an invalid packet at item 0
INFO: Parser returned #f
++++ frame_probe ID: 860 receives a frame at time 49.2738s ++++
++++ frame_probe ID: 1082 receives a frame at time 49.2781s ++++
++++ frame_probe ID: 1084 receives a frame at time ++++ frame_probe ID: 1083 receives a frame at time 49.2782s ++++
49.2782s ++++
++++ frame_probe ID: 1090 receives a frame at time counter results at time 49.2782s ++++
1649.28 is 0
++++ frame_probe ID: 882 receives a frame at time 49.2829s ++++
the 100th message counter node3_acked has been visited 1 times  
++++ frame_probe ID: 1050 receives a frame at time 49.4315s ++++
++++ frame_probe ID: 1060 receives a frame at time 49.472s ++++
++++ frame_probe ID: 882 receives a frame at time 49.4751s ++++
++++ frame_probe ID: 883 receives a frame at time 49.4752s ++++
++++ frame_probe ID: 890 receives a frame at time 49.4752s ++++
++++ frame_probe ID: 884 receives a frame at time 49.4752s ++++
++++ frame_probe ID: 860 receives a frame at time 49.4852s ++++
++++ frame_probe ID: 1082 receives a frame at time 49.4887s ++++
++++ frame_probe ID: 1083 receives a frame at time 49.4888s ++++
counter results at time 1649.49 is 0
++++ frame_probe ID: 1090 receives a frame at time ++++ frame_probe ID: 1084 receives a frame at time 49.4888s ++++
49.4888s ++++
++++ frame_probe ID: 882 receives a frame at time 49.4944s ++++
the 100th message counter node3_acked has been visited 2 times  
++++ frame_probe ID: 1050 receives a frame at time 49.6722s ++++
++++ frame_probe ID: 1060 receives a frame at time 49.7127s ++++
INFO: Detected an invalid packet at item 96
INFO: Parser returned #f
++++ frame_probe ID: 882 receives a frame at time 49.7247s ++++
++++ frame_probe ID: 883 receives a frame at time 49.7247s ++++
++++ frame_probe ID: 884 receives a frame at time 49.7247s ++++
++++ frame_probe ID: 890 receives a frame at time 49.7248s ++++
++++ frame_probe ID: 860 receives a frame at time 49.7349s ++++
++++ frame_probe ID: 1082 receives a frame at time 49.7382s ++++
++++ frame_probe ID: 1083 receives a frame at time 49.7383s ++++
++++ frame_probe ID: 1084 receives a frame at time 49.7383s ++++
counter results at time ++++ frame_probe ID: 1090 receives a frame at time 1649.74 is 0
49.7384s ++++
++++ frame_probe ID: 882 receives a frame at time 49.7439s ++++
measurement 2/2 complete in 3 second(s).
the 100th message counter node3_acked has been visited 3 times  
++++ frame_probe ID: 1050 receives a frame at time 49.9337s ++++
++++ frame_probe ID: 1060 receives a frame at time 49.9743s ++++
++++ frame_probe ID: 882 receives a frame at time 49.9833s ++++
++++ frame_probe ID: 883 receives a frame at time 49.9833s ++++
++++ frame_probe ID: 884 receives a frame at time 49.9833s ++++
++++ frame_probe ID: 890 receives a frame at time 49.9834s ++++
++++ frame_probe ID: 860 receives a frame at time 49.9934s ++++
++++ frame_probe ID: 1082 receives a frame at time 49.9978s ++++
++++ frame_probe ID: 1084 receives a frame at time 49.9978s ++++
counter results at time 1650 is 0
++++ frame_probe ID: 1090 receives a frame at time 49.9979s ++++
++++ frame_probe ID: 1083 receives a frame at time 49.9979s ++++
++++ frame_probe ID: 882 receives a frame at time 50.0034s ++++
the 100th message counter node3_acked has been visited 4 times  
++++ frame_probe ID: 1050 receives a frame at time 50.1213s ++++
++++ frame_probe ID: 1060 receives a frame at time 50.1618s ++++
++++ frame_probe ID: 882 receives a frame at time 50.1657s ++++
++++ frame_probe ID: 883 receives a frame at time 50.1657s ++++
++++ frame_probe ID: 884 receives a frame at time 50.1658s ++++
++++ frame_probe ID: 890 receives a frame at time 50.1658s ++++
INFO: Detected an invalid packet at item 192
INFO: Parser returned #f
++++ frame_probe ID: 860 receives a frame at time 50.1758s ++++
++++ frame_probe ID: 1082 receives a frame at time 50.1802s ++++
++++ frame_probe ID: 1083 receives a frame at time 50.1802s ++++
++++ frame_probe ID: 1084 receives a frame at time 50.1802s ++++
counter results at time 1650.18 is 0
++++ frame_probe ID: 1090 receives a frame at time 50.1803s ++++
the 100th message counter node3_acked has been visited 5 times  
++++ frame_probe ID: 882 receives a frame at time 50.1859s ++++
++++ frame_probe ID: 1050 receives a frame at time 50.1955s ++++
++++ frame_probe ID: 1060 receives a frame at time 50.2361s ++++
++++ frame_probe ID: 882 receives a frame at time 50.2429s ++++
++++ frame_probe ID: 883 receives a frame at time 50.2429s ++++
++++ frame_probe ID: 884 receives a frame at time 50.2429s ++++
++++ frame_probe ID: 890 receives a frame at time 50.243s ++++
INFO: Detected an invalid packet at item 256
INFO: Parser returned #f
++++ frame_probe ID: 860 receives a frame at time 50.253s ++++
++++ frame_probe ID: 1082 receives a frame at time 50.2574s ++++
++++ frame_probe ID: 1083 receives a frame at time 50.2574s ++++
++++ frame_probe ID: 1084 receives a frame at time 50.2574s ++++
counter results at time 1650.26 is 0
++++ frame_probe ID: 1090 receives a frame at time 50.2575s ++++
++++ frame_probe ID: 882 receives a frame at time 50.2621s ++++
the 100th message counter node3_acked has been visited 6 times  
++++ frame_probe ID: 1050 receives a frame at time 50.3448s ++++
++++ frame_probe ID: 1060 receives a frame at time 50.3854s ++++
++++ frame_probe ID: 882 receives a frame at time 50.3962s ++++
++++ frame_probe ID: 883 receives a frame at time 50.3963s ++++
++++ frame_probe ID: 884 receives a frame at time 50.3963s ++++
++++ frame_probe ID: 890 receives a frame at time 50.3964s ++++
++++ frame_probe ID: 860 receives a frame at time 50.4064s ++++
++++ frame_probe ID: 1082 receives a frame at time 50.4108s ++++
++++ frame_probe ID: 1083 receives a frame at time 50.4108s ++++
++++ frame_probe ID: 1084 receives a frame at time 50.4108s ++++
counter results at time 1650.41 is 0
++++ frame_probe ID: 1090 receives a frame at time 50.4109s ++++
++++ frame_probe ID: 882 receives a frame at time 50.4155s ++++
the 100th message counter node3_acked has been visited 7 times  
++++ frame_probe ID: 1050 receives a frame at time 50.5942s ++++
++++ frame_probe ID: 1060 receives a frame at time 50.6347s ++++
++++ frame_probe ID: 882 receives a frame at time 50.6458s ++++
++++ frame_probe ID: 883 receives a frame at time 50.6458s ++++
++++ frame_probe ID: 884 receives a frame at time 50.6458s ++++
++++ frame_probe ID: 890 receives a frame at time 50.6459s ++++
++++ frame_probe ID: 860 receives a frame at time 50.6559s ++++
++++ frame_probe ID: 1082 receives a frame at time 50.6603s ++++
++++ frame_probe ID: 1083 receives a frame at time 50.6603s ++++
++++ frame_probe ID: 1084 receives a frame at time 50.6603s ++++
++++ frame_probe ID: 1090 receives a frame at time 50.6604s ++++
counter results at time 1650.66 is 0
++++ frame_probe ID: 882 receives a frame at time 50.665s ++++
the 100th message counter node3_acked has been visited 8 times  
++++ frame_probe ID: 1050 receives a frame at time 50.6817s ++++
++++ frame_probe ID: 1060 receives a frame at time 50.7222s ++++
++++ frame_probe ID: 882 receives a frame at time 50.7329s ++++
++++ frame_probe ID: 883 receives a frame at time 50.7329s ++++
++++ frame_probe ID: 884 receives a frame at time 50.733s ++++
++++ frame_probe ID: 890 receives a frame at time 50.733s ++++
++++ frame_probe ID: 860 receives a frame at time 50.743s ++++
++++ frame_probe ID: 1082 receives a frame at time 50.7465s ++++
++++ frame_probe ID: 1083 receives a frame at time 50.7465s ++++
++++ frame_probe ID: 1084 receives a frame at time 50.7466s ++++
counter results at time 1650.75 is 0
++++ frame_probe ID: 1090 receives a frame at time 50.7466s ++++
++++ frame_probe ID: 882 receives a frame at time 50.7522s ++++
measurement 2/2 complete in 2 second(s).
the 100th message counter node3_acked has been visited 9 times  
++++ frame_probe ID: 1050 receives a frame at time 50.786s ++++
++++ frame_probe ID: 1060 receives a frame at time 50.8267s ++++
++++ frame_probe ID: 882 receives a frame at time 50.8382s ++++
++++ frame_probe ID: 883 receives a frame at time 50.8382s ++++
++++ frame_probe ID: 884 receives a frame at time 50.8383s ++++
++++ frame_probe ID: 890 receives a frame at time 50.8383s ++++
++++ frame_probe ID: 860 receives a frame at time 50.8483s ++++
++++ frame_probe ID: 1082 receives a frame at time 50.8527s ++++
++++ frame_probe ID: 1083 receives a frame at time 50.8527s ++++
++++ frame_probe ID: 1084 receives a frame at time 50.8527s ++++
counter results at time 1650.85 is 0
++++ frame_probe ID: 1090 receives a frame at time 50.8528s ++++
++++ frame_probe ID: 882 receives a frame at time 50.8575s ++++
the 100th message counter node3_acked has been visited 10 times  
++++ frame_probe ID: 1050 receives a frame at time 51.0301s ++++
++++ frame_probe ID: 1060 receives a frame at time 51.0707s ++++
++++ frame_probe ID: 882 receives a frame at time 51.0777s ++++
++++ frame_probe ID: 883 receives a frame at time 51.0778s ++++
++++ frame_probe ID: 884 receives a frame at time 51.0778s ++++
++++ frame_probe ID: 890 receives a frame at time 51.0779s ++++
INFO: Detected an invalid packet at item 448
INFO: Parser returned #f
INFO: Detected an invalid packet at item 480
INFO: Parser returned #f
++++ frame_probe ID: 860 receives a frame at time 51.0879s ++++
++++ frame_probe ID: 1082 receives a frame at time 51.0914s ++++
++++ frame_probe ID: 1083 receives a frame at time 51.0914s ++++
++++ frame_probe ID: 1084 receives a frame at time 51.0915s ++++
counter results at time 1651.09 is 0
++++ frame_probe ID: 1090 receives a frame at time 51.0915s ++++
++++ frame_probe ID: 882 receives a frame at time 51.097s ++++
the 100th message counter node3_acked has been visited 11 times  
++++ frame_probe ID: 1050 receives a frame at time 51.2088s ++++
++++ frame_probe ID: 1060 receives a frame at time 51.2494s ++++
++++ frame_probe ID: 882 receives a frame at time 51.2601s ++++
++++ frame_probe ID: 883 receives a frame at time 51.2602s ++++
++++ frame_probe ID: 884 receives a frame at time 51.2602s ++++
++++ frame_probe ID: 890 receives a frame at time 51.2602s ++++
++++ frame_probe ID: 860 receives a frame at time 51.2703s ++++
INFO: Detected an invalid packet at item 544
INFO: Parser returned #f
++++ frame_probe ID: 1082 receives a frame at time 51.2741s ++++
++++ frame_probe ID: 1083 receives a frame at time 51.2742s ++++
++++ frame_probe ID: 1084 receives a frame at time 51.2742s ++++
counter results at time ++++ frame_probe ID: 1090 receives a frame at time 1651.27 is 0
51.2742s ++++
++++ frame_probe ID: 882 receives a frame at time 51.2795s ++++
the 100th message counter node3_acked has been visited 12 times  
++++ frame_probe ID: 1050 receives a frame at time 51.4635s ++++
++++ frame_probe ID: 1060 receives a frame at time 51.5041s ++++
++++ frame_probe ID: 882 receives a frame at time 51.5097s ++++
++++ frame_probe ID: 883 receives a frame at time 51.5097s ++++
++++ frame_probe ID: 884 receives a frame at time 51.5098s ++++
++++ frame_probe ID: 890 receives a frame at time 51.5098s ++++
++++ frame_probe ID: 860 receives a frame at time 51.5198s ++++
++++ frame_probe ID: 1082 receives a frame at time 51.5233s ++++
++++ frame_probe ID: 1084 receives a frame at time ++++ frame_probe ID: 1083 receives a frame at time 51.523451.5234s ++++s ++++

counter results at time 1651.52 is 0
++++ frame_probe ID: 1090 receives a frame at time 51.5234s ++++
++++ frame_probe ID: 882 receives a frame at time 51.5298s ++++
the 100th message counter node3_acked has been visited 13 times  
++++ frame_probe ID: 1050 receives a frame at time 51.6288s ++++
++++ frame_probe ID: 1060 receives a frame at time 51.6693s ++++
++++ frame_probe ID: 882 receives a frame at time 51.6731s ++++
++++ frame_probe ID: 883 receives a frame at time 51.6731s ++++
++++ frame_probe ID: 884 receives a frame at time 51.6731s ++++
++++ frame_probe ID: 890 receives a frame at time 51.6732s ++++
++++ frame_probe ID: 860 receives a frame at time 51.6831s ++++
++++ frame_probe ID: 1082 receives a frame at time 51.6866s ++++
++++ frame_probe ID: 1083 receives a frame at time 51.6867s ++++
++++ frame_probe ID: 1084 receives a frame at time 51.6867s ++++
counter results at time 1651.69 is 0
++++ frame_probe ID: 1090 receives a frame at time 51.6868s ++++
++++ frame_probe ID: 882 receives a frame at time 51.6923s ++++
measurement 2/2 complete in 1 second(s).
the 100th message counter node3_acked has been visited 14 times  
++++ frame_probe ID: 1050 receives a frame at time 51.876s ++++
++++ frame_probe ID: 1060 receives a frame at time 51.9167s ++++
++++ frame_probe ID: 882 receives a frame at time 51.9226s ++++
++++ frame_probe ID: 884 receives a frame at time ++++ frame_probe ID: 883 receives a frame at time 51.9227s ++++
51.9227s ++++
++++ frame_probe ID: 890 receives a frame at time 51.9227s ++++
++++ frame_probe ID: 860 receives a frame at time 51.9327s ++++
++++ frame_probe ID: 1082 receives a frame at time 51.9362s ++++
++++ frame_probe ID: 1083 receives a frame at time 51.9363s ++++
++++ frame_probe ID: 1084 receives a frame at time 51.9363s ++++
counter results at time 1651.94 is 0
++++ frame_probe ID: 1090 receives a frame at time 51.9363s ++++
++++ frame_probe ID: 882 receives a frame at time 51.9419s ++++
the 100th message counter node3_acked has been visited 15 times  
++++ frame_probe ID: 1050 receives a frame at time 51.9636s ++++
++++ frame_probe ID: 1060 receives a frame at time 52.0041s ++++
++++ frame_probe ID: 882 receives a frame at time 52.0088s ++++
++++ frame_probe ID: 883 receives a frame at time 52.0089s ++++
++++ frame_probe ID: 884 receives a frame at time 52.0089s ++++
++++ frame_probe ID: 890 receives a frame at time 52.009s ++++
++++ frame_probe ID: 860 receives a frame at time 52.019s ++++
++++ frame_probe ID: 1082 receives a frame at time 52.0234s ++++
++++ frame_probe ID: 1083 receives a frame at time 52.0234s ++++
++++ frame_probe ID: 1084 receives a frame at time 52.0234s ++++
counter results at time 1652.02 is 0
++++ frame_probe ID: 1090 receives a frame at time 52.0235s ++++
++++ frame_probe ID: 882 receives a frame at time 52.0281s ++++
the 100th message counter node3_acked has been visited 16 times  
++++ frame_probe ID: 1050 receives a frame at time 52.2127s ++++
++++ frame_probe ID: 1060 receives a frame at time 52.2535s ++++
++++ frame_probe ID: 882 receives a frame at time 52.2584s ++++
++++ frame_probe ID: 883 receives a frame at time 52.2584s ++++
++++ frame_probe ID: 884 receives a frame at time 52.2584s ++++
++++ frame_probe ID: 890 receives a frame at time 52.2585s ++++
INFO: Detected an invalid packet at item 736
INFO: Parser returned #f
++++ frame_probe ID: 860 receives a frame at time 52.2684s ++++
++++ frame_probe ID: 1082 receives a frame at time 52.2729s ++++
++++ frame_probe ID: 1083 receives a frame at time 52.2729s ++++
++++ frame_probe ID: 1084 receives a frame at time 52.2729s ++++
counter results at time ++++ frame_probe ID: 1090 receives a frame at time 52.273s ++++
1652.27 is 0
++++ frame_probe ID: 882 receives a frame at time 52.2776s ++++
the 100th message counter node3_acked has been visited 17 times  
++++ frame_probe ID: 1050 receives a frame at time 52.3182s ++++
++++ frame_probe ID: 1060 receives a frame at time 52.3588s ++++
++++ frame_probe ID: 882 receives a frame at time 52.3637s ++++
++++ frame_probe ID: 884 receives a frame at time ++++ frame_probe ID: 883 receives a frame at time 52.3637s ++++
52.3637s ++++
++++ frame_probe ID: 890 receives a frame at time 52.3638s ++++
INFO: Detected an invalid packet at item 800
INFO: Parser returned #f
++++ frame_probe ID: 860 receives a frame at time 52.3738s ++++
++++ frame_probe ID: 1082 receives a frame at time 52.3782s ++++
++++ frame_probe ID: 1083 receives a frame at time 52.3782s ++++
++++ frame_probe ID: 1084 receives a frame at time 52.3782s ++++
counter results at time 1652.38 is 0
++++ frame_probe ID: 1090 receives a frame at time 52.3783s ++++
++++ frame_probe ID: 882 receives a frame at time 52.3838s ++++
the 100th message counter node3_acked has been visited 18 times  
++++ frame_probe ID: 1050 receives a frame at time 52.4355s ++++
++++ frame_probe ID: 1060 receives a frame at time 52.4762s ++++
++++ frame_probe ID: 882 receives a frame at time 52.479s ++++
++++ frame_probe ID: 883 receives a frame at time 52.479s ++++
++++ frame_probe ID: 884 receives a frame at time 52.4791s ++++
++++ frame_probe ID: 890 receives a frame at time 52.4791s ++++
INFO: Detected an invalid packet at item 864
INFO: Parser returned #f
++++ frame_probe ID: 860 receives a frame at time 52.4891s ++++
++++ frame_probe ID: 1082 receives a frame at time 52.4934s ++++
++++ frame_probe ID: 1083 receives a frame at time 52.4934s ++++
++++ frame_probe ID: 1084 receives a frame at time 52.4935s ++++
counter results at time 1652.49 is 0
++++ frame_probe ID: 1090 receives a frame at time 52.4935s ++++
++++ frame_probe ID: 882 receives a frame at time 52.4991s ++++
the 100th message counter node3_acked has been visited 19 times  
++++ frame_probe ID: 1050 receives a frame at time 52.5208s ++++
++++ frame_probe ID: 1060 receives a frame at time 52.5613s ++++
++++ frame_probe ID: 882 receives a frame at time 52.566s ++++
++++ frame_probe ID: 883 receives a frame at time 52.5661s ++++
++++ frame_probe ID: 884 receives a frame at time 52.5661s ++++
++++ frame_probe ID: 890 receives a frame at time 52.5661s ++++
INFO: Detected an invalid packet at item 928
INFO: Parser returned #f
++++ frame_probe ID: 860 receives a frame at time 52.5761s ++++
++++ frame_probe ID: 1082 receives a frame at time 52.5797s ++++
++++ frame_probe ID: 1083 receives a frame at time 52.5797s ++++
++++ frame_probe ID: 1084 receives a frame at time 52.5797s ++++
counter results at time 1652.58 is 0
++++ frame_probe ID: 1090 receives a frame at time 52.5798s ++++
++++ frame_probe ID: 882 receives a frame at time 52.5853s ++++
the 100th message counter node3_acked has been visited 20 times  
++++ frame_probe ID: 1050 receives a frame at time 52.691s ++++
++++ frame_probe ID: 1060 receives a frame at time 52.7315s ++++
++++ frame_probe ID: 882 receives a frame at time 52.7385s ++++
++++ frame_probe ID: 883 receives a frame at time 52.7385s ++++
++++ frame_probe ID: 884 receives a frame at time 52.7385s ++++
++++ frame_probe ID: 890 receives a frame at time 52.7385s ++++
++++ frame_probe ID: 860 receives a frame at time 52.7485s ++++
++++ frame_probe ID: 1082 receives a frame at time 52.753s ++++
++++ frame_probe ID: 1083 receives a frame at time 52.753s ++++
++++ frame_probe ID: 1084 receives a frame at time 52.753s ++++
counter results at time 1652.75 is 0
++++ frame_probe ID: 1090 receives a frame at time 52.7531s ++++
++++ frame_probe ID: 882 receives a frame at time 52.7577s ++++
measurement 2 raw data directory created /home/inets/0_ba/bachelor_thesis/measurements/debug/data/8/2/.
regex pattern is: _________________________________
*_1.txt
/home/inets/source/gr-inets/results
sender_ack_received_1.txt sender_bfr_dq_1.txt sender_data_sent_1.txt sender_frame_anlyzed_1.txt sender_frame_checked_good_1.txt sender_frame_received_1.txt sender_retransmissions_1.txt
measurement 2 raw data moved to /home/inets/0_ba/bachelor_thesis/measurements/debug/data/8/2/.

now processing results...
plotting python should be: python3 (ubuntu).
Hello from rtt.py!
hello from variables.py!
File /home/inets/0_ba/bachelor_thesis/measurements/debug/data/8/1/sender_bfr_dq_1.txt not found.                 Assuming not reached in GR.
File /home/inets/0_ba/bachelor_thesis/measurements/debug/data/8/1/sender_ack_received_1.txt not found.                 Assuming not reached in GR.
File /home/inets/0_ba/bachelor_thesis/measurements/debug/data/8/1/sender_retransmissions_1.txt not found.                 Assuming not reached in GR. Creating data for you...

The resulting RTTs of this single measurement are:
[]



The resulting mean RTT of this single measurement is:
100


