measurement 1/5 complete in 300 second(s).
linux; GNU C++ version 5.4.0 20160609; Boost_105800; UHD_003.009.005-45-g6768a615

linux; GNU C++ version 5.4.0 20160609; Boost_105800; UHD_003.009.005-45-g6768a615

Using Volk machine: avx_64_mmx
-- Opening a USRP2/N-Series device...
Using Volk machine: avx_64_mmx
-- Opening a USRP2/N-Series device...
-- Current recv frame size: 1472 bytes
-- Current send frame size: 1472 bytes
-- Current recv frame size: 1472 bytes
-- Current send frame size: 1472 bytes
measurement 1/5 complete in 299 second(s).
measurement 1/5 complete in 298 second(s).
node starts running at 15.7564
++++ frame_probe ID: 1050 receives a frame at time 15.7655s ++++
++++ frame_probe ID: 1060 receives a frame at time 15.8063s ++++
++++ frame_probe ID: 882 receives a frame at time 15.8168s ++++
++++ frame_probe ID: 883 receives a frame at time 15.8169s ++++
++++ frame_probe ID: 884 receives a frame at time 15.8169s ++++
++++ frame_probe ID: 890 receives a frame at time 15.8169s ++++
++++ frame_probe ID: 860 receives a frame at time 15.8239s ++++
INFO: Detected an invalid packet at item 32
INFO: Parser returned #f
++++ frame_probe ID: 1082 receives a frame at time 15.8269s ++++
++++ frame_probe ID: 1083 receives a frame at time 15.8269s ++++
++++ frame_probe ID: 1084 receives a frame at time 15.827s ++++
++++ frame_probe ID: 1090 receives a frame at time 15.827s ++++
++++ frame_probe ID: 1050 receives a frame at time 15.8271s ++++
++++ frame_probe ID: 1060 receives a frame at time 15.8677s ++++
++++ frame_probe ID: 882 receives a frame at time 15.8748s ++++
++++ frame_probe ID: 883 receives a frame at time 15.8748s ++++
++++ frame_probe ID: 884 receives a frame at time 15.8749s ++++
++++ frame_probe ID: 890 receives a frame at time 15.8749s ++++
++++ frame_probe ID: 860 receives a frame at time 15.8818s ++++
++++ frame_probe ID: 1082 receives a frame at time 15.8938s ++++
++++ frame_probe ID: 1083 receives a frame at time 15.8938s ++++
++++ frame_probe ID: 1084 receives a frame at time 15.8939s ++++
++++ frame_probe ID: 1090 receives a frame at time 15.8939s ++++
++++ frame_probe ID: 1050 receives a frame at time 15.894s ++++
++++ frame_probe ID: 1060 receives a frame at time 15.9345s ++++
++++ frame_probe ID: 882 receives a frame at time 15.9418s ++++
++++ frame_probe ID: 883 receives a frame at time 15.9419s ++++
++++ frame_probe ID: 884 receives a frame at time 15.9419s ++++
++++ frame_probe ID: 890 receives a frame at time 15.9419s ++++
++++ frame_probe ID: 860 receives a frame at time 15.9489s ++++
INFO: Detected an invalid packet at item 128
INFO: Parser returned #f
++++ frame_probe ID: 1082 receives a frame at time 15.9521s ++++
++++ frame_probe ID: 1083 receives a frame at time 15.9521s ++++
++++ frame_probe ID: 1084 receives a frame at time 15.9522s ++++
++++ frame_probe ID: 1090 receives a frame at time 15.9522s ++++
++++ frame_probe ID: 1050 receives a frame at time 15.9523s ++++
++++ frame_probe ID: 1060 receives a frame at time 15.9927s ++++
INFO: Detected an invalid packet at item 96
INFO: Parser returned #f
++++ frame_probe ID: 882 receives a frame at time 16s ++++
++++ frame_probe ID: 883 receives a frame at time 16s ++++
++++ frame_probe ID: 884 receives a frame at time 16.0001s ++++
++++ frame_probe ID: 890 receives a frame at time 16.0001s ++++
++++ frame_probe ID: 860 receives a frame at time 16.007s ++++
++++ frame_probe ID: 1082 receives a frame at time 16.0189s ++++
++++ frame_probe ID: 1084 receives a frame at time 16.0189s ++++
++++ frame_probe ID: 1083 receives a frame at time 16.0189s ++++
++++ frame_probe ID: 1090 receives a frame at time 16.019s ++++
++++ frame_probe ID: 1050 receives a frame at time 16.019s ++++
++++ frame_probe ID: 1060 receives a frame at time 16.0596s ++++
INFO: Detected an invalid packet at item 160
INFO: Parser returned #f
++++ frame_probe ID: 882 receives a frame at time 16.0671s ++++
++++ frame_probe ID: 883 receives a frame at time 16.0672s ++++
++++ frame_probe ID: 884 receives a frame at time 16.0672s ++++
++++ frame_probe ID: 890 receives a frame at time 16.0672s ++++
++++ frame_probe ID: 860 receives a frame at time 16.0741s ++++
++++ frame_probe ID: 1082 receives a frame at time 16.086s ++++
++++ frame_probe ID: 1083 receives a frame at time 16.086s ++++
++++ frame_probe ID: 1084 receives a frame at time 16.0861s ++++
++++ frame_probe ID: 1090 receives a frame at time 16.0861s ++++
++++ frame_probe ID: 1050 receives a frame at time 16.0862s ++++
++++ frame_probe ID: 1060 receives a frame at time 16.1266s ++++
++++ frame_probe ID: 882 receives a frame at time 16.1342s ++++
INFO: Detected an invalid packet at item 224
++++ frame_probe ID: 883 receives a frame at time 16.1343s ++++
INFO: Parser returned #f
++++ frame_probe ID: 884 receives a frame at time 16.1343s ++++
++++ frame_probe ID: 890 receives a frame at time 16.1343s ++++
++++ frame_probe ID: 860 receives a frame at time 16.1412s ++++
++++ frame_probe ID: 1082 receives a frame at time 16.1531s ++++
INFO: Detected an invalid packet at item 256
++++ frame_probe ID: 1083 receives a frame at time 16.1531s ++++
INFO: Parser returned #f
++++ frame_probe ID: 1084 receives a frame at time 16.1532s ++++
++++ frame_probe ID: 1090 receives a frame at time 16.1532s ++++
++++ frame_probe ID: 1050 receives a frame at time 16.1533s ++++
++++ frame_probe ID: 1060 receives a frame at time 16.1938s ++++
INFO: Detected an invalid packet at item 288
INFO: Parser returned #f
++++ frame_probe ID: 882 receives a frame at time 16.2014s ++++
++++ frame_probe ID: 883 receives a frame at time 16.2015s ++++
++++ frame_probe ID: 884 receives a frame at time 16.2015s ++++
++++ frame_probe ID: 890 receives a frame at time 16.2015s ++++
++++ frame_probe ID: 860 receives a frame at time 16.2085s ++++
++++ frame_probe ID: 1082 receives a frame at time 16.2203s ++++
++++ frame_probe ID: 1083 receives a frame at time 16.2203s ++++
++++ frame_probe ID: 1084 receives a frame at time 16.2204s ++++
++++ frame_probe ID: 1090 receives a frame at time 16.2204s ++++
++++ frame_probe ID: 1050 receives a frame at time 16.2205s ++++
++++ frame_probe ID: 1060 receives a frame at time 16.261s ++++
++++ frame_probe ID: 882 receives a frame at time 16.2686s ++++
++++ frame_probe ID: 883 receives a frame at time 16.2686s ++++
++++ frame_probe ID: 884 receives a frame at time 16.2686s ++++
++++ frame_probe ID: 890 receives a frame at time 16.2687s ++++
++++ frame_probe ID: 860 receives a frame at time 16.2766s ++++
++++ frame_probe ID: 1082 receives a frame at time 16.291s ++++
++++ frame_probe ID: 1083 receives a frame at time 16.291s ++++
++++ frame_probe ID: 1084 receives a frame at time 16.2911s ++++
++++ frame_probe ID: 1090 receives a frame at time 16.2911s ++++
++++ frame_probe ID: 1050 receives a frame at time 16.2912s ++++
++++ frame_probe ID: 1060 receives a frame at time 16.3318s ++++
++++ frame_probe ID: 882 receives a frame at time 16.3357s ++++
++++ frame_probe ID: 883 receives a frame at time 16.3357s ++++
++++ frame_probe ID: 890 receives a frame at time 16.3358s ++++
++++ frame_probe ID: 884 receives a frame at time 16.3359s ++++
++++ frame_probe ID: 860 receives a frame at time 16.3428s ++++
INFO: Detected an invalid packet at item 384
INFO: Parser returned #f
++++ frame_probe ID: 1082 receives a frame at time 16.3546s ++++
++++ frame_probe ID: 1083 receives a frame at time 16.3547s ++++
++++ frame_probe ID: 1084 receives a frame at time 16.3547s ++++
++++ frame_probe ID: 1090 receives a frame at time 16.3547s ++++
++++ frame_probe ID: 1050 receives a frame at time 16.3548s ++++
measurement 1/5 complete in 297 second(s).
++++ frame_probe ID: 1060 receives a frame at time 16.3953s ++++
++++ frame_probe ID: 882 receives a frame at time 16.4028s ++++
INFO: Detected an invalid packet at item 416
++++ frame_probe ID: 884 receives a frame at time 16.4029s ++++
INFO: Parser returned #f
++++ frame_probe ID: 890 receives a frame at time 16.4029s ++++
++++ frame_probe ID: 883 receives a frame at time 16.4029s ++++
++++ frame_probe ID: 860 receives a frame at time 16.4099s ++++
INFO: Detected an invalid packet at item 448
INFO: Parser returned #f
++++ frame_probe ID: 1082 receives a frame at time 16.4217s ++++
++++ frame_probe ID: 1083 receives a frame at time 16.4217s ++++
++++ frame_probe ID: 1084 receives a frame at time 16.4218s ++++
++++ frame_probe ID: 1090 receives a frame at time 16.4218s ++++
++++ frame_probe ID: 1050 receives a frame at time 16.4219s ++++
++++ frame_probe ID: 1060 receives a frame at time 16.4626s ++++
++++ frame_probe ID: 882 receives a frame at time 16.47s ++++
++++ frame_probe ID: 883 receives a frame at time 16.47s ++++
++++ frame_probe ID: 884 receives a frame at time 16.4701s ++++
++++ frame_probe ID: 890 receives a frame at time 16.4701s ++++
++++ frame_probe ID: 860 receives a frame at time 16.477s ++++
INFO: Detected an invalid packet at item 512
INFO: Parser returned #f
++++ frame_probe ID: 1082 receives a frame at time 16.4889s ++++
++++ frame_probe ID: 1083 receives a frame at time 16.4889s ++++
++++ frame_probe ID: 1084 receives a frame at time 16.4889s ++++
++++ frame_probe ID: 1090 receives a frame at time 16.489s ++++
++++ frame_probe ID: 1050 receives a frame at time 16.4891s ++++
++++ frame_probe ID: 1060 receives a frame at time 16.5296s ++++
INFO: Detected an invalid packet at item 512
INFO: Parser returned #f
++++ frame_probe ID: 882 receives a frame at time 16.5372s ++++
++++ frame_probe ID: 883 receives a frame at time 16.5372s ++++
++++ frame_probe ID: 884 receives a frame at time 16.5372s ++++
++++ frame_probe ID: 890 receives a frame at time 16.5373s ++++
++++ frame_probe ID: 860 receives a frame at time 16.5441s ++++
++++ frame_probe ID: 1082 receives a frame at time 16.5463s ++++
++++ frame_probe ID: 1083 receives a frame at time 16.5463s ++++
++++ frame_probe ID: 1084 receives a frame at time 16.5463s ++++
++++ frame_probe ID: 1090 receives a frame at time 16.5464s ++++
++++ frame_probe ID: 1050 receives a frame at time 16.5464s ++++
INFO: Detected an invalid packet at item 576
INFO: Parser returned #f
++++ frame_probe ID: 1060 receives a frame at time 16.587s ++++
++++ frame_probe ID: 882 receives a frame at time 16.5952s ++++
++++ frame_probe ID: 883 receives a frame at time 16.5955s ++++
++++ frame_probe ID: 884 receives a frame at time 16.5955s ++++
++++ frame_probe ID: 890 receives a frame at time 16.5956s ++++
++++ frame_probe ID: 860 receives a frame at time 16.6025s ++++
INFO: Detected an invalid packet at item 640
INFO: Parser returned #f
++++ frame_probe ID: 1082 receives a frame at time 16.6142s ++++
++++ frame_probe ID: 1083 receives a frame at time 16.6142s ++++
++++ frame_probe ID: 1084 receives a frame at time 16.6142s ++++
++++ frame_probe ID: 1090 receives a frame at time 16.6142s ++++
++++ frame_probe ID: 1050 receives a frame at time 16.6143s ++++
++++ frame_probe ID: 1060 receives a frame at time 16.6548s ++++
INFO: Detected an invalid packet at item 608
INFO: Parser returned #f
++++ frame_probe ID: 882 receives a frame at time 16.6624s ++++
++++ frame_probe ID: 883 receives a frame at time 16.6625s ++++
++++ frame_probe ID: 884 receives a frame at time 16.6625s ++++
++++ frame_probe ID: 890 receives a frame at time 16.6625s ++++
++++ frame_probe ID: 860 receives a frame at time 16.6695s ++++
++++ frame_probe ID: 1082 receives a frame at time 16.7095s ++++
++++ frame_probe ID: 1083 receives a frame at time 16.7095s ++++++++ frame_probe ID: 
1087 receives a frame at time 16.7096s ++++
++++ frame_probe ID: 1050 receives a frame at time 16.856s ++++
++++ frame_probe ID: 1060 receives a frame at time 16.8965s ++++
++++ frame_probe ID: 882 receives a frame at time 16.9021s ++++
++++ frame_probe ID: 883 receives a frame at time 16.9021s ++++
++++ frame_probe ID: 884 receives a frame at time ++++ frame_probe ID: 890 receives a frame at time 16.9022s ++++
16.9022s ++++
INFO: Detected an invalid packet at item 672
INFO: Parser returned #f
++++ frame_probe ID: 860 receives a frame at time 16.9109s ++++
INFO: Detected an invalid packet at item 736
INFO: Parser returned #f
++++ frame_probe ID: 1082 receives a frame at time 16.9501s ++++
++++ frame_probe ID: 1087 receives a frame at time 16.9501s ++++
++++ frame_probe ID: 1083 receives a frame at time 16.9502s ++++
++++ frame_probe ID: 1050 receives a frame at time 17.0982s ++++
++++ frame_probe ID: 1060 receives a frame at time 17.1388s ++++
++++ frame_probe ID: 882 receives a frame at time 17.1426s ++++
++++ frame_probe ID: 883 receives a frame at time 17.1426s ++++
++++ frame_probe ID: 890 receives a frame at time ++++ frame_probe ID: 884 receives a frame at time 17.1427s ++++
17.1427s ++++
++++ frame_probe ID: 860 receives a frame at time 17.1496s ++++
INFO: Detected an invalid packet at item 800
INFO: Parser returned #f
++++ frame_probe ID: 1082 receives a frame at time 17.1619s ++++
++++ frame_probe ID: 1083 receives a frame at time 17.1619s ++++
++++ frame_probe ID: 1084 receives a frame at time 17.162s ++++
++++ frame_probe ID: 1090 receives a frame at time 17.162s ++++
++++ frame_probe ID: 1050 receives a frame at time 17.1622s ++++
INFO: Detected an invalid packet at item 832
INFO: Parser returned #f
++++ frame_probe ID: 1060 receives a frame at time 17.2028s ++++
INFO: Detected an invalid packet at item 768
INFO: Parser returned #f
++++ frame_probe ID: 882 receives a frame at time 17.3249s ++++
++++ frame_probe ID: 883 receives a frame at time 17.325s ++++
++++ frame_probe ID: 884 receives a frame at time 17.325s ++++
++++ frame_probe ID: 882 receives a frame at time 17.3345s ++++
++++ frame_probe ID: 883 receives a frame at time 17.3345s ++++
++++ frame_probe ID: 884 receives a frame at time 17.3345s ++++
measurement 1/5 complete in 296 second(s).
++++ frame_probe ID: 882 receives a frame at time 17.3821s ++++
++++ frame_probe ID: 883 receives a frame at time 17.3821s ++++
++++ frame_probe ID: 884 receives a frame at time 17.3822s ++++
++++ frame_probe ID: 882 receives a frame at time 17.3923s ++++
++++ frame_probe ID: 883 receives a frame at time 17.3923s ++++
++++ frame_probe ID: 885 receives a frame at time 17.3924s ++++
++++ frame_probe ID: 1050 receives a frame at time 17.4047s ++++
++++ frame_probe ID: 1082 receives a frame at time 17.4301s ++++
++++ frame_probe ID: 1083 receives a frame at time 17.4301s ++++
++++ frame_probe ID: 1087 receives a frame at time 17.4301s ++++
++++ frame_probe ID: 882 receives a frame at time 17.4305s ++++
++++ frame_probe ID: 883 receives a frame at time 17.4305s ++++
++++ frame_probe ID: 885 receives a frame at time 17.4305s ++++
++++ frame_probe ID: 1060 receives a frame at time 17.4452s ++++
INFO: Detected an invalid packet at item 832
INFO: Parser returned #f
++++ frame_probe ID: 882 receives a frame at time 17.6226s ++++
++++ frame_probe ID: 883 receives a frame at time 17.6226s ++++
++++ frame_probe ID: 884 receives a frame at time 17.6226s ++++
++++ frame_probe ID: 1050 receives a frame at time 17.6466s ++++
++++ frame_probe ID: 1082 receives a frame at time 17.6697s ++++
++++ frame_probe ID: 1083 receives a frame at time 17.6697s ++++
++++ frame_probe ID: 1087 receives a frame at time 17.6697s ++++
++++ frame_probe ID: 882 receives a frame at time 17.6707s ++++
++++ frame_probe ID: 883 receives a frame at time 17.6708s ++++
++++ frame_probe ID: 885 receives a frame at time 17.6708s ++++
++++ frame_probe ID: 1060 receives a frame at time 17.6872s ++++
++++ frame_probe ID: 882 receives a frame at time 17.8723s ++++
++++ frame_probe ID: 883 receives a frame at time 17.8723s ++++
++++ frame_probe ID: 884 receives a frame at time 17.8723s ++++
++++ frame_probe ID: 1050 receives a frame at time 17.8893s ++++
++++ frame_probe ID: 1082 receives a frame at time 17.9193s ++++
++++ frame_probe ID: 882 receives a frame at time 17.9203s ++++
++++ frame_probe ID: 883 receives a frame at time 17.9203s ++++
++++ frame_probe ID: 885 receives a frame at time 17.9204s ++++
++++ frame_probe ID: 1083 receives a frame at time 17.9209s ++++
++++ frame_probe ID: 1087 receives a frame at time 17.921s ++++
++++ frame_probe ID: 1060 receives a frame at time 17.9314s ++++
++++ frame_probe ID: 882 receives a frame at time 18.1118s ++++
++++ frame_probe ID: 883 receives a frame at time 18.1118s ++++
++++ frame_probe ID: 884 receives a frame at time 18.1118s ++++
++++ frame_probe ID: 1050 receives a frame at time 18.1333s ++++
++++ frame_probe ID: 1082 receives a frame at time 18.1598s ++++
++++ frame_probe ID: 1083 receives a frame at time 18.1598s ++++
++++ frame_probe ID: 1087 receives a frame at time 18.1598s ++++
++++ frame_probe ID: 882 receives a frame at time 18.1602s ++++
++++ frame_probe ID: 883 receives a frame at time 18.1602s ++++
++++ frame_probe ID: 885 receives a frame at time 18.1602s ++++
++++ frame_probe ID: 1060 receives a frame at time 18.1742s ++++
++++ frame_probe ID: 882 receives a frame at time 18.3523s ++++
++++ frame_probe ID: 883 receives a frame at time 18.3523s ++++
++++ frame_probe ID: 884 receives a frame at time 18.3524s ++++
++++ frame_probe ID: 882 receives a frame at time 18.3616s ++++
++++ frame_probe ID: 883 receives a frame at time 18.3617s ++++
++++ frame_probe ID: 884 receives a frame at time 18.3617s ++++
measurement 1/5 complete in 295 second(s).
++++ frame_probe ID: 1050 receives a frame at time 18.3756s ++++
++++ frame_probe ID: 1082 receives a frame at time 18.3994s ++++
++++ frame_probe ID: 1083 receives a frame at time 18.3995s ++++
++++ frame_probe ID: 1087 receives a frame at time 18.3995s ++++
++++ frame_probe ID: 882 receives a frame at time 18.4004s ++++
++++ frame_probe ID: 883 receives a frame at time 18.4004s ++++
++++ frame_probe ID: 885 receives a frame at time 18.4006s ++++
++++ frame_probe ID: 1060 receives a frame at time 18.4161s ++++
++++ frame_probe ID: 1050 receives a frame at time 18.6177s ++++
++++ frame_probe ID: 882 receives a frame at time 18.6399s ++++
++++ frame_probe ID: 885 receives a frame at time 18.64s ++++
++++ frame_probe ID: 883 receives a frame at time 18.64s ++++
++++ frame_probe ID: 1082 receives a frame at time 18.6488s ++++
++++ frame_probe ID: 1083 receives a frame at time 18.6489s ++++
++++ frame_probe ID: 1087 receives a frame at time 18.6489s ++++
++++ frame_probe ID: 1060 receives a frame at time 18.6583s ++++
++++ frame_probe ID: 1050 receives a frame at time 18.8596s ++++
++++ frame_probe ID: 1082 receives a frame at time 18.8893s ++++
++++ frame_probe ID: 1083 receives a frame at time 18.8893s ++++
++++ frame_probe ID: 1087 receives a frame at time 18.8893s ++++
++++ frame_probe ID: 882 receives a frame at time 18.8895s ++++
++++ frame_probe ID: 883 receives a frame at time 18.8896s ++++
++++ frame_probe ID: 885 receives a frame at time 18.8896s ++++
++++ frame_probe ID: 1060 receives a frame at time 18.9002s ++++
INFO: Detected an invalid packet at item 1056
INFO: Parser returned #f
++++ frame_probe ID: 1050 receives a frame at time 19.1016s ++++
++++ frame_probe ID: 1082 receives a frame at time 19.1289s ++++
++++ frame_probe ID: 1083 receives a frame at time 19.1289s ++++
++++ frame_probe ID: 1087 receives a frame at time 19.1289s ++++
++++ frame_probe ID: 882 receives a frame at time 19.1299s ++++
++++ frame_probe ID: 883 receives a frame at time 19.13s ++++
++++ frame_probe ID: 885 receives a frame at time 19.13s ++++
++++ frame_probe ID: 1060 receives a frame at time 19.1421s ++++
INFO: Detected an invalid packet at item 1120
INFO: Parser returned #f
++++ frame_probe ID: 1050 receives a frame at time 19.3442s ++++
++++ frame_probe ID: 1082 receives a frame at time 19.3695s ++++
++++ frame_probe ID: 1083 receives a frame at time 19.3695s ++++
++++ frame_probe ID: 1087 receives a frame at time 19.3695s ++++
++++ frame_probe ID: 882 receives a frame at time 19.3697s ++++
++++ frame_probe ID: 883 receives a frame at time 19.3697s ++++
++++ frame_probe ID: 885 receives a frame at time 19.3697s ++++
measurement 1/5 complete in 294 second(s).
++++ frame_probe ID: 1060 receives a frame at time 19.3849s ++++
INFO: Detected an invalid packet at item 1184
INFO: Parser returned #f
++++ frame_probe ID: 1050 receives a frame at time 19.5865s ++++
++++ frame_probe ID: 1082 receives a frame at time 19.609s ++++
++++ frame_probe ID: 1083 receives a frame at time 19.6091s ++++
++++ frame_probe ID: 1087 receives a frame at time 19.6092s ++++
++++ frame_probe ID: 882 receives a frame at time 19.6092s ++++
++++ frame_probe ID: 883 receives a frame at time 19.6092s ++++
++++ frame_probe ID: 885 receives a frame at time 19.6093s ++++
++++ frame_probe ID: 1060 receives a frame at time 19.627s ++++
++++ frame_probe ID: 1050 receives a frame at time 19.8286s ++++
++++ frame_probe ID: 1082 receives a frame at time 19.8586s ++++
++++ frame_probe ID: 1083 receives a frame at time 19.8586s ++++
++++ frame_probe ID: 1087 receives a frame at time 19.8587s ++++
++++ frame_probe ID: 882 receives a frame at time 19.8589s ++++
++++ frame_probe ID: 883 receives a frame at time 19.8589s ++++
++++ frame_probe ID: 885 receives a frame at time 19.8589s ++++
++++ frame_probe ID: 1060 receives a frame at time 19.8692s ++++
INFO: Detected an invalid packet at item 1280
INFO: Parser returned #f
++++ frame_probe ID: 1050 receives a frame at time 20.071s ++++
++++ frame_probe ID: 882 receives a frame at time 20.0983s ++++
++++ frame_probe ID: 883 receives a frame at time 20.0984s ++++
++++ frame_probe ID: 885 receives a frame at time 20.0984s ++++
++++ frame_probe ID: 1082 receives a frame at time 20.0991s ++++
++++ frame_probe ID: 1083 receives a frame at time 20.0991s ++++
++++ frame_probe ID: 1087 receives a frame at time 20.0991s ++++
++++ frame_probe ID: 1060 receives a frame at time 20.1116s ++++
++++ frame_probe ID: 1050 receives a frame at time 20.3132s ++++
++++ frame_probe ID: 882 receives a frame at time 20.3379s ++++
++++ frame_probe ID: 883 receives a frame at time 20.3379s ++++
++++ frame_probe ID: 885 receives a frame at time 20.3379s ++++
++++ frame_probe ID: 1082 receives a frame at time 20.3386s ++++
++++ frame_probe ID: 1083 receives a frame at time 20.3387s ++++
++++ frame_probe ID: 1087 receives a frame at time 20.3387s ++++
++++ frame_probe ID: 1060 receives a frame at time 20.3539s ++++
INFO: Detected an invalid packet at item 1376
INFO: Parser returned #f
measurement 1/5 complete in 293 second(s).
++++ frame_probe ID: 1050 receives a frame at time 20.5552s ++++
++++ frame_probe ID: 1082 receives a frame at time 20.5782s ++++
++++ frame_probe ID: 1083 receives a frame at time 20.5783s ++++
++++ frame_probe ID: 1087 receives a frame at time 20.5783s ++++
++++ frame_probe ID: 882 receives a frame at time 20.5785s ++++
++++ frame_probe ID: 885 receives a frame at time ++++ frame_probe ID: 883 receives a frame at time 20.5785s ++++
20.5785s ++++
++++ frame_probe ID: 1060 receives a frame at time 20.5958s ++++
INFO: Detected an invalid packet at item 1440
INFO: Parser returned #f
++++ frame_probe ID: 1050 receives a frame at time 20.7978s ++++
++++ frame_probe ID: 1082 receives a frame at time 20.8278s ++++
++++ frame_probe ID: 1083 receives a frame at time 20.8278s ++++
++++ frame_probe ID: 1087 receives a frame at time 20.8279s ++++
++++ frame_probe ID: 882 receives a frame at time 20.8279s ++++
++++ frame_probe ID: 883 receives a frame at time 20.8279s ++++
++++ frame_probe ID: 885 receives a frame at time 20.828s ++++
++++ frame_probe ID: 1060 receives a frame at time 20.8383s ++++
INFO: Detected an invalid packet at item 1504
INFO: Parser returned #f
++++ frame_probe ID: 1050 receives a frame at time 21.0398s ++++
++++ frame_probe ID: 882 receives a frame at time 21.0675s ++++
++++ frame_probe ID: 883 receives a frame at time 21.0676s ++++
++++ frame_probe ID: 885 receives a frame at time 21.0676s ++++
++++ frame_probe ID: 1082 receives a frame at time 21.0685s ++++
++++ frame_probe ID: 1083 receives a frame at time 21.0685s ++++
++++ frame_probe ID: 1087 receives a frame at time 21.0686s ++++
++++ frame_probe ID: 1060 receives a frame at time 21.0805s ++++
++++ frame_probe ID: 1050 receives a frame at time 21.2826s ++++
++++ frame_probe ID: 882 receives a frame at time 21.3071s ++++
++++ frame_probe ID: 883 receives a frame at time 21.3071s ++++
++++ frame_probe ID: 885 receives a frame at time 21.3071s ++++
++++ frame_probe ID: 1082 receives a frame at time 21.308s ++++
++++ frame_probe ID: ++++ frame_probe ID: 1083 receives a frame at time 1087 receives a frame at time 21.308s ++++
21.308s ++++
++++ frame_probe ID: 1060 receives a frame at time 21.3231s ++++
INFO: Detected an invalid packet at item 1600
INFO: Parser returned #f
measurement 1/5 complete in 292 second(s).
++++ frame_probe ID: 1050 receives a frame at time 21.5253s ++++
++++ frame_probe ID: 882 receives a frame at time 21.5476s ++++
++++ frame_probe ID: 883 receives a frame at time 21.5477s ++++
++++ frame_probe ID: 885 receives a frame at time 21.5477s ++++
++++ frame_probe ID: 1082 receives a frame at time 21.5483s ++++
++++ frame_probe ID: 1083 receives a frame at time 21.5483s ++++
++++ frame_probe ID: 1087 receives a frame at time 21.5483s ++++
++++ frame_probe ID: 1060 receives a frame at time 21.5658s ++++
INFO: Detected an invalid packet at item 1664
INFO: Parser returned #f
INFO: Detected an invalid packet at item 1696
INFO: Parser returned #f
++++ frame_probe ID: 1050 receives a frame at time 21.7673s ++++
++++ frame_probe ID: 1082 receives a frame at time 21.797s ++++
++++ frame_probe ID: 1083 receives a frame at time 21.797s ++++
++++ frame_probe ID: 1087 receives a frame at time 21.7971s ++++
++++ frame_probe ID: 882 receives a frame at time 21.7972s ++++
++++ frame_probe ID: 883 receives a frame at time 21.7972s ++++
++++ frame_probe ID: 885 receives a frame at time 21.7973s ++++
++++ frame_probe ID: 1060 receives a frame at time 21.8078s ++++
++++ frame_probe ID: 1050 receives a frame at time 22.0091s ++++
++++ frame_probe ID: 882 receives a frame at time 22.0367s ++++
++++ frame_probe ID: 883 receives a frame at time 22.0368s ++++
++++ frame_probe ID: 885 receives a frame at time 22.0368s ++++
++++ frame_probe ID: 1082 receives a frame at time 22.0375s ++++
++++ frame_probe ID: 1083 receives a frame at time 22.0375s ++++
++++ frame_probe ID: 1087 receives a frame at time 22.0375s ++++
++++ frame_probe ID: 1060 receives a frame at time 22.0496s ++++
++++ frame_probe ID: 1050 receives a frame at time 22.2513s ++++
++++ frame_probe ID: 882 receives a frame at time 22.2764s ++++
++++ frame_probe ID: 883 receives a frame at time 22.2764s ++++
++++ frame_probe ID: 885 receives a frame at time 22.2764s ++++
++++ frame_probe ID: 1082 receives a frame at time 22.2771s ++++
++++ frame_probe ID: 1083 receives a frame at time 22.2772s ++++
++++ frame_probe ID: 1087 receives a frame at time 22.2772s ++++
++++ frame_probe ID: 1060 receives a frame at time 22.2919s ++++
INFO: Detected an invalid packet at item 1824
INFO: Parser returned #f
measurement 1/5 complete in 291 second(s).
++++ frame_probe ID: 1050 receives a frame at time 22.4938s ++++
++++ frame_probe ID: 882 receives a frame at time 22.516s ++++
++++ frame_probe ID: 883 receives a frame at time 22.516s ++++
++++ frame_probe ID: 885 receives a frame at time 22.516s ++++
++++ frame_probe ID: 1082 receives a frame at time 22.5176s ++++
++++ frame_probe ID: 1087 receives a frame at time 22.5176s ++++
++++ frame_probe ID: 1083 receives a frame at time 22.5176s ++++
++++ frame_probe ID: 1060 receives a frame at time 22.5344s ++++
++++ frame_probe ID: 1050 receives a frame at time 22.7364s ++++
++++ frame_probe ID: 882 receives a frame at time 22.7655s ++++
++++ frame_probe ID: 883 receives a frame at time 22.7655s ++++
++++ frame_probe ID: 885 receives a frame at time 22.7655s ++++
++++ frame_probe ID: 1082 receives a frame at time 22.7672s ++++
++++ frame_probe ID: ++++ frame_probe ID: 1087 receives a frame at time 1083 receives a frame at time 22.7672s ++++
22.7672s ++++
++++ frame_probe ID: 1060 receives a frame at time 22.777s ++++
INFO: Detected an invalid packet at item 1920
INFO: Parser returned #f
++++ frame_probe ID: 1050 receives a frame at time 22.9789s ++++
++++ frame_probe ID: 882 receives a frame at time 23.006s ++++
++++ frame_probe ID: 883 receives a frame at time 23.006s ++++
++++ frame_probe ID: 885 receives a frame at time 23.0062s ++++
++++ frame_probe ID: 1082 receives a frame at time 23.0069s ++++
++++ frame_probe ID: 1083 receives a frame at time 23.0069s ++++
++++ frame_probe ID: 1087 receives a frame at time 23.0069s ++++
++++ frame_probe ID: 1060 receives a frame at time 23.0193s ++++
INFO: Detected an invalid packet at item 1984
INFO: Parser returned #f
++++ frame_probe ID: 1050 receives a frame at time 23.221s ++++
++++ frame_probe ID: 882 receives a frame at time 23.2455s ++++
++++ frame_probe ID: 883 receives a frame at time 23.2456s ++++
++++ frame_probe ID: 885 receives a frame at time 23.2456s ++++
++++ frame_probe ID: 1082 receives a frame at time 23.2464s ++++
++++ frame_probe ID: 1087 receives a frame at time ++++ frame_probe ID: 1083 receives a frame at time 23.2464s ++++
23.2464s ++++
++++ frame_probe ID: 1060 receives a frame at time 23.2616s ++++
INFO: Detected an invalid packet at item 2048
INFO: Parser returned #f
measurement 1/5 complete in 290 second(s).
++++ frame_probe ID: 1050 receives a frame at time 23.4636s ++++
++++ frame_probe ID: 882 receives a frame at time 23.4952s ++++
++++ frame_probe ID: 885 receives a frame at time 23.4952s ++++
++++ frame_probe ID: 883 receives a frame at time 23.4952s ++++
++++ frame_probe ID: 1060 receives a frame at time 23.5044s ++++
++++ frame_probe ID: 1050 receives a frame at time 23.7057s ++++
++++ frame_probe ID: 882 receives a frame at time 23.7357s ++++
++++ frame_probe ID: 883 receives a frame at time 23.7357s ++++
++++ frame_probe ID: 885 receives a frame at time 23.7358s ++++
++++ frame_probe ID: 1060 receives a frame at time 23.7463s ++++
++++ frame_probe ID: 1050 receives a frame at time 23.9476s ++++
++++ frame_probe ID: 882 receives a frame at time 23.9752s ++++
++++ frame_probe ID: 883 receives a frame at time 23.9752s ++++
++++ frame_probe ID: 885 receives a frame at time 23.9752s ++++
++++ frame_probe ID: 1060 receives a frame at time 23.9881s ++++
++++ frame_probe ID: 1050 receives a frame at time 24.1896s ++++
++++ frame_probe ID: 882 receives a frame at time 24.2157s ++++
++++ frame_probe ID: 883 receives a frame at time 24.2158s ++++
++++ frame_probe ID: 885 receives a frame at time 24.2158s ++++
++++ frame_probe ID: 1060 receives a frame at time 24.2302s ++++
measurement 1/5 complete in 289 second(s).
++++ frame_probe ID: 1050 receives a frame at time 24.4316s ++++
++++ frame_probe ID: 882 receives a frame at time 24.4653s ++++
++++ frame_probe ID: 883 receives a frame at time 24.4653s ++++
++++ frame_probe ID: 885 receives a frame at time 24.4654s ++++
++++ frame_probe ID: 1060 receives a frame at time 24.4722s ++++
INFO: Detected an invalid packet at item 2080
INFO: Parser returned #f
++++ frame_probe ID: 1050 receives a frame at time 24.6743s ++++
++++ frame_probe ID: 882 receives a frame at time 24.7049s ++++
++++ frame_probe ID: 883 receives a frame at time 24.7049s ++++
++++ frame_probe ID: 885 receives a frame at time 24.7049s ++++
++++ frame_probe ID: 1060 receives a frame at time 24.7148s ++++
INFO: Detected an invalid packet at item 2112
INFO: Parser returned #f
++++ frame_probe ID: 1050 receives a frame at time 24.9164s ++++
++++ frame_probe ID: 882 receives a frame at time 24.9444s ++++
++++ frame_probe ID: 883 receives a frame at time 24.9445s ++++
++++ frame_probe ID: 885 receives a frame at time 24.9445s ++++
++++ frame_probe ID: 1060 receives a frame at time 24.9572s ++++
++++ frame_probe ID: 1050 receives a frame at time 25.1585s ++++
++++ frame_probe ID: 882 receives a frame at time 25.185s ++++
++++ frame_probe ID: 883 receives a frame at time 25.1851s ++++
++++ frame_probe ID: 885 receives a frame at time 25.1851s ++++
++++ frame_probe ID: 1060 receives a frame at time 25.1991s ++++
INFO: Detected an invalid packet at item 2144
INFO: Parser returned #f
measurement 1/5 complete in 288 second(s).
++++ frame_probe ID: 1050 receives a frame at time 25.4012s ++++
++++ frame_probe ID: 882 receives a frame at time 25.4346s ++++
++++ frame_probe ID: 883 receives a frame at time 25.4346s ++++
++++ frame_probe ID: 885 receives a frame at time 25.4346s ++++
++++ frame_probe ID: 1060 receives a frame at time 25.4461s ++++
++++ frame_probe ID: 1050 receives a frame at time 25.6478s ++++
++++ frame_probe ID: 882 receives a frame at time 25.6741s ++++
++++ frame_probe ID: 883 receives a frame at time 25.6741s ++++
++++ frame_probe ID: 885 receives a frame at time 25.6741s ++++
++++ frame_probe ID: 1060 receives a frame at time 25.6883s ++++
++++ frame_probe ID: 1050 receives a frame at time 25.8898s ++++
++++ frame_probe ID: 882 receives a frame at time 25.9146s ++++
++++ frame_probe ID: 883 receives a frame at time 25.9146s ++++
++++ frame_probe ID: 885 receives a frame at time 25.9146s ++++
++++ frame_probe ID: 1060 receives a frame at time 25.9307s ++++
++++ frame_probe ID: 1050 receives a frame at time 26.1319s ++++
++++ frame_probe ID: 882 receives a frame at time 26.1541s ++++
++++ frame_probe ID: 883 receives a frame at time 26.1542s ++++
++++ frame_probe ID: 885 receives a frame at time 26.1542s ++++
++++ frame_probe ID: 1060 receives a frame at time 26.1728s ++++
++++ frame_probe ID: 1050 receives a frame at time 26.374s ++++
measurement 1/5 complete in 287 second(s).
++++ frame_probe ID: 882 receives a frame at time 26.4037s ++++
++++ frame_probe ID: 885 receives a frame at time 26.4038s ++++
++++ frame_probe ID: 883 receives a frame at time 26.4038s ++++
++++ frame_probe ID: 1060 receives a frame at time 26.4146s ++++
INFO: Detected an invalid packet at item 2176
INFO: Parser returned #f
++++ frame_probe ID: 1050 receives a frame at time 26.616s ++++
++++ frame_probe ID: 882 receives a frame at time 26.6433s ++++
++++ frame_probe ID: 885 receives a frame at time ++++ frame_probe ID: 26.6434s ++++
883 receives a frame at time 26.6434s ++++
++++ frame_probe ID: 1060 receives a frame at time 26.6565s ++++
INFO: Detected an invalid packet at item 2208
INFO: Parser returned #f
++++ frame_probe ID: 1050 receives a frame at time 26.8585s ++++
++++ frame_probe ID: 882 receives a frame at time 26.8829s ++++
++++ frame_probe ID: 883 receives a frame at time 26.883s ++++
++++ frame_probe ID: 885 receives a frame at time 26.8831s ++++
++++ frame_probe ID: 1060 receives a frame at time 26.899s ++++
++++ frame_probe ID: 1050 receives a frame at time 27.1003s ++++
++++ frame_probe ID: 882 receives a frame at time 27.1234s ++++
++++ frame_probe ID: 883 receives a frame at time 27.1234s ++++
++++ frame_probe ID: 885 receives a frame at time 27.1235s ++++
++++ frame_probe ID: 1060 receives a frame at time 27.1409s ++++
INFO: Detected an invalid packet at item 2240
INFO: Parser returned #f
++++ frame_probe ID: 1050 receives a frame at time 27.343s ++++
++++ frame_probe ID: 882 receives a frame at time 27.3729s ++++
++++ frame_probe ID: 885 receives a frame at time 27.3729s ++++
++++ frame_probe ID: 883 receives a frame at time 27.373s ++++
measurement 1/5 complete in 286 second(s).
++++ frame_probe ID: 1060 receives a frame at time 27.3837s ++++
INFO: Detected an invalid packet at item 2272
INFO: Parser returned #f
++++ frame_probe ID: 1050 receives a frame at time 27.5852s ++++
++++ frame_probe ID: 882 receives a frame at time 27.6125s ++++
++++ frame_probe ID: 885 receives a frame at time 27.6126s ++++
++++ frame_probe ID: 883 receives a frame at time 27.6126s ++++
++++ frame_probe ID: 1060 receives a frame at time 27.6259s ++++
INFO: Detected an invalid packet at item 2304
INFO: Parser returned #f
++++ frame_probe ID: 1050 receives a frame at time 27.8272s ++++
++++ frame_probe ID: 882 receives a frame at time 27.852s ++++
++++ frame_probe ID: 883 receives a frame at time 27.8521s ++++
++++ frame_probe ID: 885 receives a frame at time 27.8521s ++++
++++ frame_probe ID: 1060 receives a frame at time 27.8677s ++++
INFO: Detected an invalid packet at item 2336
INFO: Parser returned #f
++++ frame_probe ID: 1050 receives a frame at time 28.0698s ++++
++++ frame_probe ID: 882 receives a frame at time 28.0917s ++++
++++ frame_probe ID: 883 receives a frame at time 28.0918s ++++
++++ frame_probe ID: 885 receives a frame at time 28.0918s ++++
++++ frame_probe ID: 1060 receives a frame at time 28.1104s ++++
INFO: Detected an invalid packet at item 2368
INFO: Parser returned #f
++++ frame_probe ID: 1050 receives a frame at time 28.3125s ++++
++++ frame_probe ID: 882 receives a frame at time 28.3421s ++++
++++ frame_probe ID: 883 receives a frame at time 28.3421s ++++
++++ frame_probe ID: 885 receives a frame at time 28.3421s ++++
++++ frame_probe ID: 1060 receives a frame at time 28.353s ++++
INFO: Detected an invalid packet at item 2400
INFO: Parser returned #f
measurement 1/5 complete in 285 second(s).
++++ frame_probe ID: 1050 receives a frame at time 28.5542s ++++
++++ frame_probe ID: 882 receives a frame at time 28.5817s ++++
++++ frame_probe ID: 885 receives a frame at time 28.5817s ++++
++++ frame_probe ID: 883 receives a frame at time 28.5817s ++++
++++ frame_probe ID: 1060 receives a frame at time 28.5948s ++++
INFO: Detected an invalid packet at item 2432
INFO: Parser returned #f
++++ frame_probe ID: 1050 receives a frame at time 28.7962s ++++
++++ frame_probe ID: 882 receives a frame at time 28.8215s ++++
++++ frame_probe ID: 885 receives a frame at time 28.8216s ++++
++++ frame_probe ID: 883 receives a frame at time 28.8216s ++++
++++ frame_probe ID: 1060 receives a frame at time 28.8369s ++++
INFO: Detected an invalid packet at item 2464
INFO: Parser returned #f
++++ frame_probe ID: 1050 receives a frame at time 29.0383s ++++
++++ frame_probe ID: 882 receives a frame at time 29.0609s ++++
++++ frame_probe ID: 883 receives a frame at time 29.0609s ++++
++++ frame_probe ID: 885 receives a frame at time 29.0609s ++++
++++ frame_probe ID: 1060 receives a frame at time 29.0789s ++++
INFO: Detected an invalid packet at item 2496
INFO: Parser returned #f
++++ frame_probe ID: 1050 receives a frame at time 29.2808s ++++
++++ frame_probe ID: 882 receives a frame at time 29.3105s ++++
++++ frame_probe ID: 883 receives a frame at time 29.3105s ++++
++++ frame_probe ID: 885 receives a frame at time 29.3105s ++++
++++ frame_probe ID: 1060 receives a frame at time 29.3213s ++++
INFO: Detected an invalid packet at item 2528
INFO: Parser returned #f
measurement 1/5 complete in 284 second(s).
++++ frame_probe ID: 1050 receives a frame at time 29.5226s ++++
++++ frame_probe ID: 882 receives a frame at time 29.5509s ++++
++++ frame_probe ID: 883 receives a frame at time 29.5509s ++++
++++ frame_probe ID: 885 receives a frame at time 29.5509s ++++
++++ frame_probe ID: 1060 receives a frame at time 29.5631s ++++
INFO: Detected an invalid packet at item 2560
INFO: Parser returned #f
++++ frame_probe ID: 1050 receives a frame at time 29.7651s ++++
++++ frame_probe ID: 882 receives a frame at time 29.7905s ++++
++++ frame_probe ID: 883 receives a frame at time 29.7905s ++++
++++ frame_probe ID: 885 receives a frame at time 29.7906s ++++
++++ frame_probe ID: 1060 receives a frame at time 29.8056s ++++
INFO: Detected an invalid packet at item 2592
INFO: Parser returned #f
++++ frame_probe ID: 1050 receives a frame at time 30.0071s ++++
++++ frame_probe ID: 882 receives a frame at time 30.031s ++++
++++ frame_probe ID: 883 receives a frame at time 30.031s ++++
++++ frame_probe ID: 885 receives a frame at time 30.031s ++++
++++ frame_probe ID: 1060 receives a frame at time 30.0477s ++++
INFO: Detected an invalid packet at item 2624
INFO: Parser returned #f
++++ frame_probe ID: 1050 receives a frame at time 30.2498s ++++
++++ frame_probe ID: 882 receives a frame at time 30.2805s ++++
++++ frame_probe ID: 883 receives a frame at time 30.2806s ++++
++++ frame_probe ID: 885 receives a frame at time 30.2806s ++++
++++ frame_probe ID: 1060 receives a frame at time 30.2904s ++++
INFO: Detected an invalid packet at item 2656
INFO: Parser returned #f
measurement 1/5 complete in 283 second(s).
++++ frame_probe ID: 1050 receives a frame at time 30.492s ++++
++++ frame_probe ID: 882 receives a frame at time 30.5201s ++++
++++ frame_probe ID: 883 receives a frame at time 30.5201s ++++
++++ frame_probe ID: 885 receives a frame at time 30.5202s ++++
++++ frame_probe ID: 1060 receives a frame at time 30.5325s ++++
++++ frame_probe ID: 1050 receives a frame at time 30.7342s ++++
++++ frame_probe ID: 882 receives a frame at time 30.7606s ++++
++++ frame_probe ID: 883 receives a frame at time 30.7607s ++++
++++ frame_probe ID: 885 receives a frame at time 30.7607s ++++
++++ frame_probe ID: 1060 receives a frame at time 30.7748s ++++
++++ frame_probe ID: 1050 receives a frame at time 30.9762s ++++
++++ frame_probe ID: 882 receives a frame at time 31.0002s ++++
++++ frame_probe ID: 883 receives a frame at time 31.0003s ++++
++++ frame_probe ID: 885 receives a frame at time 31.0003s ++++
++++ frame_probe ID: 1060 receives a frame at time 31.017s ++++
INFO: Detected an invalid packet at item 2688
INFO: Parser returned #f
++++ frame_probe ID: 1050 receives a frame at time 31.2191s ++++
++++ frame_probe ID: 882 receives a frame at time 31.2498s ++++
++++ frame_probe ID: 883 receives a frame at time 31.2498s ++++
++++ frame_probe ID: 885 receives a frame at time 31.2498s ++++
++++ frame_probe ID: 1060 receives a frame at time 31.2599s ++++
INFO: Detected an invalid packet at item 2720
INFO: Parser returned #f
measurement 1/5 complete in 282 second(s).
++++ frame_probe ID: 1050 receives a frame at time 31.4612s ++++
++++ frame_probe ID: 882 receives a frame at time 31.4903s ++++
++++ frame_probe ID: 883 receives a frame at time 31.4903s ++++
++++ frame_probe ID: 885 receives a frame at time 31.4903s ++++
++++ frame_probe ID: 1060 receives a frame at time 31.5018s ++++
INFO: Detected an invalid packet at item 2752
INFO: Parser returned #f
++++ frame_probe ID: 1050 receives a frame at time 31.7034s ++++
++++ frame_probe ID: 882 receives a frame at time 31.7299s ++++
++++ frame_probe ID: 883 receives a frame at time 31.7299s ++++
++++ frame_probe ID: 885 receives a frame at time 31.7299s ++++
++++ frame_probe ID: 1060 receives a frame at time 31.744s ++++
++++ frame_probe ID: 1050 receives a frame at time 31.9456s ++++
++++ frame_probe ID: 882 receives a frame at time 31.9694s ++++
++++ frame_probe ID: 883 receives a frame at time 31.9694s ++++
++++ frame_probe ID: 885 receives a frame at time 31.9694s ++++
++++ frame_probe ID: 1060 receives a frame at time 31.9861s ++++
INFO: Detected an invalid packet at item 2784
INFO: Parser returned #f
++++ frame_probe ID: 1050 receives a frame at time 32.1882s ++++
++++ frame_probe ID: 882 receives a frame at time 32.219s ++++
++++ frame_probe ID: 883 receives a frame at time 32.219s ++++
++++ frame_probe ID: 885 receives a frame at time 32.2191s ++++
++++ frame_probe ID: 1060 receives a frame at time 32.2287s ++++
INFO: Detected an invalid packet at item 2816
INFO: Parser returned #f
measurement 1/5 complete in 281 second(s).
++++ frame_probe ID: 1050 receives a frame at time 32.4309s ++++
++++ frame_probe ID: 882 receives a frame at time 32.4595s ++++
++++ frame_probe ID: 883 receives a frame at time 32.4595s ++++
++++ frame_probe ID: 885 receives a frame at time 32.4596s ++++
++++ frame_probe ID: 1060 receives a frame at time 32.4715s ++++
++++ frame_probe ID: 1050 receives a frame at time 32.6729s ++++
++++ frame_probe ID: 882 receives a frame at time 32.6991s ++++
++++ frame_probe ID: 883 receives a frame at time 32.6991s ++++
++++ frame_probe ID: 885 receives a frame at time 32.6991s ++++
++++ frame_probe ID: 1060 receives a frame at time 32.7137s ++++
INFO: Detected an invalid packet at item 2848
INFO: Parser returned #f
++++ frame_probe ID: 1050 receives a frame at time 32.9151s ++++
++++ frame_probe ID: 882 receives a frame at time 32.9396s ++++
++++ frame_probe ID: 883 receives a frame at time 32.9397s ++++
++++ frame_probe ID: 885 receives a frame at time 32.9397s ++++
++++ frame_probe ID: 1060 receives a frame at time 32.9556s ++++
INFO: Detected an invalid packet at item 2880
INFO: Parser returned #f
++++ frame_probe ID: 1050 receives a frame at time 33.1571s ++++
++++ frame_probe ID: 882 receives a frame at time 33.1891s ++++
++++ frame_probe ID: 883 receives a frame at time 33.1891s ++++
++++ frame_probe ID: 885 receives a frame at time 33.1892s ++++
++++ frame_probe ID: 1060 receives a frame at time 33.1977s ++++
INFO: Detected an invalid packet at item 2912
INFO: Parser returned #f
measurement 1/5 complete in 280 second(s).
++++ frame_probe ID: 1050 receives a frame at time 33.3993s ++++
++++ frame_probe ID: 882 receives a frame at time 33.4287s ++++
++++ frame_probe ID: 883 receives a frame at time 33.4287s ++++
++++ frame_probe ID: 885 receives a frame at time 33.4288s ++++
++++ frame_probe ID: 1060 receives a frame at time 33.4399s ++++
++++ frame_probe ID: 1050 receives a frame at time 33.6412s ++++
++++ frame_probe ID: 882 receives a frame at time 33.6683s ++++
++++ frame_probe ID: 885 receives a frame at time 33.6683s ++++
++++ frame_probe ID: 883 receives a frame at time 33.6684s ++++
++++ frame_probe ID: 1060 receives a frame at time 33.6818s ++++
++++ frame_probe ID: 1050 receives a frame at time 33.8836s ++++
++++ frame_probe ID: 882 receives a frame at time 33.9089s ++++
++++ frame_probe ID: 883 receives a frame at time 33.9089s ++++
++++ frame_probe ID: 885 receives a frame at time 33.9089s ++++
++++ frame_probe ID: 1060 receives a frame at time 33.9242s ++++
INFO: Detected an invalid packet at item 2944
INFO: Parser returned #f
++++ frame_probe ID: 1050 receives a frame at time 34.1255s ++++
++++ frame_probe ID: 882 receives a frame at time 34.1485s ++++
++++ frame_probe ID: 883 receives a frame at time 34.1485s ++++
++++ frame_probe ID: 885 receives a frame at time 34.1485s ++++
++++ frame_probe ID: 1060 receives a frame at time 34.166s ++++
INFO: Detected an invalid packet at item 2976
INFO: Parser returned #f
++++ frame_probe ID: 1050 receives a frame at time 34.3673s ++++
measurement 1/5 complete in 279 second(s).
++++ frame_probe ID: 882 receives a frame at time 34.3981s ++++
++++ frame_probe ID: 885 receives a frame at time 34.3981s ++++++++ frame_probe ID: 
883 receives a frame at time 34.3981s ++++
++++ frame_probe ID: 1060 receives a frame at time 34.4078s ++++
INFO: Detected an invalid packet at item 3008
INFO: Parser returned #f
++++ frame_probe ID: 1050 receives a frame at time 34.6097s ++++
++++ frame_probe ID: 882 receives a frame at time 34.6384s ++++
++++ frame_probe ID: 883 receives a frame at time 34.6385s ++++
++++ frame_probe ID: 885 receives a frame at time 34.6385s ++++
++++ frame_probe ID: 1060 receives a frame at time 34.6503s ++++
INFO: Detected an invalid packet at item 3040
INFO: Parser returned #f
++++ frame_probe ID: 1050 receives a frame at time 34.8518s ++++
++++ frame_probe ID: 882 receives a frame at time 34.878s ++++
++++ frame_probe ID: 883 receives a frame at time 34.878s ++++
++++ frame_probe ID: 885 receives a frame at time 34.878s ++++
++++ frame_probe ID: 1060 receives a frame at time 34.8925s ++++
++++ frame_probe ID: 1050 receives a frame at time 35.0943s ++++
++++ frame_probe ID: 882 receives a frame at time 35.1185s ++++
++++ frame_probe ID: 883 receives a frame at time 35.1185s ++++
++++ frame_probe ID: 885 receives a frame at time 35.1185s ++++
++++ frame_probe ID: 1060 receives a frame at time 35.1349s ++++
INFO: Detected an invalid packet at item 3072
INFO: Parser returned #f
++++ frame_probe ID: 1050 receives a frame at time 35.3369s ++++
++++ frame_probe ID: 882 receives a frame at time 35.3581s ++++
++++ frame_probe ID: 883 receives a frame at time 35.3582s ++++
++++ frame_probe ID: 885 receives a frame at time 35.3582s ++++
++++ frame_probe ID: 1060 receives a frame at time 35.3773s ++++
INFO: Detected an invalid packet at item 3104
INFO: Parser returned #f
measurement 1/5 complete in 278 second(s).
++++ frame_probe ID: 1050 receives a frame at time 35.5786s ++++
++++ frame_probe ID: 882 receives a frame at time 35.6076s ++++
++++ frame_probe ID: 885 receives a frame at time 35.6077s ++++
++++ frame_probe ID: 883 receives a frame at time 35.6077s ++++
++++ frame_probe ID: 1060 receives a frame at time 35.6192s ++++
++++ frame_probe ID: 1050 receives a frame at time 35.8207s ++++
++++ frame_probe ID: 882 receives a frame at time 35.8481s ++++
++++ frame_probe ID: 883 receives a frame at time 35.8482s ++++
++++ frame_probe ID: 885 receives a frame at time 35.8482s ++++
++++ frame_probe ID: 1060 receives a frame at time 35.8614s ++++
++++ frame_probe ID: 1050 receives a frame at time 36.063s ++++
++++ frame_probe ID: 882 receives a frame at time 36.0878s ++++
++++ frame_probe ID: 883 receives a frame at time 36.0879s ++++
++++ frame_probe ID: 885 receives a frame at time 36.0879s ++++
++++ frame_probe ID: 1060 receives a frame at time 36.1037s ++++
INFO: Detected an invalid packet at item 3136
INFO: Parser returned #f
++++ frame_probe ID: 1050 receives a frame at time 36.3052s ++++
++++ frame_probe ID: 882 receives a frame at time 36.3282s ++++
++++ frame_probe ID: 883 receives a frame at time 36.3282s ++++
++++ frame_probe ID: 885 receives a frame at time 36.3282s ++++
++++ frame_probe ID: 1060 receives a frame at time 36.3458s ++++
measurement 1/5 complete in 277 second(s).
++++ frame_probe ID: 1050 receives a frame at time 36.5476s ++++
++++ frame_probe ID: 882 receives a frame at time 36.5777s ++++
++++ frame_probe ID: 883 receives a frame at time 36.5778s ++++
++++ frame_probe ID: 885 receives a frame at time 36.5778s ++++
++++ frame_probe ID: 1060 receives a frame at time 36.5882s ++++
INFO: Detected an invalid packet at item 3168
INFO: Parser returned #f
++++ frame_probe ID: 1050 receives a frame at time 36.7897s ++++
++++ frame_probe ID: 882 receives a frame at time 36.8174s ++++
++++ frame_probe ID: 883 receives a frame at time 36.8174s ++++
++++ frame_probe ID: 885 receives a frame at time 36.8174s ++++
++++ frame_probe ID: 1060 receives a frame at time 36.8303s ++++
INFO: Detected an invalid packet at item 3200
INFO: Parser returned #f
++++ frame_probe ID: 1050 receives a frame at time 37.0316s ++++
++++ frame_probe ID: 882 receives a frame at time 37.057s ++++
++++ frame_probe ID: 883 receives a frame at time 37.057s ++++
++++ frame_probe ID: 885 receives a frame at time 37.057s ++++
++++ frame_probe ID: 1060 receives a frame at time 37.0722s ++++
++++ frame_probe ID: 1050 receives a frame at time 37.2735s ++++
++++ frame_probe ID: 882 receives a frame at time 37.2974s ++++
++++ frame_probe ID: 883 receives a frame at time 37.2975s ++++
++++ frame_probe ID: 885 receives a frame at time 37.2975s ++++
++++ frame_probe ID: 1060 receives a frame at time 37.3141s ++++
measurement 1/5 complete in 276 second(s).
++++ frame_probe ID: 1050 receives a frame at time 37.516s ++++
++++ frame_probe ID: 882 receives a frame at time 37.547s ++++
++++ frame_probe ID: 883 receives a frame at time 37.547s ++++
++++ frame_probe ID: 885 receives a frame at time 37.547s ++++
++++ frame_probe ID: 1060 receives a frame at time 37.5566s ++++
INFO: Detected an invalid packet at item 3232
INFO: Parser returned #f
++++ frame_probe ID: 1050 receives a frame at time 37.7585s ++++
++++ frame_probe ID: 882 receives a frame at time 37.7866s ++++
++++ frame_probe ID: 885 receives a frame at time 37.7866s ++++
++++ frame_probe ID: 883 receives a frame at time 37.7867s ++++
++++ frame_probe ID: 1060 receives a frame at time 37.799s ++++
INFO: Detected an invalid packet at item 3264
INFO: Parser returned #f
++++ frame_probe ID: 1050 receives a frame at time 38.0008s ++++
++++ frame_probe ID: 882 receives a frame at time 38.0271s ++++
++++ frame_probe ID: 885 receives a frame at time 38.0272s ++++
++++ frame_probe ID: 883 receives a frame at time 38.0272s ++++
++++ frame_probe ID: 1060 receives a frame at time 38.0416s ++++
++++ frame_probe ID: 1050 receives a frame at time 38.2438s ++++
++++ frame_probe ID: 882 receives a frame at time 38.2666s ++++
++++ frame_probe ID: 883 receives a frame at time 38.2667s ++++
++++ frame_probe ID: 885 receives a frame at time 38.2667s ++++
++++ frame_probe ID: 1060 receives a frame at time 38.2844s ++++
INFO: Detected an invalid packet at item 3296
INFO: Parser returned #f
measurement 1/5 complete in 275 second(s).
++++ frame_probe ID: 1050 receives a frame at time 38.4865s ++++
++++ frame_probe ID: 882 receives a frame at time 38.5072s ++++
++++ frame_probe ID: 883 receives a frame at time 38.5072s ++++
++++ frame_probe ID: 885 receives a frame at time 38.5073s ++++
++++ frame_probe ID: 1060 receives a frame at time 38.5271s ++++
++++ frame_probe ID: 1050 receives a frame at time 38.7286s ++++
++++ frame_probe ID: 882 receives a frame at time 38.7558s ++++
++++ frame_probe ID: 883 receives a frame at time 38.7559s ++++
++++ frame_probe ID: 885 receives a frame at time 38.7559s ++++
++++ frame_probe ID: 1060 receives a frame at time 38.7692s ++++
INFO: Detected an invalid packet at item 3328
INFO: Parser returned #f
++++ frame_probe ID: 1050 receives a frame at time 38.9704s ++++
++++ frame_probe ID: 882 receives a frame at time 38.9962s ++++
++++ frame_probe ID: 883 receives a frame at time 38.9963s ++++
++++ frame_probe ID: 885 receives a frame at time 38.9963s ++++
++++ frame_probe ID: 1060 receives a frame at time 39.0109s ++++
INFO: Detected an invalid packet at item 3360
INFO: Parser returned #f
++++ frame_probe ID: 1050 receives a frame at time 39.2125s ++++
++++ frame_probe ID: 882 receives a frame at time 39.2359s ++++
++++ frame_probe ID: 883 receives a frame at time 39.2359s ++++
++++ frame_probe ID: 885 receives a frame at time 39.236s ++++
++++ frame_probe ID: 1060 receives a frame at time 39.2531s ++++
measurement 1/5 complete in 274 second(s).
++++ frame_probe ID: 1050 receives a frame at time 39.455s ++++
++++ frame_probe ID: 882 receives a frame at time 39.4764s ++++
++++ frame_probe ID: 883 receives a frame at time 39.4764s ++++
++++ frame_probe ID: 885 receives a frame at time 39.4764s ++++
++++ frame_probe ID: 1060 receives a frame at time 39.4956s ++++
INFO: Detected an invalid packet at item 3392
INFO: Parser returned #f
++++ frame_probe ID: 1050 receives a frame at time 39.6975s ++++
++++ frame_probe ID: 882 receives a frame at time 39.7259s ++++
++++ frame_probe ID: 883 receives a frame at time 39.7259s ++++
++++ frame_probe ID: 885 receives a frame at time 39.726s ++++
++++ frame_probe ID: 1060 receives a frame at time 39.738s ++++
++++ frame_probe ID: 1050 receives a frame at time 39.9396s ++++
++++ frame_probe ID: 882 receives a frame at time 39.9655s ++++
++++ frame_probe ID: 883 receives a frame at time 39.9655s ++++
++++ frame_probe ID: 885 receives a frame at time 39.9655s ++++
++++ frame_probe ID: 1060 receives a frame at time 39.9802s ++++
++++ frame_probe ID: 1050 receives a frame at time 40.1815s ++++
++++ frame_probe ID: 882 receives a frame at time 40.2061s ++++
++++ frame_probe ID: 883 receives a frame at time 40.2061s ++++
++++ frame_probe ID: 885 receives a frame at time 40.2067s ++++
++++ frame_probe ID: 1060 receives a frame at time 40.2221s ++++
measurement 1/5 complete in 273 second(s).
++++ frame_probe ID: 1050 receives a frame at time 40.424s ++++
++++ frame_probe ID: 882 receives a frame at time 40.4456s ++++
++++ frame_probe ID: 883 receives a frame at time 40.4456s ++++
++++ frame_probe ID: 885 receives a frame at time 40.4456s ++++
++++ frame_probe ID: 1060 receives a frame at time 40.4647s ++++
INFO: Detected an invalid packet at item 3424
INFO: Parser returned #f
++++ frame_probe ID: 1050 receives a frame at time 40.6661s ++++
++++ frame_probe ID: 882 receives a frame at time 40.6953s ++++
++++ frame_probe ID: 883 receives a frame at time 40.6954s ++++
++++ frame_probe ID: 885 receives a frame at time 40.6954s ++++
++++ frame_probe ID: 1060 receives a frame at time 40.7068s ++++
++++ frame_probe ID: 1050 receives a frame at time 40.9089s ++++
++++ frame_probe ID: 882 receives a frame at time 40.9357s ++++
++++ frame_probe ID: 883 receives a frame at time 40.9357s ++++
++++ frame_probe ID: 885 receives a frame at time 40.9358s ++++
++++ frame_probe ID: 1060 receives a frame at time 40.9495s ++++
INFO: Detected an invalid packet at item 3456
INFO: Parser returned #f
INFO: Detected an invalid packet at item 3488
INFO: Parser returned #f
INFO: Detected an invalid packet at item 3520
INFO: Parser returned #f
INFO: Detected an invalid packet at item 3552
INFO: Parser returned #f
INFO: Detected an invalid packet at item 3584
INFO: Parser returned #f
INFO: Detected an invalid packet at item 3616
INFO: Parser returned #f
INFO: Detected an invalid packet at item 3648
INFO: Parser returned #f
INFO: Detected an invalid packet at item 3680
INFO: Parser returned #f
INFO: Detected an invalid packet at item 3712
INFO: Parser returned #f
INFO: Detected an invalid packet at item 3744
INFO: Parser returned #f
INFO: Detected an invalid packet at item 3776
INFO: Parser returned #f
INFO: Detected an invalid packet at item 3808
INFO: Parser returned #f
INFO: Detected an invalid packet at item 3840
INFO: Parser returned #f
INFO: Detected an invalid packet at item 3872
INFO: Parser returned #f
INFO: Detected an invalid packet at item 3904
INFO: Parser returned #f
INFO: Detected an invalid packet at item 3936
INFO: Parser returned #f
INFO: Detected an invalid packet at item 3968
INFO: Parser returned #f
INFO: Detected an invalid packet at item 4000
INFO: Parser returned #f
INFO: Detected an invalid packet at item 4032
INFO: Parser returned #f
INFO: Detected an invalid packet at item 4064
INFO: Parser returned #f
INFO: Detected an invalid packet at item 4096
INFO: Parser returned #f
INFO: Detected an invalid packet at item 4128
INFO: Parser returned #f
INFO: Detected an invalid packet at item 4160
INFO: Parser returned #f
INFO: Detected an invalid packet at item 4192
INFO: Parser returned #f
INFO: Detected an invalid packet at item 4224
INFO: Parser returned #f
INFO: Detected an invalid packet at item 4256
INFO: Parser returned #f
INFO: Detected an invalid packet at item 4288
INFO: Parser returned #f
INFO: Detected an invalid packet at item 4320
INFO: Parser returned #f
INFO: Detected an invalid packet at item 4352
INFO: Parser returned #f
INFO: Detected an invalid packet at item 4384
INFO: Parser returned #f
INFO: Detected an invalid packet at item 4416
INFO: Parser returned #f
INFO: Detected an invalid packet at item 4448
INFO: Parser returned #f
INFO: Detected an invalid packet at item 4480
INFO: Parser returned #f
INFO: Detected an invalid packet at item 4512
INFO: Parser returned #f
INFO: Detected an invalid packet at item 4544
INFO: Parser returned #f
INFO: Detected an invalid packet at item 4576
INFO: Parser returned #f
INFO: Detected an invalid packet at item 4608
INFO: Parser returned #f
INFO: Detected an invalid packet at item 4640
INFO: Parser returned #f
INFO: Detected an invalid packet at item 4672
INFO: Parser returned #f
INFO: Detected an invalid packet at item 4704
INFO: Parser returned #f
INFO: Detected an invalid packet at item 4736
INFO: Parser returned #f
INFO: Detected an invalid packet at item 4768
INFO: Parser returned #f
INFO: Detected an invalid packet at item 4800
INFO: Parser returned #f
INFO: Detected an invalid packet at item 4832
INFO: Parser returned #f
INFO: Detected an invalid packet at item 4864
INFO: Parser returned #f
INFO: Detected an invalid packet at item 4896
INFO: Parser returned #f
INFO: Detected an invalid packet at item 4928
INFO: Parser returned #f
INFO: Detected an invalid packet at item 4960
INFO: Parser returned #f
INFO: Detected an invalid packet at item 4992
INFO: Parser returned #f
INFO: Detected an invalid packet at item 5024
INFO: Parser returned #f
INFO: Detected an invalid packet at item 5056
INFO: Parser returned #f
INFO: Detected an invalid packet at item 5088
INFO: Parser returned #f
INFO: Detected an invalid packet at item 5120
INFO: Parser returned #f
INFO: Detected an invalid packet at item 5152
INFO: Parser returned #f
INFO: Detected an invalid packet at item 5184
INFO: Parser returned #f
INFO: Detected an invalid packet at item 5216
INFO: Parser returned #f
INFO: Detected an invalid packet at item 5248
INFO: Parser returned #f
INFO: Detected an invalid packet at item 5280
INFO: Parser returned #f
INFO: Detected an invalid packet at item 5312
INFO: Parser returned #f
INFO: Detected an invalid packet at item 5344
INFO: Parser returned #f
INFO: Detected an invalid packet at item 5376
INFO: Parser returned #f
INFO: Detected an invalid packet at item 5408
INFO: Parser returned #f
INFO: Detected an invalid packet at item 5440
INFO: Parser returned #f
INFO: Detected an invalid packet at item 5472
INFO: Parser returned #f
INFO: Detected an invalid packet at item 5504
INFO: Parser returned #f
INFO: Detected an invalid packet at item 5536
INFO: Parser returned #f
INFO: Detected an invalid packet at item 5568
INFO: Parser returned #f
INFO: Detected an invalid packet at item 5600
INFO: Parser returned #f
INFO: Detected an invalid packet at item 5632
INFO: Parser returned #f
INFO: Detected an invalid packet at item 5664
INFO: Parser returned #f
INFO: Detected an invalid packet at item 5696
INFO: Parser returned #f
INFO: Detected an invalid packet at item 5728
INFO: Parser returned #f
INFO: Detected an invalid packet at item 5760
INFO: Parser returned #f
INFO: Detected an invalid packet at item 5792
INFO: Parser returned #f
INFO: Detected an invalid packet at item 5824
INFO: Parser returned #f
INFO: Detected an invalid packet at item 5856
INFO: Parser returned #f
INFO: Detected an invalid packet at item 5888
INFO: Parser returned #f
INFO: Detected an invalid packet at item 5920
INFO: Parser returned #f
INFO: Detected an invalid packet at item 5952
INFO: Parser returned #f
INFO: Detected an invalid packet at item 5984
INFO: Parser returned #f
INFO: Detected an invalid packet at item 6016
INFO: Parser returned #f
INFO: Detected an invalid packet at item 6048
INFO: Parser returned #f
INFO: Detected an invalid packet at item 6080
INFO: Parser returned #f
INFO: Detected an invalid packet at item 6112
INFO: Parser returned #f
INFO: Detected an invalid packet at item 6144
INFO: Parser returned #f
INFO: Detected an invalid packet at item 6176
INFO: Parser returned #f
INFO: Detected an invalid packet at item 6208
INFO: Parser returned #f
INFO: Detected an invalid packet at item 6240
INFO: Parser returned #f
INFO: Detected an invalid packet at item 6272
INFO: Parser returned #f
INFO: Detected an invalid packet at item 6304
INFO: Parser returned #f
INFO: Detected an invalid packet at item 6336
INFO: Parser returned #f
INFO: Detected an invalid packet at item 6368
INFO: Parser returned #f
INFO: Detected an invalid packet at item 6400
INFO: Parser returned #f
INFO: Detected an invalid packet at item 6432
INFO: Parser returned #f
INFO: Detected an invalid packet at item 6464
INFO: Parser returned #f
INFO: Detected an invalid packet at item 6496
INFO: Parser returned #f
INFO: Detected an invalid packet at item 6528
INFO: Parser returned #f
INFO: Detected an invalid packet at item 6560
INFO: Parser returned #f
INFO: Detected an invalid packet at item 6592
INFO: Parser returned #f
INFO: Detected an invalid packet at item 6624
INFO: Parser returned #f
INFO: Detected an invalid packet at item 6656
INFO: Parser returned #f
INFO: Detected an invalid packet at item 6688
INFO: Parser returned #f
INFO: Detected an invalid packet at item 6720
INFO: Parser returned #f
INFO: Detected an invalid packet at item 6752
INFO: Parser returned #f
INFO: Detected an invalid packet at item 6784
INFO: Parser returned #f
INFO: Detected an invalid packet at item 6816
INFO: Parser returned #f
INFO: Detected an invalid packet at item 6848
INFO: Parser returned #f
INFO: Detected an invalid packet at item 6880
INFO: Parser returned #f
INFO: Detected an invalid packet at item 6912
INFO: Parser returned #f
INFO: Detected an invalid packet at item 6944
INFO: Parser returned #f
INFO: Detected an invalid packet at item 6976
INFO: Parser returned #f
INFO: Detected an invalid packet at item 7008
INFO: Parser returned #f
INFO: Detected an invalid packet at item 7040
INFO: Parser returned #f
INFO: Detected an invalid packet at item 7072
INFO: Parser returned #f
INFO: Detected an invalid packet at item 7104
INFO: Parser returned #f
INFO: Detected an invalid packet at item 7136
INFO: Parser returned #f
INFO: Detected an invalid packet at item 7168
INFO: Parser returned #f
INFO: Detected an invalid packet at item 7200
INFO: Parser returned #f
INFO: Detected an invalid packet at item 7232
INFO: Parser returned #f
INFO: Detected an invalid packet at item 7264
INFO: Parser returned #f
INFO: Detected an invalid packet at item 7296
INFO: Parser returned #f
INFO: Detected an invalid packet at item 7328
INFO: Parser returned #f
INFO: Detected an invalid packet at item 7360
INFO: Parser returned #f
INFO: Detected an invalid packet at item 7392
INFO: Parser returned #f
INFO: Detected an invalid packet at item 7424
INFO: Parser returned #f
INFO: Detected an invalid packet at item 7456
INFO: Parser returned #f
++++ frame_probe ID: 1050 receives a frame at time 41.1508s ++++
++++ frame_probe ID: 882 receives a frame at time 41.1752s ++++
++++ frame_probe ID: 883 receives a frame at time 41.1752s ++++
++++ frame_probe ID: 885 receives a frame at time 41.1753s ++++
++++ frame_probe ID: 1060 receives a frame at time 41.1915s ++++
INFO: Detected an invalid packet at item 7488
INFO: Parser returned #f
measurement 1/5 complete in 272 second(s).
++++ frame_probe ID: 1050 receives a frame at time 41.3927s ++++
++++ frame_probe ID: 882 receives a frame at time 41.4157s ++++
++++ frame_probe ID: 883 receives a frame at time 41.4157s ++++
++++ frame_probe ID: 885 receives a frame at time 41.4158s ++++
++++ frame_probe ID: 1060 receives a frame at time 41.4333s ++++
INFO: Detected an invalid packet at item 7520
INFO: Parser returned #f
++++ frame_probe ID: 1050 receives a frame at time 41.6351s ++++
++++ frame_probe ID: 882 receives a frame at time 41.6653s ++++
++++ frame_probe ID: 883 receives a frame at time 41.6653s ++++
++++ frame_probe ID: 885 receives a frame at time 41.6654s ++++
++++ frame_probe ID: 1060 receives a frame at time 41.6759s ++++
INFO: Detected an invalid packet at item 7552
INFO: Parser returned #f
