measurement 1/5 complete in 10 second(s).
linux; GNU C++ version 5.4.0 20160609; Boost_105800; UHD_003.009.005-45-g6768a615
linux; GNU C++ version 5.4.0 20160609; Boost_105800; UHD_003.009.005-45-g6768a615


Using Volk machine: avx_64_mmx
-- Opening a USRP2/N-Series device...
Using Volk machine: avx_64_mmx
-- Opening a USRP2/N-Series device...
-- Current recv frame size: 1472 bytes
-- Current recv frame size: 1472 bytes
-- Current send frame size: 1472 bytes
-- Current send frame size: 1472 bytes
measurement 1/5 complete in 9 second(s).
develop mode of resend_check ID: 24 is activated.
develop mode of resend_check ID: 24 is activated.
the 880th message counter is activated.
the 100th message counter is activated.
the 100th message counter is activated.
measurement 1/5 complete in 8 second(s).
node starts running at 98.4034
node starts running at 98.4093
++++ frame_probe ID: 1050 receives a frame at time 98.5911s ++++
++++ frame_probe ID: 1060 receives a frame at time 98.6317s ++++
INFO: Detected an invalid packet at item 0
INFO: Parser returned #f
++++ frame_probe ID: 882 receives a frame at time 98.6404s ++++
++++ frame_probe ID: 883 receives a frame at time 98.6404s ++++
++++ frame_probe ID: 884 receives a frame at time 98.6405s ++++
++++ frame_probe ID: 890 receives a frame at time 98.6405s ++++
++++ frame_probe ID: 860 receives a frame at time 98.6505s ++++
++++ frame_probe ID: 1082 receives a frame at time 98.6568s ++++
++++ frame_probe ID: 1083 receives a frame at time 98.6568s ++++
++++ frame_probe ID: 1084counter results at time  receives a frame at time 1498.66 is 0
++++ frame_probe ID: 1090 receives a frame at time 98.6569s ++++
98.6569s ++++
++++ frame_probe ID: 882 receives a frame at time 98.6596s ++++
the 100th message counter node3_acked has been visited 1 times  
++++ frame_probe ID: 1050 receives a frame at time 98.7803s ++++
++++ frame_probe ID: 1060 receives a frame at time 98.8209s ++++
INFO: Detected an invalid packet at item 64
INFO: Parser returned #f
++++ frame_probe ID: 882 receives a frame at time 98.832s ++++
++++ frame_probe ID: 883 receives a frame at time 98.832s ++++
++++ frame_probe ID: 884 receives a frame at time 98.8321s ++++
++++ frame_probe ID: 890 receives a frame at time 98.8321s ++++
++++ frame_probe ID: 860 receives a frame at time 98.8422s ++++
++++ frame_probe ID: 1082 receives a frame at time 98.8484s ++++
++++ frame_probe ID: 1083 receives a frame at time 98.8485s ++++
++++ frame_probe ID: 1084 receives a frame at time 98.8485s ++++
counter results at time 1498.85 is 0
++++ frame_probe ID: 1090 receives a frame at time 98.8485s ++++
++++ frame_probe ID: 882 receives a frame at time 98.8522s ++++
the 100th message counter node3_acked has been visited 2 times  
measurement 1/5 complete in 7 second(s).
++++ frame_probe ID: 1050 receives a frame at time 99.0379s ++++
++++ frame_probe ID: 1060 receives a frame at time 99.0786s ++++
++++ frame_probe ID: 882 receives a frame at time 99.0828s ++++
++++ frame_probe ID: 883 receives a frame at time 99.0829s ++++
++++ frame_probe ID: 884 receives a frame at time 99.0829s ++++
++++ frame_probe ID: 890 receives a frame at time 99.083s ++++
++++ frame_probe ID: 860 receives a frame at time 99.0932s ++++
++++ frame_probe ID: 1082 receives a frame at time 99.0987s ++++
++++ frame_probe ID: 1083 receives a frame at time 99.0987s ++++
++++ frame_probe ID: 1084 receives a frame at time 99.0987s ++++
counter results at time 1499.1 is 0
++++ frame_probe ID: 1090 receives a frame at time 99.0988s ++++
++++ frame_probe ID: 882 receives a frame at time 99.102s ++++
the 100th message counter node3_acked has been visited 3 times  
++++ frame_probe ID: 1050 receives a frame at time 99.1322s ++++
++++ frame_probe ID: 1060 receives a frame at time 99.173s ++++
++++ frame_probe ID: 882 receives a frame at time 99.178s ++++
++++ frame_probe ID: 883 receives a frame at time 99.178s ++++
++++ frame_probe ID: 884 receives a frame at time 99.178s ++++
++++ frame_probe ID: 890 receives a frame at time 99.1781s ++++
++++ frame_probe ID: 860 receives a frame at time 99.1884s ++++
++++ frame_probe ID: 1082 receives a frame at time 99.1945s ++++
++++ frame_probe ID: 1083 receives a frame at time 99.1945s ++++
++++ frame_probe ID: 1084 receives a frame at time 99.1946s ++++
counter results at time 1499.19 is 0
++++ frame_probe ID: 1090 receives a frame at time 99.1946s ++++
++++ frame_probe ID: 882 receives a frame at time 99.1973s ++++
the 100th message counter node3_acked has been visited 4 times  
++++ frame_probe ID: 1050 receives a frame at time 99.3841s ++++
++++ frame_probe ID: 1060 receives a frame at time 99.4248s ++++
++++ frame_probe ID: 882 receives a frame at time 99.4278s ++++
++++ frame_probe ID: 883 receives a frame at time 99.4278s ++++
++++ frame_probe ID: 884 receives a frame at time 99.4279s ++++
++++ frame_probe ID: 890 receives a frame at time 99.4279s ++++
++++ frame_probe ID: 860 receives a frame at time 99.4381s ++++
++++ frame_probe ID: 1082 receives a frame at time 99.4442s ++++
++++ frame_probe ID: 1083 receives a frame at time 99.4442s ++++
++++ frame_probe ID: 1084 receives a frame at time 99.4442s ++++
counter results at time 1499.44 is ++++ frame_probe ID: 01090 receives a frame at time 
99.4443s ++++
++++ frame_probe ID: 882 receives a frame at time 99.447s ++++
the 100th message counter node3_acked has been visited 5 times  
++++ frame_probe ID: 1050 receives a frame at time 99.6336s ++++
++++ frame_probe ID: 1060 receives a frame at time 99.6745s ++++
++++ frame_probe ID: 882 receives a frame at time 99.6771s ++++
++++ frame_probe ID: 883 receives a frame at time 99.6771s ++++
++++ frame_probe ID: 884 receives a frame at time 99.6771s ++++
++++ frame_probe ID: 890 receives a frame at time 99.6772s ++++
INFO: Detected an invalid packet at item 224
INFO: Parser returned #f
++++ frame_probe ID: 860 receives a frame at time 99.6873s ++++
++++ frame_probe ID: 1082 receives a frame at time 99.6936s ++++
++++ frame_probe ID: 1083 receives a frame at time 99.6936s ++++
++++ frame_probe ID: counter results at time 1084 receives a frame at time 99.6937s ++++
1499.69 is 0
++++ frame_probe ID: 1090 receives a frame at time 99.6937s ++++
the 100th message counter node3_acked has been visited 6 times  
++++ frame_probe ID: 882 receives a frame at time 99.6974s ++++
++++ frame_probe ID: 1050 receives a frame at time 99.709s ++++
++++ frame_probe ID: 1060 receives a frame at time 99.7498s ++++
++++ frame_probe ID: 882 receives a frame at time 99.7541s ++++
++++ frame_probe ID: 883 receives a frame at time 99.7541s ++++
++++ frame_probe ID: 884 receives a frame at time 99.7542s ++++
++++ frame_probe ID: 890 receives a frame at time 99.7542s ++++
INFO: Detected an invalid packet at item 288
INFO: Parser returned #f
++++ frame_probe ID: 860 receives a frame at time 99.7643s ++++
++++ frame_probe ID: 1082 receives a frame at time 99.7706s ++++
++++ frame_probe ID: 1083 receives a frame at time 99.7706s ++++
++++ frame_probe ID: 1084 receives a frame at time 99.7706s ++++
counter results at time ++++ frame_probe ID: 1090 receives a frame at time 1499.77 is 0
99.7707s ++++
++++ frame_probe ID: 882 receives a frame at time 99.7733s ++++
the 100th message counter node3_acked has been visited 7 times  
++++ frame_probe ID: 1050 receives a frame at time 99.906s ++++
++++ frame_probe ID: 1060 receives a frame at time 99.9466s ++++
INFO: Detected an invalid packet at item 352
INFO: Parser returned #f
++++ frame_probe ID: 882 receives a frame at time 99.9556s ++++
++++ frame_probe ID: 883 receives a frame at time 99.9556s ++++
++++ frame_probe ID: 884 receives a frame at time 99.9557s ++++
++++ frame_probe ID: 890 receives a frame at time 99.9557s ++++
++++ frame_probe ID: 860 receives a frame at time 99.9659s ++++
++++ frame_probe ID: 1082 receives a frame at time 99.9721s ++++
++++ frame_probe ID: 1083 receives a frame at time 99.9721s ++++
++++ frame_probe ID: 1084 receives a frame at time 99.9721s ++++
counter results at time 1499.97 is 0
++++ frame_probe ID: 1090 receives a frame at time 99.9722s ++++
++++ frame_probe ID: 882 receives a frame at time 99.9749s ++++
measurement 1/5 complete in 6 second(s).
the 100th message counter node3_acked has been visited 8 times  
++++ frame_probe ID: 1050 receives a frame at time 0.065529s ++++
++++ frame_probe ID: 1060 receives a frame at time 0.106338s ++++
++++ frame_probe ID: 882 receives a frame at time 0.109034s ++++
++++ frame_probe ID: 883 receives a frame at time 0.109099s ++++
++++ frame_probe ID: 884 receives a frame at time 0.109128s ++++
++++ frame_probe ID: 890 receives a frame at time 0.109178s ++++
++++ frame_probe ID: 860 receives a frame at time 0.119347s ++++
++++ frame_probe ID: 1082 receives a frame at time 0.125618s ++++
++++ frame_probe ID: 1083 receives a frame at time 0.125666s ++++
++++ frame_probe ID: 1084 receives a frame at time 0.125682s ++++
counter results at time 1500.13 is 0
++++ frame_probe ID: 1090 receives a frame at time 0.125726s ++++
++++ frame_probe ID: 882 receives a frame at time 0.129244s ++++
the 100th message counter node3_acked has been visited 9 times  
++++ frame_probe ID: 1050 receives a frame at time 0.261126s ++++
++++ frame_probe ID: 1060 receives a frame at time 0.30182s ++++
INFO: Detected an invalid packet at item 448
INFO: Parser returned #f
++++ frame_probe ID: 882 receives a frame at time 0.311233s ++++
++++ frame_probe ID: 883 receives a frame at time 0.311286s ++++
++++ frame_probe ID: 884 receives a frame at time 0.311397s ++++
++++ frame_probe ID: 890 receives a frame at time 0.311428s ++++
++++ frame_probe ID: 860 receives a frame at time 0.321634s ++++
++++ frame_probe ID: 1082 receives a frame at time 0.326895s ++++
++++ frame_probe ID: 1083 receives a frame at time 0.326926s ++++
++++ frame_probe ID: 1084 receives a frame at time 0.326951s ++++
++++ frame_probe ID: 1090 receives a frame at time counter results at time 0.326994s ++++
1500.33 is 0
++++ frame_probe ID: 882 receives a frame at time 0.330682s ++++
the 100th message counter node3_acked has been visited 10 times  
++++ frame_probe ID: 1050 receives a frame at time 0.510403s ++++
++++ frame_probe ID: 1060 receives a frame at time 0.5513s ++++
INFO: Detected an invalid packet at item 512
INFO: Parser returned #f
++++ frame_probe ID: 882 receives a frame at time 0.561081s ++++
++++ frame_probe ID: 883 receives a frame at time 0.561114s ++++
++++ frame_probe ID: 884 receives a frame at time 0.561153s ++++
++++ frame_probe ID: 890 receives a frame at time 0.561184s ++++
++++ frame_probe ID: 860 receives a frame at time 0.571288s ++++
++++ frame_probe ID: 1082 receives a frame at time 0.576637s ++++
++++ frame_probe ID: 1083 receives a frame at time 0.576686s ++++
++++ frame_probe ID: 1084 receives a frame at time 0.576701s ++++
++++ frame_probe ID: counter results at time 1090 receives a frame at time 0.576739s ++++
1500.58 is 0
++++ frame_probe ID: 882 receives a frame at time 0.580559s ++++
the 100th message counter node3_acked has been visited 11 times  
++++ frame_probe ID: 1050 receives a frame at time 0.658107s ++++
++++ frame_probe ID: 1060 receives a frame at time 0.698832s ++++
++++ frame_probe ID: 882 receives a frame at time 0.704365s ++++
++++ frame_probe ID: 883 receives a frame at time 0.704403s ++++
++++ frame_probe ID: 884 receives a frame at time 0.704458s ++++
++++ frame_probe ID: 890 receives a frame at time 0.704492s ++++
INFO: Detected an invalid packet at item 576
INFO: Parser returned #f
++++ frame_probe ID: 860 receives a frame at time 0.714701s ++++
++++ frame_probe ID: 1082 receives a frame at time 0.720803s ++++
++++ frame_probe ID: 1083 receives a frame at time 0.720853s ++++
++++ frame_probe ID: 1084 receives a frame at time 0.720883s ++++
counter results at time 1500.72 is 0
++++ frame_probe ID: 1090 receives a frame at time 0.720949s ++++
++++ frame_probe ID: 882 receives a frame at time 0.72381s ++++
the 100th message counter node3_acked has been visited 12 times  
++++ frame_probe ID: 1050 receives a frame at time 0.886268s ++++
++++ frame_probe ID: 1060 receives a frame at time 0.92714s ++++
++++ frame_probe ID: 882 receives a frame at time 0.93487s ++++
++++ frame_probe ID: 883 receives a frame at time 0.934923s ++++
++++ frame_probe ID: 884 receives a frame at time 0.934985s ++++
++++ frame_probe ID: 890 receives a frame at time 0.935003s ++++
++++ frame_probe ID: 860 receives a frame at time 0.945315s ++++
++++ frame_probe ID: 1082 receives a frame at time 0.951475s ++++
++++ frame_probe ID: 1083 receives a frame at time 0.951513s ++++
++++ frame_probe ID: 1084 receives a frame at time 0.951541s ++++
counter results at time 1500.95++++ frame_probe ID:  is 10900 receives a frame at time 
0.951571s ++++
++++ frame_probe ID: 882 receives a frame at time 0.954319s ++++
measurement 1/5 complete in 5 second(s).
the 100th message counter node3_acked has been visited 13 times  
++++ frame_probe ID: 1050 receives a frame at time 1.09889s ++++
++++ frame_probe ID: 1060 receives a frame at time 1.13966s ++++
INFO: Detected an invalid packet at item 672
INFO: Parser returned #f
++++ frame_probe ID: 882 receives a frame at time 1.14636s ++++
++++ frame_probe ID: 883 receives a frame at time 1.14641s ++++
++++ frame_probe ID: 884 receives a frame at time 1.14645s ++++
++++ frame_probe ID: 890 receives a frame at time 1.14648s ++++
++++ frame_probe ID: 860 receives a frame at time 1.15668s ++++
++++ frame_probe ID: 1082 receives a frame at time 1.16207s ++++
++++ frame_probe ID: 1083 receives a frame at time 1.16212s ++++
++++ frame_probe ID: 1084 receives a frame at time 1.16214s ++++
++++ frame_probe ID: 1090 receives a frame at time 1.16219s ++++
counter results at time 1501.16 is 0
++++ frame_probe ID: 882 receives a frame at time 1.1658s ++++
the 100th message counter node3_acked has been visited 14 times  
++++ frame_probe ID: 1050 receives a frame at time 1.28561s ++++
++++ frame_probe ID: 1060 receives a frame at time 1.3264s ++++
INFO: Detected an invalid packet at item 736
INFO: Parser returned #f
++++ frame_probe ID: 882 receives a frame at time 1.33782s ++++
++++ frame_probe ID: 883 receives a frame at time 1.33786s ++++
++++ frame_probe ID: 884 receives a frame at time 1.3379s ++++
++++ frame_probe ID: 890 receives a frame at time 1.33795s ++++
++++ frame_probe ID: 860 receives a frame at time 1.34807s ++++
++++ frame_probe ID: 1082 receives a frame at time 1.35442s ++++
++++ frame_probe ID: 1083 receives a frame at time 1.35446s ++++
++++ frame_probe ID: 1084 receives a frame at time 1.35449s ++++
counter results at time 1501.35 is 0
++++ frame_probe ID: 1090 receives a frame at time 1.35453s ++++
++++ frame_probe ID: 882 receives a frame at time 1.3572s ++++
the 100th message counter node3_acked has been visited 15 times  
++++ frame_probe ID: 1050 receives a frame at time 1.53192s ++++
++++ frame_probe ID: 1060 receives a frame at time 1.57262s ++++
++++ frame_probe ID: 882 receives a frame at time 1.57822s ++++
++++ frame_probe ID: 883 receives a frame at time 1.57827s ++++
++++ frame_probe ID: 884 receives a frame at time 1.57832s ++++
++++ frame_probe ID: 890 receives a frame at time 1.57836s ++++
++++ frame_probe ID: 860 receives a frame at time 1.58838s ++++
++++ frame_probe ID: 1082 receives a frame at time 1.59386s ++++
++++ frame_probe ID: 1083 receives a frame at time 1.59389s ++++
++++ frame_probe ID: 1084 receives a frame at time 1.59391s ++++
counter results at time 1501.59 is 0
++++ frame_probe ID: 1090 receives a frame at time 1.59397s ++++
++++ frame_probe ID: 882 receives a frame at time 1.59767s ++++
the 100th message counter node3_acked has been visited 16 times  
++++ frame_probe ID: 1050 receives a frame at time 1.65124s ++++
++++ frame_probe ID: 1060 receives a frame at time 1.69193s ++++
++++ frame_probe ID: 882 receives a frame at time 1.70255s ++++
++++ frame_probe ID: 883 receives a frame at time 1.70259s ++++
++++ frame_probe ID: 884 receives a frame at time 1.70262s ++++
++++ frame_probe ID: 890 receives a frame at time 1.70266s ++++
++++ frame_probe ID: 860 receives a frame at time 1.71277s ++++
++++ frame_probe ID: 1082 receives a frame at time 1.71921s ++++
++++ frame_probe ID: 1083 receives a frame at time 1.71924s ++++
++++ frame_probe ID: 1084 receives a frame at time 1.71925s ++++
counter results at time 1501.72 is 0
++++ frame_probe ID: 1090 receives a frame at time 1.71931s ++++
++++ frame_probe ID: 882 receives a frame at time 1.72197s ++++
the 100th message counter node3_acked has been visited 17 times  
++++ frame_probe ID: 1050 receives a frame at time 1.77665s ++++
++++ frame_probe ID: 1060 receives a frame at time 1.81732s ++++
INFO: Detected an invalid packet at item 864
INFO: Parser returned #f
++++ frame_probe ID: 882 receives a frame at time 1.82774s ++++
++++ frame_probe ID: 883 receives a frame at time 1.82777s ++++
++++ frame_probe ID: 884 receives a frame at time 1.8278s ++++
++++ frame_probe ID: 890 receives a frame at time 1.82785s ++++
++++ frame_probe ID: 860 receives a frame at time 1.83809s ++++
++++ frame_probe ID: 1082 receives a frame at time 1.84342s ++++
++++ frame_probe ID: 1083 receives a frame at time 1.84345s ++++
++++ frame_probe ID: 1084 receives a frame at time 1.84349s ++++
counter results at time ++++ frame_probe ID: 1090 receives a frame at time 1501.84 is 0
1.84353s ++++
++++ frame_probe ID: 882 receives a frame at time 1.84715s ++++
the 100th message counter node3_acked has been visited 18 times  
++++ frame_probe ID: 1050 receives a frame at time 2.00292s ++++
measurement 1/5 complete in 4 second(s).
++++ frame_probe ID: 1060 receives a frame at time 2.04369s ++++
++++ frame_probe ID: 882 receives a frame at time 2.04846s ++++
++++ frame_probe ID: 883 receives a frame at time 2.04851s ++++
++++ frame_probe ID: 884 receives a frame at time 2.04862s ++++
++++ frame_probe ID: 890 receives a frame at time 2.04867s ++++
INFO: Detected an invalid packet at item 928
INFO: Parser returned #f
++++ frame_probe ID: 860 receives a frame at time 2.0589s ++++
++++ frame_probe ID: 1082 receives a frame at time 2.06491s ++++
++++ frame_probe ID: 1084 receives a frame at time 2.06498s ++++
++++ frame_probe ID: 1083 receives a frame at time 2.06499s ++++
counter results at time ++++ frame_probe ID: 1090 receives a frame at time 2.06501s ++++
1502.07 is 0
++++ frame_probe ID: 882 receives a frame at time 2.06789s ++++
the 100th message counter node3_acked has been visited 19 times  
++++ frame_probe ID: 1050 receives a frame at time 2.13435s ++++
++++ frame_probe ID: 1060 receives a frame at time 2.17512s ++++
++++ frame_probe ID: 882 receives a frame at time 2.18276s ++++
++++ frame_probe ID: 883 receives a frame at time 2.1828s ++++
++++ frame_probe ID: 884 receives a frame at time 2.18283s ++++
++++ frame_probe ID: 890 receives a frame at time 2.18287s ++++
++++ frame_probe ID: 860 receives a frame at time 2.19302s ++++
++++ frame_probe ID: 1082 receives a frame at time 2.19929s ++++
++++ frame_probe ID: 1083 receives a frame at time 2.19935s ++++
++++ frame_probe ID: 1084 receives a frame at time 2.19938s ++++
counter results at time ++++ frame_probe ID: 1090 receives a frame at time 1502.2 is 0
2.19942s ++++
++++ frame_probe ID: 882 receives a frame at time 2.20204s ++++
the 100th message counter node3_acked has been visited 20 times  
++++ frame_probe ID: 1050 receives a frame at time 2.25681s ++++
++++ frame_probe ID: 1060 receives a frame at time 2.29747s ++++
++++ frame_probe ID: 882 receives a frame at time 2.30777s ++++
++++ frame_probe ID: 884 receives a frame at time 2.30785s ++++
++++ frame_probe ID: 890 receives a frame at time 2.3079s ++++
++++ frame_probe ID: 883 receives a frame at time 2.30794s ++++
++++ frame_probe ID: 860 receives a frame at time 2.31814s ++++
++++ frame_probe ID: 1082 receives a frame at time 2.32348s ++++
++++ frame_probe ID: 1083 receives a frame at time 2.32351s ++++
++++ frame_probe ID: 1084 receives a frame at time 2.32356s ++++
counter results at time 1502.32 is 0
++++ frame_probe ID: 1090 receives a frame at time 2.3236s ++++
++++ frame_probe ID: 882 receives a frame at time 2.32727s ++++
the 100th message counter node3_acked has been visited 21 times  
++++ frame_probe ID: 1050 receives a frame at time 2.47685s ++++
++++ frame_probe ID: 1060 receives a frame at time 2.51779s ++++
INFO: Detected an invalid packet at item 1056
INFO: Parser returned #f
++++ frame_probe ID: 882 receives a frame at time 2.52865s ++++
++++ frame_probe ID: 883 receives a frame at time 2.5287s ++++
++++ frame_probe ID: 884 receives a frame at time 2.52874s ++++
++++ frame_probe ID: 890 receives a frame at time 2.52877s ++++
++++ frame_probe ID: 860 receives a frame at time 2.5389s ++++
++++ frame_probe ID: 1082 receives a frame at time 2.54487s ++++
++++ frame_probe ID: 1084 receives a frame at time 2.54493++++ frame_probe ID: s ++++
1083 receives a frame at time 2.54493s ++++
counter results at time 1502.54 is 0
++++ frame_probe ID: 1090 receives a frame at time 2.54498s ++++
++++ frame_probe ID: 882 receives a frame at time 2.54779s ++++
the 100th message counter node3_acked has been visited 22 times  
++++ frame_probe ID: 1050 receives a frame at time 2.71638s ++++
++++ frame_probe ID: 1060 receives a frame at time 2.75718s ++++
++++ frame_probe ID: 882 receives a frame at time 2.76797s ++++
++++ frame_probe ID: 883 receives a frame at time 2.76802s ++++
++++ frame_probe ID: 884 receives a frame at time 2.76806s ++++
++++ frame_probe ID: 890 receives a frame at time 2.76808s ++++
++++ frame_probe ID: 860 receives a frame at time 2.77825s ++++
++++ frame_probe ID: 1082 receives a frame at time 2.7846s ++++
++++ frame_probe ID: 1083 receives a frame at time 2.78463s ++++
++++ frame_probe ID: 1084 receives a frame at time 2.78467s ++++
counter results at time 1502.78 is 0
++++ frame_probe ID: 1090 receives a frame at time 2.7847s ++++
++++ frame_probe ID: 882 receives a frame at time 2.78824s ++++
the 100th message counter node3_acked has been visited 23 times  
++++ frame_probe ID: 1050 receives a frame at time 2.84206s ++++
++++ frame_probe ID: 1060 receives a frame at time 2.8827s ++++
++++ frame_probe ID: 882 receives a frame at time 2.89347s ++++
++++ frame_probe ID: 883 receives a frame at time 2.89352s ++++
++++ frame_probe ID: 884 receives a frame at time 2.89358s ++++
++++ frame_probe ID: 890 receives a frame at time 2.8936s ++++
++++ frame_probe ID: 860 receives a frame at time 2.90375s ++++
++++ frame_probe ID: 1082 receives a frame at time 2.90994s ++++
++++ frame_probe ID: 1084 receives a frame at time 2.91001s ++++
++++ frame_probe ID: 1083 receives a frame at time counter results at time ++++ frame_probe ID: 1090 receives a frame at time 1502.91 is 0
2.91005s ++++
2.91002s ++++
++++ frame_probe ID: 882 receives a frame at time 2.91254s ++++
the 100th message counter node3_acked has been visited 24 times  
++++ frame_probe ID: 1050 receives a frame at time 2.99146s ++++
measurement 1/5 complete in 3 second(s).
++++ frame_probe ID: 1060 receives a frame at time 3.03227s ++++
++++ frame_probe ID: 882 receives a frame at time 3.03752s ++++
++++ frame_probe ID: 883 receives a frame at time 3.03758s ++++
++++ frame_probe ID: 884 receives a frame at time 3.03761s ++++
++++ frame_probe ID: 890 receives a frame at time 3.03766s ++++
++++ frame_probe ID: 860 receives a frame at time 3.04779s ++++
++++ frame_probe ID: 1082 receives a frame at time 3.05329s ++++
++++ frame_probe ID: 1083 receives a frame at time 3.05333s ++++
++++ frame_probe ID: 1084 receives a frame at time 3.05337s ++++
counter results at time 1503.05 is 0
++++ frame_probe ID: 1090 receives a frame at time 3.05344s ++++
++++ frame_probe ID: 882 receives a frame at time 3.05692s ++++
the 100th message counter node3_acked has been visited 25 times  
++++ frame_probe ID: 1050 receives a frame at time 3.0987s ++++
++++ frame_probe ID: 1060 receives a frame at time 3.1395s ++++
++++ frame_probe ID: 882 receives a frame at time 3.14286s ++++
++++ frame_probe ID: 883 receives a frame at time 3.14291s ++++
++++ frame_probe ID: 884 receives a frame at time 3.14295s ++++
++++ frame_probe ID: 890 receives a frame at time 3.14298s ++++
++++ frame_probe ID: 860 receives a frame at time 3.15323s ++++
++++ frame_probe ID: 1082 receives a frame at time 3.15952s ++++
++++ frame_probe ID: 1083 receives a frame at time 3.15956s ++++
++++ frame_probe ID: 1084 receives a frame at time 3.15958s ++++
counter results at time 1503.16 is 0
++++ frame_probe ID: 1090 receives a frame at time 3.15962s ++++
++++ frame_probe ID: 882 receives a frame at time 3.16226s ++++
the 100th message counter node3_acked has been visited 26 times  
++++ frame_probe ID: 1050 receives a frame at time 3.31898s ++++
++++ frame_probe ID: 1060 receives a frame at time 3.3597s ++++
++++ frame_probe ID: 882 receives a frame at time 3.36327s ++++
++++ frame_probe ID: 883 receives a frame at time 3.36332s ++++
++++ frame_probe ID: 884 receives a frame at time 3.36334s ++++
++++ frame_probe ID: 890 receives a frame at time 3.36338s ++++
INFO: Detected an invalid packet at item 1248
INFO: Parser returned #f
++++ frame_probe ID: 860 receives a frame at time 3.37362s ++++
++++ frame_probe ID: 1082 receives a frame at time 3.37986s ++++
++++ frame_probe ID: 1083 receives a frame at time 3.37989s ++++
++++ frame_probe ID: 1084 receives a frame at time 3.37992s ++++
counter results at time ++++ frame_probe ID: 1090 receives a frame at time 1503.38 is 0
3.37996s ++++
++++ frame_probe ID: 882 receives a frame at time 3.38305s ++++
the 100th message counter node3_acked has been visited 27 times  
++++ frame_probe ID: 1050 receives a frame at time 3.4194s ++++
++++ frame_probe ID: 1060 receives a frame at time 3.46014s ++++
++++ frame_probe ID: 882 receives a frame at time 3.46945s ++++
++++ frame_probe ID: 883 receives a frame at time 3.46954s ++++
++++ frame_probe ID: 884 receives a frame at time 3.46957s ++++
++++ frame_probe ID: 890 receives a frame at time 3.46961s ++++
++++ frame_probe ID: 860 receives a frame at time 3.47965s ++++
++++ frame_probe ID: 1082 receives a frame at time 3.48514s ++++
++++ frame_probe ID: 1083 receives a frame at time 3.48516s ++++
++++ frame_probe ID: 1084 receives a frame at time 3.48521s ++++
counter results at time ++++ frame_probe ID: 1503.49 is 10900
 receives a frame at time 3.48523s ++++
++++ frame_probe ID: 882 receives a frame at time 3.48889s ++++
the 100th message counter node3_acked has been visited 28 times  
++++ frame_probe ID: 1050 receives a frame at time 3.56661s ++++
++++ frame_probe ID: 1060 receives a frame at time 3.60731s ++++
++++ frame_probe ID: 882 receives a frame at time 3.61294s ++++
++++ frame_probe ID: 883 receives a frame at time 3.61297s ++++
++++ frame_probe ID: 884 receives a frame at time 3.61302s ++++
++++ frame_probe ID: 890 receives a frame at time 3.61306s ++++
INFO: Detected an invalid packet at item 1344
INFO: Parser returned #f
++++ frame_probe ID: 860 receives a frame at time 3.62316s ++++
++++ frame_probe ID: 1082 receives a frame at time 3.62937s ++++
++++ frame_probe ID: 1083 receives a frame at time 3.6294s ++++
++++ frame_probe ID: 1084 receives a frame at time 3.62943s ++++
counter results at time ++++ frame_probe ID: 1090 receives a frame at time 1503.63 is 0
3.62945s ++++
++++ frame_probe ID: 882 receives a frame at time 3.63207s ++++
the 100th message counter node3_acked has been visited 29 times  
