measurement 1/5 complete in 300 second(s).
linux; GNU C++ version 5.4.0 20160609; Boost_105800; UHD_003.009.005-45-g6768a615
linux; GNU C++ version 5.4.0 20160609; Boost_105800; UHD_003.009.005-45-g6768a615


Using Volk machine: avx_64_mmx
-- Opening a USRP2/N-Series device...
Using Volk machine: avx_64_mmx
-- Opening a USRP2/N-Series device...
-- Current recv frame size: 1472 bytes
-- Current send frame size: 1472 bytes
-- Current recv frame size: 1472 bytes
-- Current send frame size: 1472 bytes
measurement 1/5 complete in 299 second(s).
develop mode of resend_check ID: 24 is activated.
develop mode of resend_check ID: 24 is activated.
the 100th message counter is activated.
the 100th message counter is activated.
measurement 1/5 complete in 298 second(s).
node starts running at 31.3472
node starts running at 31.5041
measurement 1/5 complete in 297 second(s).
measurement 1/5 complete in 296 second(s).
measurement 1/5 complete in 295 second(s).
measurement 1/5 complete in 294 second(s).
measurement 1/5 complete in 293 second(s).
measurement 1/5 complete in 292 second(s).
measurement 1/5 complete in 291 second(s).
measurement 1/5 complete in 290 second(s).
