measurement 1/2 complete in 20 second(s).
linux; GNU C++ version 5.4.0 20160609; Boost_105800; UHD_003.009.005-45-g6768a615
linux; GNU C++ version 5.4.0 20160609; Boost_105800; UHD_003.009.005-45-g6768a615


Using Volk machine: avx_64_mmx
develop_mode of timeout ID: 10 is activated.
Using Volk machine: avx_64_mmx
-- Opening a USRP2/N-Series device...
-- Opening a USRP2/N-Series device...
-- Current recv frame size: 1472 bytes
-- Current send frame size: 1472 bytes
-- Current recv frame size: 1472 bytes
-- Current send frame size: 1472 bytes
measurement 1/2 complete in 19 second(s).
develop_mode of general_timer ID: 1 is activated.
measurement 1/2 complete in 18 second(s).
node starts running at 97.131
general_timer 1 is triggered at time 97.131 s
timer start time: 97.131
++++ frame_probe ID: 1050 receives a frame at time 97.1611s ++++
++++ frame_probe ID: 1060 receives a frame at time 97.2019s +++++++ timeout ID: 
10 start timeout +++timeout timer start time: 97.2021
INFO: Detected an invalid packet at item 0
INFO: Parser returned #f
++++ frame_probe ID: 882 receives a frame at time 97.2094s ++++
++++ frame_probe ID: 883 receives a frame at time 97.2094s ++++
++++ frame_probe ID: 884 receives a frame at time 97.2094s ++++
++++ frame_probe ID: 890 receives a frame at time 97.2095s ++++
* timeout ID: 10 timeout timer is expired at time 97.4033 s.  timeout duration is: 200 [ms]
++++ frame_probe ID: 1060 receives a frame at time +++ timeout ID: 10 start timeout +++97.444s ++++
timeout timer start time: 97.444
INFO: Detected an invalid packet at item 32
INFO: Parser returned #f
++++ frame_probe ID: 882 receives a frame at time 97.4489s ++++
++++ frame_probe ID: 883 receives a frame at time 97.4489s ++++
++++ frame_probe ID: 884 receives a frame at time 97.449s ++++
++++ frame_probe ID: 890 receives a frame at time 97.449s ++++
* timeout ID: 10 timeout timer is expired at time 97.6456 s.  timeout duration is: 200 [ms]
++++ frame_probe ID: 1060 receives a frame at time +++ timeout ID: 10 start timeout +++97.6863s ++++
timeout timer start time: 97.6863
++++ frame_probe ID: 882 receives a frame at time 97.6895s ++++
++++ frame_probe ID: 883 receives a frame at time 97.6895s ++++
++++ frame_probe ID: 884 receives a frame at time 97.6895s ++++
++++ frame_probe ID: 890 receives a frame at time 97.6896s ++++
measurement 1/2 complete in 17 second(s).
* timeout ID: 10 timeout timer is expired at time 97.8878 s.  timeout duration is: 200 [ms]
++++ frame_probe ID: 1060 receives a frame at time 97.9284s ++++
+++ timeout ID: 10 start timeout +++timeout timer start time: 97.9285
INFO: Detected an invalid packet at item 64
INFO: Parser returned #f
++++ frame_probe ID: 882 receives a frame at time 97.939s ++++
++++ frame_probe ID: 883 receives a frame at time 97.939s ++++
++++ frame_probe ID: 884 receives a frame at time 97.939s ++++
++++ frame_probe ID: 890 receives a frame at time 97.9391s ++++
* timeout ID: 10 timeout timer is expired at time 98.1299 s.  timeout duration is: 200 [ms]
++++ frame_probe ID: 1060 receives a frame at time +++ timeout ID: 10 start timeout +++98.1706s ++++
timeout timer start time: 98.1706
INFO: Detected an invalid packet at item 96
INFO: Parser returned #f
++++ frame_probe ID: 882 receives a frame at time 98.1786s ++++
++++ frame_probe ID: 883 receives a frame at time 98.1786s ++++
++++ frame_probe ID: 884 receives a frame at time 98.1786s ++++
++++ frame_probe ID: 890 receives a frame at time 98.1787s ++++
* timeout ID: 10 timeout timer is expired at time 98.372 s.  timeout duration is: 200 [ms]
++++ frame_probe ID: 1050 receives a frame at time 98.3722s ++++
++++ frame_probe ID: 1060 receives a frame at time 98.4127s ++++
+++ timeout ID: 10 start timeout +++timeout timer start time: 98.4128
++++ frame_probe ID: 882 receives a frame at time 98.4181s ++++
++++ frame_probe ID: 883 receives a frame at time 98.4181s ++++
++++ frame_probe ID: 884 receives a frame at time 98.4182s ++++
++++ frame_probe ID: 890 receives a frame at time 98.4182s ++++
INFO: Detected an invalid packet at item 128
INFO: Parser returned #f
* timeout ID: 10 timeout timer is expired at time 98.6145 s.  timeout duration is: 200 [ms]
++++ frame_probe ID: 1060 receives a frame at time +++ timeout ID: 10 start timeout +++98.6552s ++++
timeout timer start time: 98.6552
++++ frame_probe ID: 882 receives a frame at time 98.6587s ++++
++++ frame_probe ID: 883 receives a frame at time 98.6587s ++++
INFO: Detected an invalid packet at item 160
INFO: Parser returned #f
++++ frame_probe ID: 884 receives a frame at time 98.6588s ++++
++++ frame_probe ID: 890 receives a frame at time 98.6588s ++++
measurement 1/2 complete in 16 second(s).
* timeout ID: 10 timeout timer is expired at time 98.8569 s.  timeout duration is: 200 [ms]
++++ frame_probe ID: 1060 receives a frame at time +++ timeout ID: 10 start timeout +++98.8976s ++++
timeout timer start time: 98.8976
INFO: Detected an invalid packet at item 192
INFO: Parser returned #f
++++ frame_probe ID: 882 receives a frame at time 98.9083s ++++
++++ frame_probe ID: 883 receives a frame at time 98.9083s ++++
++++ frame_probe ID: 884 receives a frame at time 98.9083s ++++
++++ frame_probe ID: 890 receives a frame at time 98.9084s ++++
* timeout ID: 10 timeout timer is expired at time 99.0988 s.  timeout duration is: 200 [ms]
++++ frame_probe ID: 1060 receives a frame at time +++ timeout ID: 10 start timeout +++99.1395s ++++
timeout timer start time: 99.1395
++++ frame_probe ID: 882 receives a frame at time 99.1477s ++++
++++ frame_probe ID: 883 receives a frame at time 99.1478s ++++
++++ frame_probe ID: 884 receives a frame at time 99.1478s ++++
++++ frame_probe ID: 890 receives a frame at time 99.1478s ++++
INFO: Detected an invalid packet at item 224
INFO: Parser returned #f
* timeout ID: 10 timeout timer is expired at time 99.3406 s.  timeout duration is: 200 [ms]
++++ frame_probe ID: 1060 receives a frame at time +++ timeout ID: 99.381210 start timeout +++s ++++
timeout timer start time: 99.3813
INFO: Detected an invalid packet at item 256
INFO: Parser returned #f
++++ frame_probe ID: 882 receives a frame at time 99.3883s ++++
++++ frame_probe ID: 883 receives a frame at time 99.3883s ++++
++++ frame_probe ID: 884 receives a frame at time 99.3883s ++++
++++ frame_probe ID: 890 receives a frame at time 99.3884s ++++
* timeout ID: 10 timeout timer is expired at time 99.5826 s.  timeout duration is: 200 [ms]
++++ frame_probe ID: 1050 receives a frame at time 99.5827s ++++
++++ frame_probe ID: 1060 receives a frame at time +++ timeout ID: 10 start timeout +++99.6232s ++++
timeout timer start time: 99.6233
INFO: Detected an invalid packet at item 288
INFO: Parser returned #f
++++ frame_probe ID: 882 receives a frame at time 99.6279s ++++
++++ frame_probe ID: 883 receives a frame at time 99.6279s ++++
++++ frame_probe ID: 884 receives a frame at time 99.628s ++++
++++ frame_probe ID: 890 receives a frame at time 99.628s ++++
measurement 1/2 complete in 15 second(s).
* timeout ID: 10 timeout timer is expired at time 99.8249 s.  timeout duration is: 200 [ms]
++++ frame_probe ID: 1060 receives a frame at time +++ timeout ID: 10 start timeout +++99.8657s ++++
timeout timer start time: 99.8657
++++ frame_probe ID: 882 receives a frame at time 99.8683s ++++
++++ frame_probe ID: 883 receives a frame at time 99.8684s ++++
++++ frame_probe ID: 884 receives a frame at time 99.8684s ++++
++++ frame_probe ID: 890 receives a frame at time 99.8684s ++++
INFO: Detected an invalid packet at item 320
INFO: Parser returned #f
* timeout ID: 10 timeout timer is expired at time 0.067229 s.  timeout duration is: 200 [ms]
++++ frame_probe ID: 1060 receives a frame at time +++ timeout ID: 10 start timeout +++0.107994s ++++
timeout timer start time: 0.108019
INFO: Detected an invalid packet at item 352
INFO: Parser returned #f
++++ frame_probe ID: 882 receives a frame at time 0.117992s ++++
++++ frame_probe ID: 883 receives a frame at time 0.11802s ++++
++++ frame_probe ID: 884 receives a frame at time 0.118047s ++++
++++ frame_probe ID: 890 receives a frame at time 0.118072s ++++
* timeout ID: 10 timeout timer is expired at time 0.309658 s.  timeout duration is: 200 [ms]
++++ frame_probe ID: 1060 receives a frame at time +++ timeout ID: 10 start timeout +++0.350434s ++++
timeout timer start time: 0.350476
INFO: Detected an invalid packet at item 384
INFO: Parser returned #f
++++ frame_probe ID: 882 receives a frame at time 0.357494s ++++
++++ frame_probe ID: 883 receives a frame at time 0.357523s ++++
++++ frame_probe ID: 884 receives a frame at time 0.357577s ++++
++++ frame_probe ID: 890 receives a frame at time 0.357603s ++++
* timeout ID: 10 timeout timer is expired at time 0.552043 s.  timeout duration is: 200 [ms]
++++ frame_probe ID: 1060 receives a frame at time +++ timeout ID: 0.592692s ++++10 start timeout +++
timeout timer start time: 0.592722
INFO: Detected an invalid packet at item 416
INFO: Parser returned #f
++++ frame_probe ID: 882 receives a frame at time 0.597932s ++++
++++ frame_probe ID: 883 receives a frame at time 0.597963s ++++
++++ frame_probe ID: 884 receives a frame at time 0.598005s ++++
++++ frame_probe ID: 890 receives a frame at time 0.598026s ++++
measurement 1/2 complete in 14 second(s).
* timeout ID: 10 timeout timer is expired at time 0.794137 s.  timeout duration is: 200 [ms]
++++ frame_probe ID: 1050 receives a frame at time 0.794282s ++++
++++ frame_probe ID: 1060 receives a frame at time 0.834848s ++++
+++ timeout ID: 10 start timeout +++timeout timer start time: 0.834889
++++ frame_probe ID: 882 receives a frame at time 0.837499s ++++
++++ frame_probe ID: 883 receives a frame at time 0.83753s ++++
++++ frame_probe ID: 884 receives a frame at time 0.837559s ++++
++++ frame_probe ID: 890 receives a frame at time 0.837585s ++++
INFO: Detected an invalid packet at item 448
INFO: Parser returned #f
* timeout ID: 10 timeout timer is expired at time 1.03615 s.  timeout duration is: 200 [ms]
++++ frame_probe ID: 1060 receives a frame at time +++ timeout ID: 10 start timeout +++1.07673s ++++
timeout timer start time: 1.07676
++++ frame_probe ID: 882 receives a frame at time 1.08707s ++++
++++ frame_probe ID: 883 receives a frame at time 1.0871s ++++
++++ frame_probe ID: 884 receives a frame at time 1.08716s ++++
++++ frame_probe ID: 890 receives a frame at time 1.08717s ++++
* timeout ID: 10 timeout timer is expired at time 1.27885 s.  timeout duration is: 200 [ms]
++++ frame_probe ID: 1060 receives a frame at time +++ timeout ID: 10 start timeout +++1.31953s ++++
timeout timer start time: 1.31955
INFO: Detected an invalid packet at item 480
INFO: Parser returned #f
++++ frame_probe ID: 882 receives a frame at time 1.32754s ++++
++++ frame_probe ID: 883 receives a frame at time 1.32757s ++++
++++ frame_probe ID: 884 receives a frame at time 1.32761s ++++
++++ frame_probe ID: 890 receives a frame at time 1.32763s ++++
* timeout ID: 10 timeout timer is expired at time 1.52097 s.  timeout duration is: 200 [ms]
++++ frame_probe ID: 1060 receives a frame at time 1.56174+++ timeout ID: s ++++
10 start timeout +++timeout timer start time: 1.56178
INFO: Detected an invalid packet at item 512
INFO: Parser returned #f
++++ frame_probe ID: 882 receives a frame at time 1.56713s ++++
++++ frame_probe ID: 883 receives a frame at time 1.56717s ++++
++++ frame_probe ID: 884 receives a frame at time 1.5672s ++++
++++ frame_probe ID: 890 receives a frame at time 1.56723s ++++
* timeout ID: 10 timeout timer is expired at time 1.76345 s.  timeout duration is: 200 [ms]
measurement 1/2 complete in 13 second(s).
++++ frame_probe ID: 1060 receives a frame at time +++ timeout ID: 10 start timeout +++1.80409s ++++
timeout timer start time: 1.80411
++++ frame_probe ID: 882 receives a frame at time 1.80764s ++++
++++ frame_probe ID: 883 receives a frame at time 1.80769s ++++
++++ frame_probe ID: 884 receives a frame at time 1.80771s ++++
++++ frame_probe ID: 890 receives a frame at time 1.80774s ++++
INFO: Detected an invalid packet at item 544
INFO: Parser returned #f
* timeout ID: 10 timeout timer is expired at time 2.00561 s.  timeout duration is: 200 [ms]
++++ frame_probe ID: 1050 receives a frame at time 2.00572s ++++
++++ frame_probe ID: 1060 receives a frame at time 2.04644s ++++
+++ timeout ID: 10 start timeout +++timeout timer start time: 2.04649
INFO: Detected an invalid packet at item 576
INFO: Parser returned #f
++++ frame_probe ID: 882 receives a frame at time 2.05718s ++++
++++ frame_probe ID: 883 receives a frame at time 2.05721s ++++
++++ frame_probe ID: 884 receives a frame at time 2.05725s ++++
++++ frame_probe ID: 890 receives a frame at time 2.05728s ++++
* timeout ID: 10 timeout timer is expired at time 2.24775 s.  timeout duration is: 200 [ms]
++++ frame_probe ID: 1060 receives a frame at time +++ timeout ID: 10 start timeout +++2.28837s ++++
timeout timer start time: 2.28841
INFO: Detected an invalid packet at item 608
INFO: Parser returned #f
++++ frame_probe ID: 882 receives a frame at time 2.29675s ++++
++++ frame_probe ID: 883 receives a frame at time 2.29678s ++++
++++ frame_probe ID: 884 receives a frame at time 2.2968s ++++
++++ frame_probe ID: 890 receives a frame at time 2.29685s ++++
* timeout ID: 10 timeout timer is expired at time 2.48977 s.  timeout duration is: 200 [ms]
++++ frame_probe ID: 1060 receives a frame at time +++ timeout ID: 10 start timeout +++2.53041s ++++
timeout timer start time: 2.53044
INFO: Detected an invalid packet at item 640
INFO: Parser returned #f
++++ frame_probe ID: 882 receives a frame at time 2.53727s ++++
++++ frame_probe ID: 883 receives a frame at time 2.53731s ++++
++++ frame_probe ID: 884 receives a frame at time 2.53734s ++++
++++ frame_probe ID: 890 receives a frame at time 2.53737s ++++
* timeout ID: 10 timeout timer is expired at time 2.73198 s.  timeout duration is: 200 [ms]
++++ frame_probe ID: 1060 receives a frame at time +++ timeout ID: 10 start timeout +++2.77256s ++++
timeout timer start time: 2.77259
INFO: Detected an invalid packet at item 672
INFO: Parser returned #f
++++ frame_probe ID: 882 receives a frame at time 2.77684s ++++
++++ frame_probe ID: 883 receives a frame at time 2.77688s ++++
++++ frame_probe ID: 884 receives a frame at time 2.77692s ++++
++++ frame_probe ID: 890 receives a frame at time 2.77694s ++++
measurement 1/2 complete in 12 second(s).
* timeout ID: 10 timeout timer is expired at time 2.97389 s.  timeout duration is: 200 [ms]
++++ frame_probe ID: 1060 receives a frame at time +++ timeout ID: 10 start timeout +++3.01453s ++++
timeout timer start time: 3.01455
++++ frame_probe ID: 882 receives a frame at time 3.01732s ++++
++++ frame_probe ID: 883 receives a frame at time 3.01735s ++++
++++ frame_probe ID: 884 receives a frame at time 3.01737s ++++
++++ frame_probe ID: 890 receives a frame at time 3.0174s ++++
* timeout ID: 10 timeout timer is expired at time 3.21618 s.  timeout duration is: 200 [ms]
++++ frame_probe ID: 1050 receives a frame at time 3.21633s ++++
++++ frame_probe ID: 1060 receives a frame at time +++ timeout ID: 10 start timeout +++3.25683s ++++
timeout timer start time: 3.25688
++++ frame_probe ID: 882 receives a frame at time 3.26694s ++++
++++ frame_probe ID: 883 receives a frame at time 3.26697s ++++
++++ frame_probe ID: 884 receives a frame at time 3.26701s ++++
++++ frame_probe ID: 890 receives a frame at time 3.26703s ++++
* timeout ID: 10 timeout timer is expired at time 3.45798 s.  timeout duration is: 200 [ms]
++++ frame_probe ID: 1060 receives a frame at time +++ timeout ID: 10 start timeout +++3.49858s ++++
timeout timer start time: 3.49866
INFO: Detected an invalid packet at item 704
INFO: Parser returned #f
++++ frame_probe ID: 882 receives a frame at time 3.50647s ++++
++++ frame_probe ID: 883 receives a frame at time 3.5065s ++++
++++ frame_probe ID: 884 receives a frame at time 3.50654s ++++
++++ frame_probe ID: 890 receives a frame at time 3.50656s ++++
* timeout ID: 10 timeout timer is expired at time 3.70029 s.  timeout duration is: 200 [ms]
++++ frame_probe ID: 1060 receives a frame at time +++ timeout ID: 10 start timeout +++3.7409s ++++
timeout timer start time: 3.74093
INFO: Detected an invalid packet at item 736
INFO: Parser returned #f
++++ frame_probe ID: 882 receives a frame at time 3.74703s ++++
++++ frame_probe ID: 883 receives a frame at time 3.74707s ++++
++++ frame_probe ID: 884 receives a frame at time 3.7471s ++++
++++ frame_probe ID: 890 receives a frame at time 3.74713s ++++
measurement 1/2 complete in 11 second(s).
* timeout ID: 10 timeout timer is expired at time 3.94239 s.  timeout duration is: 200 [ms]
++++ frame_probe ID: 1060 receives a frame at time +++ timeout ID: 10 start timeout +++3.983s ++++
timeout timer start time: 3.98305
++++ frame_probe ID: 882 receives a frame at time 3.98679s ++++
++++ frame_probe ID: 883 receives a frame at time 3.98684s ++++
++++ frame_probe ID: 884 receives a frame at time 3.98686s ++++
++++ frame_probe ID: 890 receives a frame at time 3.98691s ++++
INFO: Detected an invalid packet at item 768
INFO: Parser returned #f
* timeout ID: 10 timeout timer is expired at time 4.18498 s.  timeout duration is: 200 [ms]
++++ frame_probe ID: 1060 receives a frame at time +++ timeout ID: 10 start timeout +++4.22565s ++++
timeout timer start time: 4.22576
INFO: Detected an invalid packet at item 800
INFO: Parser returned #f
++++ frame_probe ID: 882 receives a frame at time 4.23613s ++++
++++ frame_probe ID: 883 receives a frame at time 4.23618s ++++
++++ frame_probe ID: 884 receives a frame at time 4.23624s ++++
++++ frame_probe ID: 890 receives a frame at time 4.23627s ++++
* timeout ID: 10 timeout timer is expired at time 4.42716 s.  timeout duration is: 200 [ms]
++++ frame_probe ID: 1050 receives a frame at time 4.42731s ++++
++++ frame_probe ID: 1060 receives a frame at time +++ timeout ID: 10 start timeout +++4.46785s ++++
timeout timer start time: 4.46789
INFO: Detected an invalid packet at item 832
INFO: Parser returned #f
++++ frame_probe ID: 882 receives a frame at time 4.47595s ++++
++++ frame_probe ID: 884 receives a frame at time ++++ frame_probe ID: 883 receives a frame at time 4.47603s ++++
4.47602s ++++
++++ frame_probe ID: 890 receives a frame at time 4.47609s ++++
* timeout ID: 10 timeout timer is expired at time 4.66919 s.  timeout duration is: 200 [ms]
+++ timeout ID: ++++ frame_probe ID: 106010 receives a frame at time  start timeout +++4.71009s ++++
timeout timer start time: 4.71013
INFO: Detected an invalid packet at item 864
INFO: Parser returned #f
++++ frame_probe ID: 882 receives a frame at time 4.71533s ++++
++++ frame_probe ID: 883 receives a frame at time 4.71537s ++++
++++ frame_probe ID: 884 receives a frame at time 4.7154s ++++
++++ frame_probe ID: 890 receives a frame at time 4.71542s ++++
measurement 1/2 complete in 10 second(s).
* timeout ID: 10 timeout timer is expired at time 4.91145 s.  timeout duration is: 200 [ms]
++++ frame_probe ID: +++ timeout ID: 1060 receives a frame at time 10 start timeout +++4.95226s ++++
timeout timer start time: 4.95228
++++ frame_probe ID: 882 receives a frame at time 4.95578s ++++
++++ frame_probe ID: 883 receives a frame at time 4.95581s ++++
++++ frame_probe ID: 884 receives a frame at time 4.95584s ++++
++++ frame_probe ID: 890 receives a frame at time 4.95587s ++++
INFO: Detected an invalid packet at item 896
INFO: Parser returned #f
* timeout ID: 10 timeout timer is expired at time 5.15382 s.  timeout duration is: 200 [ms]
++++ frame_probe ID: 1060 receives a frame at time +++ timeout ID: 10 start timeout +++5.19453s ++++
timeout timer start time: 5.19456
INFO: Detected an invalid packet at item 928
INFO: Parser returned #f
++++ frame_probe ID: 882 receives a frame at time 5.20533s ++++
++++ frame_probe ID: 883 receives a frame at time 5.20536s ++++
++++ frame_probe ID: 884 receives a frame at time 5.20538s ++++
++++ frame_probe ID: 890 receives a frame at time 5.20542s ++++
* timeout ID: 10 timeout timer is expired at time 5.39619 s.  timeout duration is: 200 [ms]
++++ frame_probe ID: +++ timeout ID: 1060 receives a frame at time 10 start timeout +++5.43682s ++++
timeout timer start time: 5.43687
INFO: Detected an invalid packet at item 960
INFO: Parser returned #f
++++ frame_probe ID: 882 receives a frame at time 5.4449s ++++
++++ frame_probe ID: 883 receives a frame at time 5.44493s ++++
++++ frame_probe ID: 884 receives a frame at time 5.44496s ++++
++++ frame_probe ID: 890 receives a frame at time 5.44499s ++++
* timeout ID: 10 timeout timer is expired at time 5.63821 s.  timeout duration is: 200 [ms]
++++ frame_probe ID: 1050 receives a frame at time 5.63841s ++++
+++ timeout ID: ++++ frame_probe ID: 101060 start timeout +++ receives a frame at time 5.67895s ++++
timeout timer start time: 5.67898
++++ frame_probe ID: 882 receives a frame at time 5.68453s ++++
++++ frame_probe ID: 883 receives a frame at time 5.68457s ++++
++++ frame_probe ID: 884 receives a frame at time 5.68459s ++++
++++ frame_probe ID: 890 receives a frame at time 5.68463s ++++
measurement 1/2 complete in 9 second(s).
* timeout ID: 10 timeout timer is expired at time 5.88026 s.  timeout duration is: 200 [ms]
++++ frame_probe ID: +++ timeout ID: 101060 start timeout +++ receives a frame at time 5.92092s ++++
timeout timer start time: 5.92095
INFO: Detected an invalid packet at item 992
INFO: Parser returned #f
++++ frame_probe ID: 882 receives a frame at time 5.92497s ++++
++++ frame_probe ID: 883 receives a frame at time 5.925s ++++
++++ frame_probe ID: 884 receives a frame at time 5.92503s ++++
++++ frame_probe ID: 890 receives a frame at time 5.92507s ++++
* timeout ID: 10 timeout timer is expired at time 6.12225 s.  timeout duration is: 200 [ms]
++++ frame_probe ID: 1060 receives a frame at time +++ timeout ID: 10 start timeout +++6.16334s ++++
timeout timer start time: 6.16337
INFO: Detected an invalid packet at item 1024
INFO: Parser returned #f
++++ frame_probe ID: 882 receives a frame at time 6.17458s ++++
++++ frame_probe ID: 883 receives a frame at time 6.17461s ++++
++++ frame_probe ID: 884 receives a frame at time 6.17464s ++++
++++ frame_probe ID: 890 receives a frame at time 6.17469s ++++
* timeout ID: 10 timeout timer is expired at time 6.36447 s.  timeout duration is: 200 [ms]
+++ timeout ID: 10 start timeout +++++++ frame_probe ID: 1060 receives a frame at time timeout timer start time: 6.4051s ++++
6.40511
INFO: Detected an invalid packet at item 1056
INFO: Parser returned #f
++++ frame_probe ID: 882 receives a frame at time 6.41412s ++++
++++ frame_probe ID: 883 receives a frame at time 6.41416s ++++
++++ frame_probe ID: 884 receives a frame at time 6.41418s ++++
++++ frame_probe ID: 890 receives a frame at time 6.4142s ++++
* timeout ID: 10 timeout timer is expired at time 6.6065 s.  timeout duration is: 200 [ms]
++++ frame_probe ID: 1060 receives a frame at time +++ timeout ID: 10 start timeout +++6.64723s ++++
timeout timer start time: 6.64726
++++ frame_probe ID: 882 receives a frame at time 6.6546s ++++
++++ frame_probe ID: 883 receives a frame at time 6.65465s ++++
++++ frame_probe ID: 884 receives a frame at time 6.65468s ++++
++++ frame_probe ID: 890 receives a frame at time 6.6547s ++++
measurement 1/2 complete in 8 second(s).
* timeout ID: 10 timeout timer is expired at time 6.8483 s.  timeout duration is: 200 [ms]
++++ frame_probe ID: 1050 receives a frame at time 6.84844s ++++
+++ timeout ID: 10 start timeout +++++++ frame_probe ID: 1060 receives a frame at time timeout timer start time: 6.88899s ++++
6.88902
++++ frame_probe ID: 882 receives a frame at time 6.89419s ++++
++++ frame_probe ID: 884 receives a frame at time ++++ frame_probe ID: 6.89426883 receives a frame at time s ++++
6.89427s ++++
++++ frame_probe ID: 890 receives a frame at time 6.89429s ++++
* timeout ID: 10 timeout timer is expired at time 7.09036 s.  timeout duration is: 200 [ms]
+++ timeout ID: ++++ frame_probe ID: 10 start timeout +++1060 receives a frame at time 7.13106timeout timer start time: s ++++
7.13109
++++ frame_probe ID: 882 receives a frame at time 7.13471s ++++
++++ frame_probe ID: 884 receives a frame at time ++++ frame_probe ID: 883 receives a frame at time 7.13479s ++++
7.1348s ++++
++++ frame_probe ID: 890 receives a frame at time 7.13482s ++++
* timeout ID: 10 timeout timer is expired at time 7.33265 s.  timeout duration is: 200 [ms]
+++ timeout ID: ++++ frame_probe ID: 1060 receives a frame at time 10 start timeout +++7.37329s ++++
timeout timer start time: 7.37331
INFO: Detected an invalid packet at item 1088
INFO: Parser returned #f
++++ frame_probe ID: 882 receives a frame at time 7.38425s ++++
++++ frame_probe ID: 883 receives a frame at time 7.38431s ++++
++++ frame_probe ID: 884 receives a frame at time 7.38431s ++++
++++ frame_probe ID: 890 receives a frame at time 7.38435s ++++
* timeout ID: 10 timeout timer is expired at time 7.57465 s.  timeout duration is: 200 [ms]
++++ frame_probe ID: +++ timeout ID: 1060 receives a frame at time 10 start timeout +++7.61539s ++++
timeout timer start time: 7.61542
INFO: Detected an invalid packet at item 1120
INFO: Parser returned #f
++++ frame_probe ID: 882 receives a frame at time 7.62386s ++++
++++ frame_probe ID: 883 receives a frame at time 7.62389s ++++
++++ frame_probe ID: 884 receives a frame at time 7.62393s ++++
++++ frame_probe ID: 890 receives a frame at time 7.62397s ++++
measurement 1/2 complete in 7 second(s).
* timeout ID: 10 timeout timer is expired at time 7.81677 s.  timeout duration is: 200 [ms]
++++ frame_probe ID: +++ timeout ID: 1060 receives a frame at time 10 start timeout +++7.8574s ++++
timeout timer start time: 7.85743
INFO: Detected an invalid packet at item 1152
INFO: Parser returned #f
++++ frame_probe ID: 882 receives a frame at time 7.86429s ++++
++++ frame_probe ID: 883 receives a frame at time 7.86433s ++++
++++ frame_probe ID: 884 receives a frame at time 7.86436s ++++
++++ frame_probe ID: 890 receives a frame at time 7.8644s ++++
* timeout ID: 10 timeout timer is expired at time 8.05881 s.  timeout duration is: 200 [ms]
++++ frame_probe ID: 1050 receives a frame at time 8.05895s ++++
++++ frame_probe ID: 1060 receives a frame at time +++ timeout ID: 10 start timeout +++8.09954s ++++
timeout timer start time: 8.09961
INFO: Detected an invalid packet at item 1184
INFO: Parser returned #f
++++ frame_probe ID: 882 receives a frame at time 8.10391s ++++
++++ frame_probe ID: 883 receives a frame at time 8.10395s ++++
++++ frame_probe ID: 884 receives a frame at time 8.10398s ++++
++++ frame_probe ID: 890 receives a frame at time 8.10403s ++++
* timeout ID: 10 timeout timer is expired at time 8.30069 s.  timeout duration is: 200 [ms]
+++ timeout ID: ++++ frame_probe ID: 101060 start timeout +++ receives a frame at time 8.34135s ++++
timeout timer start time: 8.34137
++++ frame_probe ID: 882 receives a frame at time 8.34444s ++++
++++ frame_probe ID: 883 receives a frame at time 8.34446s ++++
++++ frame_probe ID: 884 receives a frame at time 8.3445s ++++
++++ frame_probe ID: 890 receives a frame at time 8.34455s ++++
* timeout ID: 10 timeout timer is expired at time 8.5428 s.  timeout duration is: 200 [ms]
++++ frame_probe ID: +++ timeout ID: 1060 receives a frame at time 10 start timeout +++8.5836s ++++
timeout timer start time: 8.58363
INFO: Detected an invalid packet at item 1216
INFO: Parser returned #f
++++ frame_probe ID: 882 receives a frame at time 8.59394s ++++
++++ frame_probe ID: 883 receives a frame at time 8.59397s ++++
++++ frame_probe ID: 884 receives a frame at time 8.59401s ++++
++++ frame_probe ID: 890 receives a frame at time 8.59404s ++++
* timeout ID: 10 timeout timer is expired at time 8.78551 s.  timeout duration is: 200 [ms]
measurement 1/2 complete in 6 second(s).
++++ frame_probe ID: +++ timeout ID: 1060 receives a frame at time 10 start timeout +++8.82612s ++++
timeout timer start time: 8.82615
INFO: Detected an invalid packet at item 1248
INFO: Parser returned #f
++++ frame_probe ID: 882 receives a frame at time 8.83355s ++++
++++ frame_probe ID: 883 receives a frame at time 8.83361s ++++
++++ frame_probe ID: 884 receives a frame at time 8.83362s ++++
++++ frame_probe ID: 890 receives a frame at time 8.83367s ++++
* timeout ID: 10 timeout timer is expired at time 9.0277 s.  timeout duration is: 200 [ms]
+++ timeout ID: ++++ frame_probe ID: 106010 receives a frame at time  start timeout +++9.06841s ++++
timeout timer start time: 9.06843
INFO: Detected an invalid packet at item 1280
INFO: Parser returned #f
++++ frame_probe ID: 882 receives a frame at time 9.07407s ++++
++++ frame_probe ID: 884 receives a frame at time ++++ frame_probe ID: 883 receives a frame at time 9.07413s ++++
9.07413s ++++
++++ frame_probe ID: 890 receives a frame at time 9.07421s ++++
* timeout ID: 10 timeout timer is expired at time 9.27012 s.  timeout duration is: 200 [ms]
++++ frame_probe ID: 1050 receives a frame at time 9.27025s ++++
++++ frame_probe ID: +++ timeout ID: 106010 start timeout +++ receives a frame at time 9.31073s ++++
timeout timer start time: 9.31077
++++ frame_probe ID: 882 receives a frame at time 9.31363s ++++
++++ frame_probe ID: 883 receives a frame at time 9.31368s ++++
++++ frame_probe ID: 884 receives a frame at time 9.31371s ++++
++++ frame_probe ID: 890 receives a frame at time 9.31373s ++++
INFO: Detected an invalid packet at item 1312
INFO: Parser returned #f
* timeout ID: 10 timeout timer is expired at time 9.51286 s.  timeout duration is: 200 [ms]
++++ frame_probe ID: +++ timeout ID: 106010 start timeout +++ receives a frame at time 9.55358s ++++
timeout timer start time: 9.55362
INFO: Detected an invalid packet at item 1344
INFO: Parser returned #f
++++ frame_probe ID: 882 receives a frame at time 9.5632s ++++
++++ frame_probe ID: 883 receives a frame at time 9.56325s ++++
++++ frame_probe ID: 884 receives a frame at time 9.56328s ++++
++++ frame_probe ID: 890 receives a frame at time 9.56331s ++++
* timeout ID: 10 timeout timer is expired at time 9.75503 s.  timeout duration is: 200 [ms]
measurement 1/2 complete in 5 second(s).
++++ frame_probe ID: +++ timeout ID: 106010 receives a frame at time  start timeout +++9.79567s ++++
timeout timer start time: 9.7957
INFO: Detected an invalid packet at item 1376
INFO: Parser returned #f
++++ frame_probe ID: 882 receives a frame at time 9.80367s ++++
++++ frame_probe ID: 883 receives a frame at time 9.80369s ++++
++++ frame_probe ID: 884 receives a frame at time 9.80373s ++++
++++ frame_probe ID: 890 receives a frame at time 9.80376s ++++
* timeout ID: 10 timeout timer is expired at time 9.99723 s.  timeout duration is: 200 [ms]
++++ frame_probe ID: +++ timeout ID: 106010 start timeout +++ receives a frame at time 10.0378s ++++
timeout timer start time: 10.0379
INFO: Detected an invalid packet at item 1408
INFO: Parser returned #f
++++ frame_probe ID: 882 receives a frame at time 10.0432s ++++
++++ frame_probe ID: 883 receives a frame at time 10.0432s ++++
++++ frame_probe ID: 884 receives a frame at time 10.0433s ++++
++++ frame_probe ID: 890 receives a frame at time 10.0433s ++++
* timeout ID: 10 timeout timer is expired at time 10.2396 s.  timeout duration is: 200 [ms]
++++ frame_probe ID: +++ timeout ID: 106010 receives a frame at time  start timeout +++10.2802s ++++
timeout timer start time: 10.2802
++++ frame_probe ID: 882 receives a frame at time 10.2829s ++++
++++ frame_probe ID: 883 receives a frame at time 10.2829s ++++
++++ frame_probe ID: 884 receives a frame at time 10.283s ++++
++++ frame_probe ID: 890 receives a frame at time 10.283s ++++
* timeout ID: 10 timeout timer is expired at time 10.4823 s.  timeout duration is: 200 [ms]
++++ frame_probe ID: 1050 receives a frame at time 10.4824s ++++
++++ frame_probe ID: +++ timeout ID: 1060 receives a frame at time 10 start timeout +++10.523s ++++
timeout timer start time: 10.523
INFO: Detected an invalid packet at item 1440
INFO: Parser returned #f
++++ frame_probe ID: 882 receives a frame at time 10.5333s ++++
++++ frame_probe ID: 883 receives a frame at time 10.5333s ++++
++++ frame_probe ID: 884 receives a frame at time 10.5334s ++++
++++ frame_probe ID: 890 receives a frame at time 10.5334s ++++
* timeout ID: 10 timeout timer is expired at time 10.7245 s.  timeout duration is: 200 [ms]
++++ frame_probe ID: 1060 receives a frame at time +++ timeout ID: 10 start timeout +++10.7652s ++++
timeout timer start time: 10.7652
INFO: Detected an invalid packet at item 1472
INFO: Parser returned #f
++++ frame_probe ID: 882 receives a frame at time 10.7729s ++++
++++ frame_probe ID: 883 receives a frame at time 10.7729s ++++
++++ frame_probe ID: 884 receives a frame at time 10.7729s ++++
++++ frame_probe ID: 890 receives a frame at time 10.773s ++++
measurement 1/2 complete in 4 second(s).
* timeout ID: 10 timeout timer is expired at time 10.9672 s.  timeout duration is: 200 [ms]
+++ timeout ID: ++++ frame_probe ID: 106010 receives a frame at time  start timeout +++11.0079s ++++
timeout timer start time: 11.0079
++++ frame_probe ID: 882 receives a frame at time 11.0124s ++++
++++ frame_probe ID: 883 receives a frame at time 11.0125s ++++
++++ frame_probe ID: 884 receives a frame at time 11.0125s ++++
++++ frame_probe ID: 890 receives a frame at time 11.0125s ++++
* timeout ID: 10 timeout timer is expired at time 11.2093 s.  timeout duration is: 200 [ms]
++++ frame_probe ID: +++ timeout ID: 1060 receives a frame at time 10 start timeout +++11.25s ++++
timeout timer start time: 11.25
++++ frame_probe ID: 882 receives a frame at time 11.253s ++++
++++ frame_probe ID: 883 receives a frame at time 11.253s ++++
++++ frame_probe ID: 884 receives a frame at time 11.253s ++++
++++ frame_probe ID: 890 receives a frame at time 11.253s ++++
INFO: Detected an invalid packet at item 1504
INFO: Parser returned #f
* timeout ID: 10 timeout timer is expired at time 11.4512 s.  timeout duration is: 200 [ms]
++++ frame_probe ID: +++ timeout ID: 1060 receives a frame at time 10 start timeout +++11.4918s ++++
timeout timer start time: 11.4919
INFO: Detected an invalid packet at item 1536
INFO: Parser returned #f
++++ frame_probe ID: 882 receives a frame at time ++++ frame_probe ID: 883 receives a frame at time 11.5025s ++++
11.5026s ++++
++++ frame_probe ID: 884 receives a frame at time 11.5026s ++++
++++ frame_probe ID: 890 receives a frame at time 11.5026s ++++
* timeout ID: 10 timeout timer is expired at time 11.6933 s.  timeout duration is: 200 [ms]
++++ frame_probe ID: 1050 receives a frame at time 11.6935s ++++
++++ frame_probe ID: 1060 receives a frame at time +++ timeout ID: 10 start timeout +++11.7341s ++++
timeout timer start time: 11.7341
++++ frame_probe ID: 882 receives a frame at time 11.7421s ++++
++++ frame_probe ID: 883 receives a frame at time 11.7421s ++++
++++ frame_probe ID: 884 receives a frame at time 11.7422s ++++
++++ frame_probe ID: 890 receives a frame at time 11.7422s ++++
measurement 1/2 complete in 3 second(s).
* timeout ID: 10 timeout timer is expired at time 11.9362 s.  timeout duration is: 200 [ms]
++++ frame_probe ID: 1060 receives a frame at time +++ timeout ID: 10 start timeout +++11.9769s ++++
timeout timer start time: 11.9769
INFO: Detected an invalid packet at item 1568
INFO: Parser returned #f
++++ frame_probe ID: 882 receives a frame at time 11.9826s ++++
++++ frame_probe ID: 883 receives a frame at time 11.9826s ++++
++++ frame_probe ID: 884 receives a frame at time 11.9827s ++++
++++ frame_probe ID: 890 receives a frame at time 11.9827s ++++
* timeout ID: 10 timeout timer is expired at time 12.1783 s.  timeout duration is: 200 [ms]
++++ frame_probe ID: 1060 receives a frame at time +++ timeout ID: 10 start timeout +++12.2189s ++++
timeout timer start time: 12.219
++++ frame_probe ID: 882 receives a frame at time 12.2222s ++++
++++ frame_probe ID: 883 receives a frame at time 12.2223s ++++
++++ frame_probe ID: 884 receives a frame at time 12.2223s ++++
++++ frame_probe ID: 890 receives a frame at time 12.2224s ++++
INFO: Detected an invalid packet at item 1600
INFO: Parser returned #f
* timeout ID: 10 timeout timer is expired at time 12.4202 s.  timeout duration is: 200 [ms]
++++ frame_probe ID: 1060 receives a frame at time 12.4609s +++++++ timeout ID: 
10 start timeout +++timeout timer start time: 12.4609
INFO: Detected an invalid packet at item 1632
INFO: Parser returned #f
++++ frame_probe ID: 882 receives a frame at time 12.4717s ++++
++++ frame_probe ID: 883 receives a frame at time 12.4717s ++++
++++ frame_probe ID: 884 receives a frame at time 12.4718s ++++
++++ frame_probe ID: 890 receives a frame at time 12.4719s ++++
* timeout ID: 10 timeout timer is expired at time 12.6622 s.  timeout duration is: 200 [ms]
++++ frame_probe ID: +++ timeout ID: 106010 start timeout +++ receives a frame at time 12.7028s ++++
timeout timer start time: 12.7029
++++ frame_probe ID: 882 receives a frame at time 12.7122s ++++
++++ frame_probe ID: 883 receives a frame at time 12.7123s ++++
++++ frame_probe ID: 884 receives a frame at time 12.7123s ++++
++++ frame_probe ID: 890 receives a frame at time 12.7123s ++++
measurement 1/2 complete in 2 second(s).
* timeout ID: 10 timeout timer is expired at time 12.9045 s.  timeout duration is: 200 [ms]
++++ frame_probe ID: 1050 receives a frame at time 12.9046s ++++
+++ timeout ID: ++++ frame_probe ID: 10 start timeout +++1060 receives a frame at time 12.9451s ++++
timeout timer start time: 12.9451
++++ frame_probe ID: 882 receives a frame at time 12.9518s ++++
++++ frame_probe ID: 883 receives a frame at time 12.9518s ++++
++++ frame_probe ID: 884 receives a frame at time 12.9519s ++++
++++ frame_probe ID: 890 receives a frame at time 12.9519s ++++
* timeout ID: 10 timeout timer is expired at time 13.1467 s.  timeout duration is: 200 [ms]
+++ timeout ID: ++++ frame_probe ID: 10 start timeout +++1060 receives a frame at time 13.1873s ++++
timeout timer start time: 13.1874
INFO: Detected an invalid packet at item 1664
INFO: Parser returned #f
++++ frame_probe ID: 882 receives a frame at time 13.1923s ++++
++++ frame_probe ID: 883 receives a frame at time 13.1923s ++++
++++ frame_probe ID: 884 receives a frame at time 13.1923s ++++
++++ frame_probe ID: 890 receives a frame at time 13.1924s ++++
* timeout ID: 10 timeout timer is expired at time 13.3886 s.  timeout duration is: 200 [ms]
++++ frame_probe ID: +++ timeout ID: 106010 receives a frame at time  start timeout +++13.4292s ++++
timeout timer start time: 13.4292
++++ frame_probe ID: 882 receives a frame at time 13.4319s ++++
++++ frame_probe ID: 883 receives a frame at time 13.4319s ++++
++++ frame_probe ID: 884 receives a frame at time 13.432s ++++
++++ frame_probe ID: 890 receives a frame at time 13.432s ++++
INFO: Detected an invalid packet at item 1696
INFO: Parser returned #f
* timeout ID: 10 timeout timer is expired at time 13.6305 s.  timeout duration is: 200 [ms]
++++ frame_probe ID: +++ timeout ID: 106010 start timeout +++ receives a frame at time 13.6711s ++++
timeout timer start time: 13.6711
INFO: Detected an invalid packet at item 1728
INFO: Parser returned #f
++++ frame_probe ID: 882 receives a frame at time 13.6814s ++++
++++ frame_probe ID: 883 receives a frame at time 13.6815s ++++
++++ frame_probe ID: 884 receives a frame at time 13.6815s ++++
++++ frame_probe ID: 890 receives a frame at time 13.6815s ++++
measurement 1/2 complete in 1 second(s).
* timeout ID: 10 timeout timer is expired at time 13.8728 s.  timeout duration is: 200 [ms]
+++ timeout ID: ++++ frame_probe ID: 106010 receives a frame at time  start timeout +++13.9134s ++++
timeout timer start time: 13.9134
INFO: Detected an invalid packet at item 1760
INFO: Parser returned #f
++++ frame_probe ID: 882 receives a frame at time 13.9219s ++++
++++ frame_probe ID: 883 receives a frame at time 13.922s ++++
++++ frame_probe ID: 884 receives a frame at time 13.922s ++++
++++ frame_probe ID: 890 receives a frame at time 13.922s ++++
* timeout ID: 10 timeout timer is expired at time 14.1145 s.  timeout duration is: 200 [ms]
++++ frame_probe ID: 1050 receives a frame at time 14.1146s ++++
+++ timeout ID: 10 start timeout +++++++ frame_probe ID: 1060 receives a frame at time 14.1551s ++++
timeout timer start time: 14.1552
INFO: Detected an invalid packet at item 1792
INFO: Parser returned #f
++++ frame_probe ID: 882 receives a frame at time 14.1615s ++++
++++ frame_probe ID: 883 receives a frame at time 14.1615s ++++
++++ frame_probe ID: 884 receives a frame at time 14.1616s ++++
++++ frame_probe ID: 890 receives a frame at time 14.1616s ++++
* timeout ID: 10 timeout timer is expired at time 14.3564 s.  timeout duration is: 200 [ms]
++++ frame_probe ID: 1060 receives a frame at time +++ timeout ID: 10 start timeout +++14.3971s ++++
timeout timer start time: 14.3971
INFO: Detected an invalid packet at item 1824
INFO: Parser returned #f
++++ frame_probe ID: 882 receives a frame at time 14.4011s ++++
++++ frame_probe ID: 883 receives a frame at time 14.4011s ++++
++++ frame_probe ID: 884 receives a frame at time 14.4012s ++++
++++ frame_probe ID: 890 receives a frame at time 14.4012s ++++
* timeout ID: 10 timeout timer is expired at time 14.5986 s.  timeout duration is: 200 [ms]
++++ frame_probe ID: 1060 receives a frame at time +++ timeout ID: 10 start timeout +++14.6392s ++++
timeout timer start time: 14.6392
INFO: Detected an invalid packet at item 1856
INFO: Parser returned #f
++++ frame_probe ID: 882 receives a frame at time 14.6506s ++++
++++ frame_probe ID: 883 receives a frame at time 14.6507s ++++
++++ frame_probe ID: 884 receives a frame at time 14.6507s ++++
++++ frame_probe ID: 890 receives a frame at time 14.6507s ++++
measurement 1 raw data directory created /home/inets/0_ba/bachelor_thesis/measurements/debug/data/95/1/.
regex pattern is: _________________________________
*_1.txt
/home/inets/source/gr-inets/results
receiver_data_received_1.txt receiver_frame_analyzed_1.txt receiver_frame_received_1.txt sender_bfr_dq_1.txt sender_data_sent_1.txt sender_frame_checked_good_1.txt sender_retransmissions_1.txt
'receiver_data_received_1.txt' -> '/home/inets/0_ba/bachelor_thesis/measurements/debug/data/95/1/receiver_data_received_1.txt'
'receiver_frame_analyzed_1.txt' -> '/home/inets/0_ba/bachelor_thesis/measurements/debug/data/95/1/receiver_frame_analyzed_1.txt'
'receiver_frame_received_1.txt' -> '/home/inets/0_ba/bachelor_thesis/measurements/debug/data/95/1/receiver_frame_received_1.txt'
'sender_bfr_dq_1.txt' -> '/home/inets/0_ba/bachelor_thesis/measurements/debug/data/95/1/sender_bfr_dq_1.txt'
'sender_data_sent_1.txt' -> '/home/inets/0_ba/bachelor_thesis/measurements/debug/data/95/1/sender_data_sent_1.txt'
'sender_frame_checked_good_1.txt' -> '/home/inets/0_ba/bachelor_thesis/measurements/debug/data/95/1/sender_frame_checked_good_1.txt'
'sender_retransmissions_1.txt' -> '/home/inets/0_ba/bachelor_thesis/measurements/debug/data/95/1/sender_retransmissions_1.txt'
measurement 1 raw data moved to /home/inets/0_ba/bachelor_thesis/measurements/debug/data/95/1/.

measurement 2/2 complete in 20 second(s).
linux; GNU C++ version 5.4.0 20160609; Boost_105800; UHD_003.009.005-45-g6768a615
linux; GNU C++ version 5.4.0 20160609; Boost_105800; UHD_003.009.005-45-g6768a615


Using Volk machine: avx_64_mmx
develop_mode of timeout ID: 10 is activated.
Using Volk machine: avx_64_mmx
-- Opening a USRP2/N-Series device...
-- Opening a USRP2/N-Series device...
-- Current recv frame size: 1472 bytes
-- Current send frame size: 1472 bytes
-- Current recv frame size: 1472 bytes
-- Current send frame size: 1472 bytes
measurement 2/2 complete in 19 second(s).
develop_mode of general_timer ID: 1 is activated.
measurement 2/2 complete in 18 second(s).
node starts running at 17.1421
general_timer 1 is triggered at time 17.1422 s
timer start time: 17.1423
++++ frame_probe ID: 1050 receives a frame at time 17.3364s ++++
++++ frame_probe ID: 1060 receives a frame at time 17.3772s ++++
+++ timeout ID: 10 start timeout +++timeout timer start time: 17.3773
INFO: Detected an invalid packet at item 0
INFO: Parser returned #f
++++ frame_probe ID: 882 receives a frame at time 17.3836s ++++
++++ frame_probe ID: 883 receives a frame at time 17.3836s ++++
++++ frame_probe ID: 884 receives a frame at time 17.3836s ++++
++++ frame_probe ID: 890 receives a frame at time 17.3837s ++++
* timeout ID: 10 timeout timer is expired at time 17.5789 s.  timeout duration is: 200 [ms]
++++ frame_probe ID: 1060 receives a frame at time 17.6197s ++++
+++ timeout ID: 10 start timeout +++timeout timer start time: 17.6197
++++ frame_probe ID: 882 receives a frame at time 17.624s ++++
++++ frame_probe ID: 884 receives a frame at time 17.6241s ++++
++++ frame_probe ID: 883 receives a frame at time ++++ frame_probe ID: 890 receives a frame at time 17.6241s ++++
17.6241s ++++
INFO: Detected an invalid packet at item 32
INFO: Parser returned #f
measurement 2/2 complete in 17 second(s).
* timeout ID: 10 timeout timer is expired at time 17.8208 s.  timeout duration is: 200 [ms]
++++ frame_probe ID: 1060 receives a frame at time +++ timeout ID: 10 start timeout +++17.8615s ++++
timeout timer start time: 17.8615
++++ frame_probe ID: 882 receives a frame at time 17.8635s ++++
++++ frame_probe ID: ++++ frame_probe ID: 883 receives a frame at time 884 receives a frame at time 17.8636s ++++
17.8636s ++++
++++ frame_probe ID: 890 receives a frame at time 17.8636s ++++
INFO: Detected an invalid packet at item 64
INFO: Parser returned #f
* timeout ID: 10 timeout timer is expired at time 18.0629 s.  timeout duration is: 200 [ms]
++++ frame_probe ID: 1060 receives a frame at time +++ timeout ID: 10 start timeout +++18.1037s ++++
timeout timer start time: 18.1037
INFO: Detected an invalid packet at item 96
INFO: Parser returned #f
++++ frame_probe ID: 882 receives a frame at time 18.1131s ++++
++++ frame_probe ID: 883 receives a frame at time 18.1131s ++++
++++ frame_probe ID: 884 receives a frame at time 18.1132s ++++
++++ frame_probe ID: 890 receives a frame at time 18.1132s ++++
* timeout ID: 10 timeout timer is expired at time 18.305 s.  timeout duration is: 200 [ms]
++++ frame_probe ID: 1060 receives a frame at time +++ timeout ID: 10 start timeout +++18.3457s ++++
timeout timer start time: 18.3457
INFO: Detected an invalid packet at item 128
INFO: Parser returned #f
++++ frame_probe ID: 882 receives a frame at time 18.3536s ++++
++++ frame_probe ID: 883 receives a frame at time 18.3537s ++++
++++ frame_probe ID: 884 receives a frame at time 18.3537s ++++
++++ frame_probe ID: 890 receives a frame at time 18.3538s ++++
* timeout ID: 10 timeout timer is expired at time 18.5473 s.  timeout duration is: 200 [ms]
++++ frame_probe ID: 1050 receives a frame at time 18.5474s ++++
++++ frame_probe ID: 1060 receives a frame at time +++ timeout ID: 10 start timeout +++18.5881s ++++
timeout timer start time: 18.5881
++++ frame_probe ID: 882 receives a frame at time 18.5932s ++++
++++ frame_probe ID: 883 receives a frame at time 18.5932s ++++
++++ frame_probe ID: 884 receives a frame at time 18.5933s ++++
++++ frame_probe ID: 890 receives a frame at time 18.5933s ++++
* timeout ID: 10 timeout timer is expired at time 18.7902 s.  timeout duration is: 200 [ms]
measurement 2/2 complete in 16 second(s).
++++ frame_probe ID: 1060 receives a frame at time +++ timeout ID: 10 start timeout +++18.8309s ++++
timeout timer start time: 18.831
++++ frame_probe ID: 882 receives a frame at time 18.8336s ++++
++++ frame_probe ID: 884 receives a frame at time ++++ frame_probe ID: 883 receives a frame at time 18.8337s ++++
18.8337s ++++
++++ frame_probe ID: 890 receives a frame at time 18.8337s ++++
* timeout ID: 10 timeout timer is expired at time 19.0323 s.  timeout duration is: 200 [ms]
++++ frame_probe ID: 1060 receives a frame at time +++ timeout ID: 10 start timeout +++19.0731s ++++
timeout timer start time: 19.0731
++++ frame_probe ID: 882 receives a frame at time 19.0832s ++++
++++ frame_probe ID: 884 receives a frame at time ++++ frame_probe ID: 883 receives a frame at time 19.0833s ++++19.0833
s ++++
++++ frame_probe ID: 890 receives a frame at time 19.0833s ++++
* timeout ID: 10 timeout timer is expired at time 19.2747 s.  timeout duration is: 200 [ms]
++++ frame_probe ID: 1060 receives a frame at time +++ timeout ID: 10 start timeout +++19.3154s ++++
timeout timer start time: 19.3154
INFO: Detected an invalid packet at item 160
INFO: Parser returned #f
++++ frame_probe ID: 882 receives a frame at time 19.3228s ++++
++++ frame_probe ID: 883 receives a frame at time 19.3229s ++++
++++ frame_probe ID: 884 receives a frame at time 19.3229s ++++
++++ frame_probe ID: 890 receives a frame at time 19.323s ++++
* timeout ID: 10 timeout timer is expired at time 19.5166 s.  timeout duration is: 200 [ms]
++++ frame_probe ID: 1060 receives a frame at time 19.5572s ++++
+++ timeout ID: 10 start timeout +++timeout timer start time: 19.5573
INFO: Detected an invalid packet at item 192
INFO: Parser returned #f
++++ frame_probe ID: 882 receives a frame at time 19.5633s ++++
++++ frame_probe ID: 884 receives a frame at time ++++ frame_probe ID: 883 receives a frame at time 19.5634s ++++19.5634
s ++++
++++ frame_probe ID: 890 receives a frame at time 19.5634s ++++
* timeout ID: 10 timeout timer is expired at time 19.759 s.  timeout duration is: 200 [ms]
++++ frame_probe ID: 1050 receives a frame at time 19.7591s ++++
++++ frame_probe ID: 1060 receives a frame at time +++ timeout ID: 10 start timeout +++19.7997s ++++
timeout timer start time: 19.7997
++++ frame_probe ID: 882 receives a frame at time 19.8029s ++++
++++ frame_probe ID: 883 receives a frame at time 19.8029s ++++
++++ frame_probe ID: 884 receives a frame at time 19.803s ++++
++++ frame_probe ID: 890 receives a frame at time 19.803s ++++
measurement 2/2 complete in 15 second(s).
INFO: Detected an invalid packet at item 224
INFO: Parser returned #f
* timeout ID: 10 timeout timer is expired at time 20.0013 s.  timeout duration is: 200 [ms]
++++ frame_probe ID: 1060 receives a frame at time +++ timeout ID: 10 start timeout +++20.042s ++++
timeout timer start time: 20.042
INFO: Detected an invalid packet at item 256
INFO: Parser returned #f
++++ frame_probe ID: 882 receives a frame at time 20.0525s ++++
++++ frame_probe ID: 883 receives a frame at time 20.0525s ++++
++++ frame_probe ID: 884 receives a frame at time 20.0525s ++++
++++ frame_probe ID: 890 receives a frame at time 20.0526s ++++
* timeout ID: 10 timeout timer is expired at time 20.2434 s.  timeout duration is: 200 [ms]
++++ frame_probe ID: 1060 receives a frame at time +++ timeout ID: 10 start timeout +++20.2842s ++++
timeout timer start time: 20.2843
INFO: Detected an invalid packet at item 288
INFO: Parser returned #f
++++ frame_probe ID: 882 receives a frame at time 20.293s ++++
++++ frame_probe ID: 883 receives a frame at time 20.293s ++++
++++ frame_probe ID: 884 receives a frame at time 20.293s ++++
++++ frame_probe ID: 890 receives a frame at time 20.293s ++++
* timeout ID: 10 timeout timer is expired at time 20.4862 s.  timeout duration is: 200 [ms]
++++ frame_probe ID: 1060 receives a frame at time 20.5269s ++++
+++ timeout ID: 10 start timeout +++timeout timer start time: 20.527
INFO: Detected an invalid packet at item 320
INFO: Parser returned #f
++++ frame_probe ID: 882 receives a frame at time 20.5326s ++++
++++ frame_probe ID: 883 receives a frame at time 20.5326s ++++
++++ frame_probe ID: 884 receives a frame at time 20.5327s ++++
++++ frame_probe ID: 890 receives a frame at time 20.5327s ++++
* timeout ID: 10 timeout timer is expired at time 20.7283 s.  timeout duration is: 200 [ms]
++++ frame_probe ID: 1060 receives a frame at time 20.7691s +++++++ timeout ID: 
10 start timeout +++timeout timer start time: 20.7691
++++ frame_probe ID: 882 receives a frame at time 20.773s ++++
++++ frame_probe ID: 883 receives a frame at time 20.773s ++++
++++ frame_probe ID: 884 receives a frame at time 20.7731s ++++
++++ frame_probe ID: 890 receives a frame at time 20.7731s ++++
INFO: Detected an invalid packet at item 352
INFO: Parser returned #f
measurement 2/2 complete in 14 second(s).
* timeout ID: 10 timeout timer is expired at time 20.9706 s.  timeout duration is: 200 [ms]
++++ frame_probe ID: 1050 receives a frame at time 20.9708s ++++
++++ frame_probe ID: 1060 receives a frame at time +++ timeout ID: 10 start timeout +++21.0114s ++++
timeout timer start time: 21.0114
INFO: Detected an invalid packet at item 384
INFO: Parser returned #f
++++ frame_probe ID: 882 receives a frame at time 21.0226s ++++
++++ frame_probe ID: 883 receives a frame at time 21.0226s ++++
++++ frame_probe ID: 884 receives a frame at time 21.0226s ++++
++++ frame_probe ID: 890 receives a frame at time 21.0227s ++++
* timeout ID: 10 timeout timer is expired at time 21.2135 s.  timeout duration is: 200 [ms]
++++ frame_probe ID: 1060 receives a frame at time +++ timeout ID: 10 start timeout +++21.2544s ++++
timeout timer start time: 21.2544
INFO: Detected an invalid packet at item 416
INFO: Parser returned #f
++++ frame_probe ID: 882 receives a frame at time 21.2622s ++++
++++ frame_probe ID: 883 receives a frame at time 21.2623s ++++
++++ frame_probe ID: 884 receives a frame at time 21.2623s ++++
++++ frame_probe ID: 890 receives a frame at time 21.2623s ++++
* timeout ID: 10 timeout timer is expired at time 21.4564 s.  timeout duration is: 200 [ms]
++++ frame_probe ID: 1060 receives a frame at time +++ timeout ID: 10 start timeout +++21.497s ++++
timeout timer start time: 21.4971
INFO: Detected an invalid packet at item 448
INFO: Parser returned #f
++++ frame_probe ID: 882 receives a frame at time 21.5018s ++++
++++ frame_probe ID: 883 receives a frame at time 21.5018s ++++
++++ frame_probe ID: 884 receives a frame at time 21.5019s ++++
++++ frame_probe ID: 890 receives a frame at time 21.5019s ++++
* timeout ID: 10 timeout timer is expired at time 21.6986 s.  timeout duration is: 200 [ms]
++++ frame_probe ID: 1060 receives a frame at time +++ timeout ID: 10 start timeout +++21.7393s ++++
timeout timer start time: 21.7393
++++ frame_probe ID: 882 receives a frame at time 21.7422s ++++
++++ frame_probe ID: 883 receives a frame at time 21.7423s ++++
++++ frame_probe ID: 884 receives a frame at time 21.7423s ++++
++++ frame_probe ID: 890 receives a frame at time 21.7423s ++++
INFO: Detected an invalid packet at item 480
INFO: Parser returned #f
measurement 2/2 complete in 13 second(s).
* timeout ID: 10 timeout timer is expired at time 21.9408 s.  timeout duration is: 200 [ms]
++++ frame_probe ID: 1060 receives a frame at time +++ timeout ID: 10 start timeout +++21.9815s ++++
timeout timer start time: 21.9816
INFO: Detected an invalid packet at item 512
INFO: Parser returned #f
++++ frame_probe ID: 882 receives a frame at time 21.9919s ++++
++++ frame_probe ID: 883 receives a frame at time 21.9919s ++++
++++ frame_probe ID: 884 receives a frame at time 21.9919s ++++
++++ frame_probe ID: 890 receives a frame at time 21.992s ++++
* timeout ID: 10 timeout timer is expired at time 22.1829 s.  timeout duration is: 200 [ms]
++++ frame_probe ID: 1050 receives a frame at time 22.1831s ++++
++++ frame_probe ID: 1060 receives a frame at time 22.2237s ++++
+++ timeout ID: 10 start timeout +++timeout timer start time: 22.2237
INFO: Detected an invalid packet at item 544
INFO: Parser returned #f
++++ frame_probe ID: 882 receives a frame at time 22.2314s ++++
++++ frame_probe ID: 883 receives a frame at time 22.2314s ++++
++++ frame_probe ID: 884 receives a frame at time 22.2315s ++++
++++ frame_probe ID: 890 receives a frame at time 22.2315s ++++
* timeout ID: 10 timeout timer is expired at time 22.4249 s.  timeout duration is: 200 [ms]
++++ frame_probe ID: 1060 receives a frame at time +++ timeout ID: 10 start timeout +++22.4655s ++++
timeout timer start time: 22.4656
++++ frame_probe ID: 882 receives a frame at time 22.471s ++++
++++ frame_probe ID: 883 receives a frame at time 22.471s ++++
++++ frame_probe ID: 884 receives a frame at time 22.4711s ++++
++++ frame_probe ID: 890 receives a frame at time 22.4711s ++++
* timeout ID: 10 timeout timer is expired at time 22.667 s.  timeout duration is: 200 [ms]
++++ frame_probe ID: 1060 receives a frame at time 22.7077s ++++
+++ timeout ID: 10 start timeout +++timeout timer start time: 22.7078
++++ frame_probe ID: 882 receives a frame at time 22.7115s ++++
++++ frame_probe ID: 883 receives a frame at time 22.7115s ++++
++++ frame_probe ID: 884 receives a frame at time 22.7116s ++++
++++ frame_probe ID: 890 receives a frame at time 22.7116s ++++
INFO: Detected an invalid packet at item 576
INFO: Parser returned #f
measurement 2/2 complete in 12 second(s).
* timeout ID: 10 timeout timer is expired at time 22.9093 s.  timeout duration is: 200 [ms]
++++ frame_probe ID: 1060 receives a frame at time +++ timeout ID: 10 start timeout +++22.95s ++++
timeout timer start time: 22.95
++++ frame_probe ID: 882 receives a frame at time 22.961s ++++
++++ frame_probe ID: 883 receives a frame at time 22.9611s ++++
++++ frame_probe ID: 884 receives a frame at time 22.9611s ++++
++++ frame_probe ID: 890 receives a frame at time 22.9611s ++++
* timeout ID: 10 timeout timer is expired at time 23.1519 s.  timeout duration is: 200 [ms]
++++ frame_probe ID: 1060 receives a frame at time +++ timeout ID: 10 start timeout +++23.1926s ++++
timeout timer start time: 23.1927
INFO: Detected an invalid packet at item 608
INFO: Parser returned #f
++++ frame_probe ID: 882 receives a frame at time 23.2006s ++++
++++ frame_probe ID: 883 receives a frame at time 23.2007s ++++
++++ frame_probe ID: 884 receives a frame at time 23.2007s ++++
++++ frame_probe ID: 890 receives a frame at time 23.2007s ++++
* timeout ID: 10 timeout timer is expired at time 23.3938 s.  timeout duration is: 200 [ms]
++++ frame_probe ID: 1050 receives a frame at time 23.394s ++++
++++ frame_probe ID: 1060 receives a frame at time +++ timeout ID: 10 start timeout +++23.4346s ++++
timeout timer start time: 23.4347
INFO: Detected an invalid packet at item 640
INFO: Parser returned #f
++++ frame_probe ID: 882 receives a frame at time 23.4411s ++++
++++ frame_probe ID: 883 receives a frame at time 23.4412s ++++
++++ frame_probe ID: 884 receives a frame at time 23.4412s ++++
++++ frame_probe ID: 890 receives a frame at time 23.4412s ++++
* timeout ID: 10 timeout timer is expired at time 23.6358 s.  timeout duration is: 200 [ms]
++++ frame_probe ID: 1060 receives a frame at time +++ timeout ID: 10 start timeout +++23.6765s ++++
timeout timer start time: 23.6765
INFO: Detected an invalid packet at item 672
INFO: Parser returned #f
++++ frame_probe ID: 882 receives a frame at time 23.6807s ++++
++++ frame_probe ID: 883 receives a frame at time 23.6807s ++++
++++ frame_probe ID: 884 receives a frame at time 23.6808s ++++
++++ frame_probe ID: 890 receives a frame at time 23.6808s ++++
measurement 2/2 complete in 11 second(s).
* timeout ID: 10 timeout timer is expired at time 23.878 s.  timeout duration is: 200 [ms]
+++ timeout ID: ++++ frame_probe ID: 101060 start timeout +++ receives a frame at time 23.9187s ++++
timeout timer start time: 23.9188
INFO: Detected an invalid packet at item 704
INFO: Parser returned #f
++++ frame_probe ID: 882 receives a frame at time 23.9303s ++++
++++ frame_probe ID: 883 receives a frame at time 23.9303s ++++
++++ frame_probe ID: 884 receives a frame at time 23.9303s ++++
++++ frame_probe ID: 890 receives a frame at time 23.9304s ++++
* timeout ID: 10 timeout timer is expired at time 24.1201 s.  timeout duration is: 200 [ms]
++++ frame_probe ID: 1060 receives a frame at time +++ timeout ID: 10 start timeout +++24.1608s ++++
timeout timer start time: 24.1608
INFO: Detected an invalid packet at item 736
INFO: Parser returned #f
++++ frame_probe ID: 882 receives a frame at time 24.1707s ++++
++++ frame_probe ID: 884 receives a frame at time 24.1708s ++++
++++ frame_probe ID: 890 receives a frame at time 24.1708s ++++
++++ frame_probe ID: 883 receives a frame at time 24.1709s ++++
* timeout ID: 10 timeout timer is expired at time 24.3626 s.  timeout duration is: 200 [ms]
++++ frame_probe ID: 1060 receives a frame at time +++ timeout ID: 10 start timeout +++24.4034s ++++
timeout timer start time: 24.4035
INFO: Detected an invalid packet at item 768
INFO: Parser returned #f
++++ frame_probe ID: 882 receives a frame at time 24.4104s ++++
++++ frame_probe ID: 883 receives a frame at time 24.4104s ++++
++++ frame_probe ID: 884 receives a frame at time 24.4104s ++++
++++ frame_probe ID: 890 receives a frame at time 24.4104s ++++
* timeout ID: 10 timeout timer is expired at time 24.6049 s.  timeout duration is: 200 [ms]
++++ frame_probe ID: 1050 receives a frame at time 24.6051s ++++
++++ frame_probe ID: 1060 receives a frame at time +++ timeout ID: 10 start timeout +++24.6457s ++++
timeout timer start time: 24.6457
INFO: Detected an invalid packet at item 800
INFO: Parser returned #f
++++ frame_probe ID: 882 receives a frame at time 24.6508s ++++
++++ frame_probe ID: 883 receives a frame at time 24.6508s ++++
++++ frame_probe ID: 884 receives a frame at time 24.6509s ++++
++++ frame_probe ID: 890 receives a frame at time 24.6509s ++++
measurement 2/2 complete in 10 second(s).
* timeout ID: 10 timeout timer is expired at time 24.8472 s.  timeout duration is: 200 [ms]
++++ frame_probe ID: 1060 receives a frame at time +++ timeout ID: 10 start timeout +++24.8881s ++++
timeout timer start time: 24.8881
++++ frame_probe ID: 882 receives a frame at time 24.8904s ++++
++++ frame_probe ID: 883 receives a frame at time 24.8904s ++++
++++ frame_probe ID: 884 receives a frame at time 24.8905s ++++
++++ frame_probe ID: 890 receives a frame at time 24.8906s ++++
INFO: Detected an invalid packet at item 832
INFO: Parser returned #f
* timeout ID: 10 timeout timer is expired at time 25.09 s.  timeout duration is: 200 [ms]
++++ frame_probe ID: 1060 receives a frame at time +++ timeout ID: 10 start timeout +++25.1307s ++++
timeout timer start time: 25.1308
++++ frame_probe ID: 882 receives a frame at time 25.14s ++++
++++ frame_probe ID: 883 receives a frame at time 25.14s ++++
++++ frame_probe ID: 884 receives a frame at time 25.14s ++++
++++ frame_probe ID: 890 receives a frame at time 25.1401s ++++
* timeout ID: 10 timeout timer is expired at time 25.3322 s.  timeout duration is: 200 [ms]
++++ frame_probe ID: 1060 receives a frame at time +++ timeout ID: 10 start timeout +++25.3729s ++++
timeout timer start time: 25.3729
INFO: Detected an invalid packet at item 864
INFO: Parser returned #f
++++ frame_probe ID: 882 receives a frame at time 25.3804s ++++
++++ frame_probe ID: 883 receives a frame at time 25.3805s ++++
++++ frame_probe ID: 884 receives a frame at time 25.3805s ++++
++++ frame_probe ID: 890 receives a frame at time 25.3806s ++++
* timeout ID: 10 timeout timer is expired at time 25.5748 s.  timeout duration is: 200 [ms]
++++ frame_probe ID: 1060 receives a frame at time +++ timeout ID: 10 start timeout +++25.6156s ++++
timeout timer start time: 25.6156
INFO: Detected an invalid packet at item 896
INFO: Parser returned #f
++++ frame_probe ID: 882 receives a frame at time 25.62s ++++
++++ frame_probe ID: 883 receives a frame at time 25.6201s ++++
++++ frame_probe ID: 884 receives a frame at time 25.6201s ++++
++++ frame_probe ID: 890 receives a frame at time 25.6201s ++++
measurement 2/2 complete in 9 second(s).
* timeout ID: 10 timeout timer is expired at time 25.8167 s.  timeout duration is: 200 [ms]
++++ frame_probe ID: 1050 receives a frame at time 25.8168s ++++
++++ frame_probe ID: 1060 receives a frame at time +++ timeout ID: 10 start timeout +++25.8574s ++++
timeout timer start time: 25.8575
++++ frame_probe ID: 882 receives a frame at time 25.8605s ++++
++++ frame_probe ID: 883 receives a frame at time 25.8605s ++++
++++ frame_probe ID: 884 receives a frame at time 25.8606s ++++
++++ frame_probe ID: 890 receives a frame at time 25.8606s ++++
INFO: Detected an invalid packet at item 928
INFO: Parser returned #f
* timeout ID: 10 timeout timer is expired at time 26.0585 s.  timeout duration is: 200 [ms]
++++ frame_probe ID: 1060 receives a frame at time 26.0994s ++++
+++ timeout ID: 10 start timeout +++timeout timer start time: 26.0995
INFO: Detected an invalid packet at item 960
INFO: Parser returned #f
++++ frame_probe ID: 882 receives a frame at time 26.11s ++++
++++ frame_probe ID: 883 receives a frame at time 26.1101s ++++
++++ frame_probe ID: 884 receives a frame at time 26.1101s ++++
++++ frame_probe ID: 890 receives a frame at time 26.1101s ++++
* timeout ID: 10 timeout timer is expired at time 26.3009 s.  timeout duration is: 200 [ms]
++++ frame_probe ID: 1060 receives a frame at time 26.3415s ++++
+++ timeout ID: 10 start timeout +++timeout timer start time: 26.3415
INFO: Detected an invalid packet at item 992
INFO: Parser returned #f
++++ frame_probe ID: 882 receives a frame at time 26.3496s ++++
++++ frame_probe ID: 883 receives a frame at time 26.3496s ++++
++++ frame_probe ID: 884 receives a frame at time 26.3497s ++++
++++ frame_probe ID: 890 receives a frame at time 26.3497s ++++
* timeout ID: 10 timeout timer is expired at time 26.5428 s.  timeout duration is: 200 [ms]
++++ frame_probe ID: 1060 receives a frame at time +++ timeout ID: 10 start timeout +++26.5835s ++++
timeout timer start time: 26.5835
INFO: Detected an invalid packet at item 1024
INFO: Parser returned #f
++++ frame_probe ID: 882 receives a frame at time 26.5892s ++++
++++ frame_probe ID: 884 receives a frame at time ++++ frame_probe ID: 883 receives a frame at time 26.5892s ++++
26.5892s ++++
++++ frame_probe ID: 890 receives a frame at time 26.5893s ++++
* timeout ID: 10 timeout timer is expired at time 26.7848 s.  timeout duration is: 200 [ms]
measurement 2/2 complete in 8 second(s).
++++ frame_probe ID: 1060 receives a frame at time +++ timeout ID: 10 start timeout +++26.8254s ++++
timeout timer start time: 26.8254
++++ frame_probe ID: 882 receives a frame at time 26.8288s ++++
++++ frame_probe ID: 884 receives a frame at time ++++ frame_probe ID: 883 receives a frame at time 26.8289s ++++
26.8289s ++++
++++ frame_probe ID: 890 receives a frame at time 26.8289s ++++
* timeout ID: 10 timeout timer is expired at time 27.0266 s.  timeout duration is: 200 [ms]
++++ frame_probe ID: 1050 receives a frame at time 27.0268s ++++
++++ frame_probe ID: 1060 receives a frame at time +++ timeout ID: 10 start timeout +++27.0676s ++++
timeout timer start time: 27.0677
INFO: Detected an invalid packet at item 1056
INFO: Parser returned #f
++++ frame_probe ID: 882 receives a frame at time 27.0792s ++++
++++ frame_probe ID: 884 receives a frame at time ++++ frame_probe ID: 883 receives a frame at time 27.0793s ++++
27.0793s ++++
++++ frame_probe ID: 890 receives a frame at time 27.0794s ++++
* timeout ID: 10 timeout timer is expired at time 27.2696 s.  timeout duration is: 200 [ms]
++++ frame_probe ID: 1060 receives a frame at time +++ timeout ID: 10 start timeout +++27.3103s ++++
timeout timer start time: 27.3103
INFO: Detected an invalid packet at item 1088
INFO: Parser returned #f
++++ frame_probe ID: 882 receives a frame at time 27.3189s ++++
++++ frame_probe ID: 884 receives a frame at time ++++ frame_probe ID: 883 receives a frame at time 27.319s ++++
27.319s ++++
++++ frame_probe ID: 890 receives a frame at time 27.319s ++++
* timeout ID: 10 timeout timer is expired at time 27.5114 s.  timeout duration is: 200 [ms]
++++ frame_probe ID: 1060 receives a frame at time +++ timeout ID: 10 start timeout +++27.5521s ++++
timeout timer start time: 27.5522
++++ frame_probe ID: 882 receives a frame at time 27.5584s ++++
++++ frame_probe ID: 883 receives a frame at time 27.5585s ++++
++++ frame_probe ID: 890 receives a frame at time 27.5585s ++++
++++ frame_probe ID: 884 receives a frame at time 27.5585s ++++
* timeout ID: 10 timeout timer is expired at time 27.7535 s.  timeout duration is: 200 [ms]
+++ timeout ID: 10 start timeout +++++++ frame_probe ID: 1060 receives a frame at time timeout timer start time: 27.7943s ++++
27.7943
INFO: Detected an invalid packet at item 1120
INFO: Parser returned #f
++++ frame_probe ID: 882 receives a frame at time 27.7989s ++++
++++ frame_probe ID: 884 receives a frame at time 27.799s ++++
++++ frame_probe ID: 883 receives a frame at time 27.799s ++++
++++ frame_probe ID: 890 receives a frame at time 27.799s ++++
measurement 2/2 complete in 7 second(s).
* timeout ID: 10 timeout timer is expired at time 27.9964 s.  timeout duration is: 200 [ms]
+++ timeout ID: 10 start timeout +++++++ frame_probe ID: 1060 receives a frame at time 28.0371s ++++
timeout timer start time: 28.0372
INFO: Detected an invalid packet at item 1152
INFO: Parser returned #f
++++ frame_probe ID: 882 receives a frame at time 28.0485s ++++
++++ frame_probe ID: 883 receives a frame at time 28.0485s ++++
++++ frame_probe ID: 884 receives a frame at time 28.0485s ++++
++++ frame_probe ID: 890 receives a frame at time 28.0486s ++++
* timeout ID: 10 timeout timer is expired at time 28.2384 s.  timeout duration is: 200 [ms]
++++ frame_probe ID: 1050 receives a frame at time 28.2386s ++++
++++ frame_probe ID: 1060 receives a frame at time +++ timeout ID: 10 start timeout +++28.2792s ++++
timeout timer start time: 28.2793
++++ frame_probe ID: 882 receives a frame at time 28.2881s ++++
++++ frame_probe ID: 883 receives a frame at time 28.2881s ++++
++++ frame_probe ID: 884 receives a frame at time 28.2882s ++++
++++ frame_probe ID: 890 receives a frame at time 28.2882s ++++
* timeout ID: 10 timeout timer is expired at time 28.481 s.  timeout duration is: 200 [ms]
++++ frame_probe ID: 1060 receives a frame at time +++ timeout ID: 10 start timeout +++28.5216s ++++
timeout timer start time: 28.5216
INFO: Detected an invalid packet at item 1184
INFO: Parser returned #f
++++ frame_probe ID: 882 receives a frame at time 28.5286s ++++
++++ frame_probe ID: 883 receives a frame at time 28.5286s ++++
++++ frame_probe ID: 884 receives a frame at time 28.5286s ++++
++++ frame_probe ID: 890 receives a frame at time 28.5286s ++++
* timeout ID: 10 timeout timer is expired at time 28.7232 s.  timeout duration is: 200 [ms]
++++ frame_probe ID: 1060 receives a frame at time +++ timeout ID: 10 start timeout +++28.7639s ++++
timeout timer start time: 28.7639
++++ frame_probe ID: 882 receives a frame at time 28.7681s ++++
++++ frame_probe ID: 883 receives a frame at time 28.7681s ++++
++++ frame_probe ID: 884 receives a frame at time 28.7682s ++++
++++ frame_probe ID: 890 receives a frame at time 28.7682s ++++
measurement 2/2 complete in 6 second(s).
* timeout ID: 10 timeout timer is expired at time 28.9656 s.  timeout duration is: 200 [ms]
++++ frame_probe ID: 1060 receives a frame at time +++ timeout ID: 10 start timeout +++29.0099s ++++
timeout timer start time: 29.01
++++ frame_probe ID: 882 receives a frame at time 29.0177s ++++
++++ frame_probe ID: 883 receives a frame at time 29.0177s ++++
++++ frame_probe ID: 884 receives a frame at time 29.0178s ++++
++++ frame_probe ID: 890 receives a frame at time 29.0178s ++++
* timeout ID: 10 timeout timer is expired at time 29.2114 s.  timeout duration is: 200 [ms]
++++ frame_probe ID: 1060 receives a frame at time +++ timeout ID: 10 start timeout +++29.2521s ++++
timeout timer start time: 29.2522
INFO: Detected an invalid packet at item 1216
INFO: Parser returned #f
++++ frame_probe ID: 882 receives a frame at time 29.2582s ++++
++++ frame_probe ID: 883 receives a frame at time 29.2583s ++++
++++ frame_probe ID: 884 receives a frame at time 29.2583s ++++
++++ frame_probe ID: 890 receives a frame at time 29.2583s ++++
* timeout ID: 10 timeout timer is expired at time 29.4538 s.  timeout duration is: 200 [ms]
++++ frame_probe ID: 1050 receives a frame at time 29.454s ++++
++++ frame_probe ID: 1060 receives a frame at time +++ timeout ID: 10 start timeout +++29.4946s ++++
timeout timer start time: 29.4947
++++ frame_probe ID: 882 receives a frame at time 29.4978s ++++
++++ frame_probe ID: 883 receives a frame at time 29.4979s ++++
++++ frame_probe ID: 884 receives a frame at time 29.4979s ++++
++++ frame_probe ID: 890 receives a frame at time 29.4979s ++++
INFO: Detected an invalid packet at item 1248
INFO: Parser returned #f
* timeout ID: 10 timeout timer is expired at time 29.6961 s.  timeout duration is: 200 [ms]
++++ frame_probe ID: 1060 receives a frame at time +++ timeout ID: 10 start timeout +++29.7369s ++++
timeout timer start time: 29.737
INFO: Detected an invalid packet at item 1280
INFO: Parser returned #f
++++ frame_probe ID: 882 receives a frame at time 29.7474s ++++
++++ frame_probe ID: 883 receives a frame at time 29.7474s ++++
++++ frame_probe ID: 884 receives a frame at time 29.7474s ++++
++++ frame_probe ID: 890 receives a frame at time 29.7475s ++++
measurement 2/2 complete in 5 second(s).
* timeout ID: 10 timeout timer is expired at time 29.9382 s.  timeout duration is: 200 [ms]
++++ frame_probe ID: 1060 receives a frame at time +++ timeout ID: 10 start timeout +++29.9788s ++++
timeout timer start time: 29.979
INFO: Detected an invalid packet at item 1312
INFO: Parser returned #f
++++ frame_probe ID: 882 receives a frame at time 29.9879s ++++
++++ frame_probe ID: 883 receives a frame at time 29.9879s ++++
++++ frame_probe ID: 884 receives a frame at time 29.988s ++++
++++ frame_probe ID: 890 receives a frame at time 29.9881s ++++
* timeout ID: 10 timeout timer is expired at time 30.1811 s.  timeout duration is: 200 [ms]
++++ frame_probe ID: 1060 receives a frame at time +++ timeout ID: 10 start timeout +++30.2219s ++++
timeout timer start time: 30.2219
++++ frame_probe ID: 882 receives a frame at time 30.2274s ++++
++++ frame_probe ID: 883 receives a frame at time 30.2274s ++++
++++ frame_probe ID: 884 receives a frame at time 30.2275s ++++
++++ frame_probe ID: 890 receives a frame at time 30.2276s ++++
* timeout ID: 10 timeout timer is expired at time 30.4236 s.  timeout duration is: 200 [ms]
++++ frame_probe ID: 1060 receives a frame at time +++ timeout ID: 10 start timeout +++30.4645s ++++
timeout timer start time: 30.4646
++++ frame_probe ID: 882 receives a frame at time 30.4679s ++++
++++ frame_probe ID: 883 receives a frame at time 30.4679s ++++
++++ frame_probe ID: 884 receives a frame at time 30.4679s ++++
++++ frame_probe ID: 890 receives a frame at time 30.468s ++++
INFO: Detected an invalid packet at item 1344
INFO: Parser returned #f
* timeout ID: 10 timeout timer is expired at time 30.6662 s.  timeout duration is: 200 [ms]
++++ frame_probe ID: 1050 receives a frame at time 30.6664s ++++
++++ frame_probe ID: 1060 receives a frame at time +++ timeout ID: 10 start timeout +++30.7069s ++++
timeout timer start time: 30.707
++++ frame_probe ID: 882 receives a frame at time 30.7175s ++++
++++ frame_probe ID: 883 receives a frame at time 30.7175s ++++
++++ frame_probe ID: 884 receives a frame at time 30.7175s ++++
++++ frame_probe ID: 890 receives a frame at time 30.7176s ++++
measurement 2/2 complete in 4 second(s).
* timeout ID: 10 timeout timer is expired at time 30.9084 s.  timeout duration is: 200 [ms]
++++ frame_probe ID: 1060 receives a frame at time +++ timeout ID: 10 start timeout +++30.9491s ++++
timeout timer start time: 30.9491
INFO: Detected an invalid packet at item 1376
INFO: Parser returned #f
++++ frame_probe ID: 882 receives a frame at time 30.957s ++++
++++ frame_probe ID: 883 receives a frame at time 30.9571s ++++
++++ frame_probe ID: 884 receives a frame at time 30.9571s ++++
++++ frame_probe ID: 890 receives a frame at time 30.9571s ++++
* timeout ID: 10 timeout timer is expired at time 31.1507 s.  timeout duration is: 200 [ms]
++++ frame_probe ID: 1060 receives a frame at time +++ timeout ID: 10 start timeout +++31.1915s ++++
timeout timer start time: 31.1915
INFO: Detected an invalid packet at item 1408
INFO: Parser returned #f
++++ frame_probe ID: 882 receives a frame at time 31.1975s ++++
++++ frame_probe ID: 883 receives a frame at time 31.1976s ++++
++++ frame_probe ID: 884 receives a frame at time 31.1976s ++++
++++ frame_probe ID: 890 receives a frame at time 31.1976s ++++
* timeout ID: 10 timeout timer is expired at time 31.393 s.  timeout duration is: 200 [ms]
++++ frame_probe ID: 1060 receives a frame at time +++ timeout ID: 10 start timeout +++31.4339s ++++
timeout timer start time: 31.4339
++++ frame_probe ID: 882 receives a frame at time 31.4371s ++++
++++ frame_probe ID: 883 receives a frame at time 31.4371s ++++
++++ frame_probe ID: 884 receives a frame at time 31.4372s ++++
++++ frame_probe ID: 890 receives a frame at time 31.4372s ++++
INFO: Detected an invalid packet at item 1440
INFO: Parser returned #f
* timeout ID: 10 timeout timer is expired at time 31.6355 s.  timeout duration is: 200 [ms]
++++ frame_probe ID: 1060 receives a frame at time +++ timeout ID: 10 start timeout +++31.6761s ++++
timeout timer start time: 31.6762
INFO: Detected an invalid packet at item 1472
INFO: Parser returned #f
++++ frame_probe ID: 882 receives a frame at time 31.6867s ++++
++++ frame_probe ID: 883 receives a frame at time 31.6867s ++++
++++ frame_probe ID: 884 receives a frame at time 31.6868s ++++
++++ frame_probe ID: 890 receives a frame at time 31.6868s ++++
measurement 2/2 complete in 3 second(s).
* timeout ID: 10 timeout timer is expired at time 31.878 s.  timeout duration is: 200 [ms]
++++ frame_probe ID: 1050 receives a frame at time 31.8782s ++++
++++ frame_probe ID: 1060 receives a frame at time +++ timeout ID: 10 start timeout +++31.9196s ++++
timeout timer start time: 31.9197
INFO: Detected an invalid packet at item 1504
INFO: Parser returned #f
++++ frame_probe ID: 882 receives a frame at time 31.9271s ++++
++++ frame_probe ID: 883 receives a frame at time 31.9272s ++++
++++ frame_probe ID: 884 receives a frame at time 31.9272s ++++
++++ frame_probe ID: 890 receives a frame at time 31.9272s ++++
* timeout ID: 10 timeout timer is expired at time 32.1211 s.  timeout duration is: 200 [ms]
++++ frame_probe ID: 1060 receives a frame at time +++ timeout ID: 10 start timeout +++32.1618s ++++
timeout timer start time: 32.1618
INFO: Detected an invalid packet at item 1536
INFO: Parser returned #f
++++ frame_probe ID: 882 receives a frame at time 32.1668s ++++
++++ frame_probe ID: 883 receives a frame at time 32.1668s ++++
++++ frame_probe ID: 884 receives a frame at time 32.1668s ++++
++++ frame_probe ID: 890 receives a frame at time 32.1669s ++++
* timeout ID: 10 timeout timer is expired at time 32.3631 s.  timeout duration is: 200 [ms]
++++ frame_probe ID: 1060 receives a frame at time +++ timeout ID: 10 start timeout +++32.4039s ++++
timeout timer start time: 32.404
++++ frame_probe ID: 882 receives a frame at time 32.4065s ++++
++++ frame_probe ID: 883 receives a frame at time 32.4065s ++++
++++ frame_probe ID: 884 receives a frame at time 32.4066s ++++
++++ frame_probe ID: 890 receives a frame at time 32.4066s ++++
INFO: Detected an invalid packet at item 1568
INFO: Parser returned #f
* timeout ID: 10 timeout timer is expired at time 32.6057 s.  timeout duration is: 200 [ms]
++++ frame_probe ID: 1060 receives a frame at time +++ timeout ID: 10 start timeout +++32.6463s ++++
timeout timer start time: 32.6465
INFO: Detected an invalid packet at item 1600
INFO: Parser returned #f
++++ frame_probe ID: 882 receives a frame at time 32.6559s ++++
++++ frame_probe ID: 883 receives a frame at time 32.656s ++++
++++ frame_probe ID: 890 receives a frame at time ++++ frame_probe ID: 884 receives a frame at time 32.656s ++++
32.656s ++++
measurement 2/2 complete in 2 second(s).
* timeout ID: 10 timeout timer is expired at time 32.848 s.  timeout duration is: 200 [ms]
++++ frame_probe ID: 1060 receives a frame at time +++ timeout ID: 10 start timeout +++32.8888s ++++
timeout timer start time: 32.8888
INFO: Detected an invalid packet at item 1632
INFO: Parser returned #f
++++ frame_probe ID: 882 receives a frame at time 32.8964s ++++
++++ frame_probe ID: 884 receives a frame at time 32.8964s ++++
++++ frame_probe ID: 883 receives a frame at time 32.8964s ++++
++++ frame_probe ID: 890 receives a frame at time 32.8965s ++++
* timeout ID: 10 timeout timer is expired at time 33.0903 s.  timeout duration is: 200 [ms]
++++ frame_probe ID: 1050 receives a frame at time 33.0904s ++++
++++ frame_probe ID: 1060 receives a frame at time +++ timeout ID: 10 start timeout +++33.1309s ++++
timeout timer start time: 33.131
INFO: Detected an invalid packet at item 1664
INFO: Parser returned #f
++++ frame_probe ID: 882 receives a frame at time 33.136s ++++
++++ frame_probe ID: 883 receives a frame at time 33.136s ++++
++++ frame_probe ID: 890 receives a frame at time 33.1361s ++++
++++ frame_probe ID: 884 receives a frame at time 33.1361s ++++
* timeout ID: 10 timeout timer is expired at time 33.3324 s.  timeout duration is: 200 [ms]
++++ frame_probe ID: 1060 receives a frame at time +++ timeout ID: 10 start timeout +++33.3731s ++++
timeout timer start time: 33.3731
++++ frame_probe ID: 882 receives a frame at time 33.3764s ++++
++++ frame_probe ID: 883 receives a frame at time 33.3765s ++++
++++ frame_probe ID: 890 receives a frame at time 33.3765s ++++
++++ frame_probe ID: 884 receives a frame at time 33.3765s ++++
* timeout ID: 10 timeout timer is expired at time 33.5746 s.  timeout duration is: 200 [ms]
++++ frame_probe ID: 1060 receives a frame at time +++ timeout ID: 10 start timeout +++33.6153s ++++
timeout timer start time: 33.6153
++++ frame_probe ID: 882 receives a frame at time 33.626s ++++
++++ frame_probe ID: 883 receives a frame at time 33.626s ++++
++++ frame_probe ID: 884 receives a frame at time 33.6261s ++++
++++ frame_probe ID: 890 receives a frame at time 33.6261s ++++
measurement 2/2 complete in 1 second(s).
* timeout ID: 10 timeout timer is expired at time 33.8165 s.  timeout duration is: 200 [ms]
++++ frame_probe ID: 1060 receives a frame at time +++ timeout ID: 10 start timeout +++33.8572s ++++
timeout timer start time: 33.8572
INFO: Detected an invalid packet at item 1696
INFO: Parser returned #f
++++ frame_probe ID: 882 receives a frame at time 33.8656s ++++
++++ frame_probe ID: 883 receives a frame at time 33.8656s ++++
++++ frame_probe ID: 884 receives a frame at time 33.8657s ++++
++++ frame_probe ID: 890 receives a frame at time 33.8657s ++++
* timeout ID: 10 timeout timer is expired at time 34.0587 s.  timeout duration is: 200 [ms]
++++ frame_probe ID: 1060 receives a frame at time +++ timeout ID: 10 start timeout +++34.0995s ++++
timeout timer start time: 34.0996
INFO: Detected an invalid packet at item 1728
INFO: Parser returned #f
++++ frame_probe ID: 882 receives a frame at time 34.1061s ++++
++++ frame_probe ID: 883 receives a frame at time 34.1062s ++++
++++ frame_probe ID: 884 receives a frame at time 34.1062s ++++
++++ frame_probe ID: 890 receives a frame at time 34.1062s ++++
* timeout ID: 10 timeout timer is expired at time 34.3015 s.  timeout duration is: 200 [ms]
++++ frame_probe ID: 1050 receives a frame at time 34.3017s ++++
++++ frame_probe ID: 1060 receives a frame at time +++ timeout ID: 10 start timeout +++34.3422s ++++
timeout timer start time: 34.3423
++++ frame_probe ID: 882 receives a frame at time 34.3456s ++++
++++ frame_probe ID: 883 receives a frame at time 34.3456s ++++
++++ frame_probe ID: 884 receives a frame at time 34.3457s ++++
++++ frame_probe ID: 890 receives a frame at time 34.3457s ++++
INFO: Detected an invalid packet at item 1760
INFO: Parser returned #f
* timeout ID: 10 timeout timer is expired at time 34.5437 s.  timeout duration is: 200 [ms]
++++ frame_probe ID: 1060 receives a frame at time +++ timeout ID: 10 start timeout +++34.5845s ++++
timeout timer start time: 34.5845
INFO: Detected an invalid packet at item 1792
INFO: Parser returned #f
++++ frame_probe ID: 882 receives a frame at time 34.5952s ++++
++++ frame_probe ID: 883 receives a frame at time 34.5952s ++++
++++ frame_probe ID: 884 receives a frame at time 34.5953s ++++
++++ frame_probe ID: 890 receives a frame at time 34.5953s ++++
* timeout ID: 10 timeout timer is expired at time 34.786 s.  timeout duration is: 200 [ms]
measurement 2 raw data directory created /home/inets/0_ba/bachelor_thesis/measurements/debug/data/95/2/.
regex pattern is: _________________________________
*_1.txt
/home/inets/source/gr-inets/results
receiver_data_received_1.txt receiver_frame_analyzed_1.txt receiver_frame_received_1.txt sender_bfr_dq_1.txt sender_data_sent_1.txt sender_frame_checked_good_1.txt sender_retransmissions_1.txt
'receiver_data_received_1.txt' -> '/home/inets/0_ba/bachelor_thesis/measurements/debug/data/95/2/receiver_data_received_1.txt'
'receiver_frame_analyzed_1.txt' -> '/home/inets/0_ba/bachelor_thesis/measurements/debug/data/95/2/receiver_frame_analyzed_1.txt'
'receiver_frame_received_1.txt' -> '/home/inets/0_ba/bachelor_thesis/measurements/debug/data/95/2/receiver_frame_received_1.txt'
'sender_bfr_dq_1.txt' -> '/home/inets/0_ba/bachelor_thesis/measurements/debug/data/95/2/sender_bfr_dq_1.txt'
'sender_data_sent_1.txt' -> '/home/inets/0_ba/bachelor_thesis/measurements/debug/data/95/2/sender_data_sent_1.txt'
'sender_frame_checked_good_1.txt' -> '/home/inets/0_ba/bachelor_thesis/measurements/debug/data/95/2/sender_frame_checked_good_1.txt'
'sender_retransmissions_1.txt' -> '/home/inets/0_ba/bachelor_thesis/measurements/debug/data/95/2/sender_retransmissions_1.txt'
measurement 2 raw data moved to /home/inets/0_ba/bachelor_thesis/measurements/debug/data/95/2/.

now processing results...
plotting python should be: python3 (ubuntu).
Hello from rtt.py!
hello from variables.py!
data_sent: 1502367197.161136
data_sent: 1502367198.372159
data_sent: 1502367199.582700
data_sent: 1502367200.794282
data_sent: 1502367202.005725
data_sent: 1502367203.216330
data_sent: 1502367204.427314
data_sent: 1502367205.638409
data_sent: 1502367206.848440
data_sent: 1502367208.058955
data_sent: 1502367209.270253
data_sent: 1502367210.482400
data_sent: 1502367211.693503
data_sent: 1502367212.904588
data_sent: 1502367214.114595
len15
File /home/inets/0_ba/bachelor_thesis/measurements/debug/data/95/1/sender_ack_received_1.txt not found.                 Assuming not reached in GR.
retx: [4, 4, 4, 4, 4, 4, 4, 4, 4, 4, 4, 4, 4, 4]
No corresponding ACK. Retransmission count was 4.
No corresponding ACK. Retransmission count was 4.
No corresponding ACK. Retransmission count was 4.
No corresponding ACK. Retransmission count was 4.
No corresponding ACK. Retransmission count was 4.
No corresponding ACK. Retransmission count was 4.
No corresponding ACK. Retransmission count was 4.
No corresponding ACK. Retransmission count was 4.
No corresponding ACK. Retransmission count was 4.
No corresponding ACK. Retransmission count was 4.
No corresponding ACK. Retransmission count was 4.
No corresponding ACK. Retransmission count was 4.
No corresponding ACK. Retransmission count was 4.
No corresponding ACK. Retransmission count was 4.

The resulting RTTs of this single measurement are:
[]



The resulting mean RTT of this single measurement is:
100


abs. packet loss: 15.0
packet loss in %: 100.0%
data_sent: 1502367217.336384
data_sent: 1502367218.547444
data_sent: 1502367219.759122
data_sent: 1502367220.970766
data_sent: 1502367222.183070
data_sent: 1502367223.393968
data_sent: 1502367224.605086
data_sent: 1502367225.816837
data_sent: 1502367227.026840
data_sent: 1502367228.238585
data_sent: 1502367229.453973
data_sent: 1502367230.666359
data_sent: 1502367231.878150
data_sent: 1502367233.090403
data_sent: 1502367234.301670
len15
File /home/inets/0_ba/bachelor_thesis/measurements/debug/data/95/2/sender_ack_received_1.txt not found.                 Assuming not reached in GR.
retx: [4, 4, 4, 4, 4, 4, 4, 4, 4, 4, 4, 4, 4, 4]
No corresponding ACK. Retransmission count was 4.
No corresponding ACK. Retransmission count was 4.
No corresponding ACK. Retransmission count was 4.
No corresponding ACK. Retransmission count was 4.
No corresponding ACK. Retransmission count was 4.
No corresponding ACK. Retransmission count was 4.
No corresponding ACK. Retransmission count was 4.
No corresponding ACK. Retransmission count was 4.
No corresponding ACK. Retransmission count was 4.
No corresponding ACK. Retransmission count was 4.
No corresponding ACK. Retransmission count was 4.
No corresponding ACK. Retransmission count was 4.
No corresponding ACK. Retransmission count was 4.
No corresponding ACK. Retransmission count was 4.

The resulting RTTs of this single measurement are:
[]



The resulting mean RTT of this single measurement is:
100


abs. packet loss: 15.0
packet loss in %: 100.0%
[ 100.  100.]
Hello from myplot.py!
I will print a pdf for you now!
Hello from myplot.py!
I will print a pdf for you now!
Hello from myplot.py!
I will print a pdf for you now!
Hello from myplot.py!
I will print a cdf for you now!
<a list of 1 Patch objects>
Hello from myplot.py!
I will print a cdf for you now!
<a list of 1 Patch objects>
Hello from myplot.py!
I will print a cdf for you now!
<a list of 1 Patch objects>
Hello from myplot.py!
I will print a boxplot for you now!
Hello from myplot.py!
I will print a boxplot for you now!
Hello from myplot.py!
I will print a boxplot for you now!
Hello from myplot.py!
I will print a bar for you now!
Hello from myplot.py!
I will print a bar for you now!
Hello from myplot.py!
I will print a bar for you now!
Hello from myplot.py!
I will print a line for you now!
Hello from myplot.py!
I will print a line for you now!
Hello from myplot.py!
I will print a line for you now!
