measurement 1/2 complete in 20 second(s).
linux; GNU C++ version 5.4.0 20160609; Boost_105800; UHD_003.009.005-45-g6768a615

linux; GNU C++ version 5.4.0 20160609; Boost_105800; UHD_003.009.005-45-g6768a615

Using Volk machine: avx_64_mmx
develop_mode of timeout ID: 10 is activated.
-- Opening a USRP2/N-Series device...
Using Volk machine: avx_64_mmx
-- Opening a USRP2/N-Series device...
-- Current recv frame size: 1472 bytes
-- Current send frame size: 1472 bytes
-- Current recv frame size: 1472 bytes
-- Current send frame size: 1472 bytes
measurement 1/2 complete in 19 second(s).
INFO: Detected an invalid packet at item 0
INFO: Parser returned #f
++++ frame_probe ID: 882 receives a frame at time 61.3376s ++++
++++ frame_probe ID: 884 receives a frame at time ++++ frame_probe ID: 883 receives a frame at time 61.3377s ++++
61.3377s ++++
++++ frame_probe ID: 890 receives a frame at time 61.3379s ++++
++++ frame_probe ID: 860 receives a frame at time 61.3452s ++++
INFO: Detected an invalid packet at item 64
INFO: Parser returned #f
develop_mode of general_timer ID: 1 is activated.
++++ frame_probe ID: 882 receives a frame at time 61.3948s ++++
++++ frame_probe ID: 884 receives a frame at time 61.3949s ++++
++++ frame_probe ID: 890 receives a frame at time 61.395s ++++
++++ frame_probe ID: 883 receives a frame at time 61.3949s ++++
++++ frame_probe ID: 860 receives a frame at time 61.4027s ++++
INFO: Detected an invalid packet at item 128
INFO: Parser returned #f
++++ frame_probe ID: 882 receives a frame at time 61.4518s ++++
++++ frame_probe ID: 883 receives a frame at time 61.4519s ++++
++++ frame_probe ID: 884 receives a frame at time ++++ frame_probe ID: 890 receives a frame at time 61.452s ++++
61.452s ++++
++++ frame_probe ID: 860 receives a frame at time 61.4592s ++++
INFO: Detected an invalid packet at item 192
INFO: Parser returned #f
++++ frame_probe ID: 1082 receives a frame at time 61.465s ++++
++++ frame_probe ID: 1083 receives a frame at time 61.4651s ++++
++++ frame_probe ID: 1084 receives a frame at time 61.4652s ++++
++++ frame_probe ID: 1090 receives a frame at time 61.4653s ++++
++++ frame_probe ID: 882 receives a frame at time 61.51s ++++
++++ frame_probe ID: 883 receives a frame at time 61.5105s ++++
++++ frame_probe ID: 890 receives a frame at time 61.5106s ++++
++++ frame_probe ID: 884 receives a frame at time 61.5109s ++++
++++ frame_probe ID: 860 receives a frame at time 61.5181s ++++
INFO: Detected an invalid packet at item 256
INFO: Parser returned #f
++++ frame_probe ID: 882 receives a frame at time 61.5671s ++++
++++ frame_probe ID: 883 receives a frame at time 61.5671s ++++
++++ frame_probe ID: 884 receives a frame at time 61.5672s ++++
++++ frame_probe ID: 890 receives a frame at time 61.5675s ++++
++++ frame_probe ID: 860 receives a frame at time 61.5748s ++++
++++ frame_probe ID: 882 receives a frame at time 61.6251s ++++
++++ frame_probe ID: 883 receives a frame at time 61.6252s ++++
++++ frame_probe ID: 884 receives a frame at time 61.6252s ++++
++++ frame_probe ID: 890 receives a frame at time 61.6252s ++++
++++ frame_probe ID: 860 receives a frame at time 61.6326s ++++
INFO: Detected an invalid packet at item 352
INFO: Parser returned #f
++++ frame_probe ID: 882 receives a frame at time 61.6824s ++++
++++ frame_probe ID: 883 receives a frame at time 61.6824s ++++
++++ frame_probe ID: 884 receives a frame at time 61.6825s ++++
++++ frame_probe ID: 890 receives a frame at time 61.6825s ++++
++++ frame_probe ID: 860 receives a frame at time 61.6897s ++++
INFO: Detected an invalid packet at item 416
INFO: Parser returned #f
++++ frame_probe ID: 882 receives a frame at time 61.7405s ++++
++++ frame_probe ID: 883 receives a frame at time 61.7405s ++++
++++ frame_probe ID: 884 receives a frame at time 61.7405s ++++
++++ frame_probe ID: 890 receives a frame at time 61.7406s ++++
++++ frame_probe ID: 860 receives a frame at time 61.7478s ++++
INFO: Detected an invalid packet at item 480
INFO: Parser returned #f
INFO: Detected an invalid packet at item 512
INFO: Parser returned #f
measurement 1/2 complete in 18 second(s).
++++ frame_probe ID: 882 receives a frame at time 61.8738s ++++
++++ frame_probe ID: 884 receives a frame at time 61.8739s ++++
++++ frame_probe ID: 890 receives a frame at time 61.874s ++++
++++ frame_probe ID: 883 receives a frame at time 61.874s ++++
++++ frame_probe ID: 860 receives a frame at time 61.8812s ++++
INFO: Detected an invalid packet at item 576
INFO: Parser returned #f
INFO: Detected an invalid packet at item 608
INFO: Parser returned #f
INFO: Detected an invalid packet at item 640
INFO: Parser returned #f
++++ frame_probe ID: 882 receives a frame at time ++++ frame_probe ID: 883 receives a frame at time 61.950261.9501s ++++s ++++

++++ frame_probe ID: 884 receives a frame at time 61.9502s ++++
++++ frame_probe ID: 890 receives a frame at time 61.9502s ++++
++++ frame_probe ID: 860 receives a frame at time 61.9573s ++++
INFO: Detected an invalid packet at item 704
INFO: Parser returned #f
INFO: Detected an invalid packet at item 736
INFO: Parser returned #f
++++ frame_probe ID: 882 receives a frame at time 62.4111s ++++
++++ frame_probe ID: 883 receives a frame at time 62.4111s ++++
++++ frame_probe ID: 884 receives a frame at time 62.4112s ++++
++++ frame_probe ID: 890 receives a frame at time 62.4113s ++++
++++ frame_probe ID: 860 receives a frame at time 62.4184s ++++
INFO: Detected an invalid packet at item 800
INFO: Parser returned #f
measurement 1/2 complete in 17 second(s).
INFO: Detected an invalid packet at item 832
INFO: Parser returned #f
++++ frame_probe ID: 882 receives a frame at time 63.0064s ++++
++++ frame_probe ID: 883 receives a frame at time 63.0064s ++++
++++ frame_probe ID: 884 receives a frame at time 63.0065s ++++
++++ frame_probe ID: 890 receives a frame at time 63.0065s ++++
++++ frame_probe ID: 860 receives a frame at time 63.0136s ++++
INFO: Detected an invalid packet at item 896
INFO: Parser returned #f
++++ frame_probe ID: 882 receives a frame at time 63.1697s ++++
++++ frame_probe ID: 883 receives a frame at time 63.1697s ++++
++++ frame_probe ID: 884 receives a frame at time 63.1698s ++++
++++ frame_probe ID: 890 receives a frame at time 63.1699s ++++
++++ frame_probe ID: 860 receives a frame at time 63.1771s ++++
INFO: Detected an invalid packet at item 960
INFO: Parser returned #f
INFO: Detected an invalid packet at item 992
INFO: Parser returned #f
++++ frame_probe ID: 882 receives a frame at time 63.4955s ++++
++++ frame_probe ID: 883 receives a frame at time 63.4955s ++++
++++ frame_probe ID: 890 receives a frame at time 63.4956s ++++
++++ frame_probe ID: 884 receives a frame at time 63.4956s ++++
++++ frame_probe ID: 860 receives a frame at time 63.5027s ++++
++++ frame_probe ID: 882 receives a frame at time 63.5537s ++++
++++ frame_probe ID: 883 receives a frame at time 63.5548s ++++
++++ frame_probe ID: 884 receives a frame at time 63.5549s ++++
++++ frame_probe ID: 890 receives a frame at time 63.555s ++++
++++ frame_probe ID: 860 receives a frame at time 63.5623s ++++
measurement 1/2 complete in 16 second(s).
INFO: Detected an invalid packet at item 1088
INFO: Parser returned #f
++++ frame_probe ID: 882 receives a frame at time 64.6181s ++++
++++ frame_probe ID: 883 receives a frame at time 64.6182s ++++
++++ frame_probe ID: 884 receives a frame at time 64.6182s ++++
++++ frame_probe ID: 890 receives a frame at time 64.6183s ++++
++++ frame_probe ID: 860 receives a frame at time 64.6256s ++++
INFO: Detected an invalid packet at item 1152
INFO: Parser returned #f
++++ frame_probe ID: 882 receives a frame at time 64.7723s ++++
++++ frame_probe ID: 883 receives a frame at time 64.7724s ++++
++++ frame_probe ID: 884 receives a frame at time 64.7724s ++++
++++ frame_probe ID: 890 receives a frame at time 64.7725s ++++
++++ frame_probe ID: 860 receives a frame at time 64.7798s ++++
INFO: Detected an invalid packet at item 1216
INFO: Parser returned #f
measurement 1/2 complete in 15 second(s).
INFO: Detected an invalid packet at item 1248
INFO: Parser returned #f
++++ frame_probe ID: 882 receives a frame at time 64.9158s ++++
++++ frame_probe ID: 884 receives a frame at time 64.9159s ++++
++++ frame_probe ID: 883 receives a frame at time 64.9159s ++++
++++ frame_probe ID: 890 receives a frame at time 64.916s ++++
++++ frame_probe ID: 860 receives a frame at time 64.923s ++++
INFO: Detected an invalid packet at item 1312
INFO: Parser returned #f
++++ frame_probe ID: 882 receives a frame at time 65.06s ++++
++++ frame_probe ID: 883 receives a frame at time 65.0601s ++++
++++ frame_probe ID: 884 receives a frame at time 65.0601s ++++
++++ frame_probe ID: 890 receives a frame at time 65.0602s ++++
++++ frame_probe ID: 860 receives a frame at time 65.0673s ++++
INFO: Detected an invalid packet at item 1376
INFO: Parser returned #f
++++ frame_probe ID: 882 receives a frame at time 65.2044s ++++
++++ frame_probe ID: 883 receives a frame at time 65.2045s ++++
++++ frame_probe ID: 884 receives a frame at time 65.2045s ++++
++++ frame_probe ID: 890 receives a frame at time 65.2046s ++++
++++ frame_probe ID: 860 receives a frame at time 65.2118s ++++
INFO: Detected an invalid packet at item 1440
INFO: Parser returned #f
++++ frame_probe ID: 882 receives a frame at time 65.2615s ++++
++++ frame_probe ID: 883 receives a frame at time 65.2616s ++++
++++ frame_probe ID: 884 receives a frame at time 65.2616s ++++
++++ frame_probe ID: 890 receives a frame at time 65.2616s ++++
++++ frame_probe ID: 860 receives a frame at time 65.2688s ++++
INFO: Detected an invalid packet at item 1504
INFO: Parser returned #f
INFO: Detected an invalid packet at item 1536
INFO: Parser returned #f
++++ frame_probe ID: 882 receives a frame at time 65.4058s ++++
++++ frame_probe ID: 883 receives a frame at time 65.4059s ++++
++++ frame_probe ID: 884 receives a frame at time 65.4059s ++++
++++ frame_probe ID: 890 receives a frame at time 65.406s ++++
++++ frame_probe ID: 860 receives a frame at time 65.4131s ++++
INFO: Detected an invalid packet at item 1600
INFO: Parser returned #f
INFO: Detected an invalid packet at item 1632
INFO: Parser returned #f
++++ frame_probe ID: 882 receives a frame at time 65.5492s ++++
++++ frame_probe ID: 883 receives a frame at time 65.5492s ++++
++++ frame_probe ID: 884 receives a frame at time 65.5493s ++++
++++ frame_probe ID: 890 receives a frame at time 65.5493s ++++
++++ frame_probe ID: 860 receives a frame at time 65.5564s ++++
INFO: Detected an invalid packet at item 1696
INFO: Parser returned #f
++++ frame_probe ID: 882 receives a frame at time 65.6074s ++++
++++ frame_probe ID: 883 receives a frame at time 65.6074s ++++
++++ frame_probe ID: 884 receives a frame at time 65.6075s ++++
++++ frame_probe ID: 890 receives a frame at time 65.6075s ++++
++++ frame_probe ID: 860 receives a frame at time 65.6167s ++++
++++ frame_probe ID: 882 receives a frame at time 65.7506s ++++
++++ frame_probe ID: 883 receives a frame at time 65.7507s ++++
++++ frame_probe ID: 884 receives a frame at time 65.7507s ++++
++++ frame_probe ID: 890 receives a frame at time 65.7508s ++++
++++ frame_probe ID: 860 receives a frame at time 65.7579s ++++
INFO: Detected an invalid packet at item 1792
INFO: Parser returned #f
++++ frame_probe ID: 882 receives a frame at time 65.8088s ++++
++++ frame_probe ID: 883 receives a frame at time 65.8088s ++++
++++ frame_probe ID: 884 receives a frame at time 65.8089s ++++
++++ frame_probe ID: 890 receives a frame at time 65.809s ++++
++++ frame_probe ID: 860 receives a frame at time 65.8161s ++++
INFO: Detected an invalid packet at item 1856
INFO: Parser returned #f
measurement 1/2 complete in 14 second(s).
++++ frame_probe ID: 882 receives a frame at time 65.8659s ++++
++++ frame_probe ID: 883 receives a frame at time 65.866s ++++
++++ frame_probe ID: 884 receives a frame at time 65.866s ++++
++++ frame_probe ID: 890 receives a frame at time 65.8661s ++++
++++ frame_probe ID: 860 receives a frame at time 65.8732s ++++
INFO: Detected an invalid packet at item 1920
INFO: Parser returned #f
INFO: Detected an invalid packet at item 1952
INFO: Parser returned #f
INFO: Detected an invalid packet at item 1984
INFO: Parser returned #f
++++ frame_probe ID: 882 receives a frame at time 66.0103s ++++
++++ frame_probe ID: 883 receives a frame at time ++++ frame_probe ID: 66.0104884s ++++ receives a frame at time 
66.0104s ++++
++++ frame_probe ID: 890 receives a frame at time 66.0105s ++++
++++ frame_probe ID: 860 receives a frame at time 66.0177s ++++
INFO: Detected an invalid packet at item 2048
INFO: Parser returned #f
INFO: Detected an invalid packet at item 2080
INFO: Parser returned #f
++++ frame_probe ID: 882 receives a frame at time 66.0683s ++++
++++ frame_probe ID: 883 receives a frame at time 66.0684s ++++
++++ frame_probe ID: 884 receives a frame at time 66.0684s ++++
++++ frame_probe ID: 890 receives a frame at time 66.0685s ++++
++++ frame_probe ID: 860 receives a frame at time 66.0756s ++++
INFO: Detected an invalid packet at item 2144
INFO: Parser returned #f
measurement 1/2 complete in 13 second(s).
INFO: Detected an invalid packet at item 2176
INFO: Parser returned #f
++++ frame_probe ID: 882 receives a frame at time 67.0184s ++++
++++ frame_probe ID: 883 receives a frame at time 67.0184s ++++
++++ frame_probe ID: 884 receives a frame at time 67.0185s ++++
++++ frame_probe ID: 890 receives a frame at time 67.0186s ++++
++++ frame_probe ID: 860 receives a frame at time 67.0257s ++++
++++ frame_probe ID: 882 receives a frame at time 67.0757s ++++
++++ frame_probe ID: 883 receives a frame at time 67.0758s ++++
++++ frame_probe ID: 884 receives a frame at time 67.0758s ++++
++++ frame_probe ID: 890 receives a frame at time 67.0759s ++++
++++ frame_probe ID: 860 receives a frame at time 67.083s ++++
INFO: Detected an invalid packet at item 2272
INFO: Parser returned #f
INFO: Detected an invalid packet at item 2304
INFO: Parser returned #f
++++ frame_probe ID: 882 receives a frame at time 67.2199s ++++
++++ frame_probe ID: 883 receives a frame at time 67.2199s ++++
++++ frame_probe ID: 884 receives a frame at time 67.22s ++++
++++ frame_probe ID: 890 receives a frame at time 67.22s ++++
++++ frame_probe ID: 860 receives a frame at time 67.2271s ++++
++++ frame_probe ID: 882 receives a frame at time 67.277s ++++
++++ frame_probe ID: 883 receives a frame at time 67.2771s ++++
++++ frame_probe ID: 884 receives a frame at time 67.2772s ++++
++++ frame_probe ID: 890 receives a frame at time 67.2772s ++++
++++ frame_probe ID: 860 receives a frame at time 67.2844s ++++
INFO: Detected an invalid packet at item 2400
INFO: Parser returned #f
INFO: Detected an invalid packet at item 2432
INFO: Parser returned #f
INFO: Detected an invalid packet at item 2464
INFO: Parser returned #f
++++ frame_probe ID: 882 receives a frame at time 67.3923s ++++
++++ frame_probe ID: 883 receives a frame at time 67.3924s ++++
++++ frame_probe ID: 884 receives a frame at time 67.3924s ++++
++++ frame_probe ID: 890 receives a frame at time 67.3925s ++++
++++ frame_probe ID: 860 receives a frame at time 67.3996s ++++
INFO: Detected an invalid packet at item 2528
INFO: Parser returned #f
INFO: Detected an invalid packet at item 2560
INFO: Parser returned #f
INFO: Detected an invalid packet at item 2592
INFO: Parser returned #f
++++ frame_probe ID: 882 receives a frame at time 67.5847s ++++
++++ frame_probe ID: 883 receives a frame at time 67.5847s ++++
++++ frame_probe ID: 890 receives a frame at time ++++ frame_probe ID: 884 receives a frame at time 67.5848s ++++
67.5848s ++++
++++ frame_probe ID: 860 receives a frame at time 67.5919s ++++
INFO: Detected an invalid packet at item 2656
INFO: Parser returned #f
INFO: Detected an invalid packet at item 2688
INFO: Parser returned #f
++++ frame_probe ID: 882 receives a frame at time 67.6518s ++++
++++ frame_probe ID: 883 receives a frame at time 67.6519s ++++
++++ frame_probe ID: 884 receives a frame at time 67.6519s ++++
++++ frame_probe ID: 890 receives a frame at time 67.652s ++++
++++ frame_probe ID: 860 receives a frame at time 67.6591s ++++
INFO: Detected an invalid packet at item 2752
INFO: Parser returned #f
measurement 1/2 complete in 12 second(s).
INFO: Detected an invalid packet at item 2784
INFO: Parser returned #f
++++ frame_probe ID: 882 receives a frame at time 68.0357s ++++
++++ frame_probe ID: 883 receives a frame at time 68.0358s ++++
++++ frame_probe ID: 884 receives a frame at time 68.0358s ++++
++++ frame_probe ID: 890 receives a frame at time 68.0358s ++++
++++ frame_probe ID: 860 receives a frame at time 68.0429s ++++
++++ frame_probe ID: 882 receives a frame at time 68.0929s ++++
++++ frame_probe ID: 883 receives a frame at time 68.093s ++++
++++ frame_probe ID: 884 receives a frame at time 68.0931s ++++
++++ frame_probe ID: 890 receives a frame at time 68.0931s ++++
++++ frame_probe ID: 860 receives a frame at time 68.1003s ++++
INFO: Detected an invalid packet at item 2880
INFO: Parser returned #f
++++ frame_probe ID: 882 receives a frame at time 68.3044s ++++
++++ frame_probe ID: 883 receives a frame at time 68.3044s ++++
++++ frame_probe ID: 884 receives a frame at time 68.3046s ++++
++++ frame_probe ID: 890 receives a frame at time 68.3046s ++++
++++ frame_probe ID: 860 receives a frame at time 68.3117s ++++
INFO: Detected an invalid packet at item 2944
INFO: Parser returned #f
INFO: Detected an invalid packet at item 2976
INFO: Parser returned #f
++++ frame_probe ID: 882 receives a frame at time 68.7844s ++++
++++ frame_probe ID: 883 receives a frame at time 68.7845s ++++
++++ frame_probe ID: 884 receives a frame at time 68.7846s ++++
++++ frame_probe ID: 890 receives a frame at time 68.7846s ++++
++++ frame_probe ID: 860 receives a frame at time 68.7917s ++++
INFO: Detected an invalid packet at item 3040
INFO: Parser returned #f
measurement 1/2 complete in 11 second(s).
INFO: Detected an invalid packet at item 3072
INFO: Parser returned #f
++++ frame_probe ID: 882 receives a frame at time 69.0721s ++++
++++ frame_probe ID: 883 receives a frame at time 69.0722s ++++
++++ frame_probe ID: 890 receives a frame at time 69.0722s ++++
++++ frame_probe ID: 884 receives a frame at time 69.0722s ++++
++++ frame_probe ID: 860 receives a frame at time 69.0794s ++++
INFO: Detected an invalid packet at item 3136
INFO: Parser returned #f
INFO: Detected an invalid packet at item 3168
INFO: Parser returned #f
INFO: Detected an invalid packet at item 3200
INFO: Parser returned #f
++++ frame_probe ID: 882 receives a frame at time 69.8118s ++++
++++ frame_probe ID: 883 receives a frame at time 69.8118s ++++
++++ frame_probe ID: 884 receives a frame at time 69.8119s ++++
++++ frame_probe ID: 890 receives a frame at time 69.8119s ++++
++++ frame_probe ID: 860 receives a frame at time 69.819s ++++
INFO: Detected an invalid packet at item 3264
INFO: Parser returned #f
measurement 1/2 complete in 10 second(s).
INFO: Detected an invalid packet at item 3296
INFO: Parser returned #f
++++ frame_probe ID: 882 receives a frame at time 70.397s ++++
++++ frame_probe ID: 883 receives a frame at time 70.397s ++++
++++ frame_probe ID: 884 receives a frame at time 70.3971s ++++
++++ frame_probe ID: 890 receives a frame at time 70.3971s ++++
++++ frame_probe ID: 860 receives a frame at time 70.4042s ++++
INFO: Detected an invalid packet at item 3360
INFO: Parser returned #f
INFO: Detected an invalid packet at item 3392
INFO: Parser returned #f
++++ frame_probe ID: 882 receives a frame at time 70.5994s ++++
++++ frame_probe ID: 883 receives a frame at time 70.5995s ++++
++++ frame_probe ID: 884 receives a frame at time 70.5995s ++++
++++ frame_probe ID: 890 receives a frame at time 70.5995s ++++
++++ frame_probe ID: 860 receives a frame at time 70.6066s ++++
INFO: Detected an invalid packet at item 3456
INFO: Parser returned #f
measurement 1/2 complete in 9 second(s).
INFO: Detected an invalid packet at item 3488
INFO: Parser returned #f
++++ frame_probe ID: 882 receives a frame at time 71.2419s ++++
++++ frame_probe ID: 883 receives a frame at time 71.242s ++++
++++ frame_probe ID: 884 receives a frame at time 71.242s ++++
++++ frame_probe ID: 890 receives a frame at time 71.2421s ++++
++++ frame_probe ID: 860 receives a frame at time 71.2491s ++++
INFO: Detected an invalid packet at item 3552
INFO: Parser returned #f
++++ frame_probe ID: 882 receives a frame at time 71.6639s ++++
++++ frame_probe ID: 883 receives a frame at time 71.6639s ++++
++++ frame_probe ID: 884 receives a frame at time 71.664s ++++
++++ frame_probe ID: 890 receives a frame at time 71.664s ++++
++++ frame_probe ID: 860 receives a frame at time 71.6712s ++++
INFO: Detected an invalid packet at item 3616
INFO: Parser returned #f
measurement 1/2 complete in 8 second(s).
++++ frame_probe ID: 882 receives a frame at time 72.0387s ++++
++++ frame_probe ID: 883 receives a frame at time 72.0387s ++++
++++ frame_probe ID: 884 receives a frame at time 72.0388s ++++
++++ frame_probe ID: 890 receives a frame at time 72.0389s ++++
++++ frame_probe ID: 860 receives a frame at time 72.046s ++++
measurement 1/2 complete in 7 second(s).
