measurement 1/5 complete in 15 second(s).
linux; GNU C++ version 5.4.0 20160609; Boost_105800; UHD_003.009.005-45-g6768a615

linux; GNU C++ version 5.4.0 20160609; Boost_105800; UHD_003.009.005-45-g6768a615

Using Volk machine: avx_64_mmx
-- Opening a USRP2/N-Series device...
Using Volk machine: avx_64_mmx
-- Opening a USRP2/N-Series device...
-- Current recv frame size: 1472 bytes
-- Current send frame size: 1472 bytes
-- Current recv frame size: 1472 bytes
-- Current send frame size: 1472 bytes
measurement 1/5 complete in 14 second(s).
develop_mode of general_timer ID: 1 is activated.
measurement 1/5 complete in 13 second(s).
node starts running at 45.3704
general_timer 1 is triggered at time 45.3705 s
timer start time: 45.3705
++++ frame_probe ID: 1050 receives a frame at time 45.3971s ++++
++++ frame_probe ID: 1060 receives a frame at time 45.4381s ++++
++++ frame_probe ID: 882 receives a frame at time 45.4456s ++++
++++ frame_probe ID: 883 receives a frame at time 45.4457s ++++
++++ frame_probe ID: 890 receives a frame at time 45.4458s ++++
++++ frame_probe ID: 884 receives a frame at time 45.4458s ++++
++++ frame_probe ID: 1082 receives a frame at time 45.4468s ++++
++++ frame_probe ID: 860 receives a frame at time 45.4533s ++++
INFO: Detected an invalid packet at item 32
INFO: Parser returned #f
INFO: Detected an invalid packet at item 64
INFO: Parser returned #f
++++ frame_probe ID: 882 receives a frame at time 45.4647s ++++
++++ frame_probe ID: 1082 receives a frame at time 45.4654s ++++
++++ frame_probe ID: 1083 receives a frame at time 45.4654s ++++
++++ frame_probe ID: 1084 receives a frame at time 45.4655s ++++
++++ frame_probe ID: 1090 receives a frame at time 45.4655s ++++
++++ frame_probe ID: 882 receives a frame at time 45.4838s ++++
++++ frame_probe ID: 1082 receives a frame at time 45.4844s ++++
++++ frame_probe ID: 1083 receives a frame at time 45.4845s ++++
++++ frame_probe ID: 1084 receives a frame at time 45.4845s ++++
++++ frame_probe ID: 1090 receives a frame at time 45.4846s ++++
++++ frame_probe ID: 1050 receives a frame at time 45.7872s ++++
++++ frame_probe ID: 1060 receives a frame at time 45.828s ++++
++++ frame_probe ID: 882 receives a frame at time 45.8386s ++++
++++ frame_probe ID: 883 receives a frame at time 45.8386s ++++
++++ frame_probe ID: 884 receives a frame at time 45.8387s ++++
++++ frame_probe ID: 890 receives a frame at time 45.8387s ++++
++++ frame_probe ID: 1082 receives a frame at time 45.8398s ++++
++++ frame_probe ID: 860 receives a frame at time 45.8461s ++++
INFO: Detected an invalid packet at item 192
INFO: Parser returned #f
INFO: Detected an invalid packet at item 224
INFO: Parser returned #f
++++ frame_probe ID: 1082 receives a frame at time 45.8502s ++++
++++ frame_probe ID: 1083 receives a frame at time 45.8503s ++++
++++ frame_probe ID: 1084 receives a frame at time 45.8503s ++++
++++ frame_probe ID: 1090 receives a frame at time 45.8504s ++++
++++ frame_probe ID: 882 receives a frame at time 45.8575s ++++
++++ frame_probe ID: 882 receives a frame at time 45.8676s ++++
++++ frame_probe ID: 1082 receives a frame at time 45.8689s ++++
++++ frame_probe ID: 1083 receives a frame at time 45.8689s ++++
++++ frame_probe ID: 1084 receives a frame at time 45.869s ++++
++++ frame_probe ID: 1090 receives a frame at time 45.869s ++++
measurement 1/5 complete in 12 second(s).
++++ frame_probe ID: 1050 receives a frame at time 46.2437s ++++
++++ frame_probe ID: 1060 receives a frame at time 46.2849s ++++
++++ frame_probe ID: 882 receives a frame at time 46.2894s ++++
++++ frame_probe ID: 883 receives a frame at time 46.2895s ++++
++++ frame_probe ID: 884 receives a frame at time 46.2895s ++++
++++ frame_probe ID: 890 receives a frame at time 46.2896s ++++
++++ frame_probe ID: 1082 receives a frame at time 46.2906s ++++
++++ frame_probe ID: 860 receives a frame at time 46.2968s ++++
INFO: Detected an invalid packet at item 352
INFO: Parser returned #f
INFO: Detected an invalid packet at item 384
INFO: Parser returned #f
++++ frame_probe ID: 1082 receives a frame at time 46.3014s ++++
++++ frame_probe ID: 1083 receives a frame at time 46.3014s ++++
++++ frame_probe ID: 1084 receives a frame at time 46.3015s ++++
++++ frame_probe ID: 1090 receives a frame at time 46.3016s ++++
++++ frame_probe ID: 882 receives a frame at time 46.3091s ++++
++++ frame_probe ID: 882 receives a frame at time 46.3186s ++++
++++ frame_probe ID: 1082 receives a frame at time 46.3197s ++++
++++ frame_probe ID: 1083 receives a frame at time 46.3198s ++++
++++ frame_probe ID: 1084 receives a frame at time 46.3198s ++++
++++ frame_probe ID: 1090 receives a frame at time 46.3199s ++++
++++ frame_probe ID: 1050 receives a frame at time 46.4142s ++++
++++ frame_probe ID: 1060 receives a frame at time 46.455s ++++
++++ frame_probe ID: 882 receives a frame at time 46.4624s ++++
++++ frame_probe ID: 883 receives a frame at time 46.4625s ++++
++++ frame_probe ID: 884 receives a frame at time 46.4625s ++++
++++ frame_probe ID: 890 receives a frame at time 46.4625s ++++
++++ frame_probe ID: 1082 receives a frame at time 46.4638s ++++
++++ frame_probe ID: 860 receives a frame at time 46.4718s ++++
INFO: Detected an invalid packet at item 512
INFO: Parser returned #f
INFO: Detected an invalid packet at item 544
INFO: Parser returned #f
++++ frame_probe ID: 882 receives a frame at time 46.482s ++++
++++ frame_probe ID: 1082 receives a frame at time 46.4828s ++++
++++ frame_probe ID: 1083 receives a frame at time 46.4828s ++++
++++ frame_probe ID: 1084 receives a frame at time 46.4828s ++++
++++ frame_probe ID: 1090 receives a frame at time 46.4829s ++++
++++ frame_probe ID: 882 receives a frame at time 46.5006s ++++
++++ frame_probe ID: 1082 receives a frame at time 46.5014s ++++
++++ frame_probe ID: 1083 receives a frame at time 46.5014s ++++
++++ frame_probe ID: 1084 receives a frame at time 46.5014s ++++
++++ frame_probe ID: 1090 receives a frame at time 46.5014s ++++
++++ frame_probe ID: 1050 receives a frame at time 46.5053s ++++
++++ frame_probe ID: 1060 receives a frame at time 46.5458s ++++
++++ frame_probe ID: 882 receives a frame at time 46.5486s ++++
++++ frame_probe ID: 883 receives a frame at time 46.5486s ++++
++++ frame_probe ID: 884 receives a frame at time 46.5486s ++++
++++ frame_probe ID: 890 receives a frame at time 46.5487s ++++
++++ frame_probe ID: 1082 receives a frame at time 46.5495s ++++
++++ frame_probe ID: 860 receives a frame at time 46.5555s ++++
INFO: Detected an invalid packet at item 672
INFO: Parser returned #f
INFO: Detected an invalid packet at item 704
INFO: Parser returned #f
++++ frame_probe ID: 882 receives a frame at time 46.5593s ++++
++++ frame_probe ID: 1082 receives a frame at time 46.5599s ++++
++++ frame_probe ID: 1083 receives a frame at time 46.5599s ++++
++++ frame_probe ID: 1084 receives a frame at time 46.5599s ++++
++++ frame_probe ID: 1090 receives a frame at time 46.56s ++++
++++ frame_probe ID: 882 receives a frame at time 46.5777s ++++
++++ frame_probe ID: 1082 receives a frame at time 46.5785s ++++
++++ frame_probe ID: 1083 receives a frame at time 46.5785s ++++
++++ frame_probe ID: 1084 receives a frame at time 46.5786s ++++
++++ frame_probe ID: 1090 receives a frame at time 46.5786s ++++
measurement 1/5 complete in 11 second(s).
++++ frame_probe ID: 1050 receives a frame at time 47.5667s ++++
++++ frame_probe ID: 1060 receives a frame at time 47.6076s ++++
++++ frame_probe ID: 882 receives a frame at time 47.6144s ++++
++++ frame_probe ID: 883 receives a frame at time 47.6144s ++++
++++ frame_probe ID: 884 receives a frame at time 47.6145s ++++
++++ frame_probe ID: 890 receives a frame at time 47.6145s ++++
++++ frame_probe ID: 1082 receives a frame at time 47.6156s ++++
++++ frame_probe ID: 860 receives a frame at time 47.6218s ++++
INFO: Detected an invalid packet at item 832
INFO: Parser returned #f
INFO: Detected an invalid packet at item 864
INFO: Parser returned #f
++++ frame_probe ID: 1082 receives a frame at time 47.6258s ++++
++++ frame_probe ID: 1083 receives a frame at time 47.6259s ++++
++++ frame_probe ID: 1084 receives a frame at time 47.626s ++++
++++ frame_probe ID: 1090 receives a frame at time 47.6261s ++++
++++ frame_probe ID: 882 receives a frame at time 47.6331s ++++
++++ frame_probe ID: 882 receives a frame at time 47.643s ++++
++++ frame_probe ID: 1082 receives a frame at time 47.6447s ++++
++++ frame_probe ID: 1083 receives a frame at time 47.6447s ++++
++++ frame_probe ID: 1084 receives a frame at time 47.6447s ++++
++++ frame_probe ID: 1090 receives a frame at time 47.6448s ++++
measurement 1/5 complete in 10 second(s).
++++ frame_probe ID: 1050 receives a frame at time 47.9661s ++++
++++ frame_probe ID: 1060 receives a frame at time 48.0071s ++++
++++ frame_probe ID: 882 receives a frame at time ++++ frame_probe ID: 883 receives a frame at time 48.0171s ++++
++++ frame_probe ID: 884 receives a frame at time 48.0171s ++++
++++ frame_probe ID: 890 receives a frame at time 48.0172s ++++
48.017s ++++
++++ frame_probe ID: 1082 receives a frame at time 48.0182s ++++
++++ frame_probe ID: 860 receives a frame at time 48.0242s ++++
INFO: Detected an invalid packet at item 992
INFO: Parser returned #f
INFO: Detected an invalid packet at item 1024
INFO: Parser returned #f
++++ frame_probe ID: 1082 receives a frame at time 48.0284s ++++
++++ frame_probe ID: 1083 receives a frame at time 48.0284s ++++
++++ frame_probe ID: 1084 receives a frame at time 48.0284s ++++
++++ frame_probe ID: 1090 receives a frame at time 48.0285s ++++
++++ frame_probe ID: 882 receives a frame at time 48.0361s ++++
++++ frame_probe ID: 882 receives a frame at time 48.0455s ++++
++++ frame_probe ID: 1082 receives a frame at time 48.047s ++++
++++ frame_probe ID: 1083 receives a frame at time 48.0471s ++++
++++ frame_probe ID: 1084 receives a frame at time 48.0471s ++++
++++ frame_probe ID: 1090 receives a frame at time 48.0471s ++++
++++ frame_probe ID: 1050 receives a frame at time 48.6265s ++++
++++ frame_probe ID: 1060 receives a frame at time 48.6675s ++++
++++ frame_probe ID: 1082 receives a frame at time 48.6717s ++++
++++ frame_probe ID: 882 receives a frame at time 48.6788s ++++
++++ frame_probe ID: 883 receives a frame at time 48.6789s ++++
++++ frame_probe ID: 884 receives a frame at time 48.6789s ++++
++++ frame_probe ID: 890 receives a frame at time 48.679s ++++
++++ frame_probe ID: 860 receives a frame at time 48.6861s ++++
INFO: Detected an invalid packet at item 1152
INFO: Parser returned #f
INFO: Detected an invalid packet at item 1184
INFO: Parser returned #f
++++ frame_probe ID: 1082 receives a frame at time 48.6913s ++++
++++ frame_probe ID: 1083 receives a frame at time 48.6914s ++++
++++ frame_probe ID: 1084 receives a frame at time 48.6914s ++++
++++ frame_probe ID: 1090 receives a frame at time 48.6916s ++++
++++ frame_probe ID: 882 receives a frame at time 48.6986s ++++
++++ frame_probe ID: 882 receives a frame at time 48.7083s ++++
++++ frame_probe ID: 1082 receives a frame at time 48.7103s ++++
++++ frame_probe ID: 1083 receives a frame at time ++++ frame_probe ID: 1084 receives a frame at time 48.7103s ++++
48.7103s ++++
++++ frame_probe ID: 1090 receives a frame at time 48.7104s ++++
measurement 1/5 complete in 9 second(s).
++++ frame_probe ID: 1050 receives a frame at time 48.9731s ++++
++++ frame_probe ID: 1060 receives a frame at time 49.014s ++++
++++ frame_probe ID: 1082 receives a frame at time 49.0168s ++++
++++ frame_probe ID: 882 receives a frame at time 49.0249s ++++
++++ frame_probe ID: 883 receives a frame at time 49.025s ++++
++++ frame_probe ID: 884 receives a frame at time 49.0251s ++++
++++ frame_probe ID: 890 receives a frame at time 49.0251s ++++
++++ frame_probe ID: 860 receives a frame at time 49.0323s ++++
INFO: Detected an invalid packet at item 1312
INFO: Parser returned #f
INFO: Detected an invalid packet at item 1344
INFO: Parser returned #f
++++ frame_probe ID: 1082 receives a frame at time 49.037s ++++
++++ frame_probe ID: 1083 receives a frame at time 49.0371s ++++
++++ frame_probe ID: 1084 receives a frame at time 49.0371s ++++
++++ frame_probe ID: 1090 receives a frame at time 49.0372s ++++
++++ frame_probe ID: 882 receives a frame at time 49.0436s ++++
++++ frame_probe ID: 882 receives a frame at time 49.0539s ++++
++++ frame_probe ID: 1082 receives a frame at time 49.0559s ++++
++++ frame_probe ID: 1083 receives a frame at time 49.056s ++++
++++ frame_probe ID: 1084 receives a frame at time 49.056s ++++
++++ frame_probe ID: 1090 receives a frame at time 49.056s ++++
++++ frame_probe ID: 1050 receives a frame at time 49.1222s ++++
++++ frame_probe ID: 1060 receives a frame at time 49.1629s ++++
++++ frame_probe ID: 882 receives a frame at time 49.1691s ++++
++++ frame_probe ID: 883 receives a frame at time 49.1692s ++++
++++ frame_probe ID: 884 receives a frame at time 49.1692s ++++
++++ frame_probe ID: 890 receives a frame at time 49.1693s ++++
++++ frame_probe ID: 1082 receives a frame at time 49.171s ++++
++++ frame_probe ID: 860 receives a frame at time 49.1764s ++++
INFO: Detected an invalid packet at item 1472
INFO: Parser returned #f
INFO: Detected an invalid packet at item 1504
INFO: Parser returned #f
++++ frame_probe ID: 1082 receives a frame at time 49.1808s ++++
++++ frame_probe ID: 1083 receives a frame at time 49.1809s ++++
++++ frame_probe ID: 1084 receives a frame at time 49.1809s ++++
++++ frame_probe ID: 1090 receives a frame at time 49.181s ++++
++++ frame_probe ID: 882 receives a frame at time 49.1884s ++++
++++ frame_probe ID: 1050 receives a frame at time 49.1958s ++++
++++ frame_probe ID: 882 receives a frame at time 49.1977s ++++
++++ frame_probe ID: 1082 receives a frame at time 49.1994s ++++
++++ frame_probe ID: 1083 receives a frame at time 49.1995s ++++
++++ frame_probe ID: 1084 receives a frame at time 49.1995s ++++
++++ frame_probe ID: 1090 receives a frame at time 49.1996s ++++
++++ frame_probe ID: 1060 receives a frame at time 49.2367s ++++
++++ frame_probe ID: 882 receives a frame at time 49.245s ++++
++++ frame_probe ID: 883 receives a frame at time 49.2451s ++++
++++ frame_probe ID: 884 receives a frame at time 49.2451s ++++
++++ frame_probe ID: 890 receives a frame at time 49.2452s ++++
++++ frame_probe ID: 1082 receives a frame at time 49.2471s ++++
++++ frame_probe ID: 860 receives a frame at time 49.2522s ++++
INFO: Detected an invalid packet at item 1632
INFO: Parser returned #f
INFO: Detected an invalid packet at item 1664
INFO: Parser returned #f
++++ frame_probe ID: 1082 receives a frame at time 49.2575s ++++
++++ frame_probe ID: 1083 receives a frame at time 49.2575s ++++
++++ frame_probe ID: 1084 receives a frame at time 49.2576s ++++
++++ frame_probe ID: 1090 receives a frame at time 49.2576s ++++
++++ frame_probe ID: 882 receives a frame at time 49.264s ++++
++++ frame_probe ID: 882 receives a frame at time 49.2746s ++++
++++ frame_probe ID: 1082 receives a frame at time 49.2764s ++++
++++ frame_probe ID: 1083 receives a frame at time 49.2765s ++++
++++ frame_probe ID: 1084 receives a frame at time 49.2765s ++++
++++ frame_probe ID: 1090 receives a frame at time 49.2766s ++++
++++ frame_probe ID: 1050 receives a frame at time 49.9287s ++++
measurement 1/5 complete in 8 second(s).
++++ frame_probe ID: 1060 receives a frame at time 49.9697s ++++
++++ frame_probe ID: 882 receives a frame at time 49.9749s ++++
++++ frame_probe ID: 883 receives a frame at time 49.9749s ++++
++++ frame_probe ID: 884 receives a frame at time 49.9749s ++++
++++ frame_probe ID: 890 receives a frame at time 49.975s ++++
++++ frame_probe ID: 1082 receives a frame at time 49.9759s ++++
++++ frame_probe ID: 860 receives a frame at time 49.9823s ++++
INFO: Detected an invalid packet at item 1792
INFO: Parser returned #f
INFO: Detected an invalid packet at item 1824
INFO: Parser returned #f
++++ frame_probe ID: 1082 receives a frame at time 49.9864s ++++
++++ frame_probe ID: 1083 receives a frame at time 49.9865s ++++
++++ frame_probe ID: 1084 receives a frame at time 49.9865s ++++
++++ frame_probe ID: 1090 receives a frame at time 49.9867s ++++
++++ frame_probe ID: 1050 receives a frame at time 49.9868s ++++
++++ frame_probe ID: 882 receives a frame at time 49.9939s ++++
++++ frame_probe ID: 1060 receives a frame at time 49.9942s ++++
++++ frame_probe ID: 882 receives a frame at time 50.0318s ++++
++++ frame_probe ID: 883 receives a frame at time 50.0319s ++++
++++ frame_probe ID: 890 receives a frame at time 50.032s ++++
++++ frame_probe ID: 884 receives a frame at time 50.032s ++++
++++ frame_probe ID: 1082 receives a frame at time 50.0339s ++++
++++ frame_probe ID: 860 receives a frame at time 50.0391s ++++
INFO: Detected an invalid packet at item 1920
INFO: Parser returned #f
INFO: Detected an invalid packet at item 1952
INFO: Parser returned #f
++++ frame_probe ID: 1082 receives a frame at time 50.0434s ++++
++++ frame_probe ID: 1083 receives a frame at time 50.0434s ++++
++++ frame_probe ID: 1084 receives a frame at time 50.0435s ++++
++++ frame_probe ID: 1090 receives a frame at time 50.0436s ++++
++++ frame_probe ID: 882 receives a frame at time 50.0516s ++++
++++ frame_probe ID: 882 receives a frame at time 50.0614s ++++
++++ frame_probe ID: 1082 receives a frame at time 50.0621s ++++
++++ frame_probe ID: 1083 receives a frame at time 50.0621s ++++
++++ frame_probe ID: 1084 receives a frame at time 50.0621s ++++
++++ frame_probe ID: 1090 receives a frame at time 50.0622s ++++
++++ frame_probe ID: 1050 receives a frame at time 50.7054s ++++
++++ frame_probe ID: 1060 receives a frame at time 50.7464s ++++
++++ frame_probe ID: 882 receives a frame at time 50.7526s ++++
++++ frame_probe ID: 883 receives a frame at time 50.7526s ++++
++++ frame_probe ID: 884 receives a frame at time 50.7527s ++++
++++ frame_probe ID: 890 receives a frame at time 50.7527s ++++
++++ frame_probe ID: 1082 receives a frame at time 50.7538s ++++
++++ frame_probe ID: 860 receives a frame at time 50.7599s ++++
INFO: Detected an invalid packet at item 2080
INFO: Parser returned #f
INFO: Detected an invalid packet at item 2112
INFO: Parser returned #f
++++ frame_probe ID: 1082 receives a frame at time 50.764s ++++
++++ frame_probe ID: 1083 receives a frame at time 50.7641s ++++
++++ frame_probe ID: 1084 receives a frame at time 50.7641s ++++
++++ frame_probe ID: 1090 receives a frame at time 50.7642s ++++
++++ frame_probe ID: 882 receives a frame at time 50.771s ++++
++++ frame_probe ID: 882 receives a frame at time 50.7811s ++++
++++ frame_probe ID: 1082 receives a frame at time 50.7829s ++++
++++ frame_probe ID: 1083 receives a frame at time 50.783s ++++
++++ frame_probe ID: 1084 receives a frame at time 50.783s ++++
++++ frame_probe ID: 1090 receives a frame at time 50.7831s ++++
measurement 1/5 complete in 7 second(s).
++++ frame_probe ID: 1050 receives a frame at time 51.6991s ++++
++++ frame_probe ID: 1060 receives a frame at time 51.74s ++++
++++ frame_probe ID: 882 receives a frame at time 51.75s ++++
++++ frame_probe ID: 883 receives a frame at time 51.7501s ++++
++++ frame_probe ID: 884 receives a frame at time 51.7502s ++++
++++ frame_probe ID: 890 receives a frame at time 51.7503s ++++
++++ frame_probe ID: 1082 receives a frame at time 51.752s ++++
++++ frame_probe ID: 860 receives a frame at time 51.7575s ++++
INFO: Detected an invalid packet at item 2240
INFO: Parser returned #f
INFO: Detected an invalid packet at item 2272
INFO: Parser returned #f
++++ frame_probe ID: 1082 receives a frame at time 51.7623s ++++
++++ frame_probe ID: 1083 receives a frame at time 51.7623s ++++
++++ frame_probe ID: 1084 receives a frame at time 51.7624s ++++
++++ frame_probe ID: 1090 receives a frame at time 51.7625s ++++
++++ frame_probe ID: 882 receives a frame at time 51.7697s ++++
++++ frame_probe ID: 882 receives a frame at time 51.7791s ++++
++++ frame_probe ID: 1082 receives a frame at time 51.7812s ++++
++++ frame_probe ID: 1083 receives a frame at time 51.7812s ++++
++++ frame_probe ID: 1084 receives a frame at time 51.7812s ++++
++++ frame_probe ID: 1090 receives a frame at time 51.7813s ++++
++++ frame_probe ID: 1050 receives a frame at time 51.9274s ++++
++++ frame_probe ID: 1060 receives a frame at time 51.9683s ++++
measurement 1/5 complete in 6 second(s).
++++ frame_probe ID: 1082 receives a frame at time 51.9724s ++++
++++ frame_probe ID: 882 receives a frame at time 51.9804s ++++
++++ frame_probe ID: 883 receives a frame at time 51.9804s ++++
++++ frame_probe ID: 884 receives a frame at time 51.9804s ++++
++++ frame_probe ID: 890 receives a frame at time 51.9805s ++++
++++ frame_probe ID: 860 receives a frame at time 51.9875s ++++
INFO: Detected an invalid packet at item 2400
INFO: Parser returned #f
INFO: Detected an invalid packet at item 2432
INFO: Parser returned #f
++++ frame_probe ID: 1082 receives a frame at time 51.9929s ++++
++++ frame_probe ID: 1083 receives a frame at time 51.9929s ++++
++++ frame_probe ID: 1084 receives a frame at time 51.9929s ++++
++++ frame_probe ID: 1090 receives a frame at time 51.993s ++++
++++ frame_probe ID: 882 receives a frame at time 51.9995s ++++
++++ frame_probe ID: 882 receives a frame at time 52.0098s ++++
++++ frame_probe ID: 1082 receives a frame at time 52.0118s ++++
++++ frame_probe ID: 1083 receives a frame at time 52.0118s ++++
++++ frame_probe ID: 1084 receives a frame at time 52.0118s ++++
++++ frame_probe ID: 1090 receives a frame at time 52.0132s ++++
++++ frame_probe ID: 1050 receives a frame at time 52.235s ++++
++++ frame_probe ID: 1060 receives a frame at time 52.2759s ++++
++++ frame_probe ID: 1082 receives a frame at time 52.28s ++++
++++ frame_probe ID: 882 receives a frame at time 52.2881s ++++
++++ frame_probe ID: 883 receives a frame at time 52.2881s ++++
++++ frame_probe ID: 884 receives a frame at time 52.2882s ++++
++++ frame_probe ID: 890 receives a frame at time 52.2882s ++++
++++ frame_probe ID: 860 receives a frame at time 52.2953s ++++
INFO: Detected an invalid packet at item 2560
INFO: Parser returned #f
INFO: Detected an invalid packet at item 2592
INFO: Parser returned #f
++++ frame_probe ID: 1082 receives a frame at time 52.2994s ++++
++++ frame_probe ID: 1083 receives a frame at time 52.2995s ++++
++++ frame_probe ID: 1084 receives a frame at time 52.2995s ++++
++++ frame_probe ID: 1090 receives a frame at time 52.2996s ++++
++++ frame_probe ID: 1050 receives a frame at time 52.2996s ++++
++++ frame_probe ID: 882 receives a frame at time 52.3066s ++++
++++ frame_probe ID: 1060 receives a frame at time 52.307s ++++
++++ frame_probe ID: 882 receives a frame at time 52.3451s ++++
++++ frame_probe ID: 883 receives a frame at time 52.3451s ++++
++++ frame_probe ID: 884 receives a frame at time 52.3451s ++++
++++ frame_probe ID: 890 receives a frame at time 52.3452s ++++
++++ frame_probe ID: 1082 receives a frame at time 52.3472s ++++
++++ frame_probe ID: 860 receives a frame at time 52.3524s ++++
INFO: Detected an invalid packet at item 2688
INFO: Parser returned #f
INFO: Detected an invalid packet at item 2720
INFO: Parser returned #f
++++ frame_probe ID: 1082 receives a frame at time 52.3566s ++++
++++ frame_probe ID: 1083 receives a frame at time 52.3567s ++++
++++ frame_probe ID: 1084 receives a frame at time 52.3567s ++++
++++ frame_probe ID: 1090 receives a frame at time 52.3568s ++++
++++ frame_probe ID: 882 receives a frame at time 52.3638s ++++
++++ frame_probe ID: 882 receives a frame at time 52.3736s ++++
++++ frame_probe ID: 1082 receives a frame at time 52.3756s ++++
++++ frame_probe ID: 1083 receives a frame at time 52.3756s ++++
++++ frame_probe ID: 1084 receives a frame at time 52.3757s ++++
++++ frame_probe ID: 1090 receives a frame at time 52.3757s ++++
++++ frame_probe ID: 1050 receives a frame at time 52.4323s ++++
++++ frame_probe ID: 1060 receives a frame at time 52.473s ++++
++++ frame_probe ID: 882 receives a frame at time 52.4786s ++++
++++ frame_probe ID: 883 receives a frame at time 52.4787s ++++
++++ frame_probe ID: 884 receives a frame at time 52.4787s ++++
++++ frame_probe ID: 890 receives a frame at time 52.4788s ++++
++++ frame_probe ID: 1082 receives a frame at time 52.4805s ++++
++++ frame_probe ID: 860 receives a frame at time 52.486s ++++
INFO: Detected an invalid packet at item 2848
INFO: Parser returned #f
INFO: Detected an invalid packet at item 2880
INFO: Parser returned #f
++++ frame_probe ID: 1082 receives a frame at time 52.4909s ++++
++++ frame_probe ID: 1083 receives a frame at time 52.4909s ++++
++++ frame_probe ID: 1084 receives a frame at time 52.4909s ++++
++++ frame_probe ID: 1090 receives a frame at time 52.491s ++++
++++ frame_probe ID: 882 receives a frame at time 52.4975s ++++
++++ frame_probe ID: 1050 receives a frame at time 52.5027s ++++
++++ frame_probe ID: 882 receives a frame at time 52.5077s ++++
++++ frame_probe ID: 1082 receives a frame at time 52.5088s ++++
++++ frame_probe ID: 1083 receives a frame at time 52.5088s ++++
++++ frame_probe ID: 1084 receives a frame at time 52.5089s ++++
++++ frame_probe ID: 1090 receives a frame at time 52.5089s ++++
++++ frame_probe ID: 1060 receives a frame at time 52.5434s ++++
++++ frame_probe ID: 1082 receives a frame at time 52.5476s ++++
++++ frame_probe ID: 882 receives a frame at time 52.5555s ++++
++++ frame_probe ID: 883 receives a frame at time 52.5556s ++++
++++ frame_probe ID: 884 receives a frame at time 52.5556s ++++
++++ frame_probe ID: 890 receives a frame at time 52.5556s ++++
++++ frame_probe ID: 860 receives a frame at time 52.5627s ++++
INFO: Detected an invalid packet at item 3008
INFO: Parser returned #f
INFO: Detected an invalid packet at item 3040
INFO: Parser returned #f
++++ frame_probe ID: 1082 receives a frame at time 52.567s ++++
++++ frame_probe ID: 1083 receives a frame at time 52.567s ++++
++++ frame_probe ID: 1084 receives a frame at time 52.5671s ++++
++++ frame_probe ID: 1090 receives a frame at time 52.5671s ++++
++++ frame_probe ID: 882 receives a frame at time 52.5746s ++++
++++ frame_probe ID: 882 receives a frame at time 52.5848s ++++
++++ frame_probe ID: 1082 receives a frame at time 52.5857s ++++
++++ frame_probe ID: 1083 receives a frame at time 52.5858s ++++
++++ frame_probe ID: 1084 receives a frame at time 52.5858s ++++
++++ frame_probe ID: 1090 receives a frame at time 52.5859s ++++
++++ frame_probe ID: 1050 receives a frame at time 52.6432s ++++
++++ frame_probe ID: 1060 receives a frame at time 52.6844s ++++
++++ frame_probe ID: 882 receives a frame at time 52.6901s ++++
++++ frame_probe ID: 884 receives a frame at time 52.6902s ++++
++++ frame_probe ID: 883 receives a frame at time 52.6903s ++++
++++ frame_probe ID: 890 receives a frame at time 52.6903s ++++
++++ frame_probe ID: 1082 receives a frame at time 52.6911s ++++
++++ frame_probe ID: 860 receives a frame at time 52.6974s ++++
INFO: Detected an invalid packet at item 3168
INFO: Parser returned #f
INFO: Detected an invalid packet at item 3200
INFO: Parser returned #f
++++ frame_probe ID: 1082 receives a frame at time 52.7013s ++++
++++ frame_probe ID: 1083 receives a frame at time 52.7013s ++++
++++ frame_probe ID: 1084 receives a frame at time 52.7013s ++++
++++ frame_probe ID: 1090 receives a frame at time 52.7014s ++++
++++ frame_probe ID: 882 receives a frame at time 52.7085s ++++
++++ frame_probe ID: 882 receives a frame at time 52.7183s ++++
++++ frame_probe ID: 1082 receives a frame at time 52.72s ++++
++++ frame_probe ID: 1083 receives a frame at time 52.72s ++++
++++ frame_probe ID: 1084 receives a frame at time 52.72s ++++
++++ frame_probe ID: 1090 receives a frame at time 52.7201s ++++
measurement 1/5 complete in 5 second(s).
++++ frame_probe ID: 1050 receives a frame at time 52.9862s ++++
++++ frame_probe ID: 1060 receives a frame at time 53.027s ++++
++++ frame_probe ID: 882 receives a frame at time 53.0348s ++++
++++ frame_probe ID: 883 receives a frame at time 53.0349s ++++
++++ frame_probe ID: 884 receives a frame at time 53.0349s ++++
++++ frame_probe ID: 890 receives a frame at time 53.035s ++++
++++ frame_probe ID: 1082 receives a frame at time 53.0368s ++++
++++ frame_probe ID: 860 receives a frame at time 53.0421s ++++
INFO: Detected an invalid packet at item 3328
INFO: Parser returned #f
INFO: Detected an invalid packet at item 3360
INFO: Parser returned #f
++++ frame_probe ID: 1082 receives a frame at time 53.047s ++++
++++ frame_probe ID: 1083 receives a frame at time 53.047s ++++
++++ frame_probe ID: 1084 receives a frame at time 53.0471s ++++
++++ frame_probe ID: 1090 receives a frame at time 53.0471s ++++
++++ frame_probe ID: 882 receives a frame at time 53.0536s ++++
++++ frame_probe ID: 882 receives a frame at time 53.0642s ++++
++++ frame_probe ID: 1082 receives a frame at time 53.0655s ++++
++++ frame_probe ID: 1083 receives a frame at time 53.0655s ++++
++++ frame_probe ID: 1084 receives a frame at time 53.0655s ++++
++++ frame_probe ID: 1090 receives a frame at time 53.0656s ++++
++++ frame_probe ID: 1050 receives a frame at time 53.3494s ++++
++++ frame_probe ID: 1060 receives a frame at time 53.3903s ++++
++++ frame_probe ID: 882 receives a frame at time 53.3997s ++++
++++ frame_probe ID: 884 receives a frame at time 53.3998s ++++
++++ frame_probe ID: 883 receives a frame at time 53.3998s ++++
++++ frame_probe ID: 890 receives a frame at time 53.3998s ++++
++++ frame_probe ID: 1082 receives a frame at time 53.4017s ++++
++++ frame_probe ID: 860 receives a frame at time 53.4069s ++++
INFO: Detected an invalid packet at item 3488
INFO: Parser returned #f
INFO: Detected an invalid packet at item 3520
INFO: Parser returned #f
++++ frame_probe ID: ++++ frame_probe ID: 10831082 receives a frame at time  receives a frame at time 53.4114s ++++
53.4114s ++++
++++ frame_probe ID: 1084 receives a frame at time 53.4114s ++++
++++ frame_probe ID: 1090 receives a frame at time 53.4116s ++++
++++ frame_probe ID: 1050 receives a frame at time 53.4116s ++++
++++ frame_probe ID: 882 receives a frame at time 53.4186s ++++
++++ frame_probe ID: 1060 receives a frame at time 53.4189s ++++
++++ frame_probe ID: 882 receives a frame at time 53.4577s ++++
++++ frame_probe ID: 883 receives a frame at time 53.4578s ++++
++++ frame_probe ID: 884 receives a frame at time 53.4579s ++++
++++ frame_probe ID: 890 receives a frame at time 53.4579s ++++
++++ frame_probe ID: 1082 receives a frame at time 53.4589s ++++
++++ frame_probe ID: 860 receives a frame at time 53.4652s ++++
INFO: Detected an invalid packet at item 3616
INFO: Parser returned #f
INFO: Detected an invalid packet at item 3648
INFO: Parser returned #f
++++ frame_probe ID: 1082 receives a frame at time 53.4691s ++++
++++ frame_probe ID: 1083 receives a frame at time 53.4692s ++++
++++ frame_probe ID: 1084 receives a frame at time 53.4692s ++++
++++ frame_probe ID: 1090 receives a frame at time 53.4693s ++++
++++ frame_probe ID: 882 receives a frame at time 53.4762s ++++
++++ frame_probe ID: 882 receives a frame at time 53.4862s ++++
++++ frame_probe ID: 1082 receives a frame at time 53.4882s ++++
++++ frame_probe ID: 1083 receives a frame at time 53.4883s ++++
++++ frame_probe ID: 1084 receives a frame at time 53.4883s ++++
++++ frame_probe ID: 1090 receives a frame at time 53.4884s ++++
++++ frame_probe ID: 1050 receives a frame at time 53.7293s ++++
++++ frame_probe ID: 1060 receives a frame at time 53.7703s ++++
++++ frame_probe ID: 882 receives a frame at time 53.7737s ++++
++++ frame_probe ID: 883 receives a frame at time 53.7737s ++++
++++ frame_probe ID: 884 receives a frame at time 53.7738s ++++
++++ frame_probe ID: 890 receives a frame at time 53.7739s ++++
++++ frame_probe ID: 1082 receives a frame at time 53.7756s ++++
++++ frame_probe ID: 860 receives a frame at time 53.781s ++++
INFO: Detected an invalid packet at item 3776
INFO: Parser returned #f
INFO: Detected an invalid packet at item 3808
INFO: Parser returned #f
++++ frame_probe ID: 1082 receives a frame at time 53.7859s ++++
++++ frame_probe ID: 1083 receives a frame at time 53.786s ++++
++++ frame_probe ID: 1084 receives a frame at time 53.786s ++++
++++ frame_probe ID: 1090 receives a frame at time 53.7861s ++++
++++ frame_probe ID: 882 receives a frame at time 53.7933s ++++
++++ frame_probe ID: 882 receives a frame at time 53.8029s ++++
++++ frame_probe ID: 1082 receives a frame at time 53.8048s ++++
++++ frame_probe ID: 1083 receives a frame at time 53.8049s ++++
++++ frame_probe ID: 1084 receives a frame at time 53.8049s ++++
++++ frame_probe ID: 1090 receives a frame at time 53.805s ++++
++++ frame_probe ID: 1050 receives a frame at time 53.8552s ++++
++++ frame_probe ID: 1060 receives a frame at time 53.896s ++++
++++ frame_probe ID: 1082 receives a frame at time 53.8998s ++++
++++ frame_probe ID: 882 receives a frame at time 53.9078s ++++
++++ frame_probe ID: 883 receives a frame at time 53.9078s ++++
++++ frame_probe ID: 884 receives a frame at time 53.9078s ++++
++++ frame_probe ID: 890 receives a frame at time 53.9079s ++++
++++ frame_probe ID: 860 receives a frame at time 53.9151s ++++
INFO: Detected an invalid packet at item 3936
INFO: Parser returned #f
INFO: Detected an invalid packet at item 3968
INFO: Parser returned #f
++++ frame_probe ID: 1082 receives a frame at time 53.9202s ++++
++++ frame_probe ID: 1083 receives a frame at time 53.9202s ++++
++++ frame_probe ID: 1084 receives a frame at time 53.9203s ++++
++++ frame_probe ID: 1090 receives a frame at time 53.9203s ++++
++++ frame_probe ID: 882 receives a frame at time 53.9278s ++++
++++ frame_probe ID: 882 receives a frame at time 53.9373s ++++
++++ frame_probe ID: 1082 receives a frame at time 53.9391s ++++
++++ frame_probe ID: 1083 receives a frame at time 53.9392s ++++
++++ frame_probe ID: 1084 receives a frame at time 53.9392s ++++
++++ frame_probe ID: 1090 receives a frame at time 53.9393s ++++
measurement 1/5 complete in 4 second(s).
++++ frame_probe ID: 1050 receives a frame at time 54.4069s ++++
++++ frame_probe ID: 1060 receives a frame at time 54.448s ++++
++++ frame_probe ID: 882 receives a frame at time 54.4551s ++++
++++ frame_probe ID: 883 receives a frame at time 54.4552s ++++
++++ frame_probe ID: 884 receives a frame at time 54.4552s ++++
++++ frame_probe ID: 890 receives a frame at time 54.4553s ++++
++++ frame_probe ID: 1082 receives a frame at time 54.4572s ++++
++++ frame_probe ID: 860 receives a frame at time 54.4625s ++++
INFO: Detected an invalid packet at item 4096
INFO: Parser returned #f
INFO: Detected an invalid packet at item 4128
INFO: Parser returned #f
++++ frame_probe ID: 1082 receives a frame at time 54.4665s ++++
++++ frame_probe ID: 1083 receives a frame at time 54.4665s ++++
++++ frame_probe ID: 1084 receives a frame at time 54.4665s ++++
++++ frame_probe ID: 1090 receives a frame at time 54.4666s ++++
++++ frame_probe ID: 882 receives a frame at time 54.4748s ++++
++++ frame_probe ID: 882 receives a frame at time 54.4844s ++++
++++ frame_probe ID: 1082 receives a frame at time 54.4859s ++++
++++ frame_probe ID: 1083 receives a frame at time 54.4859s ++++
++++ frame_probe ID: 1084 receives a frame at time 54.486s ++++
++++ frame_probe ID: 1090 receives a frame at time 54.486s ++++
++++ frame_probe ID: 1050 receives a frame at time 54.4954s ++++
++++ frame_probe ID: 1060 receives a frame at time 54.5361s ++++
++++ frame_probe ID: 882 receives a frame at time 54.5421s ++++
++++ frame_probe ID: 883 receives a frame at time 54.5421s ++++
++++ frame_probe ID: 884 receives a frame at time 54.5421s ++++
++++ frame_probe ID: 890 receives a frame at time 54.5422s ++++
++++ frame_probe ID: 1082 receives a frame at time 54.5433s ++++
++++ frame_probe ID: 860 receives a frame at time 54.5492s ++++
INFO: Detected an invalid packet at item 4256
INFO: Parser returned #f
INFO: Detected an invalid packet at item 4288
INFO: Parser returned #f
++++ frame_probe ID: 1082 receives a frame at time 54.5535s ++++
++++ frame_probe ID: 1083 receives a frame at time 54.5536s ++++
++++ frame_probe ID: 1084 receives a frame at time 54.5536s ++++
++++ frame_probe ID: 1090 receives a frame at time 54.5537s ++++
++++ frame_probe ID: 1050 receives a frame at time 54.5537s ++++
++++ frame_probe ID: 1060 receives a frame at time 54.561s ++++
++++ frame_probe ID: 882 receives a frame at time 54.5611s ++++
++++ frame_probe ID: 882 receives a frame at time 54.5991s ++++
++++ frame_probe ID: 883 receives a frame at time 54.5992s ++++
++++ frame_probe ID: 884 receives a frame at time 54.5992s ++++
++++ frame_probe ID: 890 receives a frame at time 54.5993s ++++
++++ frame_probe ID: 1082 receives a frame at time 54.6005s ++++
++++ frame_probe ID: 860 receives a frame at time 54.6064s ++++
INFO: Detected an invalid packet at item 4384
INFO: Parser returned #f
INFO: Detected an invalid packet at item 4416
INFO: Parser returned #f
++++ frame_probe ID: 1082 receives a frame at time 54.6111s ++++
++++ frame_probe ID: 1083 receives a frame at time ++++ frame_probe ID: 1084 receives a frame at time 54.6111s ++++
54.6111s ++++
++++ frame_probe ID: 1090 receives a frame at time 54.6113s ++++
++++ frame_probe ID: 882 receives a frame at time 54.6186s ++++
++++ frame_probe ID: 882 receives a frame at time 54.6288s ++++
++++ frame_probe ID: 1082 receives a frame at time 54.6298s ++++
++++ frame_probe ID: 1084 receives a frame at time 54.6299s ++++
++++ frame_probe ID: 1083 receives a frame at time 54.6299s ++++
++++ frame_probe ID: 1090 receives a frame at time 54.6299s ++++
++++ frame_probe ID: 1050 receives a frame at time 54.7344s ++++
++++ frame_probe ID: 1060 receives a frame at time 54.7751s ++++
++++ frame_probe ID: 882 receives a frame at time 54.7823s ++++
++++ frame_probe ID: 883 receives a frame at time 54.7823s ++++
++++ frame_probe ID: 884 receives a frame at time 54.7823s ++++
++++ frame_probe ID: 890 receives a frame at time 54.7824s ++++
++++ frame_probe ID: 1082 receives a frame at time 54.7832s ++++
++++ frame_probe ID: 860 receives a frame at time 54.7897s ++++
INFO: Detected an invalid packet at item 4544
INFO: Parser returned #f
INFO: Detected an invalid packet at item 4576
INFO: Parser returned #f
++++ frame_probe ID: 1082 receives a frame at time 54.7933s ++++
++++ frame_probe ID: 1083 receives a frame at time 54.7933s ++++
++++ frame_probe ID: 1084 receives a frame at time 54.7934s ++++
++++ frame_probe ID: 1090 receives a frame at time 54.7935s ++++
++++ frame_probe ID: 882 receives a frame at time 54.8011s ++++
++++ frame_probe ID: 882 receives a frame at time 54.8102s ++++
++++ frame_probe ID: 1082 receives a frame at time 54.812s ++++
++++ frame_probe ID: 1083 receives a frame at time 54.812s ++++
++++ frame_probe ID: 1084 receives a frame at time 54.8121s ++++
++++ frame_probe ID: 1090 receives a frame at time 54.8121s ++++
++++ frame_probe ID: 1050 receives a frame at time 54.8315s ++++
++++ frame_probe ID: 1060 receives a frame at time 54.8722s ++++
++++ frame_probe ID: 882 receives a frame at time 54.8779s ++++
++++ frame_probe ID: 883 receives a frame at time 54.878s ++++
++++ frame_probe ID: 884 receives a frame at time 54.878s ++++
++++ frame_probe ID: 1082 receives a frame at time 54.8781s ++++
++++ frame_probe ID: 890 receives a frame at time 54.8781s ++++
++++ frame_probe ID: 860 receives a frame at time 54.8852s ++++
INFO: Detected an invalid packet at item 4704
INFO: Parser returned #f
INFO: Detected an invalid packet at item 4736
INFO: Parser returned #f
++++ frame_probe ID: 1082 receives a frame at time 54.8885s ++++
++++ frame_probe ID: 1083 receives a frame at time 54.8886s ++++
++++ frame_probe ID: 1084 receives a frame at time 54.8886s ++++
++++ frame_probe ID: 1090 receives a frame at time 54.8887s ++++
++++ frame_probe ID: 1050 receives a frame at time 54.8955s ++++
++++ frame_probe ID: 882 receives a frame at time 54.8972s ++++
++++ frame_probe ID: 882 receives a frame at time 54.9065s ++++
++++ frame_probe ID: 1082 receives a frame at time 54.9076s ++++
++++ frame_probe ID: 1083 receives a frame at time 54.9077s ++++
++++ frame_probe ID: 1084 receives a frame at time 54.9077s ++++
++++ frame_probe ID: 1090 receives a frame at time 54.9077s ++++
++++ frame_probe ID: 1060 receives a frame at time 54.937s ++++
++++ frame_probe ID: 882 receives a frame at time 54.9442s ++++
++++ frame_probe ID: 883 receives a frame at time 54.9442s ++++
++++ frame_probe ID: 884 receives a frame at time 54.9443s ++++
++++ frame_probe ID: 890 receives a frame at time 54.9444s ++++
++++ frame_probe ID: 1082 receives a frame at time 54.9453s ++++
++++ frame_probe ID: 860 receives a frame at time 54.9515s ++++
++++ frame_probe ID: 1082 receives a frame at time 54.9546s ++++
++++ frame_probe ID: 1083 receives a frame at time 54.9546s ++++
++++ frame_probe ID: 1084 receives a frame at time 54.9547s ++++
++++ frame_probe ID: 1090 receives a frame at time 54.9547s ++++
INFO: Detected an invalid packet at item 4864
INFO: Parser returned #f
INFO: Detected an invalid packet at item 4896
INFO: Parser returned #f
++++ frame_probe ID: 882 receives a frame at time 54.963s ++++
++++ frame_probe ID: 1050 receives a frame at time 54.9709s ++++
measurement 1/5 complete in 3 second(s).
++++ frame_probe ID: 882 receives a frame at time 54.9742s ++++
++++ frame_probe ID: 1082 receives a frame at time 54.9742s ++++
++++ frame_probe ID: 1083 receives a frame at time 54.9742s ++++
++++ frame_probe ID: 1084 receives a frame at time 54.9742s ++++
++++ frame_probe ID: 1090 receives a frame at time 54.9743s ++++
++++ frame_probe ID: 1050 receives a frame at time 54.9889s ++++
++++ frame_probe ID: 1060 receives a frame at time 55.0116s ++++
++++ frame_probe ID: 1060 receives a frame at time 55.0116s ++++
timeout ID 10 error: cannot trigger the timeout timer before finishing the last one.
++++ frame_probe ID: 882 receives a frame at time 55.0211s ++++
++++ frame_probe ID: 884 receives a frame at time 55.0212s ++++
++++ frame_probe ID: 883 receives a frame at time 55.0212s ++++
++++ frame_probe ID: 890 receives a frame at time 55.0213s ++++
INFO: Detected an invalid packet at item 2976
INFO: Parser returned #f
++++ frame_probe ID: 1082 receives a frame at time 55.0227s ++++
++++ frame_probe ID: 860 receives a frame at time 55.0283s ++++
INFO: Detected an invalid packet at item 5024
INFO: Parser returned #f
INFO: Detected an invalid packet at item 5056
INFO: Parser returned #f
measurement 1/5 complete in 2 second(s).
measurement 1/5 complete in 1 second(s).
++++ frame_probe ID: 1060 receives a frame at time 57.5546s ++++
++++ frame_probe ID: 882 receives a frame at time 57.5653s ++++
++++ frame_probe ID: 883 receives a frame at time 57.5654s ++++
++++ frame_probe ID: 884 receives a frame at time 57.5654s ++++
++++ frame_probe ID: 890 receives a frame at time 57.5655s ++++
++++ frame_probe ID: 1082 receives a frame at time 57.5665s ++++
++++ frame_probe ID: 860 receives a frame at time 57.5728s ++++
INFO: Detected an invalid packet at item 5120
INFO: Parser returned #f
INFO: Detected an invalid packet at item 5152
INFO: Parser returned #f
++++ frame_probe ID: 1082 receives a frame at time 57.5759s ++++
++++ frame_probe ID: 1083 receives a frame at time 57.5759s ++++
++++ frame_probe ID: 1084 receives a frame at time 57.5759s ++++
++++ frame_probe ID: 1090 receives a frame at time 57.5761s ++++
++++ frame_probe ID: 1050 receives a frame at time 57.5761s ++++
++++ frame_probe ID: 1060 receives a frame at time 57.5837s ++++
++++ frame_probe ID: 882 receives a frame at time 57.5848s ++++
++++ frame_probe ID: 882 receives a frame at time 57.6223s ++++
++++ frame_probe ID: 883 receives a frame at time 57.6223s ++++
++++ frame_probe ID: 884 receives a frame at time 57.6224s ++++
++++ frame_probe ID: 890 receives a frame at time 57.6224s ++++
++++ frame_probe ID: 1082 receives a frame at time 57.6234s ++++
++++ frame_probe ID: 860 receives a frame at time 57.6295s ++++
INFO: Detected an invalid packet at item 5248
INFO: Parser returned #f
INFO: Detected an invalid packet at item 5280
INFO: Parser returned #f
++++ frame_probe ID: 1082 receives a frame at time 57.6338s ++++
++++ frame_probe ID: 1083 receives a frame at time 57.6339s ++++
++++ frame_probe ID: 1084 receives a frame at time 57.6339s ++++
++++ frame_probe ID: 1090 receives a frame at time 57.634s ++++
++++ frame_probe ID: 1050 receives a frame at time 57.6341s ++++
++++ frame_probe ID: 882 receives a frame at time 57.6414s ++++
++++ frame_probe ID: 1060 receives a frame at time 57.6414s ++++
++++ frame_probe ID: 882 receives a frame at time 57.6795s ++++
++++ frame_probe ID: 883 receives a frame at time 57.6795s ++++
++++ frame_probe ID: 884 receives a frame at time 57.6795s ++++
++++ frame_probe ID: 890 receives a frame at time 57.6796s ++++
++++ frame_probe ID: 1082 receives a frame at time 57.6815s ++++
++++ frame_probe ID: 860 receives a frame at time 57.6868s ++++
INFO: Detected an invalid packet at item 5376
INFO: Parser returned #f
INFO: Detected an invalid packet at item 5408
INFO: Parser returned #f
++++ frame_probe ID: 1082 receives a frame at time 57.6909s ++++
++++ frame_probe ID: 1083 receives a frame at time 57.691s ++++
++++ frame_probe ID: 1084 receives a frame at time 57.691s ++++
++++ frame_probe ID: 1090 receives a frame at time 57.6911s ++++
++++ frame_probe ID: 1050 receives a frame at time 57.6912s ++++
++++ frame_probe ID: 1060 receives a frame at time 57.6985s ++++
++++ frame_probe ID: 882 receives a frame at time 57.6993s ++++
++++ frame_probe ID: 882 receives a frame at time 57.7376s ++++
++++ frame_probe ID: 884 receives a frame at time ++++ frame_probe ID: 883 receives a frame at time 57.738s ++++
57.738s ++++
++++ frame_probe ID: 890 receives a frame at time 57.738s ++++
++++ frame_probe ID: 1082 receives a frame at time 57.7387s ++++
++++ frame_probe ID: 860 receives a frame at time 57.7452s ++++
INFO: Detected an invalid packet at item 5504
INFO: Parser returned #f
INFO: Detected an invalid packet at item 5536
INFO: Parser returned #f
++++ frame_probe ID: 882 receives a frame at time 57.7568s ++++
++++ frame_probe ID: 1082 receives a frame at time 57.7575s ++++
++++ frame_probe ID: 1083 receives a frame at time ++++ frame_probe ID: 57.7576s ++++
1084 receives a frame at time 57.7576s ++++
++++ frame_probe ID: 1090 receives a frame at time 57.7577s ++++
++++ frame_probe ID: 1050 receives a frame at time 57.7577s ++++
++++ frame_probe ID: 1060 receives a frame at time 57.765s ++++
++++ frame_probe ID: 882 receives a frame at time 57.8047s ++++
++++ frame_probe ID: 883 receives a frame at time 57.8047s ++++
++++ frame_probe ID: 884 receives a frame at time 57.8048s ++++
++++ frame_probe ID: 890 receives a frame at time 57.8048s ++++
++++ frame_probe ID: 1082 receives a frame at time 57.8058s ++++
++++ frame_probe ID: 860 receives a frame at time 57.812s ++++
INFO: Detected an invalid packet at item 5632
INFO: Parser returned #f
INFO: Detected an invalid packet at item 5664
INFO: Parser returned #f
++++ frame_probe ID: 1082 receives a frame at time 57.815s ++++
++++ frame_probe ID: 1083 receives a frame at time 57.8151s ++++
++++ frame_probe ID: 1084 receives a frame at time 57.8151s ++++
++++ frame_probe ID: 1090 receives a frame at time 57.8151s ++++
++++ frame_probe ID: 1050 receives a frame at time 57.8152s ++++
++++ frame_probe ID: 1060 receives a frame at time 57.8225s ++++
++++ frame_probe ID: 882 receives a frame at time 57.823s ++++
++++ frame_probe ID: 882 receives a frame at time 57.8619s ++++
++++ frame_probe ID: 883 receives a frame at time 57.8619s ++++
++++ frame_probe ID: 884 receives a frame at time 57.8619s ++++
++++ frame_probe ID: 890 receives a frame at time 57.862s ++++
++++ frame_probe ID: 1082 receives a frame at time 57.863s ++++
++++ frame_probe ID: 860 receives a frame at time 57.8691s ++++
INFO: Detected an invalid packet at item 5760
INFO: Parser returned #f
INFO: Detected an invalid packet at item 5792
INFO: Parser returned #f
++++ frame_probe ID: 1082 receives a frame at time 57.8731s ++++
++++ frame_probe ID: 1083 receives a frame at time 57.8732s ++++
++++ frame_probe ID: 1084 receives a frame at time 57.8732s ++++
++++ frame_probe ID: 1090 receives a frame at time 57.8733s ++++
++++ frame_probe ID: 1050 receives a frame at time 57.8734s ++++
++++ frame_probe ID: 882 receives a frame at time 57.8801s ++++
++++ frame_probe ID: 1060 receives a frame at time 57.8806s ++++
++++ frame_probe ID: 882 receives a frame at time 57.9189s ++++
++++ frame_probe ID: 883 receives a frame at time 57.9189s ++++
++++ frame_probe ID: 884 receives a frame at time 57.919s ++++
++++ frame_probe ID: 890 receives a frame at time 57.919s ++++
++++ frame_probe ID: 1082 receives a frame at time 57.92s ++++
++++ frame_probe ID: 860 receives a frame at time 57.9261s ++++
INFO: Detected an invalid packet at item 5888
INFO: Parser returned #f
INFO: Detected an invalid packet at item 5920
INFO: Parser returned #f
++++ frame_probe ID: 1082 receives a frame at time 57.9305s ++++
++++ frame_probe ID: 1083 receives a frame at time 57.9305s ++++
++++ frame_probe ID: 1084 receives a frame at time 57.9306s ++++
++++ frame_probe ID: 1090 receives a frame at time 57.9307s ++++
++++ frame_probe ID: 1050 receives a frame at time 57.9307s ++++
++++ frame_probe ID: 1060 receives a frame at time 57.9379s ++++
++++ frame_probe ID: 882 receives a frame at time 57.9379s ++++
++++ frame_probe ID: 882 receives a frame at time 57.9761s ++++
++++ frame_probe ID: 883 receives a frame at time 57.9762s ++++
++++ frame_probe ID: 884 receives a frame at time 57.9762s ++++
++++ frame_probe ID: 890 receives a frame at time 57.9762s ++++
measurement 1 raw data directory created /home/inets/0_ba/bachelor_thesis/measurements/debug/data/32/1/.
regex pattern is: _________________________________
*_1.txt
/home/inets/source/gr-inets/results
2017_8_9_17_39_4_block1050_sender_bfr_dq_1.txt 2017_8_9_17_39_4_block1060_sender_data_sent_1.txt 2017_8_9_17_39_4_block1082_sender_frame_received_1.txt 2017_8_9_17_39_4_block1083_sender_frame_analyzed_1.txt 2017_8_9_17_39_4_block1084_sender_frame_checked_good_1.txt 2017_8_9_17_39_4_block1090_sender_ack_received_1.txt 2017_8_9_17_39_4_block860_receiver_ack_sent_1.txt 2017_8_9_17_39_4_block882_receiver_frame_received_1.txt 2017_8_9_17_39_4_block883_receiver_frame_analyzed_1.txt 2017_8_9_17_39_4_block884_sender_frame_checked_good_1.txt 2017_8_9_17_39_4_block890_receiver_data_received_1.txt 2017_8_9_17_39_4_counter100_sender_retransmissions_1.txt
'2017_8_9_17_39_4_block1050_sender_bfr_dq_1.txt' -> '/home/inets/0_ba/bachelor_thesis/measurements/debug/data/32/1/2017_8_9_17_39_4_block1050_sender_bfr_dq_1.txt'
'2017_8_9_17_39_4_block1060_sender_data_sent_1.txt' -> '/home/inets/0_ba/bachelor_thesis/measurements/debug/data/32/1/2017_8_9_17_39_4_block1060_sender_data_sent_1.txt'
'2017_8_9_17_39_4_block1082_sender_frame_received_1.txt' -> '/home/inets/0_ba/bachelor_thesis/measurements/debug/data/32/1/2017_8_9_17_39_4_block1082_sender_frame_received_1.txt'
'2017_8_9_17_39_4_block1083_sender_frame_analyzed_1.txt' -> '/home/inets/0_ba/bachelor_thesis/measurements/debug/data/32/1/2017_8_9_17_39_4_block1083_sender_frame_analyzed_1.txt'
'2017_8_9_17_39_4_block1084_sender_frame_checked_good_1.txt' -> '/home/inets/0_ba/bachelor_thesis/measurements/debug/data/32/1/2017_8_9_17_39_4_block1084_sender_frame_checked_good_1.txt'
'2017_8_9_17_39_4_block1090_sender_ack_received_1.txt' -> '/home/inets/0_ba/bachelor_thesis/measurements/debug/data/32/1/2017_8_9_17_39_4_block1090_sender_ack_received_1.txt'
'2017_8_9_17_39_4_block860_receiver_ack_sent_1.txt' -> '/home/inets/0_ba/bachelor_thesis/measurements/debug/data/32/1/2017_8_9_17_39_4_block860_receiver_ack_sent_1.txt'
'2017_8_9_17_39_4_block882_receiver_frame_received_1.txt' -> '/home/inets/0_ba/bachelor_thesis/measurements/debug/data/32/1/2017_8_9_17_39_4_block882_receiver_frame_received_1.txt'
'2017_8_9_17_39_4_block883_receiver_frame_analyzed_1.txt' -> '/home/inets/0_ba/bachelor_thesis/measurements/debug/data/32/1/2017_8_9_17_39_4_block883_receiver_frame_analyzed_1.txt'
'2017_8_9_17_39_4_block884_sender_frame_checked_good_1.txt' -> '/home/inets/0_ba/bachelor_thesis/measurements/debug/data/32/1/2017_8_9_17_39_4_block884_sender_frame_checked_good_1.txt'
'2017_8_9_17_39_4_block890_receiver_data_received_1.txt' -> '/home/inets/0_ba/bachelor_thesis/measurements/debug/data/32/1/2017_8_9_17_39_4_block890_receiver_data_received_1.txt'
'2017_8_9_17_39_4_counter100_sender_retransmissions_1.txt' -> '/home/inets/0_ba/bachelor_thesis/measurements/debug/data/32/1/2017_8_9_17_39_4_counter100_sender_retransmissions_1.txt'
measurement 1 raw data moved to /home/inets/0_ba/bachelor_thesis/measurements/debug/data/32/1/.

measurement 2/5 complete in 15 second(s).
linux; GNU C++ version 5.4.0 20160609; Boost_105800; UHD_003.009.005-45-g6768a615
linux; GNU C++ version 5.4.0 20160609; Boost_105800; UHD_003.009.005-45-g6768a615


Using Volk machine: avx_64_mmx
-- Opening a USRP2/N-Series device...
Using Volk machine: avx_64_mmx
-- Opening a USRP2/N-Series device...
-- Current recv frame size: 1472 bytes
-- Current send frame size: 1472 bytes
-- Current recv frame size: 1472 bytes
-- Current send frame size: 1472 bytes
measurement 2/5 complete in 14 second(s).
develop_mode of general_timer ID: 1 is activated.
measurement 2/5 complete in 13 second(s).
node starts running at 60.3684
general_timer 1 is triggered at time 60.3685 s
timer start time: 60.3686
++++ frame_probe ID: 1050 receives a frame at time 60.9542s ++++
measurement 2/5 complete in 12 second(s).
++++ frame_probe ID: 1060 receives a frame at time 60.9954s ++++
++++ frame_probe ID: 1082 receives a frame at time 61.0027s ++++
++++ frame_probe ID: 882 receives a frame at time 61.0053s ++++
++++ frame_probe ID: 883 receives a frame at time 61.0054s ++++
++++ frame_probe ID: 884 receives a frame at time 61.0054s ++++
++++ frame_probe ID: 890 receives a frame at time 61.0055s ++++
++++ frame_probe ID: 860 receives a frame at time 61.0129s ++++
INFO: Detected an invalid packet at item 32
INFO: Parser returned #f
INFO: Detected an invalid packet at item 64
INFO: Parser returned #f
++++ frame_probe ID: 1082 receives a frame at time 61.0221s ++++
++++ frame_probe ID: 1083 receives a frame at time 61.0221s ++++
++++ frame_probe ID: 1084 receives a frame at time 61.0222s ++++
++++ frame_probe ID: 1090 receives a frame at time 61.0222s ++++
++++ frame_probe ID: 882 receives a frame at time 61.0242s ++++
++++ frame_probe ID: 882 receives a frame at time 61.0346s ++++
++++ frame_probe ID: 1082 receives a frame at time 61.0409s ++++
++++ frame_probe ID: 1083 receives a frame at time 61.041s ++++
++++ frame_probe ID: 1084 receives a frame at time 61.041s ++++
++++ frame_probe ID: 1090 receives a frame at time 61.041s ++++
++++ frame_probe ID: 1050 receives a frame at time 61.4742s ++++
++++ frame_probe ID: 1060 receives a frame at time 61.515s ++++
++++ frame_probe ID: 1082 receives a frame at time 61.5207s ++++
++++ frame_probe ID: 882 receives a frame at time 61.5236s ++++
++++ frame_probe ID: 883 receives a frame at time 61.5237s ++++
++++ frame_probe ID: 884 receives a frame at time 61.5237s ++++
++++ frame_probe ID: 890 receives a frame at time 61.5238s ++++
++++ frame_probe ID: 860 receives a frame at time 61.531s ++++
INFO: Detected an invalid packet at item 192
INFO: Parser returned #f
INFO: Detected an invalid packet at item 224
INFO: Parser returned #f
++++ frame_probe ID: 1082 receives a frame at time 61.5401s ++++
++++ frame_probe ID: 1083 receives a frame at time 61.5401s ++++
++++ frame_probe ID: 1084 receives a frame at time 61.5401s ++++
++++ frame_probe ID: 1090 receives a frame at time 61.5402s ++++
++++ frame_probe ID: 1050 receives a frame at time 61.541s ++++
++++ frame_probe ID: 882 receives a frame at time 61.5432s ++++
++++ frame_probe ID: 882 receives a frame at time 61.5527s ++++
++++ frame_probe ID: 1082 receives a frame at time 61.5593s ++++
++++ frame_probe ID: 1083 receives a frame at time 61.5593s ++++
++++ frame_probe ID: 1084 receives a frame at time 61.5593s ++++
++++ frame_probe ID: 1090 receives a frame at time 61.5594s ++++
++++ frame_probe ID: 1060 receives a frame at time 61.581s ++++
measurement 2/5 complete in 11 second(s).
++++ frame_probe ID: 1050 receives a frame at time 62.4555s ++++
timeout ID ++++ frame_probe ID: 10 error: cannot trigger the timeout timer before finishing the last one.1060
 receives a frame at time 62.4965s ++++
++++ frame_probe ID: 1082 receives a frame at time 62.4991s ++++
++++ frame_probe ID: 882 receives a frame at time 62.5027s ++++
++++ frame_probe ID: 883 receives a frame at time 62.5027s ++++
++++ frame_probe ID: 884 receives a frame at time 62.5028s ++++
++++ frame_probe ID: 890 receives a frame at time 62.5028s ++++
++++ frame_probe ID: 860 receives a frame at time 62.51s ++++
INFO: Detected an invalid packet at item 352
INFO: Parser returned #f
INFO: Detected an invalid packet at item 384
INFO: Parser returned #f
++++ frame_probe ID: 1082 receives a frame at time 62.5184s ++++
++++ frame_probe ID: 1083 receives a frame at time 62.5185s ++++
++++ frame_probe ID: 1084 receives a frame at time 62.5185s ++++
++++ frame_probe ID: 1090 receives a frame at time 62.5186s ++++
++++ frame_probe ID: 882 receives a frame at time 62.5216s ++++
measurement 2/5 complete in 10 second(s).
++++ frame_probe ID: 1050 receives a frame at time 63.225s ++++
++++ frame_probe ID: 1060 receives a frame at time 63.2658s ++++
timeout ID 10 error: cannot trigger the timeout timer before finishing the last one.
++++ frame_probe ID: 882 receives a frame at time 63.2707s ++++
++++ frame_probe ID: 883 receives a frame at time 63.2707s ++++
++++ frame_probe ID: 884 receives a frame at time 63.2707s ++++
++++ frame_probe ID: 890 receives a frame at time 63.2708s ++++
++++ frame_probe ID: 1082 receives a frame at time 63.2768s ++++
++++ frame_probe ID: 860 receives a frame at time 63.278s ++++
INFO: Detected an invalid packet at item 480
INFO: Parser returned #f
INFO: Detected an invalid packet at item 512
INFO: Parser returned #f
++++ frame_probe ID: 1082 receives a frame at time 63.2869s ++++
++++ frame_probe ID: 1083 receives a frame at time 63.2869s ++++
++++ frame_probe ID: 1084 receives a frame at time 63.2869s ++++
++++ frame_probe ID: 1090 receives a frame at time 63.287s ++++
++++ frame_probe ID: 1050 receives a frame at time 63.2871s ++++
++++ frame_probe ID: 882 receives a frame at time 63.2901s ++++
++++ frame_probe ID: 1060 receives a frame at time timeout ID 10 error: cannot trigger the timeout timer before finishing the last one.
63.3277s ++++
++++ frame_probe ID: 1082 receives a frame at time 63.3338s ++++
++++ frame_probe ID: 882 receives a frame at time 63.3375s ++++
++++ frame_probe ID: 883 receives a frame at time 63.3375s ++++
++++ frame_probe ID: 884 receives a frame at time 63.3375s ++++
++++ frame_probe ID: 890 receives a frame at time 63.3376s ++++
++++ frame_probe ID: 860 receives a frame at time 63.3447s ++++
INFO: Detected an invalid packet at item 608
INFO: Parser returned #f
INFO: Detected an invalid packet at item 640
INFO: Parser returned #f
++++ frame_probe ID: 882 receives a frame at time 63.3483s ++++
++++ frame_probe ID: 1082 receives a frame at time 63.353s ++++
++++ frame_probe ID: 1083 receives a frame at time 63.3531s ++++
++++ frame_probe ID: 1084 receives a frame at time 63.3531s ++++
++++ frame_probe ID: 1090 receives a frame at time 63.3531s ++++
++++ frame_probe ID: 1050 receives a frame at time 63.5064s ++++
++++ frame_probe ID: 1060 receives a frame at time timeout ID 10 error: cannot trigger the timeout timer before finishing the last one.
63.5471s ++++
++++ frame_probe ID: 1082 receives a frame at time 63.5543s ++++
++++ frame_probe ID: 882 receives a frame at time 63.5589s ++++
++++ frame_probe ID: 883 receives a frame at time 63.559s ++++
++++ frame_probe ID: 884 receives a frame at time 63.559s ++++
++++ frame_probe ID: 890 receives a frame at time 63.559s ++++
++++ frame_probe ID: 860 receives a frame at time 63.5661s ++++
INFO: Detected an invalid packet at item 736
INFO: Parser returned #f
INFO: Detected an invalid packet at item 768
INFO: Parser returned #f
++++ frame_probe ID: 1082 receives a frame at time 63.5745s ++++
++++ frame_probe ID: 1083 receives a frame at time 63.5746s ++++
++++ frame_probe ID: 1084 receives a frame at time 63.5746s ++++
++++ frame_probe ID: 1090 receives a frame at time 63.5746s ++++
++++ frame_probe ID: 1050 receives a frame at time 63.5747s ++++
++++ frame_probe ID: 882 receives a frame at time 63.5777s ++++
++++ frame_probe ID: 1060 receives a frame at time 63.6153s ++++
timeout ID 10 error: cannot trigger the timeout timer before finishing the last one.
++++ frame_probe ID: 1082 receives a frame at time 63.6212s ++++
++++ frame_probe ID: 882 receives a frame at time 63.6259s ++++
++++ frame_probe ID: 883 receives a frame at time 63.6259s ++++
++++ frame_probe ID: 884 receives a frame at time 63.626s ++++
++++ frame_probe ID: 890 receives a frame at time 63.626s ++++
++++ frame_probe ID: 860 receives a frame at time 63.6331s ++++
INFO: Detected an invalid packet at item 864
INFO: Parser returned #f
INFO: Detected an invalid packet at item 896
INFO: Parser returned #f
++++ frame_probe ID: 1082 receives a frame at time 63.6406s ++++
++++ frame_probe ID: 1083 receives a frame at time 63.6406s ++++
++++ frame_probe ID: 1084 receives a frame at time 63.6406s ++++
++++ frame_probe ID: 1090 receives a frame at time 63.6407s ++++
++++ frame_probe ID: 882 receives a frame at time 63.6447s ++++
++++ frame_probe ID: 1050 receives a frame at time 63.7125s ++++
++++ frame_probe ID: 1060 receives a frame at time timeout ID 10 error: cannot trigger the timeout timer before finishing the last one.
63.7533s ++++
++++ frame_probe ID: 882 receives a frame at time 63.7603s ++++
++++ frame_probe ID: 883 receives a frame at time 63.7604s ++++
++++ frame_probe ID: 884 receives a frame at time 63.7604s ++++
++++ frame_probe ID: 890 receives a frame at time 63.7604s ++++
++++ frame_probe ID: 1082 receives a frame at time 63.7656s ++++
++++ frame_probe ID: 860 receives a frame at time 63.7675s ++++
INFO: Detected an invalid packet at item 992
INFO: Parser returned #f
INFO: Detected an invalid packet at item 1024
INFO: Parser returned #f
++++ frame_probe ID: 1082 receives a frame at time 63.7748s ++++
++++ frame_probe ID: 1083 receives a frame at time 63.7748s ++++
++++ frame_probe ID: 1084 receives a frame at time 63.7749s ++++
++++ frame_probe ID: 1090 receives a frame at time 63.7749s ++++
++++ frame_probe ID: 882 receives a frame at time 63.7792s ++++
++++ frame_probe ID: 1050 receives a frame at time 63.8236s ++++
++++ frame_probe ID: 1060 receives a frame at time timeout ID 10 error: cannot trigger the timeout timer before finishing the last one.
63.8643s ++++
++++ frame_probe ID: 1082 receives a frame at time 63.8711s ++++
++++ frame_probe ID: 882 receives a frame at time 63.8756s ++++
++++ frame_probe ID: 884 receives a frame at time 63.8756s ++++
++++ frame_probe ID: 883 receives a frame at time 63.8757s ++++
++++ frame_probe ID: 890 receives a frame at time 63.8757s ++++
++++ frame_probe ID: 860 receives a frame at time 63.8837s ++++
INFO: Detected an invalid packet at item 1120
INFO: Parser returned #f
INFO: Detected an invalid packet at item 1152
INFO: Parser returned #f
++++ frame_probe ID: 1082 receives a frame at time 63.8903s ++++
++++ frame_probe ID: 1083 receives a frame at time 63.8903s ++++
++++ frame_probe ID: 1084 receives a frame at time 63.8903s ++++
++++ frame_probe ID: 1090 receives a frame at time 63.8904s ++++
++++ frame_probe ID: 882 receives a frame at time 63.8945s ++++
measurement 2/5 complete in 9 second(s).
++++ frame_probe ID: 1060 receives a frame at time 64.1231s ++++
++++ frame_probe ID: 1082 receives a frame at time 64.1306s ++++
++++ frame_probe ID: 882 receives a frame at time 64.1342s ++++
++++ frame_probe ID: 883 receives a frame at time 64.1343s ++++
++++ frame_probe ID: 884 receives a frame at time 64.1343s ++++
++++ frame_probe ID: 890 receives a frame at time 64.1343s ++++
++++ frame_probe ID: 860 receives a frame at time 64.1413s ++++
INFO: Detected an invalid packet at item 1248
INFO: Parser returned #f
INFO: Detected an invalid packet at item 1280
INFO: Parser returned #f
++++ frame_probe ID: 882 receives a frame at time 64.1449s ++++
++++ frame_probe ID: 1082 receives a frame at time 64.1497s ++++
++++ frame_probe ID: 1083 receives a frame at time 64.1498s ++++
++++ frame_probe ID: 1084 receives a frame at time 64.1498s ++++
++++ frame_probe ID: 1090 receives a frame at time 64.1498s ++++
++++ frame_probe ID: 882 receives a frame at time 64.1634s ++++
++++ frame_probe ID: 1082 receives a frame at time 64.1684s ++++
++++ frame_probe ID: 1083 receives a frame at time 64.1684s ++++
++++ frame_probe ID: 1084 receives a frame at time 64.1684s ++++
++++ frame_probe ID: 1090 receives a frame at time 64.1685s ++++
measurement 2/5 complete in 8 second(s).
++++ frame_probe ID: 1050 receives a frame at time 65.3078s ++++
++++ frame_probe ID: 1060 receives a frame at time 65.3484s ++++
++++ frame_probe ID: 882 receives a frame at time 65.3541s ++++
++++ frame_probe ID: 883 receives a frame at time 65.3542s ++++
++++ frame_probe ID: 884 receives a frame at time 65.3542s ++++
++++ frame_probe ID: 890 receives a frame at time 65.3543s ++++
++++ frame_probe ID: 1082 receives a frame at time 65.3596s ++++
++++ frame_probe ID: 860 receives a frame at time 65.3615s ++++
INFO: Detected an invalid packet at item 1408
INFO: Parser returned #f
INFO: Detected an invalid packet at item 1440
INFO: Parser returned #f
++++ frame_probe ID: 1082 receives a frame at time 65.3687s ++++
++++ frame_probe ID: 1083 receives a frame at time 65.3688s ++++
++++ frame_probe ID: 1084 receives a frame at time 65.3688s ++++
++++ frame_probe ID: 1090 receives a frame at time 65.3689s ++++
++++ frame_probe ID: 882 receives a frame at time 65.3734s ++++
++++ frame_probe ID: 882 receives a frame at time 65.3832s ++++
++++ frame_probe ID: 1082 receives a frame at time 65.3883s ++++
++++ frame_probe ID: 1083 receives a frame at time 65.3883s ++++
++++ frame_probe ID: 1084 receives a frame at time 65.3884s ++++
++++ frame_probe ID: 1090 receives a frame at time 65.3884s ++++
measurement 2/5 complete in 7 second(s).
++++ frame_probe ID: 1050 receives a frame at time 66.4378s ++++
++++ frame_probe ID: 1060 receives a frame at time 66.4785s ++++
++++ frame_probe ID: 1082 receives a frame at time 66.4828s ++++
++++ frame_probe ID: 882 receives a frame at time 66.4863s ++++
++++ frame_probe ID: 883 receives a frame at time 66.4864s ++++
++++ frame_probe ID: 890 receives a frame at time ++++ frame_probe ID: 884 receives a frame at time 66.4864s ++++
66.4864s ++++
++++ frame_probe ID: 860 receives a frame at time 66.4935s ++++
INFO: Detected an invalid packet at item 1568
INFO: Parser returned #f
INFO: Detected an invalid packet at item 1600
INFO: Parser returned #f
++++ frame_probe ID: 882 receives a frame at time 66.4975s ++++
++++ frame_probe ID: 1082 receives a frame at time 66.5021s ++++
++++ frame_probe ID: 1083 receives a frame at time 66.5021s ++++
++++ frame_probe ID: 1084 receives a frame at time 66.5021s ++++
++++ frame_probe ID: 1090 receives a frame at time 66.5022s ++++
++++ frame_probe ID: 882 receives a frame at time 66.5156s ++++
++++ frame_probe ID: 1082 receives a frame at time 66.5207s ++++
++++ frame_probe ID: 1083 receives a frame at time 66.5207s ++++
++++ frame_probe ID: 1084 receives a frame at time 66.5207s ++++
++++ frame_probe ID: 1090 receives a frame at time 66.5208s ++++
measurement 2/5 complete in 6 second(s).
++++ frame_probe ID: 1050 receives a frame at time 67.0076s ++++
++++ frame_probe ID: 1060 receives a frame at time 67.0483s ++++
++++ frame_probe ID: 882 receives a frame at time 67.0528s ++++
++++ frame_probe ID: 883 receives a frame at time 67.0528s ++++
++++ frame_probe ID: 884 receives a frame at time 67.0529s ++++
++++ frame_probe ID: 890 receives a frame at time 67.0529s ++++
++++ frame_probe ID: 1082 receives a frame at time 67.0581s ++++
++++ frame_probe ID: 860 receives a frame at time 67.06s ++++
INFO: Detected an invalid packet at item 1728
INFO: Parser returned #f
INFO: Detected an invalid packet at item 1760
INFO: Parser returned #f
++++ frame_probe ID: 1082 receives a frame at time 67.0684s ++++
++++ frame_probe ID: 1083 receives a frame at time 67.0684s ++++
++++ frame_probe ID: 1084 receives a frame at time 67.0684s ++++
++++ frame_probe ID: 1090 receives a frame at time 67.0685s ++++
++++ frame_probe ID: 882 receives a frame at time 67.0726s ++++
++++ frame_probe ID: 882 receives a frame at time 67.082s ++++
++++ frame_probe ID: 1082 receives a frame at time 67.087s ++++
++++ frame_probe ID: 1083 receives a frame at time 67.087s ++++
++++ frame_probe ID: 1084 receives a frame at time 67.0872s ++++
++++ frame_probe ID: 1090 receives a frame at time 67.0873s ++++
++++ frame_probe ID: 1050 receives a frame at time 67.1559s ++++
++++ frame_probe ID: 1060 receives a frame at time 67.1968s ++++
++++ frame_probe ID: 1082 receives a frame at time 67.2024s ++++
++++ frame_probe ID: 882 receives a frame at time 67.2072s ++++
++++ frame_probe ID: 883 receives a frame at time 67.2072s ++++
++++ frame_probe ID: 884 receives a frame at time 67.2073s ++++
++++ frame_probe ID: 890 receives a frame at time 67.2073s ++++
++++ frame_probe ID: 860 receives a frame at time 67.2144s ++++
INFO: Detected an invalid packet at item 1888
INFO: Parser returned #f
INFO: Detected an invalid packet at item 1920
INFO: Parser returned #f
++++ frame_probe ID: 1082 receives a frame at time 67.222s ++++
++++ frame_probe ID: 1083 receives a frame at time 67.222s ++++
++++ frame_probe ID: 1084 receives a frame at time 67.2221s ++++
++++ frame_probe ID: 1090 receives a frame at time 67.2221s ++++
++++ frame_probe ID: 882 receives a frame at time 67.2255s ++++
++++ frame_probe ID: 1050 receives a frame at time 67.2275s ++++
++++ frame_probe ID: 882 receives a frame at time 67.2352s ++++
++++ frame_probe ID: 1082 receives a frame at time 67.2407s ++++
++++ frame_probe ID: 1083 receives a frame at time 67.2408s ++++
++++ frame_probe ID: 1084 receives a frame at time 67.2408s ++++
++++ frame_probe ID: 1090 receives a frame at time 67.2408s ++++
INFO: Detected an invalid packet at item 2016
INFO: Parser returned #f
++++ frame_probe ID: 1060 receives a frame at time 67.2627s ++++
++++ frame_probe ID: 882 receives a frame at time 67.2731s ++++
++++ frame_probe ID: 883 receives a frame at time 67.2732s ++++
++++ frame_probe ID: 884 receives a frame at time 67.2733s ++++
++++ frame_probe ID: 890 receives a frame at time 67.2733s ++++
++++ frame_probe ID: 1082 receives a frame at time 67.2794s ++++
++++ frame_probe ID: 860 receives a frame at time 67.2803s ++++
INFO: Detected an invalid packet at item 2080
INFO: Parser returned #f
INFO: Detected an invalid packet at item 2112
INFO: Parser returned #f
++++ frame_probe ID: 1082 receives a frame at time 67.2887s ++++
++++ frame_probe ID: 1083 receives a frame at time 67.2887s ++++
++++ frame_probe ID: 1084 receives a frame at time 67.2887s ++++
++++ frame_probe ID: 1090 receives a frame at time 67.2888s ++++
++++ frame_probe ID: 882 receives a frame at time 67.2923s ++++
++++ frame_probe ID: 882 receives a frame at time 67.3025s ++++
++++ frame_probe ID: 1082 receives a frame at time 67.3074s ++++
++++ frame_probe ID: 1083 receives a frame at time 67.3075s ++++
++++ frame_probe ID: 1084 receives a frame at time 67.3075s ++++
++++ frame_probe ID: 1090 receives a frame at time 67.3076s ++++
++++ frame_probe ID: 1050 receives a frame at time 67.5828s ++++
++++ frame_probe ID: 1060 receives a frame at time 67.6236s ++++
++++ frame_probe ID: 882 receives a frame at time 67.6282s ++++
++++ frame_probe ID: 883 receives a frame at time 67.6282s ++++
++++ frame_probe ID: 884 receives a frame at time 67.6283s ++++
++++ frame_probe ID: 890 receives a frame at time 67.6283s ++++
++++ frame_probe ID: 1082 receives a frame at time 67.6347s ++++
++++ frame_probe ID: 860 receives a frame at time 67.6354s ++++
INFO: Detected an invalid packet at item 2240
INFO: Parser returned #f
INFO: Detected an invalid packet at item 2272
INFO: Parser returned #f
++++ frame_probe ID: 1082 receives a frame at time 67.6448s ++++
++++ frame_probe ID: 1084 receives a frame at time 67.6448s ++++
++++ frame_probe ID: 1083 receives a frame at time 67.6449s ++++
++++ frame_probe ID: 1090 receives a frame at time 67.6449s ++++
++++ frame_probe ID: 882 receives a frame at time 67.6471s ++++
++++ frame_probe ID: 882 receives a frame at time 67.6574s ++++
++++ frame_probe ID: 1082 receives a frame at time 67.663s ++++
++++ frame_probe ID: 1084 receives a frame at time 67.6631s ++++
++++ frame_probe ID: 1083 receives a frame at time 67.6631s ++++
++++ frame_probe ID: 1090 receives a frame at time 67.6632s ++++
++++ frame_probe ID: 1050 receives a frame at time 67.6847s ++++
++++ frame_probe ID: 1060 receives a frame at time 67.7254s ++++
++++ frame_probe ID: 1082 receives a frame at time 67.7306s ++++
++++ frame_probe ID: 882 receives a frame at time 67.7343s ++++
++++ frame_probe ID: 883 receives a frame at time 67.7343s ++++
++++ frame_probe ID: 884 receives a frame at time 67.7343s ++++
++++ frame_probe ID: 890 receives a frame at time 67.7344s ++++
++++ frame_probe ID: 860 receives a frame at time 67.7414s ++++
INFO: Detected an invalid packet at item 2400
INFO: Parser returned #f
INFO: Detected an invalid packet at item 2432
INFO: Parser returned #f
++++ frame_probe ID: 1082 receives a frame at time 67.7501s ++++
++++ frame_probe ID: 1083 receives a frame at time 67.7501s ++++
++++ frame_probe ID: 1084 receives a frame at time 67.7502s ++++
++++ frame_probe ID: 1090 receives a frame at time 67.7502s ++++
++++ frame_probe ID: 1050 receives a frame at time 67.7503s ++++
++++ frame_probe ID: 882 receives a frame at time 67.7531s ++++
++++ frame_probe ID: 1060 receives a frame at time 67.7575s ++++
++++ frame_probe ID: 1082 receives a frame at time 67.7966s ++++
++++ frame_probe ID: 882 receives a frame at time 67.8012s ++++
++++ frame_probe ID: 883 receives a frame at time 67.8012s ++++
++++ frame_probe ID: 884 receives a frame at time 67.8013s ++++
++++ frame_probe ID: 890 receives a frame at time 67.8013s ++++
++++ frame_probe ID: 860 receives a frame at time 67.8083s ++++
INFO: Detected an invalid packet at item 2528
INFO: Parser returned #f
INFO: Detected an invalid packet at item 2560
INFO: Parser returned #f
++++ frame_probe ID: 1082 receives a frame at time 67.8168s ++++
++++ frame_probe ID: 1083 receives a frame at time 67.8169s ++++
++++ frame_probe ID: 1084 receives a frame at time 67.8169s ++++
++++ frame_probe ID: 1090 receives a frame at time 67.817s ++++
++++ frame_probe ID: 882 receives a frame at time 67.8202s ++++
++++ frame_probe ID: 882 receives a frame at time 67.8296s ++++
++++ frame_probe ID: 1082 receives a frame at time 67.8349s ++++
++++ frame_probe ID: 1083 receives a frame at time 67.8349s ++++
++++ frame_probe ID: 1084 receives a frame at time 67.835s ++++
++++ frame_probe ID: 1090 receives a frame at time 67.835s ++++
measurement 2/5 complete in 5 second(s).
++++ frame_probe ID: 1050 receives a frame at time 68.1024s ++++
++++ frame_probe ID: 1060 receives a frame at time 68.143s ++++
++++ frame_probe ID: 882 receives a frame at time 68.1465s ++++
++++ frame_probe ID: 883 receives a frame at time 68.1466s ++++
++++ frame_probe ID: 890 receives a frame at time 68.1466s ++++
++++ frame_probe ID: 884 receives a frame at time 68.1473s ++++
++++ frame_probe ID: 1082 receives a frame at time 68.1519s ++++
++++ frame_probe ID: 860 receives a frame at time 68.154s ++++
INFO: Detected an invalid packet at item 2688
INFO: Parser returned #f
INFO: Detected an invalid packet at item 2720
INFO: Parser returned #f
++++ frame_probe ID: 1082 receives a frame at time 68.1618s ++++
++++ frame_probe ID: 1083 receives a frame at time 68.1619s ++++
++++ frame_probe ID: 1084 receives a frame at time 68.1619s ++++
++++ frame_probe ID: 1090 receives a frame at time 68.162s ++++
++++ frame_probe ID: 882 receives a frame at time 68.166s ++++
++++ frame_probe ID: 882 receives a frame at time 68.1753s ++++
++++ frame_probe ID: 1082 receives a frame at time 68.1799s ++++
++++ frame_probe ID: 1083 receives a frame at time 68.1799s ++++
++++ frame_probe ID: 1084 receives a frame at time 68.1799s ++++
++++ frame_probe ID: 1090 receives a frame at time 68.18s ++++
++++ frame_probe ID: 1050 receives a frame at time 68.2367s ++++
++++ frame_probe ID: 1060 receives a frame at time 68.2773s ++++
++++ frame_probe ID: 882 receives a frame at time 68.2814s ++++
++++ frame_probe ID: 883 receives a frame at time 68.2815s ++++
++++ frame_probe ID: 884 receives a frame at time 68.2815s ++++
++++ frame_probe ID: 890 receives a frame at time 68.2816s ++++
++++ frame_probe ID: 1082 receives a frame at time 68.2859s ++++
++++ frame_probe ID: 860 receives a frame at time 68.2885s ++++
INFO: Detected an invalid packet at item 2848
INFO: Parser returned #f
INFO: Detected an invalid packet at item 2880
INFO: Parser returned #f
++++ frame_probe ID: 1082 receives a frame at time 68.2953s ++++
++++ frame_probe ID: 1083 receives a frame at time 68.2953s ++++
++++ frame_probe ID: 1084 receives a frame at time 68.2953s ++++
++++ frame_probe ID: 1090 receives a frame at time 68.2954s ++++
++++ frame_probe ID: 882 receives a frame at time 68.3003s ++++
++++ frame_probe ID: 882 receives a frame at time 68.3097s ++++
++++ frame_probe ID: 1082 receives a frame at time 68.3139s ++++
++++ frame_probe ID: 1083 receives a frame at time 68.3139s ++++
++++ frame_probe ID: 1084 receives a frame at time 68.314s ++++
++++ frame_probe ID: 1090 receives a frame at time 68.314s ++++
++++ frame_probe ID: 1050 receives a frame at time 68.6796s ++++
++++ frame_probe ID: 1060 receives a frame at time 68.7204s ++++
++++ frame_probe ID: 1082 receives a frame at time 68.7272s ++++
++++ frame_probe ID: 882 receives a frame at time 68.7327s ++++
++++ frame_probe ID: 884 receives a frame at time 68.7327s ++++
++++ frame_probe ID: 890 receives a frame at time 68.7328s ++++
++++ frame_probe ID: 883 receives a frame at time 68.7329s ++++
++++ frame_probe ID: 860 receives a frame at time 68.74s ++++
INFO: Detected an invalid packet at item 3008
INFO: Parser returned #f
INFO: Detected an invalid packet at item 3040
INFO: Parser returned #f
++++ frame_probe ID: 1082 receives a frame at time 68.7464s ++++
++++ frame_probe ID: 1084 receives a frame at time ++++ frame_probe ID: 1083 receives a frame at time 68.7464s ++++
68.7465s ++++
++++ frame_probe ID: 1090 receives a frame at time 68.7465s ++++
++++ frame_probe ID: 882 receives a frame at time 68.7511s ++++
++++ frame_probe ID: 882 receives a frame at time 68.7609s ++++
++++ frame_probe ID: 1082 receives a frame at time 68.7646s ++++
++++ frame_probe ID: 1083 receives a frame at time ++++ frame_probe ID: 1084 receives a frame at time 68.7646s ++++
68.7646s ++++
++++ frame_probe ID: 1090 receives a frame at time 68.7647s ++++
++++ frame_probe ID: 1050 receives a frame at time 68.8163s ++++
++++ frame_probe ID: 1060 receives a frame at time 68.8571s ++++
++++ frame_probe ID: 1082 receives a frame at time 68.8603s ++++
++++ frame_probe ID: 882 receives a frame at time 68.8657s ++++
++++ frame_probe ID: 883 receives a frame at time 68.8658s ++++
++++ frame_probe ID: 884 receives a frame at time 68.8658s ++++
++++ frame_probe ID: 890 receives a frame at time 68.8658s ++++
++++ frame_probe ID: 860 receives a frame at time 68.8728s ++++
INFO: Detected an invalid packet at item 3168
INFO: Parser returned #f
INFO: Detected an invalid packet at item 3200
INFO: Parser returned #f
++++ frame_probe ID: 882 receives a frame at time 68.8767s ++++
++++ frame_probe ID: 1082 receives a frame at time 68.8795s ++++
++++ frame_probe ID: 1083 receives a frame at time 68.8796s ++++
++++ frame_probe ID: 1084 receives a frame at time 68.8796s ++++
++++ frame_probe ID: 1090 receives a frame at time 68.8796s ++++
++++ frame_probe ID: 1082 receives a frame at time 68.8895s ++++
++++ frame_probe ID: 1083 receives a frame at time 68.8896s ++++
++++ frame_probe ID: 1084 receives a frame at time 68.8896s ++++
++++ frame_probe ID: 1090 receives a frame at time 68.8896s ++++
++++ frame_probe ID: 882 receives a frame at time 68.895s ++++
++++ frame_probe ID: 1050 receives a frame at time 68.9222s ++++
++++ frame_probe ID: 1060 receives a frame at time 68.9628s ++++
++++ frame_probe ID: 1082 receives a frame at time 68.9664s ++++
++++ frame_probe ID: 882 receives a frame at time 68.9719s ++++
++++ frame_probe ID: 884 receives a frame at time ++++ frame_probe ID: 883 receives a frame at time 68.9719s ++++
68.9719s ++++
++++ frame_probe ID: 890 receives a frame at time 68.9719s ++++
++++ frame_probe ID: 860 receives a frame at time 68.9789s ++++
INFO: Detected an invalid packet at item 3328
INFO: Parser returned #f
INFO: Detected an invalid packet at item 3360
INFO: Parser returned #f
++++ frame_probe ID: 1082 receives a frame at time 68.9857s ++++
++++ frame_probe ID: 1083 receives a frame at time 68.9858s ++++
++++ frame_probe ID: 1084 receives a frame at time 68.9858s ++++
++++ frame_probe ID: 1090 receives a frame at time 68.9859s ++++
++++ frame_probe ID: 882 receives a frame at time 68.9909s ++++
measurement 2/5 complete in 4 second(s).
++++ frame_probe ID: 882 receives a frame at time 69.0002s ++++
++++ frame_probe ID: 1082 receives a frame at time 69.0044s ++++
++++ frame_probe ID: 1083 receives a frame at time 69.0044s ++++
++++ frame_probe ID: 1084 receives a frame at time 69.0044s ++++
++++ frame_probe ID: 1090 receives a frame at time 69.0045s ++++
++++ frame_probe ID: 1050 receives a frame at time 69.0439s ++++
++++ frame_probe ID: 1060 receives a frame at time 69.0845s ++++
++++ frame_probe ID: 1082 receives a frame at time 69.0909s ++++
++++ frame_probe ID: 882 receives a frame at time 69.0962s ++++
++++ frame_probe ID: 883 receives a frame at time 69.0963s ++++
++++ frame_probe ID: 884 receives a frame at time 69.0963s ++++
++++ frame_probe ID: 890 receives a frame at time 69.0963s ++++
++++ frame_probe ID: 860 receives a frame at time 69.1033s ++++
INFO: Detected an invalid packet at item 3488
INFO: Parser returned #f
INFO: Detected an invalid packet at item 3520
INFO: Parser returned #f
++++ frame_probe ID: 882 receives a frame at time 69.1071s ++++
++++ frame_probe ID: 1082 receives a frame at time 69.1101s ++++
++++ frame_probe ID: 1083 receives a frame at time 69.1102s ++++
++++ frame_probe ID: 1084 receives a frame at time 69.1102s ++++
++++ frame_probe ID: 1090 receives a frame at time 69.1102s ++++
++++ frame_probe ID: 1050 receives a frame at time 69.1103s ++++
++++ frame_probe ID: 1060 receives a frame at time 69.1174s ++++
++++ frame_probe ID: 882 receives a frame at time 69.1543s ++++
++++ frame_probe ID: 883 receives a frame at time 69.1544s ++++
++++ frame_probe ID: 884 receives a frame at time 69.1544s ++++
++++ frame_probe ID: 890 receives a frame at time 69.1544s ++++
++++ frame_probe ID: 1082 receives a frame at time 69.158s ++++
++++ frame_probe ID: 860 receives a frame at time 69.1614s ++++
INFO: Detected an invalid packet at item 3616
INFO: Parser returned #f
INFO: Detected an invalid packet at item 3648
INFO: Parser returned #f
++++ frame_probe ID: 1082 receives a frame at time 69.1671s ++++
++++ frame_probe ID: 1083 receives a frame at time 69.1671s ++++
++++ frame_probe ID: 1084 receives a frame at time 69.1672s ++++
++++ frame_probe ID: 1090 receives a frame at time 69.1673s ++++
++++ frame_probe ID: 882 receives a frame at time 69.1733s ++++
++++ frame_probe ID: 1082 receives a frame at time 69.1773s ++++
++++ frame_probe ID: 1084 receives a frame at time 69.1774s ++++
++++ frame_probe ID: 1083 receives a frame at time 69.1774s ++++
++++ frame_probe ID: 1090 receives a frame at time 69.1774s ++++
++++ frame_probe ID: 882 receives a frame at time 69.1827s ++++
++++ frame_probe ID: 1050 receives a frame at time 69.186s ++++
++++ frame_probe ID: 1060 receives a frame at time 69.2269s ++++
++++ frame_probe ID: 882 receives a frame at time 69.2306s ++++
++++ frame_probe ID: 883 receives a frame at time 69.2306s ++++
++++ frame_probe ID: 884 receives a frame at time 69.2306s ++++
++++ frame_probe ID: 890 receives a frame at time 69.2306s ++++
++++ frame_probe ID: 1082 receives a frame at time 69.2342s ++++
++++ frame_probe ID: 860 receives a frame at time 69.2375s ++++
INFO: Detected an invalid packet at item 3776
INFO: Parser returned #f
INFO: Detected an invalid packet at item 3808
INFO: Parser returned #f
++++ frame_probe ID: 882 receives a frame at time 69.2411s ++++
++++ frame_probe ID: 1082 receives a frame at time 69.2443s ++++
++++ frame_probe ID: 1083 receives a frame at time 69.2443s ++++
++++ frame_probe ID: 1084 receives a frame at time 69.2443s ++++
++++ frame_probe ID: 1090 receives a frame at time 69.2444s ++++
++++ frame_probe ID: 882 receives a frame at time 69.2596s ++++
++++ frame_probe ID: 1082 receives a frame at time 69.263s ++++
++++ frame_probe ID: 1083 receives a frame at time 69.263s ++++
++++ frame_probe ID: 1084 receives a frame at time 69.263s ++++
++++ frame_probe ID: 1090 receives a frame at time 69.2631s ++++
++++ frame_probe ID: 1050 receives a frame at time 69.3421s ++++
++++ frame_probe ID: 1060 receives a frame at time 69.3828s ++++
++++ frame_probe ID: 1082 receives a frame at time 69.3889s ++++
++++ frame_probe ID: 882 receives a frame at time 69.3943s ++++
++++ frame_probe ID: 883 receives a frame at time 69.3943s ++++
++++ frame_probe ID: 884 receives a frame at time 69.3944s ++++
++++ frame_probe ID: 890 receives a frame at time 69.3944s ++++
++++ frame_probe ID: 860 receives a frame at time 69.4014s ++++
INFO: Detected an invalid packet at item 3936
INFO: Parser returned #f
INFO: Detected an invalid packet at item 3968
INFO: Parser returned #f
++++ frame_probe ID: 1082 receives a frame at time 69.4081s ++++
++++ frame_probe ID: 1083 receives a frame at time 69.4081s ++++
++++ frame_probe ID: 1084 receives a frame at time 69.4081s ++++
++++ frame_probe ID: 1090 receives a frame at time 69.4082s ++++
++++ frame_probe ID: 882 receives a frame at time 69.4131s ++++
++++ frame_probe ID: 882 receives a frame at time 69.4235s ++++
++++ frame_probe ID: 1082 receives a frame at time 69.426s ++++
++++ frame_probe ID: 1083 receives a frame at time 69.4261s ++++
++++ frame_probe ID: 1084 receives a frame at time 69.4261s ++++
++++ frame_probe ID: 1090 receives a frame at time 69.4262s ++++
++++ frame_probe ID: 1050 receives a frame at time 69.9107s ++++
++++ frame_probe ID: 1060 receives a frame at time 69.9518s ++++
++++ frame_probe ID: 882 receives a frame at time 69.9607s ++++
++++ frame_probe ID: 883 receives a frame at time 69.9607s ++++
++++ frame_probe ID: 884 receives a frame at time 69.9608s ++++
++++ frame_probe ID: 890 receives a frame at time 69.9608s ++++
++++ frame_probe ID: 1082 receives a frame at time 69.9643s ++++
++++ frame_probe ID: 860 receives a frame at time 69.968s ++++
INFO: Detected an invalid packet at item 4096
INFO: Parser returned #f
INFO: Detected an invalid packet at item 4128
INFO: Parser returned #f
++++ frame_probe ID: 1082 receives a frame at time 69.9734s ++++
++++ frame_probe ID: 1083 receives a frame at time 69.9734s ++++
++++ frame_probe ID: 1084 receives a frame at time 69.9735s ++++
++++ frame_probe ID: 1090 receives a frame at time 69.9735s ++++
++++ frame_probe ID: 882 receives a frame at time 69.9794s ++++
++++ frame_probe ID: 882 receives a frame at time 69.9898s ++++
++++ frame_probe ID: 1082 receives a frame at time 69.9929s ++++
++++ frame_probe ID: 1083 receives a frame at time 69.9929s ++++
++++ frame_probe ID: 1084 receives a frame at time 69.9929s ++++
++++ frame_probe ID: 1090 receives a frame at time 69.993s ++++
measurement 2/5 complete in 3 second(s).
++++ frame_probe ID: 1050 receives a frame at time 70.2224s ++++
++++ frame_probe ID: 1060 receives a frame at time 70.263s ++++
++++ frame_probe ID: 882 receives a frame at time 70.2692s ++++
++++ frame_probe ID: 883 receives a frame at time 70.2692s ++++
++++ frame_probe ID: 884 receives a frame at time 70.2692s ++++
++++ frame_probe ID: 890 receives a frame at time 70.2693s ++++
++++ frame_probe ID: 1082 receives a frame at time 70.2706s ++++
++++ frame_probe ID: 860 receives a frame at time 70.2793s ++++
INFO: Detected an invalid packet at item 4256
INFO: Parser returned #f
INFO: Detected an invalid packet at item 4288
INFO: Parser returned #f
++++ frame_probe ID: 882 receives a frame at time 70.2881s ++++
++++ frame_probe ID: 1082 receives a frame at time 70.29s ++++
++++ frame_probe ID: 1083 receives a frame at time 70.29s ++++
++++ frame_probe ID: 1084 receives a frame at time 70.29s ++++
++++ frame_probe ID: 1090 receives a frame at time 70.2901s ++++
++++ frame_probe ID: 1050 receives a frame at time 70.2902s ++++
++++ frame_probe ID: 1060 receives a frame at time 70.2974s ++++
++++ frame_probe ID: 882 receives a frame at time 70.3351s ++++
++++ frame_probe ID: 883 receives a frame at time 70.3351s ++++
++++ frame_probe ID: 884 receives a frame at time 70.3352s ++++
++++ frame_probe ID: 890 receives a frame at time 70.3353s ++++
++++ frame_probe ID: 1082 receives a frame at time 70.3377s ++++
++++ frame_probe ID: 860 receives a frame at time 70.3423s ++++
INFO: Detected an invalid packet at item 4384
INFO: Parser returned #f
INFO: Detected an invalid packet at item 4416
INFO: Parser returned #f
++++ frame_probe ID: 1082 receives a frame at time 70.348s ++++
++++ frame_probe ID: 1083 receives a frame at time 70.348s ++++
++++ frame_probe ID: 1084 receives a frame at time 70.3481s ++++
++++ frame_probe ID: 1090 receives a frame at time 70.3481s ++++
++++ frame_probe ID: 882 receives a frame at time 70.354s ++++
++++ frame_probe ID: 882 receives a frame at time 70.3636s ++++
++++ frame_probe ID: 1082 receives a frame at time 70.3667s ++++
++++ frame_probe ID: 1084 receives a frame at time ++++ frame_probe ID: 1083 receives a frame at time 70.3668s ++++
70.3668s ++++
++++ frame_probe ID: 1090 receives a frame at time 70.3669s ++++
++++ frame_probe ID: 1050 receives a frame at time 70.7037s ++++
++++ frame_probe ID: 1060 receives a frame at time 70.7444s ++++
++++ frame_probe ID: 882 receives a frame at time 70.7483s ++++
++++ frame_probe ID: 883 receives a frame at time 70.7484s ++++
++++ frame_probe ID: 884 receives a frame at time 70.7484s ++++
++++ frame_probe ID: 890 receives a frame at time 70.7484s ++++
++++ frame_probe ID: 1082 receives a frame at time 70.7508s ++++
++++ frame_probe ID: 860 receives a frame at time 70.7556s ++++
INFO: Detected an invalid packet at item 4544
INFO: Parser returned #f
INFO: Detected an invalid packet at item 4576
INFO: Parser returned #f
++++ frame_probe ID: 1082 receives a frame at time 70.7602s ++++
++++ frame_probe ID: 1083 receives a frame at time 70.7603s ++++
++++ frame_probe ID: 1084 receives a frame at time 70.7603s ++++
++++ frame_probe ID: 1090 receives a frame at time 70.7604s ++++
++++ frame_probe ID: 882 receives a frame at time 70.7667s ++++
++++ frame_probe ID: 882 receives a frame at time 70.7764s ++++
++++ frame_probe ID: 1082 receives a frame at time 70.7796s ++++
++++ frame_probe ID: 1083 receives a frame at time 70.7797s ++++
++++ frame_probe ID: 1084 receives a frame at time 70.7797s ++++
++++ frame_probe ID: 1090 receives a frame at time 70.7798s ++++
++++ frame_probe ID: 1050 receives a frame at time 70.9142s ++++
++++ frame_probe ID: 1060 receives a frame at time 70.955s ++++
++++ frame_probe ID: 882 receives a frame at time 70.9588s ++++
++++ frame_probe ID: 883 receives a frame at time 70.9588s ++++
++++ frame_probe ID: 884 receives a frame at time 70.9589s ++++
++++ frame_probe ID: 890 receives a frame at time 70.9589s ++++
++++ frame_probe ID: 1082 receives a frame at time 70.9615s ++++
++++ frame_probe ID: 860 receives a frame at time 70.9662s ++++
INFO: Detected an invalid packet at item 4704
INFO: Parser returned #f
INFO: Detected an invalid packet at item 4736
INFO: Parser returned #f
++++ frame_probe ID: 1082 receives a frame at time 70.9719s ++++
++++ frame_probe ID: 1083 receives a frame at time 70.972s ++++
++++ frame_probe ID: 1084 receives a frame at time 70.972s ++++
++++ frame_probe ID: 1090 receives a frame at time 70.9721s ++++
++++ frame_probe ID: 882 receives a frame at time 70.9771s ++++
++++ frame_probe ID: 882 receives a frame at time 70.9871s ++++
++++ frame_probe ID: 1082 receives a frame at time 70.9909s ++++
++++ frame_probe ID: 1083 receives a frame at time 70.9909s ++++
++++ frame_probe ID: 1084 receives a frame at time 70.991s ++++
++++ frame_probe ID: 1090 receives a frame at time 70.991s ++++
measurement 2/5 complete in 2 second(s).
