measurement 1/2 complete in 20 second(s).
linux; GNU C++ version 5.4.0 20160609; Boost_105800; UHD_003.009.005-45-g6768a615
linux; GNU C++ version 5.4.0 20160609; Boost_105800; UHD_003.009.005-45-g6768a615


Using Volk machine: avx_64_mmx
develop_mode of timeout ID: 10 is activated.
Using Volk machine: avx_64_mmx
-- Opening a USRP2/N-Series device...
-- Opening a USRP2/N-Series device...
-- Current recv frame size: 1472 bytes
-- Current send frame size: 1472 bytes
-- Current recv frame size: 1472 bytes
-- Current send frame size: 1472 bytes
measurement 1/2 complete in 19 second(s).
measurement 1/2 complete in 18 second(s).
measurement 1/2 complete in 17 second(s).
measurement 1/2 complete in 16 second(s).
measurement 1/2 complete in 15 second(s).
measurement 1/2 complete in 14 second(s).
measurement 1/2 complete in 13 second(s).
measurement 1/2 complete in 12 second(s).
measurement 1/2 complete in 11 second(s).
measurement 1/2 complete in 10 second(s).
measurement 1/2 complete in 9 second(s).
measurement 1/2 complete in 8 second(s).
measurement 1/2 complete in 7 second(s).
measurement 1/2 complete in 6 second(s).
measurement 1/2 complete in 5 second(s).
measurement 1/2 complete in 4 second(s).
measurement 1/2 complete in 3 second(s).
measurement 1/2 complete in 2 second(s).
measurement 1/2 complete in 1 second(s).
measurement 1 raw data directory created /home/inets/0_ba/bachelor_thesis/measurements/debug/data/123/1/.
regex pattern is: _________________________________
*_2.txt
/home/inets/source/gr-inets/results

measurement 1 raw data moved to /home/inets/0_ba/bachelor_thesis/measurements/debug/data/123/1/.

measurement 2/2 complete in 20 second(s).
linux; GNU C++ version 5.4.0 20160609; Boost_105800; UHD_003.009.005-45-g6768a615
linux; GNU C++ version 5.4.0 20160609; Boost_105800; UHD_003.009.005-45-g6768a615


Using Volk machine: avx_64_mmx
develop_mode of timeout ID: 10 is activated.
Using Volk machine: avx_64_mmx
-- Opening a USRP2/N-Series device...
-- Opening a USRP2/N-Series device...
-- Current recv frame size: 1472 bytes
-- Current send frame size: 1472 bytes
-- Current recv frame size: 1472 bytes
-- Current send frame size: 1472 bytes
