measurement 1/2 complete in 20 second(s).
linux; GNU C++ version 5.4.0 20160609; Boost_105800; UHD_003.009.005-45-g6768a615

linux; GNU C++ version 5.4.0 20160609; Boost_105800; UHD_003.009.005-45-g6768a615

Using Volk machine: avx_64_mmx
develop_mode of timeout ID: 10 is activated.
-- Opening a USRP2/N-Series device...
Using Volk machine: avx_64_mmx
-- Opening a USRP2/N-Series device...
-- Current recv frame size: 1472 bytes
-- Current recv frame size: 1472 bytes
-- Current send frame size: 1472 bytes
-- Current send frame size: 1472 bytes
measurement 1/2 complete in 19 second(s).
measurement 1/2 complete in 18 second(s).
node starts running at 84.4684
measurement 1/2 complete in 17 second(s).
++++ frame_probe ID: 1050 receives a frame at time 85.1685s ++++
++++ frame_probe ID: 1060 receives a frame at time +++ timeout ID: 10 start timeout +++85.2091s ++++
timeout timer start time: 85.2092
++++ frame_probe ID: 882 receives a frame at time 85.2139s ++++
++++ frame_probe ID: 883 receives a frame at time 85.2139s ++++
++++ frame_probe ID: 884 receives a frame at time 85.214s ++++
++++ frame_probe ID: 890 receives a frame at time 85.214s ++++
INFO: Detected an invalid packet at item 0
INFO: Parser returned #f
++++ frame_probe ID: 860 receives a frame at time 85.2211s ++++
INFO: Detected an invalid packet at item 32
INFO: Parser returned #f
++++ frame_probe ID: 1082 receives a frame at time 85.2286s ++++
++++ frame_probe ID: 1083 receives a frame at time 85.2287s ++++
++++ frame_probe ID: 1084 receives a frame at time 85.2287s ++++
++++ frame_probe ID: 1090 receives a frame at time 85.2288s ++++
++++ frame_probe ID: 1050 receives a frame at time 85.2288s ++++
+++  timeout ID: 10 kill timeout  +++timeout is terminated by correctly received ack frame.
* timeout ID: 10 timeout timer is killed  at time 85.2292 s.  actual timeout duration is: 0.020028 s
++++ frame_probe ID: 1060 receives a frame at time +++ timeout ID: 10 start timeout +++85.2694s ++++
timeout timer start time: 85.2695
INFO: Detected an invalid packet at item 64
INFO: Parser returned #f
++++ frame_probe ID: 882 receives a frame at time 85.2815s ++++
++++ frame_probe ID: 883 receives a frame at time 85.2815s ++++
++++ frame_probe ID: 884 receives a frame at time 85.2816s ++++
++++ frame_probe ID: 890 receives a frame at time 85.2816s ++++
++++ frame_probe ID: 860 receives a frame at time 85.2887s ++++
++++ frame_probe ID: 1082 receives a frame at time 85.2958s ++++
++++ frame_probe ID: 1083 receives a frame at time 85.2959s ++++
++++ frame_probe ID: 1084 receives a frame at time 85.2959s ++++
++++ frame_probe ID: 1090 receives a frame at time +++  timeout ID: 10 kill timeout  +++85.2959s ++++
timeout is terminated by correctly received ack frame.
* timeout ID: 10 timeout timer is killed  at time 85.2969 s.  actual timeout duration is: 0.027457 s
INFO: Detected an invalid packet at item 96
INFO: Parser returned #f
++++ frame_probe ID: 1050 receives a frame at time 85.3807s ++++
++++ frame_probe ID: 1060 receives a frame at time +++ timeout ID: 10 start timeout +++85.4214s ++++
timeout timer start time: 85.4215
++++ frame_probe ID: 882 receives a frame at time 85.4257s ++++
++++ frame_probe ID: 883 receives a frame at time 85.4257s ++++
++++ frame_probe ID: 884 receives a frame at time 85.4257s ++++
++++ frame_probe ID: 890 receives a frame at time 85.4258s ++++
INFO: Detected an invalid packet at item 128
INFO: Parser returned #f
++++ frame_probe ID: 860 receives a frame at time 85.4329s ++++
++++ frame_probe ID: 1082 receives a frame at time 85.4393s ++++
++++ frame_probe ID: 1083 receives a frame at time 85.4393s ++++
++++ frame_probe ID: 1084 receives a frame at time 85.4394s ++++
+++  timeout ID: 10 kill timeout  +++++++ frame_probe ID: 1090 receives a frame at time 85.4394s ++++
timeout is terminated by correctly received ack frame.
* timeout ID: 10 timeout timer is killed  at time 85.4395 s.  actual timeout duration is: 0.01797 s
++++ frame_probe ID: 1050 receives a frame at time 85.5539s ++++
+++ timeout ID: 10 start timeout +++++++ frame_probe ID: 1060 receives a frame at time 85.5947s ++++
timeout timer start time: 85.5948
++++ frame_probe ID: 882 receives a frame at time 85.5983s ++++
++++ frame_probe ID: 883 receives a frame at time 85.5983s ++++
++++ frame_probe ID: 884 receives a frame at time 85.5984s ++++
++++ frame_probe ID: 890 receives a frame at time 85.5984s ++++
INFO: Detected an invalid packet at item 192
INFO: Parser returned #f
++++ frame_probe ID: 860 receives a frame at time 85.6055s ++++
++++ frame_probe ID: 1082 receives a frame at time 85.6128s ++++
++++ frame_probe ID: 1083 receives a frame at time 85.6128s ++++
++++ frame_probe ID: 1084 receives a frame at time 85.6129s ++++
++++ frame_probe ID: 1090 receives a frame at time 85.6129s ++++
+++  timeout ID: 10 kill timeout  +++timeout is terminated by correctly received ack frame.
* timeout ID: 10 timeout timer is killed  at time 85.6137 s.  actual timeout duration is: 0.018991 s
INFO: Detected an invalid packet at item 192
INFO: Parser returned #f
measurement 1/2 complete in 16 second(s).
++++ frame_probe ID: 1050 receives a frame at time 86.5728s ++++
++++ frame_probe ID: 1060 receives a frame at time +++ timeout ID: 10 start timeout +++86.6134s ++++
timeout timer start time: 86.6134
INFO: Detected an invalid packet at item 256
INFO: Parser returned #f
++++ frame_probe ID: 882 receives a frame at time 86.6252s ++++
++++ frame_probe ID: ++++ frame_probe ID: 883 receives a frame at time 884 receives a frame at time 86.6253s ++++
86.6253s ++++
++++ frame_probe ID: 890 receives a frame at time 86.6253s ++++
++++ frame_probe ID: 860 receives a frame at time 86.6323s ++++
INFO: Detected an invalid packet at item 256
INFO: Parser returned #f
++++ frame_probe ID: 1082 receives a frame at time 86.6368s ++++
++++ frame_probe ID: 1083 receives a frame at time ++++ frame_probe ID: 1084 receives a frame at time 86.6368s ++++
86.6368s ++++
+++  timeout ID: 10 kill timeout  +++++++ frame_probe ID: 1090 receives a frame at time 86.6369s ++++
timeout is terminated by correctly received ack frame.
* timeout ID: 10 timeout timer is killed  at time 86.6374 s.  actual timeout duration is: 0.024047 s
++++ frame_probe ID: 1050 receives a frame at time 86.6383s ++++
++++ frame_probe ID: 1082 receives a frame at time 86.6421s ++++
++++ frame_probe ID: 1083 receives a frame at time 86.6421s ++++
++++ frame_probe ID: 1084 receives a frame at time 86.6421s ++++
+++  timeout ID: 10 kill timeout  +++timeout ID 10 received a frame out of timeout interval.
++++ frame_probe ID: 1090 receives a frame at time 86.6422s ++++
++++ frame_probe ID: 1050 receives a frame at time 86.6791s ++++
++++ frame_probe ID: 1060 receives a frame at time 86.6791s ++++
+++ timeout ID: 10 start timeout +++timeout timer start time: 86.6793
++++ frame_probe ID: 882 receives a frame at time 86.6822s ++++
++++ frame_probe ID: 883 receives a frame at time 86.6822s ++++
++++ frame_probe ID: 884 receives a frame at time 86.6823s ++++
++++ frame_probe ID: 890 receives a frame at time 86.6823s ++++
INFO: Detected an invalid packet at item 352
INFO: Parser returned #f
++++ frame_probe ID: 860 receives a frame at time 86.6894s ++++
++++ frame_probe ID: 1060 receives a frame at time +++ timeout ID: 10 start timeout +++timeout ID 10 error: cannot trigger the timeout timer before finishing the last one.86.7199
s ++++
++++ frame_probe ID: 1082 receives a frame at time 86.7256s ++++
++++ frame_probe ID: 882 receives a frame at time 86.7302s ++++
* timeout ID: 10 timeout timer is expired at time 86.7804 s.  timeout duration is: 100 [ms]
++++ frame_probe ID: 1060 receives a frame at time +++ timeout ID: 10 start timeout +++86.821s ++++
timeout timer start time: 86.8211
++++ frame_probe ID: 882 receives a frame at time 86.8265s ++++
++++ frame_probe ID: 883 receives a frame at time 86.8265s ++++
++++ frame_probe ID: 884 receives a frame at time 86.8265s ++++
++++ frame_probe ID: 890 receives a frame at time 86.8266s ++++
INFO: Detected an invalid packet at item 416
INFO: Parser returned #f
++++ frame_probe ID: 860 receives a frame at time 86.8335s ++++
++++ frame_probe ID: 1082 receives a frame at time 86.8414s ++++
++++ frame_probe ID: 1084 receives a frame at time 86.8414s ++++
++++ frame_probe ID: 1083 receives a frame at time 86.8414s ++++
+++  timeout ID: 10 kill timeout  +++++++ frame_probe ID: 1090 receives a frame at time 86.8415s ++++
timeout is terminated by correctly received ack frame.
* timeout ID: 10 timeout timer is killed  at time 86.842 s.  actual timeout duration is: 0.020979 s
INFO: Detected an invalid packet at item 384
INFO: Parser returned #f
++++ frame_probe ID: 1050 receives a frame at time 86.918s ++++
+++ timeout ID: 10 start timeout +++++++ frame_probe ID: 1060 receives a frame at time 86.9587s ++++
timeout timer start time: 86.9587
INFO: Detected an invalid packet at item 480
INFO: Parser returned #f
++++ frame_probe ID: 882 receives a frame at time 86.9708s ++++
++++ frame_probe ID: 883 receives a frame at time 86.9708s ++++
++++ frame_probe ID: 884 receives a frame at time 86.9708s ++++
++++ frame_probe ID: 890 receives a frame at time 86.9709s ++++
++++ frame_probe ID: 1082 receives a frame at time 86.9753s ++++
++++ frame_probe ID: 1083 receives a frame at time 86.9753s ++++
++++ frame_probe ID: 1084 receives a frame at time 86.9754s ++++
++++ frame_probe ID: 1090 receives a frame at time 86.9754s +++++++  timeout ID: 
10 kill timeout  +++timeout is terminated by correctly received ack frame.
* timeout ID: 10 timeout timer is killed  at time 86.9755 s.  actual timeout duration is: 0.016836 s
++++ frame_probe ID: 860 receives a frame at time 86.978s ++++
++++ frame_probe ID: 882 receives a frame at time 86.982s ++++
INFO: Detected an invalid packet at item 480
INFO: Parser returned #f
++++ frame_probe ID: 1050 receives a frame at time 87.0048s ++++
++++ frame_probe ID: 1060 receives a frame at time +++ timeout ID: 10 start timeout +++87.0454s ++++
timeout timer start time: 87.0454
INFO: Detected an invalid packet at item 544
INFO: Parser returned #f
++++ frame_probe ID: 882 receives a frame at time 87.0561s ++++
++++ frame_probe ID: 883 receives a frame at time 87.0561s ++++
++++ frame_probe ID: 884 receives a frame at time 87.0562s ++++
++++ frame_probe ID: 890 receives a frame at time 87.0562s ++++
measurement 1/2 complete in 15 second(s).
++++ frame_probe ID: 1082 receives a frame at time 87.0617s ++++
++++ frame_probe ID: 1083 receives a frame at time 87.0618s ++++
++++ frame_probe ID: 1084 receives a frame at time 87.0618s ++++
++++ frame_probe ID: 1090 receives a frame at time 87.0619s ++++
+++  timeout ID: 10 kill timeout  +++timeout is terminated by correctly received ack frame.
* timeout ID: 10 timeout timer is killed  at time 87.0623 s.  actual timeout duration is: 0.016807 s
++++ frame_probe ID: 860 receives a frame at time 87.0631s ++++
INFO: Detected an invalid packet at item 544
INFO: Parser returned #f
INFO: Detected an invalid packet at item 576
INFO: Parser returned #f
++++ frame_probe ID: 1050 receives a frame at time 87.1176s ++++
++++ frame_probe ID: 1060 receives a frame at time +++ timeout ID: 87.1581s ++++10
 start timeout +++timeout timer start time: 87.1582
++++ frame_probe ID: 882 receives a frame at time 87.1623s ++++
++++ frame_probe ID: 883 receives a frame at time 87.1623s ++++
++++ frame_probe ID: 884 receives a frame at time 87.1624s ++++
++++ frame_probe ID: 890 receives a frame at time 87.1624s ++++
++++ frame_probe ID: 860 receives a frame at time 87.1694s ++++
INFO: Detected an invalid packet at item 640
INFO: Parser returned #f
++++ frame_probe ID: 1082 receives a frame at time 87.1768s ++++
++++ frame_probe ID: 1083 receives a frame at time 87.1769s ++++
++++ frame_probe ID: 1084 receives a frame at time 87.1769s ++++
++++ frame_probe ID: 1090 receives a frame at time 87.177s ++++
+++  timeout ID: 10 kill timeout  +++timeout is terminated by correctly received ack frame.
++++ frame_probe ID: 1050 receives a frame at time 87.177s ++++
* timeout ID: 10 timeout timer is killed  at time 87.1772 s.  actual timeout duration is: 0.018985 s
++++ frame_probe ID: 882 receives a frame at time 87.1815s ++++
++++ frame_probe ID: 1082 receives a frame at time 87.1868s ++++
++++ frame_probe ID: 1083 receives a frame at time 87.1875s ++++
++++ frame_probe ID: 1085 receives a frame at time 87.1875s ++++
++++ frame_probe ID: 1060 receives a frame at time 87.2176s ++++
+++ timeout ID: 10 start timeout +++timeout timer start time: 87.2177
INFO: Detected an invalid packet at item 672
INFO: Parser returned #f
++++ frame_probe ID: 882 receives a frame at time 87.2294s ++++
++++ frame_probe ID: 883 receives a frame at time 87.2294s ++++
++++ frame_probe ID: 884 receives a frame at time 87.2295s ++++
++++ frame_probe ID: 890 receives a frame at time 87.2295s ++++
++++ frame_probe ID: 860 receives a frame at time 87.2365s ++++
INFO: Detected an invalid packet at item 736
INFO: Parser returned #f
INFO: Detected an invalid packet at item 704
INFO: Parser returned #f
++++ frame_probe ID: 1082 receives a frame at time 87.2444s ++++
++++ frame_probe ID: 1083 receives a frame at time 87.2444s ++++
++++ frame_probe ID: 1084 receives a frame at time 87.2445s ++++
++++ frame_probe ID: 1090 receives a frame at time 87.2445s ++++
+++  timeout ID: 10 kill timeout  +++timeout is terminated by correctly received ack frame.
* timeout ID: 10 timeout timer is killed  at time 87.245 s.  actual timeout duration is: 0.02728 s
++++ frame_probe ID: 1050 receives a frame at time 87.4206s ++++
++++ frame_probe ID: 1060 receives a frame at time 87.4612s ++++
+++ timeout ID: 10 start timeout +++timeout timer start time: 87.4613
INFO: Detected an invalid packet at item 768
INFO: Parser returned #f
++++ frame_probe ID: 882 receives a frame at time 87.4701s ++++
++++ frame_probe ID: 883 receives a frame at time 87.4702s ++++
++++ frame_probe ID: 884 receives a frame at time 87.4702s ++++
++++ frame_probe ID: 890 receives a frame at time 87.4702s ++++
++++ frame_probe ID: 860 receives a frame at time 87.4772s ++++
++++ frame_probe ID: 1082 receives a frame at time 87.4845s ++++
++++ frame_probe ID: 1083 receives a frame at time 87.4845s ++++
++++ frame_probe ID: 1084 receives a frame at time 87.4845s ++++
++++ frame_probe ID: 1090 receives a frame at time 87.4846s ++++
+++  timeout ID: 10 kill timeout  +++timeout is terminated by correctly received ack frame.
* timeout ID: 10 timeout timer is killed  at time 87.4854 s.  actual timeout duration is: 0.024138 s
INFO: Detected an invalid packet at item 800
INFO: Parser returned #f
++++ frame_probe ID: 1050 receives a frame at time 87.5052s ++++
++++ frame_probe ID: 1060 receives a frame at time +++ timeout ID: 10 start timeout +++87.5457s ++++
timeout timer start time: 87.5458
INFO: Detected an invalid packet at item 832
INFO: Parser returned #f
++++ frame_probe ID: 882 receives a frame at time 87.5561s ++++
++++ frame_probe ID: 883 receives a frame at time 87.5561s ++++
++++ frame_probe ID: 884 receives a frame at time 87.5562s ++++
++++ frame_probe ID: 890 receives a frame at time 87.5562s ++++
++++ frame_probe ID: 860 receives a frame at time 87.5631s ++++
INFO: Detected an invalid packet at item 864
INFO: Parser returned #f
++++ frame_probe ID: 1082 receives a frame at time 87.5706s ++++
++++ frame_probe ID: 1083 receives a frame at time 87.5706s ++++
++++ frame_probe ID: 1084 receives a frame at time 87.5706s ++++
+++  timeout ID: 10 kill timeout  +++++++ frame_probe ID: 1090 receives a frame at time 87.5707s ++++
timeout is terminated by correctly received ack frame.
* timeout ID: 10 timeout timer is killed  at time 87.571 s.  actual timeout duration is: 0.025268 s
measurement 1/2 complete in 14 second(s).
++++ frame_probe ID: 1050 receives a frame at time 88.1678s ++++
++++ frame_probe ID: 1060 receives a frame at time 88.2087s ++++
+++ timeout ID: 10 start timeout +++timeout timer start time: 88.2087
INFO: Detected an invalid packet at item 896
INFO: Parser returned #f
++++ frame_probe ID: 882 receives a frame at time 88.2193s ++++
++++ frame_probe ID: 883 receives a frame at time 88.2194s ++++
++++ frame_probe ID: 884 receives a frame at time 88.2194s ++++
++++ frame_probe ID: 890 receives a frame at time 88.2194s ++++
++++ frame_probe ID: 860 receives a frame at time 88.2265s ++++
INFO: Detected an invalid packet at item 928
INFO: Parser returned #f
++++ frame_probe ID: 1082 receives a frame at time 88.234s ++++
++++ frame_probe ID: 1083 receives a frame at time 88.2341s ++++
++++ frame_probe ID: 1084 receives a frame at time 88.2341s ++++
+++  timeout ID: 10 kill timeout  +++++++ frame_probe ID: 1090 receives a frame at time 88.2342s ++++
timeout is terminated by correctly received ack frame.
* timeout ID: 10 timeout timer is killed  at time 88.2352 s.  actual timeout duration is: 0.026501 s
INFO: Detected an invalid packet at item 928
INFO: Parser returned #f
++++ frame_probe ID: 1050 receives a frame at time 88.5103s ++++
++++ frame_probe ID: 1060 receives a frame at time +++ timeout ID: 88.551s ++++
10 start timeout +++timeout timer start time: 88.5511
++++ frame_probe ID: 882 receives a frame at time 88.5548s ++++
++++ frame_probe ID: 883 receives a frame at time 88.5548s ++++
++++ frame_probe ID: 884 receives a frame at time 88.5549s ++++
++++ frame_probe ID: 890 receives a frame at time 88.5549s ++++
INFO: Detected an invalid packet at item 992
INFO: Parser returned #f
++++ frame_probe ID: 860 receives a frame at time 88.562s ++++
++++ frame_probe ID: 1082 receives a frame at time 88.5694s ++++
++++ frame_probe ID: 1083 receives a frame at time 88.5695s ++++
++++ frame_probe ID: 1084 receives a frame at time 88.5695s ++++
++++ frame_probe ID: 1090 receives a frame at time 88.5696s ++++
+++  timeout ID: 10 kill timeout  +++timeout is terminated by correctly received ack frame.
* timeout ID: 10 timeout timer is killed  at time 88.5701 s.  actual timeout duration is: 0.018965 s
INFO: Detected an invalid packet at item 992
INFO: Parser returned #f
++++ frame_probe ID: 882 receives a frame at time 88.5744s ++++
++++ frame_probe ID: 1082 receives a frame at time 88.5792s ++++
++++ frame_probe ID: 1084 receives a frame at time 88.5793s ++++
++++ frame_probe ID: 1083 receives a frame at time 88.5793s ++++
++++ frame_probe ID: 1090 receives a frame at time 88.5793s ++++
+++  timeout ID: 10 kill timeout  +++timeout ID 10 received a frame out of timeout interval.
++++ frame_probe ID: 1050 receives a frame at time 88.8654s ++++
++++ frame_probe ID: 1060 receives a frame at time 88.9063+++ timeout ID: s ++++
10 start timeout +++timeout timer start time: 88.9064
++++ frame_probe ID: 882 receives a frame at time 88.9095s ++++
++++ frame_probe ID: 883 receives a frame at time 88.9096s ++++
++++ frame_probe ID: 884 receives a frame at time 88.9097s ++++
++++ frame_probe ID: 890 receives a frame at time 88.9098s ++++
INFO: Detected an invalid packet at item 1088
INFO: Parser returned #f
++++ frame_probe ID: 860 receives a frame at time 88.9169s ++++
++++ frame_probe ID: 1082 receives a frame at time 88.9243s ++++
++++ frame_probe ID: 1083 receives a frame at time 88.9243s ++++
++++ frame_probe ID: 1084 receives a frame at time 88.9244s ++++
++++ frame_probe ID: 1090 receives a frame at time 88.9244+++  timeout ID: s ++++
10 kill timeout  +++timeout is terminated by correctly received ack frame.
* timeout ID: 10 timeout timer is killed  at time 88.9255 s.  actual timeout duration is: 0.019031 s
INFO: Detected an invalid packet at item 1088
INFO: Parser returned #f
INFO: Detected an invalid packet at item 1120
INFO: Parser returned #f
measurement 1/2 complete in 13 second(s).
++++ frame_probe ID: 1050 receives a frame at time 89.1041s ++++
++++ frame_probe ID: 1060 receives a frame at time +++ timeout ID: 10 start timeout +++89.1448s ++++
timeout timer start time: 89.1449
++++ frame_probe ID: 882 receives a frame at time 89.1489s ++++
++++ frame_probe ID: 883 receives a frame at time 89.1489s ++++
++++ frame_probe ID: 884 receives a frame at time 89.1489s ++++
++++ frame_probe ID: 890 receives a frame at time 89.149s ++++
++++ frame_probe ID: 860 receives a frame at time 89.156s ++++
++++ frame_probe ID: 1082 receives a frame at time 89.1644s ++++
++++ frame_probe ID: 1083 receives a frame at time 89.1645s ++++
++++ frame_probe ID: 1084 receives a frame at time 89.1645s ++++
++++ frame_probe ID: 1090 receives a frame at time 89.1646s ++++
+++  timeout ID: 10 kill timeout  +++timeout is terminated by correctly received ack frame.
* timeout ID: 10 timeout timer is killed  at time 89.1649 s.  actual timeout duration is: 0.02002 s
++++ frame_probe ID: 1050 receives a frame at time 89.2422s ++++
++++ frame_probe ID: 1060 receives a frame at time 89.2829s ++++
+++ timeout ID: 10 start timeout +++timeout timer start time: 89.283
INFO: Detected an invalid packet at item 1184
INFO: Parser returned #f
++++ frame_probe ID: 882 receives a frame at time 89.2934s ++++
++++ frame_probe ID: 883 receives a frame at time 89.2934s ++++
++++ frame_probe ID: 884 receives a frame at time 89.2935s ++++
++++ frame_probe ID: 890 receives a frame at time 89.2935s ++++
++++ frame_probe ID: 860 receives a frame at time 89.3005s ++++
INFO: Detected an invalid packet at item 1216
INFO: Parser returned #f
++++ frame_probe ID: 1082 receives a frame at time 89.3092s ++++
++++ frame_probe ID: 1083 receives a frame at time 89.3092s ++++
++++ frame_probe ID: 1084 receives a frame at time 89.3093s ++++
++++ frame_probe ID: 1090 receives a frame at time 89.3093s ++++
+++  timeout ID: 10 kill timeout  +++timeout is terminated by correctly received ack frame.
* timeout ID: 10 timeout timer is killed  at time 89.3093 s.  actual timeout duration is: 0.026361 s
INFO: Detected an invalid packet at item 1216
INFO: Parser returned #f
++++ frame_probe ID: 1050 receives a frame at time 89.5636s ++++
++++ frame_probe ID: 1060 receives a frame at time +++ timeout ID: 10 start timeout +++89.6042s ++++
timeout timer start time: 89.6042
++++ frame_probe ID: 882 receives a frame at time 89.6103s ++++
++++ frame_probe ID: 883 receives a frame at time 89.6103s ++++
++++ frame_probe ID: 884 receives a frame at time 89.6104s ++++
++++ frame_probe ID: 890 receives a frame at time 89.6104s ++++
++++ frame_probe ID: 860 receives a frame at time 89.6175s ++++
INFO: Detected an invalid packet at item 1280
INFO: Parser returned #f
++++ frame_probe ID: 1082 receives a frame at time 89.6258s ++++
++++ frame_probe ID: 1083 receives a frame at time 89.6258s ++++
++++ frame_probe ID: 1084 receives a frame at time 89.6259s ++++
++++ frame_probe ID: 1090 receives a frame at time 89.6259s ++++
+++  timeout ID: 10 kill timeout  +++timeout is terminated by correctly received ack frame.
* timeout ID: 10 timeout timer is killed  at time 89.6264 s.  actual timeout duration is: 0.022173 s
++++ frame_probe ID: 1050 receives a frame at time 89.6764s ++++
++++ frame_probe ID: 1060 receives a frame at time 89.7173s ++++
+++ timeout ID: 10 start timeout +++timeout timer start time: 89.7174
INFO: Detected an invalid packet at item 1344
INFO: Parser returned #f
++++ frame_probe ID: 882 receives a frame at time 89.725s ++++
++++ frame_probe ID: 883 receives a frame at time 89.7251s ++++
++++ frame_probe ID: 884 receives a frame at time 89.7251s ++++
++++ frame_probe ID: 890 receives a frame at time 89.7251s ++++
++++ frame_probe ID: 860 receives a frame at time 89.732s ++++
INFO: Detected an invalid packet at item 1312
INFO: Parser returned #f
++++ frame_probe ID: 1082 receives a frame at time 89.7406s ++++
++++ frame_probe ID: 1083 receives a frame at time 89.7406s ++++
++++ frame_probe ID: 1084 receives a frame at time 89.7407s ++++
++++ frame_probe ID: 1090 receives a frame at time 89.7407s ++++
+++  timeout ID: 10 kill timeout  +++++++ frame_probe ID: 1050 receives a frame at time 89.7407s ++++
timeout is terminated by correctly received ack frame.
* timeout ID: 10 timeout timer is killed  at time 89.7417 s.  actual timeout duration is: 0.024276 s
++++ frame_probe ID: 1060 receives a frame at time +++ timeout ID: 10 start timeout +++89.7813s ++++
timeout timer start time: 89.7813
INFO: Detected an invalid packet at item 1408
INFO: Parser returned #f
++++ frame_probe ID: 882 receives a frame at time 89.7922s ++++
++++ frame_probe ID: 883 receives a frame at time 89.7923s ++++
++++ frame_probe ID: 884 receives a frame at time 89.7924s ++++
++++ frame_probe ID: 890 receives a frame at time 89.7924s ++++
++++ frame_probe ID: 860 receives a frame at time 89.7994s ++++
++++ frame_probe ID: 1082 receives a frame at time 89.8077s ++++
++++ frame_probe ID: 1083 receives a frame at time 89.8077s ++++
++++ frame_probe ID: 1084 receives a frame at time 89.8078s ++++
++++ frame_probe ID: 1090 receives a frame at time 89.8078s ++++
+++  timeout ID: 10 kill timeout  +++timeout is terminated by correctly received ack frame.
* timeout ID: 10 timeout timer is killed  at time 89.8088 s.  actual timeout duration is: 0.027413 s
INFO: Detected an invalid packet at item 1376
INFO: Parser returned #f
measurement 1/2 complete in 12 second(s).
++++ frame_probe ID: 1050 receives a frame at time 90.254s ++++
++++ frame_probe ID: 1060 receives a frame at time +++ timeout ID: 90.2947s ++++10
 start timeout +++timeout timer start time: 90.2948
++++ frame_probe ID: 882 receives a frame at time 90.3008s ++++
++++ frame_probe ID: 883 receives a frame at time 90.3009s ++++
++++ frame_probe ID: 884 receives a frame at time 90.3009s ++++
++++ frame_probe ID: 890 receives a frame at time 90.301s ++++
++++ frame_probe ID: 860 receives a frame at time 90.308s ++++
++++ frame_probe ID: 1082 receives a frame at time 90.3164s ++++
++++ frame_probe ID: 1083 receives a frame at time 90.3164s ++++
++++ frame_probe ID: 1084 receives a frame at time 90.3165s ++++
++++ frame_probe ID: 1090 receives a frame at time 90.3166s ++++
+++  timeout ID: 10 kill timeout  +++timeout is terminated by correctly received ack frame.
* timeout ID: 10 timeout timer is killed  at time 90.317 s.  actual timeout duration is: 0.022175 s
++++ frame_probe ID: 1050 receives a frame at time 90.3182s ++++
INFO: Detected an invalid packet at item 1440
INFO: Parser returned #f
++++ frame_probe ID: 1060 receives a frame at time +++ timeout ID: 10 start timeout +++90.3589s ++++
timeout timer start time: 90.359
INFO: Detected an invalid packet at item 1504
INFO: Parser returned #f
++++ frame_probe ID: 882 receives a frame at time 90.3678s ++++
++++ frame_probe ID: 883 receives a frame at time 90.3679s ++++
++++ frame_probe ID: 884 receives a frame at time 90.3679s ++++
++++ frame_probe ID: 890 receives a frame at time 90.368s ++++
++++ frame_probe ID: 860 receives a frame at time 90.375s ++++
++++ frame_probe ID: 1082 receives a frame at time 90.3834s ++++
++++ frame_probe ID: 1083 receives a frame at time 90.3834s ++++
++++ frame_probe ID: 1084 receives a frame at time 90.3834s ++++
++++ frame_probe ID: 1090 receives a frame at time 90.3835s ++++
+++  timeout ID: 10 kill timeout  +++timeout is terminated by correctly received ack frame.
* timeout ID: 10 timeout timer is killed  at time 90.3841 s.  actual timeout duration is: 0.025157 s
INFO: Detected an invalid packet at item 1504
INFO: Parser returned #f
INFO: Detected an invalid packet at item 1536
INFO: Parser returned #f
++++ frame_probe ID: 1050 receives a frame at time 90.52s ++++
++++ frame_probe ID: 1060 receives a frame at time +++ timeout ID: 10 start timeout +++90.5605s ++++
timeout timer start time: 90.5605
++++ frame_probe ID: 882 receives a frame at time 90.5692s ++++
++++ frame_probe ID: 883 receives a frame at time 90.5692s ++++
++++ frame_probe ID: 884 receives a frame at time 90.5693s ++++
++++ frame_probe ID: 890 receives a frame at time 90.5693s ++++
++++ frame_probe ID: 1082 receives a frame at time 90.5759s ++++
++++ frame_probe ID: 1083 receives a frame at time 90.576s ++++
++++ frame_probe ID: 1085 receives a frame at time 90.576s ++++
++++ frame_probe ID: 860 receives a frame at time 90.5762s ++++
INFO: Detected an invalid packet at item 1600
INFO: Parser returned #f
++++ frame_probe ID: 1082 receives a frame at time ++++ frame_probe ID: 1083 receives a frame at time 90.5856s ++++
90.5856s ++++
++++ frame_probe ID: 1084 receives a frame at time 90.5857s ++++
++++ frame_probe ID: 1090 receives a frame at time 90.5858s ++++
+++  timeout ID: 10 kill timeout  +++timeout is terminated by correctly received ack frame.
* timeout ID: 10 timeout timer is killed  at time 90.5859 s.  actual timeout duration is: 0.02537 s
++++ frame_probe ID: 1050 receives a frame at time 90.7224s ++++
+++ timeout ID: ++++ frame_probe ID: 101060 start timeout +++ receives a frame at time 90.7631s ++++
timeout timer start time: 90.7632
INFO: Detected an invalid packet at item 1632
INFO: Parser returned #f
++++ frame_probe ID: 882 receives a frame at time 90.7708s ++++
++++ frame_probe ID: 883 receives a frame at time 90.7709s ++++
++++ frame_probe ID: 884 receives a frame at time 90.7709s ++++
++++ frame_probe ID: 890 receives a frame at time 90.771s ++++
++++ frame_probe ID: 860 receives a frame at time 90.7781s ++++
++++ frame_probe ID: 1082 receives a frame at time 90.7874s ++++
++++ frame_probe ID: 1083 receives a frame at time 90.7874s ++++
++++ frame_probe ID: 1084 receives a frame at time 90.7875s ++++
++++ frame_probe ID: 1090 receives a frame at time +++  timeout ID: 10 kill timeout  +++90.7875s ++++
timeout is terminated by correctly received ack frame.
* timeout ID: 10 timeout timer is killed  at time 90.7885 s.  actual timeout duration is: 0.025299 s
INFO: Detected an invalid packet at item 1664
INFO: Parser returned #f
++++ frame_probe ID: 1050 receives a frame at time 90.8754s ++++
++++ frame_probe ID: 1060 receives a frame at time 90.916s ++++
+++ timeout ID: 10 start timeout +++timeout timer start time: 90.9161
++++ frame_probe ID: 882 receives a frame at time 90.924s ++++
++++ frame_probe ID: 883 receives a frame at time 90.924s ++++
++++ frame_probe ID: 884 receives a frame at time 90.9241s ++++
++++ frame_probe ID: 890 receives a frame at time 90.9241s ++++
++++ frame_probe ID: 860 receives a frame at time 90.9311s ++++
++++ frame_probe ID: 1082 receives a frame at time 90.9405s ++++
++++ frame_probe ID: 1083 receives a frame at time 90.9405s ++++
++++ frame_probe ID: 1084 receives a frame at time 90.9406s ++++
+++  timeout ID: 10 kill timeout  +++++++ frame_probe ID: 1090 receives a frame at time 90.9406s ++++
timeout is terminated by correctly received ack frame.
* timeout ID: 10 timeout timer is killed  at time 90.9413 s.  actual timeout duration is: 0.02523 s
INFO: Detected an invalid packet at item 1728
INFO: Parser returned #f
INFO: Detected an invalid packet at item 1760
INFO: Parser returned #f
measurement 1/2 complete in 11 second(s).
++++ frame_probe ID: 1050 receives a frame at time 91.1022s ++++
++++ frame_probe ID: 1060 receives a frame at time 91.1429s ++++
+++ timeout ID: 10 start timeout +++timeout timer start time: 91.143
INFO: Detected an invalid packet at item 1728
INFO: Parser returned #f
++++ frame_probe ID: 882 receives a frame at time 91.1545s ++++
++++ frame_probe ID: 883 receives a frame at time 91.1545s ++++
++++ frame_probe ID: 884 receives a frame at time 91.1546s ++++
++++ frame_probe ID: 890 receives a frame at time 91.1546s ++++
++++ frame_probe ID: 860 receives a frame at time 91.1616s ++++
++++ frame_probe ID: ++++ frame_probe ID: 1082 receives a frame at time 1083 receives a frame at time 91.164191.1641s ++++s ++++

++++ frame_probe ID: 1084 receives a frame at time 91.1641s ++++
++++ frame_probe ID: 1090 receives a frame at time +++  timeout ID: 10 kill timeout  +++91.1642s ++++
timeout is terminated by correctly received ack frame.
* timeout ID: 10 timeout timer is killed  at time 91.1651 s.  actual timeout duration is: 0.022114 s
++++ frame_probe ID: 1082 receives a frame at time 91.1708s ++++
++++ frame_probe ID: 1083 receives a frame at time 91.1708s ++++
++++ frame_probe ID: 1084 receives a frame at time 91.1709s ++++
++++ frame_probe ID: 1090 receives a frame at time 91.171s ++++
+++  timeout ID: 10 kill timeout  +++timeout ID 10 received a frame out of timeout interval.
INFO: Detected an invalid packet at item 1824
INFO: Parser returned #f
++++ frame_probe ID: 1050 receives a frame at time 91.1834s ++++
++++ frame_probe ID: 1060 receives a frame at time +++ timeout ID: 10 start timeout +++91.2242s ++++
timeout timer start time: 91.2243
INFO: Detected an invalid packet at item 1824
INFO: Parser returned #f
++++ frame_probe ID: 882 receives a frame at time 91.2296s ++++
++++ frame_probe ID: 883 receives a frame at time 91.2296s ++++
++++ frame_probe ID: 884 receives a frame at time 91.2297s ++++
++++ frame_probe ID: 890 receives a frame at time 91.2297s ++++
++++ frame_probe ID: 860 receives a frame at time 91.2366s ++++
++++ frame_probe ID: 1082 receives a frame at time 91.247s ++++
++++ frame_probe ID: 1083 receives a frame at time 91.2471s ++++
++++ frame_probe ID: 1084 receives a frame at time 91.2471s ++++
++++ frame_probe ID: 1090 receives a frame at time 91.2471s ++++
+++  timeout ID: 10 kill timeout  +++timeout is terminated by correctly received ack frame.
* timeout ID: 10 timeout timer is killed  at time 91.2473 s.  actual timeout duration is: 0.023084 s
++++ frame_probe ID: 1050 receives a frame at time 91.411s ++++
++++ frame_probe ID: 1060 receives a frame at time +++ timeout ID: 10 start timeout +++91.4517s ++++
timeout timer start time: 91.4517
INFO: Detected an invalid packet at item 1888
INFO: Parser returned #f
++++ frame_probe ID: 882 receives a frame at time 91.4602s ++++
++++ frame_probe ID: 883 receives a frame at time 91.4603s ++++
++++ frame_probe ID: 884 receives a frame at time 91.4603s ++++
++++ frame_probe ID: 890 receives a frame at time 91.4603s ++++
++++ frame_probe ID: 860 receives a frame at time 91.4673s ++++
++++ frame_probe ID: 1082 receives a frame at time 91.4687s ++++
++++ frame_probe ID: 1083 receives a frame at time 91.4688s ++++
++++ frame_probe ID: 1084 receives a frame at time 91.4688s ++++
++++ frame_probe ID: 1090 receives a frame at time 91.4688s ++++
+++  timeout ID: 10 kill timeout  +++timeout is terminated by correctly received ack frame.
* timeout ID: 10 timeout timer is killed  at time 91.4696 s.  actual timeout duration is: 0.01786 s
++++ frame_probe ID: 1082 receives a frame at time 91.4777s ++++
++++ frame_probe ID: 1083 receives a frame at time 91.4777s ++++
++++ frame_probe ID: 1084 receives a frame at time 91.4777s ++++
++++ frame_probe ID: 1090 receives a frame at time 91.4777s ++++
+++  timeout ID: 10 kill timeout  +++timeout ID 10 received a frame out of timeout interval.
INFO: Detected an invalid packet at item 1920
INFO: Parser returned #f
INFO: Detected an invalid packet at item 1952
INFO: Parser returned #f
++++ frame_probe ID: 1050 receives a frame at time 91.5604s ++++
++++ frame_probe ID: 1060 receives a frame at time 91.6009s ++++
+++ timeout ID: 10 start timeout +++timeout timer start time: 91.601
++++ frame_probe ID: 882 receives a frame at time 91.6038s ++++
++++ frame_probe ID: 883 receives a frame at time 91.6038s ++++
++++ frame_probe ID: 884 receives a frame at time 91.6039s ++++
++++ frame_probe ID: 890 receives a frame at time 91.6039s ++++
++++ frame_probe ID: 860 receives a frame at time 91.611s ++++
INFO: Detected an invalid packet at item 1984
INFO: Parser returned #f
INFO: Detected an invalid packet at item 2016
INFO: Parser returned #f
++++ frame_probe ID: 1082 receives a frame at time 91.622s ++++
++++ frame_probe ID: 1083 receives a frame at time 91.622s ++++
++++ frame_probe ID: 1084 receives a frame at time 91.6221s ++++
+++  timeout ID: 10 kill timeout  +++++++ frame_probe ID: 1090 receives a frame at time 91.6221s ++++
timeout is terminated by correctly received ack frame.
* timeout ID: 10 timeout timer is killed  at time 91.6231 s.  actual timeout duration is: 0.022064 s
++++ frame_probe ID: 1050 receives a frame at time 91.63s ++++
++++ frame_probe ID: 1060 receives a frame at time +++ timeout ID: 10 start timeout +++91.6707s ++++
timeout timer start time: 91.6707
INFO: Detected an invalid packet at item 2048
INFO: Parser returned #f
++++ frame_probe ID: 882 receives a frame at time 91.6807s ++++
++++ frame_probe ID: 883 receives a frame at time 91.6807s ++++
++++ frame_probe ID: 884 receives a frame at time 91.6807s ++++
++++ frame_probe ID: 890 receives a frame at time 91.6807s ++++
++++ frame_probe ID: 860 receives a frame at time 91.6876s ++++
++++ frame_probe ID: 1082 receives a frame at time 91.689s ++++
++++ frame_probe ID: 1083 receives a frame at time 91.6891s ++++
++++ frame_probe ID: 1085 receives a frame at time 91.6891s ++++
++++ frame_probe ID: 1082 receives a frame at time 91.698s ++++
++++ frame_probe ID: 1083 receives a frame at time 91.698s ++++
++++ frame_probe ID: 1084 receives a frame at time 91.6981s ++++
++++ frame_probe ID: 1090 receives a frame at time 91.6981s ++++
+++  timeout ID: 10 kill timeout  +++timeout is terminated by correctly received ack frame.
* timeout ID: 10 timeout timer is killed  at time 91.6989 s.  actual timeout duration is: 0.028207 s
++++ frame_probe ID: 1050 receives a frame at time 91.8011s ++++
++++ frame_probe ID: 1060 receives a frame at time 91.8419s ++++
+++ timeout ID: 10 start timeout +++timeout timer start time: 91.842
++++ frame_probe ID: 882 receives a frame at time 91.8543s ++++
++++ frame_probe ID: 884 receives a frame at time 91.8543s ++++
++++ frame_probe ID: 890 receives a frame at time 91.8544s ++++
++++ frame_probe ID: 883 receives a frame at time 91.8544s ++++
++++ frame_probe ID: 860 receives a frame at time 91.8613s ++++
++++ frame_probe ID: 1082 receives a frame at time 91.8618s ++++
++++ frame_probe ID: 1083 receives a frame at time 91.8619s ++++
++++ frame_probe ID: 1084 receives a frame at time 91.8619s ++++
++++ frame_probe ID: 1090 receives a frame at time 91.8619s ++++
+++  timeout ID: 10 kill timeout  +++timeout is terminated by correctly received ack frame.
* timeout ID: 10 timeout timer is killed  at time 91.863 s.  actual timeout duration is: 0.021009 s
++++ frame_probe ID: 882 receives a frame at time 91.8637s ++++
++++ frame_probe ID: 1082 receives a frame at time 91.8716s ++++
++++ frame_probe ID: 1083 receives a frame at time 91.8717s ++++
++++ frame_probe ID: 1084 receives a frame at time 91.8717s ++++
++++ frame_probe ID: 1090 receives a frame at time 91.8718s ++++
+++  timeout ID: 10 kill timeout  +++timeout ID 10 received a frame out of timeout interval.
INFO: Detected an invalid packet at item 2144
INFO: Parser returned #f
++++ frame_probe ID: 1050 receives a frame at time 91.9534s ++++
++++ frame_probe ID: 1060 receives a frame at time +++ timeout ID: 10 start timeout +++91.9941s ++++
timeout timer start time: 91.9941
++++ frame_probe ID: 882 receives a frame at time 91.9974s ++++
++++ frame_probe ID: 883 receives a frame at time 91.9975s ++++
++++ frame_probe ID: 884 receives a frame at time 91.9975s ++++
++++ frame_probe ID: 890 receives a frame at time 91.9976s ++++
++++ frame_probe ID: 860 receives a frame at time 92.0046s ++++
INFO: Detected an invalid packet at item 2208
INFO: Parser returned #f
INFO: Detected an invalid packet at item 2208
INFO: Parser returned #f
++++ frame_probe ID: 1082 receives a frame at time 92.0161s ++++
++++ frame_probe ID: 1083 receives a frame at time 92.0161s ++++
++++ frame_probe ID: 1082 receives a frame at time 92.0161s ++++
++++ frame_probe ID: 1083 receives a frame at time 92.0162s ++++
++++ frame_probe ID: 1084 receives a frame at time 92.0162s ++++
++++ frame_probe ID: 1084 receives a frame at time 92.0162s ++++
++++ frame_probe ID: 1090 receives a frame at time 92.0163s ++++
+++  timeout ID: 10 kill timeout  +++++++ frame_probe ID: 1090 receives a frame at time 92.0163s ++++
timeout is terminated by correctly received ack frame.
+++  timeout ID: 10 kill timeout  +++timeout ID 10 received a frame out of timeout interval.
* timeout ID: 10 timeout timer is killed  at time 92.0164 s.  actual timeout duration is: 0.022236 s
++++ frame_probe ID: 882 receives a frame at time 92.0179s ++++
measurement 1/2 complete in 10 second(s).
++++ frame_probe ID: 1050 receives a frame at time 92.3255s ++++
++++ frame_probe ID: 1060 receives a frame at time +++ timeout ID: 10 start timeout +++92.3664s ++++
timeout timer start time: 92.3664
++++ frame_probe ID: 882 receives a frame at time 92.3725s ++++
++++ frame_probe ID: 884 receives a frame at time ++++ frame_probe ID: 883 receives a frame at time 92.3726s ++++
++++ frame_probe ID: 890 receives a frame at time 92.3726s ++++
92.3727s ++++
++++ frame_probe ID: 860 receives a frame at time 92.3797s ++++
++++ frame_probe ID: 1082 receives a frame at time 92.3801s ++++
++++ frame_probe ID: 1083 receives a frame at time 92.3801s ++++
++++ frame_probe ID: 1085 receives a frame at time 92.3802s ++++
++++ frame_probe ID: 1082 receives a frame at time 92.3897s ++++
++++ frame_probe ID: 1083 receives a frame at time 92.3897s ++++
++++ frame_probe ID: 1084 receives a frame at time 92.3898s ++++
++++ frame_probe ID: 1090 receives a frame at time 92.3899s ++++
+++  timeout ID: 10 kill timeout  +++timeout is terminated by correctly received ack frame.
* timeout ID: 10 timeout timer is killed  at time 92.3906 s.  actual timeout duration is: 0.024167 s
INFO: Detected an invalid packet at item 2304
INFO: Parser returned #f
INFO: Detected an invalid packet at item 2336
INFO: Parser returned #f
++++ frame_probe ID: 1050 receives a frame at time 92.9436s ++++
++++ frame_probe ID: 1060+++ timeout ID:  receives a frame at time 10 start timeout +++92.9844s ++++
timeout timer start time: 92.9846
INFO: Detected an invalid packet at item 2368
INFO: Parser returned #f
++++ frame_probe ID: 882 receives a frame at time 92.9968s ++++
++++ frame_probe ID: 883 receives a frame at time 92.9969s ++++
++++ frame_probe ID: 884 receives a frame at time 92.9969s ++++
++++ frame_probe ID: 890 receives a frame at time 92.997s ++++
++++ frame_probe ID: 1082 receives a frame at time 93.0042s ++++
++++ frame_probe ID: 1084 receives a frame at time 93.0043s ++++
++++ frame_probe ID: 1090 receives a frame at time 93.0043s ++++
+++  timeout ID: 10 kill timeout  +++timeout is terminated by correctly received ack frame.
* timeout ID: 10 timeout timer is killed  at time 93.0046 s.  actual timeout duration is: 0.019998 s
++++ frame_probe ID: 860 receives a frame at time 93.0058s ++++
++++ frame_probe ID: 1083 receives a frame at time 93.0058s ++++
++++ frame_probe ID: 882 receives a frame at time 93.0064s ++++
++++ frame_probe ID: 1082 receives a frame at time 93.0141s ++++
++++ frame_probe ID: 1083 receives a frame at time 93.0142s ++++
++++ frame_probe ID: 1084 receives a frame at time 93.0142s ++++
++++ frame_probe ID: 1090 receives a frame at time 93.0143s ++++
+++  timeout ID: 10 kill timeout  +++timeout ID 10 received a frame out of timeout interval.
INFO: Detected an invalid packet at item 2432
INFO: Parser returned #f
measurement 1/2 complete in 9 second(s).
++++ frame_probe ID: 1050 receives a frame at time 93.0797s ++++
++++ frame_probe ID: 1060 receives a frame at time +++ timeout ID: 10 start timeout +++93.1204s ++++
timeout timer start time: 93.1205
INFO: Detected an invalid packet at item 2464
INFO: Parser returned #f
++++ frame_probe ID: 882 receives a frame at time 93.1312s ++++
++++ frame_probe ID: 883 receives a frame at time 93.1312s ++++
++++ frame_probe ID: 884 receives a frame at time 93.1313s ++++
++++ frame_probe ID: 890 receives a frame at time 93.1313s ++++
++++ frame_probe ID: 860 receives a frame at time 93.1383s ++++
++++ frame_probe ID: 1082 receives a frame at time 93.1384s ++++
++++ frame_probe ID: 1083 receives a frame at time 93.1385s ++++
++++ frame_probe ID: 1084 receives a frame at time 93.1385s ++++
++++ frame_probe ID: 1090 receives a frame at time 93.1386s ++++
+++  timeout ID: 10 kill timeout  +++timeout is terminated by correctly received ack frame.
* timeout ID: 10 timeout timer is killed  at time 93.1395 s.  actual timeout duration is: 0.019034 s
++++ frame_probe ID: 882 receives a frame at time 93.1403s ++++
++++ frame_probe ID: 1082 receives a frame at time 93.1481s ++++
++++ frame_probe ID: 1083 receives a frame at time 93.1482s ++++
++++ frame_probe ID: 1084 receives a frame at time 93.1482s ++++
++++ frame_probe ID: 1090 receives a frame at time +++  timeout ID: 93.148210s ++++ kill timeout  +++
timeout ID 10 received a frame out of timeout interval.
INFO: Detected an invalid packet at item 2528
INFO: Parser returned #f
++++ frame_probe ID: 1050 receives a frame at time 93.7904s ++++
+++ timeout ID: 10 start timeout +++++++ frame_probe ID: 1060 receives a frame at time 93.8314s ++++
timeout timer start time: 93.8315
INFO: Detected an invalid packet at item 2560
INFO: Parser returned #f
++++ frame_probe ID: 882 receives a frame at time 93.842s ++++
++++ frame_probe ID: 883 receives a frame at time 93.8421s ++++
++++ frame_probe ID: 884 receives a frame at time 93.8421s ++++
++++ frame_probe ID: 890 receives a frame at time 93.8422s ++++
++++ frame_probe ID: 860 receives a frame at time 93.8492s ++++
INFO: Detected an invalid packet at item 2592
INFO: Parser returned #f
++++ frame_probe ID: 1082 receives a frame at time 93.8591s ++++
++++ frame_probe ID: 1083 receives a frame at time 93.8591s ++++
++++ frame_probe ID: 1084 receives a frame at time 93.8592s ++++
++++ frame_probe ID: 1090 receives a frame at time 93.8592s ++++
+++  timeout ID: 10 kill timeout  +++timeout is terminated by correctly received ack frame.
* timeout ID: 10 timeout timer is killed  at time 93.8603 s.  actual timeout duration is: 0.028847 s
measurement 1/2 complete in 8 second(s).
measurement 1/2 complete in 7 second(s).
++++ frame_probe ID: 1050 receives a frame at time 95.9676s ++++
++++ frame_probe ID: 1060 receives a frame at time +++ timeout ID: 10 start timeout +++96.0085s ++++
timeout timer start time: 96.0086
INFO: Detected an invalid packet at item 2656
INFO: Parser returned #f
++++ frame_probe ID: 882 receives a frame at time 96.0212s ++++
++++ frame_probe ID: 883 receives a frame at time 96.0212s ++++
++++ frame_probe ID: 884 receives a frame at time 96.0213s ++++
++++ frame_probe ID: 890 receives a frame at time 96.0213s ++++
++++ frame_probe ID: 860 receives a frame at time 96.0286s ++++
++++ frame_probe ID: 1082 receives a frame at time 96.0385s ++++
++++ frame_probe ID: 1083 receives a frame at time 96.0386s ++++
++++ frame_probe ID: 1084 receives a frame at time 96.0386s ++++
++++ frame_probe ID: 1090 receives a frame at time 96.0387s ++++
+++  timeout ID: 10 kill timeout  +++timeout is terminated by correctly received ack frame.
* timeout ID: 10 timeout timer is killed  at time 96.0392 s.  actual timeout duration is: 0.030647 s
INFO: Detected an invalid packet at item 2624
INFO: Parser returned #f
INFO: Detected an invalid packet at item 2656
INFO: Parser returned #f
measurement 1/2 complete in 6 second(s).
++++ frame_probe ID: 1050 receives a frame at time 96.7025s ++++
++++ frame_probe ID: 1060 receives a frame at time +++ timeout ID: 10 start timeout +++96.7434s ++++
timeout timer start time: 96.7435
INFO: Detected an invalid packet at item 2720
INFO: Parser returned #f
++++ frame_probe ID: 882 receives a frame at time 96.7508s ++++
++++ frame_probe ID: 883 receives a frame at time 96.7508s ++++
++++ frame_probe ID: 884 receives a frame at time 96.7509s ++++
++++ frame_probe ID: 890 receives a frame at time 96.751s ++++
++++ frame_probe ID: 860 receives a frame at time 96.7582s ++++
++++ frame_probe ID: 1082 receives a frame at time 96.7682s ++++
++++ frame_probe ID: 1083 receives a frame at time 96.7683s ++++
++++ frame_probe ID: 1084 receives a frame at time 96.7683s ++++
++++ frame_probe ID: 1090 receives a frame at time 96.7684s ++++
+++  timeout ID: 10 kill timeout  +++++++ frame_probe ID: 1050 receives a frame at time 96.7685s ++++
timeout is terminated by correctly received ack frame.
* timeout ID: 10 timeout timer is killed  at time 96.7689 s.  actual timeout duration is: 0.02539 s
INFO: Detected an invalid packet at item 2720
INFO: Parser returned #f
++++ frame_probe ID: 1060 receives a frame at time +++ timeout ID: 10 start timeout +++96.8097s ++++
timeout timer start time: 96.8098
INFO: Detected an invalid packet at item 2784
INFO: Parser returned #f
++++ frame_probe ID: 882 receives a frame at time 96.8176s ++++
++++ frame_probe ID: 883 receives a frame at time 96.8176s ++++
++++ frame_probe ID: 884 receives a frame at time 96.8177s ++++
++++ frame_probe ID: 890 receives a frame at time 96.8177s ++++
++++ frame_probe ID: 860 receives a frame at time 96.8247s ++++
++++ frame_probe ID: 1082 receives a frame at time 96.8353s ++++
++++ frame_probe ID: 1083 receives a frame at time 96.8353s ++++
++++ frame_probe ID: 1084 receives a frame at time 96.8354s ++++
+++  timeout ID: 10 kill timeout  +++++++ frame_probe ID: 1090 receives a frame at time 96.8355s ++++
timeout is terminated by correctly received ack frame.
* timeout ID: 10 timeout timer is killed  at time 96.8362 s.  actual timeout duration is: 0.026428 s
INFO: Detected an invalid packet at item 2784
INFO: Parser returned #f
++++ frame_probe ID: 1050 receives a frame at time 96.8664s ++++
++++ frame_probe ID: 1060 receives a frame at time 96.9072s ++++
+++ timeout ID: 10 start timeout +++timeout timer start time: 96.9073
INFO: Detected an invalid packet at item 2848
INFO: Parser returned #f
++++ frame_probe ID: 882 receives a frame at time 96.9139s ++++
++++ frame_probe ID: 883 receives a frame at time 96.914s ++++
++++ frame_probe ID: 884 receives a frame at time 96.9141s ++++
++++ frame_probe ID: 890 receives a frame at time 96.9141s ++++
++++ frame_probe ID: 860 receives a frame at time 96.9212s ++++
++++ frame_probe ID: 1082 receives a frame at time 96.9314s ++++
++++ frame_probe ID: 1083 receives a frame at time 96.9315s ++++
++++ frame_probe ID: 1084 receives a frame at time 96.9315s ++++
+++  timeout ID: 10 kill timeout  +++++++ frame_probe ID: 1090 receives a frame at time 96.9316s ++++
timeout is terminated by correctly received ack frame.
* timeout ID: 10 timeout timer is killed  at time 96.9317 s.  actual timeout duration is: 0.024338 s
INFO: Detected an invalid packet at item 2848
INFO: Parser returned #f
measurement 1/2 complete in 5 second(s).
measurement 1/2 complete in 4 second(s).
++++ frame_probe ID: 1050 receives a frame at time 98.0739s ++++
++++ frame_probe ID: 1060 receives a frame at time 98.1149s +++++++ timeout ID: 
10 start timeout +++timeout timer start time: 98.115
INFO: Detected an invalid packet at item 2912
INFO: Parser returned #f
++++ frame_probe ID: 882 receives a frame at time 98.1235s ++++
++++ frame_probe ID: 883 receives a frame at time 98.1236s ++++
++++ frame_probe ID: 884 receives a frame at time 98.1236s ++++
++++ frame_probe ID: 890 receives a frame at time 98.1236s ++++
++++ frame_probe ID: 860 receives a frame at time 98.1308s ++++
++++ frame_probe ID: 1082 receives a frame at time 98.1411s ++++
++++ frame_probe ID: 1083 receives a frame at time 98.1412s ++++
++++ frame_probe ID: 1084 receives a frame at time 98.1413s ++++
++++ frame_probe ID: 1090 receives a frame at time 98.1414s ++++
+++  timeout ID: 10 kill timeout  +++timeout is terminated by correctly received ack frame.
* timeout ID: 10 timeout timer is killed  at time 98.1424 s.  actual timeout duration is: 0.027424 s
INFO: Detected an invalid packet at item 2912
INFO: Parser returned #f
++++ frame_probe ID: 1050 receives a frame at time 98.5097s ++++
+++ timeout ID: 10 start timeout +++++++ frame_probe ID: 1060 receives a frame at time 98.5508s ++++
timeout timer start time: 98.5508
++++ frame_probe ID: 882 receives a frame at time 98.5557s ++++
++++ frame_probe ID: 883 receives a frame at time 98.5557s ++++
++++ frame_probe ID: 884 receives a frame at time 98.5558s ++++
++++ frame_probe ID: 890 receives a frame at time 98.5559s ++++
++++ frame_probe ID: 860 receives a frame at time 98.563s ++++
++++ frame_probe ID: 1082 receives a frame at time 98.5733s ++++
++++ frame_probe ID: 1083 receives a frame at time 98.5734s ++++
++++ frame_probe ID: 1084 receives a frame at time 98.5735s ++++
+++  timeout ID: 10 kill timeout  +++++++ frame_probe ID: 1090 receives a frame at time 98.5736s ++++
timeout is terminated by correctly received ack frame.
* timeout ID: 10 timeout timer is killed  at time 98.5742 s.  actual timeout duration is: 0.023343 s
INFO: Detected an invalid packet at item 2976
INFO: Parser returned #f
++++ frame_probe ID: 1050 receives a frame at time 98.7547s ++++
++++ frame_probe ID: 1060 receives a frame at time +++ timeout ID: 10 start timeout +++98.7956s ++++
timeout timer start time: 98.7956
INFO: Detected an invalid packet at item 3008
INFO: Parser returned #f
++++ frame_probe ID: 882 receives a frame at time 98.8052s ++++
++++ frame_probe ID: 883 receives a frame at time 98.8052s ++++
++++ frame_probe ID: 884 receives a frame at time 98.8053s ++++
++++ frame_probe ID: 890 receives a frame at time 98.8053s ++++
++++ frame_probe ID: 860 receives a frame at time 98.8126s ++++
++++ frame_probe ID: 1082 receives a frame at time 98.8227s ++++
++++ frame_probe ID: 1083 receives a frame at time 98.8227s ++++
++++ frame_probe ID: 1084 receives a frame at time 98.8228s ++++
++++ frame_probe ID: 1090 receives a frame at time 98.8228s ++++
+++  timeout ID: 10 kill timeout  +++timeout is terminated by correctly received ack frame.
* timeout ID: 10 timeout timer is killed  at time 98.8231 s.  actual timeout duration is: 0.027426 s
INFO: Detected an invalid packet at item 3040
INFO: Parser returned #f
INFO: Detected an invalid packet at item 3072
INFO: Parser returned #f
measurement 1/2 complete in 3 second(s).
++++ frame_probe ID: 1050 receives a frame at time 99.3721s ++++
++++ frame_probe ID: 1060 receives a frame at time +++ timeout ID: 10 start timeout +++99.4131s ++++
timeout timer start time: 99.4132
INFO: Detected an invalid packet at item 3072
INFO: Parser returned #f
++++ frame_probe ID: 882 receives a frame at time 99.4196s ++++
++++ frame_probe ID: 883 receives a frame at time 99.4197s ++++
++++ frame_probe ID: 884 receives a frame at time 99.4197s ++++
++++ frame_probe ID: 890 receives a frame at time 99.4198s ++++
++++ frame_probe ID: 860 receives a frame at time 99.4271s ++++
++++ frame_probe ID: 1082 receives a frame at time 99.437s ++++
++++ frame_probe ID: 1083 receives a frame at time 99.437s ++++
++++ frame_probe ID: 1084 receives a frame at time 99.4371s ++++
+++  timeout ID: ++++ frame_probe ID: 10 kill timeout  +++1090 receives a frame at time 99.4372s ++++
timeout is terminated by correctly received ack frame.
* timeout ID: 10 timeout timer is killed  at time 99.4376 s.  actual timeout duration is: 0.024364 s
INFO: Detected an invalid packet at item 3136
INFO: Parser returned #f
++++ frame_probe ID: 1050 receives a frame at time 99.5497s ++++
++++ frame_probe ID: 1060 receives a frame at time 99.5909s ++++
+++ timeout ID: 10 start timeout +++timeout timer start time: 99.591
INFO: Detected an invalid packet at item 3136
INFO: Parser returned #f
++++ frame_probe ID: 882 receives a frame at time 99.6018s ++++
++++ frame_probe ID: 883 receives a frame at time 99.6019s ++++
++++ frame_probe ID: 884 receives a frame at time 99.6019s ++++
++++ frame_probe ID: 890 receives a frame at time 99.602s ++++
++++ frame_probe ID: 860 receives a frame at time 99.6092s ++++
++++ frame_probe ID: 1082 receives a frame at time 99.6193s ++++
++++ frame_probe ID: 1083 receives a frame at time 99.6194s ++++
++++ frame_probe ID: 1084 receives a frame at time 99.6194s ++++
++++ frame_probe ID: 1090 receives a frame at time 99.6195s +++++++  timeout ID: 
10 kill timeout  +++timeout is terminated by correctly received ack frame.
* timeout ID: 10 timeout timer is killed  at time 99.6196 s.  actual timeout duration is: 0.028621 s
++++ frame_probe ID: 1050 receives a frame at time 99.6368s ++++
++++ frame_probe ID: 1060 receives a frame at time 99.6776s ++++
+++ timeout ID: 10 start timeout +++timeout timer start time: 99.6777
INFO: Detected an invalid packet at item 3200
INFO: Parser returned #f
++++ frame_probe ID: 882 receives a frame at time 99.6881s ++++
++++ frame_probe ID: 883 receives a frame at time 99.6882s ++++
++++ frame_probe ID: 884 receives a frame at time 99.6882s ++++
++++ frame_probe ID: 890 receives a frame at time 99.6883s ++++
++++ frame_probe ID: 860 receives a frame at time 99.6954s ++++
++++ frame_probe ID: 1082 receives a frame at time 99.7056s ++++
++++ frame_probe ID: 1083 receives a frame at time 99.7057s ++++
++++ frame_probe ID: 1084 receives a frame at time 99.7057s ++++
++++ frame_probe ID: 1090 receives a frame at time 99.7058s ++++
+++  timeout ID: 10 kill timeout  +++timeout is terminated by correctly received ack frame.
* timeout ID: 10 timeout timer is killed  at time 99.7062 s.  actual timeout duration is: 0.028504 s
INFO: Detected an invalid packet at item 3232
INFO: Parser returned #f
++++ frame_probe ID: 1050 receives a frame at time 99.8007s ++++
++++ frame_probe ID: 1060 receives a frame at time +++ timeout ID: 99.8416s ++++10 start timeout +++
timeout timer start time: 99.8416
INFO: Detected an invalid packet at item 3264
INFO: Parser returned #f
++++ frame_probe ID: 882 receives a frame at time 99.8515s ++++
++++ frame_probe ID: 883 receives a frame at time 99.8516s ++++
++++ frame_probe ID: 884 receives a frame at time 99.8517s ++++
++++ frame_probe ID: 890 receives a frame at time 99.8517s ++++
++++ frame_probe ID: 860 receives a frame at time 99.8589s ++++
++++ frame_probe ID: 1082 receives a frame at time 99.869s ++++
++++ frame_probe ID: 1083 receives a frame at time 99.869s ++++
++++ frame_probe ID: 1084 receives a frame at time 99.8691s ++++
++++ frame_probe ID: 1090 receives a frame at time +++  timeout ID: 99.869110 kill timeout  +++s ++++
timeout is terminated by correctly received ack frame.
* timeout ID: 10 timeout timer is killed  at time 99.8701 s.  actual timeout duration is: 0.028488 s
measurement 1/2 complete in 2 second(s).
++++ frame_probe ID: 1050 receives a frame at time 0.307068s ++++
+++ timeout ID: ++++ frame_probe ID: 101060 receives a frame at time  start timeout +++0.348129s ++++
timeout timer start time: 0.348188
INFO: Detected an invalid packet at item 3328
INFO: Parser returned #f
++++ frame_probe ID: 882 receives a frame at time 0.360716s ++++
++++ frame_probe ID: 883 receives a frame at time 0.360747s ++++
++++ frame_probe ID: 884 receives a frame at time 0.360779s ++++
++++ frame_probe ID: 890 receives a frame at time 0.360823s ++++
++++ frame_probe ID: 860 receives a frame at time 0.367858s ++++
++++ frame_probe ID: 1082 receives a frame at time 0.376994s ++++
++++ frame_probe ID: 1083 receives a frame at time 0.377075s ++++
++++ frame_probe ID: 1084 receives a frame at time 0.37714s ++++
++++ frame_probe ID: 1090 receives a frame at time 0.377185s ++++
+++  timeout ID: 10 kill timeout  +++timeout is terminated by correctly received ack frame.
* timeout ID: 10 timeout timer is killed  at time 0.37791 s.  actual timeout duration is: 0.029722 s
INFO: Detected an invalid packet at item 3328
INFO: Parser returned #f
++++ frame_probe ID: 1050 receives a frame at time 1.02565s ++++
++++ frame_probe ID: 1060 receives a frame at time +++ timeout ID: 10 start timeout +++1.06671s ++++
timeout timer start time: 1.06676
++++ frame_probe ID: 882 receives a frame at time 1.07036s ++++
++++ frame_probe ID: 883 receives a frame at time 1.07041s ++++
++++ frame_probe ID: 884 receives a frame at time 1.07046s ++++
++++ frame_probe ID: 890 receives a frame at time 1.07051s ++++
measurement 1/2 complete in 1 second(s).
++++ frame_probe ID: 860 receives a frame at time 1.07764s ++++
INFO: Detected an invalid packet at item 3392
INFO: Parser returned #f
++++ frame_probe ID: 1082 receives a frame at time 1.088s ++++
++++ frame_probe ID: 1083 receives a frame at time 1.08808s ++++
++++ frame_probe ID: 1084 receives a frame at time 1.08816s ++++
+++  timeout ID: 10 kill timeout  +++++++ frame_probe ID: 1090 receives a frame at time 1.08823s ++++
timeout is terminated by correctly received ack frame.
* timeout ID: 10 timeout timer is killed  at time 1.08902 s.  actual timeout duration is: 0.022261 s
INFO: Detected an invalid packet at item 3392
INFO: Parser returned #f
