measurement 1/2 complete in 20 second(s).
linux; GNU C++ version 5.4.0 20160609; Boost_105800; UHD_003.009.005-45-g6768a615

linux; GNU C++ version 5.4.0 20160609; Boost_105800; UHD_003.009.005-45-g6768a615

Using Volk machine: avx_64_mmx
-- Opening a USRP2/N-Series device...
Using Volk machine: avx_64_mmx
-- Opening a USRP2/N-Series device...
-- Current recv frame size: 1472 bytes
-- Current recv frame size: 1472 bytes
-- Current send frame size: 1472 bytes
-- Current send frame size: 1472 bytes
measurement 1/2 complete in 19 second(s).
develop mode of resend_check ID: 24 is activated.
develop mode of resend_check ID: 24 is activated.
the 100th message counter is activated.
develop_mode of backoff ID 8 is activated.
the 880th message counter is activated.
the 100th message counter is activated.
develop_mode of backoff ID 100 is activated.
develop_mode of backoff ID 10 is activated.
measurement 1/2 complete in 18 second(s).
node starts running at 60.6805
measurement 1/2 complete in 17 second(s).
measurement 1/2 complete in 16 second(s).
measurement 1/2 complete in 15 second(s).
measurement 1/2 complete in 14 second(s).
measurement 1/2 complete in 13 second(s).
measurement 1/2 complete in 12 second(s).
measurement 1/2 complete in 11 second(s).
measurement 1/2 complete in 10 second(s).
measurement 1/2 complete in 9 second(s).
measurement 1/2 complete in 8 second(s).
measurement 1/2 complete in 7 second(s).
measurement 1/2 complete in 6 second(s).
measurement 1/2 complete in 5 second(s).
measurement 1/2 complete in 4 second(s).
measurement 1/2 complete in 3 second(s).
measurement 1/2 complete in 2 second(s).
measurement 1/2 complete in 1 second(s).
