measurement 1/2 complete in 20 second(s).
linux; GNU C++ version 5.4.0 20160609; Boost_105800; UHD_003.009.005-45-g6768a615

linux; GNU C++ version 5.4.0 20160609; Boost_105800; UHD_003.009.005-45-g6768a615

Using Volk machine: avx_64_mmx
develop_mode of timeout ID: 10 is activated.
Using Volk machine: avx_64_mmx
-- Opening a USRP2/N-Series device...
-- Opening a USRP2/N-Series device...
-- Current recv frame size: 1472 bytes
-- Current send frame size: 1472 bytes
-- Current recv frame size: 1472 bytes
-- Current send frame size: 1472 bytes
measurement 1/2 complete in 19 second(s).
INFO: Detected an invalid packet at item 0
INFO: Parser returned #f
++++ frame_probe ID: 1082 receives a frame at time 40.6014s ++++
INFO: Detected an invalid packet at item 64
INFO: Parser returned #f
INFO: Detected an invalid packet at item 0
INFO: Parser returned #f
++++ frame_probe ID: 882 receives a frame at time 40.6193s ++++
++++ frame_probe ID: 1082 receives a frame at time 40.6206s ++++
++++ frame_probe ID: 1083 receives a frame at time 40.6207s ++++
++++ frame_probe ID: 1084 receives a frame at time 40.6207s ++++
++++ frame_probe ID: 1090 receives a frame at time 40.6208s ++++
++++ frame_probe ID: 882 receives a frame at time 40.7623s ++++
++++ frame_probe ID: 883 receives a frame at time 40.7623s ++++
++++ frame_probe ID: 884 receives a frame at time 40.7623s ++++
++++ frame_probe ID: 890 receives a frame at time 40.7624s ++++
++++ frame_probe ID: 860 receives a frame at time 40.7694s ++++
INFO: Detected an invalid packet at item 96
INFO: Parser returned #f
INFO: Detected an invalid packet at item 128
INFO: Parser returned #f
INFO: Detected an invalid packet at item 160
INFO: Parser returned #f
INFO: Detected an invalid packet at item 192
INFO: Parser returned #f
INFO: Detected an invalid packet at item 224
INFO: Parser returned #f
INFO: Detected an invalid packet at item 256
INFO: Parser returned #f
++++ frame_probe ID: 882 receives a frame at time 40.9732s ++++
++++ frame_probe ID: 883 receives a frame at time 40.9732s ++++
++++ frame_probe ID: 884 receives a frame at time 40.9733s ++++
++++ frame_probe ID: 890 receives a frame at time 40.9733s ++++
++++ frame_probe ID: 860 receives a frame at time 40.9804s ++++
INFO: Detected an invalid packet at item 320
INFO: Parser returned #f
INFO: Detected an invalid packet at item 352
INFO: Parser returned #f
INFO: Detected an invalid packet at item 384
INFO: Parser returned #f
INFO: Detected an invalid packet at item 416
INFO: Parser returned #f
INFO: Detected an invalid packet at item 448
INFO: Parser returned #f
INFO: Detected an invalid packet at item 480
INFO: Parser returned #f
INFO: Detected an invalid packet at item 512
INFO: Parser returned #f
INFO: Detected an invalid packet at item 544
INFO: Parser returned #f
INFO: Detected an invalid packet at item 576
INFO: Parser returned #f
INFO: Detected an invalid packet at item 608
INFO: Parser returned #f
INFO: Detected an invalid packet at item 640
INFO: Parser returned #f
INFO: Detected an invalid packet at item 672
INFO: Parser returned #f
INFO: Detected an invalid packet at item 704
INFO: Parser returned #f
INFO: Detected an invalid packet at item 736
INFO: Parser returned #f
INFO: Detected an invalid packet at item 768
INFO: Parser returned #f
INFO: Detected an invalid packet at item 800
INFO: Parser returned #f
++++ frame_probe ID: 882 receives a frame at time 40.9911s ++++
++++ frame_probe ID: 882 receives a frame at time 41.0764s ++++
++++ frame_probe ID: 883 receives a frame at time 41.0765s ++++
++++ frame_probe ID: 884 receives a frame at time 41.0765s ++++
++++ frame_probe ID: 890 receives a frame at time 41.0766s ++++
++++ frame_probe ID: 860 receives a frame at time 41.0837s ++++
INFO: Detected an invalid packet at item 896
INFO: Parser returned #f
INFO: Detected an invalid packet at item 928
INFO: Parser returned #f
INFO: Detected an invalid packet at item 960
INFO: Parser returned #f
INFO: Detected an invalid packet at item 992
INFO: Parser returned #f
INFO: Detected an invalid packet at item 1024
INFO: Parser returned #f
INFO: Detected an invalid packet at item 1056
INFO: Parser returned #f
INFO: Detected an invalid packet at item 1088
INFO: Parser returned #f
INFO: Detected an invalid packet at item 1120
INFO: Parser returned #f
INFO: Detected an invalid packet at item 1152
INFO: Parser returned #f
INFO: Detected an invalid packet at item 1184
INFO: Parser returned #f
++++ frame_probe ID: 882 receives a frame at time 41.097s ++++
measurement 1/2 complete in 18 second(s).
INFO: Detected an invalid packet at item 1248
INFO: Parser returned #f
++++ frame_probe ID: 882 receives a frame at time 41.3325s ++++
++++ frame_probe ID: 883 receives a frame at time 41.3325s ++++
++++ frame_probe ID: 884 receives a frame at time 41.3325s ++++
++++ frame_probe ID: 890 receives a frame at time 41.3326s ++++
++++ frame_probe ID: 860 receives a frame at time 41.3395s ++++
INFO: Detected an invalid packet at item 1312
INFO: Parser returned #f
INFO: Detected an invalid packet at item 1344
INFO: Parser returned #f
INFO: Detected an invalid packet at item 1376
INFO: Parser returned #f
INFO: Detected an invalid packet at item 1408
INFO: Parser returned #f
INFO: Detected an invalid packet at item 1440
INFO: Parser returned #f
INFO: Detected an invalid packet at item 1472
INFO: Parser returned #f
INFO: Detected an invalid packet at item 1504
INFO: Parser returned #f
INFO: Detected an invalid packet at item 1536
INFO: Parser returned #f
INFO: Detected an invalid packet at item 1568
INFO: Parser returned #f
INFO: Detected an invalid packet at item 1600
INFO: Parser returned #f
INFO: Detected an invalid packet at item 1632
INFO: Parser returned #f
INFO: Detected an invalid packet at item 1664
INFO: Parser returned #f
INFO: Detected an invalid packet at item 1696
INFO: Parser returned #f
INFO: Detected an invalid packet at item 1728
INFO: Parser returned #f
INFO: Detected an invalid packet at item 1760
INFO: Parser returned #f
INFO: Detected an invalid packet at item 1792
INFO: Parser returned #f
INFO: Detected an invalid packet at item 1824
INFO: Parser returned #f
INFO: Detected an invalid packet at item 1856
INFO: Parser returned #f
INFO: Detected an invalid packet at item 1888
INFO: Parser returned #f
INFO: Detected an invalid packet at item 1920
INFO: Parser returned #f
INFO: Detected an invalid packet at item 1952
INFO: Parser returned #f
INFO: Detected an invalid packet at item 1984
INFO: Parser returned #f
INFO: Detected an invalid packet at item 2016
INFO: Parser returned #f
INFO: Detected an invalid packet at item 2048
INFO: Parser returned #f
INFO: Detected an invalid packet at item 2080
INFO: Parser returned #f
INFO: Detected an invalid packet at item 2112
INFO: Parser returned #f
INFO: Detected an invalid packet at item 2176
INFO: Parser returned #f
++++ frame_probe ID: 882 receives a frame at time 41.3529s ++++
INFO: Detected an invalid packet at item 2240
INFO: Parser returned #f
++++ frame_probe ID: 882 receives a frame at time 41.3531s ++++
++++ frame_probe ID: 882 receives a frame at time 41.3602s ++++
++++ frame_probe ID: 882 receives a frame at time 41.5529s ++++
++++ frame_probe ID: 883 receives a frame at time 41.5529s ++++
++++ frame_probe ID: 884 receives a frame at time 41.553s ++++
++++ frame_probe ID: 890 receives a frame at time 41.553s ++++
++++ frame_probe ID: 860 receives a frame at time 41.5603s ++++
INFO: Detected an invalid packet at item 2336
INFO: Parser returned #f
INFO: Detected an invalid packet at item 2368
INFO: Parser returned #f
INFO: Detected an invalid packet at item 2400
INFO: Parser returned #f
INFO: Detected an invalid packet at item 2432
INFO: Parser returned #f
INFO: Detected an invalid packet at item 2464
INFO: Parser returned #f
++++ frame_probe ID: 882 receives a frame at time 41.8526s ++++
++++ frame_probe ID: 883 receives a frame at time 41.8526s ++++
++++ frame_probe ID: 884 receives a frame at time 41.8527s ++++
++++ frame_probe ID: 890 receives a frame at time 41.8527s ++++
++++ frame_probe ID: 860 receives a frame at time 41.8598s ++++
INFO: Detected an invalid packet at item 2528
INFO: Parser returned #f
INFO: Detected an invalid packet at item 2560
INFO: Parser returned #f
INFO: Detected an invalid packet at item 2592
INFO: Parser returned #f
INFO: Detected an invalid packet at item 2624
INFO: Parser returned #f
INFO: Detected an invalid packet at item 2656
INFO: Parser returned #f
INFO: Detected an invalid packet at item 2688
INFO: Parser returned #f
INFO: Detected an invalid packet at item 2720
INFO: Parser returned #f
INFO: Detected an invalid packet at item 2752
INFO: Parser returned #f
INFO: Detected an invalid packet at item 2784
INFO: Parser returned #f
INFO: Detected an invalid packet at item 2816
INFO: Parser returned #f
++++ frame_probe ID: 882 receives a frame at time 42.0803s ++++
++++ frame_probe ID: 883 receives a frame at time 42.0803s ++++
++++ frame_probe ID: 884 receives a frame at time 42.0803s ++++
++++ frame_probe ID: 890 receives a frame at time 42.0804s ++++
++++ frame_probe ID: 860 receives a frame at time 42.0874s ++++
INFO: Detected an invalid packet at item 2880
INFO: Parser returned #f
INFO: Detected an invalid packet at item 2912
INFO: Parser returned #f
INFO: Detected an invalid packet at item 2944
INFO: Parser returned #f
INFO: Detected an invalid packet at item 2976
INFO: Parser returned #f
INFO: Detected an invalid packet at item 3008
INFO: Parser returned #f
INFO: Detected an invalid packet at item 3040
INFO: Parser returned #f
INFO: Detected an invalid packet at item 3072
INFO: Parser returned #f
INFO: Detected an invalid packet at item 3104
INFO: Parser returned #f
measurement 1/2 complete in 17 second(s).
INFO: Detected an invalid packet at item 3136
INFO: Parser returned #f
++++ frame_probe ID: 882 receives a frame at time 42.3614s ++++
++++ frame_probe ID: 883 receives a frame at time 42.3615s ++++
++++ frame_probe ID: 884 receives a frame at time 42.3615s ++++
++++ frame_probe ID: 890 receives a frame at time 42.3615s ++++
++++ frame_probe ID: 860 receives a frame at time 42.3686s ++++
INFO: Detected an invalid packet at item 3200
INFO: Parser returned #f
INFO: Detected an invalid packet at item 3232
INFO: Parser returned #f
INFO: Detected an invalid packet at item 3264
INFO: Parser returned #f
INFO: Detected an invalid packet at item 3296
INFO: Parser returned #f
INFO: Detected an invalid packet at item 3328
INFO: Parser returned #f
INFO: Detected an invalid packet at item 3360
INFO: Parser returned #f
INFO: Detected an invalid packet at item 3392
INFO: Parser returned #f
INFO: Detected an invalid packet at item 3424
INFO: Parser returned #f
INFO: Detected an invalid packet at item 3456
INFO: Parser returned #f
INFO: Detected an invalid packet at item 3488
INFO: Parser returned #f
++++ frame_probe ID: 882 receives a frame at time 42.3871s ++++
++++ frame_probe ID: 882 receives a frame at time 42.464s ++++
++++ frame_probe ID: 883 receives a frame at time 42.464s ++++
++++ frame_probe ID: 884 receives a frame at time 42.464s ++++
++++ frame_probe ID: 890 receives a frame at time 42.4641s ++++
++++ frame_probe ID: 860 receives a frame at time 42.4711s ++++
INFO: Detected an invalid packet at item 3584
INFO: Parser returned #f
INFO: Detected an invalid packet at item 3616
INFO: Parser returned #f
INFO: Detected an invalid packet at item 3648
INFO: Parser returned #f
INFO: Detected an invalid packet at item 3680
INFO: Parser returned #f
INFO: Detected an invalid packet at item 3712
INFO: Parser returned #f
INFO: Detected an invalid packet at item 3744
INFO: Parser returned #f
INFO: Detected an invalid packet at item 3776
INFO: Parser returned #f
INFO: Detected an invalid packet at item 3808
INFO: Parser returned #f
INFO: Detected an invalid packet at item 3840
INFO: Parser returned #f
INFO: Detected an invalid packet at item 3872
INFO: Parser returned #f
INFO: Detected an invalid packet at item 3904
INFO: Parser returned #f
INFO: Detected an invalid packet at item 3936
INFO: Parser returned #f
INFO: Detected an invalid packet at item 3968
INFO: Parser returned #f
INFO: Detected an invalid packet at item 4000
INFO: Parser returned #f
INFO: Detected an invalid packet at item 4032
INFO: Parser returned #f
INFO: Detected an invalid packet at item 4064
INFO: Parser returned #f
INFO: Detected an invalid packet at item 4096
INFO: Parser returned #f
INFO: Detected an invalid packet at item 4128
INFO: Parser returned #f
INFO: Detected an invalid packet at item 4160
INFO: Parser returned #f
INFO: Detected an invalid packet at item 4192
INFO: Parser returned #f
INFO: Detected an invalid packet at item 4224
INFO: Parser returned #f
INFO: Detected an invalid packet at item 4256
INFO: Parser returned #f
INFO: Detected an invalid packet at item 4288
INFO: Parser returned #f
INFO: Detected an invalid packet at item 4320
INFO: Parser returned #f
INFO: Detected an invalid packet at item 4352
INFO: Parser returned #f
INFO: Detected an invalid packet at item 4384
INFO: Parser returned #f
INFO: Detected an invalid packet at item 4416
INFO: Parser returned #f
INFO: Detected an invalid packet at item 4448
INFO: Parser returned #f
INFO: Detected an invalid packet at item 4480
INFO: Parser returned #f
INFO: Detected an invalid packet at item 4512
INFO: Parser returned #f
INFO: Detected an invalid packet at item 4544
INFO: Parser returned #f
INFO: Detected an invalid packet at item 4576
INFO: Parser returned #f
INFO: Detected an invalid packet at item 4608
INFO: Parser returned #f
INFO: Detected an invalid packet at item 4640
INFO: Parser returned #f
INFO: Detected an invalid packet at item 4672
INFO: Parser returned #f
INFO: Detected an invalid packet at item 4704
INFO: Parser returned #f
INFO: Detected an invalid packet at item 4736
INFO: Parser returned #f
INFO: Detected an invalid packet at item 4768
INFO: Parser returned #f
INFO: Detected an invalid packet at item 4800
INFO: Parser returned #f
INFO: Detected an invalid packet at item 4832
INFO: Parser returned #f
INFO: Detected an invalid packet at item 4864
INFO: Parser returned #f
INFO: Detected an invalid packet at item 4896
INFO: Parser returned #f
INFO: Detected an invalid packet at item 4928
INFO: Parser returned #f
INFO: Detected an invalid packet at item 4960
INFO: Parser returned #f
INFO: Detected an invalid packet at item 4992
INFO: Parser returned #f
INFO: Detected an invalid packet at item 5024
INFO: Parser returned #f
INFO: Detected an invalid packet at item 5056
INFO: Parser returned #f
INFO: Detected an invalid packet at item 5088
INFO: Parser returned #f
INFO: Detected an invalid packet at item 5120
INFO: Parser returned #f
INFO: Detected an invalid packet at item 5152
INFO: Parser returned #f
INFO: Detected an invalid packet at item 5184
INFO: Parser returned #f
INFO: Detected an invalid packet at item 5216
INFO: Parser returned #f
INFO: Detected an invalid packet at item 5248
INFO: Parser returned #f
INFO: Detected an invalid packet at item 5280
INFO: Parser returned #f
INFO: Detected an invalid packet at item 5312
INFO: Parser returned #f
INFO: Detected an invalid packet at item 5344
INFO: Parser returned #f
INFO: Detected an invalid packet at item 5376
INFO: Parser returned #f
INFO: Detected an invalid packet at item 5408
INFO: Parser returned #f
INFO: Detected an invalid packet at item 5440
INFO: Parser returned #f
INFO: Detected an invalid packet at item 5472
INFO: Parser returned #f
INFO: Detected an invalid packet at item 5504
INFO: Parser returned #f
INFO: Detected an invalid packet at item 5536
INFO: Parser returned #f
INFO: Detected an invalid packet at item 5568
INFO: Parser returned #f
INFO: Detected an invalid packet at item 5600
INFO: Parser returned #f
INFO: Detected an invalid packet at item 5632
INFO: Parser returned #f
INFO: Detected an invalid packet at item 5664
INFO: Parser returned #f
INFO: Detected an invalid packet at item 5696
INFO: Parser returned #f
INFO: Detected an invalid packet at item 5728
INFO: Parser returned #f
INFO: Detected an invalid packet at item 5760
INFO: Parser returned #f
INFO: Detected an invalid packet at item 5792
INFO: Parser returned #f
INFO: Detected an invalid packet at item 5824
INFO: Parser returned #f
INFO: Detected an invalid packet at item 5856
INFO: Parser returned #f
INFO: Detected an invalid packet at item 5888
INFO: Parser returned #f
++++ frame_probe ID: 882 receives a frame at time 42.6746s ++++
++++ frame_probe ID: 883 receives a frame at time 42.6747s ++++
++++ frame_probe ID: 884 receives a frame at time 42.6747s ++++
++++ frame_probe ID: 890 receives a frame at time 42.6747s ++++
++++ frame_probe ID: 860 receives a frame at time 42.6818s ++++
INFO: Detected an invalid packet at item 5952
INFO: Parser returned #f
INFO: Detected an invalid packet at item 5984
INFO: Parser returned #f
INFO: Detected an invalid packet at item 6016
INFO: Parser returned #f
INFO: Detected an invalid packet at item 6048
INFO: Parser returned #f
INFO: Detected an invalid packet at item 6080
INFO: Parser returned #f
INFO: Detected an invalid packet at item 6112
INFO: Parser returned #f
INFO: Detected an invalid packet at item 6144
INFO: Parser returned #f
++++ frame_probe ID: 882 receives a frame at time 42.7047s ++++
INFO: Detected an invalid packet at item 6208
INFO: Parser returned #f
++++ frame_probe ID: 882 receives a frame at time 42.8199s ++++
++++ frame_probe ID: 883 receives a frame at time 42.8199s ++++
++++ frame_probe ID: 884 receives a frame at time 42.8199s ++++
++++ frame_probe ID: 890 receives a frame at time 42.82s ++++
++++ frame_probe ID: 860 receives a frame at time 42.827s ++++
INFO: Detected an invalid packet at item 6272
INFO: Parser returned #f
INFO: Detected an invalid packet at item 6304
INFO: Parser returned #f
INFO: Detected an invalid packet at item 6336
INFO: Parser returned #f
INFO: Detected an invalid packet at item 6368
INFO: Parser returned #f
INFO: Detected an invalid packet at item 6400
INFO: Parser returned #f
INFO: Detected an invalid packet at item 6432
INFO: Parser returned #f
INFO: Detected an invalid packet at item 6464
INFO: Parser returned #f
INFO: Detected an invalid packet at item 6496
INFO: Parser returned #f
INFO: Detected an invalid packet at item 6528
INFO: Parser returned #f
INFO: Detected an invalid packet at item 6560
INFO: Parser returned #f
INFO: Detected an invalid packet at item 6592
INFO: Parser returned #f
INFO: Detected an invalid packet at item 6624
INFO: Parser returned #f
INFO: Detected an invalid packet at item 6656
INFO: Parser returned #f
INFO: Detected an invalid packet at item 6688
INFO: Parser returned #f
INFO: Detected an invalid packet at item 6720
INFO: Parser returned #f
INFO: Detected an invalid packet at item 6752
INFO: Parser returned #f
INFO: Detected an invalid packet at item 6784
INFO: Parser returned #f
INFO: Detected an invalid packet at item 6816
INFO: Parser returned #f
INFO: Detected an invalid packet at item 6848
INFO: Parser returned #f
INFO: Detected an invalid packet at item 6880
INFO: Parser returned #f
INFO: Detected an invalid packet at item 6912
INFO: Parser returned #f
INFO: Detected an invalid packet at item 6944
INFO: Parser returned #f
INFO: Detected an invalid packet at item 6976
INFO: Parser returned #f
INFO: Detected an invalid packet at item 7008
INFO: Parser returned #f
INFO: Detected an invalid packet at item 7040
INFO: Parser returned #f
INFO: Detected an invalid packet at item 7072
INFO: Parser returned #f
INFO: Detected an invalid packet at item 7104
INFO: Parser returned #f
INFO: Detected an invalid packet at item 7136
INFO: Parser returned #f
INFO: Detected an invalid packet at item 7168
INFO: Parser returned #f
INFO: Detected an invalid packet at item 7200
INFO: Parser returned #f
INFO: Detected an invalid packet at item 7232
INFO: Parser returned #f
INFO: Detected an invalid packet at item 7264
INFO: Parser returned #f
INFO: Detected an invalid packet at item 7296
INFO: Parser returned #f
INFO: Detected an invalid packet at item 7328
INFO: Parser returned #f
INFO: Detected an invalid packet at item 7360
INFO: Parser returned #f
INFO: Detected an invalid packet at item 7392
INFO: Parser returned #f
INFO: Detected an invalid packet at item 7424
INFO: Parser returned #f
INFO: Detected an invalid packet at item 7456
INFO: Parser returned #f
INFO: Detected an invalid packet at item 7488
INFO: Parser returned #f
INFO: Detected an invalid packet at item 7520
INFO: Parser returned #f
INFO: Detected an invalid packet at item 7552
INFO: Parser returned #f
INFO: Detected an invalid packet at item 7584
INFO: Parser returned #f
INFO: Detected an invalid packet at item 7616
INFO: Parser returned #f
INFO: Detected an invalid packet at item 7648
INFO: Parser returned #f
INFO: Detected an invalid packet at item 7680
INFO: Parser returned #f
INFO: Detected an invalid packet at item 7712
INFO: Parser returned #f
INFO: Detected an invalid packet at item 7744
INFO: Parser returned #f
INFO: Detected an invalid packet at item 7776
INFO: Parser returned #f
INFO: Detected an invalid packet at item 7808
INFO: Parser returned #f
INFO: Detected an invalid packet at item 7840
INFO: Parser returned #f
INFO: Detected an invalid packet at item 7872
INFO: Parser returned #f
INFO: Detected an invalid packet at item 7904
INFO: Parser returned #f
INFO: Detected an invalid packet at item 7936
INFO: Parser returned #f
INFO: Detected an invalid packet at item 7968
INFO: Parser returned #f
INFO: Detected an invalid packet at item 8000
INFO: Parser returned #f
INFO: Detected an invalid packet at item 8032
INFO: Parser returned #f
INFO: Detected an invalid packet at item 8064
INFO: Parser returned #f
INFO: Detected an invalid packet at item 8096
INFO: Parser returned #f
INFO: Detected an invalid packet at item 8128
INFO: Parser returned #f
INFO: Detected an invalid packet at item 8160
INFO: Parser returned #f
INFO: Detected an invalid packet at item 8192
INFO: Parser returned #f
INFO: Detected an invalid packet at item 8224
INFO: Parser returned #f
INFO: Detected an invalid packet at item 8256
INFO: Parser returned #f
INFO: Detected an invalid packet at item 8288
INFO: Parser returned #f
INFO: Detected an invalid packet at item 8320
INFO: Parser returned #f
INFO: Detected an invalid packet at item 8352
INFO: Parser returned #f
INFO: Detected an invalid packet at item 8384
INFO: Parser returned #f
INFO: Detected an invalid packet at item 8416
INFO: Parser returned #f
INFO: Detected an invalid packet at item 8448
INFO: Parser returned #f
INFO: Detected an invalid packet at item 8480
INFO: Parser returned #f
INFO: Detected an invalid packet at item 8512
INFO: Parser returned #f
INFO: Detected an invalid packet at item 8544
INFO: Parser returned #f
INFO: Detected an invalid packet at item 8576
INFO: Parser returned #f
INFO: Detected an invalid packet at item 8608
INFO: Parser returned #f
INFO: Detected an invalid packet at item 8640
INFO: Parser returned #f
INFO: Detected an invalid packet at item 8672
INFO: Parser returned #f
INFO: Detected an invalid packet at item 8704
INFO: Parser returned #f
INFO: Detected an invalid packet at item 8736
INFO: Parser returned #f
INFO: Detected an invalid packet at item 8768
INFO: Parser returned #f
INFO: Detected an invalid packet at item 8800
INFO: Parser returned #f
INFO: Detected an invalid packet at item 8832
INFO: Parser returned #f
INFO: Detected an invalid packet at item 8864
INFO: Parser returned #f
INFO: Detected an invalid packet at item 8896
INFO: Parser returned #f
INFO: Detected an invalid packet at item 8928
INFO: Parser returned #f
INFO: Detected an invalid packet at item 8960
INFO: Parser returned #f
INFO: Detected an invalid packet at item 8992
INFO: Parser returned #f
INFO: Detected an invalid packet at item 9024
INFO: Parser returned #f
INFO: Detected an invalid packet at item 9056
INFO: Parser returned #f
INFO: Detected an invalid packet at item 9088
INFO: Parser returned #f
INFO: Detected an invalid packet at item 9120
INFO: Parser returned #f
INFO: Detected an invalid packet at item 9152
INFO: Parser returned #f
INFO: Detected an invalid packet at item 9184
INFO: Parser returned #f
INFO: Detected an invalid packet at item 9216
INFO: Parser returned #f
INFO: Detected an invalid packet at item 9248
INFO: Parser returned #f
INFO: Detected an invalid packet at item 9280
INFO: Parser returned #f
INFO: Detected an invalid packet at item 9312
INFO: Parser returned #f
INFO: Detected an invalid packet at item 9344
INFO: Parser returned #f
INFO: Detected an invalid packet at item 9376
INFO: Parser returned #f
INFO: Detected an invalid packet at item 9408
INFO: Parser returned #f
INFO: Detected an invalid packet at item 9440
INFO: Parser returned #f
INFO: Detected an invalid packet at item 9472
INFO: Parser returned #f
INFO: Detected an invalid packet at item 9504
INFO: Parser returned #f
INFO: Detected an invalid packet at item 9536
INFO: Parser returned #f
INFO: Detected an invalid packet at item 9568
INFO: Parser returned #f
INFO: Detected an invalid packet at item 9600
INFO: Parser returned #f
INFO: Detected an invalid packet at item 9632
INFO: Parser returned #f
INFO: Detected an invalid packet at item 9664
INFO: Parser returned #f
INFO: Detected an invalid packet at item 9696
INFO: Parser returned #f
INFO: Detected an invalid packet at item 9728
INFO: Parser returned #f
INFO: Detected an invalid packet at item 9760
INFO: Parser returned #f
INFO: Detected an invalid packet at item 9792
INFO: Parser returned #f
INFO: Detected an invalid packet at item 9824
INFO: Parser returned #f
INFO: Detected an invalid packet at item 9856
INFO: Parser returned #f
INFO: Detected an invalid packet at item 9888
INFO: Parser returned #f
INFO: Detected an invalid packet at item 9920
INFO: Parser returned #f
INFO: Detected an invalid packet at item 9952
INFO: Parser returned #f
INFO: Detected an invalid packet at item 9984
INFO: Parser returned #f
INFO: Detected an invalid packet at item 10016
INFO: Parser returned #f
INFO: Detected an invalid packet at item 10048
INFO: Parser returned #f
INFO: Detected an invalid packet at item 10080
INFO: Parser returned #f
INFO: Detected an invalid packet at item 10112
INFO: Parser returned #f
INFO: Detected an invalid packet at item 10144
INFO: Parser returned #f
INFO: Detected an invalid packet at item 10176
INFO: Parser returned #f
INFO: Detected an invalid packet at item 10208
INFO: Parser returned #f
INFO: Detected an invalid packet at item 10240
INFO: Parser returned #f
INFO: Detected an invalid packet at item 10272
INFO: Parser returned #f
INFO: Detected an invalid packet at item 10304
INFO: Parser returned #f
INFO: Detected an invalid packet at item 10336
INFO: Parser returned #f
INFO: Detected an invalid packet at item 10368
INFO: Parser returned #f
INFO: Detected an invalid packet at item 10400
INFO: Parser returned #f
INFO: Detected an invalid packet at item 10432
INFO: Parser returned #f
INFO: Detected an invalid packet at item 10464
INFO: Parser returned #f
INFO: Detected an invalid packet at item 10496
INFO: Parser returned #f
INFO: Detected an invalid packet at item 10528
INFO: Parser returned #f
INFO: Detected an invalid packet at item 10560
INFO: Parser returned #f
INFO: Detected an invalid packet at item 10592
INFO: Parser returned #f
INFO: Detected an invalid packet at item 10624
INFO: Parser returned #f
++++ frame_probe ID: 882 receives a frame at time 43.1312s ++++
++++ frame_probe ID: 883 receives a frame at time 43.1312s ++++
++++ frame_probe ID: 884 receives a frame at time 43.1313s ++++
++++ frame_probe ID: 890 receives a frame at time 43.1313s ++++
++++ frame_probe ID: 860 receives a frame at time 43.1384s ++++
INFO: Detected an invalid packet at item 10688
INFO: Parser returned #f
INFO: Detected an invalid packet at item 10720
INFO: Parser returned #f
INFO: Detected an invalid packet at item 10752
INFO: Parser returned #f
INFO: Detected an invalid packet at item 10784
INFO: Parser returned #f
INFO: Detected an invalid packet at item 10816
INFO: Parser returned #f
INFO: Detected an invalid packet at item 10848
INFO: Parser returned #f
INFO: Detected an invalid packet at item 10880
INFO: Parser returned #f
INFO: Detected an invalid packet at item 10912
INFO: Parser returned #f
INFO: Detected an invalid packet at item 10944
INFO: Parser returned #f
INFO: Detected an invalid packet at item 10976
INFO: Parser returned #f
++++ frame_probe ID: 882 receives a frame at time 43.1517s ++++
measurement 1/2 complete in 16 second(s).
++++ frame_probe ID: 882 receives a frame at time 43.3145s ++++
++++ frame_probe ID: 884 receives a frame at time 43.3145s ++++
++++ frame_probe ID: 883 receives a frame at time 43.3146s ++++
++++ frame_probe ID: 890 receives a frame at time 43.3146s ++++
++++ frame_probe ID: 860 receives a frame at time 43.3217s ++++
INFO: Detected an invalid packet at item 11072
INFO: Parser returned #f
INFO: Detected an invalid packet at item 11104
INFO: Parser returned #f
INFO: Detected an invalid packet at item 11136
INFO: Parser returned #f
INFO: Detected an invalid packet at item 11168
INFO: Parser returned #f
INFO: Detected an invalid packet at item 11200
INFO: Parser returned #f
INFO: Detected an invalid packet at item 11232
INFO: Parser returned #f
INFO: Detected an invalid packet at item 11264
INFO: Parser returned #f
INFO: Detected an invalid packet at item 11296
INFO: Parser returned #f
INFO: Detected an invalid packet at item 11328
INFO: Parser returned #f
INFO: Detected an invalid packet at item 11360
INFO: Parser returned #f
INFO: Detected an invalid packet at item 11392
INFO: Parser returned #f
INFO: Detected an invalid packet at item 11424
INFO: Parser returned #f
INFO: Detected an invalid packet at item 11456
INFO: Parser returned #f
INFO: Detected an invalid packet at item 11488
INFO: Parser returned #f
INFO: Detected an invalid packet at item 11520
INFO: Parser returned #f
INFO: Detected an invalid packet at item 11552
INFO: Parser returned #f
INFO: Detected an invalid packet at item 11584
INFO: Parser returned #f
++++ frame_probe ID: 882 receives a frame at time 43.4241s ++++
++++ frame_probe ID: 883 receives a frame at time 43.4241s ++++
++++ frame_probe ID: 884 receives a frame at time 43.4242s ++++
++++ frame_probe ID: 890 receives a frame at time 43.4242s ++++
++++ frame_probe ID: 860 receives a frame at time 43.4313s ++++
INFO: Detected an invalid packet at item 11648
INFO: Parser returned #f
INFO: Detected an invalid packet at item 11680
INFO: Parser returned #f
INFO: Detected an invalid packet at item 11712
INFO: Parser returned #f
INFO: Detected an invalid packet at item 11744
INFO: Parser returned #f
INFO: Detected an invalid packet at item 11776
INFO: Parser returned #f
INFO: Detected an invalid packet at item 11808
INFO: Parser returned #f
INFO: Detected an invalid packet at item 11840
INFO: Parser returned #f
INFO: Detected an invalid packet at item 11872
INFO: Parser returned #f
INFO: Detected an invalid packet at item 11904
INFO: Parser returned #f
INFO: Detected an invalid packet at item 11936
INFO: Parser returned #f
INFO: Detected an invalid packet at item 11968
INFO: Parser returned #f
INFO: Detected an invalid packet at item 12000
INFO: Parser returned #f
INFO: Detected an invalid packet at item 12032
INFO: Parser returned #f
INFO: Detected an invalid packet at item 12064
INFO: Parser returned #f
INFO: Detected an invalid packet at item 12096
INFO: Parser returned #f
INFO: Detected an invalid packet at item 12128
INFO: Parser returned #f
++++ frame_probe ID: 882 receives a frame at time 43.5512s ++++
++++ frame_probe ID: 883 receives a frame at time 43.5512s ++++
++++ frame_probe ID: 884 receives a frame at time 43.5513s ++++
++++ frame_probe ID: 890 receives a frame at time 43.5513s ++++
++++ frame_probe ID: 860 receives a frame at time 43.5583s ++++
INFO: Detected an invalid packet at item 12192
INFO: Parser returned #f
INFO: Detected an invalid packet at item 12224
INFO: Parser returned #f
INFO: Detected an invalid packet at item 12256
INFO: Parser returned #f
INFO: Detected an invalid packet at item 12288
INFO: Parser returned #f
INFO: Detected an invalid packet at item 12320
INFO: Parser returned #f
INFO: Detected an invalid packet at item 12352
INFO: Parser returned #f
INFO: Detected an invalid packet at item 12384
INFO: Parser returned #f
INFO: Detected an invalid packet at item 12416
INFO: Parser returned #f
INFO: Detected an invalid packet at item 12448
INFO: Parser returned #f
INFO: Detected an invalid packet at item 12480
INFO: Parser returned #f
INFO: Detected an invalid packet at item 12512
INFO: Parser returned #f
INFO: Detected an invalid packet at item 12544
INFO: Parser returned #f
INFO: Detected an invalid packet at item 12576
INFO: Parser returned #f
INFO: Detected an invalid packet at item 12608
INFO: Parser returned #f
INFO: Detected an invalid packet at item 12640
INFO: Parser returned #f
INFO: Detected an invalid packet at item 12672
INFO: Parser returned #f
INFO: Detected an invalid packet at item 12704
INFO: Parser returned #f
INFO: Detected an invalid packet at item 12736
INFO: Parser returned #f
INFO: Detected an invalid packet at item 12768
INFO: Parser returned #f
INFO: Detected an invalid packet at item 12800
INFO: Parser returned #f
INFO: Detected an invalid packet at item 12832
INFO: Parser returned #f
INFO: Detected an invalid packet at item 12864
INFO: Parser returned #f
INFO: Detected an invalid packet at item 12896
INFO: Parser returned #f
INFO: Detected an invalid packet at item 12928
INFO: Parser returned #f
INFO: Detected an invalid packet at item 12960
INFO: Parser returned #f
INFO: Detected an invalid packet at item 12992
INFO: Parser returned #f
INFO: Detected an invalid packet at item 13024
INFO: Parser returned #f
INFO: Detected an invalid packet at item 13056
INFO: Parser returned #f
INFO: Detected an invalid packet at item 13088
INFO: Parser returned #f
INFO: Detected an invalid packet at item 13120
INFO: Parser returned #f
INFO: Detected an invalid packet at item 13152
INFO: Parser returned #f
INFO: Detected an invalid packet at item 13184
INFO: Parser returned #f
INFO: Detected an invalid packet at item 13216
INFO: Parser returned #f
INFO: Detected an invalid packet at item 13248
INFO: Parser returned #f
INFO: Detected an invalid packet at item 13280
INFO: Parser returned #f
INFO: Detected an invalid packet at item 13312
INFO: Parser returned #f
INFO: Detected an invalid packet at item 13344
INFO: Parser returned #f
INFO: Detected an invalid packet at item 13376
INFO: Parser returned #f
INFO: Detected an invalid packet at item 13408
INFO: Parser returned #f
INFO: Detected an invalid packet at item 13440
INFO: Parser returned #f
INFO: Detected an invalid packet at item 13472
INFO: Parser returned #f
INFO: Detected an invalid packet at item 13504
INFO: Parser returned #f
INFO: Detected an invalid packet at item 13536
INFO: Parser returned #f
INFO: Detected an invalid packet at item 13568
INFO: Parser returned #f
INFO: Detected an invalid packet at item 13600
INFO: Parser returned #f
INFO: Detected an invalid packet at item 13632
INFO: Parser returned #f
INFO: Detected an invalid packet at item 13664
INFO: Parser returned #f
INFO: Detected an invalid packet at item 13696
INFO: Parser returned #f
INFO: Detected an invalid packet at item 13728
INFO: Parser returned #f
INFO: Detected an invalid packet at item 13760
INFO: Parser returned #f
INFO: Detected an invalid packet at item 13792
INFO: Parser returned #f
INFO: Detected an invalid packet at item 13824
INFO: Parser returned #f
INFO: Detected an invalid packet at item 13856
INFO: Parser returned #f
INFO: Detected an invalid packet at item 13888
INFO: Parser returned #f
INFO: Detected an invalid packet at item 13920
INFO: Parser returned #f
INFO: Detected an invalid packet at item 13952
INFO: Parser returned #f
INFO: Detected an invalid packet at item 13984
INFO: Parser returned #f
INFO: Detected an invalid packet at item 14016
INFO: Parser returned #f
INFO: Detected an invalid packet at item 14048
INFO: Parser returned #f
INFO: Detected an invalid packet at item 14080
INFO: Parser returned #f
INFO: Detected an invalid packet at item 14112
INFO: Parser returned #f
INFO: Detected an invalid packet at item 14144
INFO: Parser returned #f
INFO: Detected an invalid packet at item 14176
INFO: Parser returned #f
INFO: Detected an invalid packet at item 14208
INFO: Parser returned #f
INFO: Detected an invalid packet at item 14240
INFO: Parser returned #f
INFO: Detected an invalid packet at item 14272
INFO: Parser returned #f
INFO: Detected an invalid packet at item 14304
INFO: Parser returned #f
INFO: Detected an invalid packet at item 14336
INFO: Parser returned #f
INFO: Detected an invalid packet at item 14368
INFO: Parser returned #f
INFO: Detected an invalid packet at item 14400
INFO: Parser returned #f
INFO: Detected an invalid packet at item 14432
INFO: Parser returned #f
INFO: Detected an invalid packet at item 14464
INFO: Parser returned #f
INFO: Detected an invalid packet at item 14496
INFO: Parser returned #f
INFO: Detected an invalid packet at item 14528
INFO: Parser returned #f
INFO: Detected an invalid packet at item 14560
INFO: Parser returned #f
INFO: Detected an invalid packet at item 14592
INFO: Parser returned #f
INFO: Detected an invalid packet at item 14624
INFO: Parser returned #f
INFO: Detected an invalid packet at item 14656
INFO: Parser returned #f
INFO: Detected an invalid packet at item 14688
INFO: Parser returned #f
INFO: Detected an invalid packet at item 14720
INFO: Parser returned #f
INFO: Detected an invalid packet at item 14752
INFO: Parser returned #f
INFO: Detected an invalid packet at item 14784
INFO: Parser returned #f
INFO: Detected an invalid packet at item 14816
INFO: Parser returned #f
INFO: Detected an invalid packet at item 14848
INFO: Parser returned #f
INFO: Detected an invalid packet at item 14880
INFO: Parser returned #f
INFO: Detected an invalid packet at item 14912
INFO: Parser returned #f
INFO: Detected an invalid packet at item 14944
INFO: Parser returned #f
INFO: Detected an invalid packet at item 14976
INFO: Parser returned #f
INFO: Detected an invalid packet at item 15008
INFO: Parser returned #f
INFO: Detected an invalid packet at item 15040
INFO: Parser returned #f
INFO: Detected an invalid packet at item 15072
INFO: Parser returned #f
INFO: Detected an invalid packet at item 15104
INFO: Parser returned #f
INFO: Detected an invalid packet at item 15136
INFO: Parser returned #f
INFO: Detected an invalid packet at item 15168
INFO: Parser returned #f
INFO: Detected an invalid packet at item 15200
INFO: Parser returned #f
INFO: Detected an invalid packet at item 15232
INFO: Parser returned #f
INFO: Detected an invalid packet at item 15264
INFO: Parser returned #f
INFO: Detected an invalid packet at item 15296
INFO: Parser returned #f
INFO: Detected an invalid packet at item 15328
INFO: Parser returned #f
INFO: Detected an invalid packet at item 15360
INFO: Parser returned #f
INFO: Detected an invalid packet at item 15392
INFO: Parser returned #f
INFO: Detected an invalid packet at item 15424
INFO: Parser returned #f
INFO: Detected an invalid packet at item 15456
INFO: Parser returned #f
INFO: Detected an invalid packet at item 15488
INFO: Parser returned #f
INFO: Detected an invalid packet at item 15520
INFO: Parser returned #f
INFO: Detected an invalid packet at item 15552
INFO: Parser returned #f
INFO: Detected an invalid packet at item 15584
INFO: Parser returned #f
INFO: Detected an invalid packet at item 15616
INFO: Parser returned #f
INFO: Detected an invalid packet at item 15648
INFO: Parser returned #f
INFO: Detected an invalid packet at item 15680
INFO: Parser returned #f
INFO: Detected an invalid packet at item 15712
INFO: Parser returned #f
INFO: Detected an invalid packet at item 15744
INFO: Parser returned #f
INFO: Detected an invalid packet at item 15776
INFO: Parser returned #f
INFO: Detected an invalid packet at item 15808
INFO: Parser returned #f
INFO: Detected an invalid packet at item 15840
INFO: Parser returned #f
INFO: Detected an invalid packet at item 15872
INFO: Parser returned #f
INFO: Detected an invalid packet at item 15904
INFO: Parser returned #f
INFO: Detected an invalid packet at item 15936
INFO: Parser returned #f
INFO: Detected an invalid packet at item 15968
INFO: Parser returned #f
INFO: Detected an invalid packet at item 16000
INFO: Parser returned #f
INFO: Detected an invalid packet at item 16032
INFO: Parser returned #f
INFO: Detected an invalid packet at item 16064
INFO: Parser returned #f
INFO: Detected an invalid packet at item 16096
INFO: Parser returned #f
INFO: Detected an invalid packet at item 16128
INFO: Parser returned #f
INFO: Detected an invalid packet at item 16160
INFO: Parser returned #f
INFO: Detected an invalid packet at item 16192
INFO: Parser returned #f
INFO: Detected an invalid packet at item 16224
INFO: Parser returned #f
INFO: Detected an invalid packet at item 16256
INFO: Parser returned #f
INFO: Detected an invalid packet at item 16288
INFO: Parser returned #f
INFO: Detected an invalid packet at item 16320
INFO: Parser returned #f
INFO: Detected an invalid packet at item 16352
INFO: Parser returned #f
INFO: Detected an invalid packet at item 16384
INFO: Parser returned #f
INFO: Detected an invalid packet at item 16416
INFO: Parser returned #f
INFO: Detected an invalid packet at item 16448
INFO: Parser returned #f
INFO: Detected an invalid packet at item 16480
INFO: Parser returned #f
INFO: Detected an invalid packet at item 16512
INFO: Parser returned #f
INFO: Detected an invalid packet at item 16544
INFO: Parser returned #f
INFO: Detected an invalid packet at item 16576
INFO: Parser returned #f
INFO: Detected an invalid packet at item 16608
INFO: Parser returned #f
INFO: Detected an invalid packet at item 16640
INFO: Parser returned #f
INFO: Detected an invalid packet at item 16672
INFO: Parser returned #f
INFO: Detected an invalid packet at item 16704
INFO: Parser returned #f
INFO: Detected an invalid packet at item 16736
INFO: Parser returned #f
INFO: Detected an invalid packet at item 16768
INFO: Parser returned #f
INFO: Detected an invalid packet at item 16800
INFO: Parser returned #f
INFO: Detected an invalid packet at item 16832
INFO: Parser returned #f
INFO: Detected an invalid packet at item 16864
INFO: Parser returned #f
INFO: Detected an invalid packet at item 16896
INFO: Parser returned #f
INFO: Detected an invalid packet at item 16928
INFO: Parser returned #f
INFO: Detected an invalid packet at item 16960
INFO: Parser returned #f
INFO: Detected an invalid packet at item 16992
INFO: Parser returned #f
INFO: Detected an invalid packet at item 17024
INFO: Parser returned #f
INFO: Detected an invalid packet at item 17056
INFO: Parser returned #f
INFO: Detected an invalid packet at item 17088
INFO: Parser returned #f
INFO: Detected an invalid packet at item 17120
INFO: Parser returned #f
INFO: Detected an invalid packet at item 17152
INFO: Parser returned #f
INFO: Detected an invalid packet at item 17184
INFO: Parser returned #f
INFO: Detected an invalid packet at item 17216
INFO: Parser returned #f
INFO: Detected an invalid packet at item 17248
INFO: Parser returned #f
INFO: Detected an invalid packet at item 17280
INFO: Parser returned #f
INFO: Detected an invalid packet at item 17312
INFO: Parser returned #f
INFO: Detected an invalid packet at item 17344
INFO: Parser returned #f
INFO: Detected an invalid packet at item 17376
INFO: Parser returned #f
INFO: Detected an invalid packet at item 17408
INFO: Parser returned #f
INFO: Detected an invalid packet at item 17440
INFO: Parser returned #f
INFO: Detected an invalid packet at item 17472
INFO: Parser returned #f
INFO: Detected an invalid packet at item 17504
INFO: Parser returned #f
INFO: Detected an invalid packet at item 17536
INFO: Parser returned #f
INFO: Detected an invalid packet at item 17568
INFO: Parser returned #f
INFO: Detected an invalid packet at item 17600
INFO: Parser returned #f
INFO: Detected an invalid packet at item 17632
INFO: Parser returned #f
INFO: Detected an invalid packet at item 17664
INFO: Parser returned #f
INFO: Detected an invalid packet at item 17696
INFO: Parser returned #f
INFO: Detected an invalid packet at item 17728
INFO: Parser returned #f
INFO: Detected an invalid packet at item 17760
INFO: Parser returned #f
INFO: Detected an invalid packet at item 17792
INFO: Parser returned #f
