Hello from fake_measurements/measure.py!
/media/inets/tbohome/alex/0_ba/git/measurements/py/fake_measurements/measurement_raw
Measurement 1/2 complete in 2 second(s).
Measurement 1/2 complete in 1 second(s).
Measurement 1 raw data directory created /media/inets/tbohome/alex/0_ba/git/measurements/data/0/1/.
Measurement 1 raw data moved to /media/inets/tbohome/alex/0_ba/git/measurements/data/0/1/.

Hello from fake_measurements/measure.py!
/media/inets/tbohome/alex/0_ba/git/measurements/py/fake_measurements/measurement_raw
Measurement 2/2 complete in 2 second(s).
Measurement 2/2 complete in 1 second(s).
Measurement 2 raw data directory created /media/inets/tbohome/alex/0_ba/git/measurements/data/0/2/.
Measurement 2 raw data moved to /media/inets/tbohome/alex/0_ba/git/measurements/data/0/2/.

Now processing results...
Starting to generate plots...
Hello from cdf.py!

+----------------Hello from fake_measurements/measure.py!----------------------------------------------+
| Plotting completed. Until the next measurement session then! |
+--------------------------------------------------------------+
Hello from fake_measurements/measure.py!
/media/inets/tbohome/alex/0_ba/git/measurements/py/fake_measurements/measurement_raw
Measurement 1/2 complete in 2 second(s).
Measurement 1/2 complete in 1 second(s).
Measurement 1 raw data directory created /media/inets/tbohome/alex/0_ba/git/measurements/data/1/1/.
Measurement 1 raw data moved to /media/inets/tbohome/alex/0_ba/git/measurements/data/1/1/.

Hello from fake_measurements/measure.py!
/media/inets/tbohome/alex/0_ba/git/measurements/py/fake_measurements/measurement_raw
Measurement 2/2 complete in 2 second(s).
Measurement 2/2 complete in 1 second(s).
Measurement 2 raw data directory created /media/inets/tbohome/alex/0_ba/git/measurements/data/1/2/.
Measurement 2 raw data moved to /media/inets/tbohome/alex/0_ba/git/measurements/data/1/2/.

Now processing results...
Starting to generate plots...
Hello from cdf.py!

+----------------Hello from fake_measurements/measure.py!----------------------------------------------+
| Plotting completed. Until the next measurement session then! |
+--------------------------------------------------------------+
Hello from fake_measurements/measure.py!
Measurement 1/2 complete in 2 second(s).
Measurement 1/2 complete in 1 second(s).
Measurement 1 raw data directory created /media/inets/tbohome/alex/0_ba/git/measurements/data/2/1/.
Measurement 1 raw data moved to /media/inets/tbohome/alex/0_ba/git/measurements/data/2/1/.

Hello from fake_measurements/measure.py!
Measurement 2/2 complete in 2 second(s).
Measurement 2/2 complete in 1 second(s).
Measurement 2 raw data directory created /media/inets/tbohome/alex/0_ba/git/measurements/data/2/2/.
Measurement 2 raw data moved to /media/inets/tbohome/alex/0_ba/git/measurements/data/2/2/.

Now processing results...
Starting to generate plots...
Hello from cdf.py!

+--------------------------------------------------------------+
| Plotting completed. Until the next measurement session then! |
+--------------------------------------------------------------+
Hello from fake_measurements/measure.py!
Measurement 1/2 complete in 2 second(s).
Measurement 1/2 complete in 1 second(s).
Measurement 1 raw data directory created /media/inets/tbohome/alex/0_ba/git/measurements/data/3/1/.
Measurement 1 raw data moved to /media/inets/tbohome/alex/0_ba/git/measurements/data/3/1/.

Hello from fake_measurements/measure.py!
Measurement 2/2 complete in 2 second(s).
Measurement 2/2 complete in 1 second(s).
Measurement 2 raw data directory created /media/inets/tbohome/alex/0_ba/git/measurements/data/3/2/.
Measurement 2 raw data moved to /media/inets/tbohome/alex/0_ba/git/measurements/data/3/2/.

Now processing results...
Starting to generate plots...

+--------------------------------------------------------------+
| Plotting completed. Until the next measurement session then! |
+--------------------------------------------------------------+
